Src : 1 1 1618584115531036 1618584115583498 52462
Src : 2 1 1618584115583531 1618584115630740 47209
Src : 3 2 1618584115650615 1618584115735472 84857
Src : 4 2 1618584115735480 1618584115808177 72697
Src : 5 3 1618584115856531 1618584116007165 150634
Src : 6 3 1618584116007177 1618584116173308 166131
Src : 7 4 1618584116188202 1618584116416315 228113
Src : 8 4 1618584116416331 1618584116680950 264619
Src : 9 5 1618584116751820 1618584116982434 230614
Src : 10 5 1618584116982439 1618584117352672 370233
Src : 11 6 1618584117453065 1618584117633922 180857
Src : 12 6 1618584117633926 1618584118056615 422689
Src : 13 7 1618584118176532 1618584118395110 218578
Src : 14 7 1618584118395116 1618584118765679 370563
Src : 15 8 1618584118956534 1618584119173071 216537
Src : 16 8 1618584119173079 1618584119585548 412469
Src : 17 9 1618584119814231 1618584120026786 212555
Src : 18 9 1618584120026791 1618584120551540 524749
Src : 19 10 1618584120814646 1618584121071204 256558
Src : 20 10 1618584121071209 1618584121603752 532543
Src : 21 11 1618584121965699 1618584122327791 362092
Src : 22 11 1618584122327797 1618584122948863 621066
Src : 23 12 1618584123170859 1618584123471386 300527
Src : 24 12 1618584123471397 1618584124219989 748592
Src : 25 13 1618584124576532 1618584124933074 356542
Src : 26 13 1618584124933080 1618584125736600 803520
Src : 27 14 1618584126038403 1618584126369449 331046
Src : 28 14 1618584126369454 1618584127294732 925278
Src : 29 15 1618584127722731 1618584128138379 415648
Src : 30 15 1618584128138384 1618584128890981 752597
Src : 31 16 1618584129871374 1618584130212402 341028
Src : 32 16 1618584130212406 1618584130998590 786184
Src : 33 17 1618584131769316 1618584132197864 428548
Src : 34 17 1618584132197869 1618584132871148 673279
Src : 35 18 1618584133700868 1618584134141383 440515
Src : 36 18 1618584134141387 1618584134904750 763363
Src : 37 19 1618584135716867 1618584136121416 404549
Src : 38 19 1618584136121420 1618584136817949 696529
Src : 39 20 1618584137592759 1618584137997311 404552
Src : 40 20 1618584137997316 1618584138694297 696981
Src : 41 21 1618584139513275 1618584139887587 374312
Src : 42 21 1618584139887594 1618584140560234 672640
Src : 43 22 1618584141266623 1618584141651924 385301
Src : 44 22 1618584141651933 1618584142370317 718384
Src : 45 23 1618584143172532 1618584143517092 344560
Src : 46 23 1618584143517097 1618584144181625 664528
Src : 47 24 1618584144816532 1618584145158649 342117
Src : 48 24 1618584145158654 1618584145739201 580547
Src : 49 25 1618584146504533 1618584146937206 432673
Src : 50 25 1618584146937211 1618584147593974 656763
Src : 51 26 1618584148520803 1618584148837949 317146
Src : 52 26 1618584148837953 1618584149534458 696505
Src : 53 27 1618584150229270 1618584150556841 327571
Src : 54 27 1618584150556846 1618584151225475 668629
Src : 55 28 1618584151694828 1618584151947385 252557
Src : 56 28 1618584151947390 1618584152590962 643572
Src : 57 29 1618584153192104 1618584153481822 289718
Src : 58 29 1618584153481827 1618584154138433 656606
Src : 59 30 1618584154758648 1618584155107897 349249
Src : 60 30 1618584155107902 1618584155664436 556534
Src : 61 31 1618584156408545 1618584156670016 261471
Src : 62 31 1618584156670021 1618584157330637 660616
Src : 63 32 1618584157802915 1618584158064210 261295
Src : 64 32 1618584158064217 1618584158677802 613585
Src : 65 33 1618584159345099 1618584159649645 304546
Src : 66 33 1618584159649650 1618584160090244 440594
Src : 67 34 1618584160562471 1618584160865692 303221
Src : 68 34 1618584160865697 1618584161453216 587519
Src : 69 35 1618584161991225 1618584162251769 260544
Src : 70 35 1618584162251774 1618584162766755 514981
Src : 71 36 1618584163263726 1618584163544276 280550
Src : 72 36 1618584163544281 1618584164070139 525858
Src : 73 37 1618584164563591 1618584164843363 279772
Src : 74 37 1618584164843367 1618584165376371 533004
Src : 75 38 1618584165855605 1618584166060147 204542
Src : 76 38 1618584166060151 1618584166522552 462401
Src : 77 39 1618584167034869 1618584167279325 244456
Src : 78 39 1618584167279329 1618584167728289 448960
Src : 79 40 1618584168260531 1618584168513026 252495
Src : 80 40 1618584168513031 1618584168964739 451708
Src : 81 41 1618584169328531 1618584169557024 228493
Src : 82 41 1618584169557028 1618584170045125 488097
Src : 83 42 1618584170494983 1618584170662330 167347
Src : 84 42 1618584170662334 1618584171011842 349508
Src : 85 43 1618584171468655 1618584171619566 150911
Src : 86 43 1618584171619570 1618584172089054 469484
Src : 87 44 1618584172414754 1618584172579215 164461
Src : 88 44 1618584172579219 1618584173129185 549966
Src : 89 45 1618584173580532 1618584173763365 182833
Src : 90 45 1618584173763368 1618584174183988 420620
Src : 91 46 1618584174498672 1618584174643379 144707
Src : 92 46 1618584174643383 1618584174938540 295157
Src : 93 47 1618584175308531 1618584175489089 180558
Src : 94 47 1618584175489092 1618584175785680 296588
Src : 95 48 1618584176128531 1618584176281057 152526
Src : 96 48 1618584176281061 1618584176641502 360441
Src : 97 49 1618584176871753 1618584177087848 216095
Src : 98 49 1618584177087853 1618584177416466 328613
Src : 99 50 1618584177683557 1618584177852033 168476
Src : 100 50 1618584177852037 1618584178175323 323286
Snk : 1 1 1618584127797946 1618584132243849 4445903
Snk : 2 1 1618584132243866 1618584136794852 4550986
Snk : 3 2 1618584136880533 1618584141295695 4415162
Snk : 4 2 1618584141295712 1618584145399782 4104070
Snk : 5 3 1618584145484530 1618584149667942 4183412
Snk : 6 3 1618584149740539 1618584153300831 3560292
Snk : 7 4 1618584153392542 1618584157025596 3633054
Snk : 8 4 1618584157032539 1618584160376390 3343851
Snk : 9 5 1618584160444530 1618584163659779 3215249
Snk : 10 5 1618584163708539 1618584166664924 2956385
Snk : 11 6 1618584166704536 1618584169478072 2773536
Snk : 12 6 1618584169528540 1618584172028792 2500252
Snk : 13 7 1618584172089061 1618584174562577 2473516
Snk : 14 7 1618584174629788 1618584176499450 1869662
Snk : 15 8 1618584176580760 1618584178561160 1980400
Snk : 16 8 1618584178561173 1618584179906681 1345508
Snk : 17 9 1618584179948531 1618584181053821 1105290
Snk : 18 9 1618584181096549 1618584182074528 977979
Snk : 19 10 1618584182124531 1618584183264605 1140074
Snk : 20 10 1618584183272536 1618584184324497 1051961
Snk : 21 11 1618584184372536 1618584185514857 1142321
Snk : 22 11 1618584185528536 1618584186393529 864993
Snk : 23 12 1618584186440536 1618584187594141 1153605
Snk : 24 12 1618584187608546 1618584188462046 853500
Snk : 25 13 1618584188500538 1618584189631092 1130554
Snk : 26 13 1618584189640542 1618584190525082 884540
Snk : 27 14 1618584190548531 1618584191690908 1142377
Snk : 28 14 1618584191690924 1618584192587165 896241
Snk : 29 15 1618584192624535 1618584193749714 1125179
Snk : 30 15 1618584193772538 1618584194502953 730415
Snk : 31 16 1618584194532531 1618584195654318 1121787
Snk : 32 16 1618584195668541 1618584196345859 677318
Snk : 33 17 1618584196388543 1618584197519320 1130777
Snk : 34 17 1618584197528540 1618584198243609 715069
Snk : 35 18 1618584198280535 1618584199414325 1133790
Snk : 36 18 1618584199414338 1618584200119410 705072
Snk : 37 19 1618584200152530 1618584201146307 993777
Snk : 38 19 1618584201152540 1618584201829633 677093
Snk : 39 20 1618584201876535 1618584202863638 987103
Snk : 40 20 1618584202884539 1618584203558969 674430
Snk : 41 21 1618584203604535 1618584204573993 969458
Snk : 42 21 1618584204574006 1618584205268003 693997
Snk : 43 22 1618584205304536 1618584206309359 1004823
Snk : 44 22 1618584206309377 1618584206967834 658457
Snk : 45 23 1618584207012539 1618584207820236 807697
Snk : 46 23 1618584207824540 1618584208505649 681109
Snk : 47 24 1618584208556536 1618584209355842 799306
Snk : 48 24 1618584209376537 1618584210080606 704069
Snk : 49 25 1618584210112531 1618584210882667 770136
Snk : 50 25 1618584210904538 1618584211603126 698588
Snk : 51 26 1618584211636531 1618584212407695 771164
Snk : 52 26 1618584212428537 1618584213084934 656397
Snk : 53 27 1618584213124531 1618584213763116 638585
Snk : 54 27 1618584213784537 1618584214447941 663404
Snk : 55 28 1618584214488531 1618584215129807 641276
Snk : 56 28 1618584215136540 1618584215815239 678699
Snk : 57 29 1618584215848535 1618584216497627 649092
Snk : 58 29 1618584216497639 1618584217187540 689901
Snk : 59 30 1618584217205150 1618584217855134 649984
Snk : 60 30 1618584217876540 1618584218385348 508808
Snk : 61 31 1618584218412530 1618584219053666 641136
Snk : 62 31 1618584219053679 1618584219570723 517044
Snk : 63 32 1618584219596530 1618584220235211 638681
Snk : 64 32 1618584220256536 1618584220752041 495505
Snk : 65 33 1618584220776530 1618584221420271 643741
Snk : 66 33 1618584221440537 1618584221943430 502893
Snk : 67 34 1618584221968530 1618584222612101 643571
Snk : 68 34 1618584222616539 1618584222962733 346194
Snk : 69 35 1618584222988530 1618584223629229 640699
Snk : 70 35 1618584223632539 1618584223979693 347154
Snk : 71 36 1618584224004530 1618584224650163 645633
Snk : 72 36 1618584224650176 1618584224998010 347834
Snk : 73 37 1618584225024530 1618584225667105 642575
Snk : 74 37 1618584225667118 1618584226011605 344487
Snk : 75 38 1618584226036530 1618584226636039 599509
Snk : 76 38 1618584226636052 1618584226848894 212842
Snk : 77 39 1618584226876834 1618584227473768 596934
Snk : 78 39 1618584227473780 1618584227686680 212900
Snk : 79 40 1618584227712530 1618584228310964 598434
Snk : 80 40 1618584228310975 1618584228524233 213258
Snk : 81 41 1618584228548530 1618584229155038 606508
Snk : 82 41 1618584229155054 1618584229368806 213752
Snk : 83 42 1618584229396530 1618584229826561 430031
Snk : 84 42 1618584229826572 1618584230040703 214131
Snk : 85 43 1618584230068530 1618584230496776 428246
Snk : 86 43 1618584230496787 1618584230709671 212884
Snk : 87 44 1618584230736530 1618584231165351 428821
Snk : 88 44 1618584231165362 1618584231378624 213262
Snk : 89 45 1618584231404530 1618584231832828 428298
Snk : 90 45 1618584231832841 1618584232047974 215133
Snk : 91 46 1618584232072530 1618584232328329 255799
Snk : 92 46 1618584232328341 1618584232541640 213299
Snk : 93 47 1618584232568530 1618584232821854 253324
Snk : 94 47 1618584232821864 1618584233035160 213296
Snk : 95 48 1618584233060530 1618584233316063 255533
Snk : 96 48 1618584233316074 1618584233529421 213347
Snk : 97 49 1618584233556530 1618584233809955 253425
Snk : 98 49 1618584233809960 1618584234023330 213370
Snk : 99 50 1618584234023335 1618584234237712 214377
Snk : 100 50 1618584234237715 1618584234450959 213244
