Src : 1 1 1617905458549885 1617905458572192 22307
Src : 2 2 1617905458572225 1617905458591735 19510
Src : 3 3 1617905458630155 1617905458689731 59576
Src : 4 4 1617905458689745 1617905458729208 39463
Src : 5 5 1617905458754715 1617905458803787 49072
Src : 6 6 1617905458811144 1617905458908882 97738
Src : 7 7 1617905458922591 1617905459008543 85952
Src : 8 8 1617905459020529 1617905459087690 67161
Src : 9 9 1617905459123687 1617905459198018 74331
Src : 10 10 1617905459240529 1617905459367188 126659
Src : 11 11 1617905459408531 1617905459503996 95465
Src : 12 12 1617905459542039 1617905459661498 119459
Src : 13 13 1617905459694663 1617905459838121 143458
Src : 14 14 1617905459869082 1617905460044542 175460
Src : 15 15 1617905460076530 1617905460155985 79455
Src : 16 16 1617905460261190 1617905460411692 150502
Src : 17 17 1617905460468534 1617905460565396 96862
Src : 18 18 1617905460643562 1617905460740430 96868
Src : 19 19 1617905460860529 1617905460950334 89805
Src : 20 20 1617905461067451 1617905461202783 135332
Src : 21 21 1617905461463521 1617905461486393 22872
Src : 22 22 1617905461533899 1617905461764775 230876
Src : 23 23 1617905462392068 1617905462435017 42949
Src : 24 24 1617905462524530 1617905462699406 174876
Src : 25 25 1617905463455993 1617905463506869 50876
Src : 26 26 1617905463600528 1617905463771405 170877
Src : 27 27 1617905464629056 1617905464651929 22873
Src : 28 28 1617905464783341 1617905465002216 218875
Src : 29 29 1617905465869899 1617905465952774 82875
Src : 30 30 1617905466017291 1617905466212162 194871
Src : 31 31 1617905467143000 1617905467157873 14873
Src : 32 32 1617905467168531 1617905467439418 270887
Src : 33 33 1617905468385553 1617905468412425 26872
Src : 34 34 1617905468543342 1617905468746215 202873
Src : 35 35 1617905469651515 1617905469706391 54876
Src : 36 36 1617905469818802 1617905470033676 214874
Src : 37 37 1617905470892286 1617905470907558 15272
Src : 38 38 1617905471068528 1617905471251409 182881
Src : 39 39 1617905472117616 1617905472144487 26871
Src : 40 40 1617905472264534 1617905472461902 197368
Src : 41 41 1617905473419985 1617905473442860 22875
Src : 42 42 1617905473480529 1617905473631406 150877
Src : 43 43 1617905474683772 1617905474706646 22874
Src : 44 44 1617905474844529 1617905474951405 106876
Src : 45 45 1617905475943522 1617905475966398 22876
Src : 46 46 1617905476094335 1617905476345214 250879
Src : 47 47 1617905477123044 1617905477161918 38874
Src : 48 48 1617905477308533 1617905477525995 217462
Src : 49 49 1617905478406360 1617905478485235 78875
Src : 50 50 1617905478568532 1617905478767412 198880
Src : 51 51 1617905479699516 1617905479726400 26884
Src : 52 52 1617905479792528 1617905479971404 178876
Src : 53 53 1617905481015904 1617905481042779 26875
Src : 54 54 1617905481144530 1617905481339397 194867
Src : 55 55 1617905482217187 1617905482232058 14871
Src : 56 56 1617905482368529 1617905482471408 102879
Src : 57 57 1617905483487519 1617905483510394 22875
Src : 58 58 1617905483628279 1617905483808624 180345
Src : 59 59 1617905484735520 1617905484758394 22874
Src : 60 60 1617905484856172 1617905485113176 257004
Src : 61 61 1617905486011696 1617905486038574 26878
Src : 62 62 1617905486080528 1617905486331399 250871
Src : 63 63 1617905487283695 1617905487330574 46879
Src : 64 64 1617905487424529 1617905487535405 110876
Src : 65 65 1617905488501195 1617905488524066 22871
Src : 66 66 1617905488645288 1617905488844159 198871
Src : 67 67 1617905489787843 1617905489834722 46879
Src : 68 68 1617905489933385 1617905490124257 190872
Src : 69 69 1617905491043514 1617905491094389 50875
Src : 70 70 1617905491136531 1617905491295412 158881
Src : 71 71 1617905492238120 1617905492328996 90876
Src : 72 72 1617905492404531 1617905492531410 126879
Src : 73 73 1617905493516983 1617905493543865 26882
Src : 74 74 1617905493681396 1617905493872272 190876
Src : 75 75 1617905494780630 1617905494795501 14871
Src : 76 76 1617905494941496 1617905495120378 178882
Src : 77 77 1617905496048985 1617905496063856 14871
Src : 78 78 1617905496216529 1617905496399406 182877
Src : 79 79 1617905497307634 1617905497334509 26875
Src : 80 80 1617905497400535 1617905497587818 187283
Src : 81 81 1617905498591514 1617905498622391 30877
Src : 82 82 1617905498732529 1617905498911397 178868
Src : 83 83 1617905499835517 1617905499862391 26874
Src : 84 84 1617905499989288 1617905500172161 182873
Src : 85 85 1617905501099660 1617905501126535 26875
Src : 86 86 1617905501255016 1617905501461893 206877
Src : 87 87 1617905502282893 1617905502325768 42875
Src : 88 88 1617905502443019 1617905502669895 226876
Src : 89 89 1617905503596327 1617905503611200 14873
Src : 90 90 1617905503704532 1617905503843409 138877
Src : 91 91 1617905504825096 1617905504847968 22872
Src : 92 92 1617905504936529 1617905505199406 262877
Src : 93 93 1617905506115512 1617905506170386 54874
Src : 94 94 1617905506288529 1617905506483395 194866
Src : 95 95 1617905507330245 1617905507401119 70874
Src : 96 96 1617905507477289 1617905507668161 190872
Src : 97 97 1617905508585336 1617905508612213 26877
Src : 98 98 1617905508759452 1617905508898334 138882
Src : 99 99 1617905509904871 1617905509919742 14871
Src : 100 100 1617905509988532 1617905510234454 245922
Snk : 1 1 1617905464933306 1617905464948189 14883
Snk : 2 2 1617905464996533 1617905465227409 230876
Snk : 3 3 1617905466159516 1617905466179098 19582
Snk : 4 4 1617905466212167 1617905466471051 258884
Snk : 5 5 1617905467450433 1617905467521310 70877
Snk : 6 6 1617905467576528 1617905467683403 106875
Snk : 7 7 1617905468758059 1617905468816934 58875
Snk : 8 8 1617905468888510 1617905469044317 155807
Snk : 9 9 1617905470071513 1617905470086394 14881
Snk : 10 10 1617905470188528 1617905470379404 190876
Snk : 11 11 1617905471263026 1617905471329907 66881
Snk : 12 12 1617905471404535 1617905471595953 191418
Snk : 13 13 1617905472535493 1617905472566367 30874
Snk : 14 14 1617905472656528 1617905472843407 186879
Snk : 15 15 1617905473833646 1617905473848518 14872
Snk : 16 16 1617905473996534 1617905474191409 194875
Snk : 17 17 1617905475067518 1617905475110401 42883
Snk : 18 18 1617905475173072 1617905475355890 182818
Snk : 19 19 1617905476288234 1617905476315115 26881
Snk : 20 20 1617905476352528 1617905476555410 202882
Snk : 21 21 1617905477590918 1617905477645792 54874
Snk : 22 22 1617905477673536 1617905477980825 307289
Snk : 23 23 1617905478927514 1617905478958393 30879
Snk : 24 24 1617905479073289 1617905479256166 182877
Snk : 25 25 1617905480147519 1617905480162397 14878
Snk : 26 26 1617905480298332 1617905480529211 230879
Snk : 27 27 1617905481394434 1617905481425720 31286
Snk : 28 28 1617905481528529 1617905481719404 190875
Snk : 29 29 1617905482704082 1617905482730967 26885
Snk : 30 30 1617905482788533 1617905483011420 222887
Snk : 31 31 1617905483943518 1617905483970400 26882
Snk : 32 32 1617905484092529 1617905484195402 102873
Snk : 33 33 1617905485207516 1617905485242394 34878
Snk : 34 34 1617905485336532 1617905485431414 94882
Snk : 35 35 1617905486461661 1617905486476540 14879
Snk : 36 36 1617905486604529 1617905486795407 190878
Snk : 37 37 1617905487689512 1617905487704389 14877
Snk : 38 38 1617905487796529 1617905487979406 182877
Snk : 39 39 1617905488968840 1617905488983713 14873
Snk : 40 40 1617905489056528 1617905489284615 228087
Snk : 41 41 1617905490236215 1617905490251088 14873
Snk : 42 42 1617905490380529 1617905490551396 170867
Snk : 43 43 1617905491523520 1617905491538397 14877
Snk : 44 44 1617905491660529 1617905491831405 170876
Snk : 45 45 1617905492710318 1617905492785192 74874
Snk : 46 46 1617905492860529 1617905493057249 196720
Snk : 47 47 1617905494039513 1617905494074393 34880
Snk : 48 48 1617905494140529 1617905494351411 210882
Snk : 49 49 1617905495272306 1617905495299187 26881
Snk : 50 50 1617905495384528 1617905495633996 249468
Snk : 51 51 1617905496551843 1617905496566727 14884
Snk : 52 52 1617905496648529 1617905496827403 178874
Snk : 53 53 1617905497803516 1617905497830401 26885
Snk : 54 54 1617905497944529 1617905498135400 190871
Snk : 55 55 1617905499075519 1617905499090397 14878
Snk : 56 56 1617905499196168 1617905499311042 114874
Snk : 57 57 1617905500323515 1617905500346394 22879
Snk : 58 58 1617905500412529 1617905500555403 142874
Snk : 59 59 1617905501579518 1617905501594397 14879
Snk : 60 60 1617905501668533 1617905501899414 230881
Snk : 61 61 1617905502808560 1617905502823444 14884
Snk : 62 62 1617905502924530 1617905503107408 182878
Snk : 63 63 1617905504011034 1617905504077908 66874
Snk : 64 64 1617905504148530 1617905504336117 187587
Snk : 65 65 1617905505343519 1617905505358397 14878
Snk : 66 66 1617905505484279 1617905505671159 186880
Snk : 67 67 1617905506591513 1617905506630400 38887
Snk : 68 68 1617905506712528 1617905506946011 233483
Snk : 69 69 1617905507859938 1617905507902819 42881
Snk : 70 70 1617905508005289 1617905508164160 158871
Snk : 71 71 1617905509118767 1617905509133720 14953
Snk : 72 72 1617905509212530 1617905509391416 178886
Snk : 73 73 1617905510356398 1617905510375268 18870
Snk : 74 74 1617905510504529 1617905510695397 190868
Snk : 75 75 1617905511580244 1617905511607123 26879
Snk : 76 76 1617905511736529 1617905511919397 182868
Snk : 77 77 1617905512808424 1617905512827293 18869
Snk : 78 78 1617905512920529 1617905513123396 202867
Snk : 79 79 1617905514020656 1617905514035528 14872
Snk : 80 80 1617905514120531 1617905514355252 234721
Snk : 81 81 1617905515214571 1617905515257440 42869
Snk : 82 82 1617905515348529 1617905515523399 174870
Snk : 83 83 1617905516465157 1617905516480030 14873
Snk : 84 84 1617905516608529 1617905516787398 178869
Snk : 85 85 1617905517656118 1617905517690991 34873
Snk : 86 86 1617905517800528 1617905517959396 158868
Snk : 87 87 1617905518681386 1617905518696257 14871
Snk : 88 88 1617905518784532 1617905518955401 170869
Snk : 89 89 1617905519587515 1617905519610390 22875
Snk : 90 90 1617905519652541 1617905519795433 142892
Snk : 91 91 1617905520318893 1617905520357765 38872
Snk : 92 92 1617905520408530 1617905520507397 98867
Snk : 93 93 1617905520936046 1617905520962921 26875
Snk : 94 94 1617905521012530 1617905521099397 86867
Snk : 95 95 1617905521387514 1617905521402387 14873
Snk : 96 96 1617905521416432 1617905521467306 50874
Snk : 97 97 1617905521711003 1617905521725876 14873
Snk : 98 98 1617905521740532 1617905521767415 26883
Snk : 99 99 1617905521869710 1617905521884613 14903
Snk : 100 100 1617905521884622 1617905521899519 14897
