Src : 1 1 1618586205801824 1618586205850862 49038
Src : 2 1 1618586205850896 1618586205900093 49197
Src : 3 2 1618586205918619 1618586206007153 88534
Src : 4 2 1618586206007162 1618586206137589 130427
Src : 5 3 1618586206159994 1618586206324471 164477
Src : 6 3 1618586206324484 1618586206500978 176494
Src : 7 4 1618586206516531 1618586206750416 233885
Src : 8 4 1618586206750429 1618586207002361 251932
Src : 9 5 1618586207061869 1618586207284447 222578
Src : 10 5 1618586207284452 1618586207634173 349721
Src : 11 6 1618586207773590 1618586208004214 230624
Src : 12 6 1618586208004220 1618586208388098 383878
Src : 13 7 1618586208504296 1618586208710663 206367
Src : 14 7 1618586208710668 1618586209111131 400463
Src : 15 8 1618586209259638 1618586209552584 292946
Src : 16 8 1618586209552597 1618586209957124 404527
Src : 17 9 1618586210123623 1618586210348373 224750
Src : 18 9 1618586210348380 1618586210848302 499922
Src : 19 10 1618586211156535 1618586211501342 344807
Src : 20 10 1618586211501347 1618586211962144 460797
Src : 21 11 1618586212265331 1618586212582313 316982
Src : 22 11 1618586212582318 1618586213133045 550727
Src : 23 12 1618586213440410 1618586213857405 416995
Src : 24 12 1618586213857413 1618586214516809 659396
Src : 25 13 1618586214811096 1618586215184272 373176
Src : 26 13 1618586215184277 1618586215903390 719113
Src : 27 14 1618586216316531 1618586216820754 504223
Src : 28 14 1618586216820760 1618586217562703 741943
Src : 29 15 1618586218186489 1618586218607940 421451
Src : 30 15 1618586218607947 1618586219481159 873212
Src : 31 16 1618586220168443 1618586220552933 384490
Src : 32 16 1618586220552938 1618586221349475 796537
Src : 33 17 1618586222153155 1618586222573874 420719
Src : 34 17 1618586222573879 1618586223298914 725035
Src : 35 18 1618586224070698 1618586224472216 401518
Src : 36 18 1618586224472221 1618586225290322 818101
Src : 37 19 1618586226075084 1618586226463851 388767
Src : 38 19 1618586226463856 1618586227171696 707840
Src : 39 20 1618586227906703 1618586228295632 388929
Src : 40 20 1618586228295637 1618586229050337 754700
Src : 41 21 1618586229849690 1618586230298849 449159
Src : 42 21 1618586230298853 1618586230910626 611773
Src : 43 22 1618586231722572 1618586232063914 341342
Src : 44 22 1618586232063922 1618586232809218 745296
Src : 45 23 1618586233568532 1618586233798106 229574
Src : 46 23 1618586233798110 1618586234540907 742797
Src : 47 24 1618586235124026 1618586235435671 311645
Src : 48 24 1618586235435675 1618586236116214 680539
Src : 49 25 1618586236828533 1618586237267353 438820
Src : 50 25 1618586237267362 1618586237978110 710748
Src : 51 26 1618586238699708 1618586239016269 316561
Src : 52 26 1618586239016273 1618586239829035 812762
Src : 53 27 1618586240496334 1618586240849069 352735
Src : 54 27 1618586240849073 1618586241343593 494520
Src : 55 28 1618586242019645 1618586242316179 296534
Src : 56 28 1618586242316183 1618586242916987 600804
Src : 57 29 1618586243512532 1618586243838237 325705
Src : 58 29 1618586243838241 1618586244403616 565375
Src : 59 30 1618586244991136 1618586245300147 309011
Src : 60 30 1618586245300156 1618586245981500 681344
Src : 61 31 1618586246636353 1618586246993010 356657
Src : 62 31 1618586246993015 1618586247500122 507107
Src : 63 32 1618586248066065 1618586248334311 268246
Src : 64 32 1618586248334315 1618586248914093 579778
Src : 65 33 1618586249548531 1618586249787928 239397
Src : 66 33 1618586249787933 1618586250387748 599815
Src : 67 34 1618586250884533 1618586251177059 292526
Src : 68 34 1618586251177063 1618586251679825 502762
Src : 69 35 1618586252164515 1618586252457180 292665
Src : 70 35 1618586252457184 1618586252965001 507817
Src : 71 36 1618586253476531 1618586253707485 230954
Src : 72 36 1618586253707492 1618586254293830 586338
Src : 73 37 1618586254824531 1618586255047831 223300
Src : 74 37 1618586255047835 1618586255648716 600881
Src : 75 38 1618586256069751 1618586256247437 177686
Src : 76 38 1618586256247440 1618586256705339 457899
Src : 77 39 1618586257220531 1618586257453186 232655
Src : 78 39 1618586257453190 1618586257921101 467911
Src : 79 40 1618586258417865 1618586258652620 234755
Src : 80 40 1618586258652625 1618586259068288 415663
Src : 81 41 1618586259548532 1618586259793315 244783
Src : 82 41 1618586259793319 1618586260233183 439864
Src : 83 42 1618586260646397 1618586260838867 192470
Src : 84 42 1618586260838871 1618586261170102 331231
Src : 85 43 1618586261600533 1618586261802019 201486
Src : 86 43 1618586261802026 1618586262190516 388490
Src : 87 44 1618586262543216 1618586262727886 184670
Src : 88 44 1618586262727888 1618586263142059 414171
Src : 89 45 1618586263600531 1618586263869263 268732
Src : 90 45 1618586263869269 1618586264229257 359988
Src : 91 46 1618586264621013 1618586264797470 176457
Src : 92 46 1618586264797475 1618586265173353 375878
Src : 93 47 1618586265557074 1618586265706099 149025
Src : 94 47 1618586265706102 1618586266007656 301554
Src : 95 48 1618586266280641 1618586266433095 152454
Src : 96 48 1618586266433100 1618586266715661 282561
Src : 97 49 1618586267072532 1618586267263110 190578
Src : 98 49 1618586267263114 1618586267531698 268584
Src : 99 50 1618586267829536 1618586267994457 164921
Src : 100 50 1618586267994463 1618586268282236 287773
Snk : 1 1 1618586218257108 1618586222661846 4404738
Snk : 2 1 1618586222661863 1618586227326610 4664747
Snk : 3 2 1618586227514815 1618586231932431 4417616
Snk : 4 2 1618586231932448 1618586236080350 4147902
Snk : 5 3 1618586236212532 1618586240389396 4176864
Snk : 6 3 1618586240389418 1618586244165543 3776125
Snk : 7 4 1618586244268530 1618586248007274 3738744
Snk : 8 4 1618586248007294 1618586251436773 3429479
Snk : 9 5 1618586251508531 1618586254626383 3117852
Snk : 10 5 1618586254626401 1618586257549561 2923160
Snk : 11 6 1618586257624536 1618586260460765 2836229
Snk : 12 6 1618586260460779 1618586262806254 2345475
Snk : 13 7 1618586262840541 1618586265320056 2479515
Snk : 14 7 1618586265320073 1618586267206325 1886252
Snk : 15 8 1618586267283150 1618586269108517 1825367
Snk : 16 8 1618586269132542 1618586270254752 1122210
Snk : 17 9 1618586270296538 1618586271396520 1099982
Snk : 18 9 1618586271456537 1618586272487967 1031430
Snk : 19 10 1618586272536536 1618586273681094 1144558
Snk : 20 10 1618586273681110 1618586274729369 1048259
Snk : 21 11 1618586274776540 1618586275908624 1132084
Snk : 22 11 1618586275908637 1618586276796257 887620
Snk : 23 12 1618586276819284 1618586277960651 1141367
Snk : 24 12 1618586277960669 1618586278853057 892388
Snk : 25 13 1618586278880531 1618586280037753 1157222
Snk : 26 13 1618586280060537 1618586280927184 866647
Snk : 27 14 1618586280964536 1618586282108211 1143675
Snk : 28 14 1618586282132541 1618586282990322 857781
Snk : 29 15 1618586283020540 1618586284151834 1131294
Snk : 30 15 1618586284168536 1618586284871933 703397
Snk : 31 16 1618586284912536 1618586286054135 1141599
Snk : 32 16 1618586286054151 1618586286755460 701309
Snk : 33 17 1618586286788531 1618586287941325 1152794
Snk : 34 17 1618586287941344 1618586288661514 720170
Snk : 35 18 1618586288680530 1618586289822323 1141793
Snk : 36 18 1618586289828536 1618586290534965 706429
Snk : 37 19 1618586290568531 1618586291556629 988098
Snk : 38 19 1618586291568540 1618586292246021 677481
Snk : 39 20 1618586292296536 1618586293271503 974967
Snk : 40 20 1618586293292537 1618586293997657 705120
Snk : 41 21 1618586294036531 1618586294984063 947532
Snk : 42 21 1618586295004538 1618586295670928 666390
Snk : 43 22 1618586295708535 1618586296698355 989820
Snk : 44 22 1618586296720539 1618586297386242 665703
Snk : 45 23 1618586297424539 1618586298231618 807079
Snk : 46 23 1618586298236540 1618586298919099 682559
Snk : 47 24 1618586298952531 1618586299775574 823043
Snk : 48 24 1618586299784537 1618586300450002 665465
Snk : 49 25 1618586300492536 1618586301300802 808266
Snk : 50 25 1618586301324537 1618586301976254 651717
Snk : 51 26 1618586302056530 1618586302835948 779418
Snk : 52 26 1618586302856538 1618586303531143 674605
Snk : 53 27 1618586303560530 1618586304202033 641503
Snk : 54 27 1618586304224537 1618586304885573 661036
Snk : 55 28 1618586304924530 1618586305567697 643167
Snk : 56 28 1618586305588540 1618586306257782 669242
Snk : 57 29 1618586306284536 1618586306929979 645443
Snk : 58 29 1618586306936541 1618586307627082 690541
Snk : 59 30 1618586307648632 1618586308292075 643443
Snk : 60 30 1618586308312537 1618586308812121 499584
Snk : 61 31 1618586308836530 1618586309476171 639641
Snk : 62 31 1618586309484540 1618586310005432 520892
Snk : 63 32 1618586310032530 1618586310666877 634347
Snk : 64 32 1618586310676539 1618586311195308 518769
Snk : 65 33 1618586311220530 1618586311868179 647649
Snk : 66 33 1618586311868199 1618586312388166 519967
Snk : 67 34 1618586312412530 1618586313059049 646519
Snk : 68 34 1618586313059062 1618586313404799 345737
Snk : 69 35 1618586313432530 1618586314069059 636529
Snk : 70 35 1618586314092536 1618586314417213 324677
Snk : 71 36 1618586314444530 1618586315090326 645796
Snk : 72 36 1618586315090338 1618586315436344 346006
Snk : 73 37 1618586315460531 1618586316105959 645428
Snk : 74 37 1618586316105971 1618586316453026 347055
Snk : 75 38 1618586316480530 1618586317082637 602107
Snk : 76 38 1618586317082649 1618586317297253 214604
Snk : 77 39 1618586317324530 1618586317927434 602904
Snk : 78 39 1618586317927445 1618586318140394 212949
Snk : 79 40 1618586318164529 1618586318764126 599597
Snk : 80 40 1618586318764136 1618586318977428 213292
Snk : 81 41 1618586319004531 1618586319601749 597218
Snk : 82 41 1618586319601776 1618586319814679 212903
Snk : 83 42 1618586319840529 1618586320273958 433429
Snk : 84 42 1618586320273969 1618586320488255 214286
Snk : 85 43 1618586320512530 1618586320945163 432633
Snk : 86 43 1618586320945174 1618586321158899 213725
Snk : 87 44 1618586321184530 1618586321614928 430398
Snk : 88 44 1618586321614939 1618586321827805 212866
Snk : 89 45 1618586321852534 1618586322283983 431449
Snk : 90 45 1618586322283996 1618586322498993 214997
Snk : 91 46 1618586322524531 1618586322779432 254901
Snk : 92 46 1618586322779443 1618586322992719 213276
Snk : 93 47 1618586323020531 1618586323272800 252269
Snk : 94 47 1618586323272810 1618586323486093 213283
Snk : 95 48 1618586323512530 1618586323766282 253752
Snk : 96 48 1618586323766292 1618586323979559 213267
Snk : 97 49 1618586324004530 1618586324259922 255392
Snk : 98 49 1618586324259927 1618586324473323 213396
Snk : 99 50 1618586324473328 1618586324690237 216909
Snk : 100 50 1618586324690241 1618586324904299 214058
