Src : 1 1 1618586032484734 1618586032534745 50011
Src : 2 1 1618586032534778 1618586032581888 47110
Src : 3 2 1618586032602616 1618586032687476 84860
Src : 4 2 1618586032687485 1618586032802240 114755
Src : 5 3 1618586032828531 1618586032951013 122482
Src : 6 3 1618586032951022 1618586033128549 177527
Src : 7 4 1618586033137962 1618586033402157 264195
Src : 8 4 1618586033402175 1618586033650004 247829
Src : 9 5 1618586033703367 1618586033952784 249417
Src : 10 5 1618586033952790 1618586034263535 310745
Src : 11 6 1618586034387512 1618586034580384 192872
Src : 12 6 1618586034580389 1618586034978764 398375
Src : 13 7 1618586035136532 1618586035334019 197487
Src : 14 7 1618586035334024 1618586035650753 316729
Src : 15 8 1618586035868372 1618586036098761 230389
Src : 16 8 1618586036098771 1618586036523323 424552
Src : 17 9 1618586036684161 1618586036919713 235552
Src : 18 9 1618586036919718 1618586037442510 522792
Src : 19 10 1618586037671131 1618586037999701 328570
Src : 20 10 1618586037999706 1618586038520138 520432
Src : 21 11 1618586038783585 1618586039040150 256565
Src : 22 11 1618586039040155 1618586039745365 705210
Src : 23 12 1618586040028113 1618586040394228 366115
Src : 24 12 1618586040394239 1618586040982769 588530
Src : 25 13 1618586041405051 1618586041725562 320511
Src : 26 13 1618586041725569 1618586042514879 789310
Src : 27 14 1618586042843790 1618586043204231 360441
Src : 28 14 1618586043204235 1618586043952166 747931
Src : 29 15 1618586044628916 1618586045112539 483623
Src : 30 15 1618586045112544 1618586045873209 760665
Src : 31 16 1618586046796534 1618586047128495 331961
Src : 32 16 1618586047128500 1618586047924451 795951
Src : 33 17 1618586048721255 1618586049177748 456493
Src : 34 17 1618586049177752 1618586049921347 743595
Src : 35 18 1618586050632531 1618586051085060 452529
Src : 36 18 1618586051085064 1618586051848835 763771
Src : 37 19 1618586052585879 1618586052994389 408510
Src : 38 19 1618586052994393 1618586053719449 725056
Src : 39 20 1618586054419712 1618586054716274 296562
Src : 40 20 1618586054716278 1618586055629466 913188
Src : 41 21 1618586056451614 1618586056840954 389340
Src : 42 21 1618586056840963 1618586057480402 639439
Src : 43 22 1618586058272446 1618586058692920 420474
Src : 44 22 1618586058692925 1618586059380815 687890
Src : 45 23 1618586060050531 1618586060414495 363964
Src : 46 23 1618586060414500 1618586061110793 696293
Src : 47 24 1618586061785497 1618586062158057 372560
Src : 48 24 1618586062158061 1618586062780441 622380
Src : 49 25 1618586063434957 1618586063719423 284466
Src : 50 25 1618586063719428 1618586064447838 728410
Src : 51 26 1618586065280531 1618586065697065 416534
Src : 52 26 1618586065697070 1618586066280382 583312
Src : 53 27 1618586067112531 1618586067446222 333691
Src : 54 27 1618586067446229 1618586067990835 544606
Src : 55 28 1618586068578207 1618586068831305 253098
Src : 56 28 1618586068831311 1618586069481771 650460
Src : 57 29 1618586070048944 1618586070381476 332532
Src : 58 29 1618586070381483 1618586070966812 585329
Src : 59 30 1618586071559613 1618586071842860 283247
Src : 60 30 1618586071842867 1618586072548201 705334
Src : 61 31 1618586073252533 1618586073552617 300084
Src : 62 31 1618586073552622 1618586074157132 604510
Src : 63 32 1618586074673970 1618586074982471 308501
Src : 64 32 1618586074982475 1618586075504249 521774
Src : 65 33 1618586076096129 1618586076412638 316509
Src : 66 33 1618586076412643 1618586076895688 483045
Src : 67 34 1618586077451070 1618586077756901 305831
Src : 68 34 1618586077756905 1618586078296961 540056
Src : 69 35 1618586078854866 1618586079133616 278750
Src : 70 35 1618586079133621 1618586079693332 559711
Src : 71 36 1618586080170600 1618586080431063 260463
Src : 72 36 1618586080431068 1618586080922313 491245
Src : 73 37 1618586081420049 1618586081699147 279098
Src : 74 37 1618586081699151 1618586082203527 504376
Src : 75 38 1618586082784531 1618586083009093 224562
Src : 76 38 1618586083009098 1618586083453592 444494
Src : 77 39 1618586083898569 1618586084139102 240533
Src : 78 39 1618586084139107 1618586084583131 444024
Src : 79 40 1618586085148531 1618586085401826 253295
Src : 80 40 1618586085401834 1618586085865381 463547
Src : 81 41 1618586086240144 1618586086485919 245775
Src : 82 41 1618586086485924 1618586086931242 445318
Src : 83 42 1618586087388531 1618586087576700 188169
Src : 84 42 1618586087576704 1618586087985192 408488
Src : 85 43 1618586088324212 1618586088513130 188918
Src : 86 43 1618586088513133 1618586088857704 344571
Src : 87 44 1618586089319895 1618586089460451 140556
Src : 88 44 1618586089460455 1618586090010341 549886
Src : 89 45 1618586090394521 1618586090616220 221699
Src : 90 45 1618586090616223 1618586091022538 406315
Src : 91 46 1618586091380531 1618586091591049 210518
Src : 92 46 1618586091591053 1618586091909027 317974
Src : 93 47 1618586092229056 1618586092377585 148529
Src : 94 47 1618586092377590 1618586092650357 272767
Src : 95 48 1618586092972065 1618586093152571 180506
Src : 96 48 1618586093152575 1618586093411871 259296
Src : 97 49 1618586093792531 1618586093985064 192533
Src : 98 49 1618586093985068 1618586094337863 352795
Src : 99 50 1618586094559552 1618586094712071 152519
Src : 100 50 1618586094712074 1618586095081436 369362
Snk : 1 1 1618586044812890 1618586049209236 4396346
Snk : 2 1 1618586049209250 1618586053833187 4623937
Snk : 3 2 1618586053932536 1618586058215124 4282588
Snk : 4 2 1618586058360550 1618586062326686 3966136
Snk : 5 3 1618586062556531 1618586066697110 4140579
Snk : 6 3 1618586066697126 1618586070250367 3553241
Snk : 7 4 1618586070304531 1618586074000722 3696191
Snk : 8 4 1618586074060374 1618586077303167 3242793
Snk : 9 5 1618586077408533 1618586080685562 3277029
Snk : 10 5 1618586080685575 1618586083580286 2894711
Snk : 11 6 1618586083679131 1618586086470808 2791677
Snk : 12 6 1618586086516539 1618586088993516 2476977
Snk : 13 7 1618586089068530 1618586091575226 2506696
Snk : 14 7 1618586091575239 1618586093513735 1938496
Snk : 15 8 1618586093560529 1618586095493927 1933398
Snk : 16 8 1618586095493945 1618586096822877 1328932
Snk : 17 9 1618586096892531 1618586098002443 1109912
Snk : 18 9 1618586098024537 1618586099050310 1025773
Snk : 19 10 1618586099092536 1618586100219339 1126803
Snk : 20 10 1618586100228540 1618586101282487 1053947
Snk : 21 11 1618586101308531 1618586102443954 1135423
Snk : 22 11 1618586102456536 1618586103334535 877999
Snk : 23 12 1618586103376538 1618586104509220 1132682
Snk : 24 12 1618586104524546 1618586105383617 859071
Snk : 25 13 1618586105452530 1618586106552495 1099965
Snk : 26 13 1618586106576536 1618586107412153 835617
Snk : 27 14 1618586107496531 1618586108616737 1120206
Snk : 28 14 1618586108621612 1618586109513174 891562
Snk : 29 15 1618586109548531 1618586110660537 1112006
Snk : 30 15 1618586110684538 1618586111351000 666462
Snk : 31 16 1618586111396536 1618586112536770 1140234
Snk : 32 16 1618586112536783 1618586113238255 701472
Snk : 33 17 1618586113272530 1618586114420589 1148059
Snk : 34 17 1618586114420602 1618586115119915 699313
Snk : 35 18 1618586115152530 1618586116294343 1141813
Snk : 36 18 1618586116294356 1618586117003977 709621
Snk : 37 19 1618586117044541 1618586118022176 977635
Snk : 38 19 1618586118044537 1618586118711748 667211
Snk : 39 20 1618586118772531 1618586119720670 948139
Snk : 40 20 1618586119744537 1618586120445975 701438
Snk : 41 21 1618586120476531 1618586121445320 968789
Snk : 42 21 1618586121445333 1618586122147189 701856
Snk : 43 22 1618586122196531 1618586123129048 932517
Snk : 44 22 1618586123140540 1618586123826542 686002
Snk : 45 23 1618586123855254 1618586124688335 833081
Snk : 46 23 1618586124696539 1618586125361671 665132
Snk : 47 24 1618586125408540 1618586126215089 806549
Snk : 48 24 1618586126220541 1618586126898190 677649
Snk : 49 25 1618586126932532 1618586127756539 824007
Snk : 50 25 1618586127756551 1618586128435923 679372
Snk : 51 26 1618586128484536 1618586129283790 799254
Snk : 52 26 1618586129304537 1618586129964508 659971
Snk : 53 27 1618586130004531 1618586130650024 645493
Snk : 54 27 1618586130650037 1618586131330322 680285
Snk : 55 28 1618586131364532 1618586132013969 649437
Snk : 56 28 1618586132013982 1618586132697027 683045
Snk : 57 29 1618586132728536 1618586133377341 648805
Snk : 58 29 1618586133380540 1618586134061673 681133
Snk : 59 30 1618586134096531 1618586134739519 642988
Snk : 60 30 1618586134744540 1618586135265860 521320
Snk : 61 31 1618586135292530 1618586135934438 641908
Snk : 62 31 1618586135956536 1618586136456634 500098
Snk : 63 32 1618586136484530 1618586137128805 644275
Snk : 64 32 1618586137128818 1618586137649501 520683
Snk : 65 33 1618586137676530 1618586138309864 633334
Snk : 66 33 1618586138320540 1618586138839917 519377
Snk : 67 34 1618586138864532 1618586139512301 647769
Snk : 68 34 1618586139532539 1618586139858711 326172
Snk : 69 35 1618586139884530 1618586140529141 644611
Snk : 70 35 1618586140529153 1618586140872172 343019
Snk : 71 36 1618586140896530 1618586141537255 640725
Snk : 72 36 1618586141560537 1618586141881554 321017
Snk : 73 37 1618586141908530 1618586142548640 640110
Snk : 74 37 1618586142572536 1618586142898225 325689
Snk : 75 38 1618586142924531 1618586143529488 604957
Snk : 76 38 1618586143529500 1618586143743334 213834
Snk : 77 39 1618586143768530 1618586144373774 605244
Snk : 78 39 1618586144373788 1618586144586639 212851
Snk : 79 40 1618586144612530 1618586145216751 604221
Snk : 80 40 1618586145216762 1618586145431831 215069
Snk : 81 41 1618586145456530 1618586146059800 603270
Snk : 82 41 1618586146059814 1618586146272719 212905
Snk : 83 42 1618586146300530 1618586146725351 424821
Snk : 84 42 1618586146725362 1618586146938629 213267
Snk : 85 43 1618586146964530 1618586147390997 426467
Snk : 86 43 1618586147391010 1618586147603845 212835
Snk : 87 44 1618586147628529 1618586148056005 427476
Snk : 88 44 1618586148056016 1618586148271736 215720
Snk : 89 45 1618586148296530 1618586148730148 433618
Snk : 90 45 1618586148730161 1618586148944410 214249
Snk : 91 46 1618586148968531 1618586149226654 258123
Snk : 92 46 1618586149226665 1618586149439945 213280
Snk : 93 47 1618586149464530 1618586149722034 257504
Snk : 94 47 1618586149722045 1618586149935308 213263
Snk : 95 48 1618586149960530 1618586150217380 256850
Snk : 96 48 1618586150217390 1618586150432481 215091
Snk : 97 49 1618586150456530 1618586150712992 256462
Snk : 98 49 1618586150712998 1618586150926278 213280
Snk : 99 50 1618586150926283 1618586151140784 214501
Snk : 100 50 1618586151140786 1618586151353639 212853
