Src : 1 1 1619021845086416 1619021845137408 50992
Src : 2 2 1619021845137436 1619021845184729 47293
Src : 3 3 1619021845184739 1619021845229501 44762
Src : 4 4 1619021845229510 1619021845274169 44659
Src : 5 5 1619021845274176 1619021845318219 44043
Src : 6 6 1619021845318227 1619021845362382 44155
Src : 7 7 1619021845362388 1619021845406580 44192
Src : 8 8 1619021845406584 1619021845450778 44194
Src : 9 9 1619021845450782 1619021845495049 44267
Src : 10 10 1619021845497311 1619021845541459 44148
Src : 11 11 1619021845619583 1619021845665173 45590
Src : 12 12 1619021845744051 1619021845790774 46723
Src : 13 13 1619021845864272 1619021845910955 46683
Src : 14 14 1619021845976600 1619021846026370 49770
Src : 15 15 1619021846090212 1619021846135059 44847
Src : 16 16 1619021846202778 1619021846247565 44787
Src : 17 17 1619021846343004 1619021846392426 49422
Src : 18 18 1619021846462753 1619021846505729 42976
Src : 19 19 1619021846586873 1619021846637362 50489
Src : 20 20 1619021846699141 1619021846760091 60950
Src : 21 21 1619021846813696 1619021846857715 44019
Src : 22 22 1619021846926307 1619021846970269 43962
Src : 23 23 1619021847051446 1619021847127817 76371
Src : 24 24 1619021847181745 1619021847267542 85797
Src : 25 25 1619021847267555 1619021847310594 43039
Src : 26 26 1619021847374119 1619021847416660 42541
Src : 27 27 1619021847477319 1619021847519592 42273
Src : 28 28 1619021847577119 1619021847619296 42177
Src : 29 29 1619021847683854 1619021847726302 42448
Src : 30 30 1619021847779164 1619021847821903 42739
Src : 31 31 1619021847880888 1619021847922725 41837
Src : 32 32 1619021847973028 1619021848014506 41478
Src : 33 33 1619021848073389 1619021848110251 36862
Src : 34 34 1619021848174893 1619021848212926 38033
Src : 35 35 1619021848274939 1619021848315979 41040
Src : 36 36 1619021848374191 1619021848412271 38080
Src : 37 37 1619021848473672 1619021848511677 38005
Src : 38 38 1619021848580395 1619021848624257 43862
Src : 39 39 1619021848671745 1619021848709279 37534
Src : 40 40 1619021848772769 1619021848813195 40426
Src : 41 41 1619021848879273 1619021848923377 44104
Src : 42 42 1619021848974446 1619021849018757 44311
Src : 43 43 1619021849085264 1619021849128335 43071
Src : 44 44 1619021849171767 1619021849209774 38007
Src : 45 45 1619021849281847 1619021849323816 41969
Src : 46 46 1619021849378343 1619021849420758 42415
Src : 47 47 1619021849489312 1619021849538136 48824
Src : 48 48 1619021849587914 1619021849631266 43352
Src : 49 49 1619021849689097 1619021849738485 49388
Src : 50 50 1619021849786055 1619021849826016 39961
Src : 51 51 1619021849887968 1619021849934505 46537
Src : 52 52 1619021849985991 1619021850028086 42095
Src : 53 53 1619021850085130 1619021850126442 41312
Src : 54 54 1619021850187562 1619021850229810 42248
Src : 55 55 1619021850289335 1619021850332816 43481
Src : 56 56 1619021850383546 1619021850428029 44483
Src : 57 57 1619021850480665 1619021850522164 41499
Src : 58 58 1619021850573861 1619021850617487 43626
Src : 59 59 1619021850671562 1619021850713849 42287
Src : 60 60 1619021850770747 1619021850819396 48649
Src : 61 61 1619021850866733 1619021850910687 43954
Src : 62 62 1619021850968694 1619021851012753 44059
Src : 63 63 1619021851064587 1619021851106000 41413
Src : 64 64 1619021851156496 1619021851196010 39514
Src : 65 65 1619021851250110 1619021851293770 43660
Src : 66 66 1619021851337015 1619021851378066 41051
Src : 67 67 1619021851431029 1619021851473277 42248
Src : 68 68 1619021851526013 1619021851564179 38166
Src : 69 69 1619021851709928 1619021851750475 40547
Src : 70 70 1619021851962278 1619021852002058 39780
Src : 71 71 1619021852212253 1619021852255465 43212
Src : 72 72 1619021852450291 1619021852487291 37000
Src : 73 73 1619021852708190 1619021852749305 41115
Src : 74 74 1619021852917349 1619021852963541 46192
Src : 75 75 1619021853162058 1619021853208841 46783
Src : 76 76 1619021853446889 1619021853492785 45896
Src : 77 77 1619021853662869 1619021853708776 45907
Src : 78 78 1619021853878758 1619021853924722 45964
Src : 79 79 1619021854119683 1619021854167918 48235
Src : 80 80 1619021854346631 1619021854390226 43595
Src : 81 81 1619021854543811 1619021854585922 42111
Src : 82 82 1619021854795897 1619021854836398 40501
Src : 83 83 1619021855032383 1619021855077130 44747
Src : 84 84 1619021855242314 1619021855282109 39795
Src : 85 85 1619021855457662 1619021855503771 46109
Src : 86 86 1619021865890955 1619021865939564 48609
Src : 87 86 1619021865939582 1619021865983334 43752
Src : 88 87 1619021865983343 1619021866027057 43714
Src : 89 87 1619021866027062 1619021866070598 43536
Src : 90 88 1619021866070605 1619021866105486 34881
Src : 91 88 1619021866105490 1619021866139370 33880
Src : 92 89 1619021866145074 1619021866181270 36196
Src : 93 89 1619021866181278 1619021866215991 34713
Src : 94 90 1619021866219887 1619021866255766 35879
Src : 95 90 1619021866255773 1619021866291348 35575
Src : 96 91 1619021866297717 1619021866335351 37634
Src : 97 91 1619021866335361 1619021866371394 36033
Src : 98 92 1619021866385203 1619021866424574 39371
Src : 99 92 1619021866424582 1619021866462366 37784
Src : 100 93 1619021866472728 1619021866513734 41006
Src : 101 93 1619021866513741 1619021866551647 37906
Snk : 1 1 1619021846485731 1619021846728365 242634
Snk : 2 2 1619021846728380 1619021846969617 241237
Snk : 3 3 1619021846969626 1619021847208403 238777
Snk : 4 4 1619021847208433 1619021847445773 237340
Snk : 5 5 1619021847445785 1619021847686356 240571
Snk : 6 6 1619021847686369 1619021847924536 238167
Snk : 7 7 1619021847924560 1619021848163920 239360
Snk : 8 8 1619021848163942 1619021848403180 239238
Snk : 9 9 1619021848403203 1619021848640734 237531
Snk : 10 10 1619021848640757 1619021848886210 245453
Snk : 11 11 1619021848886233 1619021849131553 245320
Snk : 12 12 1619021849131575 1619021849375990 244415
Snk : 13 13 1619021849376015 1619021849617772 241757
Snk : 14 14 1619021849617783 1619021849858624 240841
Snk : 15 15 1619021849858647 1619021850106717 248070
Snk : 16 16 1619021850106729 1619021850345779 239050
Snk : 17 17 1619021850345802 1619021850580554 234752
Snk : 18 18 1619021850580578 1619021850816815 236237
Snk : 19 19 1619021850816837 1619021851051857 235020
Snk : 20 20 1619021851051868 1619021851286840 234972
Snk : 21 21 1619021851286862 1619021851516484 229622
Snk : 22 22 1619021851516506 1619021851745422 228916
Snk : 23 23 1619021851745434 1619021851976548 231114
Snk : 24 24 1619021851976577 1619021852206934 230357
Snk : 25 25 1619021852206956 1619021852436853 229897
Snk : 26 26 1619021852436875 1619021852668882 232007
Snk : 27 27 1619021852668906 1619021852894637 225731
Snk : 28 28 1619021852894659 1619021853119610 224951
Snk : 29 29 1619021853119630 1619021853345060 225430
Snk : 30 30 1619021853345082 1619021853571645 226563
Snk : 31 31 1619021853571666 1619021853797021 225355
Snk : 32 32 1619021853797042 1619021854021342 224300
Snk : 33 33 1619021854021363 1619021854250383 229020
Snk : 34 34 1619021854250404 1619021854479186 228782
Snk : 35 35 1619021854479213 1619021854706756 227543
Snk : 36 36 1619021854706778 1619021854935929 229151
Snk : 37 37 1619021854935941 1619021855164828 228887
Snk : 38 38 1619021855164850 1619021855393669 228819
Snk : 39 39 1619021855393692 1619021855621140 227448
Snk : 40 40 1619021855621161 1619021855850858 229697
Snk : 41 41 1619021855850879 1619021856079394 228515
Snk : 42 42 1619021856079415 1619021856308855 229440
Snk : 43 43 1619021856308877 1619021856535905 227028
Snk : 44 44 1619021856535926 1619021856768523 232597
Snk : 45 45 1619021856768545 1619021857001405 232860
Snk : 46 46 1619021857001428 1619021857234563 233135
Snk : 47 47 1619021857234584 1619021857464771 230187
Snk : 48 48 1619021857464781 1619021857693675 228894
Snk : 49 49 1619021857693694 1619021857922316 228622
Snk : 50 50 1619021857922336 1619021858150941 228605
Snk : 51 51 1619021858150961 1619021858380163 229202
Snk : 52 52 1619021858380184 1619021858608783 228599
Snk : 53 53 1619021858608803 1619021858838933 230130
Snk : 54 54 1619021858838956 1619021859068741 229785
Snk : 55 55 1619021859068762 1619021859298878 230116
Snk : 56 56 1619021859298900 1619021859528022 229122
Snk : 57 57 1619021859528044 1619021859756871 228827
Snk : 58 58 1619021859756892 1619021859986164 229272
Snk : 59 59 1619021859986186 1619021860214572 228386
Snk : 60 60 1619021860214592 1619021860443537 228945
Snk : 61 61 1619021860443558 1619021860667406 223848
Snk : 62 62 1619021860667426 1619021860890971 223545
Snk : 63 63 1619021860890992 1619021861114193 223201
Snk : 64 64 1619021861114202 1619021861337828 223626
Snk : 65 65 1619021861337848 1619021861554416 216568
Snk : 66 66 1619021861554424 1619021861771689 217265
Snk : 67 67 1619021861771697 1619021861989264 217567
Snk : 68 68 1619021861989284 1619021862206470 217186
Snk : 69 69 1619021862206489 1619021862424034 217545
Snk : 70 70 1619021862424042 1619021862641371 217329
Snk : 71 71 1619021862641389 1619021862858979 217590
Snk : 72 72 1619021862858999 1619021863076041 217042
Snk : 73 73 1619021863076060 1619021863293522 217462
Snk : 74 74 1619021863293542 1619021863510789 217247
Snk : 75 75 1619021863510796 1619021863727629 216833
Snk : 76 76 1619021863727637 1619021863941164 213527
Snk : 77 77 1619021863941171 1619021864154204 213033
Snk : 78 78 1619021864154211 1619021864367944 213733
Snk : 79 79 1619021864367951 1619021864580952 213001
Snk : 80 80 1619021864580957 1619021864794484 213527
Snk : 81 81 1619021864794490 1619021865007358 212868
Snk : 82 82 1619021865007364 1619021865220581 213217
Snk : 83 83 1619021865220587 1619021865433996 213409
Snk : 84 84 1619021865434001 1619021865646854 212853
Snk : 85 85 1619021865646860 1619021865860228 213368
Snk : 86 86 1619021867413606 1619021867730335 316729
Snk : 87 86 1619021867730345 1619021868011719 281374
Snk : 88 87 1619021868011744 1619021868230302 218558
Snk : 89 87 1619021868230311 1619021868490423 260112
Snk : 90 88 1619021868490433 1619021868769121 278688
Snk : 91 88 1619021868769128 1619021869047863 278735
Snk : 92 89 1619021869047873 1619021869326613 278740
Snk : 93 89 1619021869326620 1619021869604968 278348
Snk : 94 90 1619021869604976 1619021869862421 257445
Snk : 95 90 1619021869862427 1619021870103664 241237
Snk : 96 91 1619021870103671 1619021870340402 236731
Snk : 97 91 1619021870340408 1619021870559774 219366
Snk : 98 92 1619021870559780 1619021870779223 219443
Snk : 99 92 1619021870779226 1619021870992908 213682
Snk : 100 93 1619021870992912 1619021871207402 214490
Snk : 101 93 1619021871207405 1619021871422193 214788
