Src : 1 1 1619021947767695 1619021947834201 66506
Src : 2 2 1619021947861942 1619021947973947 112005
Src : 3 3 1619021947989948 1619021948114422 124474
Src : 4 4 1619021948114433 1619021948239234 124801
Src : 5 5 1619021948253539 1619021948336725 83186
Src : 6 6 1619021948349937 1619021948438838 88901
Src : 7 7 1619021948438846 1619021948516828 77982
Src : 8 8 1619021948533937 1619021948611919 77982
Src : 9 9 1619021948625937 1619021948693700 67763
Src : 10 10 1619021948693707 1619021948739707 46000
Src : 11 11 1619021948739714 1619021948830927 91213
Src : 12 12 1619021948832260 1619021948874658 42398
Src : 13 13 1619021949029594 1619021949072034 42440
Src : 14 14 1619021949261916 1619021949305213 43297
Src : 15 15 1619021949488530 1619021949530853 42323
Src : 16 16 1619021949712701 1619021949755068 42367
Src : 17 17 1619021949929300 1619021949972220 42920
Src : 18 18 1619021950131522 1619021950173969 42447
Src : 19 19 1619021950333160 1619021950375485 42325
Src : 20 20 1619021950532290 1619021950574583 42293
Src : 21 21 1619021950736891 1619021950779202 42311
Src : 22 22 1619021950936616 1619021950978933 42317
Src : 23 23 1619021951136728 1619021951179045 42317
Src : 24 24 1619021951331864 1619021951374167 42303
Src : 25 25 1619021951539523 1619021951581868 42345
Src : 26 26 1619021951745873 1619021951788159 42286
Src : 27 27 1619021951945686 1619021951987999 42313
Src : 28 28 1619021952147488 1619021952189819 42331
Src : 29 29 1619021952348401 1619021952390756 42355
Src : 30 30 1619021952549676 1619021952591968 42292
Src : 31 31 1619021952749997 1619021952792720 42723
Src : 32 32 1619021952949362 1619021952991697 42335
Src : 33 33 1619021953160613 1619021953202948 42335
Src : 34 34 1619021953364279 1619021953406652 42373
Src : 35 35 1619021953570085 1619021953612365 42280
Src : 36 36 1619021953763893 1619021953807911 44018
Src : 37 37 1619021953971997 1619021954014314 42317
Src : 38 38 1619021954170967 1619021954213241 42274
Src : 39 39 1619021954371621 1619021954413909 42288
Src : 40 40 1619021954571577 1619021954613874 42297
Src : 41 41 1619021954773637 1619021954818420 44783
Src : 42 42 1619021954983444 1619021955025743 42299
Src : 43 43 1619021955184080 1619021955226384 42304
Src : 44 44 1619021955383177 1619021955425444 42267
Src : 45 45 1619021955584902 1619021955627182 42280
Src : 46 46 1619021955786291 1619021955832180 45889
Src : 47 47 1619021955986310 1619021956028713 42403
Src : 48 48 1619021956182740 1619021956225028 42288
Src : 49 49 1619021956390105 1619021956432490 42385
Src : 50 50 1619021956589430 1619021956631711 42281
Src : 51 51 1619021956790892 1619021956836797 45905
Src : 52 52 1619021956988804 1619021957031212 42408
Src : 53 53 1619021957198168 1619021957240546 42378
Src : 54 54 1619021957403147 1619021957445516 42369
Src : 55 55 1619021957599032 1619021957641391 42359
Src : 56 56 1619021957799099 1619021957845025 45926
Src : 57 57 1619021958001998 1619021958044417 42419
Src : 58 58 1619021964052466 1619021964097333 44867
Src : 59 58 1619021964097357 1619021964140809 43452
Src : 60 59 1619021964165936 1619021964241382 75446
Src : 61 59 1619021964241387 1619021964320184 78797
Src : 62 60 1619021964333937 1619021964408386 74449
Src : 63 60 1619021964408392 1619021964496167 87775
Src : 64 61 1619021964509936 1619021964584324 74388
Src : 65 61 1619021964584329 1619021964671794 87465
Src : 66 62 1619021964671799 1619021964762252 90453
Src : 67 62 1619021964762257 1619021964836666 74409
Src : 68 63 1619021964847803 1619021964922241 74438
Src : 69 63 1619021964922247 1619021965012713 90466
Src : 70 64 1619021965022656 1619021965081101 58445
Src : 71 64 1619021965081106 1619021965171558 90452
Src : 72 65 1619021965194995 1619021965269439 74444
Src : 73 65 1619021965269444 1619021965343859 74415
Src : 74 66 1619021965367645 1619021965442096 74451
Src : 75 66 1619021965442102 1619021965516501 74399
Src : 76 67 1619021965540007 1619021965614472 74465
Src : 77 67 1619021965614477 1619021965688904 74427
Src : 78 68 1619021965715241 1619021965769310 54069
Src : 79 68 1619021965769315 1619021965855476 86161
Src : 80 69 1619021965871560 1619021965925762 54202
Src : 81 69 1619021965925766 1619021966019428 93662
Src : 82 70 1619021966047723 1619021966101951 54228
Src : 83 70 1619021966101955 1619021966188183 86228
Src : 84 71 1619021966202961 1619021966256364 53403
Src : 85 71 1619021966256369 1619021966342750 86381
Src : 86 72 1619021966356734 1619021966427004 70270
Src : 87 72 1619021966427009 1619021966497183 70174
Src : 88 73 1619021966511781 1619021966565993 54212
Src : 89 73 1619021966565996 1619021966652274 86278
Src : 90 74 1619021966667035 1619021966720952 53917
Src : 91 74 1619021966720956 1619021966807325 86369
Src : 92 75 1619021966822176 1619021966876382 54206
Src : 93 75 1619021966876387 1619021966962423 86036
Src : 94 76 1619021966976548 1619021967029981 53433
Src : 95 76 1619021967029987 1619021967100434 70447
Src : 96 77 1619021967132121 1619021967170449 38328
Src : 97 77 1619021967170453 1619021967207947 37494
Src : 98 78 1619021967296794 1619021967335043 38249
Src : 99 78 1619021967335047 1619021967371911 36864
Src : 100 79 1619021967508760 1619021967547125 38365
Src : 101 79 1619021967547131 1619021967585239 38108
Snk : 1 1 1619021949450446 1619021949705032 254586
Snk : 2 2 1619021949712491 1619021950016227 303736
Snk : 3 3 1619021950016237 1619021950334584 318347
Snk : 4 4 1619021950334589 1619021950664775 330186
Snk : 5 5 1619021950677936 1619021951014367 336431
Snk : 6 6 1619021951014388 1619021951327991 313603
Snk : 7 7 1619021951341934 1619021951636371 294437
Snk : 8 8 1619021951636379 1619021951900815 264436
Snk : 9 9 1619021951900818 1619021952150633 249815
Snk : 10 10 1619021952150636 1619021952403568 252932
Snk : 11 11 1619021952403574 1619021952651738 248164
Snk : 12 12 1619021952677933 1619021952900270 222337
Snk : 13 13 1619021952925936 1619021953151544 225608
Snk : 14 14 1619021953177934 1619021953403913 225979
Snk : 15 15 1619021953429934 1619021953653703 223769
Snk : 16 16 1619021953677934 1619021953902254 224320
Snk : 17 17 1619021953929934 1619021954150397 220463
Snk : 18 18 1619021954177934 1619021954399140 221206
Snk : 19 19 1619021954425933 1619021954648369 222436
Snk : 20 20 1619021954673934 1619021954899045 225111
Snk : 21 21 1619021954925936 1619021955154947 229011
Snk : 22 22 1619021955181934 1619021955404767 222833
Snk : 23 23 1619021955429934 1619021955653148 223214
Snk : 24 24 1619021955677933 1619021955902232 224299
Snk : 25 25 1619021955929934 1619021956150474 220540
Snk : 26 26 1619021956177934 1619021956399215 221281
Snk : 27 27 1619021956425934 1619021956647353 221419
Snk : 28 28 1619021956673935 1619021956905187 231252
Snk : 29 29 1619021956929935 1619021957155284 225349
Snk : 30 30 1619021957181935 1619021957406063 224128
Snk : 31 31 1619021957433934 1619021957655812 221878
Snk : 32 32 1619021957681934 1619021957904431 222497
Snk : 33 33 1619021957929934 1619021958153203 223269
Snk : 34 34 1619021958177933 1619021958402662 224729
Snk : 35 35 1619021958429934 1619021958651265 221331
Snk : 36 36 1619021958677933 1619021958901353 223420
Snk : 37 37 1619021958925934 1619021959151736 225802
Snk : 38 38 1619021959177934 1619021959407653 229719
Snk : 39 39 1619021959433935 1619021959663215 229280
Snk : 40 40 1619021959689934 1619021959912452 222518
Snk : 41 41 1619021959937934 1619021960160858 222924
Snk : 42 42 1619021960185934 1619021960409508 223574
Snk : 43 43 1619021960433934 1619021960657698 223764
Snk : 44 44 1619021960681934 1619021960906444 224510
Snk : 45 45 1619021960933934 1619021961154810 220876
Snk : 46 46 1619021961181934 1619021961403903 221969
Snk : 47 47 1619021961429934 1619021961652181 222247
Snk : 48 48 1619021961677933 1619021961900937 223004
Snk : 49 49 1619021961925933 1619021962149113 223180
Snk : 50 50 1619021962173934 1619021962397787 223853
Snk : 51 51 1619021962421934 1619021962645903 223969
Snk : 52 52 1619021962669935 1619021962897469 227534
Snk : 53 53 1619021962921935 1619021963147694 225759
Snk : 54 54 1619021963173934 1619021963398358 224424
Snk : 55 55 1619021963398364 1619021963611395 213031
Snk : 56 56 1619021963611400 1619021963824699 213299
Snk : 57 57 1619021963824704 1619021964037580 212876
Snk : 58 58 1619021965642857 1619021965996405 353548
Snk : 59 58 1619021965996420 1619021966274924 278504
Snk : 60 59 1619021966301935 1619021966642097 340162
Snk : 61 59 1619021966642113 1619021966920901 278788
Snk : 62 60 1619021966945935 1619021967278894 332959
Snk : 63 60 1619021967278911 1619021967524915 246004
Snk : 64 61 1619021967549936 1619021967852010 302074
Snk : 65 61 1619021967852028 1619021968099476 247448
Snk : 66 62 1619021968125934 1619021968427849 301915
Snk : 67 62 1619021968427866 1619021968671044 243178
Snk : 68 63 1619021968697936 1619021968985781 287845
Snk : 69 63 1619021968985802 1619021969219791 233989
Snk : 70 64 1619021969245935 1619021969520448 274513
Snk : 71 64 1619021969520463 1619021969733860 213397
Snk : 72 65 1619021969757934 1619021970015937 258003
Snk : 73 65 1619021970015949 1619021970229207 213258
Snk : 74 66 1619021970253934 1619021970511344 257410
Snk : 75 66 1619021970511355 1619021970724362 213007
Snk : 76 67 1619021970749934 1619021971010932 260998
Snk : 77 67 1619021971010945 1619021971224787 213842
Snk : 78 68 1619021971249934 1619021971508057 258123
Snk : 79 68 1619021971508068 1619021971722003 213935
Snk : 80 69 1619021971749934 1619021972004076 254142
Snk : 81 69 1619021972004088 1619021972216973 212885
Snk : 82 70 1619021972241935 1619021972499920 257985
Snk : 83 70 1619021972499931 1619021972712847 212916
Snk : 84 71 1619021972737933 1619021972993776 255843
Snk : 85 71 1619021972993787 1619021973206633 212846
Snk : 86 72 1619021973233934 1619021973487651 253717
Snk : 87 72 1619021973487662 1619021973700647 212985
Snk : 88 73 1619021973725934 1619021973981543 255609
Snk : 89 73 1619021973981555 1619021974194883 213328
Snk : 90 74 1619021974221934 1619021974475710 253776
Snk : 91 74 1619021974475722 1619021974688557 212835
Snk : 92 75 1619021974713933 1619021974969517 255584
Snk : 93 75 1619021974969528 1619021975182519 212991
Snk : 94 76 1619021975209934 1619021975463352 253418
Snk : 95 76 1619021975463362 1619021975676300 212938
Snk : 96 77 1619021975701934 1619021975956965 255031
Snk : 97 77 1619021975956975 1619021976169812 212837
Snk : 98 78 1619021976193935 1619021976450560 256625
Snk : 99 78 1619021976450565 1619021976663409 212844
Snk : 100 79 1619021976663413 1619021976878546 215133
Snk : 101 79 1619021976878554 1619021977093044 214490
