Src : 1 1 1617211481684981 1617211481706160 21179
Src : 2 2 1617211481735097 1617211481754553 19456
Src : 3 3 1617211481769174 1617211481808746 39572
Src : 4 4 1617211481812658 1617211481842173 29515
Src : 5 5 1617211481856724 1617211481901593 44869
Src : 6 6 1617211481921934 1617211481961499 39565
Src : 7 7 1617211481985934 1617211482015444 29510
Src : 8 8 1617211482037718 1617211482109181 71463
Src : 9 9 1617211482109185 1617211482184645 75460
Src : 10 10 1617211482197934 1617211482249391 51457
Src : 11 11 1617211482429154 1617211482468731 39577
Src : 12 12 1617211482789839 1617211482845304 55465
Src : 13 13 1617211483150117 1617211483197032 46915
Src : 14 14 1617211483489317 1617211483538181 48864
Src : 15 15 1617211483795374 1617211483842405 47031
Src : 16 16 1617211484083082 1617211484117989 34907
Src : 17 17 1617211484369269 1617211484384597 15328
Src : 18 18 1617211484644920 1617211484659797 14877
Src : 19 19 1617211484923517 1617211484951160 27643
Src : 20 20 1617211485199619 1617211485214496 14877
Src : 21 21 1617211485464922 1617211485479802 14880
Src : 22 22 1617211485739369 1617211485776957 37588
Src : 23 23 1617211486011320 1617211486026473 15153
Src : 24 24 1617211486284448 1617211486311331 26883
Src : 25 25 1617211486561277 1617211486576156 14879
Src : 26 26 1617211486836916 1617211486851791 14875
Src : 27 27 1617211487188913 1617211487203787 14874
Src : 28 28 1617211490260228 1617211490276364 16136
Src : 29 28 1617211490276400 1617211490291299 14899
Src : 30 29 1617211490329937 1617211490364963 35026
Src : 31 29 1617211490370840 1617211490405826 34986
Src : 32 30 1617211490429933 1617211490460419 30486
Src : 33 30 1617211490460427 1617211490529473 69046
Src : 34 31 1617211490574976 1617211490628015 53039
Src : 35 31 1617211490633938 1617211490703804 69866
Src : 36 32 1617211490725796 1617211490790513 64717
Src : 37 32 1617211490813939 1617211490935278 121339
Src : 38 33 1617211490965934 1617211491036814 70880
Src : 39 33 1617211491036823 1617211491171010 134187
Src : 40 34 1617211491197934 1617211491282008 84074
Src : 41 34 1617211491282017 1617211491448892 166875
Src : 42 35 1617211491493933 1617211491540813 46880
Src : 43 35 1617211491617420 1617211491730468 113048
Src : 44 36 1617211491773934 1617211491860853 86919
Src : 45 36 1617211491860855 1617211491983739 122884
Src : 46 37 1617211492062015 1617211492152894 90879
Src : 47 37 1617211492152896 1617211492303783 150887
Src : 48 38 1617211492448922 1617211492463803 14881
Src : 49 38 1617211492463805 1617211492650682 186877
Src : 50 39 1617211492993001 1617211493051891 58890
Src : 51 39 1617211493051896 1617211493194773 142877
Src : 52 40 1617211493539415 1617211493606297 66882
Src : 53 40 1617211493606299 1617211493738903 132604
Src : 54 41 1617211494085291 1617211494128172 42881
Src : 55 41 1617211494128175 1617211494235051 106876
Src : 56 42 1617211494620914 1617211494683803 62889
Src : 57 42 1617211494683805 1617211494826720 142915
Src : 58 43 1617211495173643 1617211495208523 34880
Src : 59 43 1617211495208525 1617211495355402 146877
Src : 60 44 1617211495699849 1617211495774731 74882
Src : 61 44 1617211495774733 1617211495853606 78873
Src : 62 45 1617211496261397 1617211496304279 42882
Src : 63 45 1617211496304281 1617211496421435 117154
Src : 64 46 1617211496792915 1617211496851802 58887
Src : 65 46 1617211496851804 1617211496990682 138878
Src : 66 47 1617211497340917 1617211497387836 46919
Src : 67 47 1617211497387838 1617211497541419 153581
Src : 68 48 1617211497880923 1617211497895803 14880
Src : 69 48 1617211497895806 1617211498082714 186908
Src : 70 49 1617211498440917 1617211498475902 34985
Src : 71 49 1617211498475904 1617211498621183 145279
Src : 72 50 1617211498972924 1617211499007803 34879
Src : 73 50 1617211499007807 1617211499162691 154884
Src : 74 51 1617211499502581 1617211499517460 14879
Src : 75 51 1617211499517462 1617211499714505 197043
Src : 76 52 1617211500043977 1617211500118859 74882
Src : 77 52 1617211500118862 1617211500229735 110873
Src : 78 53 1617211500612916 1617211500647796 34880
Src : 79 53 1617211500647798 1617211500794719 146921
Src : 80 54 1617211501152917 1617211501195792 42875
Src : 81 54 1617211501195795 1617211501332979 137184
Src : 82 55 1617211501696920 1617211501731799 34879
Src : 83 55 1617211501731801 1617211501870687 138886
Src : 84 56 1617211502232923 1617211502267802 34879
Src : 85 56 1617211502267804 1617211502413687 145883
Src : 86 57 1617211502758483 1617211502773361 14878
Src : 87 57 1617211502773364 1617211502948252 174888
Src : 88 58 1617211503316917 1617211503359795 42878
Src : 89 58 1617211503359797 1617211503507064 147267
Src : 90 59 1617211503852917 1617211503895795 42878
Src : 91 59 1617211503895797 1617211504046712 150915
Src : 92 60 1617211504396917 1617211504444190 47273
Src : 93 60 1617211504444192 1617211504555074 110882
Src : 94 61 1617211504948920 1617211504991798 42878
Src : 95 61 1617211504991801 1617211505134678 142877
Src : 96 62 1617211505480917 1617211505523795 42878
Src : 97 62 1617211505523797 1617211505670717 146920
Src : 98 63 1617211506020921 1617211506063796 42875
Src : 99 63 1617211506063798 1617211506178680 114882
Src : 100 64 1617211506551740 1617211506622626 70886
Src : 101 64 1617211506622628 1617211506733540 110912
Src : 102 65 1617211507093246 1617211507144133 50887
Src : 103 65 1617211507144136 1617211507255018 110882
Src : 104 66 1617211507633245 1617211507692132 58887
Src : 105 66 1617211507692135 1617211507815047 122912
Src : 106 67 1617211508176914 1617211508235798 58884
Src : 107 67 1617211508235800 1617211508382684 146884
Src : 108 68 1617211508737204 1617211508772085 34881
Src : 109 68 1617211508772087 1617211508922972 150885
Src : 110 69 1617211509261214 1617211509320140 58926
Src : 111 69 1617211509320142 1617211509467398 147256
Src : 112 70 1617211509804914 1617211509871796 66882
Src : 113 70 1617211509871799 1617211510014714 142915
Src : 114 71 1617211510348927 1617211510363809 14882
Src : 115 71 1617211510363811 1617211510558690 194879
Src : 116 72 1617211510889900 1617211510917275 27375
Src : 117 72 1617211510917277 1617211511084185 166908
Src : 118 73 1617211511437648 1617211511452529 14881
Src : 119 73 1617211511452531 1617211511631413 178882
Src : 120 74 1617211511984920 1617211511999801 14881
Src : 121 74 1617211511999804 1617211512182686 182882
Src : 122 75 1617211512528921 1617211512543803 14882
Src : 123 75 1617211512543805 1617211512726718 182913
Src : 124 76 1617211513076917 1617211513119796 42879
Src : 125 76 1617211513119798 1617211513266675 146877
Src : 126 77 1617211513612919 1617211513659801 46882
Src : 127 77 1617211513659803 1617211513806679 146876
Src : 128 78 1617211514142815 1617211514157769 14954
Src : 129 78 1617211514157771 1617211514332654 174883
Src : 130 79 1617211514692923 1617211514707805 14882
Src : 131 79 1617211514707807 1617211514858692 150885
Src : 132 80 1617211515249289 1617211515284175 34886
Src : 133 80 1617211515284177 1617211515423055 138878
Src : 134 81 1617211515771304 1617211515842191 70887
Src : 135 81 1617211515842194 1617211515917072 74878
Src : 136 82 1617211516313840 1617211516328721 14881
Src : 137 82 1617211516328723 1617211516503606 174883
Src : 138 83 1617211516855958 1617211516930840 74882
Src : 139 83 1617211516930843 1617211517041716 110873
Src : 140 84 1617211517393357 1617211517428619 35262
Src : 141 84 1617211517428622 1617211517599493 170871
Src : 142 85 1617211517940915 1617211517975796 34881
Src : 143 85 1617211517975798 1617211518110354 134556
Src : 144 86 1617211518505013 1617211518539933 34920
Src : 145 86 1617211518539935 1617211518686818 146883
Src : 146 87 1617211519029204 1617211519088084 58880
Src : 147 87 1617211519088088 1617211519226971 138883
Src : 148 88 1617211519564154 1617211519639034 74880
Src : 149 88 1617211519639037 1617211519749911 110874
Src : 150 89 1617211520125382 1617211520168263 42881
Src : 151 89 1617211520168265 1617211520257419 89154
Src : 152 90 1617211520653037 1617211520711924 58887
Src : 153 90 1617211520711927 1617211520854803 142876
Src : 154 91 1617211521197211 1617211521244093 46882
Src : 155 91 1617211521244095 1617211521390972 146877
Src : 156 92 1617211521753515 1617211521788435 34920
Src : 157 92 1617211521788459 1617211521931336 142877
Src : 158 93 1617211522275603 1617211522346490 70887
Src : 159 93 1617211522346492 1617211522457372 110880
Src : 160 94 1617211522824923 1617211522839804 14881
Src : 161 94 1617211522839806 1617211523026685 186879
Src : 162 95 1617211523367304 1617211523442185 74881
Src : 163 95 1617211523442187 1617211523553061 110874
Src : 164 96 1617211523903989 1617211523974872 70883
Src : 165 96 1617211523974874 1617211524089755 114881
Src : 166 97 1617211524453877 1617211524468796 14919
Src : 167 97 1617211524468798 1617211524607675 138877
Src : 168 98 1617211525001000 1617211525016208 15208
Src : 169 98 1617211525016211 1617211525203499 187288
Src : 170 99 1617211525543477 1617211525614643 71166
Src : 171 99 1617211525614650 1617211525726300 111650
Src : 172 100 1617211526099866 1617211526166825 66959
Src : 173 100 1617211526166827 1617211526245776 78949
Src : 174 101 1617211526644924 1617211526659807 14883
Src : 175 101 1617211526659810 1617211526854686 194876
Src : 176 102 1617211527188915 1617211527239804 50889
Src : 177 102 1617211527239806 1617211527350687 110881
Src : 178 103 1617211527729836 1617211527776826 46990
Src : 179 103 1617211527776832 1617211527923752 146920
Src : 180 104 1617211528266335 1617211528281213 14878
Src : 181 104 1617211528281216 1617211528448099 166883
Src : 182 105 1617211528824921 1617211528855801 30880
Src : 183 105 1617211528855804 1617211529007059 151255
Src : 184 106 1617211529368917 1617211529403796 34879
Src : 185 106 1617211529403799 1617211529550689 146890
Src : 186 107 1617211529908922 1617211529939804 30882
Src : 187 107 1617211529939806 1617211530082682 142876
Src : 188 108 1617211530452920 1617211530483802 30882
Src : 189 108 1617211530483804 1617211530634680 150876
Src : 190 109 1617211530992917 1617211531027795 34878
Src : 191 109 1617211531027797 1617211531178674 150877
Src : 192 110 1617211531519982 1617211531586864 66882
Src : 193 110 1617211531586866 1617211531665740 78874
Src : 194 111 1617211532063305 1617211532134192 70887
Src : 195 111 1617211532134194 1617211532245075 110881
Src : 196 112 1617211532603414 1617211532674301 70887
Src : 197 112 1617211532674303 1617211532785177 110874
Src : 198 113 1617211533144921 1617211533159803 14882
Src : 199 113 1617211533159805 1617211533350685 190880
Src : 200 114 1617211533695930 1617211533742820 46890
Src : 201 114 1617211533742823 1617211533853703 110880
Snk : 1 1 1617211482625844 1617211482653303 27459
Snk : 2 2 1617211482997841 1617211483021305 23464
Snk : 3 3 1617211483349055 1617211483374774 25719
Snk : 4 4 1617211483661318 1617211483691730 30412
Snk : 5 5 1617211483965994 1617211483981319 15325
Snk : 6 6 1617211484249004 1617211484270278 21274
Snk : 7 7 1617211484532706 1617211484547581 14875
Snk : 8 8 1617211484804914 1617211484819791 14877
Snk : 9 9 1617211485080914 1617211485095790 14876
Snk : 10 10 1617211485356915 1617211485371795 14880
Snk : 11 11 1617211485628775 1617211485643657 14882
Snk : 12 12 1617211485900629 1617211485918941 18312
Snk : 13 13 1617211486180925 1617211486195804 14879
Snk : 14 14 1617211486452959 1617211486467837 14878
Snk : 15 15 1617211486728921 1617211486743794 14873
Snk : 16 16 1617211487056916 1617211487071790 14874
Snk : 17 17 1617211487384915 1617211487400107 15192
Snk : 18 18 1617211487704913 1617211487719786 14873
Snk : 19 19 1617211488028916 1617211488043790 14874
Snk : 20 20 1617211488344915 1617211488359788 14873
Snk : 21 21 1617211488660914 1617211488675788 14874
Snk : 22 22 1617211488976915 1617211488991792 14877
Snk : 23 23 1617211489296914 1617211489311833 14919
Snk : 24 24 1617211489612914 1617211489627787 14873
Snk : 25 25 1617211489888916 1617211489904174 15258
Snk : 26 26 1617211490102141 1617211490117011 14870
Snk : 27 27 1617211490239484 1617211490254356 14872
Snk : 28 28 1617211491552296 1617211491583176 30880
Snk : 29 28 1617211491583179 1617211491690577 107398
Snk : 30 29 1617211492133969 1617211492148846 14877
Snk : 31 29 1617211492148848 1617211492267732 118884
Snk : 32 30 1617211492695505 1617211492726386 30881
Snk : 33 30 1617211492726388 1617211492828743 102355
Snk : 34 31 1617211493237097 1617211493267978 30881
Snk : 35 31 1617211493267983 1617211493402877 134894
Snk : 36 32 1617211493771389 1617211493810269 38880
Snk : 37 32 1617211493810272 1617211493921146 110874
Snk : 38 33 1617211494317318 1617211494344202 26884
Snk : 39 33 1617211494344204 1617211494443564 99360
Snk : 40 34 1617211494873000 1617211494900250 27250
Snk : 41 34 1617211494900254 1617211495027162 126908
Snk : 42 35 1617211495430214 1617211495445101 14887
Snk : 43 35 1617211495445103 1617211495558151 113048
Snk : 44 36 1617211495960919 1617211495983801 22882
Snk : 45 36 1617211495983803 1617211496118686 134883
Snk : 46 37 1617211496497525 1617211496520408 22883
Snk : 47 37 1617211496520410 1617211496647293 126883
Snk : 48 38 1617211497048917 1617211497063803 14886
Snk : 49 38 1617211497063805 1617211497194694 130889
Snk : 50 39 1617211497578736 1617211497593612 14876
Snk : 51 39 1617211497593615 1617211497731468 137853
Snk : 52 40 1617211498121891 1617211498144771 22880
Snk : 53 40 1617211498144773 1617211498275655 130882
Snk : 54 41 1617211498666490 1617211498681377 14887
Snk : 55 41 1617211498681379 1617211498800257 118878
Snk : 56 42 1617211499216922 1617211499239810 22888
Snk : 57 42 1617211499239815 1617211499350014 110199
Snk : 58 43 1617211499752916 1617211499779805 26889
Snk : 59 43 1617211499779807 1617211499906690 126883
Snk : 60 44 1617211500264440 1617211500303320 38880
Snk : 61 44 1617211500303322 1617211500442205 138883
Snk : 62 45 1617211500823986 1617211500858867 34881
Snk : 63 45 1617211500858869 1617211500961744 102875
Snk : 64 46 1617211501388916 1617211501404196 15280
Snk : 65 46 1617211501404199 1617211501507082 102883
Snk : 66 47 1617211501897328 1617211501932584 35256
Snk : 67 47 1617211501932590 1617211502059481 126891
Snk : 68 48 1617211502476918 1617211502491803 14885
Snk : 69 48 1617211502491805 1617211502622692 130887
Snk : 70 49 1617211503020917 1617211503035801 14884
Snk : 71 49 1617211503035803 1617211503166686 130883
Snk : 72 50 1617211503543194 1617211503573498 30304
Snk : 73 50 1617211503573500 1617211503648377 74877
Snk : 74 51 1617211504100918 1617211504123834 22916
Snk : 75 51 1617211504123836 1617211504218720 94884
Snk : 76 52 1617211504616068 1617211504646953 30885
Snk : 77 52 1617211504646955 1617211504753830 106875
Snk : 78 53 1617211505167901 1617211505206783 38882
Snk : 79 53 1617211505206785 1617211505273665 66880
Snk : 80 54 1617211505708048 1617211505734927 26879
Snk : 81 54 1617211505734929 1617211505829805 94876
Snk : 82 55 1617211506260264 1617211506295140 34876
Snk : 83 55 1617211506295142 1617211506422022 126880
Snk : 84 56 1617211506797111 1617211506823996 26885
Snk : 85 56 1617211506823998 1617211506926875 102877
Snk : 86 57 1617211507353728 1617211507368649 14921
Snk : 87 57 1617211507368652 1617211507467539 98887
Snk : 88 58 1617211507881379 1617211507912263 30884
Snk : 89 58 1617211507912266 1617211508019173 106907
Snk : 90 59 1617211508444916 1617211508467800 22884
Snk : 91 59 1617211508467802 1617211508579413 111611
Snk : 92 60 1617211508975164 1617211509005438 30274
Snk : 93 60 1617211509005441 1617211509117279 111838
Snk : 94 61 1617211509517258 1617211509544148 26890
Snk : 95 61 1617211509544150 1617211509671033 126883
Snk : 96 62 1617211510056929 1617211510071816 14887
Snk : 97 62 1617211510071821 1617211510226025 154204
Snk : 98 63 1617211510612916 1617211510635800 22884
Snk : 99 63 1617211510635803 1617211510762222 126419
Snk : 100 64 1617211511135763 1617211511170647 34884
Snk : 101 64 1617211511170650 1617211511281524 110874
Snk : 102 65 1617211511682774 1617211511697651 14877
Snk : 103 65 1617211511697653 1617211511850018 152365
Snk : 104 66 1617211512229725 1617211512244605 14880
Snk : 105 66 1617211512244607 1617211512375493 130886
Snk : 106 67 1617211512780916 1617211512807807 26891
Snk : 107 67 1617211512807809 1617211512934270 126461
Snk : 108 68 1617211513304924 1617211513319807 14883
Snk : 109 68 1617211513319810 1617211513422692 102882
Snk : 110 69 1617211513849692 1617211513864571 14879
Snk : 111 69 1617211513864574 1617211514002034 137460
Snk : 112 70 1617211514404923 1617211514419809 14886
Snk : 113 70 1617211514419811 1617211514550707 130896
Snk : 114 71 1617211514937720 1617211514952600 14880
Snk : 115 71 1617211514952605 1617211515087622 135017
Snk : 116 72 1617211515485588 1617211515500470 14882
Snk : 117 72 1617211515500472 1617211515637816 137344
Snk : 118 73 1617211516040916 1617211516067806 26890
Snk : 119 73 1617211516067808 1617211516186691 118883
Snk : 120 74 1617211516547086 1617211516593964 46878
Snk : 121 74 1617211516593967 1617211516684847 90880
Snk : 122 75 1617211517112916 1617211517139806 26890
Snk : 123 75 1617211517139808 1617211517274691 134883
Snk : 124 76 1617211517661433 1617211517676325 14892
Snk : 125 76 1617211517676327 1617211517807209 130882
Snk : 126 77 1617211518196916 1617211518219798 22882
Snk : 127 77 1617211518219801 1617211518350689 130888
Snk : 128 78 1617211518730350 1617211518745237 14887
Snk : 129 78 1617211518745240 1617211518880115 134875
Snk : 130 79 1617211519263764 1617211519282644 18880
Snk : 131 79 1617211519282647 1617211519349526 66879
Snk : 132 80 1617211519808422 1617211519839302 30880
Snk : 133 80 1617211519839304 1617211519926187 86883
Snk : 134 81 1617211520363428 1617211520402309 38881
Snk : 135 81 1617211520402312 1617211520501187 98875
Snk : 136 82 1617211520913501 1617211520928384 14883
Snk : 137 82 1617211520928386 1617211521059267 130881
Snk : 138 83 1617211521450684 1617211521465561 14877
Snk : 139 83 1617211521465563 1617211521556966 91403
Snk : 140 84 1617211521968878 1617211521999759 30881
Snk : 141 84 1617211521999762 1617211522134752 134990
Snk : 142 85 1617211522527371 1617211522566249 38878
Snk : 143 85 1617211522566251 1617211522633131 66880
Snk : 144 86 1617211523085105 1617211523107991 22886
Snk : 145 86 1617211523107993 1617211523238432 130439
Snk : 146 87 1617211523621689 1617211523636572 14883
Snk : 147 87 1617211523636574 1617211523775456 138882
Snk : 148 88 1617211524148007 1617211524166926 18919
Snk : 149 88 1617211524166928 1617211524269809 102881
Snk : 150 89 1617211524698935 1617211524713811 14876
Snk : 151 89 1617211524713814 1617211524844690 130876
Snk : 152 90 1617211525253671 1617211525268900 15229
Snk : 153 90 1617211525268902 1617211525403837 134935
Snk : 154 91 1617211525788312 1617211525815191 26879
Snk : 155 91 1617211525815194 1617211525898076 82882
Snk : 156 92 1617211526350059 1617211526364946 14887
Snk : 157 92 1617211526364970 1617211526495855 130885
Snk : 158 93 1617211526882101 1617211526896978 14877
Snk : 159 93 1617211526896980 1617211527011865 114885
Snk : 160 94 1617211527422451 1617211527437327 14876
Snk : 161 94 1617211527437329 1617211527584208 146879
Snk : 162 95 1617211527967769 1617211528010656 42887
Snk : 163 95 1617211528010661 1617211528069541 58880
Snk : 164 96 1617211528521015 1617211528535898 14883
Snk : 165 96 1617211528535901 1617211528678782 142881
Snk : 166 97 1617211529072923 1617211529087806 14883
Snk : 167 97 1617211529087808 1617211529226214 138406
Snk : 168 98 1617211529605334 1617211529620217 14883
Snk : 169 98 1617211529620219 1617211529763103 142884
Snk : 170 99 1617211530153388 1617211530168280 14892
Snk : 171 99 1617211530168282 1617211530271173 102891
Snk : 172 100 1617211530697852 1617211530712745 14893
Snk : 173 100 1617211530712747 1617211530819670 106923
Snk : 174 101 1617211531238865 1617211531253753 14888
Snk : 175 101 1617211531253755 1617211531336633 82878
Snk : 176 102 1617211531763709 1617211531802587 38878
Snk : 177 102 1617211531802590 1617211531917470 114880
Snk : 178 103 1617211532316014 1617211532346902 30888
Snk : 179 103 1617211532346906 1617211532457786 110880
Snk : 180 104 1617211532865614 1617211532880497 14883
Snk : 181 104 1617211532880499 1617211533011380 130881
Snk : 182 105 1617211533393072 1617211533424330 31258
Snk : 183 105 1617211533424332 1617211533537482 113150
Snk : 184 106 1617211533934609 1617211533949522 14913
Snk : 185 106 1617211533949524 1617211534080397 130873
Snk : 186 107 1617211534447212 1617211534486126 38914
Snk : 187 107 1617211534486128 1617211534596995 110867
Snk : 188 108 1617211534958616 1617211534973493 14877
Snk : 189 108 1617211534973495 1617211535108367 134872
Snk : 190 109 1617211535468472 1617211535495384 26912
Snk : 191 109 1617211535495389 1617211535630318 134929
Snk : 192 110 1617211535979685 1617211536002564 22879
Snk : 193 110 1617211536002566 1617211536117436 114870
Snk : 194 111 1617211536509322 1617211536528509 19187
Snk : 195 111 1617211536528512 1617211536663498 134986
Snk : 196 112 1617211536976918 1617211536991797 14879
Snk : 197 112 1617211536991799 1617211537090801 99002
Snk : 198 113 1617211537288917 1617211537303790 14873
Snk : 199 113 1617211537303793 1617211537374698 70905
Snk : 200 114 1617211537455296 1617211537470226 14930
Snk : 201 114 1617211537470230 1617211537485154 14924
