Src : 1 1 1616689955819598 1616689955862707 43109
Src : 2 1 1616689955862757 1616689955879174 16417
Src : 3 2 1616689955879200 1616689955896007 16807
Src : 4 2 1616689955896020 1616689955911241 15221
Src : 5 3 1616689955911255 1616689955927493 16238
Src : 6 3 1616689955927505 1616689955942516 15011
Src : 7 4 1616689955942528 1616689955958770 16242
Src : 8 4 1616689955958782 1616689955985056 26274
Src : 9 5 1616689955994626 1616689956036871 42245
Src : 10 5 1616689956036884 1616689956069938 33054
Src : 11 6 1616689956082626 1616689956115676 33050
Src : 12 6 1616689956115688 1616689956156292 40604
Src : 13 7 1616689956166626 1616689956199685 33059
Src : 14 7 1616689956199697 1616689956232739 33042
Src : 15 8 1616689956232767 1616689956269440 36673
Src : 16 8 1616689956278638 1616689956311634 32996
Src : 17 9 1616689956330630 1616689956363637 33007
Src : 18 9 1616689956363645 1616689956404665 41020
Src : 19 10 1616689956425899 1616689956463338 37439
Src : 20 10 1616689956463346 1616689956536391 73045
Src : 21 11 1616689956590210 1616689956638657 48447
Src : 22 11 1616689956638664 1616689956687918 49254
Src : 23 12 1616689956798891 1616689956830171 31280
Src : 24 12 1616689956830179 1616689956896860 66681
Src : 25 13 1616689956987830 1616689957026494 38664
Src : 26 13 1616689957026516 1616689957073125 46609
Src : 27 14 1616689957184268 1616689957217335 33067
Src : 28 14 1616689957217342 1616689957286392 69050
Src : 29 15 1616689957394763 1616689957430024 35261
Src : 30 15 1616689957430033 1616689957478393 48360
Src : 31 16 1616689957576689 1616689957637769 61080
Src : 32 16 1616689957637787 1616689957704385 66598
Src : 33 17 1616689957772393 1616689957803859 31466
Src : 34 17 1616689957803867 1616689957875663 71796
Src : 35 18 1616689957949260 1616689957990810 41550
Src : 36 18 1616689957990814 1616689958036407 45593
Src : 37 19 1616689958180499 1616689958203374 22875
Src : 38 19 1616689958203381 1616689958224007 20626
Src : 39 20 1616689958298090 1616689958328332 30242
Src : 40 20 1616689958328341 1616689958365527 37186
Src : 41 21 1616689958449076 1616689958493821 44745
Src : 42 21 1616689958493829 1616689958572397 78568
Src : 43 22 1616689958706914 1616689958738408 31494
Src : 44 22 1616689958738428 1616689958762218 23790
Src : 45 23 1616689958843674 1616689958890057 46383
Src : 46 23 1616689958890065 1616689958959415 69350
Src : 47 24 1616689959094885 1616689959129897 35012
Src : 48 24 1616689959129902 1616689959199484 69582
Src : 49 25 1616689959317769 1616689959360255 42486
Src : 50 25 1616689959360263 1616689959423434 63171
Src : 51 26 1616689959519082 1616689959557666 38584
Src : 52 26 1616689959557674 1616689959597384 39710
Src : 53 27 1616689959722661 1616689959767502 44841
Src : 54 27 1616689959767509 1616689959824572 57063
Src : 55 28 1616689959950896 1616689959998488 47592
Src : 56 28 1616689959998492 1616689960047913 49421
Src : 57 29 1616689960149110 1616689960181075 31965
Src : 58 29 1616689960181082 1616689960224395 43313
Src : 59 30 1616689960313117 1616689960363238 50121
Src : 60 30 1616689960363242 1616689960416212 52970
Src : 61 31 1616689960490515 1616689960536096 45581
Src : 62 31 1616689960536100 1616689960589602 53502
Src : 63 32 1616689960671106 1616689960704427 33321
Src : 64 32 1616689960704432 1616689960751570 47138
Src : 65 33 1616689960830474 1616689960871912 41438
Src : 66 33 1616689960871917 1616689960915708 43791
Src : 67 34 1616689961007211 1616689961052144 44933
Src : 68 34 1616689961052148 1616689961109651 57503
Src : 69 35 1616689961188027 1616689961223810 35783
Src : 70 35 1616689961223815 1616689961277118 53303
Src : 71 36 1616689961369763 1616689961398089 28326
Src : 72 36 1616689961398093 1616689961419682 21589
Src : 73 37 1616689961554660 1616689961623744 69084
Src : 74 37 1616689961623748 1616689961686322 62574
Src : 75 38 1616689961730898 1616689961763949 33051
Src : 76 38 1616689961763953 1616689961808977 45024
Src : 77 39 1616689961907005 1616689961936084 29079
Src : 78 39 1616689961936089 1616689961989143 53054
Src : 79 40 1616689962109998 1616689962143606 33608
Src : 80 40 1616689962143610 1616689962176672 33062
Src : 81 41 1616689962316945 1616689962357999 41054
Src : 82 41 1616689962358002 1616689962398362 40360
Src : 83 42 1616689962496695 1616689962537759 41064
Src : 84 42 1616689962537764 1616689962582990 45226
Src : 85 43 1616689962690334 1616689962727434 37100
Src : 86 43 1616689962727438 1616689962808520 81082
Src : 87 44 1616689962901563 1616689962937583 36020
Src : 88 44 1616689962937587 1616689962982646 45059
Src : 89 45 1616689963124541 1616689963177596 53055
Src : 90 45 1616689963177601 1616689963226677 49076
Src : 91 46 1616689963335237 1616689963368327 33090
Src : 92 46 1616689963368331 1616689963417409 49078
Src : 93 47 1616689963561397 1616689963602480 41083
Src : 94 47 1616689963602484 1616689963667728 65244
Src : 95 48 1616689963746161 1616689963807245 61084
Src : 96 48 1616689963807249 1616689963852921 45672
Src : 97 49 1616689963970196 1616689964019259 49063
Src : 98 49 1616689964019263 1616689964072627 53364
Src : 99 50 1616689964218711 1616689964249186 30475
Src : 100 50 1616689964249191 1616689964294589 45398
Src : 101 51 1616689964404600 1616689964445497 40897
Src : 102 51 1616689964445502 1616689964498583 53081
Src : 103 52 1616689964546291 1616689964587375 41084
Src : 104 52 1616689964587379 1616689964632461 45082
Src : 105 53 1616689964726911 1616689964759994 33083
Src : 106 53 1616689964759998 1616689964834009 74011
Src : 107 54 1616689964996751 1616689965037817 41066
Src : 108 54 1616689965037821 1616689965107781 69960
Src : 109 55 1616689965243053 1616689965288091 45038
Src : 110 55 1616689965288099 1616689965341135 53036
Src : 111 56 1616689965477494 1616689965520315 42821
Src : 112 56 1616689965520324 1616689965577688 57364
Src : 113 57 1616689965662161 1616689965707374 45213
Src : 114 57 1616689965707382 1616689965752075 44693
Src : 115 58 1616689965875912 1616689965921926 46014
Src : 116 58 1616689965921941 1616689965991000 69059
Src : 117 59 1616689966090532 1616689966135582 45050
Src : 118 59 1616689966135590 1616689966184642 49052
Src : 119 60 1616689966302918 1616689966340015 37097
Src : 120 60 1616689966340023 1616689966373055 33032
Src : 121 61 1616689966436318 1616689966481337 45019
Src : 122 61 1616689966481345 1616689966526399 45054
Src : 123 62 1616689966647911 1616689966688970 41059
Src : 124 62 1616689966688977 1616689966752977 64000
Src : 125 63 1616689966830884 1616689966875964 45080
Src : 126 63 1616689966875971 1616689966929024 53053
Src : 127 64 1616689967030885 1616689967053288 22403
Src : 128 64 1616689967053296 1616689967088864 35568
Src : 129 65 1616689967215107 1616689967249661 34554
Src : 130 65 1616689967249670 1616689967342374 92704
Src : 131 66 1616689967402883 1616689967451536 48653
Src : 132 66 1616689967451542 1616689967516285 64743
Src : 133 67 1616689967590858 1616689967635892 45034
Src : 134 67 1616689967635900 1616689967676975 41075
Src : 135 68 1616689967788510 1616689967817552 29042
Src : 136 68 1616689967817560 1616689967878635 61075
Src : 137 69 1616689967983372 1616689968028432 45060
Src : 138 69 1616689968028441 1616689968074261 45820
Src : 139 70 1616689968154882 1616689968191445 36563
Src : 140 70 1616689968191453 1616689968238410 46957
Src : 141 71 1616689968345046 1616689968427487 82441
Src : 142 71 1616689968427496 1616689968497970 70474
Src : 143 72 1616689968550891 1616689968595948 45057
Src : 144 72 1616689968595956 1616689968676447 80491
Src : 145 73 1616689968714492 1616689968769681 55189
Src : 146 73 1616689968769689 1616689968824484 54795
Src : 147 74 1616689968898579 1616689968934662 36083
Src : 148 74 1616689968934671 1616689968986599 51928
Src : 149 75 1616689969105426 1616689969144844 39418
Src : 150 75 1616689969144852 1616689969178678 33826
Src : 151 76 1616689969298893 1616689969354513 55620
Src : 152 76 1616689969354521 1616689969413740 59219
Src : 153 77 1616689969470883 1616689969510013 39130
Src : 154 77 1616689969510021 1616689969549174 39153
Src : 155 78 1616689969682890 1616689969720430 37540
Src : 156 78 1616689969720438 1616689969776971 56533
Src : 157 79 1616689969871000 1616689969904520 33520
Snk : 1 1 1616689956530878 1616689956592404 61526
Snk : 2 1 1616689956592421 1616689956645946 53525
Snk : 3 2 1616689956763413 1616689956808949 45536
Snk : 4 2 1616689956808953 1616689956867543 58590
Snk : 5 3 1616689957014771 1616689957069412 54641
Snk : 6 3 1616689957069425 1616689957127674 58249
Snk : 7 4 1616689957213616 1616689957271141 57525
Snk : 8 4 1616689957271145 1616689957324669 53524
Snk : 9 5 1616689957475239 1616689957512752 37513
Snk : 10 5 1616689957512755 1616689957573552 60797
Snk : 11 6 1616689957698870 1616689957741775 42905
Snk : 12 6 1616689957741781 1616689957788362 46581
Snk : 13 7 1616689957902609 1616689957948528 45919
Snk : 14 7 1616689957948534 1616689958002061 53527
Snk : 15 8 1616689958107831 1616689958155308 47477
Snk : 16 8 1616689958155312 1616689958222009 66697
Snk : 17 9 1616689958330829 1616689958368342 37513
Snk : 18 9 1616689958368346 1616689958433793 65447
Snk : 19 10 1616689958537557 1616689958583207 45650
Snk : 20 10 1616689958583217 1616689958651333 68116
Snk : 21 11 1616689958750326 1616689958806628 56302
Snk : 22 11 1616689958806641 1616689958862457 55816
Snk : 23 12 1616689958934863 1616689958972897 38034
Snk : 24 12 1616689958972904 1616689959050817 77913
Snk : 25 13 1616689959066883 1616689959101752 34869
Snk : 26 13 1616689959101757 1616689959180354 78597
Snk : 27 14 1616689959185446 1616689959230886 45440
Snk : 28 14 1616689959230895 1616689959273815 42920
Snk : 29 15 1616689959432621 1616689959464297 31676
Snk : 30 15 1616689959464307 1616689959514725 50418
Snk : 31 16 1616689959639195 1616689959687433 48238
Snk : 32 16 1616689959687441 1616689959763792 76351
Snk : 33 17 1616689959827195 1616689959885206 58011
Snk : 34 17 1616689959885214 1616689959942134 56920
Snk : 35 18 1616689959978848 1616689960028669 49821
Snk : 36 18 1616689960028686 1616689960092180 63494
Snk : 37 19 1616689960192272 1616689960233971 41699
Snk : 38 19 1616689960233977 1616689960276610 42633
Snk : 39 20 1616689960394476 1616689960443423 48947
Snk : 40 20 1616689960443431 1616689960506496 63065
Snk : 41 21 1616689960582580 1616689960622994 40414
Snk : 42 21 1616689960623033 1616689960675380 52347
Snk : 43 22 1616689960803543 1616689960852933 49390
Snk : 44 22 1616689960852941 1616689960912814 59873
Snk : 45 23 1616689961017550 1616689961071249 53699
Snk : 46 23 1616689961071256 1616689961131781 60525
Snk : 47 24 1616689961223221 1616689961263363 40142
Snk : 48 24 1616689961263368 1616689961326703 63335
Snk : 49 25 1616689961443190 1616689961483776 40586
Snk : 50 25 1616689961483784 1616689961537955 54171
Snk : 51 26 1616689961688334 1616689961724941 36607
Snk : 52 26 1616689961724948 1616689961786268 61320
Snk : 53 27 1616689961846974 1616689961869770 22796
Snk : 54 27 1616689961869778 1616689961891464 21686
Snk : 55 28 1616689962019420 1616689962054458 35038
Snk : 56 28 1616689962054466 1616689962089002 34536
Snk : 57 29 1616689962252304 1616689962307005 54701
Snk : 58 29 1616689962307013 1616689962366496 59483
Snk : 59 30 1616689962459397 1616689962489969 30572
Snk : 60 30 1616689962489976 1616689962571725 81749
Snk : 61 31 1616689962671846 1616689962703284 31438
Snk : 62 31 1616689962703291 1616689962758887 55596
Snk : 63 32 1616689962860395 1616689962903177 42782
Snk : 64 32 1616689962903184 1616689962956879 53695
Snk : 65 33 1616689963080404 1616689963114122 33718
Snk : 66 33 1616689963114129 1616689963157966 43837
Snk : 67 34 1616689963251013 1616689963286175 35162
Snk : 68 34 1616689963286183 1616689963323827 37644
Snk : 69 35 1616689963401439 1616689963445579 44140
Snk : 70 35 1616689963445587 1616689963489581 43994
Snk : 71 36 1616689963546706 1616689963594342 47636
Snk : 72 36 1616689963594349 1616689963659994 65645
Snk : 73 37 1616689963768837 1616689963806355 37518
Snk : 74 37 1616689963806359 1616689963867860 61501
Snk : 75 38 1616689963954271 1616689964007772 53501
Snk : 76 38 1616689964007776 1616689964066907 59131
Snk : 77 39 1616689964192129 1616689964237533 45404
Snk : 78 39 1616689964237551 1616689964299322 61771
Snk : 79 40 1616689964388978 1616689964435004 46026
Snk : 80 40 1616689964435008 1616689964478987 43979
Snk : 81 41 1616689964569168 1616689964622650 53482
Snk : 82 41 1616689964622654 1616689964676155 53501
Snk : 83 42 1616689964774020 1616689964827612 53592
Snk : 84 42 1616689964827617 1616689964893322 65705
Snk : 85 43 1616689964975069 1616689965042461 67392
Snk : 86 43 1616689965042466 1616689965088469 46003
Snk : 87 44 1616689965165861 1616689965197678 31817
Snk : 88 44 1616689965197682 1616689965258154 60472
Snk : 89 45 1616689965422883 1616689965454943 32060
Snk : 90 45 1616689965454949 1616689965499790 44841
Snk : 91 46 1616689965635144 1616689965669642 34498
Snk : 92 46 1616689965669646 1616689965755674 86028
Snk : 93 47 1616689965846240 1616689965892376 46136
Snk : 94 47 1616689965892380 1616689965941908 49528
Snk : 95 48 1616689966046904 1616689966088777 41873
Snk : 96 48 1616689966088781 1616689966151672 62891
Snk : 97 49 1616689966248372 1616689966282584 34212
Snk : 98 49 1616689966282593 1616689966321461 38868
Snk : 99 50 1616689966453136 1616689966494652 41516
Snk : 100 50 1616689966494656 1616689966544160 49504
Snk : 101 51 1616689966662877 1616689966700389 37512
Snk : 102 51 1616689966700393 1616689966769916 69523
Snk : 103 52 1616689966891248 1616689966946133 54885
Snk : 104 52 1616689966946137 1616689967015661 69524
Snk : 105 53 1616689967095197 1616689967124728 29531
Snk : 106 53 1616689967124731 1616689967190259 65528
Snk : 107 54 1616689967303248 1616689967343968 40720
Snk : 108 54 1616689967343974 1616689967425360 81386
Snk : 109 55 1616689967487197 1616689967516729 29532
Snk : 110 55 1616689967516732 1616689967565399 48667
Snk : 111 56 1616689967628767 1616689967666290 37523
Snk : 112 56 1616689967666294 1616689967735823 69529
Snk : 113 57 1616689967860462 1616689967907769 47307
Snk : 114 57 1616689967907773 1616689967958221 50448
Snk : 115 58 1616689968070857 1616689968117745 46888
Snk : 116 58 1616689968117750 1616689968182534 64784
Snk : 117 59 1616689968258855 1616689968305743 46888
Snk : 118 59 1616689968305747 1616689968350373 44626
Snk : 119 60 1616689968470860 1616689968492376 21516
Snk : 120 60 1616689968492380 1616689968517233 24853
Snk : 121 61 1616689968641240 1616689968687023 45783
Snk : 122 61 1616689968687030 1616689968740883 53853
Snk : 123 62 1616689968827239 1616689968890370 63131
Snk : 124 62 1616689968890392 1616689968975108 84716
Snk : 125 63 1616689969006883 1616689969045915 39032
Snk : 126 63 1616689969045923 1616689969083597 37674
Snk : 127 64 1616689969227198 1616689969266153 38955
Snk : 128 64 1616689969266162 1616689969326198 60036
Snk : 129 65 1616689969458959 1616689969500384 41425
Snk : 130 65 1616689969500388 1616689969533912 33524
Snk : 131 66 1616689969664631 1616689969710148 45517
Snk : 132 66 1616689969710152 1616689969755679 45527
Snk : 133 67 1616689969861687 1616689969895136 33449
Snk : 134 67 1616689969895143 1616689969929098 33955
Snk : 135 68 1616689970090858 1616689970124382 33524
Snk : 136 68 1616689970124386 1616689970185891 61505
Snk : 137 69 1616689970266853 1616689970300369 33516
Snk : 138 69 1616689970300372 1616689970345899 45527
Snk : 139 70 1616689970458846 1616689970512340 53494
Snk : 140 70 1616689970512345 1616689970565829 53484
Snk : 141 71 1616689970631727 1616689970671565 39838
Snk : 142 71 1616689970671568 1616689970706293 34725
Snk : 143 72 1616689970802464 1616689970837247 34783
Snk : 144 72 1616689970837255 1616689970874362 37107
Snk : 145 73 1616689970985969 1616689971024325 38356
Snk : 146 73 1616689971024333 1616689971054518 30185
Snk : 147 74 1616689971161864 1616689971227048 65184
Snk : 148 74 1616689971227055 1616689971301991 74936
Snk : 149 75 1616689971327846 1616689971374707 46861
Snk : 150 75 1616689971374715 1616689971444829 70114
Snk : 151 76 1616689971518777 1616689971566243 47466
Snk : 152 76 1616689971566252 1616689971636898 70646
Snk : 153 77 1616689971672374 1616689971720917 48543
Snk : 154 77 1616689971720924 1616689971792650 71726
Snk : 155 78 1616689971842878 1616689971877511 34633
Snk : 156 78 1616689971877519 1616689971918415 40896
Snk : 157 79 1616689972055196 1616689972101495 46299
