Src : 1 1 1617211286948172 1617211286969244 21072
Src : 2 2 1617211286997934 1617211287017404 19470
Src : 3 3 1617211287032361 1617211287071933 39572
Src : 4 4 1617211287075842 1617211287105354 29512
Src : 5 5 1617211287121183 1617211287165331 44148
Src : 6 6 1617211287181505 1617211287208170 26665
Src : 7 7 1617211287229933 1617211287265026 35093
Src : 8 8 1617211287271991 1617211287314942 42951
Src : 9 9 1617211287329933 1617211287384919 54986
Src : 10 10 1617211287405282 1617211287431687 26405
Src : 11 11 1617211287588921 1617211287604033 15112
Src : 12 12 1617211287863372 1617211287892308 28936
Src : 13 13 1617211288136974 1617211288165371 28397
Src : 14 14 1617211288410770 1617211288425646 14876
Src : 15 15 1617211288689132 1617211288704047 14915
Src : 16 16 1617211288960918 1617211288975795 14877
Src : 17 17 1617211289228840 1617211289243718 14878
Src : 18 18 1617211289512921 1617211289527798 14877
Src : 19 19 1617211289775083 1617211289813961 38878
Src : 20 20 1617211290048317 1617211290083373 35056
Src : 21 21 1617211290332787 1617211290359665 26878
Src : 22 22 1617211290604919 1617211290619835 14916
Src : 23 23 1617211290870613 1617211290885487 14874
Src : 24 24 1617211291146610 1617211291161590 14980
Src : 25 25 1617211291429610 1617211291456495 26885
Src : 26 26 1617211291699622 1617211291727371 27749
Src : 27 27 1617211291970730 1617211291985601 14871
Src : 28 28 1617211292318784 1617211292333653 14869
Src : 29 29 1617211295373444 1617211295388582 15138
Src : 30 29 1617211295388603 1617211295404096 15493
Src : 31 30 1617211295441937 1617211295476902 34965
Src : 32 30 1617211295484056 1617211295519032 34976
Src : 33 31 1617211295541933 1617211295573668 31735
Src : 34 31 1617211295573676 1617211295654103 80427
Src : 35 32 1617211295685933 1617211295741137 55204
Src : 36 32 1617211295749938 1617211295808896 58958
Src : 37 33 1617211295837857 1617211295919091 81234
Src : 38 33 1617211295924862 1617211296015871 91009
Src : 39 34 1617211296077933 1617211296140801 62868
Src : 40 34 1617211296140810 1617211296279882 139072
Src : 41 35 1617211296313743 1617211296404996 91253
Src : 42 35 1617211296405006 1617211296527881 122875
Src : 43 36 1617211296613933 1617211296708843 94910
Src : 44 36 1617211296708852 1617211296857968 149116
Src : 45 37 1617211296885933 1617211297002651 116718
Src : 46 37 1617211297002653 1617211297137531 134878
Src : 47 38 1617211297193933 1617211297284810 90877
Src : 48 38 1617211297284812 1617211297435691 150879
Src : 49 39 1617211297567784 1617211297610663 42879
Src : 50 39 1617211297610665 1617211297745315 134650
Src : 51 40 1617211298107970 1617211298146849 38879
Src : 52 40 1617211298146851 1617211298317950 171099
Src : 53 41 1617211298651969 1617211298690854 38885
Src : 54 41 1617211298690859 1617211298831896 141037
Src : 55 42 1617211299214927 1617211299241917 26990
Src : 56 42 1617211299241919 1617211299372800 130881
Src : 57 43 1617211299727605 1617211299774486 46881
Src : 58 43 1617211299774488 1617211299905853 131365
Src : 59 44 1617211300272915 1617211300311802 38887
Src : 60 44 1617211300311804 1617211300456299 144495
Src : 61 45 1617211300845639 1617211300884526 38887
Src : 62 45 1617211300884528 1617211300993241 108713
Src : 63 46 1617211301378936 1617211301393815 14879
Src : 64 46 1617211301393817 1617211301536702 142885
Src : 65 47 1617211301930057 1617211301956941 26884
Src : 66 47 1617211301956943 1617211302083821 126878
Src : 67 48 1617211302469504 1617211302488389 18885
Src : 68 48 1617211302488391 1617211302613650 125259
Src : 69 49 1617211303005974 1617211303032890 26916
Src : 70 49 1617211303032892 1617211303157494 124602
Src : 71 50 1617211303526386 1617211303541271 14885
Src : 72 50 1617211303541274 1617211303716150 174876
Src : 73 51 1617211304063426 1617211304138308 74882
Src : 74 51 1617211304138310 1617211304209183 70873
Src : 75 52 1617211304617195 1617211304632077 14882
Src : 76 52 1617211304632083 1617211304803284 171201
Src : 77 53 1617211305152921 1617211305167803 14882
Src : 78 53 1617211305167805 1617211305354687 186882
Src : 79 54 1617211305693245 1617211305728126 34881
Src : 80 54 1617211305728129 1617211305891006 162877
Src : 81 55 1617211306254584 1617211306281467 26883
Src : 82 55 1617211306281470 1617211306420352 138882
Src : 83 56 1617211306780920 1617211306795801 14881
Src : 84 56 1617211306795804 1617211306982114 186310
Src : 85 57 1617211307337467 1617211307368349 30882
Src : 86 57 1617211307368352 1617211307511609 143257
Src : 87 58 1617211307884918 1617211307915799 30881
Src : 88 58 1617211307915801 1617211308004956 89155
Src : 89 59 1617211308401424 1617211308428723 27299
Src : 90 59 1617211308428725 1617211308599602 170877
Src : 91 60 1617211308966925 1617211308989909 22984
Src : 92 60 1617211308989912 1617211309120792 130880
Src : 93 61 1617211309510440 1617211309525319 14879
Src : 94 61 1617211309525322 1617211309676198 150876
Src : 95 62 1617211310049736 1617211310080619 30883
Src : 96 62 1617211310080621 1617211310223505 142884
Src : 97 63 1617211310575312 1617211310634195 58883
Src : 98 63 1617211310634197 1617211310713071 78874
Src : 99 64 1617211311116451 1617211311131332 14881
Src : 100 64 1617211311131335 1617211311307258 175923
Src : 101 65 1617211311674231 1617211311689111 14880
Src : 102 65 1617211311689116 1617211311848021 158905
Src : 103 66 1617211312204041 1617211312238954 34913
Src : 104 66 1617211312238957 1617211312365831 126874
Src : 105 67 1617211312761116 1617211312791996 30880
Src : 106 67 1617211312791998 1617211312881151 89153
Src : 107 68 1617211313284368 1617211313319252 34884
Src : 108 68 1617211313319255 1617211313490132 170877
Src : 109 69 1617211313846030 1617211313860909 14879
Src : 110 69 1617211313860911 1617211314015795 154884
Src : 111 70 1617211314366678 1617211314381556 14878
Src : 112 70 1617211314381559 1617211314521309 139750
Src : 113 71 1617211314911892 1617211314954775 42883
Src : 114 71 1617211314954779 1617211315088705 133926
Src : 115 72 1617211315456915 1617211315483798 26883
Src : 116 72 1617211315483800 1617211315646683 162883
Src : 117 73 1617211315997537 1617211316012418 14881
Src : 118 73 1617211316012421 1617211316187314 174893
Src : 119 74 1617211316540915 1617211316575797 34882
Src : 120 74 1617211316575799 1617211316738676 162877
Src : 121 75 1617211317098497 1617211317125380 26883
Src : 122 75 1617211317125383 1617211317236259 110876
Src : 123 76 1617211317645412 1617211317676334 30922
Src : 124 76 1617211317676337 1617211317801492 125155
Src : 125 77 1617211318168921 1617211318183802 14881
Src : 126 77 1617211318183805 1617211318370676 186871
Src : 127 78 1617211318725933 1617211318740813 14880
Src : 128 78 1617211318740818 1617211318889435 148617
Src : 129 79 1617211319260923 1617211319275805 14882
Src : 130 79 1617211319275807 1617211319396959 121152
Src : 131 80 1617211319817204 1617211319848085 30881
Src : 132 80 1617211319848088 1617211319937243 89155
Src : 133 81 1617211320344920 1617211320359802 14882
Src : 134 81 1617211320359804 1617211320532048 172244
Src : 135 82 1617211320905442 1617211320936323 30881
Src : 136 82 1617211320936325 1617211321069031 132706
Src : 137 83 1617211321426564 1617211321441442 14878
Src : 138 83 1617211321441444 1617211321608333 166889
Src : 139 84 1617211321981879 1617211322012761 30882
Src : 140 84 1617211322012763 1617211322119640 106877
Src : 141 85 1617211322504774 1617211322551658 46884
Src : 142 85 1617211322551660 1617211322674542 122882
Src : 143 86 1617211323058458 1617211323085447 26989
Src : 144 86 1617211323085449 1617211323232321 146872
Src : 145 87 1617211323591049 1617211323605926 14877
Src : 146 87 1617211323605929 1617211323744525 138596
Src : 147 88 1617211324133357 1617211324168278 34921
Src : 148 88 1617211324168280 1617211324327156 158876
Src : 149 89 1617211324675413 1617211324742294 66881
Src : 150 89 1617211324742296 1617211324857170 114874
Src : 151 90 1617211325213795 1617211325240680 26885
Src : 152 90 1617211325240682 1617211325383564 142882
Src : 153 91 1617211325789733 1617211325820616 30883
Src : 154 91 1617211325820618 1617211325955496 134878
Src : 155 92 1617211326303725 1617211326362607 58882
Src : 156 92 1617211326362609 1617211326441859 79250
Src : 157 93 1617211326872918 1617211326904177 31259
Src : 158 93 1617211326904182 1617211327025426 121244
Src : 159 94 1617211327385716 1617211327412605 26889
Src : 160 94 1617211327412608 1617211327579489 166881
Src : 161 95 1617211327952920 1617211327967812 14892
Src : 162 95 1617211327967815 1617211328116859 149044
Src : 163 96 1617211328472920 1617211328487807 14887
Src : 164 96 1617211328487810 1617211328648854 161044
Src : 165 97 1617211329011681 1617211329078595 66914
Src : 166 97 1617211329078597 1617211329193471 114874
Src : 167 98 1617211329552915 1617211329591802 38887
Src : 168 98 1617211329591804 1617211329704304 112500
Src : 169 99 1617211330100921 1617211330115802 14881
Src : 170 99 1617211330115805 1617211330276850 161045
Src : 171 100 1617211330661218 1617211330692098 30880
Src : 172 100 1617211330692101 1617211330798978 106877
Src : 173 101 1617211331181354 1617211331220242 38888
Src : 174 101 1617211331220245 1617211331387116 166871
Src : 175 102 1617211331723412 1617211331794297 70885
Src : 176 102 1617211331794300 1617211331885214 90914
Src : 177 103 1617211332282193 1617211332297073 14880
Src : 178 103 1617211332297075 1617211332455957 158882
Src : 179 104 1617211332811304 1617211332866186 54882
Src : 180 104 1617211332866188 1617211332953068 86880
Src : 181 105 1617211333373518 1617211333404786 31268
Src : 182 105 1617211333404789 1617211333537399 132610
Src : 183 106 1617211333913266 1617211333944149 30883
Src : 184 106 1617211333944152 1617211334033306 89154
Src : 185 107 1617211334454228 1617211334469107 14879
Src : 186 107 1617211334469109 1617211334595141 126032
Src : 187 108 1617211334981357 1617211335008242 26885
Src : 188 108 1617211335008244 1617211335175261 167017
Src : 189 109 1617211335524921 1617211335539834 14913
Src : 190 109 1617211335539836 1617211335704078 164242
Src : 191 110 1617211336074120 1617211336101003 26883
Src : 192 110 1617211336101006 1617211336243883 142877
Src : 193 111 1617211336600915 1617211336635797 34882
Src : 194 111 1617211336635799 1617211336794682 158883
Src : 195 112 1617211337142628 1617211337157507 14879
Src : 196 112 1617211337157509 1617211337332387 174878
Src : 197 113 1617211337692927 1617211337707811 14884
Src : 198 113 1617211337707815 1617211337848067 140252
Src : 199 114 1617211338230174 1617211338245059 14885
Src : 200 114 1617211338245061 1617211338415944 170883
Snk : 1 1 1617211287713127 1617211287728007 14880
Snk : 2 2 1617211287995519 1617211288010399 14880
Snk : 3 3 1617211288264920 1617211288279796 14876
Snk : 4 4 1617211288540919 1617211288555795 14876
Snk : 5 5 1617211288820960 1617211288835835 14875
Snk : 6 6 1617211289085939 1617211289100873 14934
Snk : 7 7 1617211289360921 1617211289375797 14876
Snk : 8 8 1617211289644922 1617211289659798 14876
Snk : 9 9 1617211289908730 1617211289923607 14877
Snk : 10 10 1617211290188920 1617211290203795 14875
Snk : 11 11 1617211290456695 1617211290471572 14877
Snk : 12 12 1617211290736921 1617211290751797 14876
Snk : 13 13 1617211291012922 1617211291027829 14907
Snk : 14 14 1617211291279349 1617211291294226 14877
Snk : 15 15 1617211291550869 1617211291565743 14874
Snk : 16 16 1617211291830331 1617211291845204 14873
Snk : 17 17 1617211292154310 1617211292169179 14869
Snk : 18 18 1617211292484914 1617211292499785 14871
Snk : 19 19 1617211292804913 1617211292819784 14871
Snk : 20 20 1617211293120914 1617211293135785 14871
Snk : 21 21 1617211293440915 1617211293455785 14870
Snk : 22 22 1617211293760913 1617211293775783 14870
Snk : 23 23 1617211294085448 1617211294100359 14911
Snk : 24 24 1617211294392913 1617211294408200 15287
Snk : 25 25 1617211294708916 1617211294723786 14870
Snk : 26 26 1617211294992914 1617211295007785 14871
Snk : 27 27 1617211295208916 1617211295223786 14870
Snk : 28 28 1617211295353252 1617211295368121 14869
Snk : 29 29 1617211296684964 1617211296699847 14883
Snk : 30 29 1617211296699850 1617211296830765 130915
Snk : 31 30 1617211297250858 1617211297265733 14875
Snk : 32 30 1617211297265736 1617211297392624 126888
Snk : 33 31 1617211297805672 1617211297820561 14889
Snk : 34 31 1617211297820563 1617211297907857 87294
Snk : 35 32 1617211298351683 1617211298374560 22877
Snk : 36 32 1617211298374562 1617211298477432 102870
Snk : 37 33 1617211298893467 1617211298908728 15261
Snk : 38 33 1617211298908731 1617211299047607 138876
Snk : 39 34 1617211299430932 1617211299445816 14884
Snk : 40 34 1617211299445818 1617211299528698 82880
Snk : 41 35 1617211299982016 1617211299996893 14877
Snk : 42 35 1617211299996895 1617211300139088 142193
Snk : 43 36 1617211300528916 1617211300543802 14886
Snk : 44 36 1617211300543804 1617211300678689 134885
Snk : 45 37 1617211301050805 1617211301065693 14888
Snk : 46 37 1617211301065695 1617211301212571 146876
Snk : 47 38 1617211301595969 1617211301626853 30884
Snk : 48 38 1617211301626855 1617211301737729 110874
Snk : 49 39 1617211302146375 1617211302161252 14877
Snk : 50 39 1617211302161254 1617211302298741 137487
Snk : 51 40 1617211302680854 1617211302707737 26883
Snk : 52 40 1617211302707739 1617211302798615 90876
Snk : 53 41 1617211303242506 1617211303257477 14971
Snk : 54 41 1617211303257480 1617211303384364 126884
Snk : 55 42 1617211303784919 1617211303807803 22884
Snk : 56 42 1617211303807805 1617211303934678 126873
Snk : 57 43 1617211304317675 1617211304332561 14886
Snk : 58 43 1617211304332565 1617211304471448 138883
Snk : 59 44 1617211304866765 1617211304881652 14887
Snk : 60 44 1617211304881654 1617211304963686 82032
Snk : 61 45 1617211305401842 1617211305417128 15286
Snk : 62 45 1617211305417131 1617211305548009 130878
Snk : 63 46 1617211305950118 1617211305965004 14886
Snk : 64 46 1617211305965006 1617211306095554 130548
Snk : 65 47 1617211306492202 1617211306527081 34879
Snk : 66 47 1617211306527083 1617211306650366 123283
Snk : 67 48 1617211307016173 1617211307051052 34879
Snk : 68 48 1617211307051055 1617211307177939 126884
Snk : 69 49 1617211307582538 1617211307597424 14886
Snk : 70 49 1617211307597426 1617211307680308 82882
Snk : 71 50 1617211308122172 1617211308137048 14876
Snk : 72 50 1617211308137050 1617211308258101 121051
Snk : 73 51 1617211308661053 1617211308675937 14884
Snk : 74 51 1617211308675939 1617211308818822 142883
Snk : 75 52 1617211309213655 1617211309228538 14883
Snk : 76 52 1617211309228540 1617211309327428 98888
Snk : 77 53 1617211309731482 1617211309766364 34882
Snk : 78 53 1617211309766366 1617211309869260 102894
Snk : 79 54 1617211310299326 1617211310325684 26358
Snk : 80 54 1617211310325686 1617211310446771 121085
Snk : 81 55 1617211310829744 1617211310844623 14879
Snk : 82 55 1617211310844626 1617211310987540 142914
Snk : 83 56 1617211311386297 1617211311401184 14887
Snk : 84 56 1617211311401187 1617211311504471 103284
Snk : 85 57 1617211311929132 1617211311944027 14895
Snk : 86 57 1617211311944029 1617211312074911 130882
Snk : 87 58 1617211312472917 1617211312487802 14885
Snk : 88 58 1617211312487804 1617211312618688 130884
Snk : 89 59 1617211313007167 1617211313034088 26921
Snk : 90 59 1617211313034090 1617211313144972 110882
Snk : 91 60 1617211313554188 1617211313569064 14876
Snk : 92 60 1617211313569067 1617211313671956 102889
Snk : 93 61 1617211314093182 1617211314120147 26965
Snk : 94 61 1617211314120149 1617211314243033 122884
Snk : 95 62 1617211314624624 1617211314659623 34999
Snk : 96 62 1617211314659625 1617211314794508 134883
Snk : 97 63 1617211315180923 1617211315203809 22886
Snk : 98 63 1617211315203813 1617211315330697 126884
Snk : 99 64 1617211315710099 1617211315724976 14877
Snk : 100 64 1617211315724978 1617211315855859 130881
Snk : 101 65 1617211316250098 1617211316264975 14877
Snk : 102 65 1617211316264977 1617211316403212 138235
Snk : 103 66 1617211316808918 1617211316831801 22883
Snk : 104 66 1617211316831803 1617211316954689 122886
Snk : 105 67 1617211317335537 1617211317366223 30686
Snk : 106 67 1617211317366225 1617211317477104 110879
Snk : 107 68 1617211317881713 1617211317896592 14879
Snk : 108 68 1617211317896594 1617211318043473 146879
Snk : 109 69 1617211318428969 1617211318451854 22885
Snk : 110 69 1617211318451857 1617211318576896 125039
Snk : 111 70 1617211318976979 1617211318992111 15132
Snk : 112 70 1617211318992115 1617211319119077 126962
Snk : 113 71 1617211319506934 1617211319521811 14877
Snk : 114 71 1617211319521813 1617211319656695 134882
Snk : 115 72 1617211320064950 1617211320079832 14882
Snk : 116 72 1617211320079834 1617211320214215 134381
Snk : 117 73 1617211320588602 1617211320615485 26883
Snk : 118 73 1617211320615487 1617211320754371 138884
Snk : 119 74 1617211321117693 1617211321148573 30880
Snk : 120 74 1617211321148575 1617211321245739 97164
Snk : 121 75 1617211321681952 1617211321696827 14875
Snk : 122 75 1617211321696830 1617211321827710 130880
Snk : 123 76 1617211322222050 1617211322236927 14877
Snk : 124 76 1617211322236929 1617211322363813 126884
Snk : 125 77 1617211322752916 1617211322775797 22881
Snk : 126 77 1617211322775799 1617211322910682 134883
Snk : 127 78 1617211323303190 1617211323346073 42883
Snk : 128 78 1617211323346075 1617211323428957 82882
Snk : 129 79 1617211323853436 1617211323868319 14883
Snk : 130 79 1617211323868321 1617211323967600 99279
Snk : 131 80 1617211324403025 1617211324417901 14876
Snk : 132 80 1617211324417903 1617211324544038 126135
Snk : 133 81 1617211324950430 1617211324965316 14886
Snk : 134 81 1617211324965318 1617211325082366 117048
Snk : 135 82 1617211325486669 1617211325501547 14878
Snk : 136 82 1617211325501549 1617211325624509 122960
Snk : 137 83 1617211326020695 1617211326043575 22880
Snk : 138 83 1617211326043577 1617211326101419 57842
Snk : 139 84 1617211326559443 1617211326598328 38885
Snk : 140 84 1617211326598332 1617211326683425 85093
Snk : 141 85 1617211327104298 1617211327139313 35015
Snk : 142 85 1617211327139315 1617211327274113 134798
Snk : 143 86 1617211327645150 1617211327660032 14882
Snk : 144 86 1617211327660035 1617211327790938 130903
Snk : 145 87 1617211328190799 1617211328205675 14876
Snk : 146 87 1617211328205678 1617211328340342 134664
Snk : 147 88 1617211328738864 1617211328753750 14886
Snk : 148 88 1617211328753753 1617211328856672 102919
Snk : 149 89 1617211329264805 1617211329291691 26886
Snk : 150 89 1617211329291693 1617211329430570 138877
Snk : 151 90 1617211329832924 1617211329847806 14882
Snk : 152 90 1617211329847809 1617211329982685 134876
Snk : 153 91 1617211330347632 1617211330398485 50853
Snk : 154 91 1617211330398488 1617211330497372 98884
Snk : 155 92 1617211330892265 1617211330927522 35257
Snk : 156 92 1617211330927525 1617211331058138 130613
Snk : 157 93 1617211331459562 1617211331486452 26890
Snk : 158 93 1617211331486454 1617211331593329 106875
Snk : 159 94 1617211332009314 1617211332024218 14904
Snk : 160 94 1617211332024222 1617211332150286 126064
Snk : 161 95 1617211332520365 1617211332559249 38884
Snk : 162 95 1617211332559251 1617211332690141 130890
Snk : 163 96 1617211333089006 1617211333103892 14886
Snk : 164 96 1617211333103893 1617211333234783 130890
Snk : 165 97 1617211333630215 1617211333645092 14877
Snk : 166 97 1617211333645094 1617211333762977 117883
Snk : 167 98 1617211334153038 1617211334187917 34879
Snk : 168 98 1617211334187919 1617211334306803 118884
Snk : 169 99 1617211334692934 1617211334707814 14880
Snk : 170 99 1617211334707816 1617211334854923 147107
Snk : 171 100 1617211335250214 1617211335265090 14876
Snk : 172 100 1617211335265093 1617211335389529 124436
Snk : 173 101 1617211335797070 1617211335811952 14882
Snk : 174 101 1617211335811954 1617211335897445 85491
Snk : 175 102 1617211336330116 1617211336344994 14878
Snk : 176 102 1617211336344996 1617211336479868 134872
Snk : 177 103 1617211336868165 1617211336895044 26879
Snk : 178 103 1617211336895046 1617211336989925 94879
Snk : 179 104 1617211337428920 1617211337443807 14887
Snk : 180 104 1617211337443809 1617211337568862 125053
Snk : 181 105 1617211337961232 1617211337988163 26931
Snk : 182 105 1617211337988165 1617211338109209 121044
Snk : 183 106 1617211338497996 1617211338512870 14874
Snk : 184 106 1617211338512872 1617211338643746 130874
Snk : 185 107 1617211338998474 1617211339013348 14874
Snk : 186 107 1617211339013350 1617211339148223 134873
Snk : 187 108 1617211339511967 1617211339538965 26998
Snk : 188 108 1617211339538967 1617211339633834 94867
Snk : 189 109 1617211340020240 1617211340051113 30873
Snk : 190 109 1617211340051115 1617211340181987 130872
Snk : 191 110 1617211340530002 1617211340544875 14873
Snk : 192 110 1617211340544877 1617211340679750 134873
Snk : 193 111 1617211341039200 1617211341074078 34878
Snk : 194 111 1617211341074080 1617211341180948 106868
Snk : 195 112 1617211341508918 1617211341523797 14879
Snk : 196 112 1617211341523799 1617211341631786 107987
Snk : 197 113 1617211341820918 1617211341835791 14873
Snk : 198 113 1617211341835793 1617211341914667 78874
Snk : 199 114 1617211341989661 1617211342004561 14900
Snk : 200 114 1617211342004563 1617211342019481 14918
