D : 1 1 1571667399416160 1571667399422347 6187 110
D : 2 2 1571667399422352 1571667399466950 44598 108
D : 3 3 1571667399466955 1571667399501674 34719 101
D : 4 4 1571667399501679 1571667399543893 42214 100
D : 5 5 1571667399543897 1571667399584847 40950 1160
D : 6 6 1571667399584851 1571667399626315 41464 1190
D : 7 7 1571667399626322 1571667399670875 44553 1321
D : 8 8 1571667399670887 1571667399712853 41966 1189
D : 9 9 1571667399712859 1571667399750149 37290 1180
D : 10 10 1571667399750155 1571667399792949 42794 2135
D : 11 11 1571667399792960 1571667399840589 47629 2331
D : 12 12 1571667399840631 1571667399892583 51952 2210
D : 13 13 1571667399892610 1571667399926590 33980 2213
D : 14 14 1571667399926631 1571667399970069 43438 2352
D : 15 15 1571667399970110 1571667400009281 39171 3114
D : 16 16 1571667400009297 1571667400053323 44026 3308
D : 17 17 1571667400053349 1571667400096306 42957 3195
D : 18 18 1571667400096333 1571667400141899 45566 3281
D : 19 19 1571667400141940 1571667400185365 43425 3343
D : 20 20 1571667400185406 1571667400232088 46682 4206
D : 21 21 1571667400232130 1571667400267336 35206 4178
D : 22 22 1571667400267364 1571667400309803 42439 4161
D : 23 23 1571667400309832 1571667400352571 42739 4205
D : 24 24 1571667400352604 1571667400404463 51859 4328
D : 25 25 1571667400404505 1571667400438836 34331 5188
D : 26 26 1571667400438878 1571667400482415 43537 5347
D : 27 27 1571667400482457 1571667400520608 38151 5276
D : 28 28 1571667400520624 1571667400563565 42941 5158
D : 29 29 1571667400563591 1571667400607401 43810 5186
D : 30 30 1571667400607429 1571667400654954 47525 6369
D : 31 31 1571667400654996 1571667400695914 40918 6295
D : 32 32 1571667400695955 1571667400743096 47141 6201
D : 33 33 1571667400743137 1571667400778676 35539 6213
D : 34 34 1571667400778704 1571667400821587 42883 6448
D : 35 35 1571667400821628 1571667400864930 43302 7355
D : 36 36 1571667400864972 1571667400915715 50743 7308
D : 37 37 1571667400915757 1571667400950045 34288 7366
D : 38 38 1571667400950087 1571667400993068 42981 7222
D : 39 39 1571667400993108 1571667401032096 38988 7297
D : 40 40 1571667401032112 1571667401075034 42922 8307
D : 41 41 1571667401075059 1571667401116663 41604 8343
D : 42 42 1571667401116679 1571667401156821 40142 8288
D : 43 43 1571667401156844 1571667401206271 49427 8387
D : 44 44 1571667401206312 1571667401252616 46304 8349
D : 45 45 1571667401252658 1571667401289337 36679 9305
D : 46 46 1571667401289379 1571667401331931 42552 9314
D : 47 47 1571667401331973 1571667401374375 42402 9343
D : 48 48 1571667401374416 1571667401425354 50938 9349
D : 49 49 1571667401425396 1571667401459043 33647 9220
D : 50 50 1571667401459084 1571667401503497 44413 10295
D : 51 51 1571667401503539 1571667401545230 41691 10214
D : 52 52 1571667401545271 1571667401596628 51357 10347
D : 53 53 1571667401596670 1571667401630614 33944 10342
D : 54 54 1571667401630655 1571667401676756 46101 10169
D : 55 55 1571667401676799 1571667401720379 43580 11325
D : 56 56 1571667401720420 1571667401766276 45856 11348
D : 57 57 1571667401766317 1571667401798605 32288 11339
D : 58 58 1571667401798621 1571667401838173 39552 11407
D : 59 59 1571667401838196 1571667401885739 47543 11351
D : 60 60 1571667401885780 1571667401937690 51910 12348
D : 61 61 1571667401937731 1571667401971814 34083 12303
D : 62 62 1571667401971856 1571667402015023 43167 12380
D : 63 63 1571667402015064 1571667402057176 42112 12338
D : 64 64 1571667402057217 1571667402108023 50806 12315
D : 65 65 1571667402108085 1571667402143290 35205 13208
D : 66 66 1571667402143332 1571667402189871 46539 13390
D : 67 67 1571667402189912 1571667402232724 42812 13349
D : 68 68 1571667402232766 1571667402277753 44987 13210
D : 69 69 1571667402277792 1571667402310199 32407 13169
D : 70 70 1571667402310215 1571667402351019 40804 14310
D : 71 71 1571667402351045 1571667402398302 47257 14349
D : 72 72 1571667402398343 1571667402449356 51013 14357
D : 73 73 1571667402449397 1571667402483711 34314 14310
D : 74 74 1571667402483753 1571667402527443 43690 14211
D : 75 75 1571667402527485 1571667402570534 43049 15369
D : 76 76 1571667402570576 1571667402621231 50655 15335
D : 77 77 1571667402621272 1571667402655699 34427 15174
D : 78 78 1571667402655741 1571667402701679 45938 15351
D : 79 79 1571667402701721 1571667402744701 42980 15214
D : 80 80 1571667402744742 1571667402792016 47274 16319
D : 81 81 1571667402792057 1571667402824462 32405 16312
D : 82 82 1571667402824479 1571667402862987 38508 16148
D : 83 83 1571667402863013 1571667402911052 48039 16168
D : 84 84 1571667402911095 1571667402963067 51972 16463
D : 85 85 1571667402963109 1571667402997312 34203 17355
D : 86 86 1571667402997356 1571667403041530 44174 17353
D : 87 87 1571667403041574 1571667403083384 41810 17294
D : 88 88 1571667403083427 1571667403136000 52573 17390
D : 89 89 1571667403136042 1571667403168411 32369 17333
D : 90 90 1571667403168452 1571667403215984 47532 18321
D : 91 91 1571667403216028 1571667403257008 40980 18318
D : 92 92 1571667403257052 1571667403305006 47954 18360
D : 93 93 1571667403305078 1571667403336438 31360 18301
D : 94 94 1571667403336455 1571667403376167 39712 18141
D : 95 95 1571667403376196 1571667403425488 49292 19359
D : 96 96 1571667403425532 1571667403477439 51907 19352
D : 97 97 1571667403477481 1571667403511173 33692 19217
D : 98 98 1571667403511215 1571667403555030 43815 19367
D : 99 99 1571667403555075 1571667403597015 41940 19355
D : 100 100 1571667403597059 1571667403650093 53034 20447
D : 101 101 1571667403650138 1571667403683560 33422 20298
D : 102 102 1571667403683603 1571667403730475 46872 20331
D : 103 103 1571667403730518 1571667403773941 43423 20325
D : 104 104 1571667403773985 1571667403819841 45856 20308
D : 105 105 1571667403819884 1571667403856095 36211 21233
D : 106 106 1571667403856138 1571667403899026 42888 21379
D : 107 107 1571667403899069 1571667403941624 42555 21360
D : 108 108 1571667403941668 1571667403994197 52529 21356
D : 109 109 1571667403994241 1571667404026699 32458 21354
D : 110 110 1571667404026744 1571667404071207 44463 22174
D : 111 111 1571667404071251 1571667404113400 42149 22448
D : 112 112 1571667404113444 1571667404165450 52006 22267
D : 113 113 1571667404165484 1571667404198934 33450 22369
D : 114 114 1571667404198978 1571667404245517 46539 22355
D : 115 115 1571667404245561 1571667404279051 33490 23079
D : 116 116 1571667404279068 1571667404323694 44626 23158
D : 117 117 1571667404323733 1571667404365524 41791 23310
D : 118 118 1571667404365541 1571667404404451 38910 23282
D : 119 119 1571667404404480 1571667404453223 48743 23356
D : 120 120 1571667404453267 1571667404507123 53856 24198
D : 121 121 1571667404507158 1571667404539577 32419 24209
D : 122 122 1571667404539620 1571667404583036 43416 24182
D : 123 123 1571667404583079 1571667404625029 41950 24353
D : 124 124 1571667404625073 1571667404678463 53390 24217
D : 125 125 1571667404678493 1571667404711416 32923 25212
D : 126 126 1571667404711460 1571667404758688 47228 25346
D : 127 127 1571667404758732 1571667404801319 42587 25449
D : 128 128 1571667404801361 1571667404847123 45762 25176
D : 129 129 1571667404847170 1571667404878372 31202 25301
D : 130 130 1571667404878389 1571667404919060 40671 26205
D : 131 131 1571667404919102 1571667404966661 47559 26450
D : 132 132 1571667404966705 1571667405018766 52061 26175
D : 133 133 1571667405018794 1571667405046284 27490 26413
D : 134 134 1571667405046302 1571667405088794 42492 26170
D : 135 135 1571667405088835 1571667405137176 48341 27464
D : 136 136 1571667405137220 1571667405188937 51717 27194
D : 137 137 1571667405188965 1571667405219027 30062 27161
D : 138 138 1571667405219044 1571667405259549 40505 27119
D : 139 139 1571667405259566 1571667405299395 39829 27151
D : 140 140 1571667405299418 1571667405348935 49517 28331
D : 141 141 1571667405348978 1571667405386547 37569 28298
D : 142 142 1571667405386566 1571667405426010 39444 28300
D : 143 143 1571667405426053 1571667405474695 48642 28352
D : 144 144 1571667405474739 1571667405514716 39977 28302
D : 145 145 1571667405514733 1571667405553338 38605 29293
D : 146 146 1571667405553372 1571667405601336 47964 29308
D : 147 147 1571667405601414 1571667405637177 35763 29289
D : 148 148 1571667405637211 1571667405695874 58663 29212
D : 149 149 1571667405695902 1571667405728390 32488 29415
D : 150 150 1571667405728434 1571667405776657 48223 30200
D : 151 151 1571667405776691 1571667405820721 44030 30209
D : 152 152 1571667405820751 1571667405866968 46217 30339
D : 153 153 1571667405866983 1571667405897308 30325 30312
D : 154 154 1571667405897325 1571667405936368 39043 30269
D : 155 155 1571667405936410 1571667405986208 49798 31225
D : 156 156 1571667405986243 1571667406026624 40381 31297
D : 157 157 1571667406026643 1571667406064001 37358 31164
D : 158 158 1571667406064043 1571667406113569 49526 31172
D : 159 159 1571667406113611 1571667406155991 42380 31216
D : 160 160 1571667406156027 1571667406195103 39076 32086
D : 161 161 1571667406195122 1571667406234731 39609 32405
D : 162 162 1571667406234773 1571667406287835 53062 32217
D : 163 163 1571667406287865 1571667406343856 55991 32232
D : 164 164 1571667406343874 1571667406376059 32185 32171
D : 165 165 1571667406376079 1571667406409277 33198 33177
D : 166 166 1571667406409313 1571667406448321 39008 33105
D : 167 167 1571667406448365 1571667406491020 42655 33091
D : 168 168 1571667406491039 1571667406534561 43522 33217
D : 169 169 1571667406534596 1571667406578924 44328 33174
D : 170 170 1571667406578959 1571667406616295 37336 34277
D : 171 171 1571667406616315 1571667406658696 42381 34298
D : 172 172 1571667406658739 1571667406702631 43892 34291
D : 173 173 1571667406702650 1571667406742389 39739 34298
D : 174 174 1571667406742431 1571667406787148 44717 34084
D : 175 175 1571667406787167 1571667406829167 42000 35166
D : 176 176 1571667406829199 1571667406872924 43725 35084
D : 177 177 1571667406872937 1571667406910631 37694 35294
D : 178 178 1571667406910665 1571667406955022 44357 35235
D : 179 179 1571667406955033 1571667406993925 38892 35297
D : 180 180 1571667406993964 1571667407052615 58651 36441
D : 181 181 1571667407052631 1571667407088747 36116 36099
D : 182 182 1571667407088770 1571667407124923 36153 36131
D : 183 183 1571667407124960 1571667407165205 40245 36116
D : 184 184 1571667407165219 1571667407204664 39445 36289
D : 185 185 1571667407204706 1571667407253495 48789 37202
D : 186 186 1571667407253522 1571667407300234 46712 37205
D : 187 187 1571667407300261 1571667407338853 38592 37159
D : 188 188 1571667407338883 1571667407389817 50934 37232
D : 189 189 1571667407389858 1571667407427052 37194 37171
D : 190 190 1571667407427081 1571667407467371 40290 38155
D : 191 191 1571667407467401 1571667407509897 42496 38179
D : 192 192 1571667407509918 1571667407550519 40601 38212
D : 193 193 1571667407550541 1571667407588683 38142 38122
D : 194 194 1571667407588715 1571667407636605 47890 38165
D : 195 195 1571667407636611 1571667407675733 39122 39114
D : 196 196 1571667407675745 1571667407720084 44339 39141
D : 197 197 1571667407720106 1571667407759352 39246 39110
D : 198 198 1571667407759362 1571667407799994 40632 39151
D : 199 199 1571667407800024 1571667407840951 40927 39116
D : 200 200 1571667407840961 1571667407887330 46369 40127
D : 201 201 1571667407887368 1571667407931746 44378 40190
D : 202 202 1571667407931773 1571667407974147 42374 40192
D : 203 203 1571667407974174 1571667408016688 42514 40168
D : 204 204 1571667408016709 1571667408057468 40759 40284
D : 205 205 1571667408057488 1571667408098679 41191 41171
D : 206 206 1571667408098709 1571667408144833 46124 41377
D : 207 207 1571667408144862 1571667408186114 41252 41237
D : 208 208 1571667408186137 1571667408227343 41206 41188
D : 209 209 1571667408227371 1571667408270442 43071 41209
D : 210 210 1571667408270470 1571667408318285 47815 42494
D : 211 211 1571667408318301 1571667408360594 42293 42278
D : 212 212 1571667408360617 1571667408402842 42225 42216
D : 213 213 1571667408402849 1571667408445146 42297 42281
D : 214 214 1571667408445172 1571667408487548 42376 42351
D : 215 215 1571667408487589 1571667408530832 43243 43221
D : 216 216 1571667408530859 1571667408576871 46012 43434
D : 217 217 1571667408576913 1571667408620350 43437 43407
D : 218 218 1571667408620391 1571667408663841 43450 43434
D : 219 219 1571667408663857 1571667408707094 43237 43218
D : 220 220 1571667408707120 1571667408751513 44393 44367
D : 221 221 1571667408751554 1571667408796036 44482 44452
D : 222 222 1571667408796077 1571667408840547 44470 44439
D : 223 223 1571667408840589 1571667408885069 44480 44451
D : 224 224 1571667408885111 1571667408929484 44373 44344
D : 225 225 1571667408929526 1571667408974954 45428 45399
D : 226 226 1571667408974996 1571667409020491 45495 45466
D : 227 227 1571667409020533 1571667409065790 45257 45233
D : 228 228 1571667409065824 1571667409111063 45239 45218
D : 229 229 1571667409111090 1571667409156360 45270 45260
D : 230 230 1571667409156368 1571667409202771 46403 46388
D : 231 231 1571667409202806 1571667409249250 46444 46418
D : 232 232 1571667409249292 1571667409295786 46494 46465
D : 233 233 1571667409295827 1571667409342322 46495 46465
D : 234 234 1571667409342363 1571667409388814 46451 46418
D : 235 235 1571667409388856 1571667409436226 47370 47339
D : 236 236 1571667409436267 1571667409483763 47496 47467
D : 237 237 1571667409483805 1571667409531049 47244 47219
D : 238 238 1571667409531083 1571667409578558 47475 47459
D : 239 239 1571667409578578 1571667409625978 47400 47374
D : 240 240 1571667409626020 1571667409674437 48417 48401
D : 241 241 1571667409674453 1571667409722726 48273 48255
D : 242 242 1571667409722753 1571667409771245 48492 48477
D : 243 243 1571667409771263 1571667409819706 48443 48404
D : 244 244 1571667409819745 1571667409867954 48209 48197
D : 245 245 1571667409867963 1571667409917416 49453 49444
D : 246 246 1571667409917447 1571667409966887 49440 49427
D : 247 247 1571667409966908 1571667410016392 49484 49435
D : 248 248 1571667410016433 1571667410065937 49504 49488
D : 249 249 1571667410065954 1571667410115146 49192 49168
D : 250 250 1571667410115185 1571667410165497 50312 50299
D : 251 251 1571667410165522 1571667410215950 50428 50399
D : 252 252 1571667410215972 1571667410266420 50448 50422
D : 253 253 1571667410266462 1571667410316986 50524 50508
D : 254 254 1571667410317004 1571667410367464 50460 50435
D : 255 255 1571667410367525 1571667410418778 51253 51229
D : 256 256 1571667410418827 1571667410470315 51488 51459
D : 257 257 1571667410470358 1571667410521880 51522 51486
D : 258 258 1571667410521925 1571667410573297 51372 51354
D : 259 259 1571667410573314 1571667410624501 51187 51166
D : 260 260 1571667410624535 1571667410677034 52499 52483
D : 261 261 1571667410677050 1571667410729478 52428 52394
D : 262 262 1571667410729511 1571667410781981 52470 52443
D : 263 263 1571667410782053 1571667410834306 52253 52225
D : 264 264 1571667410834339 1571667410886851 52512 52477
D : 265 265 1571667410886895 1571667410940293 53398 53363
D : 266 266 1571667410940333 1571667410993738 53405 53368
D : 267 267 1571667410993781 1571667411047289 53508 53473
D : 268 268 1571667411047334 1571667411100586 53252 53225
D : 269 269 1571667411100616 1571667411154119 53503 53469
D : 270 270 1571667411154163 1571667411208660 54497 54476
D : 271 271 1571667411208678 1571667411262880 54202 54175
D : 272 272 1571667411262914 1571667411317330 54416 54399
D : 273 273 1571667411317346 1571667411371772 54426 54408
D : 274 274 1571667411371835 1571667411426287 54452 54420
D : 275 275 1571667411426331 1571667411481768 55437 55401
D : 276 276 1571667411481812 1571667411537221 55409 55373
D : 277 277 1571667411537264 1571667411592781 55517 55498
D : 278 278 1571667411592800 1571667411647987 55187 55162
D : 279 279 1571667411648020 1571667411703522 55502 55487
D : 280 280 1571667411703538 1571667411759995 56457 56435
D : 281 281 1571667411760024 1571667411816234 56210 56185
D : 282 282 1571667411816265 1571667411872685 56420 56386
D : 283 283 1571667411872729 1571667411929240 56511 56475
D : 284 284 1571667411929285 1571667411985540 56255 56227
D : 285 285 1571667411985570 1571667412043067 57497 57464
D : 286 286 1571667412043110 1571667412100589 57479 57443
D : 287 287 1571667412100632 1571667412157886 57254 57223
D : 288 288 1571667412157919 1571667412215418 57499 57484
D : 289 289 1571667412215462 1571667412272816 57354 57336
D : 290 290 1571667412272842 1571667412331350 58508 58478
D : 291 291 1571667412331380 1571667412389676 58296 58263
D : 292 292 1571667412389705 1571667412447893 58188 58173
D : 293 293 1571667412447906 1571667412506278 58372 58353
D : 294 294 1571667412506303 1571667412564731 58428 58395
D : 295 295 1571667412564774 1571667412624270 59496 59478
D : 296 296 1571667412624285 1571667412683708 59423 59399
D : 297 297 1571667412683741 1571667412743240 59499 59484
D : 298 298 1571667412743258 1571667412802709 59451 59422
D : 299 299 1571667412802749 1571667412862274 59525 59506
D : 300 300 1571667412862292 1571667412922568 60276 60245
D : 301 301 1571667412922612 1571667412983033 60421 60385
D : 302 302 1571667412983076 1571667413043331 60255 60218
D : 303 303 1571667413043375 1571667413103892 60517 60481
D : 304 304 1571667413103935 1571667413164193 60258 60229
D : 305 305 1571667413164222 1571667413225736 61514 61498
D : 306 306 1571667413225752 1571667413286911 61159 61140
D : 307 307 1571667413286936 1571667413348376 61440 61407
D : 308 308 1571667413348419 1571667413409907 61488 61465
D : 309 309 1571667413409931 1571667413471385 61454 61420
D : 310 310 1571667413471428 1571667413533946 62518 62482
D : 311 311 1571667413533990 1571667413596513 62523 62506
D : 312 312 1571667413596528 1571667413658957 62429 62403
D : 313 313 1571667413658990 1571667413721505 62515 62499
D : 314 314 1571667413721520 1571667413783935 62415 62394
D : 315 315 1571667413783963 1571667413847410 63447 63429
D : 316 316 1571667413847429 1571667413910866 63437 63404
D : 317 317 1571667413910910 1571667413974396 63486 63464
D : 318 318 1571667413974417 1571667414037851 63434 63402
D : 319 319 1571667414037894 1571667414101427 63533 63515
D : 320 320 1571667414101442 1571667414165774 64332 64289
D : 321 321 1571667414165813 1571667414230332 64519 64501
D : 322 322 1571667414230348 1571667414294641 64293 64263
D : 323 323 1571667414294776 1571667414360019 65243 65177
D : 324 324 1571667414360064 1571667414425362 65298 65257
D : 325 325 1571667414425408 1571667414490271 64863 64824
D : 326 326 1571667414490316 1571667414555361 65045 65005
D : 327 327 1571667414555406 1571667414620418 65012 64974
D : 328 328 1571667414620463 1571667414685487 65024 64982
D : 329 329 1571667414685532 1571667414750524 64992 64952
D : 330 330 1571667414750568 1571667414815621 65053 65013
D : 331 331 1571667414815667 1571667414880676 65009 64969
D : 332 332 1571667414880722 1571667414945240 64518 64478
D : 333 333 1571667414945286 1571667415009707 64421 64382
D : 334 334 1571667415009754 1571667415074168 64414 64374
D : 335 335 1571667415074214 1571667415138772 64558 64520
D : 336 336 1571667415138837 1571667415203140 64303 64264
D : 337 337 1571667415203187 1571667415267616 64429 64390
D : 338 338 1571667415267659 1571667415332116 64457 64418
D : 339 339 1571667415332162 1571667415396639 64477 64438
D : 340 340 1571667415396684 1571667415461094 64410 64370
D : 341 341 1571667415461140 1571667415525551 64411 64372
D : 342 342 1571667415525597 1571667415589987 64390 64351
D : 343 343 1571667415590033 1571667415654546 64513 64474
D : 344 344 1571667415654592 1571667415719051 64459 64421
D : 345 345 1571667415719096 1571667415783599 64503 64471
D : 346 346 1571667415783643 1571667415848105 64462 64430
D : 347 347 1571667415848152 1571667415912661 64509 64475
D : 348 348 1571667415912706 1571667415977127 64421 64387
D : 349 349 1571667415977173 1571667416041586 64413 64379
D : 350 350 1571667416041632 1571667416105927 64295 64264
D : 351 351 1571667416105974 1571667416170490 64516 64483
D : 352 352 1571667416170537 1571667416235068 64531 64496
D : 353 353 1571667416285410 1571667416399625 114215 64382
D : 354 354 1571667416399648 1571667416489603 89955 64380
D : 355 355 1571667416489647 1571667416577184 87537 64446
D : 356 356 1571667416577228 1571667416652802 75574 64287
D : 357 357 1571667416652831 1571667416734806 81975 64395
D : 358 358 1571667416734834 1571667416831369 96535 64188
D : 359 359 1571667416831382 1571667416903718 72336 64262
D : 360 360 1571667416903734 1571667416986128 82394 64334
D : 361 361 1571667416986173 1571667417083034 96861 64373
D : 362 362 1571667417083077 1571667417157593 74516 64290
D : 363 363 1571667417157623 1571667417246131 88508 64365
D : 364 364 1571667417246175 1571667417337537 91362 64344
D : 365 365 1571667417337578 1571667417423263 85685 64155
D : 366 366 1571667417423278 1571667417493615 70337 64345
D : 367 367 1571667417493659 1571667417589612 95953 64378
D : 368 368 1571667417589656 1571667417664947 75291 64301
D : 369 369 1571667417664983 1571667417755002 90019 64392
D : 370 370 1571667417755047 1571667417846251 91204 64302
D : 371 371 1571667417846295 1571667417932264 85969 64193
D : 372 372 1571667417932296 1571667418014842 82546 64452
D : 373 373 1571667418014887 1571667418100310 85423 64520
D : 374 374 1571667418100354 1571667418187272 86918 64219
D : 375 375 1571667418187315 1571667418266658 79343 64459
D : 376 376 1571667418266677 1571667418343787 77110 64278
D : 377 377 1571667418343803 1571667418427034 83231 64215
D : 378 378 1571667418427078 1571667418516429 89351 64296
D : 379 379 1571667418516474 1571667418608037 91563 64520
D : 380 380 1571667418608081 1571667418683498 75417 64386
D : 381 381 1571667418683528 1571667418772082 88554 64160
D : 382 382 1571667418772100 1571667418849488 77388 64417
D : 383 383 1571667418849504 1571667418932534 83030 64396
D : 384 384 1571667418932578 1571667419028062 95484 64475
D : 385 385 1571667419028082 1571667419101376 73294 64328
D : 386 386 1571667419101419 1571667419186911 85492 64294
D : 387 387 1571667419186945 1571667419267595 80650 64159
D : 388 388 1571667419267624 1571667419362990 95366 64322
D : 389 389 1571667419363014 1571667419441350 78336 64347
D : 390 390 1571667419441394 1571667419531115 89721 64365
D : 391 391 1571667419531158 1571667419616804 85646 64524
D : 392 392 1571667419616847 1571667419693089 76242 64312
D : 393 393 1571667419693152 1571667419776193 83041 64261
D : 394 394 1571667419776222 1571667419870879 94657 64455
D : 395 395 1571667419870922 1571667419957360 86438 64196
D : 396 396 1571667419957370 1571667420028164 70794 64317
D : 397 397 1571667420028182 1571667420111765 83583 64292
D : 398 398 1571667420111808 1571667420197320 85512 64291
D : 399 399 1571667420197349 1571667420283052 85703 64164
D : 400 400 1571667420283088 1571667420374422 91334 64358
D : 401 401 1571667420374466 1571667420460414 85948 64190
D : 402 402 1571667420460424 1571667420530840 70416 64334
D : 403 403 1571667420530887 1571667420626681 95794 64427
D : 404 404 1571667420626725 1571667420700159 73434 64284
D : 405 405 1571667420700195 1571667420785876 85681 64292
D : 406 406 1571667420785902 1571667420872800 86898 64247
D : 407 407 1571667420872818 1571667420951432 78614 64250
D : 408 408 1571667420951450 1571667421034384 82934 64352
D : 409 409 1571667421034402 1571667421118142 83740 64333
D : 410 410 1571667421118185 1571667421213521 95336 64423
D : 411 411 1571667421213566 1571667421288319 74753 64134
D : 412 412 1571667421288355 1571667421383806 95451 64307
D : 413 413 1571667421383849 1571667421469926 86077 64416
D : 414 414 1571667421469944 1571667421540338 70394 64289
D : 415 415 1571667421540382 1571667421624299 83917 64308
D : 416 416 1571667421624339 1571667421714889 90550 64318
D : 417 417 1571667421714918 1571667421793777 78859 64286
D : 418 418 1571667421793819 1571667421889248 95429 64379
D : 419 419 1571667421889265 1571667421961785 72520 64406
D : 420 420 1571667421961802 1571667422045287 83485 64442
D : 421 421 1571667422045303 1571667422129169 83866 64420
D : 422 422 1571667422129213 1571667422225188 95975 64503
D : 423 423 1571667422225231 1571667422301289 76058 64411
D : 424 424 1571667422301325 1571667422398932 97607 64208
D : 425 425 1571667422398941 1571667422467122 68181 64095
D : 426 426 1571667422467138 1571667422550521 83383 64329
D : 427 427 1571667422550565 1571667422641014 90449 64327
D : 428 428 1571667422641046 1571667422729083 88037 64515
D : 429 429 1571667422729128 1571667422812068 82940 64403
D : 430 430 1571667422812113 1571667422900663 88550 64479
D : 431 431 1571667422900718 1571667422974599 73881 64307
D : 432 432 1571667422974617 1571667423057924 83307 64341
D : 433 433 1571667423057968 1571667423153909 95941 64504
D : 434 434 1571667423153953 1571667423239410 85457 64425
D : 435 435 1571667423239454 1571667423314078 74624 64380
D : 436 436 1571667423314123 1571667423409943 95820 64426
D : 437 437 1571667423409987 1571667423497258 87271 64444
D : 438 438 1571667423497302 1571667423580339 83037 64478
D : 439 439 1571667423580383 1571667423665754 85371 64512
D : 440 440 1571667423665797 1571667423741503 75706 64316
D : 441 441 1571667423741533 1571667423824809 83276 64374
D : 442 442 1571667423824850 1571667423912825 87975 64398
D : 443 443 1571667423912858 1571667424003788 90930 64469
D : 444 444 1571667424003806 1571667424075036 71230 64270
D : 445 445 1571667424075081 1571667424171466 96385 64521
D : 446 446 1571667424171510 1571667424246466 74956 64311
D : 447 447 1571667424246502 1571667424330619 84117 64390
D : 448 448 1571667424330650 1571667424424794 94144 64511
D : 449 449 1571667424424811 1571667424498119 73308 64319
D : 450 450 1571667424498137 1571667424580527 82390 64313
D : 451 451 1571667424580571 1571667424676483 95912 64404
D : 452 452 1571667424676527 1571667424752058 75531 64437
D : 453 453 1571667424752091 1571667424835398 83307 64394
D : 454 454 1571667424835426 1571667424921463 86037 64312
D : 455 455 1571667424921491 1571667425010355 88864 64461
D : 456 456 1571667425010374 1571667425083875 73501 64293
D : 457 457 1571667425083918 1571667425179089 95171 64187
D : 458 458 1571667425179134 1571667425254971 75837 64333
D : 459 459 1571667425255024 1571667425350224 95200 64367
D : 460 460 1571667425350242 1571667425421412 71170 64337
D : 461 461 1571667425421455 1571667425517486 96031 64448
D : 462 462 1571667425517531 1571667425602596 85065 64514
D : 463 463 1571667425602640 1571667425687312 84672 64184
D : 464 464 1571667425687356 1571667425762816 75460 64310
D : 465 465 1571667425762846 1571667425857981 95135 64290
D : 466 466 1571667425858024 1571667425941310 83286 64457
D : 467 467 1571667425941354 1571667426026182 84828 64510
D : 468 468 1571667426026226 1571667426111107 84881 64305
D : 469 469 1571667426111150 1571667426196023 84873 64283
D : 470 470 1571667426196067 1571667426281176 85109 64413
D : 471 471 1571667426281219 1571667426368234 87015 64428
D : 472 472 1571667426368253 1571667426439367 71114 64211
D : 473 473 1571667426439411 1571667426534894 95483 64529
D : 474 474 1571667426534938 1571667426619790 84852 64449
D : 475 475 1571667426619833 1571667426704974 85141 64475
D : 476 476 1571667426705042 1571667426780831 75789 64392
D : 477 477 1571667426780858 1571667426874105 93247 64467
D : 478 478 1571667426874123 1571667426945660 71537 64324
D : 479 479 1571667426945704 1571667427042184 96480 64512
D : 480 480 1571667427042228 1571667427127030 84802 64373
D : 481 481 1571667427127074 1571667427200506 73432 64302
D : 482 482 1571667427200547 1571667427291013 90466 64149
D : 483 483 1571667427291039 1571667427373726 82687 64321
D : 484 484 1571667427373744 1571667427451747 78003 64302
D : 485 485 1571667427451763 1571667427534501 82738 64301
D : 486 486 1571667427534544 1571667427630534 95990 64454
D : 487 487 1571667427630577 1571667427716530 85953 64522
D : 488 488 1571667427716574 1571667427801286 84712 64521
D : 489 489 1571667427801330 1571667427891034 89704 64179
D : 490 490 1571667427891071 1571667427971549 80478 64363
D : 491 491 1571667427971593 1571667428057382 85789 64365
D : 492 492 1571667428057399 1571667428129993 72594 64363
D : 493 493 1571667428130010 1571667428213689 83679 64297
D : 494 494 1571667428213733 1571667428299774 86041 64287
D : 495 495 1571667428299803 1571667428384615 84812 64268
D : 496 496 1571667428384654 1571667428465279 80625 64311
D : 497 497 1571667428465307 1571667428559613 94306 64359
D : 498 498 1571667428559632 1571667428633567 73935 64332
D : 499 499 1571667428633610 1571667428728918 95308 64418
D : 500 500 1571667428728962 1571667428813670 84708 64364
D : 501 501 1571667428813713 1571667428903796 90083 64226
D : 502 502 1571667428903832 1571667428973442 69610 64254
D : 503 503 1571667428973484 1571667429068895 95411 64430
D : 504 504 1571667429068913 1571667429142612 73699 64333
D : 505 505 1571667429142657 1571667429233205 90548 64408
D : 506 506 1571667429233231 1571667429312040 78809 64270
D : 507 507 1571667429312075 1571667429409201 97126 64223
D : 508 508 1571667429409233 1571667429490520 81287 64508
D : 509 509 1571667429490564 1571667429575946 85382 64398
D : 510 510 1571667429575964 1571667429649201 73237 64336
D : 511 511 1571667429649245 1571667429745315 96070 64423
D : 512 512 1571667429745359 1571667429830449 85090 64430
D : 513 513 1571667429830493 1571667429907333 76840 64220
D : 514 514 1571667429907362 1571667429999299 91937 64544
D : 515 515 1571667429999343 1571667430085162 85819 64507
D : 516 516 1571667430085182 1571667430158265 73083 64334
D : 517 517 1571667430158308 1571667430247987 89679 64355
D : 518 518 1571667430248022 1571667430337030 89008 64428
D : 519 519 1571667430337075 1571667430414087 77012 64376
D : 520 520 1571667430414123 1571667430506215 92092 64349
D : 521 521 1571667430506260 1571667430591411 85151 64358
D : 522 522 1571667430591455 1571667430676745 85290 64415
D : 523 523 1571667430676787 1571667430762040 85253 64425
D : 524 524 1571667430762083 1571667430847029 84946 64294
D : 525 525 1571667430847073 1571667430923361 76288 64223
D : 526 526 1571667430923395 1571667431016027 92632 64467
D : 527 527 1571667431016071 1571667431101369 85298 64526
D : 528 528 1571667431101389 1571667431174255 72866 64331
D : 529 529 1571667431174299 1571667431269739 95440 64517
D : 530 530 1571667431269783 1571667431354805 85022 64424
D : 531 531 1571667431354850 1571667431431047 76197 64111
D : 532 532 1571667431431088 1571667431523418 92330 64290
D : 533 533 1571667431523462 1571667431608508 85046 64230
D : 534 534 1571667431608541 1571667431693715 85174 64280
D : 535 535 1571667431693747 1571667431778725 84978 64276
D : 536 536 1571667431778758 1571667431863779 85021 64370
D : 537 537 1571667431863823 1571667431940052 76229 64264
D : 538 538 1571667431940086 1571667432032621 92535 64403
D : 539 539 1571667432032664 1571667432117828 85164 64509
D : 540 540 1571667432117846 1571667432190622 72776 64316
D : 541 541 1571667432190666 1571667432286100 95434 64280
D : 542 542 1571667432286144 1571667432371024 84880 64512
D : 543 543 1571667432371067 1571667432447039 75972 64103
D : 544 544 1571667432447075 1571667432529947 82872 64313
D : 545 545 1571667432529988 1571667432617288 87300 64424
D : 546 546 1571667432617318 1571667432696397 79079 64287
D : 547 547 1571667432696432 1571667432778543 82111 64314
D : 548 548 1571667432778578 1571667432873232 94654 64401
D : 549 549 1571667432873276 1571667432950224 76948 64289
D : 550 550 1571667432950253 1571667433032314 82061 64414
D : 551 551 1571667433032344 1571667433119913 87569 64350
D : 552 552 1571667433119943 1571667433206726 86783 64487
D : 553 553 1571667433206770 1571667433294229 87459 64424
D : 554 554 1571667433294273 1571667433379812 85539 64377
D : 555 555 1571667433379856 1571667433455842 75986 64240
D : 556 556 1571667433455871 1571667433548000 92129 64384
D : 557 557 1571667433548044 1571667433633015 84971 64509
D : 558 558 1571667433633058 1571667433708980 75922 64317
D : 559 559 1571667433709009 1571667433801221 92212 64528
D : 560 560 1571667433801264 1571667433885994 84730 64478
D : 561 561 1571667433886038 1571667433976233 90195 64221
D : 562 562 1571667433976268 1571667434047601 71333 64428
D : 563 563 1571667434047643 1571667434128920 81277 64396
D : 564 564 1571667434128955 1571667434215294 86339 64457
D : 565 565 1571667434215323 1571667434302803 87480 64432
D : 566 566 1571667434302831 1571667434388326 85495 64495
D : 567 567 1571667434388343 1571667434465237 76894 64389
D : 568 568 1571667434465262 1571667434549447 84185 64410
D : 569 569 1571667434549501 1571667434630186 80685 64399
D : 570 570 1571667434630221 1571667434717015 86794 64415
D : 571 571 1571667434717045 1571667434804244 87199 64375
D : 572 572 1571667434804277 1571667434894142 89865 64423
D : 573 573 1571667434894267 1571667434971373 77106 64400
D : 574 574 1571667434971399 1571667435061941 90542 64416
D : 575 575 1571667435061985 1571667435148548 86563 64412
D : 576 576 1571667435148592 1571667435233483 84891 64428
D : 577 577 1571667435233527 1571667435318817 85290 64528
D : 578 578 1571667435318861 1571667435403771 84910 64512
D : 579 579 1571667435403815 1571667435493419 89604 64185
D : 580 580 1571667435493428 1571667435561006 67578 64345
D : 581 581 1571667435561023 1571667435645316 84293 64444
D : 582 582 1571667435645334 1571667435728428 83094 64336
D : 583 583 1571667435728445 1571667435811034 82589 64335
D : 584 584 1571667435811053 1571667435895553 84500 64419
D : 585 585 1571667435895596 1571667435991109 95513 64466
D : 586 586 1571667435991126 1571667436063080 71954 64149
D : 587 587 1571667436063124 1571667436160028 96904 64387
D : 588 588 1571667436160072 1571667436245075 85003 64417
D : 589 589 1571667436245119 1571667436330356 85237 64527
D : 590 590 1571667436330375 1571667436402485 72110 64307
D : 591 591 1571667436402530 1571667436498021 95491 64346
D : 592 592 1571667436498065 1571667436583128 85063 64281
D : 593 593 1571667436583172 1571667436668549 85377 64540
D : 594 594 1571667436668567 1571667436740262 71695 64269
D : 595 595 1571667436740306 1571667436836470 96164 64523
D : 596 596 1571667436836514 1571667436921737 85223 64511
D : 597 597 1571667436921782 1571667437006599 84817 64500
D : 598 598 1571667437006617 1571667437079979 73362 64341
D : 599 599 1571667437080023 1571667437175192 95169 64222
D : 600 600 1571667437175212 1571667437247881 72669 64370
D : 601 601 1571667437247924 1571667437344467 96543 64406
D : 602 602 1571667437344510 1571667437429856 85346 64514
D : 603 603 1571667437429899 1571667437515016 85117 64530
D : 604 604 1571667437515035 1571667437587166 72131 64160
D : 605 605 1571667437587210 1571667437683471 96261 64448
D : 606 606 1571667437683515 1571667437768397 84882 64410
D : 607 607 1571667437768441 1571667437852727 84286 64433
D : 608 608 1571667437852770 1571667437938566 85796 64371
D : 609 609 1571667437938610 1571667438023699 85089 64470
D : 610 610 1571667438023731 1571667438097003 73272 64382
D : 611 611 1571667438097047 1571667438192156 95109 64484
D : 612 612 1571667438192174 1571667438264843 72669 64409
D : 613 613 1571667438264887 1571667438360960 96073 64508
D : 614 614 1571667438361004 1571667438446173 85169 64426
D : 615 615 1571667438446217 1571667438531380 85163 64512
D : 616 616 1571667438531398 1571667438604146 72748 64271
D : 617 617 1571667438604190 1571667438699114 94924 64271
D : 618 618 1571667438699132 1571667438771713 72581 64222
D : 619 619 1571667438771757 1571667438861094 89337 64406
D : 620 620 1571667438861117 1571667438944650 83533 64346
D : 621 621 1571667438944694 1571667439035106 90412 64453
D : 622 622 1571667439035124 1571667439108404 73280 64279
D : 623 623 1571667439108448 1571667439203995 95547 64525
D : 624 624 1571667439204013 1571667439276912 72899 64330
D : 625 625 1571667439276956 1571667439372373 95417 64371
D : 626 626 1571667439372417 1571667439457647 85230 64520
D : 627 627 1571667439457691 1571667439542604 84913 64452
D : 628 628 1571667439542622 1571667439615397 72775 64400
D : 629 629 1571667439615441 1571667439711024 95583 64196
D : 630 630 1571667439711041 1571667439783516 72475 64141
D : 631 631 1571667439783559 1571667439879807 96248 64291
D : 632 632 1571667439879851 1571667439963433 83582 64350
D : 633 633 1571667439963476 1571667440047663 84187 64302
D : 634 634 1571667440047707 1571667440133611 85904 64413
D : 635 635 1571667440133654 1571667440218577 84923 64441
D : 636 636 1571667440218596 1571667440291832 73236 64161
D : 637 637 1571667440291876 1571667440386723 94847 64413
D : 638 638 1571667440386767 1571667440471679 84912 64271
D : 639 639 1571667440471723 1571667440557102 85379 64505
D : 640 640 1571667440557122 1571667440630255 73133 64427
D : 641 641 1571667440630300 1571667440725696 95396 64510
D : 642 642 1571667440725715 1571667440799798 74083 64407
D : 643 643 1571667440799841 1571667440888311 88470 64370
D : 644 644 1571667440888337 1571667440971685 83348 64368
D : 645 645 1571667440971740 1571667441062314 90574 64519
D : 646 646 1571667441062358 1571667441147223 84865 64241
D : 647 647 1571667441147267 1571667441232388 85121 64417
D : 648 648 1571667441232405 1571667441305769 73364 64141
D : 649 649 1571667441305813 1571667441400741 94928 64410
D : 650 650 1571667441400785 1571667441486275 85490 64466
D : 651 651 1571667441486319 1571667441571840 85521 64339
D : 652 652 1571667441571857 1571667441643686 71829 64190
D : 653 653 1571667441643730 1571667441739992 96262 64485
D : 654 654 1571667441740010 1571667441813573 73563 64300
D : 655 655 1571667441813616 1571667441902828 89212 64432
D : 656 656 1571667441902855 1571667441986685 83830 64404
D : 657 657 1571667441986728 1571667442077001 90273 64419
D : 658 658 1571667442077044 1571667442162336 85292 64391
D : 659 659 1571667442162381 1571667442247119 84738 64219
D : 660 660 1571667442247137 1571667442319511 72374 64189
D : 661 661 1571667442319555 1571667442415411 95856 64286
D : 662 662 1571667442415455 1571667442500957 85502 64419
D : 663 663 1571667442501002 1571667442585813 84811 64294
D : 664 664 1571667442585833 1571667442658936 73103 64343
D : 665 665 1571667442658980 1571667442754778 95798 64524
D : 666 666 1571667442754806 1571667442827100 72294 64419
D : 667 667 1571667442827143 1571667442917272 90129 64376
D : 668 668 1571667442917300 1571667443004661 87361 64378
D : 669 669 1571667443004705 1571667443091055 86350 64260
D : 670 670 1571667443091085 1571667443176319 85234 64383
D : 671 671 1571667443176363 1571667443261310 84947 64382
D : 672 672 1571667443261353 1571667443346261 84908 64267
D : 673 673 1571667443346304 1571667443431298 84994 64270
D : 674 674 1571667443431341 1571667443516378 85037 64280
D : 675 675 1571667443516416 1571667443601670 85254 64525
D : 676 676 1571667443601714 1571667443685340 83626 64350
Z3 : 1 353 1571667416285378 1571667416333980 48602 39
Z3 : 2 354 1571667416333988 1571667416425354 91366 150
Z3 : 3 355 1571667416425381 1571667416513022 87641 89
Z3 : 4 356 1571667416513043 1571667416587715 74672 24
Z3 : 5 357 1571667416587720 1571667416672645 84925 1195
Z3 : 6 358 1571667416672651 1571667416766559 93908 1215
Z3 : 7 359 1571667416766591 1571667416838887 72296 1101
Z3 : 8 360 1571667416838900 1571667416922969 84069 1170
Z3 : 9 361 1571667416922992 1571667417019952 96960 1304
Z3 : 10 362 1571667417019982 1571667417094505 74523 2192
Z3 : 11 363 1571667417094512 1571667417190844 96332 2359
Z3 : 12 364 1571667417190890 1571667417270019 79129 2206
Z3 : 13 365 1571667417270050 1571667417354361 84311 2202
Z3 : 14 366 1571667417354392 1571667417431460 77068 2205
Z3 : 15 367 1571667417431484 1571667417528482 96998 3263
Z3 : 16 368 1571667417528513 1571667417603024 74511 3357
Z3 : 17 369 1571667417603040 1571667417701091 98051 3354
Z3 : 18 370 1571667417701137 1571667417780114 78977 3268
Z3 : 19 371 1571667417780146 1571667417864402 84256 3217
Z3 : 20 372 1571667417864434 1571667417954828 90394 4448
Z3 : 21 373 1571667417954874 1571667418040054 85180 4248
Z3 : 22 374 1571667418040099 1571667418122163 82064 4201
Z3 : 23 375 1571667418122195 1571667418213421 91226 4308
Z3 : 24 376 1571667418213466 1571667418282324 68858 4311
Z3 : 25 377 1571667418282360 1571667418366773 84413 5302
Z3 : 26 378 1571667418366824 1571667418457436 90612 5320
Z3 : 27 379 1571667418457452 1571667418548927 91475 5418
Z3 : 28 380 1571667418548972 1571667418623347 74375 5180
Z3 : 29 381 1571667418623363 1571667418719880 96517 5213
Z3 : 30 382 1571667418719926 1571667418789726 69800 6268
Z3 : 31 383 1571667418789751 1571667418872467 82716 6185
Z3 : 32 384 1571667418872488 1571667418970011 97523 6421
Z3 : 33 385 1571667418970057 1571667419043184 73127 6151
Z3 : 34 386 1571667419043208 1571667419128624 85416 6173
Z3 : 35 387 1571667419128640 1571667419211828 83188 7187
Z3 : 36 388 1571667419211845 1571667419298440 86595 7093
Z3 : 37 389 1571667419298448 1571667419379868 81420 7197
Z3 : 38 390 1571667419379906 1571667419474175 94269 7434
Z3 : 39 391 1571667419474221 1571667419559555 85334 7285
Z3 : 40 392 1571667419559602 1571667419637125 77523 8361
Z3 : 41 393 1571667419637154 1571667419721522 84368 8424
Z3 : 42 394 1571667419721538 1571667419810111 88573 8170
Z3 : 43 395 1571667419810155 1571667419894512 84357 8202
Z3 : 44 396 1571667419894542 1571667419972032 77490 8188
Z3 : 45 397 1571667419972054 1571667420056791 84737 9331
Z3 : 46 398 1571667420056822 1571667420142336 85514 9208
Z3 : 47 399 1571667420142352 1571667420229215 86863 9181
Z3 : 48 400 1571667420229231 1571667420314586 85355 9354
Z3 : 49 401 1571667420314632 1571667420399225 84593 9170
Z3 : 50 402 1571667420399271 1571667420476656 77385 10170
Z3 : 51 403 1571667420476705 1571667420572530 95825 10285
Z3 : 52 404 1571667420572574 1571667420646028 73454 10158
Z3 : 53 405 1571667420646080 1571667420733069 86989 10313
Z3 : 54 406 1571667420733086 1571667420817941 84855 10322
Z3 : 55 407 1571667420817958 1571667420896412 78454 11310
Z3 : 56 408 1571667420896437 1571667420981380 84943 11349
Z3 : 57 409 1571667420981404 1571667421065129 83725 11334
Z3 : 58 410 1571667421065154 1571667421160490 95336 11401
Z3 : 59 411 1571667421160536 1571667421236523 75987 11146
Z3 : 60 412 1571667421236540 1571667421327031 90491 12343
Z3 : 61 413 1571667421327079 1571667421411296 84217 12200
Z3 : 62 414 1571667421411341 1571667421488343 77002 12308
Z3 : 63 415 1571667421488403 1571667421572210 83807 12234
Z3 : 64 416 1571667421572227 1571667421662867 90640 12306
Z3 : 65 417 1571667421662883 1571667421743903 81020 13169
Z3 : 66 418 1571667421743919 1571667421833291 89372 13349
Z3 : 67 419 1571667421833337 1571667421909008 75671 13139
Z3 : 68 420 1571667421909034 1571667421994040 85006 13196
Z3 : 69 421 1571667421994062 1571667422077925 83863 13191
Z3 : 70 422 1571667422077950 1571667422175034 97084 14316
Z3 : 71 423 1571667422175078 1571667422251532 76454 14179
Z3 : 72 424 1571667422251549 1571667422339237 87688 14214
Z3 : 73 425 1571667422339282 1571667422415731 76449 14167
Z3 : 74 426 1571667422415756 1571667422500371 84615 14193
Z3 : 75 427 1571667422500394 1571667422591880 91486 15203
Z3 : 76 428 1571667422591897 1571667422679845 87948 15284
Z3 : 77 429 1571667422679890 1571667422768113 88223 15454
Z3 : 78 430 1571667422768158 1571667422850750 82592 15362
Z3 : 79 431 1571667422850822 1571667422923769 72947 15163
Z3 : 80 432 1571667422923799 1571667423009914 86115 16344
Z3 : 81 433 1571667423009945 1571667423105643 95698 16247
Z3 : 82 434 1571667423105688 1571667423191208 85520 16231
Z3 : 83 435 1571667423191253 1571667423266825 75572 16150
Z3 : 84 436 1571667423266870 1571667423361931 95061 16422
Z3 : 85 437 1571667423361976 1571667423444705 82729 17344
Z3 : 86 438 1571667423444750 1571667423533269 88519 17402
Z3 : 87 439 1571667423533314 1571667423618648 85334 17415
Z3 : 88 440 1571667423618696 1571667423694445 75749 17266
Z3 : 89 441 1571667423694463 1571667423778608 84145 17325
Z3 : 90 442 1571667423778627 1571667423866779 88152 18364
Z3 : 91 443 1571667423866807 1571667423952212 85405 18416
Z3 : 92 444 1571667423952258 1571667424029090 76832 18337
Z3 : 93 445 1571667424029119 1571667424125354 96235 18419
Z3 : 94 446 1571667424125399 1571667424200456 75057 18314
Z3 : 95 447 1571667424200474 1571667424286477 86003 19313
Z3 : 96 448 1571667424286494 1571667424379563 93069 19275
Z3 : 97 449 1571667424379607 1571667424451292 71685 19160
Z3 : 98 450 1571667424451321 1571667424535398 84077 19196
Z3 : 99 451 1571667424535428 1571667424631593 96165 19524
Z3 : 100 452 1571667424631640 1571667424707810 76170 20199
Z3 : 101 453 1571667424707828 1571667424791022 83194 20245
Z3 : 102 454 1571667424791038 1571667424877480 86442 20338
Z3 : 103 455 1571667424877497 1571667424961202 83705 20356
Z3 : 104 456 1571667424961248 1571667425039760 78512 20193
Z3 : 105 457 1571667425039789 1571667425136632 96843 21453
Z3 : 106 458 1571667425136677 1571667425211820 75143 21193
Z3 : 107 459 1571667425211838 1571667425305227 93389 21238
Z3 : 108 460 1571667425305271 1571667425378415 73144 21352
Z3 : 109 461 1571667425378449 1571667425474107 95658 21366
Z3 : 110 462 1571667425474153 1571667425560488 86335 22415
Z3 : 111 463 1571667425560533 1571667425645257 84724 22351
Z3 : 112 464 1571667425645302 1571667425720794 75492 22315
Z3 : 113 465 1571667425720812 1571667425813673 92861 22356
Z3 : 114 466 1571667425813719 1571667425898930 85211 22397
Z3 : 115 467 1571667425898975 1571667425985079 86104 23415
Z3 : 116 468 1571667425985125 1571667426070238 85113 23446
Z3 : 117 469 1571667426070283 1571667426155272 84989 23542
Z3 : 118 470 1571667426155315 1571667426240013 84698 23268
Z3 : 119 471 1571667426240047 1571667426324768 84721 23217
Z3 : 120 472 1571667426324802 1571667426399571 74769 24427
Z3 : 121 473 1571667426399604 1571667426494686 95082 24328
Z3 : 122 474 1571667426494732 1571667426579604 84872 24275
Z3 : 123 475 1571667426579639 1571667426664947 85308 24491
Z3 : 124 476 1571667426664993 1571667426740763 75770 24333
Z3 : 125 477 1571667426740781 1571667426832031 91250 25246
Z3 : 126 478 1571667426832076 1571667426906614 74538 25290
Z3 : 127 479 1571667426906644 1571667427002930 96286 25271
Z3 : 128 480 1571667427002967 1571667427087958 84991 25314
Z3 : 129 481 1571667427087991 1571667427161369 73378 25180
Z3 : 130 482 1571667427161387 1571667427253330 91943 26472
Z3 : 131 483 1571667427253348 1571667427333255 79907 26329
Z3 : 132 484 1571667427333301 1571667427413771 80470 26325
Z3 : 133 485 1571667427413801 1571667427496801 83000 26290
Z3 : 134 486 1571667427496831 1571667427592559 95728 26222
Z3 : 135 487 1571667427592594 1571667427679273 86679 27277
Z3 : 136 488 1571667427679308 1571667427764018 84710 27266
Z3 : 137 489 1571667427764052 1571667427848948 84896 27176
Z3 : 138 490 1571667427848980 1571667427934449 85469 27278
Z3 : 139 491 1571667427934483 1571667428019747 85264 27185
Z3 : 140 492 1571667428019793 1571667428093962 74169 28331
Z3 : 141 493 1571667428093992 1571667428177536 83544 28296
Z3 : 142 494 1571667428177578 1571667428263688 86110 28209
Z3 : 143 495 1571667428263738 1571667428347797 84059 28344
Z3 : 144 496 1571667428347816 1571667428429284 81468 28326
Z3 : 145 497 1571667428429303 1571667428524495 95192 29203
Z3 : 146 498 1571667428524536 1571667428598551 74015 29328
Z3 : 147 499 1571667428598588 1571667428693768 95180 29260
Z3 : 148 500 1571667428693800 1571667428778902 85102 29168
Z3 : 149 501 1571667428778934 1571667428863888 84954 29191
Z3 : 150 502 1571667428863919 1571667428939531 75612 30237
Z3 : 151 503 1571667428939551 1571667429034712 95161 30246
Z3 : 152 504 1571667429034753 1571667429108584 73831 30317
Z3 : 153 505 1571667429108619 1571667429199027 90408 30238
Z3 : 154 506 1571667429199041 1571667429278089 79048 30332
Z3 : 155 507 1571667429278107 1571667429371381 93274 31187
Z3 : 156 508 1571667429371414 1571667429457235 85821 31237
Z3 : 157 509 1571667429457267 1571667429542761 85494 31221
Z3 : 158 510 1571667429542771 1571667429616070 73299 31215
Z3 : 159 511 1571667429616114 1571667429712145 96031 31266
Z3 : 160 512 1571667429712178 1571667429798293 86115 32287
Z3 : 161 513 1571667429798327 1571667429873856 75529 32320
Z3 : 162 514 1571667429873876 1571667429967052 93176 32310
Z3 : 163 515 1571667429967086 1571667430053079 85993 32398
Z3 : 164 516 1571667430053096 1571667430126261 73165 32340
Z3 : 165 517 1571667430126304 1571667430216758 90454 33141
Z3 : 166 518 1571667430216772 1571667430305855 89083 33266
Z3 : 167 519 1571667430305888 1571667430381730 75842 33297
Z3 : 168 520 1571667430381749 1571667430475015 93266 33214
Z3 : 169 521 1571667430475056 1571667430560279 85223 33229
Z3 : 170 522 1571667430560318 1571667430646592 86274 34276
Z3 : 171 523 1571667430646626 1571667430731995 85369 34389
Z3 : 172 524 1571667430732040 1571667430817015 84975 34293
Z3 : 173 525 1571667430817049 1571667430891957 74908 34263
Z3 : 174 526 1571667430891977 1571667430985816 93839 34270
Z3 : 175 527 1571667430985850 1571667431072163 86313 35338
Z3 : 176 528 1571667431072180 1571667431145098 72918 35188
Z3 : 177 529 1571667431145130 1571667431240491 95361 35277
Z3 : 178 530 1571667431240537 1571667431325579 85042 35231
Z3 : 179 531 1571667431325612 1571667431400788 75176 35087
Z3 : 180 532 1571667431400800 1571667431495395 94595 36280
Z3 : 181 533 1571667431495429 1571667431580557 85128 36216
Z3 : 182 534 1571667431580590 1571667431665820 85230 36389
Z3 : 183 535 1571667431665867 1571667431750880 85013 36437
Z3 : 184 536 1571667431750926 1571667431835854 84928 36453
Z3 : 185 537 1571667431835899 1571667431911810 75911 37090
Z3 : 186 538 1571667431911821 1571667432005511 93690 37268
Z3 : 187 539 1571667432005557 1571667432090770 85213 37454
Z3 : 188 540 1571667432090795 1571667432163486 72691 37195
Z3 : 189 541 1571667432163527 1571667432258880 95353 37200
Z3 : 190 542 1571667432258923 1571667432344784 85861 38281
Z3 : 191 543 1571667432344828 1571667432419758 74930 38147
Z3 : 192 544 1571667432419770 1571667432503759 83989 38143
Z3 : 193 545 1571667432503770 1571667432591012 87242 38156
Z3 : 194 546 1571667432591032 1571667432670221 79189 38125
Z3 : 195 547 1571667432670235 1571667432753356 83121 39141
Z3 : 196 548 1571667432753372 1571667432848108 94736 39286
Z3 : 197 549 1571667432848152 1571667432923001 74849 39085
Z3 : 198 550 1571667432923015 1571667433007084 84069 39178
Z3 : 199 551 1571667433007097 1571667433094814 87717 39260
Z3 : 200 552 1571667433094834 1571667433182656 87822 40426
Z3 : 201 553 1571667433182701 1571667433270323 87622 40526
Z3 : 202 554 1571667433270368 1571667433355736 85368 40310
Z3 : 203 555 1571667433355782 1571667433429979 74197 40272
Z3 : 204 556 1571667433429999 1571667433524026 94027 40418
Z3 : 205 557 1571667433524071 1571667433609794 85723 41297
Z3 : 206 558 1571667433609839 1571667433685975 76136 41321
Z3 : 207 559 1571667433685995 1571667433777963 91968 41279
Z3 : 208 560 1571667433778007 1571667433863042 85035 41166
Z3 : 209 561 1571667433863086 1571667433943602 80516 41194
Z3 : 210 562 1571667433943636 1571667434025272 81636 42113
Z3 : 211 563 1571667434025297 1571667434106579 81282 42069
Z3 : 212 564 1571667434106594 1571667434193066 86472 42242
Z3 : 213 565 1571667434193079 1571667434280529 87450 42177
Z3 : 214 566 1571667434280550 1571667434366285 85735 42457
Z3 : 215 567 1571667434366302 1571667434441774 75472 43131
Z3 : 216 568 1571667434441797 1571667434528208 86411 43179
Z3 : 217 569 1571667434528229 1571667434608925 80696 43149
Z3 : 218 570 1571667434608947 1571667434695774 86827 43184
Z3 : 219 571 1571667434695791 1571667434783036 87245 43176
Z3 : 220 572 1571667434783059 1571667434874133 91074 44424
Z3 : 221 573 1571667434874179 1571667434949199 75020 44320
Z3 : 222 574 1571667434949221 1571667435041926 92705 44410
Z3 : 223 575 1571667435041974 1571667435128403 86429 44277
Z3 : 224 576 1571667435128447 1571667435213435 84988 44389
Z3 : 225 577 1571667435213479 1571667435299544 86065 45285
Z3 : 226 578 1571667435299589 1571667435384530 84941 45279
Z3 : 227 579 1571667435384574 1571667435464797 80223 45377
Z3 : 228 580 1571667435464815 1571667435541879 77064 45222
Z3 : 229 581 1571667435541896 1571667435626130 84234 45264
Z3 : 230 582 1571667435626139 1571667435710318 84179 46230
Z3 : 231 583 1571667435710334 1571667435792916 82582 46225
Z3 : 232 584 1571667435792926 1571667435877307 84381 46187
Z3 : 233 585 1571667435877342 1571667435979041 101699 46293
Z3 : 234 586 1571667435979058 1571667436045179 66121 46257
Z3 : 235 587 1571667436045225 1571667436142839 97614 47214
Z3 : 236 588 1571667436142856 1571667436227920 85064 47271
Z3 : 237 589 1571667436227963 1571667436313269 85306 47443
Z3 : 238 590 1571667436313285 1571667436385172 71887 47310
Z3 : 239 591 1571667436385218 1571667436480865 95647 47354
Z3 : 240 592 1571667436480910 1571667436567067 86157 48229
Z3 : 241 593 1571667436567112 1571667436652432 85320 48426
Z3 : 242 594 1571667436652449 1571667436724554 72105 48297
Z3 : 243 595 1571667436724600 1571667436820334 95734 48395
Z3 : 244 596 1571667436820380 1571667436905439 85059 48249
Z3 : 245 597 1571667436905485 1571667436991416 85931 49321
Z3 : 246 598 1571667436991434 1571667437062994 71560 49227
Z3 : 247 599 1571667437063041 1571667437160400 97359 49434
Z3 : 248 600 1571667437160417 1571667437232826 72409 49324
Z3 : 249 601 1571667437232871 1571667437329401 96530 49351
Z3 : 250 602 1571667437329445 1571667437415619 86174 50285
Z3 : 251 603 1571667437415665 1571667437500920 85255 50437
Z3 : 252 604 1571667437500937 1571667437573313 72376 50315
Z3 : 253 605 1571667437573358 1571667437669046 95688 50363
Z3 : 254 606 1571667437669092 1571667437754404 85312 50425
Z3 : 255 607 1571667437754450 1571667437840283 85833 51319
Z3 : 256 608 1571667437840329 1571667437925600 85271 51417
Z3 : 257 609 1571667437925645 1571667438010690 85045 51464
Z3 : 258 610 1571667438010708 1571667438081995 71287 51296
Z3 : 259 611 1571667438082041 1571667438179032 96991 51363
Z3 : 260 612 1571667438179049 1571667438252747 73698 52321
Z3 : 261 613 1571667438252792 1571667438348854 96062 52411
Z3 : 262 614 1571667438348900 1571667438434157 85257 52419
Z3 : 263 615 1571667438434203 1571667438519028 84825 52183
Z3 : 264 616 1571667438519045 1571667438590365 71320 52298
Z3 : 265 617 1571667438590411 1571667438688288 97877 53448
Z3 : 266 618 1571667438688309 1571667438760658 72349 53178
Z3 : 267 619 1571667438760703 1571667438850003 89300 53319
Z3 : 268 620 1571667438850025 1571667438933975 83950 53348
Z3 : 269 621 1571667438934020 1571667439024092 90072 53442
Z3 : 270 622 1571667439024109 1571667439096632 72523 54291
Z3 : 271 623 1571667439096678 1571667439193909 97231 54441
Z3 : 272 624 1571667439193925 1571667439266925 73000 54351
Z3 : 273 625 1571667439266970 1571667439362415 95445 54421
Z3 : 274 626 1571667439362460 1571667439447475 85015 54358
Z3 : 275 627 1571667439447521 1571667439533483 85962 55473
Z3 : 276 628 1571667439533500 1571667439605437 71937 55165
Z3 : 277 629 1571667439605483 1571667439702273 96790 55448
Z3 : 278 630 1571667439702290 1571667439774563 72273 55193
Z3 : 279 631 1571667439774610 1571667439870994 96384 55486
Z3 : 280 632 1571667439871037 1571667439955309 84272 56233
Z3 : 281 633 1571667439955362 1571667440040424 85062 56326
Z3 : 282 634 1571667440040551 1571667440125606 85055 56421
Z3 : 283 635 1571667440125652 1571667440210583 84931 56451
Z3 : 284 636 1571667440210601 1571667440281998 71397 56296
Z3 : 285 637 1571667440282043 1571667440379571 97528 57270
Z3 : 286 638 1571667440379616 1571667440464813 85197 57412
Z3 : 287 639 1571667440464859 1571667440550030 85171 57437
Z3 : 288 640 1571667440550048 1571667440622963 72915 57146
Z3 : 289 641 1571667440623006 1571667440718617 95611 57435
Z3 : 290 642 1571667440718635 1571667440791295 72660 58142
Z3 : 291 643 1571667440791341 1571667440882341 91000 58407
Z3 : 292 644 1571667440882364 1571667440965714 83350 58409
Z3 : 293 645 1571667440965760 1571667441056065 90305 58280
Z3 : 294 646 1571667441056110 1571667441141389 85279 58416
Z3 : 295 647 1571667441141435 1571667441227187 85752 59220
Z3 : 296 648 1571667441227205 1571667441299036 71831 59264
Z3 : 297 649 1571667441299081 1571667441395604 96523 59280
Z3 : 298 650 1571667441395649 1571667441481406 85757 59444
Z3 : 299 651 1571667441481451 1571667441567029 85578 59532
Z3 : 300 652 1571667441567047 1571667441639669 72622 60185
Z3 : 301 653 1571667441639713 1571667441735980 96267 60475
Z3 : 302 654 1571667441735998 1571667441807567 71569 60165
Z3 : 303 655 1571667441807612 1571667441898808 91196 60419
Z3 : 304 656 1571667441898834 1571667441982525 83691 60209
Z3 : 305 657 1571667441982571 1571667442073985 91414 61411
Z3 : 306 658 1571667442074031 1571667442159115 85084 61218
Z3 : 307 659 1571667442159160 1571667442244310 85150 61413
Z3 : 308 660 1571667442244329 1571667442316626 72297 61312
Z3 : 309 661 1571667442316672 1571667442412520 95848 61403
Z3 : 310 662 1571667442412566 1571667442498966 86400 62437
Z3 : 311 663 1571667442499009 1571667442583990 84981 62460
Z3 : 312 664 1571667442584008 1571667442656892 72884 62307
Z3 : 313 665 1571667442656938 1571667442752794 95856 62543
Z3 : 314 666 1571667442752812 1571667442824998 72186 62326
Z3 : 315 667 1571667442825044 1571667442916066 91022 63177
Z3 : 316 668 1571667442916088 1571667443003552 87464 63277
Z3 : 317 669 1571667443003597 1571667443090223 86626 63430
Z3 : 318 670 1571667443090269 1571667443175167 84898 63239
Z3 : 319 671 1571667443175212 1571667443260311 85099 63391
Z3 : 320 672 1571667443260356 1571667443346252 85896 64286
Z3 : 321 673 1571667443346304 1571667443431289 84985 64270
Z3 : 322 674 1571667443431341 1571667443516368 85027 64280
Z3 : 323 675 1571667443516416 1571667443601661 85245 64525
Z3 : 324 676 1571667443601714 1571667443680626 78912 64342
