A : 1 1 1573568230502092 1573568230542937 40845
A : 2 2 1573568230542947 1573568230584010 41063
A : 3 3 1573568230584022 1573568230627312 43290
A : 4 4 1573568230627328 1573568230668301 40973
A : 5 5 1573568230668324 1573568230709951 41627
A : 6 6 1573568230709994 1573568230753453 43459
A : 7 7 1573568230753484 1573568230796893 43409
A : 8 8 1573568230796906 1573568230838594 41688
A : 9 9 1573568230838609 1573568230880019 41410
A : 10 10 1573568230880040 1573568230921028 40988
A : 11 11 1573568230921057 1573568230963179 42122
A : 12 12 1573568230963207 1573568231005470 42263
A : 13 13 1573568231005486 1573568231046824 41338
A : 14 14 1573568231046854 1573568231089154 42300
A : 15 15 1573568231089170 1573568231130197 41027
A : 16 16 1573568231130228 1573568231172533 42305
A : 17 17 1573568231172563 1573568231214857 42294
A : 18 18 1573568231214888 1573568231257380 42492
A : 19 19 1573568231257409 1573568231299682 42273
A : 20 20 1573568231299713 1573568231341987 42274
A : 21 21 1573568231342018 1573568231384354 42336
A : 22 22 1573568231384383 1573568231426652 42269
A : 23 23 1573568231426684 1573568231469189 42505
A : 24 24 1573568231469217 1573568231511545 42328
A : 25 25 1573568231511576 1573568231553864 42288
A : 26 26 1573568231553893 1573568231596231 42338
A : 27 27 1573568231596248 1573568231637239 40991
A : 28 28 1573568231637271 1573568231679591 42320
A : 29 29 1573568231679622 1573568231721940 42318
A : 30 30 1573568231721969 1573568231764275 42306
A : 31 31 1573568231764305 1573568231806576 42271
A : 32 32 1573568231806606 1573568231848942 42336
A : 33 33 1573568231848973 1573568231891287 42314
A : 34 34 1573568231891318 1573568231933788 42470
A : 35 35 1573568231933820 1573568231976342 42522
A : 36 36 1573568231976374 1573568232018903 42529
A : 37 37 1573568232018918 1573568232059854 40936
A : 38 38 1573568232059887 1573568232102464 42577
A : 39 39 1573568232102478 1573568232143382 40904
A : 40 40 1573568232143437 1573568232185947 42510
A : 41 41 1573568232185981 1573568232228469 42488
A : 42 42 1573568232228484 1573568232269399 40915
A : 43 43 1573568232269430 1573568232311888 42458
A : 44 44 1573568232311919 1573568232354413 42494
A : 45 45 1573568232354447 1573568232396158 41711
A : 46 46 1573568232396176 1573568232437313 41137
A : 47 47 1573568232437347 1573568232479839 42492
A : 48 48 1573568232479873 1573568232522371 42498
A : 49 49 1573568232522404 1573568232566112 43708
A : 50 50 1573568232566142 1573568232608781 42639
A : 51 51 1573568232608796 1573568232649644 40848
A : 52 52 1573568232649675 1573568232692091 42416
A : 53 53 1573568232692108 1573568232733073 40965
A : 54 54 1573568232733108 1573568232775655 42547
A : 55 55 1573568232775686 1573568232818137 42451
A : 56 56 1573568232818170 1573568232860618 42448
A : 57 57 1573568232860651 1573568232903147 42496
A : 58 58 1573568232903179 1573568232945676 42497
A : 59 59 1573568232945708 1573568232988188 42480
A : 60 60 1573568232988221 1573568233030714 42493
A : 61 61 1573568233030745 1573568233073327 42582
A : 62 62 1573568233073342 1573568233114264 40922
A : 63 63 1573568233114294 1573568233156807 42513
A : 64 64 1573568233156838 1573568233199308 42470
A : 65 65 1573568233199340 1573568233241911 42571
A : 66 66 1573568233241927 1573568233282978 41051
A : 67 67 1573568233283012 1573568233325511 42499
A : 68 68 1573568233325545 1573568233368090 42545
A : 69 69 1573568233368122 1573568233410647 42525
A : 70 70 1573568233410680 1573568233453217 42537
A : 71 71 1573568233453252 1573568233495808 42556
A : 72 72 1573568233495840 1573568233538367 42527
A : 73 73 1573568233538398 1573568233580934 42536
A : 74 74 1573568233580966 1573568233623482 42516
A : 75 75 1573568233623516 1573568233665991 42475
A : 76 76 1573568233666022 1573568233708583 42561
A : 77 77 1573568233708615 1573568233751136 42521
A : 78 78 1573568233751167 1573568233793697 42530
A : 79 79 1573568233793729 1573568233836250 42521
A : 80 80 1573568233836283 1573568233878849 42566
A : 81 81 1573568233878882 1573568233921423 42541
A : 82 82 1573568233921455 1573568233963970 42515
A : 83 83 1573568233964002 1573568234006495 42493
A : 84 84 1573568234006527 1573568234049045 42518
A : 85 85 1573568234049076 1573568234091605 42529
A : 86 86 1573568234091627 1573568234132679 41052
A : 87 87 1573568234132712 1573568234175180 42468
A : 88 88 1573568234175212 1573568234217904 42692
A : 89 89 1573568234217925 1573568234258897 40972
A : 90 90 1573568234258930 1573568234301458 42528
A : 91 91 1573568234301489 1573568234343980 42491
A : 92 92 1573568234344013 1573568234386531 42518
A : 93 93 1573568234386563 1573568234429091 42528
A : 94 94 1573568234429122 1573568234471606 42484
A : 95 95 1573568234471637 1573568234514095 42458
A : 96 96 1573568234514127 1573568234556656 42529
A : 97 97 1573568234556687 1573568234599323 42636
A : 98 98 1573568234599344 1573568234640309 40965
A : 99 99 1573568234640340 1573568234682835 42495
A : 100 100 1573568234682866 1573568234725516 42650
A : 101 101 1573568234725536 1573568234766489 40953
A : 102 102 1573568234766520 1573568234809060 42540
A : 103 103 1573568234809091 1573568234851631 42540
A : 104 104 1573568234851664 1573568234894140 42476
A : 105 105 1573568234894172 1573568234936961 42789
A : 106 106 1573568234937007 1573568234979474 42467
A : 107 107 1573568234979504 1573568235022219 42715
A : 108 108 1573568235022264 1573568235064918 42654
A : 109 109 1573568235064963 1573568235107628 42665
A : 110 110 1573568235107671 1573568235150330 42659
A : 111 111 1573568235150349 1573568235191311 40962
A : 112 112 1573568235191356 1573568235234139 42783
A : 113 113 1573568235234160 1573568235275228 41068
A : 114 114 1573568235275272 1573568235318099 42827
A : 115 115 1573568235318117 1573568235359108 40991
A : 116 116 1573568235359149 1573568235401464 42315
A : 117 117 1573568235401510 1573568235444012 42502
A : 118 118 1573568235444028 1573568235485206 41178
A : 119 119 1573568235485252 1573568235527880 42628
A : 120 120 1573568235527925 1573568235570617 42692
A : 121 121 1573568235570662 1573568235613468 42806
A : 122 122 1573568235613487 1573568235654363 40876
A : 123 123 1573568235654400 1573568235696565 42165
A : 124 124 1573568235696605 1573568235739363 42758
A : 125 125 1573568235739382 1573568235780524 41142
A : 126 126 1573568235780567 1573568235823015 42448
A : 127 127 1573568235823059 1573568235865592 42533
A : 128 128 1573568235865625 1573568235908302 42677
A : 129 129 1573568235908347 1573568235951019 42672
A : 130 130 1573568235951063 1573568235993541 42478
A : 131 131 1573568235993562 1573568236034765 41203
A : 132 132 1573568236034810 1573568236077528 42718
A : 133 133 1573568236077547 1573568236118569 41022
A : 134 134 1573568236118613 1573568236161152 42539
A : 135 135 1573568236161172 1573568236202223 41051
A : 136 136 1573568236202268 1573568236244817 42549
A : 137 137 1573568236244835 1573568236285914 41079
A : 138 138 1573568236285955 1573568236328322 42367
A : 139 139 1573568236328342 1573568236369419 41077
A : 140 140 1573568236369461 1573568236411834 42373
A : 141 141 1573568236411867 1573568236454441 42574
A : 142 142 1573568236454486 1573568236497105 42619
A : 143 143 1573568236497150 1573568236539671 42521
A : 144 144 1573568236539713 1573568236582568 42855
A : 145 145 1573568236582612 1573568236625301 42689
A : 146 146 1573568236625319 1573568236666336 41017
A : 147 147 1573568236666372 1573568236708978 42606
A : 148 148 1573568236709023 1573568236751613 42590
A : 149 149 1573568236751633 1573568236792773 41140
A : 150 150 1573568236792817 1573568236835394 42577
A : 151 151 1573568236835401 1573568236876081 40680
A : 152 152 1573568236876103 1573568236917368 41265
A : 153 153 1573568236917412 1573568236960043 42631
A : 154 154 1573568236960049 1573568237001138 41089
A : 155 155 1573568237001159 1573568237042305 41146
A : 156 156 1573568237042350 1573568237085128 42778
A : 157 157 1573568237085174 1573568237127772 42598
A : 158 158 1573568237127792 1573568237168976 41184
A : 159 159 1573568237169018 1573568237211626 42608
A : 160 160 1573568237211670 1573568237254174 42504
A : 161 161 1573568237254186 1573568237295374 41188
A : 162 162 1573568237295441 1573568237337829 42388
A : 163 163 1573568237337973 1573568237380538 42565
A : 164 164 1573568237380570 1573568237423244 42674
A : 165 165 1573568237423289 1573568237466074 42785
A : 166 166 1573568237466119 1573568237508866 42747
A : 167 167 1573568237508911 1573568237551664 42753
A : 168 168 1573568237551713 1573568237594379 42666
A : 169 169 1573568237594424 1573568237637162 42738
A : 170 170 1573568237637189 1573568237678115 40926
A : 171 171 1573568237678137 1573568237720189 42052
A : 172 172 1573568237720234 1573568237762926 42692
A : 173 173 1573568237762947 1573568237804020 41073
A : 174 174 1573568237804027 1573568237844890 40863
A : 175 175 1573568237844912 1573568237886074 41162
A : 176 176 1573568237886119 1573568237928760 42641
A : 177 177 1573568237928766 1573568237969698 40932
A : 178 178 1573568237969720 1573568238010873 41153
A : 179 179 1573568238010918 1573568238053579 42661
A : 180 180 1573568238053624 1573568238096459 42835
A : 181 181 1573568238096504 1573568238139145 42641
A : 182 182 1573568238139164 1573568238180093 40929
A : 183 183 1573568238180137 1573568238222647 42510
A : 184 184 1573568238222679 1573568238265412 42733
A : 185 185 1573568238265431 1573568238306527 41096
A : 186 186 1573568238306572 1573568238349134 42562
A : 187 187 1573568238349166 1573568238391863 42697
A : 188 188 1573568238391908 1573568238434391 42483
A : 189 189 1573568238434415 1573568238475837 41422
A : 190 190 1573568238475882 1573568238518565 42683
A : 191 191 1573568238518610 1573568238561269 42659
A : 192 192 1573568238561314 1573568238603967 42653
A : 193 193 1573568238603987 1573568238644932 40945
A : 194 194 1573568238644957 1573568238687111 42154
A : 195 195 1573568238687131 1573568238728083 40952
A : 196 196 1573568238728124 1573568238770748 42624
A : 197 197 1573568238770768 1573568238811725 40957
A : 198 198 1573568238811766 1573568238854057 42291
A : 199 199 1573568238854074 1573568238894786 40712
A : 200 200 1573568238894810 1573568238936111 41301
A : 201 201 1573568238936156 1573568238978818 42662
A : 202 202 1573568238978864 1573568239021570 42706
A : 203 203 1573568239021616 1573568239064376 42760
A : 204 204 1573568239064422 1573568239107086 42664
A : 205 205 1573568239107106 1573568239148165 41059
A : 206 206 1573568239148206 1573568239190666 42460
A : 207 207 1573568239190674 1573568239231671 40997
A : 208 208 1573568239231700 1573568239273299 41599
A : 209 209 1573568239273344 1573568239315931 42587
A : 210 210 1573568239315963 1573568239358742 42779
A : 211 211 1573568239358785 1573568239401412 42627
A : 212 212 1573568239401449 1573568239442895 41446
A : 213 213 1573568239442940 1573568239485792 42852
A : 214 214 1573568239485880 1573568239541799 55919
A : 215 215 1573568239541844 1573568239602482 60638
A : 216 216 1573568239602527 1573568239663049 60522
A : 217 217 1573568239663094 1573568239723715 60621
A : 218 218 1573568239723735 1573568239776540 52805
A : 219 219 1573568239776586 1573568239844207 67621
A : 220 220 1573568239844251 1573568239904938 60687
A : 221 221 1573568239904957 1573568239957176 52219
A : 222 222 1573568239957222 1573568240025364 68142
A : 223 223 1573568240025410 1573568240085776 60366
A : 224 224 1573568240085823 1573568240146378 60555
A : 225 225 1573568240146423 1573568240206905 60482
A : 226 226 1573568240206951 1573568240267573 60622
A : 227 227 1573568240267618 1573568240323613 55995
A : 228 228 1573568240323633 1573568240380916 57283
A : 229 229 1573568240380937 1573568240443460 62523
A : 230 230 1573568240443480 1573568240502518 59038
A : 231 231 1573568240502563 1573568240564107 61544
A : 232 232 1573568240564129 1573568240624075 59946
A : 233 233 1573568240624096 1573568240683008 58912
A : 234 234 1573568240683054 1573568240810923 127869
A : 235 235 1573568240810966 1573568240931381 120415
A : 236 236 1573568240931450 1573568241051942 120492
A : 237 237 1573568241051962 1573568241167189 115227
A : 238 238 1573568241167211 1573568241293020 125809
A : 239 239 1573568241293065 1573568241413549 120484
A : 240 240 1573568241413595 1573568241534065 120470
A : 241 241 1573568241534097 1573568241654738 120641
A : 242 242 1573568241654756 1573568241769307 114551
A : 243 243 1573568241769338 1573568241895624 126286
A : 244 244 1573568241895669 1573568242016261 120592
A : 245 245 1573568242016281 1573568242137429 121148
A : 246 246 1573568242137448 1573568242250062 112614
A : 247 247 1573568242250107 1573568242378024 127917
A : 248 248 1573568242378069 1573568242498492 120423
A : 249 249 1573568242498510 1573568242619207 120697
A : 250 250 1573568242619226 1573568242732288 113062
A : 251 251 1573568242732310 1573568242860188 127878
A : 252 252 1573568242860233 1573568242980835 120602
A : 253 253 1573568242980879 1573568243101361 120482
A : 254 254 1573568243101396 1573568243221800 120404
A : 255 255 1573568243221820 1573568243336712 114892
A : 256 256 1573568243336733 1573568243462384 125651
A : 257 257 1573568243462404 1573568243583095 120691
A : 258 258 1573568243583114 1573568243703437 120323
A : 259 259 1573568243703484 1573568243823765 120281
A : 260 260 1573568243823810 1573568243944465 120655
A : 261 261 1573568243944486 1573568244057361 112875
A : 262 262 1573568244057383 1573568244185673 128290
A : 263 263 1573568244185718 1573568244306702 120984
A : 264 264 1573568244306748 1573568244426962 120214
A : 265 265 1573568244426982 1573568244547583 120601
A : 266 266 1573568244547603 1573568244662318 114715
A : 267 267 1573568244662340 1573568244788632 126292
A : 268 268 1573568244788677 1573568244908889 120212
A : 269 269 1573568244908909 1573568245029623 120714
A : 270 270 1573568245029642 1573568245143756 114114
A : 271 271 1573568245143779 1573568245270719 126940
A : 272 272 1573568245270765 1573568245391221 120456
A : 273 273 1573568245391240 1573568245510949 119709
A : 274 274 1573568245510969 1573568245625513 114544
A : 275 275 1573568245625530 1573568245752904 127374
A : 276 276 1573568245752949 1573568245873744 120795
A : 277 277 1573568245873789 1573568245993675 119886
A : 278 278 1573568245993693 1573568246108481 114788
A : 279 279 1573568246108504 1573568246234764 126260
A : 280 280 1573568246234806 1573568246355839 121033
A : 281 281 1573568246355859 1573568246475605 119746
A : 282 282 1573568246475626 1573568246590857 115231
A : 283 283 1573568246590878 1573568246716877 125999
A : 284 284 1573568246716923 1573568246837433 120510
A : 285 285 1573568246837451 1573568246956830 119379
A : 286 286 1573568246956875 1573568247078187 121312
A : 287 287 1573568247078233 1573568247193408 115175
A : 288 288 1573568247193428 1573568247318749 125321
A : 289 289 1573568247318769 1573568247438981 120212
A : 290 290 1573568247439003 1573568247560434 121431
A : 291 291 1573568247560454 1573568247675604 115150
A : 292 292 1573568247675625 1573568247801537 125912
A : 293 293 1573568247801559 1573568247922368 120809
A : 294 294 1573568247922388 1573568248042797 120409
A : 295 295 1573568248042842 1573568248163604 120762
A : 296 296 1573568248163649 1573568248284170 120521
A : 297 297 1573568248284189 1573568248397792 113603
A : 298 298 1573568248397828 1573568248524776 126948
A : 299 299 1573568248524821 1573568248645494 120673
A : 300 300 1573568248645539 1573568248766125 120586
A : 301 301 1573568248766144 1573568248880724 114580
A : 302 302 1573568248880746 1573568249007181 126435
A : 303 303 1573568249007201 1573568249127838 120637
A : 304 304 1573568249127856 1573568249248015 120159
A : 305 305 1573568249248036 1573568249361346 113310
A : 306 306 1573568249361367 1573568249488597 127230
A : 307 307 1573568249488641 1573568249609769 121128
A : 308 308 1573568249609812 1573568249729920 120108
A : 309 309 1573568249729940 1573568249850550 120610
A : 310 310 1573568249850569 1573568249965953 115384
A : 311 311 1573568249965974 1573568250091476 125502
A : 312 312 1573568250091521 1573568250212782 121261
A : 313 313 1573568250212827 1573568250326063 113236
A : 314 314 1573568250326100 1573568250447615 121515
A : 315 315 1573568250447636 1573568250574158 126522
A : 316 316 1573568250574176 1573568250693834 119658
A : 317 317 1573568250693856 1573568250815359 121503
A : 318 318 1573568250815430 1573568250929130 113700
A : 319 319 1573568250929193 1573568251055853 126660
A : 320 320 1573568251055895 1573568251176016 120121
A : 321 321 1573568251176037 1573568251296368 120331
A : 322 322 1573568251296385 1573568251413504 117119
A : 323 323 1573568251413547 1573568251532712 119165
A : 324 324 1573568251532732 1573568251658603 125871
A : 325 325 1573568251658649 1573568251779784 121135
A : 326 326 1573568251779805 1573568251899641 119836
A : 327 327 1573568251899660 1573568252013612 113952
A : 328 328 1573568252013633 1573568252140319 126686
A : 329 329 1573568252140346 1573568252260481 120135
A : 330 330 1573568252260500 1573568252380964 120464
A : 331 331 1573568252381006 1573568252501514 120508
A : 332 332 1573568252501557 1573568252622369 120812
A : 333 333 1573568252622402 1573568252737008 114606
A : 334 334 1573568252737030 1573568252863059 126029
A : 335 335 1573568252863102 1573568252983851 120749
A : 336 336 1573568252983894 1573568253104106 120212
A : 337 337 1573568253104125 1573568253225150 121025
A : 338 338 1573568253225170 1573568253339511 114341
A : 339 339 1573568253339534 1573568253465689 126155
A : 340 340 1573568253465731 1573568253587694 121963
A : 341 341 1573568253587713 1573568253707212 119499
A : 342 342 1573568253707232 1573568253821573 114341
A : 343 343 1573568253821593 1573568253948118 126525
A : 344 344 1573568253948163 1573568254068713 120550
A : 345 345 1573568254068733 1573568254189374 120641
A : 346 346 1573568254189393 1573568254309733 120340
A : 347 347 1573568254309777 1573568254425340 115563
A : 348 348 1573568254425374 1573568254551505 126131
A : 349 349 1573568254551550 1573568254672083 120533
A : 350 350 1573568254672104 1573568254792612 120508
A : 351 351 1573568254792632 1573568254905811 113179
A : 352 352 1573568254905834 1573568255033696 127862
A : 353 353 1573568255033716 1573568255154510 120794
A : 354 354 1573568255154528 1573568255274930 120402
A : 355 355 1573568255274976 1573568255395484 120508
A : 356 356 1573568255395529 1573568255516197 120668
A : 357 357 1573568255516216 1573568255628901 112685
A : 358 358 1573568255628938 1573568255757130 128192
A : 359 359 1573568255757176 1573568255877168 119992
A : 360 360 1573568255877214 1573568255997798 120584
A : 361 361 1573568255997817 1573568256117723 119906
A : 362 362 1573568256117768 1573568256232901 115133
A : 363 363 1573568256232923 1573568256359447 126524
A : 364 364 1573568256359467 1573568256479713 120246
A : 365 365 1573568256479733 1573568256600362 120629
A : 366 366 1573568256600407 1573568256713864 113457
A : 367 367 1573568256713884 1573568256841231 127347
A : 368 368 1573568256841276 1573568256961913 120637
A : 369 369 1573568256961933 1573568257082561 120628
A : 370 370 1573568257082580 1573568257203059 120479
A : 371 371 1573568257203104 1573568257315407 112303
A : 372 372 1573568257315442 1573568257444170 128728
A : 373 373 1573568257444215 1573568257564699 120484
A : 374 374 1573568257564719 1573568257684960 120241
A : 375 375 1573568257684978 1573568257804465 119487
A : 376 376 1573568257804510 1573568257919889 115379
A : 377 377 1573568257919909 1573568258046667 126758
A : 378 378 1573568258046700 1573568258167415 120715
A : 379 379 1573568258167459 1573568258287622 120163
A : 380 380 1573568258287667 1573568258408147 120480
A : 381 381 1573568258408167 1573568258528525 120358
A : 382 382 1573568258528545 1573568258643572 115027
A : 383 383 1573568258643617 1573568258769484 125867
A : 384 384 1573568258769525 1573568258890444 120919
A : 385 385 1573568258890490 1573568259010557 120067
A : 386 386 1573568259010577 1573568259123618 113041
A : 387 387 1573568259123639 1573568259251716 128077
A : 388 388 1573568259251761 1573568259372178 120417
A : 389 389 1573568259372198 1573568259492755 120557
A : 390 390 1573568259492776 1573568259613376 120600
A : 391 391 1573568259613422 1573568259733986 120564
A : 392 392 1573568259734031 1573568259854621 120590
A : 393 393 1573568259854640 1573568259968560 113920
A : 394 394 1573568259968581 1573568260095709 127128
A : 395 395 1573568260095755 1573568260216282 120527
A : 396 396 1573568260216328 1573568260336793 120465
A : 397 397 1573568260336813 1573568260457226 120413
A : 398 398 1573568260457246 1573568260569898 112652
A : 399 399 1573568260569918 1573568260698442 128524
A : 400 400 1573568260698487 1573568260819052 120565
A : 401 401 1573568260819070 1573568260939807 120737
A : 402 402 1573568260939826 1573568261059649 119823
A : 403 403 1573568261059694 1573568261180545 120851
A : 404 404 1573568261180591 1573568261301198 120607
A : 405 405 1573568261301216 1573568261415064 113848
A : 406 406 1573568261415086 1573568261542151 127065
A : 407 407 1573568261542197 1573568261662760 120563
A : 408 408 1573568261662806 1573568261783363 120557
A : 409 409 1573568261783382 1573568261897489 114107
A : 410 410 1573568261897511 1573568262024493 126982
A : 411 411 1573568262024513 1573568262145104 120591
A : 412 412 1573568262145122 1573568262265612 120490
A : 413 413 1573568262265633 1573568262378425 112792
A : 414 414 1573568262378449 1573568262506878 128429
A : 415 415 1573568262506929 1573568262627122 120193
A : 416 416 1573568262627167 1573568262747846 120679
A : 417 417 1573568262747867 1573568262867606 119739
A : 418 418 1573568262867625 1573568262982334 114709
A : 419 419 1573568262982356 1573568263109419 127063
A : 420 420 1573568263109465 1573568263229950 120485
A : 421 421 1573568263229995 1573568263350337 120342
A : 422 422 1573568263350369 1573568263464661 114292
A : 423 423 1573568263464684 1573568263591427 126743
A : 424 424 1573568263591473 1573568263712089 120616
A : 425 425 1573568263712109 1573568263832640 120531
A : 426 426 1573568263832660 1573568263945724 113064
A : 427 427 1573568263945744 1573568264073802 128058
A : 428 428 1573568264073847 1573568264193916 120069
A : 429 429 1573568264193936 1573568264314453 120517
A : 430 430 1573568264314472 1573568264435000 120528
A : 431 431 1573568264435045 1573568264547616 112571
A : 432 432 1573568264547637 1573568264675790 128153
A : 433 433 1573568264675835 1573568264796375 120540
A : 434 434 1573568264796394 1573568264916817 120423
A : 435 435 1573568264916836 1573568265036457 119621
A : 436 436 1573568265036476 1573568265152115 115639
A : 437 437 1573568265152136 1573568265278331 126195
A : 438 438 1573568265278352 1573568265398774 120422
A : 439 439 1573568265398820 1573568265519316 120496
A : 440 440 1573568265519361 1573568265640062 120701
A : 441 441 1573568265640082 1573568265753582 113500
A : 442 442 1573568265753612 1573568265881000 127388
A : 443 443 1573568265881042 1573568266001532 120490
A : 444 444 1573568266001578 1573568266122221 120643
A : 445 445 1573568266122239 1573568266240917 118678
A : 446 446 1573568266240937 1573568266356404 115467
A : 447 447 1573568266356427 1573568266483495 127068
A : 448 448 1573568266483514 1573568266603093 119579
A : 449 449 1573568266603138 1573568266724562 121424
A : 450 450 1573568266724582 1573568266839564 114982
A : 451 451 1573568266839583 1573568266965615 126032
A : 452 452 1573568266965661 1573568267085915 120254
A : 453 453 1573568267085949 1573568267206181 120232
A : 454 454 1573568267206199 1573568267321017 114818
A : 455 455 1573568267321038 1573568267446954 125916
A : 456 456 1573568267446997 1573568267567745 120748
A : 457 457 1573568267567787 1573568267687854 120067
A : 458 458 1573568267687887 1573568267803993 116106
A : 459 459 1573568267804013 1573568267928751 124738
A : 460 460 1573568267928769 1573568268048776 120007
A : 461 461 1573568268048818 1573568268169803 120985
A : 462 462 1573568268169846 1573568268286140 116294
A : 463 463 1573568268286162 1573568268410766 124604
A : 464 464 1573568268410809 1573568268531345 120536
A : 465 465 1573568268531363 1573568268651840 120477
A : 466 466 1573568268651861 1573568268768739 116878
A : 467 467 1573568268768781 1573568268893550 124769
A : 468 468 1573568268893593 1573568269013675 120082
A : 469 469 1573568269013721 1573568269135303 121582
A : 470 470 1573568269135321 1573568269249466 114145
A : 471 471 1573568269249487 1573568269376102 126615
A : 472 472 1573568269376122 1573568269496318 120196
A : 473 473 1573568269496363 1573568269616183 119820
A : 474 474 1573568269616315 1573568269731523 115208
A : 475 475 1573568269731544 1573568269857136 125592
A : 476 476 1573568269857178 1573568269977943 120765
A : 477 477 1573568269977963 1573568270098334 120371
A : 478 478 1573568270098354 1573568270214595 116241
A : 479 479 1573568270214615 1573568270340100 125485
A : 480 480 1573568270340146 1573568270460720 120574
A : 481 481 1573568270460765 1573568270581916 121151
A : 482 482 1573568270581949 1573568270697111 115162
A : 483 483 1573568270697131 1573568270822372 125241
A : 484 484 1573568270822392 1573568270943031 120639
A : 485 485 1573568270943076 1573568271064041 120965
A : 486 486 1573568271064086 1573568271177589 113503
A : 487 487 1573568271177610 1573568271305173 127563
A : 488 488 1573568271305218 1573568271425585 120367
A : 489 489 1573568271425630 1573568271546208 120578
A : 490 490 1573568271546253 1573568271666938 120685
A : 491 491 1573568271666983 1573568271786726 119743
A : 492 492 1573568271786772 1573568271900975 114203
A : 493 493 1573568271900997 1573568272027654 126657
A : 494 494 1573568272027699 1573568272148252 120553
A : 495 495 1573568272148298 1573568272268664 120366
A : 496 496 1573568272268709 1573568272385218 116509
A : 497 497 1573568272385238 1573568272509594 124356
A : 498 498 1573568272509640 1573568272630260 120620
A : 499 499 1573568272630304 1573568272750739 120435
A : 500 500 1573568272750785 1573568272872222 121437
I : 1 1 1573568230503084 1573568230627689 124605
I : 2 2 1573568230627696 1573568230668818 41122
I : 3 3 1573568230668832 1573568230710176 41344
I : 4 4 1573568230710204 1573568230752436 42232
I : 5 5 1573568230752469 1573568230795032 42563
I : 6 6 1573568230795045 1573568230836378 41333
I : 7 7 1573568230836387 1573568230877873 41486
I : 8 8 1573568230877891 1573568230919148 41257
I : 9 9 1573568230919178 1573568230961662 42484
I : 10 10 1573568230961699 1573568231004303 42604
I : 11 11 1573568231004322 1573568231045774 41452
I : 12 12 1573568231045812 1573568231087505 41693
I : 13 13 1573568231087522 1573568231129140 41618
I : 14 14 1573568231129177 1573568231171168 41991
I : 15 15 1573568231171192 1573568231213554 42362
I : 16 16 1573568231213593 1573568231255595 42002
I : 17 17 1573568231255631 1573568231298049 42418
I : 18 18 1573568231298086 1573568231339746 41660
I : 19 19 1573568231339783 1573568231382003 42220
I : 20 20 1573568231382041 1573568231424209 42168
I : 21 21 1573568231424247 1573568231466331 42084
I : 22 22 1573568231466367 1573568231508641 42274
I : 23 23 1573568231508679 1573568231550632 41953
I : 24 24 1573568231550669 1573568231592659 41990
I : 25 25 1573568231592677 1573568231634007 41330
I : 26 26 1573568231634046 1573568231676411 42365
I : 27 27 1573568231676447 1573568231718352 41905
I : 28 28 1573568231718391 1573568231760731 42340
I : 29 29 1573568231760770 1573568231802758 41988
I : 30 30 1573568231802795 1573568231845833 43038
I : 31 31 1573568231845870 1573568231888016 42146
I : 32 32 1573568231888055 1573568231930452 42397
I : 33 33 1573568231930491 1573568231973322 42831
I : 34 34 1573568231973362 1573568232016088 42726
I : 35 35 1573568232016103 1573568232057464 41361
I : 36 36 1573568232057502 1573568232100298 42796
I : 37 37 1573568232100315 1573568232141699 41384
I : 38 38 1573568232141738 1573568232183921 42183
I : 39 39 1573568232183960 1573568232225923 41963
I : 40 40 1573568232225941 1573568232267246 41305
I : 41 41 1573568232267283 1573568232309667 42384
I : 42 42 1573568232309707 1573568232352555 42848
I : 43 43 1573568232352591 1573568232394671 42080
I : 44 44 1573568232394689 1573568232436122 41433
I : 45 45 1573568232436161 1573568232478478 42317
I : 46 46 1573568232478517 1573568232521296 42779
I : 47 47 1573568232521335 1573568232563481 42146
I : 48 48 1573568232563515 1573568232606367 42852
I : 49 49 1573568232606382 1573568232647661 41279
I : 50 50 1573568232647697 1573568232690494 42797
I : 51 51 1573568232690511 1573568232732224 41713
I : 52 52 1573568232732264 1573568232774200 41936
I : 53 53 1573568232774239 1573568232816285 42046
I : 54 54 1573568232816324 1573568232858673 42349
I : 55 55 1573568232858712 1573568232900651 41939
I : 56 56 1573568232900689 1573568232942940 42251
I : 57 57 1573568232942979 1573568232984984 42005
I : 58 58 1573568232985023 1573568233027325 42302
I : 59 59 1573568233027364 1573568233069993 42629
I : 60 60 1573568233070010 1573568233111528 41518
I : 61 61 1573568233111565 1573568233153628 42063
I : 62 62 1573568233153666 1573568233195643 41977
I : 63 63 1573568233195683 1573568233238535 42852
I : 64 64 1573568233238553 1573568233280112 41559
I : 65 65 1573568233280151 1573568233322323 42172
I : 66 66 1573568233322362 1573568233364295 41933
I : 67 67 1573568233364333 1573568233406539 42206
I : 68 68 1573568233406580 1573568233448599 42019
I : 69 69 1573568233448639 1573568233490838 42199
I : 70 70 1573568233490878 1573568233532913 42035
I : 71 71 1573568233532951 1573568233575439 42488
I : 72 72 1573568233575478 1573568233618349 42871
I : 73 73 1573568233618388 1573568233660686 42298
I : 74 74 1573568233660724 1573568233703586 42862
I : 75 75 1573568233703625 1573568233745982 42357
I : 76 76 1573568233746021 1573568233788935 42914
I : 77 77 1573568233788974 1573568233831752 42778
I : 78 78 1573568233831791 1573568233874159 42368
I : 79 79 1573568233874198 1573568233916289 42091
I : 80 80 1573568233916327 1573568233958547 42220
I : 81 81 1573568233958586 1573568234000601 42015
I : 82 82 1573568234000640 1573568234042870 42230
I : 83 83 1573568234042930 1573568234085517 42587
I : 84 84 1573568234085534 1573568234127024 41490
I : 85 85 1573568234127060 1573568234169301 42241
I : 86 86 1573568234169339 1573568234211288 41949
I : 87 87 1573568234211304 1573568234252430 41126
I : 88 88 1573568234252467 1573568234294969 42502
I : 89 89 1573568234295009 1573568234337801 42792
I : 90 90 1573568234337840 1573568234380056 42216
I : 91 91 1573568234380092 1573568234422349 42257
I : 92 92 1573568234422388 1573568234465262 42874
I : 93 93 1573568234465300 1573568234507492 42192
I : 94 94 1573568234507531 1573568234549650 42119
I : 95 95 1573568234549689 1573568234591487 41798
I : 96 96 1573568234591502 1573568234633135 41633
I : 97 97 1573568234633167 1573568234675152 41985
I : 98 98 1573568234675192 1573568234717979 42787
I : 99 99 1573568234717994 1573568234759342 41348
I : 100 100 1573568234759370 1573568234801613 42243
I : 101 101 1573568234801652 1573568234843661 42009
I : 102 102 1573568234843700 1573568234885902 42202
I : 103 103 1573568234885940 1573568234927927 41987
I : 104 104 1573568234927966 1573568234970280 42314
I : 105 105 1573568234970319 1573568235012274 41955
I : 106 106 1573568235012314 1573568235054690 42376
I : 107 107 1573568235054729 1573568235096858 42129
I : 108 108 1573568235096897 1573568235139533 42636
I : 109 109 1573568235139548 1573568235181081 41533
I : 110 110 1573568235181108 1573568235222959 41851
I : 111 111 1573568235222974 1573568235264299 41325
I : 112 112 1573568235264330 1573568235306162 41832
I : 113 113 1573568235306177 1573568235361189 55012
I : 114 114 1573568235361215 1573568235422891 61676
I : 115 115 1573568235422906 1573568235482170 59264
I : 116 116 1573568235482209 1573568235543657 61448
I : 117 117 1573568235543695 1573568235604171 60476
I : 118 118 1573568235604186 1573568235663201 59015
I : 119 119 1573568235663228 1573568235724819 61591
I : 120 120 1573568235724834 1573568235784694 59860
I : 121 121 1573568235784721 1573568235845805 61084
I : 122 122 1573568235845844 1573568235906706 60862
I : 123 123 1573568235906745 1573568235967039 60294
I : 124 124 1573568235967053 1573568236026081 59028
I : 125 125 1573568236026117 1573568236086625 60508
I : 126 126 1573568236086643 1573568236147636 60993
I : 127 127 1573568236147651 1573568236207366 59715
I : 128 128 1573568236207407 1573568236267878 60471
I : 129 129 1573568236267902 1573568236328742 60840
I : 130 130 1573568236328754 1573568236388820 60066
I : 131 131 1573568236388857 1573568236450658 61801
I : 132 132 1573568236450699 1573568236510642 59943
I : 133 133 1573568236510682 1573568236571110 60428
I : 134 134 1573568236571149 1573568236629968 58819
I : 135 135 1573568236629985 1573568236690782 60797
I : 136 136 1573568236690820 1573568236752069 61249
I : 137 137 1573568236752081 1573568236811551 59470
I : 138 138 1573568236811589 1573568236872887 61298
I : 139 139 1573568236872905 1573568236932859 59954
I : 140 140 1573568236932899 1573568236993599 60700
I : 141 141 1573568236993615 1573568237055326 61711
I : 142 142 1573568237055354 1573568237114926 59572
I : 143 143 1573568237114942 1573568237173998 59056
I : 144 144 1573568237174025 1573568237235476 61451
I : 145 145 1573568237235491 1573568237294812 59321
I : 146 146 1573568237294846 1573568237356407 61561
I : 147 147 1573568237356446 1573568237416970 60524
I : 148 148 1573568237417009 1573568237478193 61184
I : 149 149 1573568237478232 1573568237538913 60681
I : 150 150 1573568237538952 1573568237606628 67676
I : 151 151 1573568237606641 1573568237658172 51531
I : 152 152 1573568237658194 1573568237719098 60904
I : 153 153 1573568237719134 1573568237778901 59767
I : 154 154 1573568237778926 1573568237840518 61592
I : 155 155 1573568237840535 1573568237899369 58834
I : 156 156 1573568237899435 1573568237961016 61581
I : 157 157 1573568237961030 1573568238021154 60124
I : 158 158 1573568238021192 1573568238081902 60710
I : 159 159 1573568238081941 1573568238142519 60578
I : 160 160 1573568238142528 1573568238202567 60039
I : 161 161 1573568238202606 1573568238263304 60698
I : 162 162 1573568238263320 1573568238323186 59866
I : 163 163 1573568238323322 1573568238384964 61642
I : 164 164 1573568238385001 1573568238443539 58538
I : 165 165 1573568238443565 1573568238505577 62012
I : 166 166 1573568238505616 1573568238568137 62521
I : 167 167 1573568238568143 1573568238624726 56583
I : 168 168 1573568238624746 1573568238685615 60869
I : 169 169 1573568238685631 1573568238746162 60531
I : 170 170 1573568238746176 1573568238806436 60260
I : 171 171 1573568238806466 1573568238867800 61334
I : 172 172 1573568238867816 1573568238927183 59367
I : 173 173 1573568238927222 1573568238988996 61774
I : 174 174 1573568238989035 1573568239049564 60529
I : 175 175 1573568239049602 1573568239113322 63720
I : 176 176 1573568239113340 1573568239169087 55747
I : 177 177 1573568239169101 1573568239229052 59951
I : 178 178 1573568239229077 1573568239290717 61640
I : 179 179 1573568239290755 1573568239351593 60838
I : 180 180 1573568239351632 1573568239410319 58687
I : 181 181 1573568239410342 1573568239472226 61884
I : 182 182 1573568239472265 1573568239532904 60639
I : 183 183 1573568239532944 1573568239593041 60097
I : 184 184 1573568239593079 1573568239653659 60580
I : 185 185 1573568239653698 1573568239714377 60679
I : 186 186 1573568239714392 1573568239773336 58944
I : 187 187 1573568239773375 1573568239834865 61490
I : 188 188 1573568239834904 1573568239895651 60747
I : 189 189 1573568239895666 1573568239954240 58574
I : 190 190 1573568239954278 1573568240016261 61983
I : 191 191 1573568240016300 1573568240076339 60039
I : 192 192 1573568240076378 1573568240136932 60554
I : 193 193 1573568240136972 1573568240197586 60614
I : 194 194 1573568240197624 1573568240257432 59808
I : 195 195 1573568240257472 1573568240316880 59408
I : 196 196 1573568240316896 1573568240376986 60090
I : 197 197 1573568240377004 1573568240437461 60457
I : 198 198 1573568240437490 1573568240497956 60466
I : 199 199 1573568240497995 1573568240559191 61196
I : 200 200 1573568240559208 1573568240619029 59821
I : 201 201 1573568240619046 1573568240679227 60181
I : 202 202 1573568240679265 1573568240801585 122320
I : 203 203 1573568240801624 1573568240921193 119569
I : 204 204 1573568240921232 1573568241042486 121254
I : 205 205 1573568241042515 1573568241162213 119698
I : 206 206 1573568241162230 1573568241282926 120696
I : 207 207 1573568241282966 1573568241403611 120645
I : 208 208 1573568241403650 1573568241523862 120212
I : 209 209 1573568241523877 1573568241644487 120610
I : 210 210 1573568241644500 1573568241764968 120468
I : 211 211 1573568241764983 1573568241886012 121029
I : 212 212 1573568241886052 1573568242006279 120227
I : 213 213 1573568242006294 1573568242126998 120704
I : 214 214 1573568242127013 1573568242247914 120901
I : 215 215 1573568242247953 1573568242368125 120172
I : 216 216 1573568242368164 1573568242488579 120415
I : 217 217 1573568242488593 1573568242609287 120694
I : 218 218 1573568242609303 1573568242729864 120561
I : 219 219 1573568242729882 1573568242850578 120696
I : 220 220 1573568242850617 1573568242971261 120644
I : 221 221 1573568242971300 1573568243091368 120068
I : 222 222 1573568243091392 1573568243211309 119917
I : 223 223 1573568243211323 1573568243331417 120094
I : 224 224 1573568243331435 1573568243451973 120538
I : 225 225 1573568243451986 1573568243572854 120868
I : 226 226 1573568243572869 1573568243693952 121083
I : 227 227 1573568243693991 1573568243814415 120424
I : 228 228 1573568243814454 1573568243934565 120111
I : 229 229 1573568243934580 1573568244055155 120575
I : 230 230 1573568244055173 1573568244175281 120108
I : 231 231 1573568244175321 1573568244296754 121433
I : 232 232 1573568244296792 1573568244416956 120164
I : 233 233 1573568244416971 1573568244537430 120459
I : 234 234 1573568244537445 1573568244658145 120700
I : 235 235 1573568244658162 1573568244778288 120126
I : 236 236 1573568244778326 1573568244899248 120922
I : 237 237 1573568244899264 1573568245019979 120715
I : 238 238 1573568245019994 1573568245140366 120372
I : 239 239 1573568245140385 1573568245260325 119940
I : 240 240 1573568245260362 1573568245381554 121192
I : 241 241 1573568245381569 1573568245501222 119653
I : 242 242 1573568245501238 1573568245621923 120685
I : 243 243 1573568245621940 1573568245742897 120957
I : 244 244 1573568245742937 1573568245863429 120492
I : 245 245 1573568245863468 1573568245983639 120171
I : 246 246 1573568245983654 1573568246104148 120494
I : 247 247 1573568246104167 1573568246225278 121111
I : 248 248 1573568246225317 1573568246345420 120103
I : 249 249 1573568246345436 1573568246465932 120496
I : 250 250 1573568246465949 1573568246586639 120690
I : 251 251 1573568246586656 1573568246707374 120718
I : 252 252 1573568246707435 1573568246827638 120203
I : 253 253 1573568246827653 1573568246948431 120778
I : 254 254 1573568246948467 1573568247069278 120811
I : 255 255 1573568247069317 1573568247189621 120304
I : 256 256 1573568247189637 1573568247310272 120635
I : 257 257 1573568247310287 1573568247429948 119661
I : 258 258 1573568247429978 1573568247551251 121273
I : 259 259 1573568247551266 1573568247671796 120530
I : 260 260 1573568247671815 1573568247791397 119582
I : 261 261 1573568247791413 1573568247912264 120851
I : 262 262 1573568247912294 1573568248032637 120343
I : 263 263 1573568248032677 1573568248153569 120892
I : 264 264 1573568248153609 1573568248273886 120277
I : 265 265 1573568248273901 1573568248394513 120612
I : 266 266 1573568248394530 1573568248515207 120677
I : 267 267 1573568248515246 1573568248635822 120576
I : 268 268 1573568248635861 1573568248756189 120328
I : 269 269 1573568248756204 1573568248876799 120595
I : 270 270 1573568248876818 1573568248997636 120818
I : 271 271 1573568248997651 1573568249117966 120315
I : 272 272 1573568249117981 1573568249238461 120480
I : 273 273 1573568249238476 1573568249359117 120641
I : 274 274 1573568249359135 1573568249479247 120112
I : 275 275 1573568249479287 1573568249599589 120302
I : 276 276 1573568249599626 1573568249720774 121148
I : 277 277 1573568249720788 1573568249841344 120556
I : 278 278 1573568249841359 1573568249961168 119809
I : 279 279 1573568249961185 1573568250081830 120645
I : 280 280 1573568250081867 1573568250202610 120743
I : 281 281 1573568250202648 1573568250322848 120200
I : 282 282 1573568250322867 1573568250443310 120443
I : 283 283 1573568250443328 1573568250564090 120762
I : 284 284 1573568250564104 1573568250683594 119490
I : 285 285 1573568250683610 1573568250805563 121953
I : 286 286 1573568250805603 1573568250925845 120242
I : 287 287 1573568250925862 1573568251046580 120718
I : 288 288 1573568251046616 1573568251166914 120298
I : 289 289 1573568251166931 1573568251287310 120379
I : 290 290 1573568251287344 1573568251406461 119117
I : 291 291 1573568251406498 1573568251527932 121434
I : 292 292 1573568251527948 1573568251648420 120472
I : 293 293 1573568251648460 1573568251768779 120319
I : 294 294 1573568251768795 1573568251889491 120696
I : 295 295 1573568251889507 1573568252010153 120646
I : 296 296 1573568252010170 1573568252130911 120741
I : 297 297 1573568252130926 1573568252251187 120261
I : 298 298 1573568252251202 1573568252371978 120776
I : 299 299 1573568252372014 1573568252492722 120708
I : 300 300 1573568252492759 1573568252613251 120492
I : 301 301 1573568252613281 1573568252733326 120045
I : 302 302 1573568252733343 1573568252854361 121018
I : 303 303 1573568252854397 1573568252973959 119562
I : 304 304 1573568252973996 1573568253094555 120559
I : 305 305 1573568253094570 1573568253215648 121078
I : 306 306 1573568253215664 1573568253336422 120758
I : 307 307 1573568253336441 1573568253456430 119989
I : 308 308 1573568253456468 1573568253576865 120397
I : 309 309 1573568253576881 1573568253698235 121354
I : 310 310 1573568253698250 1573568253817888 119638
I : 311 311 1573568253817904 1573568253938686 120782
I : 312 312 1573568253938725 1573568254058881 120156
I : 313 313 1573568254058897 1573568254179891 120994
I : 314 314 1573568254179904 1573568254300377 120473
I : 315 315 1573568254300416 1573568254420639 120223
I : 316 316 1573568254420670 1573568254540663 119993
I : 317 317 1573568254540701 1573568254662068 121367
I : 318 318 1573568254662083 1573568254782484 120401
I : 319 319 1573568254782531 1573568254903136 120605
I : 320 320 1573568254903154 1573568255023599 120445
I : 321 321 1573568255023613 1573568255144170 120557
I : 322 322 1573568255144185 1573568255264148 119963
I : 323 323 1573568255264187 1573568255384766 120579
I : 324 324 1573568255384806 1573568255505178 120372
I : 325 325 1573568255505194 1573568255625772 120578
I : 326 326 1573568255625790 1573568255746718 120928
I : 327 327 1573568255746756 1573568255867146 120390
I : 328 328 1573568255867185 1573568255987331 120146
I : 329 329 1573568255987344 1573568256107265 119921
I : 330 330 1573568256107303 1573568256227861 120558
I : 331 331 1573568256227878 1573568256349033 121155
I : 332 332 1573568256349048 1573568256469865 120817
I : 333 333 1573568256469879 1573568256589777 119898
I : 334 334 1573568256589816 1573568256710193 120377
I : 335 335 1573568256710209 1573568256830579 120370
I : 336 336 1573568256830616 1573568256951054 120438
I : 337 337 1573568256951070 1573568257071535 120465
I : 338 338 1573568257071550 1573568257192859 121309
I : 339 339 1573568257192898 1573568257313167 120269
I : 340 340 1573568257313185 1573568257433672 120487
I : 341 341 1573568257433711 1573568257553980 120269
I : 342 342 1573568257553996 1573568257674797 120801
I : 343 343 1573568257674812 1573568257794505 119693
I : 344 344 1573568257794545 1573568257915656 121111
I : 345 345 1573568257915673 1573568258036273 120600
I : 346 346 1573568258036289 1573568258156330 120041
I : 347 347 1573568258156369 1573568258277780 121411
I : 348 348 1573568258277820 1573568258398148 120328
I : 349 349 1573568258398163 1573568258518832 120669
I : 350 350 1573568258518848 1573568258638655 119807
I : 351 351 1573568258638693 1573568258759486 120793
I : 352 352 1573568258759525 1573568258879829 120304
I : 353 353 1573568258879868 1573568259000207 120339
I : 354 354 1573568259000223 1573568259120649 120426
I : 355 355 1573568259120666 1573568259241607 120941
I : 356 356 1573568259241647 1573568259362126 120479
I : 357 357 1573568259362141 1573568259482388 120247
I : 358 358 1573568259482405 1573568259603458 121053
I : 359 359 1573568259603498 1573568259723954 120456
I : 360 360 1573568259723994 1573568259844269 120275
I : 361 361 1573568259844284 1573568259964780 120496
I : 362 362 1573568259964798 1573568260085841 121043
I : 363 363 1573568260085880 1573568260205477 119597
I : 364 364 1573568260205517 1573568260326884 121367
I : 365 365 1573568260326900 1573568260447353 120453
I : 366 366 1573568260447368 1573568260567802 120434
I : 367 367 1573568260567818 1573568260687645 119827
I : 368 368 1573568260687684 1573568260808101 120417
I : 369 369 1573568260808117 1573568260928696 120579
I : 370 370 1573568260928711 1573568261049330 120619
I : 371 371 1573568261049368 1573568261170138 120770
I : 372 372 1573568261170177 1573568261290570 120393
I : 373 373 1573568261290585 1573568261410904 120319
I : 374 374 1573568261410918 1573568261531593 120675
I : 375 375 1573568261531631 1573568261652380 120749
I : 376 376 1573568261652419 1573568261772783 120364
I : 377 377 1573568261772799 1573568261893465 120666
I : 378 378 1573568261893497 1573568262013805 120308
I : 379 379 1573568262013820 1573568262134323 120503
I : 380 380 1573568262134338 1573568262255068 120730
I : 381 381 1573568262255083 1573568262375698 120615
I : 382 382 1573568262375715 1573568262495842 120127
I : 383 383 1573568262495881 1573568262617081 121200
I : 384 384 1573568262617119 1573568262737278 120159
I : 385 385 1573568262737293 1573568262857871 120578
I : 386 386 1573568262857887 1573568262978797 120910
I : 387 387 1573568262978815 1573568263098346 119531
I : 388 388 1573568263098385 1573568263218919 120534
I : 389 389 1573568263218954 1573568263340302 121348
I : 390 390 1573568263340316 1573568263460090 119774
I : 391 391 1573568263460108 1573568263580734 120626
I : 392 392 1573568263580774 1573568263702146 121372
I : 393 393 1573568263702161 1573568263822758 120597
I : 394 394 1573568263822773 1573568263943311 120538
I : 395 395 1573568263943328 1573568264063124 119796
I : 396 396 1573568264063162 1573568264183478 120316
I : 397 397 1573568264183494 1573568264303892 120398
I : 398 398 1573568264303907 1573568264425126 121219
I : 399 399 1573568264425164 1573568264545201 120037
I : 400 400 1573568264545219 1573568264666103 120884
I : 401 401 1573568264666142 1573568264786426 120284
I : 402 402 1573568264786441 1573568264907091 120650
I : 403 403 1573568264907106 1573568265026700 119594
I : 404 404 1573568265026715 1573568265148123 121408
I : 405 405 1573568265148140 1573568265268715 120575
I : 406 406 1573568265268731 1573568265388716 119985
I : 407 407 1573568265388756 1573568265509414 120658
I : 408 408 1573568265509453 1573568265629820 120367
I : 409 409 1573568265629836 1573568265751102 121266
I : 410 410 1573568265751120 1573568265870910 119790
I : 411 411 1573568265870949 1573568265991751 120802
I : 412 412 1573568265991789 1573568266112136 120347
I : 413 413 1573568266112151 1573568266232181 120030
I : 414 414 1573568266232196 1573568266353042 120846
I : 415 415 1573568266353060 1573568266473737 120677
I : 416 416 1573568266473752 1573568266593599 119847
I : 417 417 1573568266593638 1573568266714744 121106
I : 418 418 1573568266714757 1573568266835301 120544
I : 419 419 1573568266835318 1573568266956398 121080
I : 420 420 1573568266956437 1573568267076609 120172
I : 421 421 1573568267076625 1573568267197459 120834
I : 422 422 1573568267197475 1573568267317779 120304
I : 423 423 1573568267317795 1573568267438559 120764
I : 424 424 1573568267438595 1573568267559426 120831
I : 425 425 1573568267559463 1573568267679768 120305
I : 426 426 1573568267679783 1573568267800107 120324
I : 427 427 1573568267800123 1573568267920586 120463
I : 428 428 1573568267920601 1573568268040553 119952
I : 429 429 1573568268040589 1573568268161299 120710
I : 430 430 1573568268161336 1573568268282259 120923
I : 431 431 1573568268282276 1573568268402392 120116
I : 432 432 1573568268402429 1573568268522729 120300
I : 433 433 1573568268522744 1573568268643227 120483
I : 434 434 1573568268643243 1573568268764317 121074
I : 435 435 1573568268764354 1573568268884725 120371
I : 436 436 1573568268884762 1573568269005390 120628
I : 437 437 1573568269005429 1573568269125754 120325
I : 438 438 1573568269125769 1573568269246331 120562
I : 439 439 1573568269246349 1573568269366622 120273
I : 440 440 1573568269366637 1573568269487606 120969
I : 441 441 1573568269487645 1573568269607199 119554
I : 442 442 1573568269607237 1573568269728760 121523
I : 443 443 1573568269728777 1573568269849334 120557
I : 444 444 1573568269849370 1573568269969712 120342
I : 445 445 1573568269969728 1573568270089195 119467
I : 446 446 1573568270089211 1573568270209985 120774
I : 447 447 1573568270210002 1573568270330674 120672
I : 448 448 1573568270330711 1573568270451376 120665
I : 449 449 1573568270451438 1573568270572702 121264
I : 450 450 1573568270572718 1573568270692368 119650
I : 451 451 1573568270692385 1573568270813091 120706
I : 452 452 1573568270813120 1573568270933676 120556
I : 453 453 1573568270933715 1573568271054159 120444
I : 454 454 1573568271054198 1573568271174663 120465
I : 455 455 1573568271174681 1573568271295665 120984
I : 456 456 1573568271295705 1573568271415940 120235
I : 457 457 1573568271415978 1573568271536599 120621
I : 458 458 1573568271536639 1573568271657111 120472
I : 459 459 1573568271657150 1573568271778011 120861
I : 460 460 1573568271778050 1573568271898300 120250
I : 461 461 1573568271898319 1573568272018760 120441
I : 462 462 1573568272018795 1573568272138632 119837
I : 463 463 1573568272138671 1573568272259226 120555
I : 464 464 1573568272259264 1573568272379689 120425
I : 465 465 1573568272379705 1573568272500397 120692
I : 466 466 1573568272500437 1573568272621025 120588
I : 467 467 1573568272621064 1573568272741543 120479
I : 468 468 1573568272741582 1573568272862316 120734
I : 469 469 1573568272862354 1573568272983401 121047
I : 470 470 1573568272983419 1573568273103371 119952
I : 471 471 1573568273103447 1573568273223789 120342
I : 472 472 1573568273223829 1573568273344672 120843
I : 473 473 1573568273344711 1573568273464560 119849
I : 474 474 1573568273464615 1573568273585707 121092
I : 475 475 1573568273585746 1573568273706142 120396
I : 476 476 1573568273706180 1573568273827051 120871
I : 477 477 1573568273827090 1573568273947304 120214
I : 478 478 1573568273947320 1573568274066911 119591
I : 479 479 1573568274066950 1573568274187654 120704
I : 480 480 1573568274187692 1573568274308225 120533
I : 481 481 1573568274308265 1573568274429709 121444
I : 482 482 1573568274429725 1573568274550327 120602
I : 483 483 1573568274550366 1573568274670004 119638
I : 484 484 1573568274670043 1573568274790438 120395
I : 485 485 1573568274790476 1573568274911044 120568
I : 486 486 1573568274911060 1573568275031587 120527
I : 487 487 1573568275031627 1573568275152217 120590
I : 488 488 1573568275152257 1573568275272975 120718
I : 489 489 1573568275273023 1573568275393214 120191
I : 490 490 1573568275393230 1573568275514353 121123
I : 491 491 1573568275514392 1573568275634576 120184
I : 492 492 1573568275634615 1573568275755245 120630
I : 493 493 1573568275755283 1573568275875736 120453
I : 494 494 1573568275875775 1573568275995689 119914
I : 495 495 1573568275995728 1573568276116864 121136
I : 496 496 1573568276116903 1573568276236673 119770
I : 497 497 1573568276236712 1573568276357054 120342
I : 498 498 1573568276357092 1573568276477875 120783
I : 499 499 1573568276477913 1573568276599341 121428
I : 500 500 1573568276599380 1573568276719010 119630
