D : 1 1 1573568230502107 1573568230537794 35687 30222
D : 2 2 1573568230537821 1573568230577216 39395 30242
D : 3 3 1573568230577231 1573568230617547 40316 30205
D : 4 4 1573568230617561 1573568230661032 43471 30205
D : 5 5 1573568230661058 1573568230703959 42901 30290
D : 6 6 1573568230704004 1573568230754303 50299 30577
D : 7 7 1573568230754331 1573568230795024 40693 30429
D : 8 8 1573568230795045 1573568230836308 41263 30296
D : 9 9 1573568230836326 1573568230873716 37390 30446
D : 10 10 1573568230873736 1573568230914390 40654 30295
D : 11 11 1573568230914422 1573568230962905 48483 30211
D : 12 12 1573568230962955 1573568230999806 36851 30086
D : 13 13 1573568230999825 1573568231040163 40338 30234
D : 14 14 1573568231040205 1573568231084231 44026 30396
D : 15 15 1573568231084250 1573568231123520 39270 30306
D : 16 16 1573568231123562 1573568231170997 47435 30180
D : 17 17 1573568231171038 1573568231212932 41894 30325
D : 18 18 1573568231212976 1573568231255923 42947 30216
D : 19 19 1573568231255952 1573568231299727 43775 30210
D : 20 20 1573568231299757 1573568231347710 47953 30210
D : 21 21 1573568231347738 1573568231382165 34427 30206
D : 22 22 1573568231382195 1573568231425132 42937 30206
D : 23 23 1573568231425164 1573568231468534 43370 30204
D : 24 24 1573568231468563 1573568231509464 40901 30207
D : 25 25 1573568231509496 1573568231551806 42310 30207
D : 26 26 1573568231551837 1573568231590939 39102 30192
D : 27 27 1573568231590959 1573568231630571 39612 30308
D : 28 28 1573568231630612 1573568231685661 55049 30174
D : 29 29 1573568231685697 1573568231719989 34292 30203
D : 30 30 1573568231720019 1573568231762985 42966 30206
D : 31 31 1573568231763014 1573568231805320 42306 30204
D : 32 32 1573568231805350 1573568231854675 49325 30202
D : 33 33 1573568231854703 1573568231889329 34626 30208
D : 34 34 1573568231889361 1573568231932714 43353 30207
D : 35 35 1573568231932746 1573568231975892 43146 30203
D : 36 36 1573568231975923 1573568232014006 38083 30305
D : 37 37 1573568232014025 1573568232053082 39057 30288
D : 38 38 1573568232053124 1573568232097051 43927 30285
D : 39 39 1573568232097069 1573568232136280 39211 30252
D : 40 40 1573568232136322 1573568232182602 46280 30286
D : 41 41 1573568232182645 1573568232226083 43438 30116
D : 42 42 1573568232226093 1573568232262661 36568 30292
D : 43 43 1573568232262697 1573568232311124 48427 30206
D : 44 44 1573568232311155 1573568232360146 48991 30240
D : 45 45 1573568232360152 1573568232390458 30306 30294
D : 46 46 1573568232390478 1573568232431207 40729 30309
D : 47 47 1573568232431251 1573568232479915 48664 30219
D : 48 48 1573568232479946 1573568232520726 40780 30408
D : 49 49 1573568232520770 1573568232563656 42886 30226
D : 50 50 1573568232563689 1573568232603353 39664 30257
D : 51 51 1573568232603371 1573568232642206 38835 30273
D : 52 52 1573568232642241 1573568232688699 46458 30343
D : 53 53 1573568232688718 1573568232726368 37650 30294
D : 54 54 1573568232726410 1573568232775008 48598 30203
D : 55 55 1573568232775040 1573568232819071 44031 30210
D : 56 56 1573568232819102 1573568232866671 47569 30201
D : 57 57 1573568232866702 1573568232901512 34810 30195
D : 58 58 1573568232901544 1573568232945100 43556 30209
D : 59 59 1573568232945132 1573568232988454 43322 30225
D : 60 60 1573568232988486 1573568233029152 40666 30214
D : 61 61 1573568233029185 1573568233068064 38879 30233
D : 62 62 1573568233068081 1573568233107461 39380 30392
D : 63 63 1573568233107497 1573568233155448 47951 30208
D : 64 64 1573568233155482 1573568233206084 50602 30149
D : 65 65 1573568233206092 1573568233236972 30880 30267
D : 66 66 1573568233236992 1573568233276863 39871 30402
D : 67 67 1573568233276907 1573568233327156 50249 30321
D : 68 68 1573568233327192 1573568233375117 47925 30217
D : 69 69 1573568233375148 1573568233409395 34247 30212
D : 70 70 1573568233409426 1573568233452645 43219 30215
D : 71 71 1573568233452675 1573568233496226 43551 30226
D : 72 72 1573568233496261 1573568233537050 40789 30202
D : 73 73 1573568233537080 1573568233579644 42564 30211
D : 74 74 1573568233579674 1573568233622110 42436 30207
D : 75 75 1573568233622140 1573568233664898 42758 30182
D : 76 76 1573568233664939 1573568233715695 50756 30186
D : 77 77 1573568233715736 1573568233749781 34045 30179
D : 78 78 1573568233749818 1573568233793160 43342 30185
D : 79 79 1573568233793202 1573568233837430 44228 30178
D : 80 80 1573568233837462 1573568233885588 48126 30238
D : 81 81 1573568233885618 1573568233919878 34260 30202
D : 82 82 1573568233919920 1573568233963296 43376 30170
D : 83 83 1573568233963328 1573568234006967 43639 30223
D : 84 84 1573568234007002 1573568234047708 40706 30163
D : 85 85 1573568234047741 1573568234086061 38320 30117
D : 86 86 1573568234086072 1573568234125861 39789 30302
D : 87 87 1573568234125903 1573568234173857 47954 30179
D : 88 88 1573568234173902 1573568234213753 39851 30156
D : 89 89 1573568234213767 1573568234251809 38042 30120
D : 90 90 1573568234251850 1573568234300889 49039 30206
D : 91 91 1573568234300919 1573568234346127 45208 30206
D : 92 92 1573568234346162 1573568234393897 47735 30207
D : 93 93 1573568234393927 1573568234427590 33663 30170
D : 94 94 1573568234427621 1573568234470952 43331 30173
D : 95 95 1573568234470983 1573568234514510 43527 30230
D : 96 96 1573568234514545 1573568234555197 40652 30215
D : 97 97 1573568234555227 1573568234593909 38682 30156
D : 98 98 1573568234593923 1573568234633256 39333 30177
D : 99 99 1573568234633287 1573568234681467 48180 30206
D : 100 100 1573568234681498 1573568234721484 39986 30153
D : 101 101 1573568234721499 1573568234759328 37829 30206
D : 102 102 1573568234759369 1573568234808687 49318 30212
D : 103 103 1573568234808717 1573568234852731 44014 30224
D : 104 104 1573568234852765 1573568234901250 48485 30196
D : 105 105 1573568234901280 1573568234941464 40184 30203
D : 106 106 1573568234941494 1573568234979171 37677 30193
D : 107 107 1573568234979204 1573568235022342 43138 30209
D : 108 108 1573568235022375 1573568235063597 41222 30165
D : 109 109 1573568235063629 1573568235106461 42832 30351
D : 110 110 1573568235106506 1573568235144756 38250 30081
D : 111 111 1573568235144770 1573568235184031 39261 30164
D : 112 112 1573568235184055 1573568235260136 76081 60225
D : 113 113 1573568235260172 1573568235320372 60200 60189
D : 114 114 1573568235320381 1573568235380566 60185 60160
D : 115 115 1573568235380609 1573568235440817 60208 60189
D : 116 116 1573568235440836 1573568235501235 60399 60372
D : 117 117 1573568235501279 1573568235561689 60410 60378
D : 118 118 1573568235561733 1573568235622235 60502 60484
D : 119 119 1573568235622255 1573568235682705 60450 60423
D : 120 120 1573568235682750 1573568235743011 60261 60248
D : 121 121 1573568235743020 1573568235803458 60438 60413
D : 122 122 1573568235803502 1573568235863999 60497 60467
D : 123 123 1573568235864042 1573568235924287 60245 60223
D : 124 124 1573568235924316 1573568235984805 60489 60475
D : 125 125 1573568235984824 1573568236045177 60353 60341
D : 126 126 1573568236045193 1573568236105605 60412 60394
D : 127 127 1573568236105630 1573568236166090 60460 60440
D : 128 128 1573568236166111 1573568236226457 60346 60333
D : 129 129 1573568236226474 1573568236286650 60176 60152
D : 130 130 1573568236286680 1573568236347075 60395 60374
D : 131 131 1573568236347098 1573568236407483 60385 60352
D : 132 132 1573568236407527 1573568236468046 60519 60485
D : 133 133 1573568236468087 1573568236528580 60493 60458
D : 134 134 1573568236528623 1573568236588837 60214 60201
D : 135 135 1573568236588858 1573568236649157 60299 60281
D : 136 136 1573568236649180 1573568236709384 60204 60174
D : 137 137 1573568236709418 1573568236769834 60416 60391
D : 138 138 1573568236769862 1573568236830289 60427 60393
D : 139 139 1573568236830329 1573568236890807 60478 60453
D : 140 140 1573568236890833 1573568236951311 60478 60444
D : 141 141 1573568236951355 1573568237011868 60513 60492
D : 142 142 1573568237011891 1573568237072341 60450 60417
D : 143 143 1573568237072385 1573568237132647 60262 60243
D : 144 144 1573568237132667 1573568237193015 60348 60318
D : 145 145 1573568237193056 1573568237253587 60531 60512
D : 146 146 1573568237253653 1573568237314088 60435 60403
D : 147 147 1573568237314131 1573568237374614 60483 60447
D : 148 148 1573568237374658 1573568237435176 60518 60465
D : 149 149 1573568237435217 1573568237495737 60520 60484
D : 150 150 1573568237495780 1573568237556028 60248 60219
D : 151 151 1573568237556057 1573568237616491 60434 60418
D : 152 152 1573568237616507 1573568237676922 60415 60389
D : 153 153 1573568237676954 1573568237737298 60344 60328
D : 154 154 1573568237737314 1573568237797726 60412 60380
D : 155 155 1573568237797770 1573568237858103 60333 60310
D : 156 156 1573568237858129 1573568237918592 60463 60430
D : 157 157 1573568237918637 1573568237979125 60488 60465
D : 158 158 1573568237979151 1573568238039603 60452 60419
D : 159 159 1573568238039647 1573568238099900 60253 60220
D : 160 160 1573568238099930 1573568238160324 60394 60370
D : 161 161 1573568238160351 1573568238220830 60479 60445
D : 162 162 1573568238220873 1573568238281363 60490 60469
D : 163 163 1573568238281386 1573568238341776 60390 60357
D : 164 164 1573568238341820 1573568238402338 60518 60500
D : 165 165 1573568238402355 1573568238462783 60428 60395
D : 166 166 1573568238462826 1573568238523074 60248 60219
D : 167 167 1573568238523106 1573568238583615 60509 60492
D : 168 168 1573568238583631 1573568238643773 60142 60115
D : 169 169 1573568238643808 1573568238704301 60493 60472
D : 170 170 1573568238704350 1573568238764806 60456 60440
D : 171 171 1573568238764823 1573568238825116 60293 60261
D : 172 172 1573568238825159 1573568238885570 60411 60375
D : 173 173 1573568238885593 1573568238945873 60280 60248
D : 174 174 1573568238945917 1573568239006432 60515 60479
D : 175 175 1573568239006476 1573568239066745 60269 60238
D : 176 176 1573568239066780 1573568239127269 60489 60467
D : 177 177 1573568239127294 1573568239187746 60452 60437
D : 178 178 1573568239187764 1573568239248130 60366 60334
D : 179 179 1573568239248173 1573568239308533 60360 60325
D : 180 180 1573568239308577 1573568239368789 60212 60199
D : 181 181 1573568239368796 1573568239429198 60402 60371
D : 182 182 1573568239429243 1573568239489740 60497 60460
D : 183 183 1573568239489783 1573568239550300 60517 60481
D : 184 184 1573568239550344 1573568239610853 60509 60472
D : 185 185 1573568239610896 1573568239671439 60543 60507
D : 186 186 1573568239671482 1573568239731717 60235 60214
D : 187 187 1573568239731738 1573568239792056 60318 60285
D : 188 188 1573568239792101 1573568239852611 60510 60476
D : 189 189 1573568239852655 1573568239912880 60225 60205
D : 190 190 1573568239912897 1573568239973226 60329 60296
D : 191 191 1573568239973270 1573568240033535 60265 60228
D : 192 192 1573568240033578 1573568240094083 60505 60468
D : 193 193 1573568240094126 1573568240154642 60516 60480
D : 194 194 1573568240154686 1573568240215185 60499 60462
D : 195 195 1573568240215227 1573568240275440 60213 60200
D : 196 196 1573568240275464 1573568240335628 60164 60132
D : 197 197 1573568240335649 1573568240395936 60287 60266
D : 198 198 1573568240395962 1573568240456431 60469 60450
D : 199 199 1573568240456454 1573568240516872 60418 60384
D : 200 200 1573568240516916 1573568240577412 60496 60472
D : 201 201 1573568240577437 1573568240637897 60460 60441
D : 202 202 1573568240637917 1573568240758354 120437 120404
D : 203 203 1573568240758397 1573568240878912 120515 120478
D : 204 204 1573568240878955 1573568240999464 120509 120473
D : 205 205 1573568240999508 1573568241120014 120506 120469
D : 206 206 1573568241120057 1573568241240559 120502 120466
D : 207 207 1573568241240602 1573568241361019 120417 120381
D : 208 208 1573568241361062 1573568241481585 120523 120487
D : 209 209 1573568241481629 1573568241602150 120521 120486
D : 210 210 1573568241602194 1573568241722701 120507 120475
D : 211 211 1573568241722740 1573568241843262 120522 120485
D : 212 212 1573568241843305 1573568241963857 120552 120515
D : 213 213 1573568241963900 1573568242084330 120430 120393
D : 214 214 1573568242084374 1573568242204892 120518 120481
D : 215 215 1573568242204937 1573568242325417 120480 120443
D : 216 216 1573568242325461 1573568242445879 120418 120381
D : 217 217 1573568242445923 1573568242566429 120506 120470
D : 218 218 1573568242566473 1573568242686968 120495 120459
D : 219 219 1573568242687013 1573568242807525 120512 120476
D : 220 220 1573568242807570 1573568242928073 120503 120467
D : 221 221 1573568242928116 1573568243048556 120440 120404
D : 222 222 1573568243048600 1573568243168847 120247 120214
D : 223 223 1573568243168886 1573568243289199 120313 120277
D : 224 224 1573568243289240 1573568243409647 120407 120371
D : 225 225 1573568243409690 1573568243530194 120504 120467
D : 226 226 1573568243530238 1573568243650737 120499 120464
D : 227 227 1573568243650782 1573568243771276 120494 120458
D : 228 228 1573568243771320 1573568243891870 120550 120514
D : 229 229 1573568243891914 1573568244012416 120502 120466
D : 230 230 1573568244012459 1573568244132968 120509 120472
D : 231 231 1573568244133011 1573568244253518 120507 120471
D : 232 232 1573568244253561 1573568244374082 120521 120485
D : 233 233 1573568244374126 1573568244494645 120519 120482
D : 234 234 1573568244494688 1573568244615193 120505 120468
D : 235 235 1573568244615236 1573568244735739 120503 120466
D : 236 236 1573568244735783 1573568244856207 120424 120387
D : 237 237 1573568244856250 1573568244976789 120539 120502
D : 238 238 1573568244976832 1573568245097309 120477 120440
D : 239 239 1573568245097353 1573568245217865 120512 120475
D : 240 240 1573568245217909 1573568245338427 120518 120482
D : 241 241 1573568245338471 1573568245459006 120535 120502
D : 242 242 1573568245459046 1573568245579569 120523 120486
D : 243 243 1573568245579613 1573568245700129 120516 120480
D : 244 244 1573568245700173 1573568245820633 120460 120424
D : 245 245 1573568245820676 1573568245941187 120511 120473
D : 246 246 1573568245941231 1573568246061721 120490 120454
D : 247 247 1573568246061762 1573568246182273 120511 120474
D : 248 248 1573568246182317 1573568246302820 120503 120468
D : 249 249 1573568246302864 1573568246423412 120548 120493
D : 250 250 1573568246423457 1573568246543973 120516 120481
D : 251 251 1573568246544018 1573568246664516 120498 120463
D : 252 252 1573568246664560 1573568246785002 120442 120405
D : 253 253 1573568246785046 1573568246905571 120525 120492
D : 254 254 1573568246905645 1573568247026159 120514 120478
D : 255 255 1573568247026202 1573568247146724 120522 120487
D : 256 256 1573568247146795 1573568247267318 120523 120485
D : 257 257 1573568247267361 1573568247387672 120311 120277
D : 258 258 1573568247387714 1573568247508228 120514 120478
D : 259 259 1573568247508271 1573568247628732 120461 120424
D : 260 260 1573568247628776 1573568247749111 120335 120299
D : 261 261 1573568247749154 1573568247869666 120512 120475
D : 262 262 1573568247869710 1573568247990220 120510 120474
D : 263 263 1573568247990265 1573568248110776 120511 120475
D : 264 264 1573568248110819 1573568248231325 120506 120470
D : 265 265 1573568248231369 1573568248351719 120350 120312
D : 266 266 1573568248351763 1573568248472216 120453 120417
D : 267 267 1573568248472259 1573568248592706 120447 120411
D : 268 268 1573568248592749 1573568248713269 120520 120483
D : 269 269 1573568248713312 1573568248833811 120499 120464
D : 270 270 1573568248833855 1573568248954363 120508 120472
D : 271 271 1573568248954407 1573568249074910 120503 120467
D : 272 272 1573568249074954 1573568249195484 120530 120493
D : 273 273 1573568249195528 1573568249316037 120509 120473
D : 274 274 1573568249316080 1573568249436598 120518 120482
D : 275 275 1573568249436639 1573568249557145 120506 120469
D : 276 276 1573568249557189 1573568249677714 120525 120473
D : 277 277 1573568249677758 1573568249798265 120507 120474
D : 278 278 1573568249798304 1573568249918843 120539 120489
D : 279 279 1573568249918884 1573568250039379 120495 120461
D : 280 280 1573568250039444 1573568250159705 120261 120226
D : 281 281 1573568250159748 1573568250280092 120344 120307
D : 282 282 1573568250280136 1573568250400576 120440 120404
D : 283 283 1573568250400620 1573568250521135 120515 120479
D : 284 284 1573568250521179 1573568250641661 120482 120451
D : 285 285 1573568250641788 1573568250762278 120490 120456
D : 286 286 1573568250762322 1573568250882724 120402 120366
D : 287 287 1573568250882768 1573568251003289 120521 120485
D : 288 288 1573568251003332 1573568251123868 120536 120502
D : 289 289 1573568251123910 1573568251244427 120517 120481
D : 290 290 1573568251244468 1573568251364965 120497 120471
D : 291 291 1573568251364993 1573568251485465 120472 120437
D : 292 292 1573568251485508 1573568251606017 120509 120472
D : 293 293 1573568251606061 1573568251726565 120504 120467
D : 294 294 1573568251726609 1573568251847109 120500 120464
D : 295 295 1573568251847150 1573568251967643 120493 120458
D : 296 296 1573568251967684 1573568252088202 120518 120483
D : 297 297 1573568252088241 1573568252208693 120452 120418
D : 298 298 1573568252208734 1573568252329247 120513 120478
D : 299 299 1573568252329288 1573568252449778 120490 120455
D : 300 300 1573568252449819 1573568252570316 120497 120463
D : 301 301 1573568252570357 1573568252690862 120505 120470
D : 302 302 1573568252690903 1573568252811460 120557 120523
D : 303 303 1573568252811503 1573568252931756 120253 120222
D : 304 304 1573568252931795 1573568253052150 120355 120320
D : 305 305 1573568253052191 1573568253172707 120516 120478
D : 306 306 1573568253172750 1573568253293260 120510 120472
D : 307 307 1573568253293303 1573568253413808 120505 120468
D : 308 308 1573568253413881 1573568253534379 120498 120462
D : 309 309 1573568253534422 1573568253654921 120499 120463
D : 310 310 1573568253654965 1573568253775352 120387 120350
D : 311 311 1573568253775423 1573568253895862 120439 120402
D : 312 312 1573568253895903 1573568254016170 120267 120233
D : 313 313 1573568254016212 1573568254136759 120547 120494
D : 314 314 1573568254136801 1573568254257275 120474 120437
D : 315 315 1573568254257318 1573568254377820 120502 120467
D : 316 316 1573568254377863 1573568254498369 120506 120468
D : 317 317 1573568254498413 1573568254618936 120523 120487
D : 318 318 1573568254618980 1573568254739481 120501 120465
D : 319 319 1573568254739525 1573568254860043 120518 120482
D : 320 320 1573568254860086 1573568254980602 120516 120480
D : 321 321 1573568254980646 1573568255101179 120533 120497
D : 322 322 1573568255101222 1573568255221741 120519 120482
D : 323 323 1573568255221785 1573568255342290 120505 120468
D : 324 324 1573568255342334 1573568255462835 120501 120465
D : 325 325 1573568255462878 1573568255583301 120423 120370
D : 326 326 1573568255583345 1573568255703648 120303 120267
D : 327 327 1573568255703694 1573568255823932 120238 120201
D : 328 328 1573568255823975 1573568255944485 120510 120474
D : 329 329 1573568255944528 1573568256064996 120468 120433
D : 330 330 1573568256065040 1573568256185524 120484 120448
D : 331 331 1573568256185567 1573568256306063 120496 120460
D : 332 332 1573568256306107 1573568256426625 120518 120482
D : 333 333 1573568256426669 1573568256547175 120506 120470
D : 334 334 1573568256547218 1573568256667742 120524 120488
D : 335 335 1573568256667785 1573568256788131 120346 120310
D : 336 336 1573568256788175 1573568256908682 120507 120471
D : 337 337 1573568256908726 1573568257029242 120516 120480
D : 338 338 1573568257029286 1573568257149811 120525 120489
D : 339 339 1573568257149855 1573568257270372 120517 120481
D : 340 340 1573568257270415 1573568257390917 120502 120464
D : 341 341 1573568257390961 1573568257511437 120476 120440
D : 342 342 1573568257511481 1573568257631746 120265 120228
D : 343 343 1573568257631789 1573568257752291 120502 120473
D : 344 344 1573568257752324 1573568257872863 120539 120504
D : 345 345 1573568257872907 1573568257993420 120513 120476
D : 346 346 1573568257993464 1573568258113986 120522 120486
D : 347 347 1573568258114029 1573568258234544 120515 120478
D : 348 348 1573568258234588 1573568258355113 120525 120489
D : 349 349 1573568258355158 1573568258475670 120512 120475
D : 350 350 1573568258475713 1573568258596143 120430 120395
D : 351 351 1573568258596187 1573568258716698 120511 120476
D : 352 352 1573568258716741 1573568258837226 120485 120448
D : 353 353 1573568258837269 1573568258957760 120491 120454
D : 354 354 1573568258957803 1573568259078308 120505 120468
D : 355 355 1573568259078352 1573568259198851 120499 120462
D : 356 356 1573568259198894 1573568259319264 120370 120333
D : 357 357 1573568259319307 1573568259439857 120550 120513
D : 358 358 1573568259439900 1573568259560401 120501 120465
D : 359 359 1573568259560444 1573568259680960 120516 120480
D : 360 360 1573568259681003 1573568259801502 120499 120464
D : 361 361 1573568259801545 1573568259922035 120490 120455
D : 362 362 1573568259922078 1573568260042582 120504 120468
D : 363 363 1573568260042626 1573568260163146 120520 120485
D : 364 364 1573568260163190 1573568260283704 120514 120478
D : 365 365 1573568260283748 1573568260404175 120427 120391
D : 366 366 1573568260404218 1573568260524732 120514 120478
D : 367 367 1573568260524776 1573568260645250 120474 120437
D : 368 368 1573568260645294 1573568260765799 120505 120470
D : 369 369 1573568260765843 1573568260886375 120532 120481
D : 370 370 1573568260886419 1573568261006924 120505 120465
D : 371 371 1573568261006966 1573568261127424 120458 120393
D : 372 372 1573568261127468 1573568261247995 120527 120491
D : 373 373 1573568261248038 1573568261368551 120513 120485
D : 374 374 1573568261368583 1573568261489074 120491 120457
D : 375 375 1573568261489118 1573568261609627 120509 120472
D : 376 376 1573568261609671 1573568261730200 120529 120494
D : 377 377 1573568261730244 1573568261850766 120522 120485
D : 378 378 1573568261850808 1573568261971324 120516 120479
D : 379 379 1573568261971368 1573568262091916 120548 120511
D : 380 380 1573568262091960 1573568262212399 120439 120403
D : 381 381 1573568262212443 1573568262332900 120457 120420
D : 382 382 1573568262332944 1573568262453422 120478 120443
D : 383 383 1573568262453467 1573568262573972 120505 120469
D : 384 384 1573568262574015 1573568262694524 120509 120471
D : 385 385 1573568262694567 1573568262815102 120535 120502
D : 386 386 1573568262815144 1573568262935578 120434 120397
D : 387 387 1573568262935621 1573568263056136 120515 120479
D : 388 388 1573568263056179 1573568263176684 120505 120468
D : 389 389 1573568263176728 1573568263297194 120466 120429
D : 390 390 1573568263297237 1573568263417746 120509 120471
D : 391 391 1573568263417789 1573568263538302 120513 120477
D : 392 392 1573568263538346 1573568263658867 120521 120484
D : 393 393 1573568263658910 1573568263779457 120547 120508
D : 394 394 1573568263779501 1573568263900021 120520 120484
D : 395 395 1573568263900064 1573568264020501 120437 120400
D : 396 396 1573568264020545 1573568264140933 120388 120351
D : 397 397 1573568264140976 1573568264261455 120479 120443
D : 398 398 1573568264261499 1573568264382010 120511 120475
D : 399 399 1573568264382054 1573568264502554 120500 120463
D : 400 400 1573568264502598 1573568264623100 120502 120465
D : 401 401 1573568264623145 1573568264743432 120287 120232
D : 402 402 1573568264743471 1573568264863998 120527 120494
D : 403 403 1573568264864070 1573568264984581 120511 120477
D : 404 404 1573568264984622 1573568265105139 120517 120481
D : 405 405 1573568265105182 1573568265225672 120490 120454
D : 406 406 1573568265225717 1573568265346239 120522 120486
D : 407 407 1573568265346283 1573568265466802 120519 120482
D : 408 408 1573568265466845 1573568265587368 120523 120487
D : 409 409 1573568265587443 1573568265707958 120515 120480
D : 410 410 1573568265708001 1573568265828435 120434 120397
D : 411 411 1573568265828478 1573568265948992 120514 120476
D : 412 412 1573568265949034 1573568266069525 120491 120454
D : 413 413 1573568266069569 1573568266190062 120493 120465
D : 414 414 1573568266190094 1573568266310594 120500 120465
D : 415 415 1573568266310638 1573568266431058 120420 120384
D : 416 416 1573568266431102 1573568266551620 120518 120484
D : 417 417 1573568266551659 1573568266672178 120519 120484
D : 418 418 1573568266672222 1573568266792712 120490 120462
D : 419 419 1573568266792745 1573568266913261 120516 120485
D : 420 420 1573568266913332 1573568267033845 120513 120476
D : 421 421 1573568267033888 1573568267154408 120520 120485
D : 422 422 1573568267154537 1573568267275031 120494 120460
D : 423 423 1573568267275072 1573568267395582 120510 120473
D : 424 424 1573568267395625 1573568267516135 120510 120474
D : 425 425 1573568267516179 1573568267636627 120448 120412
D : 426 426 1573568267636670 1573568267757178 120508 120474
D : 427 427 1573568267757217 1573568267877720 120503 120468
D : 428 428 1573568267877762 1573568267998252 120490 120461
D : 429 429 1573568267998284 1573568268118730 120446 120412
D : 430 430 1573568268118771 1573568268239268 120497 120463
D : 431 431 1573568268239310 1573568268359733 120423 120388
D : 432 432 1573568268359775 1573568268480290 120515 120479
D : 433 433 1573568268480330 1573568268600830 120500 120464
D : 434 434 1573568268600872 1573568268721385 120513 120480
D : 435 435 1573568268721426 1573568268841927 120501 120464
D : 436 436 1573568268841970 1573568268962485 120515 120477
D : 437 437 1573568268962530 1573568269083039 120509 120474
D : 438 438 1573568269083082 1573568269203611 120529 120492
D : 439 439 1573568269203655 1573568269324163 120508 120473
D : 440 440 1573568269324208 1573568269444658 120450 120414
D : 441 441 1573568269444701 1573568269565212 120511 120478
D : 442 442 1573568269565253 1573568269685752 120499 120463
D : 443 443 1573568269685795 1573568269806285 120490 120453
D : 444 444 1573568269806329 1573568269926598 120269 120236
D : 445 445 1573568269926637 1573568270047145 120508 120474
D : 446 446 1573568270047186 1573568270167707 120521 120470
D : 447 447 1573568270167748 1573568270288272 120524 120486
D : 448 448 1573568270288314 1573568270408820 120506 120471
D : 449 449 1573568270408861 1573568270529406 120545 120510
D : 450 450 1573568270529450 1573568270649969 120519 120482
D : 451 451 1573568270650013 1573568270770537 120524 120487
D : 452 452 1573568270770581 1573568270891111 120530 120495
D : 453 453 1573568270891155 1573568271011672 120517 120481
D : 454 454 1573568271011716 1573568271132228 120512 120475
D : 455 455 1573568271132271 1573568271252725 120454 120416
D : 456 456 1573568271252769 1573568271373248 120479 120443
D : 457 457 1573568271373292 1573568271493813 120521 120486
D : 458 458 1573568271493857 1573568271614330 120473 120437
D : 459 459 1573568271614374 1573568271734725 120351 120315
D : 460 460 1573568271734765 1573568271855265 120500 120465
D : 461 461 1573568271855309 1573568271975740 120431 120395
D : 462 462 1573568271975784 1573568272096291 120507 120471
D : 463 463 1573568272096334 1573568272216786 120452 120416
D : 464 464 1573568272216830 1573568272337343 120513 120477
D : 465 465 1573568272337388 1573568272457903 120515 120479
D : 466 466 1573568272457947 1573568272578470 120523 120487
D : 467 467 1573568272578514 1573568272699015 120501 120464
D : 468 468 1573568272699057 1573568272819578 120521 120485
D : 469 469 1573568272819621 1573568272940123 120502 120467
D : 470 470 1573568272940172 1573568273060682 120510 120473
D : 471 471 1573568273060726 1573568273181239 120513 120478
D : 472 472 1573568273181283 1573568273301754 120471 120436
D : 473 473 1573568273301797 1573568273422318 120521 120484
D : 474 474 1573568273422362 1573568273542889 120527 120491
D : 475 475 1573568273542933 1573568273663449 120516 120480
D : 476 476 1573568273663493 1573568273783744 120251 120213
D : 477 477 1573568273783788 1573568273904305 120517 120481
D : 478 478 1573568273904348 1573568274024808 120460 120426
D : 479 479 1573568274024848 1573568274145317 120469 120433
D : 480 480 1573568274145361 1573568274265865 120504 120469
D : 481 481 1573568274265909 1573568274386435 120526 120489
D : 482 482 1573568274386478 1573568274506995 120517 120480
D : 483 483 1573568274507038 1573568274627500 120462 120426
D : 484 484 1573568274627543 1573568274748052 120509 120473
D : 485 485 1573568274748096 1573568274868355 120259 120224
D : 486 486 1573568274868398 1573568274988909 120511 120478
D : 487 487 1573568274988948 1573568275109488 120540 120505
D : 488 488 1573568275109531 1573568275230049 120518 120481
D : 489 489 1573568275230092 1573568275350615 120523 120487
D : 490 490 1573568275350659 1573568275471066 120407 120370
D : 491 491 1573568275471110 1573568275591621 120511 120474
D : 492 492 1573568275591667 1573568275712186 120519 120483
D : 493 493 1573568275712232 1573568275832672 120440 120411
D : 494 494 1573568275832715 1573568275953221 120506 120475
D : 495 495 1573568275953265 1573568276073756 120491 120460
D : 496 496 1573568276073799 1573568276194304 120505 120475
D : 497 497 1573568276194347 1573568276314842 120495 120464
D : 498 498 1573568276314886 1573568276435526 120640 120481
D : 499 499 1573568276435570 1573568276556071 120501 120470
D : 500 500 1573568276556115 1573568276676619 120504 120474
