A : 1 1 1573566934550815 1573566934591729 40914
A : 2 2 1573566934591738 1573566934632787 41049
A : 3 3 1573566934632793 1573566934673664 40871
A : 4 4 1573566934673674 1573566934714603 40929
A : 5 5 1573566934714635 1573566934758495 43860
A : 6 6 1573566934758513 1573566934800426 41913
A : 7 7 1573566934800450 1573566934842056 41606
A : 8 8 1573566934842075 1573566934884165 42090
A : 9 9 1573566934884181 1573566934926312 42131
A : 10 10 1573566934926357 1573566934969014 42657
A : 11 11 1573566934969035 1573566935010050 41015
A : 12 12 1573566935010082 1573566935052587 42505
A : 13 13 1573566935052620 1573566935097014 44394
A : 14 14 1573566935097059 1573566935139663 42604
A : 15 15 1573566935139697 1573566935182381 42684
A : 16 16 1573566935182424 1573566935225023 42599
A : 17 17 1573566935225052 1573566935267688 42636
A : 18 18 1573566935267730 1573566935310046 42316
A : 19 19 1573566935310077 1573566935352635 42558
A : 20 20 1573566935352678 1573566935395119 42441
A : 21 21 1573566935395161 1573566935437630 42469
A : 22 22 1573566935437675 1573566935480426 42751
A : 23 23 1573566935480471 1573566935523115 42644
A : 24 24 1573566935523136 1573566935564344 41208
A : 25 25 1573566935564387 1573566935607350 42963
A : 26 26 1573566935607373 1573566935648725 41352
A : 27 27 1573566935648769 1573566935691211 42442
A : 28 28 1573566935691245 1573566935733776 42531
A : 29 29 1573566935733797 1573566935774861 41064
A : 30 30 1573566935774907 1573566935817553 42646
A : 31 31 1573566935817598 1573566935860211 42613
A : 32 32 1573566935860257 1573566935902963 42706
A : 33 33 1573566935903006 1573566935945693 42687
A : 34 34 1573566935945739 1573566935988463 42724
A : 35 35 1573566935988508 1573566936031183 42675
A : 36 36 1573566936031228 1573566936073801 42573
A : 37 37 1573566936073823 1573566936115087 41264
A : 38 38 1573566936115129 1573566936157668 42539
A : 39 39 1573566936157700 1573566936200356 42656
A : 40 40 1573566936200401 1573566936242946 42545
A : 41 41 1573566936242966 1573566936284003 41037
A : 42 42 1573566936284048 1573566936326573 42525
A : 43 43 1573566936326604 1573566936369181 42577
A : 44 44 1573566936369227 1573566936411784 42557
A : 45 45 1573566936411824 1573566936454425 42601
A : 46 46 1573566936454471 1573566936497017 42546
A : 47 47 1573566936497048 1573566936539505 42457
A : 48 48 1573566936539526 1573566936580585 41059
A : 49 49 1573566936580630 1573566936623652 43022
A : 50 50 1573566936623673 1573566936664834 41161
A : 51 51 1573566936664876 1573566936707217 42341
A : 52 52 1573566936707258 1573566936749641 42383
A : 53 53 1573566936749685 1573566936792040 42355
A : 54 54 1573566936792062 1573566936833069 41007
A : 55 55 1573566936833107 1573566936875380 42273
A : 56 56 1573566936875395 1573566936916256 40861
A : 57 57 1573566936916301 1573566936958630 42329
A : 58 58 1573566936958650 1573566936999629 40979
A : 59 59 1573566936999674 1573566937042119 42445
A : 60 60 1573566937042139 1573566937083064 40925
A : 61 61 1573566937083106 1573566937126236 43130
A : 62 62 1573566937126257 1573566937167220 40963
A : 63 63 1573566937167262 1573566937209604 42342
A : 64 64 1573566937209633 1573566937251972 42339
A : 65 65 1573566937251992 1573566937292971 40979
A : 66 66 1573566937293013 1573566937335431 42418
A : 67 67 1573566937335475 1573566937378019 42544
A : 68 68 1573566937378041 1573566937419220 41179
A : 69 69 1573566937419261 1573566937461787 42526
A : 70 70 1573566937461830 1573566937504152 42322
A : 71 71 1573566937504194 1573566937546648 42454
A : 72 72 1573566937546667 1573566937587600 40933
A : 73 73 1573566937587642 1573566937630535 42893
A : 74 74 1573566937630579 1573566937672909 42330
A : 75 75 1573566937672937 1573566937715357 42420
A : 76 76 1573566937715426 1573566937757895 42469
A : 77 77 1573566937757917 1573566937799112 41195
A : 78 78 1573566937799155 1573566937841613 42458
A : 79 79 1573566937841656 1573566937883948 42292
A : 80 80 1573566937883966 1573566937925141 41175
A : 81 81 1573566937925184 1573566937967615 42431
A : 82 82 1573566937967657 1573566938010197 42540
A : 83 83 1573566938010239 1573566938052689 42450
A : 84 84 1573566938052719 1573566938093933 41214
A : 85 85 1573566938093976 1573566938136826 42850
A : 86 86 1573566938136850 1573566938178164 41314
A : 87 87 1573566938178206 1573566938220657 42451
A : 88 88 1573566938220679 1573566938261817 41138
A : 89 89 1573566938261859 1573566938304296 42437
A : 90 90 1573566938304313 1573566938345324 41011
A : 91 91 1573566938345366 1573566938387610 42244
A : 92 92 1573566938387640 1573566938429973 42333
A : 93 93 1573566938430011 1573566938472327 42316
A : 94 94 1573566938472369 1573566938514903 42534
A : 95 95 1573566938514925 1573566938555969 41044
A : 96 96 1573566938556011 1573566938598482 42471
A : 97 97 1573566938598525 1573566938641454 42929
A : 98 98 1573566938641474 1573566938682584 41110
A : 99 99 1573566938682626 1573566938725098 42472
A : 100 100 1573566938725141 1573566938767565 42424
A : 101 101 1573566938767609 1573566938810063 42454
A : 102 102 1573566938810083 1573566938851181 41098
A : 103 103 1573566938851224 1573566938893725 42501
A : 104 104 1573566938893768 1573566938936101 42333
A : 105 105 1573566938936145 1573566938978635 42490
A : 106 106 1573566938978677 1573566939021136 42459
A : 107 107 1573566939021155 1573566939062336 41181
A : 108 108 1573566939062379 1573566939104809 42430
A : 109 109 1573566939104852 1573566939147908 43056
A : 110 110 1573566939147930 1573566939189198 41268
A : 111 111 1573566939189242 1573566939231860 42618
A : 112 112 1573566939231879 1573566939272919 41040
A : 113 113 1573566939272962 1573566939315424 42462
A : 114 114 1573566939315446 1573566939356461 41015
A : 115 115 1573566939356491 1573566939398922 42431
A : 116 116 1573566939398940 1573566939439893 40953
A : 117 117 1573566939439935 1573566939482246 42311
A : 118 118 1573566939482276 1573566939524765 42489
A : 119 119 1573566939524786 1573566939565992 41206
A : 120 120 1573566939566035 1573566939608376 42341
A : 121 121 1573566939608406 1573566939651312 42906
A : 122 122 1573566939651354 1573566939693845 42491
A : 123 123 1573566939693888 1573566939736438 42550
A : 124 124 1573566939736481 1573566939779083 42602
A : 125 125 1573566939779125 1573566939821569 42444
A : 126 126 1573566939821603 1573566939862671 41068
A : 127 127 1573566939862726 1573566939904827 42101
A : 128 128 1573566939904857 1573566939947420 42563
A : 129 129 1573566939947460 1573566939989931 42471
A : 130 130 1573566939989952 1573566940031051 41099
A : 131 131 1573566940031817 1573566940076365 44548
A : 132 132 1573566940495036 1573566940537336 42300
A : 133 132 1573566940537354 1573566940578625 41271
A : 134 133 1573566940578667 1573566940621295 42628
A : 135 133 1573566940621334 1573566940663645 42311
A : 136 134 1573566940663666 1573566940704802 41136
A : 137 134 1573566940704841 1573566940747456 42615
A : 138 135 1573566940747479 1573566940788675 41196
A : 139 135 1573566940788714 1573566940831180 42466
A : 140 136 1573566940831202 1573566940872387 41185
A : 141 136 1573566940872427 1573566940914923 42496
A : 142 137 1573566940914966 1573566940957312 42346
A : 143 137 1573566940957330 1573566940998388 41058
A : 144 138 1573566940998431 1573566941040740 42309
A : 145 138 1573566941040768 1573566941083604 42836
A : 146 139 1573566941083647 1573566941125932 42285
A : 147 139 1573566941125963 1573566941168419 42456
A : 148 140 1573566941168453 1573566941210945 42492
A : 149 140 1573566941210976 1573566941253520 42544
A : 150 141 1573566941253554 1573566941296028 42474
A : 151 141 1573566941296044 1573566941337031 40987
A : 152 142 1573566941337064 1573566941379485 42421
A : 153 142 1573566941379516 1573566941422007 42491
A : 154 143 1573566941422020 1573566941463070 41050
A : 155 143 1573566941463100 1573566941505624 42524
A : 156 144 1573566941505657 1573566941548218 42561
A : 157 144 1573566941548249 1573566941591235 42986
A : 158 145 1573566941591252 1573566941632260 41008
A : 159 145 1573566941632291 1573566941674749 42458
A : 160 146 1573566941674761 1573566941715827 41066
A : 161 146 1573566941715859 1573566941758685 42826
A : 162 147 1573566941758721 1573566941800166 41445
A : 163 147 1573566941800301 1573566941842992 42691
A : 164 148 1573566941843011 1573566941884241 41230
A : 165 148 1573566941884282 1573566941926993 42711
A : 166 149 1573566941927039 1573566941969673 42634
A : 167 149 1573566941969710 1573566942012467 42757
A : 168 150 1573566942012486 1573566942053678 41192
A : 169 150 1573566942053720 1573566942096829 43109
A : 170 151 1573566942096863 1573566942139349 42486
A : 171 151 1573566942139380 1573566942181862 42482
A : 172 152 1573566942181896 1573566942224555 42659
A : 173 152 1573566942224585 1573566942267026 42441
A : 174 153 1573566942267039 1573566942308027 40988
A : 175 153 1573566942308070 1573566942350707 42637
A : 176 154 1573566942350751 1573566942393344 42593
A : 177 154 1573566942393375 1573566942435926 42551
A : 178 155 1573566942435960 1573566942478496 42536
A : 179 155 1573566942478537 1573566942521231 42694
A : 180 156 1573566942521252 1573566942562492 41240
A : 181 156 1573566942562534 1573566942605608 43074
A : 182 157 1573566942605642 1573566942648160 42518
A : 183 157 1573566942648190 1573566942690683 42493
A : 184 158 1573566942690695 1573566942731673 40978
A : 185 158 1573566942731704 1573566942774425 42721
A : 186 159 1573566942774445 1573566942815803 41358
A : 187 159 1573566942815845 1573566942858529 42684
A : 188 160 1573566942858548 1573566942899594 41046
A : 189 160 1573566942899634 1573566942942161 42527
A : 190 161 1573566942942180 1573566942983206 41026
A : 191 161 1573566942983249 1573566943025761 42512
A : 192 162 1573566943025772 1573566943066837 41065
A : 193 162 1573566943066868 1573566943109901 43033
A : 194 163 1573566943109919 1573566943150918 40999
A : 195 163 1573566943150949 1573566943193442 42493
A : 196 164 1573566943193476 1573566943236080 42604
A : 197 164 1573566943236112 1573566943278676 42564
A : 198 165 1573566943278690 1573566943319535 40845
A : 199 165 1573566943319566 1573566943362054 42488
A : 200 166 1573566943362069 1573566943403015 40946
A : 201 166 1573566943403046 1573566943445689 42643
A : 202 167 1573566943445708 1573566943486913 41205
A : 203 167 1573566943486953 1573566943529519 42566
A : 204 168 1573566943529554 1573566943572101 42547
A : 205 168 1573566943572132 1573566943615171 43039
A : 206 169 1573566943615186 1573566943656265 41079
A : 207 169 1573566943656296 1573566943698831 42535
A : 208 170 1573566943698864 1573566943741447 42583
A : 209 170 1573566943741479 1573566943783965 42486
A : 210 171 1573566943783983 1573566943824988 41005
A : 211 171 1573566943825019 1573566943867517 42498
A : 212 172 1573566943867552 1573566943910059 42507
A : 213 172 1573566943910090 1573566943952595 42505
A : 214 173 1573566943952611 1573566943993639 41028
A : 215 173 1573566943993670 1573566944036196 42526
A : 216 174 1573566944036229 1573566944078771 42542
A : 217 174 1573566944078803 1573566944121859 43056
A : 218 175 1573566944121892 1573566944164415 42523
A : 219 175 1573566944164447 1573566944206898 42451
A : 220 176 1573566944206915 1573566944247850 40935
A : 221 176 1573566944247879 1573566944290194 42315
A : 222 177 1573566944290229 1573566944332776 42547
A : 223 177 1573566944332790 1573566944373578 40788
A : 224 178 1573566944373604 1573566944415447 41843
A : 225 178 1573566944415478 1573566944457988 42510
A : 226 179 1573566944458021 1573566944500518 42497
A : 227 179 1573566944500549 1573566944543007 42458
A : 228 180 1573566944543041 1573566944585569 42528
A : 229 180 1573566944585601 1573566944628655 43054
A : 230 181 1573566944628671 1573566944669579 40908
A : 231 181 1573566944669610 1573566944712150 42540
A : 232 182 1573566944712185 1573566944754699 42514
A : 233 182 1573566944754712 1573566944795614 40902
A : 234 183 1573566944795643 1573566944837770 42127
A : 235 183 1573566944837784 1573566944878787 41003
A : 236 184 1573566944878821 1573566944920464 41643
A : 237 184 1573566944920478 1573566944961401 40923
A : 238 185 1573566944961434 1573566945003979 42545
A : 239 185 1573566945003993 1573566945044871 40878
A : 240 186 1573566945044885 1573566945085779 40894
A : 241 186 1573566945085810 1573566945128830 43020
A : 242 187 1573566945128845 1573566945169789 40944
A : 243 187 1573566945169819 1573566945212432 42613
A : 244 188 1573566945212465 1573566945254936 42471
A : 245 188 1573566945254946 1573566945295891 40945
A : 246 189 1573566945295932 1573566945338695 42763
A : 247 189 1573566945338707 1573566945379792 41085
A : 248 190 1573566945379826 1573566945422339 42513
A : 249 190 1573566945422369 1573566945464948 42579
A : 250 191 1573566945464982 1573566945507453 42471
A : 251 191 1573566945507464 1573566945548357 40893
A : 252 192 1573566945548388 1573566945590914 42526
A : 253 192 1573566945590946 1573566945633979 43033
A : 254 193 1573566945634013 1573566945676492 42479
A : 255 193 1573566945676524 1573566945719036 42512
A : 256 194 1573566945719070 1573566945761589 42519
A : 257 194 1573566945761604 1573566945802513 40909
A : 258 195 1573566945802545 1573566945845090 42545
A : 259 195 1573566945845103 1573566945885942 40839
A : 260 196 1573566945885978 1573566945928527 42549
A : 261 196 1573566945928558 1573566945971052 42494
A : 262 197 1573566945971086 1573566946013555 42469
A : 263 197 1573566946013570 1573566946054462 40892
A : 264 198 1573566946054495 1573566946097064 42569
A : 265 198 1573566946097095 1573566946140110 43015
A : 266 199 1573566946140127 1573566946181043 40916
A : 267 199 1573566946181074 1573566946223662 42588
A : 268 200 1573566946223696 1573566946266125 42429
A : 269 200 1573566946266137 1573566946307193 41056
A : 270 201 1573566946307226 1573566946349756 42530
A : 271 201 1573566946349767 1573566946390999 41232
A : 272 202 1573566946391044 1573566946433646 42602
A : 273 202 1573566946433677 1573566946476216 42539
A : 274 203 1573566946476249 1573566946519035 42786
A : 275 203 1573566946519054 1573566946560307 41253
A : 276 204 1573566946560352 1573566946602879 42527
A : 277 204 1573566946602923 1573566946646156 43233
A : 278 205 1573566946646202 1573566946688982 42780
A : 279 205 1573566946689024 1573566946731831 42807
A : 280 206 1573566946731876 1573566946774621 42745
A : 281 206 1573566946774639 1573566946815587 40948
A : 282 207 1573566946815619 1573566946857891 42272
A : 283 207 1573566946857905 1573566946899051 41146
A : 284 208 1573566946899096 1573566946941651 42555
A : 285 208 1573566946941681 1573566946984183 42502
A : 286 209 1573566946984215 1573566947026943 42728
A : 287 209 1573566947026961 1573566947068132 41171
A : 288 210 1573566947068177 1573566947110809 42632
A : 289 210 1573566947110851 1573566947153941 43090
A : 290 211 1573566947154336 1573566947196141 41805
A : 291 211 1573566947196181 1573566947240054 43873
A : 292 212 1573566947751119 1573566947791828 40709
A : 293 212 1573566947791847 1573566947833174 41327
A : 294 212 1573566947833215 1573566947875684 42469
A : 295 213 1573566947875704 1573566947916898 41194
A : 296 213 1573566947916926 1573566947958798 41872
A : 297 213 1573566947958829 1573566947999919 41090
A : 298 214 1573566947999953 1573566948042309 42356
A : 299 214 1573566948042350 1573566948084904 42554
A : 300 214 1573566948084913 1573566948126096 41183
A : 301 215 1573566948126137 1573566948169444 43307
A : 302 215 1573566948169490 1573566948212075 42585
A : 303 215 1573566948212104 1573566948254681 42577
A : 304 216 1573566948254699 1573566948295673 40974
A : 305 216 1573566948295714 1573566948338280 42566
A : 306 216 1573566948338298 1573566948379523 41225
A : 307 217 1573566948379569 1573566948422210 42641
A : 308 217 1573566948422252 1573566948464828 42576
A : 309 217 1573566948464857 1573566948507516 42659
A : 310 218 1573566948507537 1573566948548835 41298
A : 311 218 1573566948548876 1573566948591546 42670
A : 312 218 1573566948591588 1573566948634378 42790
A : 313 219 1573566948634400 1573566948675624 41224
A : 314 219 1573566948675665 1573566948718294 42629
A : 315 219 1573566948718335 1573566948761130 42795
A : 316 220 1573566948761150 1573566948802247 41097
A : 317 220 1573566948802287 1573566948844631 42344
A : 318 220 1573566948844668 1573566948887323 42655
A : 319 221 1573566948887368 1573566948930078 42710
A : 320 221 1573566948930119 1573566948972664 42545
A : 321 221 1573566948972782 1573566949015458 42676
A : 322 222 1573566949015503 1573566949058065 42562
A : 323 222 1573566949058105 1573566949100692 42587
A : 324 222 1573566949100733 1573566949143434 42701
A : 325 223 1573566949143480 1573566949186473 42993
A : 326 223 1573566949186514 1573566949229231 42717
A : 327 223 1573566949229273 1573566949271930 42657
A : 328 224 1573566949271952 1573566949313123 41171
A : 329 224 1573566949313164 1573566949355724 42560
A : 330 224 1573566949355744 1573566949396910 41166
A : 331 225 1573566949396955 1573566949439621 42666
A : 332 225 1573566949439663 1573566949482235 42572
A : 333 225 1573566949482264 1573566949525046 42782
A : 334 226 1573566949525065 1573566949566143 41078
A : 335 226 1573566949566196 1573566949608904 42708
A : 336 226 1573566949608923 1573566949650104 41181
A : 337 227 1573566949650149 1573566949693262 43113
A : 338 227 1573566949693301 1573566949735817 42516
A : 339 227 1573566949735846 1573566949778588 42742
A : 340 228 1573566949778609 1573566949819569 40960
A : 341 228 1573566949819611 1573566949862376 42765
A : 342 228 1573566949862418 1573566949905236 42818
A : 343 229 1573566949905258 1573566949946462 41204
A : 344 229 1573566949946503 1573566949989044 42541
A : 345 229 1573566949989053 1573566950030253 41200
A : 346 230 1573566950030297 1573566950072987 42690
A : 347 230 1573566950073029 1573566950115480 42451
A : 348 230 1573566950115489 1573566950156650 41161
A : 349 231 1573566950156695 1573566950199761 43066
A : 350 231 1573566950199803 1573566950242437 42634
A : 351 231 1573566950242478 1573566950285230 42752
A : 352 232 1573566950285250 1573566950326484 41234
A : 353 232 1573566950326526 1573566950369331 42805
A : 354 232 1573566950369373 1573566950412095 42722
A : 355 233 1573566950412117 1573566950453274 41157
A : 356 233 1573566950453316 1573566950495986 42670
A : 357 233 1573566950496004 1573566950537144 41140
A : 358 234 1573566950537191 1573566950579728 42537
A : 359 234 1573566950579770 1573566950622242 42472
A : 360 234 1573566950622246 1573566950663466 41220
A : 361 235 1573566950663512 1573566950706689 43177
A : 362 235 1573566950706707 1573566950747520 40813
A : 363 235 1573566950747549 1573566950790335 42786
A : 364 236 1573566950790354 1573566950831310 40956
A : 365 236 1573566950831352 1573566950874032 42680
A : 366 236 1573566950874074 1573566950916789 42715
A : 367 237 1573566950916810 1573566950957980 41170
A : 368 237 1573566950958022 1573566951000680 42658
A : 369 237 1573566951000699 1573566951041618 40919
A : 370 238 1573566951041663 1573566951084348 42685
A : 371 238 1573566951084391 1573566951126916 42525
A : 372 238 1573566951126924 1573566951167949 41025
A : 373 239 1573566951167993 1573566951210861 42868
A : 374 239 1573566951210878 1573566951251831 40953
A : 375 239 1573566951251860 1573566951294589 42729
A : 376 240 1573566951294619 1573566951335671 41052
A : 377 240 1573566951335698 1573566951377285 41587
A : 378 240 1573566951377327 1573566951420004 42677
A : 379 241 1573566951420026 1573566951461273 41247
A : 380 241 1573566951461315 1573566951504020 42705
A : 381 241 1573566951504041 1573566951545180 41139
A : 382 242 1573566951545225 1573566951587977 42752
A : 383 242 1573566951588019 1573566951630711 42692
A : 384 242 1573566951630721 1573566951673538 42817
A : 385 243 1573566951673583 1573566951716629 43046
A : 386 243 1573566951716666 1573566951759186 42520
A : 387 243 1573566951759215 1573566951801932 42717
A : 388 244 1573566951801978 1573566951844739 42761
A : 389 244 1573566951844757 1573566951885867 41110
A : 390 244 1573566951885915 1573566951928507 42592
A : 391 245 1573566951928527 1573566951969563 41036
A : 392 245 1573566951969605 1573566952012182 42577
A : 393 245 1573566952012224 1573566952055065 42841
A : 394 246 1573566952055084 1573566952096066 40982
A : 395 246 1573566952096108 1573566952138782 42674
A : 396 246 1573566952138823 1573566952181540 42717
A : 397 247 1573566952181557 1573566952222741 41184
A : 398 247 1573566952222780 1573566952265224 42444
A : 399 247 1573566952265265 1573566952307774 42509
A : 400 248 1573566952307797 1573566952348942 41145
A : 401 248 1573566952348983 1573566952391640 42657
A : 402 248 1573566952391682 1573566952434424 42742
A : 403 249 1573566952434444 1573566952475569 41125
A : 404 249 1573566952475630 1573566952518419 42789
A : 405 249 1573566952518460 1573566952560895 42435
A : 406 250 1573566952560934 1573566952602314 41380
A : 407 250 1573566952602355 1573566952644909 42554
A : 408 250 1573566952644919 1573566952686072 41153
A : 409 251 1573566952686118 1573566952729283 43165
A : 410 251 1573566952729325 1573566952771851 42526
A : 411 251 1573566952771880 1573566952814560 42680
A : 412 252 1573566952814578 1573566952855590 41012
A : 413 252 1573566952855642 1573566952898070 42428
A : 414 252 1573566952898111 1573566952940593 42482
A : 415 253 1573566952940637 1573566952982934 42297
A : 416 253 1573566952982976 1573566953025695 42719
A : 417 253 1573566953025737 1573566953068289 42552
A : 418 254 1573566953068332 1573566953110993 42661
A : 419 254 1573566953111012 1573566953152023 41011
A : 420 254 1573566953152061 1573566953194676 42615
A : 421 255 1573566953194718 1573566953237883 43165
A : 422 255 1573566953237925 1573566953280473 42548
A : 423 255 1573566953280514 1573566953323205 42691
A : 424 256 1573566953323250 1573566953365918 42668
A : 425 256 1573566953365966 1573566953407164 41198
A : 426 256 1573566953407206 1573566953449688 42482
A : 427 257 1573566953449733 1573566953492347 42614
A : 428 257 1573566953492388 1573566953535040 42652
A : 429 257 1573566953535082 1573566953577799 42717
A : 430 258 1573566953577844 1573566953620506 42662
A : 431 258 1573566953620526 1573566953661710 41184
A : 432 258 1573566953661751 1573566953704406 42655
A : 433 259 1573566953704427 1573566953745663 41236
A : 434 259 1573566953745704 1573566953788319 42615
A : 435 259 1573566953788360 1573566953831110 42750
A : 436 260 1573566953831156 1573566953873842 42686
A : 437 260 1573566953873883 1573566953916438 42555
A : 438 260 1573566953916479 1573566953959120 42641
A : 439 261 1573566953959166 1573566954001791 42625
A : 440 261 1573566954001831 1573566954044491 42660
A : 441 261 1573566954044533 1573566954087062 42529
A : 442 262 1573566954087106 1573566954129776 42670
A : 443 262 1573566954129795 1573566954170845 41050
A : 444 262 1573566954170887 1573566954213613 42726
A : 445 263 1573566954213632 1573566954254724 41092
A : 446 263 1573566954254755 1573566954297010 42255
A : 447 263 1573566954297051 1573566954339616 42565
A : 448 264 1573566954339661 1573566954382364 42703
A : 449 264 1573566954382383 1573566954423611 41228
A : 450 264 1573566954423653 1573566954466137 42484
A : 451 265 1573566954466155 1573566954507036 40881
A : 452 265 1573566954507065 1573566954549048 41983
A : 453 265 1573566954549089 1573566954591636 42547
A : 454 266 1573566954591658 1573566954632893 41235
A : 455 266 1573566954632932 1573566954675518 42586
A : 456 266 1573566954675560 1573566954718322 42762
A : 457 267 1573566954718341 1573566954759602 41261
A : 458 267 1573566954759641 1573566954802196 42555
A : 459 267 1573566954802235 1573566954844514 42279
A : 460 268 1573566954844535 1573566954885726 41191
A : 461 268 1573566954885768 1573566954928351 42583
A : 462 268 1573566954928390 1573566954971230 42840
A : 463 269 1573566954971250 1573566955012215 40965
A : 464 269 1573566955012250 1573566955054716 42466
A : 465 269 1573566955054755 1573566955097230 42475
A : 466 270 1573566955097273 1573566955139881 42608
A : 467 270 1573566955139921 1573566955182764 42843
A : 468 270 1573566955182783 1573566955223803 41020
A : 469 271 1573566955223844 1573566955266652 42808
A : 470 271 1573566955266672 1573566955307694 41022
A : 471 271 1573566955307734 1573566955350364 42630
A : 472 272 1573566955350386 1573566955391602 41216
A : 473 272 1573566955391642 1573566955434063 42421
A : 474 272 1573566955434102 1573566955476642 42540
A : 475 273 1573566955476665 1573566955517808 41143
A : 476 273 1573566955517845 1573566955560275 42430
A : 477 273 1573566955560294 1573566955601386 41092
A : 478 274 1573566955601428 1573566955643740 42312
A : 479 274 1573566955643858 1573566955686195 42337
A : 480 274 1573566955686223 1573566955728598 42375
A : 481 275 1573566955728640 1573566955771607 42967
A : 482 275 1573566955771647 1573566955814195 42548
A : 483 275 1573566955814234 1573566955856576 42342
A : 484 276 1573566955856596 1573566955897790 41194
A : 485 276 1573566955897829 1573566955940160 42331
A : 486 276 1573566955940199 1573566955982851 42652
A : 487 277 1573566955982872 1573566956023886 41014
A : 488 277 1573566956023921 1573566956066203 42282
A : 489 277 1573566956066242 1573566956108619 42377
A : 490 278 1573566956108640 1573566956149577 40937
A : 491 278 1573566956149616 1573566956191869 42253
A : 492 278 1573566956191909 1573566956234307 42398
A : 493 279 1573566956234349 1573566956276640 42291
A : 494 279 1573566956276679 1573566956319082 42403
A : 495 279 1573566956319122 1573566956361670 42548
A : 496 280 1573566956361712 1573566956404002 42290
A : 497 280 1573566956404039 1573566956446457 42418
A : 498 280 1573566956446495 1573566956488839 42344
A : 499 281 1573566956488860 1573566956529887 41027
A : 500 281 1573566956529926 1573566956573154 43228
A : 501 281 1573566956573193 1573566956613721 40528
I : 1 1 1573566934550876 1573566934672036 121160
I : 2 2 1573566934672048 1573566934713066 41018
I : 3 3 1573566934713102 1573566934754852 41750
I : 4 4 1573566934754858 1573566934795725 40867
I : 5 5 1573566934795738 1573566934836577 40839
I : 6 6 1573566934836600 1573566934878217 41617
I : 7 7 1573566934878242 1573566934920002 41760
I : 8 8 1573566934920038 1573566934962442 42404
I : 9 9 1573566934962459 1573566935004132 41673
I : 10 10 1573566935004171 1573566935046197 42026
I : 11 11 1573566935046236 1573566935088234 41998
I : 12 12 1573566935088274 1573566935130506 42232
I : 13 13 1573566935130545 1573566935172766 42221
I : 14 14 1573566935172805 1573566935214847 42042
I : 15 15 1573566935214886 1573566935256737 41851
I : 16 16 1573566935256770 1573566935299160 42390
I : 17 17 1573566935299199 1573566935341280 42081
I : 18 18 1573566935341318 1573566935383124 41806
I : 19 19 1573566935383181 1573566935425569 42388
I : 20 20 1573566935425608 1573566935467862 42254
I : 21 21 1573566935467901 1573566935510497 42596
I : 22 22 1573566935510512 1573566935551688 41176
I : 23 23 1573566935551725 1573566935593826 42101
I : 24 24 1573566935593842 1573566935635563 41721
I : 25 25 1573566935635599 1573566935677578 41979
I : 26 26 1573566935677616 1573566935720487 42871
I : 27 27 1573566935720503 1573566935761685 41182
I : 28 28 1573566935761721 1573566935804116 42395
I : 29 29 1573566935804155 1573566935846194 42039
I : 30 30 1573566935846233 1573566935888329 42096
I : 31 31 1573566935888365 1573566935930506 42141
I : 32 32 1573566935930545 1573566935972636 42091
I : 33 33 1573566935972675 1573566936015629 42954
I : 34 34 1573566936015666 1573566936058041 42375
I : 35 35 1573566936058056 1573566936098995 40939
I : 36 36 1573566936099023 1573566936141425 42402
I : 37 37 1573566936141462 1573566936183431 41969
I : 38 38 1573566936183470 1573566936225835 42365
I : 39 39 1573566936225850 1573566936267544 41694
I : 40 40 1573566936267570 1573566936308950 41380
I : 41 41 1573566936308988 1573566936351734 42746
I : 42 42 1573566936351772 1573566936393873 42101
I : 43 43 1573566936393909 1573566936436150 42241
I : 44 44 1573566936436188 1573566936478502 42314
I : 45 45 1573566936478540 1573566936521285 42745
I : 46 46 1573566936521300 1573566936562519 41219
I : 47 47 1573566936562545 1573566936604666 42121
I : 48 48 1573566936604680 1573566936645925 41245
I : 49 49 1573566936645956 1573566936687886 41930
I : 50 50 1573566936687922 1573566936730557 42635
I : 51 51 1573566936730593 1573566936772435 41842
I : 52 52 1573566936772447 1573566936813583 41136
I : 53 53 1573566936813613 1573566936855806 42193
I : 54 54 1573566936855820 1573566936896835 41015
I : 55 55 1573566936896855 1573566936938308 41453
I : 56 56 1573566936938322 1573566936979226 40904
I : 57 57 1573566936979249 1573566937020658 41409
I : 58 58 1573566937020672 1573566937061849 41177
I : 59 59 1573566937061870 1573566937103911 42041
I : 60 60 1573566937103925 1573566937145288 41363
I : 61 61 1573566937145311 1573566937186744 41433
I : 62 62 1573566937186780 1573566937229327 42547
I : 63 63 1573566937229341 1573566937270335 40994
I : 64 64 1573566937270356 1573566937311656 41300
I : 65 65 1573566937311693 1573566937353994 42301
I : 66 66 1573566937354008 1573566937395297 41289
I : 67 67 1573566937395321 1573566937437327 42006
I : 68 68 1573566937437364 1573566937479364 42000
I : 69 69 1573566937479422 1573566937521816 42394
I : 70 70 1573566937521830 1573566937563350 41520
I : 71 71 1573566937563369 1573566937605198 41829
I : 72 72 1573566937605255 1573566937647897 42642
I : 73 73 1573566937647934 1573566937690497 42563
I : 74 74 1573566937690533 1573566937733172 42639
I : 75 75 1573566937733185 1573566937774489 41304
I : 76 76 1573566937774529 1573566937816297 41768
I : 77 77 1573566937816333 1573566937858136 41803
I : 78 78 1573566937858151 1573566937899637 41486
I : 79 79 1573566937899659 1573566937941613 41954
I : 80 80 1573566937941650 1573566937984325 42675
I : 81 81 1573566937984359 1573566938026814 42455
I : 82 82 1573566938026829 1573566938068405 41576
I : 83 83 1573566938068425 1573566938110119 41694
I : 84 84 1573566938110133 1573566938151661 41528
I : 85 85 1573566938151687 1573566938193619 41932
I : 86 86 1573566938193634 1573566938235227 41593
I : 87 87 1573566938235249 1573566938276614 41365
I : 88 88 1573566938276639 1573566938317474 40835
I : 89 89 1573566938317493 1573566938359022 41529
I : 90 90 1573566938359059 1573566938401041 41982
I : 91 91 1573566938401066 1573566938443650 42584
I : 92 92 1573566938443687 1573566938485593 41906
I : 93 93 1573566938485608 1573566938526528 40920
I : 94 94 1573566938526550 1573566938567673 41123
I : 95 95 1573566938567698 1573566938610277 42579
I : 96 96 1573566938610290 1573566938651629 41339
I : 97 97 1573566938651649 1573566938693455 41806
I : 98 98 1573566938693492 1573566938735406 41914
I : 99 99 1573566938735432 1573566938777355 41923
I : 100 100 1573566938777369 1573566938818514 41145
I : 101 101 1573566938818534 1573566938859860 41326
I : 102 102 1573566938859885 1573566938901999 42114
I : 103 103 1573566938902023 1573566938943827 41804
I : 104 104 1573566938943858 1573566938986294 42436
I : 105 105 1573566938986308 1573566939027515 41207
I : 106 106 1573566939027533 1573566939068567 41034
I : 107 107 1573566939068592 1573566939110721 42129
I : 108 108 1573566939110731 1573566939151567 40836
I : 109 109 1573566939151577 1573566939195214 43637
I : 110 110 1573566939195220 1573566939236274 41054
I : 111 111 1573566939236292 1573566939277428 41136
I : 112 112 1573566939277452 1573566939336889 59437
I : 113 113 1573566939336913 1573566939398935 62022
I : 114 114 1573566939398944 1573566939458117 59173
I : 115 115 1573566939458154 1573566939519598 61444
I : 116 116 1573566939519628 1573566939579155 59527
I : 117 117 1573566939579181 1573566939640429 61248
I : 118 118 1573566939640465 1573566939700985 60520
I : 119 119 1573566939701011 1573566939760749 59738
I : 120 120 1573566939760786 1573566939821582 60796
I : 121 121 1573566939821605 1573566939881312 59707
I : 122 122 1573566939881350 1573566939942339 60989
I : 123 123 1573566939942375 1573566940001709 59334
I : 124 124 1573566940001729 1573566940062804 61075
I : 125 125 1573566940062959 1573566940124753 61794
I : 126 126 1573566940124787 1573566940186171 61384
I : 127 127 1573566940186189 1573566940246086 59897
I : 128 128 1573566940246120 1573566940307142 61022
I : 129 129 1573566940307177 1573566940368805 61628
I : 130 130 1573566940368839 1573566940429212 60373
I : 131 131 1573566940429248 1573566940490489 61241
I : 132 132 1573566940495019 1573566940649714 154695
I : 133 132 1573566940649729 1573566940691180 41451
I : 134 133 1573566940691217 1573566940733002 41785
I : 135 133 1573566940733016 1573566940774574 41558
I : 136 134 1573566940774609 1573566940816382 41773
I : 137 134 1573566940816396 1573566940857594 41198
I : 138 135 1573566940857616 1573566940899848 42232
I : 139 135 1573566940899882 1573566940942147 42265
I : 140 136 1573566940942163 1573566940990366 48203
I : 141 136 1573566940990400 1573566941032450 42050
I : 142 137 1573566941032486 1573566941074580 42094
I : 143 137 1573566941074613 1573566941116890 42277
I : 144 138 1573566941116930 1573566941166739 49809
I : 145 138 1573566941166775 1573566941209120 42345
I : 146 139 1573566941209159 1573566941252138 42979
I : 147 139 1573566941252174 1573566941294831 42657
I : 148 140 1573566941294848 1573566941336264 41416
I : 149 140 1573566941336301 1573566941378489 42188
I : 150 141 1573566941378527 1573566941421500 42973
I : 151 141 1573566941421515 1573566941462867 41352
I : 152 142 1573566941462906 1573566941505083 42177
I : 153 142 1573566941505119 1573566941548129 43010
I : 154 143 1573566941548168 1573566941590111 41943
I : 155 143 1573566941590128 1573566941631531 41403
I : 156 144 1573566941631570 1573566941674525 42955
I : 157 144 1573566941674543 1573566941715757 41214
I : 158 145 1573566941715796 1573566941758713 42917
I : 159 145 1573566941758723 1573566941800199 41476
I : 160 146 1573566941800230 1573566941843004 42774
I : 161 146 1573566941843012 1573566941884273 41261
I : 162 147 1573566941884304 1573566941927338 43034
I : 163 147 1573566941927504 1573566941969671 42167
I : 164 148 1573566941969714 1573566942012480 42766
I : 165 148 1573566942012489 1573566942053837 41348
I : 166 149 1573566942053865 1573566942096073 42208
I : 167 149 1573566942096109 1573566942138497 42388
I : 168 150 1573566942138535 1573566942181450 42915
I : 169 150 1573566942181487 1573566942223684 42197
I : 170 151 1573566942223723 1573566942266377 42654
I : 171 151 1573566942266394 1573566942308060 41666
I : 172 152 1573566942308091 1573566942350881 42790
I : 173 152 1573566942350908 1573566942392995 42087
I : 174 153 1573566942393034 1573566942435497 42463
I : 175 153 1573566942435534 1573566942478517 42983
I : 176 154 1573566942478547 1573566942521252 42705
I : 177 154 1573566942521261 1573566942562569 41308
I : 178 155 1573566942562599 1573566942605179 42580
I : 179 155 1573566942605216 1573566942647956 42740
I : 180 156 1573566942647995 1573566942690149 42154
I : 181 156 1573566942690165 1573566942731486 41321
I : 182 157 1573566942731525 1573566942774440 42915
I : 183 157 1573566942774448 1573566942815835 41387
I : 184 158 1573566942815866 1573566942858556 42690
I : 185 158 1573566942858564 1573566942899784 41220
I : 186 159 1573566942899812 1573566942942174 42362
I : 187 159 1573566942942183 1573566942983251 41068
I : 188 160 1573566942983282 1573566943025556 42274
I : 189 160 1573566943025572 1573566943066489 40917
I : 190 161 1573566943066528 1573566943108859 42331
I : 191 161 1573566943108875 1573566943149942 41067
I : 192 162 1573566943149982 1573566943191958 41976
I : 193 162 1573566943191994 1573566943234419 42425
I : 194 163 1573566943234458 1573566943277110 42652
I : 195 163 1573566943277125 1573566943318609 41484
I : 196 164 1573566943318645 1573566943361401 42756
I : 197 164 1573566943361417 1573566943402892 41475
I : 198 165 1573566943402931 1573566943445702 42771
I : 199 165 1573566943445711 1573566943487178 41467
I : 200 166 1573566943487208 1573566943529451 42243
I : 201 166 1573566943529487 1573566943571737 42250
I : 202 167 1573566943571775 1573566943614492 42717
I : 203 167 1573566943614508 1573566943655955 41447
I : 204 168 1573566943655993 1573566943698222 42229
I : 205 168 1573566943698258 1573566943740528 42270
I : 206 169 1573566943740567 1573566943783043 42476
I : 207 169 1573566943783059 1573566943824586 41527
I : 208 170 1573566943824623 1573566943866720 42097
I : 209 170 1573566943866756 1573566943909204 42448
I : 210 171 1573566943909243 1573566943951679 42436
I : 211 171 1573566943951695 1573566943993341 41646
I : 212 172 1573566943993381 1573566944035485 42104
I : 213 172 1573566944035521 1573566944078517 42996
I : 214 173 1573566944078555 1573566944120748 42193
I : 215 173 1573566944120784 1573566944162770 41986
I : 216 174 1573566944162809 1573566944205840 43031
I : 217 174 1573566944205857 1573566944246795 40938
I : 218 175 1573566944246826 1573566944288655 41829
I : 219 175 1573566944288686 1573566944331189 42503
I : 220 176 1573566944331203 1573566944372544 41341
I : 221 176 1573566944372568 1573566944414796 42228
I : 222 177 1573566944414835 1573566944456939 42104
I : 223 177 1573566944456976 1573566944499138 42162
I : 224 178 1573566944499177 1573566944541140 41963
I : 225 178 1573566944541176 1573566944583335 42159
I : 226 179 1573566944583373 1573566944625499 42126
I : 227 179 1573566944625515 1573566944666472 40957
I : 228 180 1573566944666511 1573566944708975 42464
I : 229 180 1573566944709010 1573566944751624 42614
I : 230 181 1573566944751640 1573566944793287 41647
I : 231 181 1573566944793319 1573566944835112 41793
I : 232 182 1573566944835129 1573566944876601 41472
I : 233 182 1573566944876637 1573566944919567 42930
I : 234 183 1573566944919583 1573566944960776 41193
I : 235 183 1573566944960812 1573566945002778 41966
I : 236 184 1573566945002795 1573566945044197 41402
I : 237 184 1573566945044212 1573566945085201 40989
I : 238 185 1573566945085237 1573566945128053 42816
I : 239 185 1573566945128068 1573566945169605 41537
I : 240 186 1573566945169643 1573566945211743 42100
I : 241 186 1573566945211779 1573566945254665 42886
I : 242 187 1573566945254682 1573566945295869 41187
I : 243 187 1573566945295905 1573566945338077 42172
I : 244 188 1573566945338095 1573566945379514 41419
I : 245 188 1573566945379550 1573566945421759 42209
I : 246 189 1573566945421797 1573566945464759 42962
I : 247 189 1573566945464796 1573566945506749 41953
I : 248 190 1573566945506765 1573566945547987 41222
I : 249 190 1573566945548018 1573566945590358 42340
I : 250 191 1573566945590397 1573566945632389 41992
I : 251 191 1573566945632425 1573566945674714 42289
I : 252 192 1573566945674753 1573566945716834 42081
I : 253 192 1573566945716870 1573566945759591 42721
I : 254 193 1573566945759608 1573566945800947 41339
I : 255 193 1573566945800981 1573566945843623 42642
I : 256 194 1573566945843639 1573566945885214 41575
I : 257 194 1573566945885248 1573566945927456 42208
I : 258 195 1573566945927497 1573566945969615 42118
I : 259 195 1573566945969651 1573566946012364 42713
I : 260 196 1573566946012381 1573566946053880 41499
I : 261 196 1573566946053916 1573566946096198 42282
I : 262 197 1573566946096237 1573566946139099 42862
I : 263 197 1573566946139115 1573566946180346 41231
I : 264 198 1573566946180384 1573566946222768 42384
I : 265 198 1573566946222804 1573566946265449 42645
I : 266 199 1573566946265468 1573566946306971 41503
I : 267 199 1573566946307007 1573566946349552 42545
I : 268 200 1573566946349584 1573566946391036 41452
I : 269 200 1573566946391063 1573566946433269 42206
I : 270 201 1573566946433309 1573566946475797 42488
I : 271 201 1573566946475833 1573566946518524 42691
I : 272 202 1573566946518542 1573566946614676 96134
I : 273 202 1573566946614700 1573566946656989 42289
I : 274 203 1573566946657028 1573566946735309 78281
I : 275 203 1573566946735335 1573566946777222 41887
I : 276 204 1573566946777233 1573566946855782 78549
I : 277 204 1573566946855797 1573566946897114 41317
I : 278 205 1573566946897167 1573566946976435 79268
I : 279 205 1573566946976471 1573566947018531 42060
I : 280 206 1573566947018547 1573566947097025 78478
I : 281 206 1573566947097061 1573566947139734 42673
I : 282 207 1573566947139754 1573566947217275 77521
I : 283 207 1573566947217300 1573566947259812 42512
I : 284 208 1573566947259971 1573566947340372 80401
I : 285 208 1573566947340409 1573566947383188 42779
I : 286 209 1573566947383225 1573566947461654 78429
I : 287 209 1573566947461689 1573566947503881 42192
I : 288 210 1573566947503917 1573566947582342 78425
I : 289 210 1573566947582378 1573566947624729 42351
I : 290 211 1573566947624766 1573566947703874 79108
I : 291 211 1573566947703910 1573566947745926 42016
I : 292 212 1573566947751135 1573566948002805 251670
I : 293 212 1573566948002828 1573566948044767 41939
I : 294 212 1573566948044807 1573566948085813 41006
I : 295 213 1573566948085825 1573566948127272 41447
I : 296 213 1573566948127300 1573566948169662 42362
I : 297 213 1573566948169688 1573566948211604 41916
I : 298 214 1573566948211633 1573566948254689 43056
I : 299 214 1573566948254698 1573566948295800 41102
I : 300 214 1573566948295827 1573566948337964 42137
I : 301 215 1573566948337982 1573566948382253 44271
I : 302 215 1573566948382279 1573566948424661 42382
I : 303 215 1573566948424688 1573566948466587 41899
I : 304 216 1573566948466614 1573566948512511 45897
I : 305 216 1573566948512530 1573566948553854 41324
I : 306 216 1573566948553880 1573566948595982 42102
I : 307 217 1573566948596009 1573566948639119 43110
I : 308 217 1573566948639137 1573566948680253 41116
I : 309 217 1573566948680279 1573566948722634 42355
I : 310 218 1573566948722660 1573566948765457 42797
I : 311 218 1573566948765474 1573566948806736 41262
I : 312 218 1573566948806763 1573566948848891 42128
I : 313 219 1573566948848919 1573566948891265 42346
I : 314 219 1573566948891290 1573566948933251 41961
I : 315 219 1573566948933277 1573566948975580 42303
I : 316 220 1573566948975611 1573566949027108 51497
I : 317 220 1573566949027141 1573566949069549 42408
I : 318 220 1573566949069575 1573566949111461 41886
I : 319 221 1573566949111488 1573566949155018 43530
I : 320 221 1573566949155054 1573566949197212 42158
I : 321 221 1573566949197324 1573566949239393 42069
I : 322 222 1573566949239405 1573566949283988 44583
I : 323 222 1573566949284010 1573566949325789 41779
I : 324 222 1573566949325802 1573566949367479 41677
I : 325 223 1573566949367505 1573566949408932 41427
I : 326 223 1573566949408958 1573566949450924 41966
I : 327 223 1573566949450960 1573566949493899 42939
I : 328 224 1573566949493913 1573566949535065 41152
I : 329 224 1573566949535083 1573566949576677 41594
I : 330 224 1573566949576689 1573566949617380 40691
I : 331 225 1573566949617399 1573566949658840 41441
I : 332 225 1573566949658876 1573566949701119 42243
I : 333 225 1573566949701153 1573566949742744 41591
I : 334 226 1573566949742749 1573566949783996 41247
I : 335 226 1573566949784013 1573566949825463 41450
I : 336 226 1573566949825490 1573566949867479 41989
I : 337 227 1573566949867485 1573566949908534 41049
I : 338 227 1573566949908544 1573566949949804 41260
I : 339 227 1573566949949830 1573566949991814 41984
I : 340 228 1573566949991825 1573566950033143 41318
I : 341 228 1573566950033169 1573566950075558 42389
I : 342 228 1573566950075583 1573566950118234 42651
I : 343 229 1573566950118243 1573566950159641 41398
I : 344 229 1573566950159669 1573566950201936 42267
I : 345 229 1573566950201965 1573566950243816 41851
I : 346 230 1573566950243844 1573566950285894 42050
I : 347 230 1573566950285905 1573566950327353 41448
I : 348 230 1573566950327382 1573566950369562 42180
I : 349 231 1573566950369591 1573566950414212 44621
I : 350 231 1573566950414224 1573566950455830 41606
I : 351 231 1573566950455856 1573566950498534 42678
I : 352 232 1573566950498545 1573566950540162 41617
I : 353 232 1573566950540188 1573566950582224 42036
I : 354 232 1573566950582251 1573566950624219 41968
I : 355 233 1573566950624227 1573566950665493 41266
I : 356 233 1573566950665520 1573566950707528 42008
I : 357 233 1573566950707536 1573566950748839 41303
I : 358 234 1573566950748867 1573566950791862 42995
I : 359 234 1573566950791872 1573566950833186 41314
I : 360 234 1573566950833216 1573566950875529 42313
I : 361 235 1573566950875560 1573566950919213 43653
I : 362 235 1573566950919223 1573566950960628 41405
I : 363 235 1573566950960653 1573566951002523 41870
I : 364 236 1573566951002535 1573566951044018 41483
I : 365 236 1573566951044045 1573566951086270 42225
I : 366 236 1573566951086298 1573566951128877 42579
I : 367 237 1573566951128885 1573566951170366 41481
I : 368 237 1573566951170391 1573566951212204 41813
I : 369 237 1573566951212214 1573566951253762 41548
I : 370 238 1573566951253789 1573566951296558 42769
I : 371 238 1573566951296567 1573566951337960 41393
I : 372 238 1573566951337978 1573566951379233 41255
I : 373 239 1573566951379262 1573566951423201 43939
I : 374 239 1573566951423212 1573566951464532 41320
I : 375 239 1573566951464558 1573566951506522 41964
I : 376 240 1573566951506534 1573566951547781 41247
I : 377 240 1573566951547807 1573566951590240 42433
I : 378 240 1573566951590270 1573566951632251 41981
I : 379 241 1573566951632278 1573566951674378 42100
I : 380 241 1573566951674406 1573566951716643 42237
I : 381 241 1573566951716670 1573566951759084 42414
I : 382 242 1573566951759123 1573566951816483 57360
I : 383 242 1573566951816496 1573566951857644 41148
I : 384 242 1573566951857663 1573566951898848 41185
I : 385 243 1573566951898854 1573566951939836 40982
I : 386 243 1573566951939851 1573566951981426 41575
I : 387 243 1573566951981462 1573566952023683 42221
I : 388 244 1573566952023697 1573566952064208 40511
I : 389 244 1573566952064226 1573566952105897 41671
I : 390 244 1573566952105923 1573566952147826 41903
I : 391 245 1573566952147853 1573566952190096 42243
I : 392 245 1573566952190113 1573566952231378 41265
I : 393 245 1573566952231432 1573566952273476 42044
I : 394 246 1573566952273482 1573566952314481 40999
I : 395 246 1573566952314500 1573566952355852 41352
I : 396 246 1573566952355886 1573566952397844 41958
I : 397 247 1573566952397870 1573566952439929 42059
I : 398 247 1573566952439946 1573566952481133 41187
I : 399 247 1573566952481158 1573566952523452 42294
I : 400 248 1573566952523471 1573566952565393 41922
I : 401 248 1573566952565414 1573566952606764 41350
I : 402 248 1573566952606790 1573566952649409 42619
I : 403 249 1573566952649420 1573566952691161 41741
I : 404 249 1573566952691186 1573566952733188 42002
I : 405 249 1573566952733214 1573566952775463 42249
I : 406 250 1573566952775494 1573566952818322 42828
I : 407 250 1573566952818337 1573566952859531 41194
I : 408 250 1573566952859552 1573566952901886 42334
I : 409 251 1573566952901917 1573566952946775 44858
I : 410 251 1573566952946799 1573566952989208 42409
I : 411 251 1573566952989232 1573566953031160 41928
I : 412 252 1573566953031192 1573566953074493 43301
I : 413 252 1573566953074516 1573566953115301 40785
I : 414 252 1573566953115319 1573566953156689 41370
I : 415 253 1573566953156706 1573566953205148 48442
I : 416 253 1573566953205181 1573566953248046 42865
I : 417 253 1573566953248082 1573566953290193 42111
I : 418 254 1573566953290220 1573566953334308 44088
I : 419 254 1573566953334321 1573566953375276 40955
I : 420 254 1573566953375295 1573566953416593 41298
I : 421 255 1573566953416621 1573566953460401 43780
I : 422 255 1573566953460425 1573566953502900 42475
I : 423 255 1573566953502936 1573566953545645 42709
I : 424 256 1573566953545671 1573566953588313 42642
I : 425 256 1573566953588326 1573566953629013 40687
I : 426 256 1573566953629031 1573566953670521 41490
I : 427 257 1573566953670548 1573566953713471 42923
I : 428 257 1573566953713488 1573566953754952 41464
I : 429 257 1573566953754989 1573566953796853 41864
I : 430 258 1573566953796879 1573566953839129 42250
I : 431 258 1573566953839155 1573566953881370 42215
I : 432 258 1573566953881407 1573566953923519 42112
I : 433 259 1573566953923546 1573566953968484 44938
I : 434 259 1573566953968510 1573566954010402 41892
I : 435 259 1573566954010429 1573566954052767 42338
I : 436 260 1573566954052800 1573566954096989 44189
I : 437 260 1573566954097002 1573566954138132 41130
I : 438 260 1573566954138150 1573566954179208 41058
I : 439 261 1573566954179234 1573566954223351 44117
I : 440 261 1573566954223367 1573566954264404 41037
I : 441 261 1573566954264441 1573566954306833 42392
I : 442 262 1573566954306857 1573566954349052 42195
I : 443 262 1573566954349064 1573566954390013 40949
I : 444 262 1573566954390032 1573566954431223 41191
I : 445 263 1573566954431250 1573566954475412 44162
I : 446 263 1573566954475428 1573566954516670 41242
I : 447 263 1573566954516704 1573566954558906 42202
I : 448 264 1573566954558919 1573566954599602 40683
I : 449 264 1573566954599633 1573566954641119 41486
I : 450 264 1573566954641143 1573566954683155 42012
I : 451 265 1573566954683181 1573566954725353 42172
I : 452 265 1573566954725370 1573566954766551 41181
I : 453 265 1573566954766586 1573566954808776 42190
I : 454 266 1573566954808782 1573566954849554 40772
I : 455 266 1573566954849572 1573566954891211 41639
I : 456 266 1573566954891235 1573566954933177 41942
I : 457 267 1573566954933195 1573566954975269 42074
I : 458 267 1573566954975285 1573566955016433 41148
I : 459 267 1573566955016457 1573566955058762 42305
I : 460 268 1573566955058794 1573566955103914 45120
I : 461 268 1573566955103949 1573566955145762 41813
I : 462 268 1573566955145786 1573566955186834 41048
I : 463 269 1573566955186843 1573566955233288 46445
I : 464 269 1573566955233301 1573566955274392 41091
I : 465 269 1573566955274411 1573566955315505 41094
I : 466 270 1573566955315510 1573566955356464 40954
I : 467 270 1573566955356483 1573566955397875 41392
I : 468 270 1573566955397899 1573566955440117 42218
I : 469 271 1573566955440123 1573566955480967 40844
I : 470 271 1573566955480986 1573566955522557 41571
I : 471 271 1573566955522582 1573566955564140 41558
I : 472 272 1573566955564149 1573566955605774 41625
I : 473 272 1573566955605798 1573566955647748 41950
I : 474 272 1573566955647773 1573566955690121 42348
I : 475 273 1573566955690149 1573566955732096 41947
I : 476 273 1573566955732121 1573566955774463 42342
I : 477 273 1573566955774487 1573566955816495 42008
I : 478 274 1573566955816523 1573566955867410 50887
I : 479 274 1573566955867466 1573566955909103 41637
I : 480 274 1573566955909137 1573566955950908 41771
I : 481 275 1573566955950922 1573566955992114 41192
I : 482 275 1573566955992133 1573566956033236 41103
I : 483 275 1573566956033269 1573566956075481 42212
I : 484 276 1573566956075506 1573566956117330 41824
I : 485 276 1573566956117347 1573566956158942 41595
I : 486 276 1573566956158976 1573566956200837 41861
I : 487 277 1573566956200861 1573566956243376 42515
I : 488 277 1573566956243435 1573566956285303 41868
I : 489 277 1573566956285337 1573566956327052 41715
I : 490 278 1573566956327076 1573566956370590 43514
I : 491 278 1573566956370624 1573566956412756 42132
I : 492 278 1573566956412790 1573566956454759 41969
I : 493 279 1573566956454783 1573566956496758 41975
I : 494 279 1573566956496777 1573566956538336 41559
I : 495 279 1573566956538370 1573566956580174 41804
I : 496 280 1573566956580198 1573566956622341 42143
I : 497 280 1573566956622356 1573566956663547 41191
I : 498 280 1573566956663581 1573566956706016 42435
I : 499 281 1573566956706053 1573566956747785 41732
I : 500 281 1573566956747820 1573566956790424 42604
I : 501 281 1573566956790458 1573566956832267 41809
