D : 1 1 1573566934550848 1573566934587663 36815 30168
D : 2 2 1573566934587683 1573566934625931 38248 30224
D : 3 3 1573566934625939 1573566934666012 40073 30195
D : 4 4 1573566934666030 1573566934706791 40761 30220
D : 5 5 1573566934706831 1573566934754614 47783 30252
D : 6 6 1573566934754630 1573566934792627 37997 30231
D : 7 7 1573566934792646 1573566934836751 44105 30301
D : 8 8 1573566934836768 1573566934883349 46581 30413
D : 9 9 1573566934883376 1573566934921779 38403 30350
D : 10 10 1573566934921816 1573566934963780 41964 30122
D : 11 11 1573566934963795 1573566935003305 39510 30166
D : 12 12 1573566935003349 1573566935059743 56394 30206
D : 13 13 1573566935059782 1573566935102396 42614 30197
D : 14 14 1573566935102425 1573566935139612 37187 30171
D : 15 15 1573566935139657 1573566935180797 41140 30320
D : 16 16 1573566935180839 1573566935222718 41879 30178
D : 17 17 1573566935222748 1573566935271054 48306 30210
D : 18 18 1573566935271081 1573566935307808 36727 30157
D : 19 19 1573566935307842 1573566935351339 43497 30342
D : 20 20 1573566935351380 1573566935399263 47883 30207
D : 21 21 1573566935399290 1573566935435440 36150 30347
D : 22 22 1573566935435482 1573566935478298 42816 30440
D : 23 23 1573566935478343 1573566935517514 39171 30262
D : 24 24 1573566935517547 1573566935560726 43179 30257
D : 25 25 1573566935560767 1573566935600858 40091 30221
D : 26 26 1573566935600878 1573566935642513 41635 30160
D : 27 27 1573566935642541 1573566935689757 47216 30207
D : 28 28 1573566935689812 1573566935728114 38302 30160
D : 29 29 1573566935728127 1573566935770301 42174 30328
D : 30 30 1573566935770344 1573566935815725 45381 30170
D : 31 31 1573566935815769 1573566935859482 43713 30184
D : 32 32 1573566935859525 1573566935907430 47905 30187
D : 33 33 1573566935907466 1573566935943659 36193 30163
D : 34 34 1573566935943691 1573566935986589 42898 30284
D : 35 35 1573566935986633 1573566936025663 39030 30135
D : 36 36 1573566936025694 1573566936070091 44397 30243
D : 37 37 1573566936070110 1573566936110287 40177 30176
D : 38 38 1573566936110329 1573566936156928 46599 30202
D : 39 39 1573566936156972 1573566936199088 42116 30350
D : 40 40 1573566936199133 1573566936237543 38410 30351
D : 41 41 1573566936237561 1573566936278819 41258 30298
D : 42 42 1573566936278860 1573566936325121 46261 30184
D : 43 43 1573566936325164 1573566936367872 42708 30170
D : 44 44 1573566936367912 1573566936416325 48413 30176
D : 45 45 1573566936416353 1573566936452457 36104 30312
D : 46 46 1573566936452501 1573566936495632 43131 30281
D : 47 47 1573566936495677 1573566936534256 38579 30387
D : 48 48 1573566936534274 1573566936576227 41953 30157
D : 49 49 1573566936576269 1573566936616866 40597 30258
D : 50 50 1573566936616885 1573566936658348 41463 30157
D : 51 51 1573566936658389 1573566936705051 46662 30350
D : 52 52 1573566936705091 1573566936747363 42272 30361
D : 53 53 1573566936747433 1573566936787661 40228 30089
D : 54 54 1573566936787681 1573566936826167 38486 30161
D : 55 55 1573566936826206 1573566936873107 46901 30085
D : 56 56 1573566936873144 1573566936910924 37780 30234
D : 57 57 1573566936910959 1573566936953713 42754 30265
D : 58 58 1573566936953731 1573566936992249 38518 30153
D : 59 59 1573566936992290 1573566937036848 44558 30229
D : 60 60 1573566937036865 1573566937078661 41796 30306
D : 61 61 1573566937078699 1573566937119695 40996 30086
D : 62 62 1573566937119713 1573566937160551 40838 30157
D : 63 63 1573566937160588 1573566937207305 46717 30211
D : 64 64 1573566937207346 1573566937246544 39198 30333
D : 65 65 1573566937246563 1573566937287663 41100 30372
D : 66 66 1573566937287702 1573566937332908 45206 30175
D : 67 67 1573566937332948 1573566937372995 40047 30358
D : 68 68 1573566937373014 1573566937414745 41731 30306
D : 69 69 1573566937414786 1573566937459409 44623 30203
D : 70 70 1573566937459453 1573566937502006 42553 30363
D : 71 71 1573566937502047 1573566937540714 38667 30081
D : 72 72 1573566937540730 1573566937582957 42227 30206
D : 73 73 1573566937582992 1573566937634177 51185 30207
D : 74 74 1573566937634204 1573566937672185 37981 30216
D : 75 75 1573566937672247 1573566937712873 40626 30209
D : 76 76 1573566937712916 1573566937752769 39853 30274
D : 77 77 1573566937752790 1573566937794247 41457 30267
D : 78 78 1573566937794290 1573566937839303 45013 30353
D : 79 79 1573566937839345 1573566937879004 39659 30296
D : 80 80 1573566937879022 1573566937920556 41534 30235
D : 81 81 1573566937920596 1573566937965313 44717 30321
D : 82 82 1573566937965354 1573566938007631 42277 30282
D : 83 83 1573566938007673 1573566938046963 39290 30289
D : 84 84 1573566938046981 1573566938089297 42316 30308
D : 85 85 1573566938089338 1573566938128545 39207 30158
D : 86 86 1573566938128566 1573566938172161 43595 30255
D : 87 87 1573566938172202 1573566938215261 43059 30299
D : 88 88 1573566938215279 1573566938254669 39390 30288
D : 89 89 1573566938254708 1573566938307229 52521 30116
D : 90 90 1573566938307238 1573566938337753 30515 30266
D : 91 91 1573566938337783 1573566938386251 48468 30351
D : 92 92 1573566938386294 1573566938434251 47957 30207
D : 93 93 1573566938434278 1573566938470014 35736 30214
D : 94 94 1573566938470054 1573566938509052 38998 30360
D : 95 95 1573566938509071 1573566938549189 40118 30291
D : 96 96 1573566938549231 1573566938603004 53773 30206
D : 97 97 1573566938603031 1573566938635023 31992 30300
D : 98 98 1573566938635040 1573566938675734 40694 30116
D : 99 99 1573566938675775 1573566938722808 47033 30358
D : 100 100 1573566938722851 1573566938765278 42427 30343
D : 101 101 1573566938765320 1573566938805738 40418 30294
D : 102 102 1573566938805756 1573566938844274 38518 30323
D : 103 103 1573566938844316 1573566938892302 47986 30377
D : 104 104 1573566938892344 1573566938940110 47766 30223
D : 105 105 1573566938940138 1573566938976587 36449 30316
D : 106 106 1573566938976629 1573566939015681 39052 30088
D : 107 107 1573566939015700 1573566939055001 39301 30280
D : 108 108 1573566939055036 1573566939109270 54234 30166
D : 109 109 1573566939109291 1573566939140548 31257 30258
D : 110 110 1573566939140567 1573566939182920 42353 30409
D : 111 111 1573566939182961 1573566939226294 43333 30327
D : 112 112 1573566939226312 1573566939295680 69368 60329
D : 113 113 1573566939295697 1573566939356031 60334 60307
D : 114 114 1573566939356073 1573566939416569 60496 60476
D : 115 115 1573566939416591 1573566939477004 60413 60385
D : 116 116 1573566939477045 1573566939537342 60297 60276
D : 117 117 1573566939537367 1573566939597828 60461 60434
D : 118 118 1573566939597870 1573566939658118 60248 60227
D : 119 119 1573566939658146 1573566939718628 60482 60454
D : 120 120 1573566939718670 1573566939779099 60429 60399
D : 121 121 1573566939779131 1573566939839624 60493 60473
D : 122 122 1573566939839647 1573566939900092 60445 60417
D : 123 123 1573566939900133 1573566939960639 60506 60490
D : 124 124 1573566939960655 1573566940020841 60186 60168
D : 125 125 1573566940020872 1573566940081220 60348 60321
D : 126 126 1573566940081369 1573566940143088 61719 61680
D : 127 127 1573566940143131 1573566940204032 60901 60877
D : 128 128 1573566940204060 1573566940264749 60689 60659
D : 129 129 1573566940264791 1573566940325718 60927 60892
D : 130 130 1573566940325763 1573566940386504 60741 60706
D : 131 131 1573566940386549 1573566940447529 60980 60946
D : 132 132 1573566940495004 1573566940606854 111850 60324
D : 133 133 1573566940606896 1573566940689818 82922 60287
D : 134 134 1573566940689852 1573566940772670 82818 60328
D : 135 135 1573566940772709 1573566940856561 83852 60250
D : 136 136 1573566940856600 1573566940948856 92256 60347
D : 137 137 1573566940948875 1573566941023744 74869 60134
D : 138 138 1573566941023785 1573566941123970 100185 60236
D : 139 139 1573566941124013 1573566941202920 78907 60195
D : 140 140 1573566941202964 1573566941290245 87281 60365
D : 141 141 1573566941290263 1573566941362463 72200 60306
D : 142 142 1573566941362505 1573566941445952 83447 60285
D : 143 143 1573566941445986 1573566941540276 94290 60279
D : 144 144 1573566941540319 1573566941617036 76717 60171
D : 145 145 1573566941617076 1573566941700518 83442 60178
D : 146 146 1573566941700629 1573566941785397 84768 60268
D : 147 147 1573566941785441 1573566941868677 83236 60275
D : 148 148 1573566941868733 1573566941961786 93053 60410
D : 149 149 1573566941961828 1573566942038504 76676 60293
D : 150 150 1573566942038544 1573566942138652 100108 60268
D : 151 151 1573566942138681 1573566942216347 77666 60260
D : 152 152 1573566942216390 1573566942293735 77345 60387
D : 153 153 1573566942293770 1573566942385733 91963 60352
D : 154 154 1573566942385777 1573566942471245 85468 60283
D : 155 155 1573566942471288 1573566942547221 75933 60315
D : 156 156 1573566942547250 1573566942640929 93679 60288
D : 157 157 1573566942640972 1573566942716224 75252 60179
D : 158 158 1573566942716257 1573566942801080 84823 60265
D : 159 159 1573566942801115 1573566942884536 83421 60155
D : 160 160 1573566942884562 1573566942967239 82677 60181
D : 161 161 1573566942967268 1573566943052406 85138 60172
D : 162 162 1573566943052440 1573566943135053 82613 60322
D : 163 163 1573566943135086 1573566943219438 84352 60291
D : 164 164 1573566943219490 1573566943304949 85459 60232
D : 165 165 1573566943304979 1573566943387984 83005 60145
D : 166 166 1573566943388018 1573566943471452 83434 60183
D : 167 167 1573566943471485 1573566943565181 93696 60402
D : 168 168 1573566943565224 1573566943639642 74418 60200
D : 169 169 1573566943639675 1573566943734554 94879 60414
D : 170 170 1573566943734597 1573566943810722 76125 60254
D : 171 171 1573566943810757 1573566943902935 92178 60185
D : 172 172 1573566943902979 1573566943978592 75613 60309
D : 173 173 1573566943978625 1573566944071900 93275 60263
D : 174 174 1573566944071942 1573566944157847 85905 60423
D : 175 175 1573566944157890 1573566944233071 75181 60120
D : 176 176 1573566944233099 1573566944328357 95258 60255
D : 177 177 1573566944328373 1573566944397677 69304 60289
D : 178 178 1573566944397721 1573566944493951 96230 60419
D : 179 179 1573566944493994 1573566944578961 84967 60395
D : 180 180 1573566944579005 1573566944653449 74444 60154
D : 181 181 1573566944653483 1573566944748158 94675 60308
D : 182 182 1573566944748174 1573566944821225 73051 60300
D : 183 183 1573566944821242 1573566944904407 83165 60192
D : 184 184 1573566944904424 1573566944986728 82304 60211
D : 185 185 1573566944986745 1573566945070946 84201 60271
D : 186 186 1573566945070975 1573566945153758 82783 60178
D : 187 187 1573566945153786 1573566945248513 94727 60300
D : 188 188 1573566945248531 1573566945322177 73646 60331
D : 189 189 1573566945322195 1573566945405941 83746 60313
D : 190 190 1573566945405985 1573566945501066 95081 60423
D : 191 191 1573566945501084 1573566945574785 73701 60302
D : 192 192 1573566945574829 1573566945658929 84100 60181
D : 193 193 1573566945658972 1573566945754836 95864 60423
D : 194 194 1573566945754854 1573566945829000 74146 60309
D : 195 195 1573566945829016 1573566945910651 81635 60230
D : 196 196 1573566945910695 1573566946006600 95905 60445
D : 197 197 1573566946006619 1573566946080621 74002 60156
D : 198 198 1573566946080651 1573566946165425 84774 60308
D : 199 199 1573566946165454 1573566946259534 94080 60432
D : 200 200 1573566946259555 1573566946334503 74948 60314
D : 201 201 1573566946334520 1573566946415939 81419 60230
D : 202 202 1573566946415983 1573566946572519 156536 120520
D : 203 203 1573566946572562 1573566946692855 120293 120267
D : 204 204 1573566946692885 1573566946813457 120572 120544
D : 205 205 1573566946813490 1573566946933954 120464 120431
D : 206 206 1573566946933997 1573566947054579 120582 120554
D : 207 207 1573566947054611 1573566947175066 120455 120411
D : 208 208 1573566947175224 1573566947296427 121203 121168
D : 209 209 1573566947296469 1573566947417614 121145 121108
D : 210 210 1573566947417651 1573566947538871 121220 121181
D : 211 211 1573566947538909 1573566947660229 121320 121283
D : 212 212 1573566947751153 1573566947961532 210379 120140
D : 213 213 1573566947961540 1573566948084701 123161 120330
D : 214 214 1573566948084720 1573566948212080 127360 120160
D : 215 215 1573566948212110 1573566948340776 128666 120141
D : 216 216 1573566948340786 1573566948465726 124940 120208
D : 217 217 1573566948465757 1573566948593764 128007 120177
D : 218 218 1573566948593796 1573566948721024 127228 120095
D : 219 219 1573566948721048 1573566948847703 126655 120183
D : 220 220 1573566948847732 1573566948984830 137098 120290
D : 221 221 1573566948984859 1573566949111775 126916 120288
D : 222 222 1573566949111804 1573566949242999 131195 120384
D : 223 223 1573566949243015 1573566949363124 120109 120098
D : 224 224 1573566949363136 1573566949483273 120137 120117
D : 225 225 1573566949483295 1573566949610689 127394 120136
D : 226 226 1573566949610698 1573566949736045 125347 120122
D : 227 227 1573566949736084 1573566949864701 128617 120187
D : 228 228 1573566949864728 1573566949989176 124448 120143
D : 229 229 1573566949989186 1573566950115483 126297 120215
D : 230 230 1573566950115492 1573566950242678 127186 120152
D : 231 231 1573566950242710 1573566950371434 128724 120197
D : 232 232 1573566950371461 1573566950498234 126773 120143
D : 233 233 1573566950498245 1573566950622876 124631 120168
D : 234 234 1573566950622888 1573566950749183 126295 120110
D : 235 235 1573566950749209 1573566950876419 127210 120181
D : 236 236 1573566950876444 1573566951002522 126078 120140
D : 237 237 1573566951002532 1573566951126727 124195 120205
D : 238 238 1573566951126734 1573566951253780 127046 120113
D : 239 239 1573566951253805 1573566951380734 126929 120159
D : 240 240 1573566951380759 1573566951506387 125628 120142
D : 241 241 1573566951506396 1573566951630925 124529 120188
D : 242 242 1573566951630958 1573566951773894 142936 120199
D : 243 243 1573566951773924 1573566951898425 124501 120455
D : 244 244 1573566951898440 1573566952018659 120219 120197
D : 245 245 1573566952018689 1573566952141422 122733 120174
D : 246 246 1573566952141454 1573566952271409 129955 120059
D : 247 247 1573566952271417 1573566952393523 122106 120174
D : 248 248 1573566952393551 1573566952524516 130965 120199
D : 249 249 1573566952524522 1573566952644706 120184 120176
D : 250 250 1573566952644715 1573566952772911 128196 120117
D : 251 251 1573566952772945 1573566952904271 131326 120167
D : 252 252 1573566952904293 1573566953031126 126833 120175
D : 253 253 1573566953031156 1573566953162590 131434 120271
D : 254 254 1573566953162618 1573566953291934 129316 120155
D : 255 255 1573566953291960 1573566953417559 125599 120282
D : 256 256 1573566953417587 1573566953544351 126764 120251
D : 257 257 1573566953544378 1573566953671768 127390 120325
D : 258 258 1573566953671773 1573566953794195 122422 120097
D : 259 259 1573566953794219 1573566953926007 131788 120290
D : 260 260 1573566953926035 1573566954054029 127994 120292
D : 261 261 1573566954054059 1573566954181722 127663 120251
D : 262 262 1573566954181728 1573566954303785 122057 120110
D : 263 263 1573566954303810 1573566954433598 129788 120277
D : 264 264 1573566954433627 1573566954556238 122611 120127
D : 265 265 1573566954556243 1573566954677537 121294 120181
D : 266 266 1573566954677569 1573566954807969 130400 120096
D : 267 267 1573566954807974 1573566954930177 122203 120183
D : 268 268 1573566954930205 1573566955061287 131082 120171
D : 269 269 1573566955061314 1573566955191156 129842 120442
D : 270 270 1573566955191180 1573566955311376 120196 120177
D : 271 271 1573566955311426 1573566955436095 124669 120140
D : 272 272 1573566955436121 1573566955562270 126149 120145
D : 273 273 1573566955562279 1573566955686098 123819 120145
D : 274 274 1573566955686124 1573566955825580 139456 120377
D : 275 275 1573566955825596 1573566955945768 120172 120149
D : 276 276 1573566955945795 1573566956068063 122268 120166
D : 277 277 1573566956068092 1573566956198024 129932 120157
D : 278 278 1573566956198051 1573566956327489 129438 120254
D : 279 279 1573566956327515 1573566956455008 127493 120279
D : 280 280 1573566956455035 1573566956577468 122433 120158
D : 281 281 1573566956577494 1573566956703275 125781 120156
Z3 : 1 132 1573566940494956 1573566940577884 82928 30290
Z3 : 2 133 1573566940577930 1573566940689810 111880 60201
Z3 : 3 134 1573566940689852 1573566940771611 81759 60296
Z3 : 4 135 1573566940771663 1573566940857212 85549 60299
Z3 : 5 136 1573566940857252 1573566940949052 91800 60550
Z3 : 6 137 1573566940949058 1573566941023886 74828 60289
Z3 : 7 138 1573566941023904 1573566941124333 100429 60610
Z3 : 8 139 1573566941124363 1573566941203328 78965 60613
Z3 : 9 140 1573566941203380 1573566941285763 82383 60761
Z3 : 10 141 1573566941285781 1573566941362618 76837 60111
Z3 : 11 142 1573566941362655 1573566941445945 83290 60285
Z3 : 12 143 1573566941445986 1573566941540266 94280 60279
Z3 : 13 144 1573566941540319 1573566941617027 76708 60164
Z3 : 14 145 1573566941617076 1573566941700512 83436 60178
Z3 : 15 146 1573566941700552 1573566941784006 83454 60153
Z3 : 16 147 1573566941784047 1573566941868748 84701 60092
Z3 : 17 148 1573566941868766 1573566941961777 93011 60410
Z3 : 18 149 1573566941961828 1573566942038495 76667 60293
Z3 : 19 150 1573566942038544 1573566942138643 100099 60264
Z3 : 20 151 1573566942138681 1573566942216337 77656 60262
Z3 : 21 152 1573566942216390 1573566942292383 75993 60141
Z3 : 22 153 1573566942292419 1573566942386889 94470 60187
Z3 : 23 154 1573566942386932 1573566942471236 84304 60283
Z3 : 24 155 1573566942471288 1573566942547216 75928 60315
Z3 : 25 156 1573566942547250 1573566942640919 93669 60288
Z3 : 26 157 1573566942640972 1573566942716217 75245 60179
Z3 : 27 158 1573566942716257 1573566942799539 83282 60210
Z3 : 28 159 1573566942799576 1573566942884591 85015 60083
Z3 : 29 160 1573566942884602 1573566942967233 82631 60181
Z3 : 30 161 1573566942967268 1573566943052399 85131 60172
Z3 : 31 162 1573566943052440 1573566943135045 82605 60322
Z3 : 32 163 1573566943135086 1573566943219438 84352 60346
Z3 : 33 164 1573566943219490 1573566943303820 84330 60156
Z3 : 34 165 1573566943303849 1573566943388177 84328 60088
Z3 : 35 166 1573566943388192 1573566943471445 83253 60183
Z3 : 36 167 1573566943471485 1573566943565171 93686 60402
Z3 : 37 168 1573566943565224 1573566943639634 74410 60183
Z3 : 38 169 1573566943639675 1573566943734544 94869 60397
Z3 : 39 170 1573566943734597 1573566943809515 74918 60249
Z3 : 40 171 1573566943809548 1573566943904626 95078 60347
Z3 : 41 172 1573566943904670 1573566943978584 73914 60309
Z3 : 42 173 1573566943978625 1573566944071889 93264 60263
Z3 : 43 174 1573566944071942 1573566944157838 85896 60423
Z3 : 44 175 1573566944157890 1573566944233065 75175 60120
Z3 : 45 176 1573566944233099 1573566944322171 89072 60391
Z3 : 46 177 1573566944322187 1573566944397841 75654 60101
Z3 : 47 178 1573566944397862 1573566944493941 96079 60396
Z3 : 48 179 1573566944493994 1573566944578952 84958 60395
Z3 : 49 180 1573566944579005 1573566944653443 74438 60154
Z3 : 50 181 1573566944653483 1573566944748154 94671 60308
Z3 : 51 182 1573566944748174 1573566944819537 71363 60342
Z3 : 52 183 1573566944819555 1573566944904473 84918 60097
Z3 : 53 184 1573566944904478 1573566944986726 82248 60211
Z3 : 54 185 1573566944986745 1573566945069471 82726 60322
Z3 : 55 186 1573566945069500 1573566945153753 84253 60178
Z3 : 56 187 1573566945153786 1573566945248509 94723 60300
Z3 : 57 188 1573566945248531 1573566945320231 71700 60190
Z3 : 58 189 1573566945320247 1573566945409069 88822 60288
Z3 : 59 190 1573566945409112 1573566945501063 91951 60423
Z3 : 60 191 1573566945501084 1573566945571763 70679 60112
Z3 : 61 192 1573566945571809 1573566945658919 87110 60181
Z3 : 62 193 1573566945658972 1573566945754833 95861 60435
Z3 : 63 194 1573566945754854 1573566945825981 71127 60187
Z3 : 64 195 1573566945825997 1573566945912771 86774 60167
Z3 : 65 196 1573566945912811 1573566946006596 93785 60445
Z3 : 66 197 1573566946006619 1573566946078102 71483 60287
Z3 : 67 198 1573566946078148 1573566946165419 87271 60308
Z3 : 68 199 1573566946165454 1573566946259531 94077 60432
Z3 : 69 200 1573566946259555 1573566946331507 71952 60348
Z3 : 70 201 1573566946331524 1573566946418339 86815 60235
Z3 : 71 202 1573566946418384 1573566946572509 154125 120520
Z3 : 72 203 1573566946572562 1573566946692846 120284 120270
Z3 : 73 204 1573566946692885 1573566946813450 120565 120544
Z3 : 74 205 1573566946813490 1573566946933945 120455 120431
Z3 : 75 206 1573566946933997 1573566947054572 120575 120554
Z3 : 76 207 1573566947054611 1573566947175042 120431 120411
Z3 : 77 208 1573566947175224 1573566947296417 121193 121168
Z3 : 78 209 1573566947296469 1573566947417603 121134 121108
Z3 : 79 210 1573566947417652 1573566947538859 121207 121181
Z3 : 80 211 1573566947538909 1573566947660218 121309 121283
Z3 : 81 212 1573566947751153 1573566947961530 210377 120140
Z3 : 82 213 1573566947961540 1573566948084697 123157 120330
Z3 : 83 214 1573566948084720 1573566948211551 126831 120292
Z3 : 84 215 1573566948211595 1573566948340773 129178 120141
Z3 : 85 216 1573566948340786 1573566948465714 124928 120208
Z3 : 86 217 1573566948465757 1573566948593755 127998 120177
Z3 : 87 218 1573566948593796 1573566948720619 126823 120107
Z3 : 88 219 1573566948720660 1573566948847691 127031 120183
Z3 : 89 220 1573566948847732 1573566948984821 137089 120290
Z3 : 90 221 1573566948984859 1573566949111767 126908 120288
Z3 : 91 222 1573566949111804 1573566949239391 127587 120235
Z3 : 92 223 1573566949239405 1573566949359506 120101 120094
Z3 : 93 224 1573566949359519 1573566949483213 123694 120173
Z3 : 94 225 1573566949483255 1573566949610686 127431 120136
Z3 : 95 226 1573566949610698 1573566949735043 124345 120265
Z3 : 96 227 1573566949735090 1573566949864689 129599 120187
Z3 : 97 228 1573566949864728 1573566949989172 124444 120143
Z3 : 98 229 1573566949989186 1573566950115480 126294 120215
Z3 : 99 230 1573566950115492 1573566950241825 126333 120288
Z3 : 100 231 1573566950241871 1573566950371422 129551 120193
Z3 : 101 232 1573566950371462 1573566950498231 126769 120143
Z3 : 102 233 1573566950498245 1573566950622873 124628 120168
Z3 : 103 234 1573566950622888 1573566950747988 125100 120148
Z3 : 104 235 1573566950748024 1573566950876406 128382 120181
Z3 : 105 236 1573566950876444 1573566951002520 126076 120140
Z3 : 106 237 1573566951002532 1573566951126724 124192 120205
Z3 : 107 238 1573566951126734 1573566951252646 125912 120130
Z3 : 108 239 1573566951252690 1573566951380722 128032 120159
Z3 : 109 240 1573566951380759 1573566951506384 125625 120142
Z3 : 110 241 1573566951506396 1573566951630916 124520 120188
Z3 : 111 242 1573566951630958 1573566951769394 138436 120213
Z3 : 112 243 1573566951769433 1573566951898422 128989 120455
Z3 : 113 244 1573566951898440 1573566952018651 120211 120197
Z3 : 114 245 1573566952018689 1573566952141414 122725 120174
Z3 : 115 246 1573566952141454 1573566952270590 129136 120101
Z3 : 116 247 1573566952270627 1573566952393510 122883 120174
Z3 : 117 248 1573566952393551 1573566952524514 130963 120199
Z3 : 118 249 1573566952524522 1573566952644702 120180 120176
Z3 : 119 250 1573566952644715 1573566952771551 126836 120309
Z3 : 120 251 1573566952771597 1573566952904259 132662 120167
Z3 : 121 252 1573566952904293 1573566953031119 126826 120175
Z3 : 122 253 1573566953031156 1573566953162583 131427 120271
Z3 : 123 254 1573566953162618 1573566953288119 125501 120175
Z3 : 124 255 1573566953288159 1573566953417552 129393 120282
Z3 : 125 256 1573566953417587 1573566953544344 126757 120251
Z3 : 126 257 1573566953544378 1573566953671765 127387 120324
Z3 : 127 258 1573566953671773 1573566953793329 121556 120102
Z3 : 128 259 1573566953793367 1573566953925998 132631 120290
Z3 : 129 260 1573566953926035 1573566954054021 127986 120292
Z3 : 130 261 1573566954054059 1573566954181720 127661 120251
Z3 : 131 262 1573566954181728 1573566954302802 121074 120119
Z3 : 132 263 1573566954302842 1573566954433590 130748 120277
Z3 : 133 264 1573566954433627 1573566954556236 122609 120127
Z3 : 134 265 1573566954556243 1573566954677528 121285 120181
Z3 : 135 266 1573566954677569 1573566954807179 129610 120103
Z3 : 136 267 1573566954807215 1573566954930164 122949 120183
Z3 : 137 268 1573566954930205 1573566955061280 131075 120171
Z3 : 138 269 1573566955061314 1573566955191152 129838 120442
Z3 : 139 270 1573566955191180 1573566955311369 120189 120177
Z3 : 140 271 1573566955311527 1573566955436084 124557 120116
Z3 : 141 272 1573566955436121 1573566955562267 126146 120145
Z3 : 142 273 1573566955562279 1573566955686090 123811 120140
Z3 : 143 274 1573566955686124 1573566955821550 135426 120172
Z3 : 144 275 1573566955821557 1573566955942400 120843 120146
Z3 : 145 276 1573566955942431 1573566956068056 125625 120166
Z3 : 146 277 1573566956068092 1573566956198016 129924 120156
Z3 : 147 278 1573566956198051 1573566956327481 129430 120258
Z3 : 148 279 1573566956327515 1573566956455001 127486 120279
Z3 : 149 280 1573566956455035 1573566956577460 122425 120158
Z3 : 150 281 1573566956577494 1573566956702259 124765 120354
Z4 : 1 212 1573566947751114 1573566947871582 120468 30504
Z4 : 2 213 1573566947871602 1573566948083459 211857 120368
Z4 : 3 214 1573566948083479 1573566948210290 126811 120454
Z4 : 4 215 1573566948210336 1573566948339869 129533 120187
Z4 : 5 216 1573566948339884 1573566948464109 124225 120411
Z4 : 6 217 1573566948464155 1573566948592770 128615 120116
Z4 : 7 218 1573566948592793 1573566948719880 127087 120119
Z4 : 8 219 1573566948719903 1573566948846799 126896 120118
Z4 : 9 220 1573566948846822 1573566948980309 133487 120228
Z4 : 10 221 1573566948980341 1573566949107230 126889 120216
Z4 : 11 222 1573566949107262 1573566949234152 126890 120214
Z4 : 12 223 1573566949234184 1573566949357077 122893 120097
Z4 : 13 224 1573566949357085 1573566949481546 124461 120307
Z4 : 14 225 1573566949481592 1573566949609893 128301 120091
Z4 : 15 226 1573566949609908 1573566949733419 123511 120239
Z4 : 16 227 1573566949733463 1573566949863432 129969 120112
Z4 : 17 228 1573566949863455 1573566949988534 125079 120260
Z4 : 18 229 1573566949988555 1573566950115026 126471 120413
Z4 : 19 230 1573566950115046 1573566950240227 125181 120247
Z4 : 20 231 1573566950240272 1573566950370543 130271 120101
Z4 : 21 232 1573566950370563 1573566950497450 126887 120087
Z4 : 22 233 1573566950497458 1573566950622062 124604 120316
Z4 : 23 234 1573566950622081 1573566950746598 124517 120281
Z4 : 24 235 1573566950746644 1573566950875428 128784 120097
Z4 : 25 236 1573566950875452 1573566951001826 126374 120095
Z4 : 26 237 1573566951001845 1573566951126411 124566 120324
Z4 : 27 238 1573566951126431 1573566951251292 124861 120293
Z4 : 28 239 1573566951251335 1573566951379794 128459 120118
Z4 : 29 240 1573566951379826 1573566951505657 125831 120117
Z4 : 30 241 1573566951505668 1573566951630640 124972 120313
Z4 : 31 242 1573566951630686 1573566951764932 134246 120206
Z4 : 32 243 1573566951764965 1573566951892694 127729 120325
Z4 : 33 244 1573566951892710 1573566952012829 120119 120109
Z4 : 34 245 1573566952012852 1573566952140877 128025 120094
Z4 : 35 246 1573566952140900 1573566952269845 128945 120149
Z4 : 36 247 1573566952269875 1573566952392441 122566 120112
Z4 : 37 248 1573566952392462 1573566952523567 131105 120102
Z4 : 38 249 1573566952523574 1573566952643667 120093 120084
Z4 : 39 250 1573566952643688 1573566952769623 125935 120177
Z4 : 40 251 1573566952769669 1573566952903291 133622 120168
Z4 : 41 252 1573566952903323 1573566953030398 127075 120163
Z4 : 42 253 1573566953030428 1573566953161917 131489 120216
Z4 : 43 254 1573566953161946 1573566953283682 121736 120175
Z4 : 44 255 1573566953283718 1573566953412797 129079 120213
Z4 : 45 256 1573566953412829 1573566953540427 127598 120209
Z4 : 46 257 1573566953540457 1573566953670219 129762 120221
Z4 : 47 258 1573566953670251 1573566953792412 122161 120159
Z4 : 48 259 1573566953792443 1573566953920745 128302 120214
Z4 : 49 260 1573566953920778 1573566954049546 128768 120219
Z4 : 50 261 1573566954049577 1573566954180362 130785 120233
Z4 : 51 262 1573566954180391 1573566954301842 121451 120163
Z4 : 52 263 1573566954301874 1573566954429005 127131 120214
Z4 : 53 264 1573566954429036 1573566954555418 126382 120107
Z4 : 54 265 1573566954555425 1573566954677133 121708 120111
Z4 : 55 266 1573566954677156 1573566954806260 129104 120148
Z4 : 56 267 1573566954806289 1573566954929069 122780 120099
Z4 : 57 268 1573566954929090 1573566955060400 131310 120164
Z4 : 58 269 1573566955060428 1573566955188441 128013 120187
Z4 : 59 270 1573566955188453 1573566955308571 120118 120109
Z4 : 60 271 1573566955308592 1573566955435018 126426 120099
Z4 : 61 272 1573566955435038 1573566955561565 126527 120102
Z4 : 62 273 1573566955561571 1573566955685811 124240 120308
Z4 : 63 274 1573566955685854 1573566955817567 131713 120207
Z4 : 64 275 1573566955817596 1573566955941417 123821 120098
Z4 : 65 276 1573566955941439 1573566956067412 125973 120113
Z4 : 66 277 1573566956067433 1573566956197014 129581 120147
Z4 : 67 278 1573566956197045 1573566956323083 126038 120214
Z4 : 68 279 1573566956323112 1573566956450366 127254 120209
Z4 : 69 280 1573566956450395 1573566956576443 126048 120146
Z4 : 70 281 1573566956576471 1573566956699096 122625 120353
