Src : 1 1 1581340213963896 1581340213978261 14365
Src : 2 2 1581340213978281 1581340213988648 10367
Src : 3 3 1581340213988673 1581340213999003 10330
Src : 4 4 1581340213999014 1581340214009097 10083
Src : 5 5 1581340214029513 1581340214039668 10155
Src : 6 6 1581340214080309 1581340214090529 10220
Src : 7 7 1581340214130833 1581340214141039 10206
Src : 8 8 1581340214180684 1581340214190858 10174
Src : 9 9 1581340214230438 1581340214240617 10179
Src : 10 10 1581340214279745 1581340214289981 10236
Src : 11 11 1581340214329152 1581340214339327 10175
Src : 12 12 1581340214378547 1581340214388733 10186
Src : 13 13 1581340214427869 1581340214438099 10230
Src : 14 14 1581340214477268 1581340214487460 10192
Src : 15 15 1581340214526707 1581340214536913 10206
Src : 16 16 1581340214576822 1581340214586996 10174
Src : 17 17 1581340214626321 1581340214636501 10180
Src : 18 18 1581340214675672 1581340214685902 10230
Src : 19 19 1581340214725217 1581340214735381 10164
Src : 20 20 1581340214774532 1581340214784734 10202
Src : 21 21 1581340214823964 1581340214834162 10198
Src : 22 22 1581340214873342 1581340214883546 10204
Src : 23 23 1581340214922751 1581340214932950 10199
Src : 24 24 1581340214972100 1581340214982306 10206
Src : 25 25 1581340215021478 1581340215031646 10168
Src : 26 26 1581340215070854 1581340215081048 10194
Src : 27 27 1581340215120261 1581340215130471 10210
Src : 28 28 1581340215170194 1581340215180414 10220
Src : 29 29 1581340215219974 1581340215230156 10182
Src : 30 30 1581340215269806 1581340215279985 10179
Src : 31 31 1581340215319691 1581340215329900 10209
Src : 32 32 1581340215369049 1581340215379223 10174
Src : 33 33 1581340215418439 1581340215428616 10177
Src : 34 34 1581340215467806 1581340215478014 10208
Src : 35 35 1581340215517278 1581340215527453 10175
Src : 36 36 1581340215566626 1581340215576836 10210
Src : 37 37 1581340215616032 1581340215626239 10207
Src : 38 38 1581340215665410 1581340215675584 10174
Src : 39 39 1581340215715175 1581340215725377 10202
Src : 40 40 1581340215764968 1581340215775220 10252
Src : 41 41 1581340215814848 1581340215825051 10203
Src : 42 42 1581340215864201 1581340215874411 10210
Src : 43 43 1581340215913612 1581340215923791 10179
Src : 44 44 1581340215962988 1581340215973197 10209
Src : 45 45 1581340216012367 1581340216022565 10198
Src : 46 46 1581340216061758 1581340216071932 10174
Src : 47 47 1581340216111135 1581340216121342 10207
Src : 48 48 1581340216160513 1581340216170708 10195
Src : 49 49 1581340216209920 1581340216220093 10173
Src : 50 50 1581340216259295 1581340216269500 10205
Src : 51 51 1581340216308704 1581340216318879 10175
Src : 52 52 1581340216358067 1581340216368333 10266
Src : 53 53 1581340216408156 1581340216418369 10213
Src : 54 54 1581340216458081 1581340216468247 10166
Src : 55 55 1581340216508021 1581340216518218 10197
Src : 56 56 1581340216557412 1581340216567572 10160
Src : 57 57 1581340216606775 1581340216616959 10184
Src : 58 58 1581340216656095 1581340216666299 10204
Src : 59 59 1581340216705504 1581340216715676 10172
Src : 60 60 1581340216754945 1581340216765138 10193
Src : 61 61 1581340216804343 1581340216814537 10194
Src : 62 62 1581340216853874 1581340216864037 10163
Src : 63 63 1581340216903255 1581340216913461 10206
Src : 64 64 1581340216952603 1581340216962782 10179
Src : 65 65 1581340217002883 1581340217013096 10213
Src : 66 66 1581340217052803 1581340217062979 10176
Src : 67 67 1581340217102655 1581340217112859 10204
Src : 68 68 1581340217152029 1581340217162208 10179
Src : 69 69 1581340217201408 1581340217211582 10174
Src : 70 70 1581340217250757 1581340217260960 10203
Src : 71 71 1581340217300250 1581340217310458 10208
Src : 72 72 1581340217349602 1581340217359776 10174
Src : 73 73 1581340217398949 1581340217409157 10208
Src : 74 74 1581340217448318 1581340217458502 10184
Src : 75 75 1581340217497694 1581340217507871 10177
Src : 76 76 1581340217547073 1581340217557282 10209
Src : 77 77 1581340217597359 1581340217607533 10174
Src : 78 78 1581340217647151 1581340217657352 10201
Src : 79 79 1581340217697004 1581340217707222 10218
Src : 80 80 1581340217746808 1581340217757014 10206
Src : 81 81 1581340217796364 1581340217806573 10209
Src : 82 82 1581340217845771 1581340217855946 10175
Src : 83 83 1581340217895147 1581340217905352 10205
Src : 84 84 1581340217944500 1581340217954704 10204
Src : 85 85 1581340217994120 1581340218004277 10157
Src : 86 86 1581340218043466 1581340218053667 10201
Src : 87 87 1581340218092957 1581340218103135 10178
Src : 88 88 1581340218142335 1581340218152514 10179
Src : 89 89 1581340218192529 1581340218202725 10196
Src : 90 90 1581340218242026 1581340218252199 10173
Src : 91 91 1581340218291432 1581340218301636 10204
Src : 92 92 1581340218340901 1581340218351068 10167
Src : 93 93 1581340218390220 1581340218400394 10174
Src : 94 94 1581340218439569 1581340218449777 10208
Src : 95 95 1581340218489186 1581340218499357 10171
Src : 96 96 1581340218538565 1581340218548771 10206
Src : 97 97 1581340218587942 1581340218598148 10206
Src : 98 98 1581340218637319 1581340218647494 10175
Src : 99 99 1581340218686724 1581340218696923 10199
Src : 100 100 1581340218736246 1581340218746456 10210
Src : 101 101 1581340218786398 1581340218796598 10200
Src : 102 102 1581340218835841 1581340218846050 10209
Src : 103 103 1581340218885318 1581340218895497 10179
Src : 104 104 1581340218934639 1581340218944846 10207
Src : 105 105 1581340218985241 1581340218995479 10238
Src : 106 106 1581340219036050 1581340219046362 10312
Src : 107 107 1581340219257860 1581340219267785 9925
Src : 108 108 1581340219267807 1581340219278104 10297
Src : 109 109 1581340219278113 1581340219288520 10407
Src : 110 110 1581340219288530 1581340219298720 10190
Src : 111 111 1581340219318744 1581340219328965 10221
Src : 112 112 1581340219369592 1581340219379918 10326
Src : 113 113 1581340219420832 1581340219431157 10325
Src : 114 114 1581340219471391 1581340219481713 10322
Src : 115 115 1581340219522060 1581340219532378 10318
Src : 116 116 1581340219572674 1581340219582987 10313
Src : 117 117 1581340219623268 1581340219633585 10317
Src : 118 118 1581340219673824 1581340219684142 10318
Src : 119 119 1581340219724515 1581340219734837 10322
Src : 120 120 1581340219775232 1581340219785557 10325
Src : 121 121 1581340219825864 1581340219836186 10322
Src : 122 122 1581340219876446 1581340219886759 10313
Src : 123 123 1581340219927026 1581340219937349 10323
Src : 124 124 1581340219978095 1581340219988417 10322
Src : 125 125 1581340220028806 1581340220039123 10317
Src : 126 126 1581340220079407 1581340220089725 10318
Src : 127 127 1581340220129983 1581340220140295 10312
Src : 128 128 1581340220180571 1581340220190920 10349
Src : 129 129 1581340220231160 1581340220241476 10316
Src : 130 130 1581340220281748 1581340220292064 10316
Src : 131 131 1581340220332353 1581340220342661 10308
Src : 132 132 1581340220382928 1581340220393241 10313
Src : 133 133 1581340220433533 1581340220443854 10321
Src : 134 134 1581340220484111 1581340220494429 10318
Src : 135 135 1581340220534671 1581340220544986 10315
Src : 136 136 1581340220585619 1581340220595949 10330
Src : 137 137 1581340220636247 1581340220646569 10322
Src : 138 138 1581340220686878 1581340220697199 10321
Src : 139 139 1581340220737567 1581340220747883 10316
Src : 140 140 1581340220788184 1581340220798492 10308
Src : 141 141 1581340220838884 1581340220849201 10317
Src : 142 142 1581340220889497 1581340220899814 10317
Src : 143 143 1581340220940088 1581340220950411 10323
Src : 144 144 1581340220990692 1581340221001012 10320
Src : 145 145 1581340221041251 1581340221051567 10316
Src : 146 146 1581340221091826 1581340221102133 10307
Src : 147 147 1581340221142426 1581340221152742 10316
Src : 148 148 1581340221193587 1581340221203899 10312
Src : 149 149 1581340221244487 1581340221254799 10312
Src : 150 150 1581340221295512 1581340221305837 10325
Src : 151 151 1581340221346201 1581340221356514 10313
Src : 152 152 1581340221396820 1581340221407135 10315
Src : 153 153 1581340221447389 1581340221457703 10314
Src : 154 154 1581340221498019 1581340221508339 10320
Src : 155 155 1581340221548527 1581340221558840 10313
Src : 156 156 1581340221599206 1581340221609530 10324
Src : 157 157 1581340221649800 1581340221660110 10310
Src : 158 158 1581340221700415 1581340221710732 10317
Src : 159 159 1581340221751018 1581340221761333 10315
Src : 160 160 1581340221802169 1581340221812496 10327
Src : 161 161 1581340221853177 1581340221863500 10323
Src : 162 162 1581340221904148 1581340221914469 10321
Src : 163 163 1581340221954730 1581340221965046 10316
Src : 164 164 1581340222005316 1581340222015639 10323
Src : 165 165 1581340222055878 1581340222066194 10316
Src : 166 166 1581340222106529 1581340222116850 10321
Src : 167 167 1581340222157103 1581340222167426 10323
Src : 168 168 1581340222207702 1581340222218022 10320
Src : 169 169 1581340222258279 1581340222268595 10316
Src : 170 170 1581340222308895 1581340222319216 10321
Src : 171 171 1581340222359470 1581340222369794 10324
Src : 172 172 1581340222410468 1581340222420792 10324
Src : 173 173 1581340222461046 1581340222471364 10318
Src : 174 174 1581340222511666 1581340222521993 10327
Src : 175 175 1581340222562264 1581340222572577 10313
Src : 176 176 1581340222612862 1581340222623185 10323
Src : 177 177 1581340222663411 1581340222673736 10325
Src : 178 178 1581340222714134 1581340222724447 10313
Src : 179 179 1581340222764711 1581340222775032 10321
Src : 180 180 1581340222815348 1581340222825672 10324
Src : 181 181 1581340222865941 1581340222876249 10308
Src : 182 182 1581340222916546 1581340222926862 10316
Src : 183 183 1581340222967154 1581340222977507 10353
Src : 184 184 1581340223018025 1581340223028353 10328
Src : 185 185 1581340223068630 1581340223078966 10336
Src : 186 186 1581340223119242 1581340223129566 10324
Src : 187 187 1581340223169792 1581340223180114 10322
Src : 188 188 1581340223220392 1581340223230709 10317
Src : 189 189 1581340223270970 1581340223281286 10316
Src : 190 190 1581340223321574 1581340223331897 10323
Src : 191 191 1581340223372168 1581340223382489 10321
Src : 192 192 1581340223422752 1581340223433061 10309
Src : 193 193 1581340223473417 1581340223483736 10319
Src : 194 194 1581340223524063 1581340223534384 10321
Src : 195 195 1581340223574698 1581340223585042 10344
Src : 196 196 1581340223625533 1581340223635860 10327
Src : 197 197 1581340223676125 1581340223686450 10325
Src : 198 198 1581340223726756 1581340223737065 10309
Src : 199 199 1581340223777402 1581340223787721 10319
Src : 200 200 1581340223828059 1581340223838378 10319
Src : 201 201 1581340223878619 1581340223888945 10326
Src : 202 202 1581340223929282 1581340223939601 10319
Src : 203 203 1581340223980243 1581340223990638 10395
Src : 204 204 1581340224031872 1581340224042180 10308
Src : 205 205 1581340224318025 1581340224327991 9966
Src : 206 206 1581340224328013 1581340224338355 10342
Src : 207 207 1581340224338361 1581340224348996 10635
Src : 208 208 1581340224349012 1581340224359191 10179
Src : 209 209 1581340224379526 1581340224389723 10197
Src : 210 210 1581340224429913 1581340224440232 10319
Src : 211 211 1581340224481101 1581340224491424 10323
Src : 212 212 1581340224532389 1581340224542692 10303
Src : 213 213 1581340224583847 1581340224594158 10311
Src : 214 214 1581340224635307 1581340224645625 10318
Src : 215 215 1581340224686766 1581340224697069 10303
Src : 216 216 1581340224738226 1581340224748544 10318
Src : 217 217 1581340224789930 1581340224800245 10315
Src : 218 218 1581340224841426 1581340224851739 10313
Src : 219 219 1581340224892930 1581340224903249 10319
Src : 220 220 1581340224944374 1581340224954679 10305
Src : 221 221 1581340224995808 1581340225006120 10312
Src : 222 222 1581340225047268 1581340225057581 10313
Src : 223 223 1581340225098753 1581340225109073 10320
Src : 224 224 1581340225150212 1581340225160531 10319
Src : 225 225 1581340225201672 1581340225211989 10317
Src : 226 226 1581340225253131 1581340225263450 10319
Src : 227 227 1581340225304681 1581340225314993 10312
Src : 228 228 1581340225356138 1581340225366458 10320
Src : 229 229 1581340225407598 1581340225417908 10310
Src : 230 230 1581340225459065 1581340225469374 10309
Src : 231 231 1581340225510636 1581340225520972 10336
Src : 232 232 1581340225562079 1581340225572468 10389
Src : 233 233 1581340225613517 1581340225623835 10318
Src : 234 234 1581340225664953 1581340225675273 10320
Src : 235 235 1581340225716378 1581340225726690 10312
Src : 236 236 1581340225767807 1581340225778126 10319
Src : 237 237 1581340225819236 1581340225829556 10320
Src : 238 238 1581340225870666 1581340225880987 10321
Src : 239 239 1581340225922092 1581340225932404 10312
Src : 240 240 1581340225973519 1581340225983827 10308
Src : 241 241 1581340226024989 1581340226035307 10318
Src : 242 242 1581340226076403 1581340226086714 10311
Src : 243 243 1581340226127834 1581340226138148 10314
Src : 244 244 1581340226179262 1581340226189567 10305
Src : 245 245 1581340226230687 1581340226241000 10313
Src : 246 246 1581340226282116 1581340226292434 10318
Src : 247 247 1581340226333556 1581340226343875 10319
Src : 248 248 1581340226384999 1581340226395310 10311
Src : 249 249 1581340226436424 1581340226446733 10309
Src : 250 250 1581340226487850 1581340226498174 10324
Src : 251 251 1581340226539283 1581340226549603 10320
Src : 252 252 1581340226590713 1581340226601030 10317
Src : 253 253 1581340226642142 1581340226652460 10318
Src : 254 254 1581340226693602 1581340226703921 10319
Src : 255 255 1581340226745028 1581340226755335 10307
Src : 256 256 1581340226796456 1581340226806770 10314
Src : 257 257 1581340226847883 1581340226858194 10311
Src : 258 258 1581340226899342 1581340226909661 10319
Src : 259 259 1581340226950785 1581340226961098 10313
Src : 260 260 1581340227002213 1581340227012531 10318
Src : 261 261 1581340227053628 1581340227063934 10306
Src : 262 262 1581340227105081 1581340227115388 10307
Src : 263 263 1581340227156480 1581340227166793 10313
Src : 264 264 1581340227207922 1581340227218234 10312
Src : 265 265 1581340227259348 1581340227269661 10313
Src : 266 266 1581340227310763 1581340227321083 10320
Src : 267 267 1581340227362204 1581340227372531 10327
Src : 268 268 1581340227413642 1581340227423953 10311
Src : 269 269 1581340227465071 1581340227475390 10319
Src : 270 270 1581340227516495 1581340227526815 10320
Src : 271 271 1581340227568032 1581340227578368 10336
Src : 272 272 1581340227619476 1581340227629795 10319
Src : 273 273 1581340227670903 1581340227681222 10319
Src : 274 274 1581340227722335 1581340227732655 10320
Src : 275 275 1581340227773867 1581340227784201 10334
Src : 276 276 1581340227825334 1581340227835653 10319
Src : 277 277 1581340227876778 1581340227887095 10317
Src : 278 278 1581340227928203 1581340227938523 10320
Src : 279 279 1581340227979668 1581340227989988 10320
Src : 280 280 1581340228031098 1581340228041418 10320
Src : 281 281 1581340228082525 1581340228092841 10316
Src : 282 282 1581340228133952 1581340228144270 10318
Src : 283 283 1581340228185379 1581340228195695 10316
Src : 284 284 1581340228236835 1581340228247154 10319
Src : 285 285 1581340228288260 1581340228298579 10319
Src : 286 286 1581340228339686 1581340228349998 10312
Src : 287 287 1581340228391117 1581340228401432 10315
Src : 288 288 1581340228442542 1581340228452858 10316
Src : 289 289 1581340228494032 1581340228504351 10319
Src : 290 290 1581340228545461 1581340228555774 10313
Src : 291 291 1581340228596906 1581340228607219 10313
Src : 292 292 1581340228648344 1581340228658654 10310
Src : 293 293 1581340228699794 1581340228710107 10313
Src : 294 294 1581340228751222 1581340228761540 10318
Src : 295 295 1581340228802637 1581340228812959 10322
Src : 296 296 1581340228854069 1581340228864383 10314
Src : 297 297 1581340228905543 1581340228915862 10319
Src : 298 298 1581340228956988 1581340228967301 10313
Src : 299 299 1581340229008401 1581340229018721 10320
Src : 300 300 1581340229059828 1581340229070145 10317
Src : 301 301 1581340229111256 1581340229121572 10316
Src : 302 302 1581340229162683 1581340229172997 10314
Src : 303 303 1581340229214123 1581340229224435 10312
Src : 304 304 1581340229265538 1581340229275857 10319
Src : 305 305 1581340229317013 1581340229327320 10307
Src : 306 306 1581340229368438 1581340229378758 10320
Src : 307 307 1581340229419870 1581340229430183 10313
Src : 308 308 1581340229471293 1581340229481610 10317
Src : 309 309 1581340229522823 1581340229533142 10319
Src : 310 310 1581340229574262 1581340229584575 10313
Src : 311 311 1581340229625700 1581340229636013 10313
Src : 312 312 1581340229677134 1581340229687445 10311
Src : 313 313 1581340229728560 1581340229738878 10318
Src : 314 314 1581340229779997 1581340229790308 10311
Src : 315 315 1581340229831418 1581340229841734 10316
Src : 316 316 1581340229882858 1581340229893168 10310
Src : 317 317 1581340229934276 1581340229944596 10320
Src : 318 318 1581340229985707 1581340229996015 10308
Src : 319 319 1581340230037130 1581340230047444 10314
Src : 320 320 1581340230088571 1581340230098888 10317
Src : 321 321 1581340230139998 1581340230150302 10304
Src : 322 322 1581340230191430 1581340230201742 10312
Src : 323 323 1581340230242862 1581340230253175 10313
Src : 324 324 1581340230294322 1581340230304638 10316
Src : 325 325 1581340230345747 1581340230356048 10301
Src : 326 326 1581340230397189 1581340230407501 10312
Src : 327 327 1581340230448579 1581340230458892 10313
Src : 328 328 1581340230500035 1581340230510353 10318
Src : 329 329 1581340230551478 1581340230561783 10305
Src : 330 330 1581340230602903 1581340230613219 10316
Src : 331 331 1581340230654304 1581340230664618 10314
Src : 332 332 1581340230705746 1581340230716070 10324
Src : 333 333 1581340230757180 1581340230767499 10319
Src : 334 334 1581340230808629 1581340230818961 10332
Src : 335 335 1581340230860006 1581340230870319 10313
Src : 336 336 1581340230911437 1581340230921755 10318
Src : 337 337 1581340230962865 1581340230973180 10315
Src : 338 338 1581340231014293 1581340231024607 10314
Src : 339 339 1581340231065724 1581340231076034 10310
Src : 340 340 1581340231117163 1581340231127467 10304
Src : 341 341 1581340231168577 1581340231178879 10302
Src : 342 342 1581340231220003 1581340231230315 10312
Src : 343 343 1581340231271434 1581340231281740 10306
Src : 344 344 1581340231322862 1581340231333182 10320
Src : 345 345 1581340231374298 1581340231384613 10315
Src : 346 346 1581340231425724 1581340231436035 10311
Src : 347 347 1581340231477157 1581340231487466 10309
Src : 348 348 1581340231528722 1581340231539038 10316
Src : 349 349 1581340231580163 1581340231590476 10313
Src : 350 350 1581340231631561 1581340231641872 10311
Src : 351 351 1581340231682991 1581340231693305 10314
Src : 352 352 1581340231734420 1581340231744738 10318
Src : 353 353 1581340231785880 1581340231796198 10318
Src : 354 354 1581340231837295 1581340231847612 10317
Src : 355 355 1581340231888752 1581340231899070 10318
Src : 356 356 1581340231940178 1581340231950491 10313
Src : 357 357 1581340231991609 1581340232001920 10311
Src : 358 358 1581340232043037 1581340232053347 10310
Src : 359 359 1581340232094491 1581340232104804 10313
Src : 360 360 1581340232145917 1581340232156234 10317
Src : 361 361 1581340232197345 1581340232207654 10309
Src : 362 362 1581340232248826 1581340232259130 10304
Src : 363 363 1581340232300279 1581340232310599 10320
Src : 364 364 1581340232351706 1581340232362025 10319
Src : 365 365 1581340232403105 1581340232413419 10314
Src : 366 366 1581340232454532 1581340232464841 10309
Src : 367 367 1581340232506016 1581340232516325 10309
Src : 368 368 1581340232557446 1581340232567758 10312
Src : 369 369 1581340232608866 1581340232619179 10313
Src : 370 370 1581340232660299 1581340232670618 10319
Src : 371 371 1581340232711757 1581340232722074 10317
Src : 372 372 1581340232763191 1581340232773511 10320
Src : 373 373 1581340232814617 1581340232824933 10316
Src : 374 374 1581340232866043 1581340232876360 10317
Src : 375 375 1581340232917484 1581340232927790 10306
Src : 376 376 1581340232968976 1581340232979288 10312
Src : 377 377 1581340233020388 1581340233030705 10317
Src : 378 378 1581340233071828 1581340233082146 10318
Src : 379 379 1581340233123258 1581340233133571 10313
Src : 380 380 1581340233174687 1581340233185007 10320
Src : 381 381 1581340233226119 1581340233236433 10314
Src : 382 382 1581340233277549 1581340233287868 10319
Src : 383 383 1581340233329011 1581340233339322 10311
Src : 384 384 1581340233380456 1581340233390773 10317
Src : 385 385 1581340233431883 1581340233442204 10321
Src : 386 386 1581340233483314 1581340233493629 10315
Src : 387 387 1581340233534841 1581340233545154 10313
Src : 388 388 1581340233586271 1581340233596592 10321
Src : 389 389 1581340233637712 1581340233648026 10314
Src : 390 390 1581340233689139 1581340233699444 10305
Src : 391 391 1581340233740556 1581340233750874 10318
Src : 392 392 1581340233791984 1581340233802295 10311
Src : 393 393 1581340233843430 1581340233853741 10311
Src : 394 394 1581340233894885 1581340233905205 10320
Src : 395 395 1581340233946312 1581340233956630 10318
Src : 396 396 1581340233998024 1581340234008328 10304
Src : 397 397 1581340234367023 1581340234376761 9738
Src : 398 398 1581340234376767 1581340234387190 10423
Src : 399 399 1581340234387206 1581340234397777 10571
Src : 400 400 1581340234397796 1581340234407901 10105
Src : 401 401 1581340234427821 1581340234438011 10190
Src : 402 402 1581340234478430 1581340234488750 10320
Src : 403 403 1581340234529297 1581340234539613 10316
Src : 404 404 1581340234580509 1581340234590850 10341
Src : 405 405 1581340234631242 1581340234641560 10318
Src : 406 406 1581340234682109 1581340234692428 10319
Src : 407 407 1581340234732901 1581340234743210 10309
Src : 408 408 1581340234783442 1581340234793759 10317
Src : 409 409 1581340234834034 1581340234844354 10320
Src : 410 410 1581340234884543 1581340234894894 10351
Src : 411 411 1581340234935143 1581340234945461 10318
Src : 412 412 1581340234985711 1581340234996027 10316
Src : 413 413 1581340235036249 1581340235046571 10322
Src : 414 414 1581340235086788 1581340235097107 10319
Src : 415 415 1581340235137354 1581340235147667 10313
Src : 416 416 1581340235188726 1581340235199045 10319
Src : 417 417 1581340235239489 1581340235249809 10320
Src : 418 418 1581340235290359 1581340235300678 10319
Src : 419 419 1581340235341076 1581340235351386 10310
Src : 420 420 1581340235391616 1581340235401936 10320
Src : 421 421 1581340235442154 1581340235452475 10321
Src : 422 422 1581340235492694 1581340235503008 10314
Src : 423 423 1581340235543413 1581340235557476 14063
Src : 424 424 1581340235593915 1581340235604250 10335
Src : 425 425 1581340235644441 1581340235654766 10325
Src : 426 426 1581340235695144 1581340235705466 10322
Src : 427 427 1581340235745771 1581340235756096 10325
Src : 428 428 1581340235797195 1581340235807521 10326
Src : 429 429 1581340235848137 1581340235858456 10319
Src : 430 430 1581340235899038 1581340235909353 10315
Src : 431 431 1581340235949619 1581340235959941 10322
Src : 432 432 1581340236000186 1581340236010509 10323
Src : 433 433 1581340236050733 1581340236061047 10314
Src : 434 434 1581340236101302 1581340236111619 10317
Src : 435 435 1581340236151862 1581340236162185 10323
Src : 436 436 1581340236202403 1581340236212715 10312
Src : 437 437 1581340236252939 1581340236263259 10320
Src : 438 438 1581340236303478 1581340236313794 10316
Src : 439 439 1581340236354029 1581340236364344 10315
Src : 440 440 1581340236405059 1581340236415382 10323
Src : 441 441 1581340236455598 1581340236465904 10306
Src : 442 442 1581340236506198 1581340236516517 10319
Src : 443 443 1581340236556800 1581340236567118 10318
Src : 444 444 1581340236607337 1581340236617656 10319
Src : 445 445 1581340236657875 1581340236668186 10311
Src : 446 446 1581340236708446 1581340236718760 10314
Src : 447 447 1581340236758983 1581340236769299 10316
Src : 448 448 1581340236809553 1581340236819863 10310
Src : 449 449 1581340236860099 1581340236870420 10321
Src : 450 450 1581340236910668 1581340236920986 10318
Src : 451 451 1581340236961207 1581340236971542 10335
Src : 452 452 1581340237011970 1581340237022275 10305
Src : 453 453 1581340237062510 1581340237072820 10310
Src : 454 454 1581340237113049 1581340237123359 10310
Src : 455 455 1581340237163587 1581340237173904 10317
Src : 456 456 1581340237214129 1581340237224441 10312
Src : 457 457 1581340237264692 1581340237275010 10318
Src : 458 458 1581340237315331 1581340237325652 10321
Src : 459 459 1581340237365865 1581340237376177 10312
Src : 460 460 1581340237416403 1581340237426715 10312
Src : 461 461 1581340237466941 1581340237477257 10316
Src : 462 462 1581340237517621 1581340237527932 10311
Src : 463 463 1581340237568201 1581340237578542 10341
Src : 464 464 1581340237618919 1581340237629239 10320
Src : 465 465 1581340237669487 1581340237679800 10313
Src : 466 466 1581340237720112 1581340237730425 10313
Src : 467 467 1581340237770750 1581340237781071 10321
Src : 468 468 1581340237821302 1581340237831613 10311
Src : 469 469 1581340237871841 1581340237882161 10320
Src : 470 470 1581340237922435 1581340237932750 10315
Src : 471 471 1581340237973085 1581340237983409 10324
Src : 472 472 1581340238023634 1581340238033951 10317
Src : 473 473 1581340238074175 1581340238084497 10322
Src : 474 474 1581340238124848 1581340238135163 10315
Src : 475 475 1581340238175761 1581340238186080 10319
Src : 476 476 1581340238226450 1581340238236769 10319
Src : 477 477 1581340238276962 1581340238287282 10320
Src : 478 478 1581340238327560 1581340238337868 10308
Src : 479 479 1581340238378099 1581340238388408 10309
Src : 480 480 1581340238428644 1581340238438971 10327
Src : 481 481 1581340238479263 1581340238489582 10319
Src : 482 482 1581340238529858 1581340238540179 10321
Src : 483 483 1581340238580397 1581340238590712 10315
Src : 484 484 1581340238630936 1581340238641259 10323
Src : 485 485 1581340238681476 1581340238691796 10320
Src : 486 486 1581340238732282 1581340238742603 10321
Src : 487 487 1581340238783310 1581340238793634 10324
Src : 488 488 1581340238834039 1581340238844351 10312
Src : 489 489 1581340238884903 1581340238895219 10316
Src : 490 490 1581340238935622 1581340238945926 10304
Src : 491 491 1581340238987293 1581340238997658 10365
Src : 492 492 1581340239038687 1581340239048986 10299
Src : 493 493 1581340239314783 1581340239324582 9799
Src : 494 494 1581340239324588 1581340239334995 10407
Src : 495 495 1581340239335003 1581340239345534 10531
Src : 496 496 1581340239345543 1581340239355665 10122
Src : 497 497 1581340239375820 1581340239386224 10404
Src : 498 498 1581340239425889 1581340239436064 10175
Src : 499 499 1581340239476489 1581340239486676 10187
Src : 500 500 1581340239527023 1581340239537219 10196
Src : 501 501 1581340239576432 1581340239586632 10200
Src : 502 502 1581340239625948 1581340239636119 10171
Src : 503 503 1581340239675583 1581340239685790 10207
Src : 504 504 1581340239725144 1581340239735260 10116
Src : 505 505 1581340239774560 1581340239784757 10197
Src : 506 506 1581340239823966 1581340239834164 10198
Src : 507 507 1581340239873345 1581340239883510 10165
Src : 508 508 1581340239922805 1581340239933013 10208
Src : 509 509 1581340239972292 1581340239982755 10463
Src : 510 510 1581340240022249 1581340240032403 10154
Src : 511 511 1581340240071573 1581340240081780 10207
Src : 512 512 1581340240121010 1581340240131205 10195
Src : 513 513 1581340240170437 1581340240180598 10161
Src : 514 514 1581340240219828 1581340240230027 10199
Src : 515 515 1581340240269236 1581340240279395 10159
Src : 516 516 1581340240318670 1581340240328893 10223
Src : 517 517 1581340240368075 1581340240378278 10203
Src : 518 518 1581340240417452 1581340240427618 10166
Src : 519 519 1581340240466828 1581340240477029 10201
Src : 520 520 1581340240516291 1581340240526514 10223
Src : 521 521 1581340240565669 1581340240576045 10376
Src : 522 522 1581340240615813 1581340240626014 10201
Src : 523 523 1581340240665209 1581340240675376 10167
Src : 524 524 1581340240714660 1581340240724895 10235
Src : 525 525 1581340240764095 1581340240774322 10227
Src : 526 526 1581340240813627 1581340240823808 10181
Src : 527 527 1581340240863053 1581340240873252 10199
Src : 528 528 1581340240912458 1581340240922690 10232
Src : 529 529 1581340240961895 1581340240972087 10192
Src : 530 530 1581340241011294 1581340241021448 10154
Src : 531 531 1581340241060602 1581340241070757 10155
Src : 532 532 1581340241109968 1581340241120142 10174
Src : 533 533 1581340241159348 1581340241169540 10192
Src : 534 534 1581340241209719 1581340241219863 10144
Src : 535 535 1581340241259581 1581340241269774 10193
Src : 536 536 1581340241309547 1581340241319716 10169
Src : 537 537 1581340241358931 1581340241369136 10205
Src : 538 538 1581340241408337 1581340241418533 10196
Src : 539 539 1581340241457715 1581340241467886 10171
Src : 540 540 1581340241507231 1581340241517413 10182
Src : 541 541 1581340241556714 1581340241566923 10209
Src : 542 542 1581340241606156 1581340241616364 10208
Src : 543 543 1581340241655673 1581340241665852 10179
Src : 544 544 1581340241705085 1581340241715248 10163
Src : 545 545 1581340241754524 1581340241764708 10184
Src : 546 546 1581340241804853 1581340241815064 10211
Src : 547 547 1581340241854825 1581340241865020 10195
Src : 548 548 1581340241904680 1581340241914856 10176
Src : 549 549 1581340241954083 1581340241964237 10154
Src : 550 550 1581340242003426 1581340242013620 10194
Src : 551 551 1581340242052833 1581340242063003 10170
Src : 552 552 1581340242102296 1581340242112472 10176
Src : 553 553 1581340242151702 1581340242161900 10198
Src : 554 554 1581340242201081 1581340242211251 10170
Src : 555 555 1581340242250487 1581340242260694 10207
Src : 556 556 1581340242299926 1581340242310123 10197
Src : 557 557 1581340242349364 1581340242359535 10171
Src : 558 558 1581340242399524 1581340242409762 10238
Src : 559 559 1581340242448967 1581340242459144 10177
Src : 560 560 1581340242498373 1581340242508539 10166
Src : 561 561 1581340242547781 1581340242557981 10200
Src : 562 562 1581340242597161 1581340242607331 10170
Src : 563 563 1581340242646540 1581340242656743 10203
Src : 564 564 1581340242695892 1581340242706155 10263
Src : 565 565 1581340242745476 1581340242755651 10175
Src : 566 566 1581340242794840 1581340242805047 10207
Src : 567 567 1581340242844285 1581340242854487 10202
Src : 568 568 1581340242893682 1581340242903907 10225
Src : 569 569 1581340242943175 1581340242953374 10199
Src : 570 570 1581340242993400 1581340243003571 10171
Src : 571 571 1581340243042875 1581340243053057 10182
Src : 572 572 1581340243092252 1581340243102485 10233
Src : 573 573 1581340243141692 1581340243151857 10165
Src : 574 574 1581340243191061 1581340243201242 10181
Src : 575 575 1581340243240371 1581340243250570 10199
Src : 576 576 1581340243289808 1581340243300004 10196
Src : 577 577 1581340243339302 1581340243349506 10204
Src : 578 578 1581340243388711 1581340243398879 10168
Src : 579 579 1581340243438088 1581340243448260 10172
Src : 580 580 1581340243487614 1581340243497846 10232
Src : 581 581 1581340243537118 1581340243547287 10169
Src : 582 582 1581340243587069 1581340243597332 10263
Src : 583 583 1581340243636696 1581340243646846 10150
Src : 584 584 1581340243686050 1581340243696223 10173
Src : 585 585 1581340243735504 1581340243745703 10199
Src : 586 586 1581340243784903 1581340243795077 10174
Src : 587 587 1581340243834312 1581340243844482 10170
Src : 588 588 1581340243883718 1581340243893916 10198
Src : 589 589 1581340243933181 1581340243943352 10171
Src : 590 590 1581340243982615 1581340243992810 10195
Src : 591 591 1581340244031992 1581340244042198 10206
Src : 592 592 1581340244081371 1581340244091519 10148
Src : 593 593 1581340244130778 1581340244140982 10204
Src : 594 594 1581340244180576 1581340244190814 10238
Src : 595 595 1581340244230252 1581340244240429 10177
Src : 596 596 1581340244279592 1581340244289799 10207
Src : 597 597 1581340244329087 1581340244339256 10169
Src : 598 598 1581340244378501 1581340244388691 10190
Src : 599 599 1581340244427889 1581340244438096 10207
Src : 600 600 1581340244477298 1581340244487474 10176
Src : 601 601 1581340244526819 1581340244536998 10179
Src : 602 602 1581340244576143 1581340244586343 10200
Src : 603 603 1581340244625610 1581340244635787 10177
Src : 604 604 1581340244674985 1581340244685194 10209
Src : 605 605 1581340244724421 1581340244734653 10232
Src : 606 606 1581340244773832 1581340244784141 10309
Src : 607 607 1581340244823879 1581340244834091 10212
Src : 608 608 1581340244873787 1581340244883962 10175
Src : 609 609 1581340244923728 1581340244933946 10218
Src : 610 610 1581340244973165 1581340244983307 10142
Src : 611 611 1581340245022542 1581340245032739 10197
Src : 612 612 1581340245071918 1581340245082125 10207
Src : 613 613 1581340245121340 1581340245131547 10207
Src : 614 614 1581340245170749 1581340245180956 10207
Src : 615 615 1581340245220103 1581340245230302 10199
Src : 616 616 1581340245269480 1581340245279651 10171
Src : 617 617 1581340245318978 1581340245329198 10220
Src : 618 618 1581340245368372 1581340245378561 10189
Src : 619 619 1581340245417773 1581340245427928 10155
Src : 620 620 1581340245467133 1581340245477330 10197
Src : 621 621 1581340245516636 1581340245526812 10176
Src : 622 622 1581340245566072 1581340245576286 10214
Src : 623 623 1581340245615620 1581340245625836 10216
Src : 624 624 1581340245665143 1581340245675314 10171
Src : 625 625 1581340245714550 1581340245724755 10205
Src : 626 626 1581340245763917 1581340245774133 10216
Src : 627 627 1581340245813286 1581340245823480 10194
Src : 628 628 1581340245862637 1581340245872844 10207
Src : 629 629 1581340245912026 1581340245922224 10198
Src : 630 630 1581340245961432 1581340245971610 10178
Src : 631 631 1581340246010827 1581340246021034 10207
Src : 632 632 1581340246060204 1581340246070407 10203
Src : 633 633 1581340246109665 1581340246119830 10165
Src : 634 634 1581340246159093 1581340246169276 10183
Src : 635 635 1581340246208441 1581340246218639 10198
Src : 636 636 1581340246257851 1581340246268018 10167
Src : 637 637 1581340246307260 1581340246317457 10197
Src : 638 638 1581340246356723 1581340246366889 10166
Src : 639 639 1581340246406072 1581340246416243 10171
Src : 640 640 1581340246455419 1581340246465619 10200
Src : 641 641 1581340246504825 1581340246514998 10173
Src : 642 642 1581340246554233 1581340246564411 10178
Src : 643 643 1581340246603610 1581340246613813 10203
Src : 644 644 1581340246653038 1581340246663187 10149
Src : 645 645 1581340246702382 1581340246712639 10257
Src : 646 646 1581340246751816 1581340246762004 10188
Src : 647 647 1581340246801180 1581340246811354 10174
Src : 648 648 1581340246850627 1581340246860832 10205
Src : 649 649 1581340246900092 1581340246910292 10200
Src : 650 650 1581340246949499 1581340246959669 10170
Src : 651 651 1581340246998863 1581340247009046 10183
Src : 652 652 1581340247048182 1581340247058389 10207
Src : 653 653 1581340247097577 1581340247107766 10189
Src : 654 654 1581340247146981 1581340247157172 10191
Src : 655 655 1581340247196326 1581340247206522 10196
Src : 656 656 1581340247245725 1581340247255884 10159
Src : 657 657 1581340247295097 1581340247305334 10237
Src : 658 658 1581340247344614 1581340247354770 10156
Src : 659 659 1581340247393965 1581340247404138 10173
Src : 660 660 1581340247443341 1581340247453539 10198
Src : 661 661 1581340247492718 1581340247502917 10199
Src : 662 662 1581340247542211 1581340247552388 10177
Src : 663 663 1581340247591576 1581340247601767 10191
Src : 664 664 1581340247640895 1581340247651068 10173
Src : 665 665 1581340247690272 1581340247700473 10201
Src : 666 666 1581340247739793 1581340247749988 10195
Src : 667 667 1581340247789296 1581340247799473 10177
Src : 668 668 1581340247838741 1581340247848944 10203
Src : 669 669 1581340247888142 1581340247898330 10188
Src : 670 670 1581340247937540 1581340247947716 10176
Src : 671 671 1581340247987025 1581340247997236 10211
Src : 672 672 1581340248036406 1581340248046605 10199
Src : 673 673 1581340248085783 1581340248095960 10177
Src : 674 674 1581340248135178 1581340248145355 10177
Src : 675 675 1581340248184494 1581340248194686 10192
Src : 676 676 1581340248233900 1581340248244049 10149
Src : 677 677 1581340248283301 1581340248293484 10183
Src : 678 678 1581340248332785 1581340248342945 10160
Src : 679 679 1581340248382132 1581340248392296 10164
Src : 680 680 1581340248431510 1581340248441714 10204
Src : 681 681 1581340248481016 1581340248491184 10168
Src : 682 682 1581340248530457 1581340248540662 10205
Src : 683 683 1581340248579834 1581340248590055 10221
Src : 684 684 1581340248629185 1581340248639361 10176
Src : 685 685 1581340248678533 1581340248688733 10200
Src : 686 686 1581340248727939 1581340248738144 10205
Src : 687 687 1581340248777376 1581340248787552 10176
Src : 688 688 1581340248826961 1581340248837178 10217
Src : 689 689 1581340248876339 1581340248886539 10200
Src : 690 690 1581340248925734 1581340248935911 10177
Src : 691 691 1581340248975156 1581340248985349 10193
Src : 692 692 1581340249024532 1581340249034726 10194
Src : 693 693 1581340249073912 1581340249084083 10171
Src : 694 694 1581340249123319 1581340249133519 10200
Src : 695 695 1581340249172700 1581340249182877 10177
Src : 696 696 1581340249222064 1581340249232221 10157
Src : 697 697 1581340249271383 1581340249281584 10201
Src : 698 698 1581340249320911 1581340249331071 10160
Src : 699 699 1581340249370287 1581340249380453 10166
Src : 700 700 1581340249419661 1581340249429867 10206
Snk : 1 1 1581340214039777 1581340214049923 10146
Snk : 2 2 1581340214090621 1581340214100727 10106
Snk : 3 3 1581340214141117 1581340214151067 9950
Snk : 4 4 1581340214190938 1581340214200919 9981
Snk : 5 5 1581340214240686 1581340214250630 9944
Snk : 6 6 1581340214290056 1581340214300005 9949
Snk : 7 7 1581340214339407 1581340214349388 9981
Snk : 8 8 1581340214388807 1581340214398746 9939
Snk : 9 9 1581340214438183 1581340214448127 9944
Snk : 10 10 1581340214487526 1581340214497552 10026
Snk : 11 11 1581340214536993 1581340214546943 9950
Snk : 12 12 1581340214587083 1581340214597193 10110
Snk : 13 13 1581340214636575 1581340214646527 9952
Snk : 14 14 1581340214685984 1581340214695930 9946
Snk : 15 15 1581340214735447 1581340214745426 9979
Snk : 16 16 1581340214784816 1581340214794767 9951
Snk : 17 17 1581340214834248 1581340214844199 9951
Snk : 18 18 1581340214883627 1581340214893608 9981
Snk : 19 19 1581340214933037 1581340214942981 9944
Snk : 20 20 1581340214982384 1581340214992318 9934
Snk : 21 21 1581340215031731 1581340215041712 9981
Snk : 22 22 1581340215081139 1581340215091116 9977
Snk : 23 23 1581340215130546 1581340215140492 9946
Snk : 24 24 1581340215180566 1581340215190599 10033
Snk : 25 25 1581340215230231 1581340215240182 9951
Snk : 26 26 1581340215280059 1581340215290063 10004
Snk : 27 27 1581340215329976 1581340215339921 9945
Snk : 28 28 1581340215379301 1581340215389275 9974
Snk : 29 29 1581340215428688 1581340215438669 9981
Snk : 30 30 1581340215478089 1581340215488064 9975
Snk : 31 31 1581340215527531 1581340215537508 9977
Snk : 32 32 1581340215576911 1581340215586857 9946
Snk : 33 33 1581340215626316 1581340215636267 9951
Snk : 34 34 1581340215675666 1581340215685742 10076
Snk : 35 35 1581340215725464 1581340215735445 9981
Snk : 36 36 1581340215775297 1581340215785483 10186
Snk : 37 37 1581340215825132 1581340215835083 9951
Snk : 38 38 1581340215874487 1581340215884467 9980
Snk : 39 39 1581340215923866 1581340215933846 9980
Snk : 40 40 1581340215973275 1581340215983219 9944
Snk : 41 41 1581340216022651 1581340216032616 9965
Snk : 42 42 1581340216072011 1581340216081991 9980
Snk : 43 43 1581340216121419 1581340216131370 9951
Snk : 44 44 1581340216170796 1581340216180776 9980
Snk : 45 45 1581340216220173 1581340216230145 9972
Snk : 46 46 1581340216269581 1581340216279526 9945
Snk : 47 47 1581340216318960 1581340216328935 9975
Snk : 48 48 1581340216368427 1581340216378607 10180
Snk : 49 49 1581340216418448 1581340216428451 10003
Snk : 50 50 1581340216468333 1581340216478330 9997
Snk : 51 51 1581340216518308 1581340216528274 9966
Snk : 52 52 1581340216567641 1581340216577622 9981
Snk : 53 53 1581340216617036 1581340216626986 9950
Snk : 54 54 1581340216666382 1581340216676321 9939
Snk : 55 55 1581340216715767 1581340216725765 9998
Snk : 56 56 1581340216765204 1581340216775184 9980
Snk : 57 57 1581340216814607 1581340216824593 9986
Snk : 58 58 1581340216864117 1581340216874092 9975
Snk : 59 59 1581340216913538 1581340216923483 9945
Snk : 60 60 1581340216962881 1581340216973277 10396
Snk : 61 61 1581340217013170 1581340217023151 9981
Snk : 62 62 1581340217063058 1581340217073031 9973
Snk : 63 63 1581340217112938 1581340217122889 9951
Snk : 64 64 1581340217162285 1581340217172228 9943
Snk : 65 65 1581340217211666 1581340217221639 9973
Snk : 66 66 1581340217261042 1581340217270986 9944
Snk : 67 67 1581340217310536 1581340217320486 9950
Snk : 68 68 1581340217359869 1581340217369845 9976
Snk : 69 69 1581340217409237 1581340217419188 9951
Snk : 70 70 1581340217458578 1581340217468518 9940
Snk : 71 71 1581340217507958 1581340217517934 9976
Snk : 72 72 1581340217557356 1581340217567604 10248
Snk : 73 73 1581340217607613 1581340217617614 10001
Snk : 74 74 1581340217657433 1581340217667383 9950
Snk : 75 75 1581340217707305 1581340217717302 9997
Snk : 76 76 1581340217757101 1581340217767046 9945
Snk : 77 77 1581340217806662 1581340217816668 10006
Snk : 78 78 1581340217856026 1581340217866004 9978
Snk : 79 79 1581340217905435 1581340217915383 9948
Snk : 80 80 1581340217954783 1581340217964765 9982
Snk : 81 81 1581340218004350 1581340218014329 9979
Snk : 82 82 1581340218053749 1581340218063701 9952
Snk : 83 83 1581340218103214 1581340218113195 9981
Snk : 84 84 1581340218152589 1581340218162563 9974
Snk : 85 85 1581340218202817 1581340218212817 10000
Snk : 86 86 1581340218252278 1581340218262256 9978
Snk : 87 87 1581340218301719 1581340218311698 9979
Snk : 88 88 1581340218351155 1581340218361136 9981
Snk : 89 89 1581340218400474 1581340218410455 9981
Snk : 90 90 1581340218449852 1581340218459800 9948
Snk : 91 91 1581340218499441 1581340218509415 9974
Snk : 92 92 1581340218548851 1581340218558796 9945
Snk : 93 93 1581340218598226 1581340218608177 9951
Snk : 94 94 1581340218647573 1581340218657553 9980
Snk : 95 95 1581340218697007 1581340218706973 9966
Snk : 96 96 1581340218746531 1581340218756479 9948
Snk : 97 97 1581340218796681 1581340218806620 9939
Snk : 98 98 1581340218846126 1581340218856072 9946
Snk : 99 99 1581340218895572 1581340218905553 9981
Snk : 100 100 1581340218944925 1581340218954875 9950
Snk : 101 101 1581340218995559 1581340219005893 10334
Snk : 102 102 1581340219046441 1581340219056575 10134
Snk : 103 103 1581340219096681 1581340219106822 10141
Snk : 104 104 1581340219146898 1581340219157065 10167
Snk : 105 105 1581340219197144 1581340219207277 10133
Snk : 106 106 1581340219247150 1581340219257099 9949
Snk : 107 107 1581340219380016 1581340219390302 10286
Snk : 108 108 1581340219431231 1581340219441425 10194
Snk : 109 109 1581340219481832 1581340219492034 10202
Snk : 110 110 1581340219532509 1581340219542713 10204
Snk : 111 111 1581340219583115 1581340219593323 10208
Snk : 112 112 1581340219633721 1581340219643895 10174
Snk : 113 113 1581340219684276 1581340219694512 10236
Snk : 114 114 1581340219734970 1581340219745177 10207
Snk : 115 115 1581340219785685 1581340219795852 10167
Snk : 116 116 1581340219836309 1581340219846504 10195
Snk : 117 117 1581340219886895 1581340219897090 10195
Snk : 118 118 1581340219937484 1581340219947654 10170
Snk : 119 119 1581340219988476 1581340219998704 10228
Snk : 120 120 1581340220039220 1581340220049423 10203
Snk : 121 121 1581340220089822 1581340220099996 10174
Snk : 122 122 1581340220140396 1581340220150601 10205
Snk : 123 123 1581340220191090 1581340220201294 10204
Snk : 124 124 1581340220241653 1581340220251822 10169
Snk : 125 125 1581340220292248 1581340220302441 10193
Snk : 126 126 1581340220342847 1581340220353052 10205
Snk : 127 127 1581340220393422 1581340220403599 10177
Snk : 128 128 1581340220444025 1581340220454234 10209
Snk : 129 129 1581340220494615 1581340220504815 10200
Snk : 130 130 1581340220545165 1581340220555327 10162
Snk : 131 131 1581340220596095 1581340220606278 10183
Snk : 132 132 1581340220646721 1581340220656915 10194
Snk : 133 133 1581340220697353 1581340220707553 10200
Snk : 134 134 1581340220748044 1581340220758251 10207
Snk : 135 135 1581340220798662 1581340220808868 10206
Snk : 136 136 1581340220849344 1581340220859516 10172
Snk : 137 137 1581340220899958 1581340220910157 10199
Snk : 138 138 1581340220950548 1581340220960750 10202
Snk : 139 139 1581340221001151 1581340221011319 10168
Snk : 140 140 1581340221051715 1581340221061918 10203
Snk : 141 141 1581340221102289 1581340221112462 10173
Snk : 142 142 1581340221152889 1581340221163055 10166
Snk : 143 143 1581340221204025 1581340221214231 10206
Snk : 144 144 1581340221254916 1581340221265114 10198
Snk : 145 145 1581340221305942 1581340221316113 10171
Snk : 146 146 1581340221356677 1581340221366852 10175
Snk : 147 147 1581340221407267 1581340221417469 10202
Snk : 148 148 1581340221457839 1581340221468015 10176
Snk : 149 149 1581340221508564 1581340221518738 10174
Snk : 150 150 1581340221559011 1581340221569221 10210
Snk : 151 151 1581340221609643 1581340221619810 10167
Snk : 152 152 1581340221660227 1581340221670421 10194
Snk : 153 153 1581340221710840 1581340221721074 10234
Snk : 154 154 1581340221761500 1581340221771669 10169
Snk : 155 155 1581340221812660 1581340221822823 10163
Snk : 156 156 1581340221863612 1581340221873813 10201
Snk : 157 157 1581340221914585 1581340221924785 10200
Snk : 158 158 1581340221965188 1581340221975361 10173
Snk : 159 159 1581340222015763 1581340222025970 10207
Snk : 160 160 1581340222066326 1581340222076499 10173
Snk : 161 161 1581340222116974 1581340222127144 10170
Snk : 162 162 1581340222167551 1581340222177747 10196
Snk : 163 163 1581340222218152 1581340222228326 10174
Snk : 164 164 1581340222268731 1581340222278903 10172
Snk : 165 165 1581340222319342 1581340222329546 10204
Snk : 166 166 1581340222369914 1581340222380254 10340
Snk : 167 167 1581340222420896 1581340222431067 10171
Snk : 168 168 1581340222471474 1581340222481679 10205
Snk : 169 169 1581340222522100 1581340222532278 10178
Snk : 170 170 1581340222572694 1581340222582867 10173
Snk : 171 171 1581340222623294 1581340222633501 10207
Snk : 172 172 1581340222673843 1581340222684023 10180
Snk : 173 173 1581340222724555 1581340222734733 10178
Snk : 174 174 1581340222775146 1581340222785348 10202
Snk : 175 175 1581340222825788 1581340222835960 10172
Snk : 176 176 1581340222876383 1581340222886617 10234
Snk : 177 177 1581340222926982 1581340222937177 10195
Snk : 178 178 1581340222977558 1581340222987770 10212
Snk : 179 179 1581340223028457 1581340223038637 10180
Snk : 180 180 1581340223079073 1581340223089303 10230
Snk : 181 181 1581340223129674 1581340223139816 10142
Snk : 182 182 1581340223180220 1581340223190422 10202
Snk : 183 183 1581340223230823 1581340223241033 10210
Snk : 184 184 1581340223281403 1581340223291595 10192
Snk : 185 185 1581340223332002 1581340223342204 10202
Snk : 186 186 1581340223382599 1581340223392797 10198
Snk : 187 187 1581340223433188 1581340223443357 10169
Snk : 188 188 1581340223483854 1581340223494086 10232
Snk : 189 189 1581340223534512 1581340223544715 10203
Snk : 190 190 1581340223585135 1581340223595368 10233
Snk : 191 191 1581340223635959 1581340223646156 10197
Snk : 192 192 1581340223686555 1581340223696782 10227
Snk : 193 193 1581340223737186 1581340223747359 10173
Snk : 194 194 1581340223787815 1581340223798020 10205
Snk : 195 195 1581340223838473 1581340223848663 10190
Snk : 196 196 1581340223889033 1581340223899208 10175
Snk : 197 197 1581340223939693 1581340223949897 10204
Snk : 198 198 1581340224004622 1581340224014927 10305
Snk : 199 199 1581340224042088 1581340224052392 10304
Snk : 200 200 1581340224103640 1581340224113938 10298
Snk : 201 201 1581340224154836 1581340224165134 10298
Snk : 202 202 1581340224206273 1581340224216581 10308
Snk : 203 203 1581340224257157 1581340224267302 10145
Snk : 204 204 1581340224307233 1581340224317223 9990
Snk : 205 205 1581340224491515 1581340224501816 10301
Snk : 206 206 1581340224553123 1581340224563427 10304
Snk : 207 207 1581340224604577 1581340224614882 10305
Snk : 208 208 1581340224656058 1581340224666369 10311
Snk : 209 209 1581340224707488 1581340224717800 10312
Snk : 210 210 1581340224758899 1581340224769196 10297
Snk : 211 211 1581340224810697 1581340224821011 10314
Snk : 212 212 1581340224862189 1581340224872499 10310
Snk : 213 213 1581340224913676 1581340224923986 10310
Snk : 214 214 1581340224965133 1581340224975440 10307
Snk : 215 215 1581340225016565 1581340225026877 10312
Snk : 216 216 1581340225068029 1581340225078341 10312
Snk : 217 217 1581340225119513 1581340225129816 10303
Snk : 218 218 1581340225170984 1581340225181293 10309
Snk : 219 219 1581340225222427 1581340225232728 10301
Snk : 220 220 1581340225273883 1581340225284192 10309
Snk : 221 221 1581340225325439 1581340225335743 10304
Snk : 222 222 1581340225376895 1581340225387193 10298
Snk : 223 223 1581340225428349 1581340225438656 10307
Snk : 224 224 1581340225479818 1581340225490130 10312
Snk : 225 225 1581340225531325 1581340225541629 10304
Snk : 226 226 1581340225582822 1581340225593133 10311
Snk : 227 227 1581340225634189 1581340225644571 10382
Snk : 228 228 1581340225685627 1581340225695938 10311
Snk : 229 229 1581340225737045 1581340225747355 10310
Snk : 230 230 1581340225788479 1581340225798780 10301
Snk : 231 231 1581340225839908 1581340225850211 10303
Snk : 232 232 1581340225891340 1581340225901651 10311
Snk : 233 233 1581340225942758 1581340225953058 10300
Snk : 234 234 1581340225994181 1581340226004470 10289
Snk : 235 235 1581340226045661 1581340226055971 10310
Snk : 236 236 1581340226097069 1581340226107379 10310
Snk : 237 237 1581340226148500 1581340226158806 10306
Snk : 238 238 1581340226199919 1581340226210229 10310
Snk : 239 239 1581340226251353 1581340226261664 10311
Snk : 240 240 1581340226302788 1581340226313100 10312
Snk : 241 241 1581340226354229 1581340226364530 10301
Snk : 242 242 1581340226405664 1581340226415960 10296
Snk : 243 243 1581340226457086 1581340226467388 10302
Snk : 244 244 1581340226508526 1581340226518838 10312
Snk : 245 245 1581340226559955 1581340226570258 10303
Snk : 246 246 1581340226611382 1581340226621694 10312
Snk : 247 247 1581340226662815 1581340226673122 10307
Snk : 248 248 1581340226714289 1581340226724602 10313
Snk : 249 249 1581340226765689 1581340226775999 10310
Snk : 250 250 1581340226817124 1581340226827434 10310
Snk : 251 251 1581340226868547 1581340226878853 10306
Snk : 252 252 1581340226920014 1581340226930322 10308
Snk : 253 253 1581340226971450 1581340226981754 10304
Snk : 254 254 1581340227022885 1581340227033194 10309
Snk : 255 255 1581340227074288 1581340227084594 10306
Snk : 256 256 1581340227125742 1581340227136045 10303
Snk : 257 257 1581340227177148 1581340227187453 10305
Snk : 258 258 1581340227228588 1581340227238893 10305
Snk : 259 259 1581340227280014 1581340227290324 10310
Snk : 260 260 1581340227331436 1581340227341736 10300
Snk : 261 261 1581340227382885 1581340227393189 10304
Snk : 262 262 1581340227434307 1581340227444618 10311
Snk : 263 263 1581340227485744 1581340227496037 10293
Snk : 264 264 1581340227537169 1581340227547471 10302
Snk : 265 265 1581340227588723 1581340227599021 10298
Snk : 266 266 1581340227640147 1581340227650444 10297
Snk : 267 267 1581340227691576 1581340227701887 10311
Snk : 268 268 1581340227743008 1581340227753312 10304
Snk : 269 269 1581340227794555 1581340227804876 10321
Snk : 270 270 1581340227846007 1581340227856309 10302
Snk : 271 271 1581340227897450 1581340227907751 10301
Snk : 272 272 1581340227948876 1581340227959167 10291
Snk : 273 273 1581340228000341 1581340228010644 10303
Snk : 274 274 1581340228051770 1581340228062080 10310
Snk : 275 275 1581340228103193 1581340228113492 10299
Snk : 276 276 1581340228154624 1581340228164934 10310
Snk : 277 277 1581340228206049 1581340228216356 10307
Snk : 278 278 1581340228257508 1581340228267818 10310
Snk : 279 279 1581340228308932 1581340228319237 10305
Snk : 280 280 1581340228360350 1581340228370661 10311
Snk : 281 281 1581340228411785 1581340228422093 10308
Snk : 282 282 1581340228463210 1581340228473521 10311
Snk : 283 283 1581340228514705 1581340228525012 10307
Snk : 284 284 1581340228566128 1581340228576426 10298
Snk : 285 285 1581340228617573 1581340228627883 10310
Snk : 286 286 1581340228669008 1581340228679313 10305
Snk : 287 287 1581340228720459 1581340228730763 10304
Snk : 288 288 1581340228771892 1581340228782207 10315
Snk : 289 289 1581340228823314 1581340228833619 10305
Snk : 290 290 1581340228874735 1581340228885040 10305
Snk : 291 291 1581340228926216 1581340228936521 10305
Snk : 292 292 1581340228977654 1581340228987954 10300
Snk : 293 293 1581340229029075 1581340229039382 10307
Snk : 294 294 1581340229080498 1581340229090802 10304
Snk : 295 295 1581340229131924 1581340229142235 10311
Snk : 296 296 1581340229183349 1581340229193653 10304
Snk : 297 297 1581340229234789 1581340229245100 10311
Snk : 298 298 1581340229286211 1581340229296512 10301
Snk : 299 299 1581340229337674 1581340229347979 10305
Snk : 300 300 1581340229389112 1581340229399422 10310
Snk : 301 301 1581340229440535 1581340229450837 10302
Snk : 302 302 1581340229491980 1581340229502292 10312
Snk : 303 303 1581340229543494 1581340229553797 10303
Snk : 304 304 1581340229594928 1581340229605229 10301
Snk : 305 305 1581340229646367 1581340229656671 10304
Snk : 306 306 1581340229697799 1581340229708101 10302
Snk : 307 307 1581340229749232 1581340229759541 10309
Snk : 308 308 1581340229800661 1581340229810959 10298
Snk : 309 309 1581340229852087 1581340229862389 10302
Snk : 310 310 1581340229903520 1581340229913817 10297
Snk : 311 311 1581340229954948 1581340229965260 10312
Snk : 312 312 1581340230006370 1581340230016674 10304
Snk : 313 313 1581340230057798 1581340230068099 10301
Snk : 314 314 1581340230109242 1581340230119548 10306
Snk : 315 315 1581340230160656 1581340230170954 10298
Snk : 316 316 1581340230212095 1581340230222405 10310
Snk : 317 317 1581340230263527 1581340230273829 10302
Snk : 318 318 1581340230314990 1581340230325299 10309
Snk : 319 319 1581340230366402 1581340230376713 10311
Snk : 320 320 1581340230417854 1581340230428158 10304
Snk : 321 321 1581340230469246 1581340230479545 10299
Snk : 322 322 1581340230520706 1581340230531016 10310
Snk : 323 323 1581340230572135 1581340230582439 10304
Snk : 324 324 1581340230623572 1581340230633877 10305
Snk : 325 325 1581340230674970 1581340230685273 10303
Snk : 326 326 1581340230726425 1581340230736722 10297
Snk : 327 327 1581340230777853 1581340230788149 10296
Snk : 328 328 1581340230829316 1581340230839625 10309
Snk : 329 329 1581340230880673 1581340230890972 10299
Snk : 330 330 1581340230932107 1581340230942419 10312
Snk : 331 331 1581340230983532 1581340230993838 10306
Snk : 332 332 1581340231034960 1581340231045271 10311
Snk : 333 333 1581340231086388 1581340231096692 10304
Snk : 334 334 1581340231137821 1581340231148131 10310
Snk : 335 335 1581340231189233 1581340231199537 10304
Snk : 336 336 1581340231240669 1581340231250975 10306
Snk : 337 337 1581340231292093 1581340231302403 10310
Snk : 338 338 1581340231343535 1581340231353846 10311
Snk : 339 339 1581340231394965 1581340231405267 10302
Snk : 340 340 1581340231446388 1581340231456696 10308
Snk : 341 341 1581340231497820 1581340231508122 10302
Snk : 342 342 1581340231549392 1581340231559696 10304
Snk : 343 343 1581340231600829 1581340231611128 10299
Snk : 344 344 1581340231652225 1581340231662521 10296
Snk : 345 345 1581340231703657 1581340231713967 10310
Snk : 346 346 1581340231755090 1581340231765398 10308
Snk : 347 347 1581340231806552 1581340231816864 10312
Snk : 348 348 1581340231857966 1581340231868264 10298
Snk : 349 349 1581340231909424 1581340231919724 10300
Snk : 350 350 1581340231960845 1581340231971151 10306
Snk : 351 351 1581340232012272 1581340232022579 10307
Snk : 352 352 1581340232063699 1581340232073996 10297
Snk : 353 353 1581340232115156 1581340232125467 10311
Snk : 354 354 1581340232166588 1581340232176895 10307
Snk : 355 355 1581340232218008 1581340232228315 10307
Snk : 356 356 1581340232269484 1581340232279777 10293
Snk : 357 357 1581340232320953 1581340232331256 10303
Snk : 358 358 1581340232372377 1581340232382674 10297
Snk : 359 359 1581340232423771 1581340232434077 10306
Snk : 360 360 1581340232475193 1581340232485497 10304
Snk : 361 361 1581340232526679 1581340232536988 10309
Snk : 362 362 1581340232578112 1581340232588406 10294
Snk : 363 363 1581340232629533 1581340232639837 10304
Snk : 364 364 1581340232680973 1581340232691279 10306
Snk : 365 365 1581340232732426 1581340232742732 10306
Snk : 366 366 1581340232783863 1581340232794165 10302
Snk : 367 367 1581340232835286 1581340232845597 10311
Snk : 368 368 1581340232886714 1581340232897025 10311
Snk : 369 369 1581340232938144 1581340232948446 10302
Snk : 370 370 1581340232989646 1581340232999955 10309
Snk : 371 371 1581340233041058 1581340233051362 10304
Snk : 372 372 1581340233092500 1581340233102806 10306
Snk : 373 373 1581340233143923 1581340233154226 10303
Snk : 374 374 1581340233195359 1581340233205658 10299
Snk : 375 375 1581340233246787 1581340233257096 10309
Snk : 376 376 1581340233298222 1581340233308528 10306
Snk : 377 377 1581340233349676 1581340233359986 10310
Snk : 378 378 1581340233401127 1581340233411430 10303
Snk : 379 379 1581340233452556 1581340233462860 10304
Snk : 380 380 1581340233503982 1581340233514285 10303
Snk : 381 381 1581340233555506 1581340233565810 10304
Snk : 382 382 1581340233606944 1581340233617248 10304
Snk : 383 383 1581340233658380 1581340233668683 10303
Snk : 384 384 1581340233709797 1581340233720102 10305
Snk : 385 385 1581340233761228 1581340233771519 10291
Snk : 386 386 1581340233812649 1581340233822946 10297
Snk : 387 387 1581340233864094 1581340233874405 10311
Snk : 388 388 1581340233915557 1581340233925861 10304
Snk : 389 389 1581340233988590 1581340234009245 20655
Snk : 390 390 1581340234026926 1581340234037228 10302
Snk : 391 391 1581340234069715 1581340234080008 10293
Snk : 392 392 1581340234121329 1581340234131463 10134
Snk : 393 393 1581340234183232 1581340234193546 10314
Snk : 394 394 1581340234245672 1581340234255976 10304
Snk : 395 395 1581340234306451 1581340234316589 10138
Snk : 396 396 1581340234356542 1581340234366522 9980
Snk : 397 397 1581340234488866 1581340234499062 10196
Snk : 398 398 1581340234539750 1581340234549925 10175
Snk : 399 399 1581340234591080 1581340234601310 10230
Snk : 400 400 1581340234641749 1581340234651910 10161
Snk : 401 401 1581340234692649 1581340234702811 10162
Snk : 402 402 1581340234743424 1581340234753626 10202
Snk : 403 403 1581340234793963 1581340234804136 10173
Snk : 404 404 1581340234844565 1581340234854740 10175
Snk : 405 405 1581340234895105 1581340234905305 10200
Snk : 406 406 1581340234945673 1581340234955845 10172
Snk : 407 407 1581340234996237 1581340235006438 10201
Snk : 408 408 1581340235046775 1581340235056968 10193
Snk : 409 409 1581340235097313 1581340235107476 10163
Snk : 410 410 1581340235147878 1581340235158074 10196
Snk : 411 411 1581340235199319 1581340235209553 10234
Snk : 412 412 1581340235249986 1581340235260156 10170
Snk : 413 413 1581340235300855 1581340235311026 10171
Snk : 414 414 1581340235351592 1581340235361792 10200
Snk : 415 415 1581340235402131 1581340235412300 10169
Snk : 416 416 1581340235452698 1581340235462844 10146
Snk : 417 417 1581340235503204 1581340235513407 10203
Snk : 418 418 1581340235553760 1581340235563925 10165
Snk : 419 419 1581340235604317 1581340235614523 10206
Snk : 420 420 1581340235654899 1581340235665105 10206
Snk : 421 421 1581340235705563 1581340235715711 10148
Snk : 422 422 1581340235756184 1581340235766401 10217
Snk : 423 423 1581340235807692 1581340235817899 10207
Snk : 424 424 1581340235858621 1581340235868822 10201
Snk : 425 425 1581340235909521 1581340235919679 10158
Snk : 426 426 1581340235960118 1581340235970352 10234
Snk : 427 427 1581340236010693 1581340236020895 10202
Snk : 428 428 1581340236061227 1581340236071401 10174
Snk : 429 429 1581340236111790 1581340236122014 10224
Snk : 430 430 1581340236162355 1581340236172522 10167
Snk : 431 431 1581340236212895 1581340236223065 10170
Snk : 432 432 1581340236263427 1581340236273632 10205
Snk : 433 433 1581340236314010 1581340236324200 10190
Snk : 434 434 1581340236364511 1581340236374963 10452
Snk : 435 435 1581340236415606 1581340236425802 10196
Snk : 436 436 1581340236466146 1581340236476315 10169
Snk : 437 437 1581340236516775 1581340236526968 10193
Snk : 438 438 1581340236567335 1581340236577533 10198
Snk : 439 439 1581340236617873 1581340236628043 10170
Snk : 440 440 1581340236668405 1581340236678608 10203
Snk : 441 441 1581340236718971 1581340236729174 10203
Snk : 442 442 1581340236769510 1581340236779677 10167
Snk : 443 443 1581340236820078 1581340236830299 10221
Snk : 444 444 1581340236870628 1581340236880832 10204
Snk : 445 445 1581340236921200 1581340236931366 10166
Snk : 446 446 1581340236971779 1581340236982049 10270
Snk : 447 447 1581340237022561 1581340237032765 10204
Snk : 448 448 1581340237073103 1581340237083240 10137
Snk : 449 449 1581340237123643 1581340237133844 10201
Snk : 450 450 1581340237174178 1581340237184345 10167
Snk : 451 451 1581340237224741 1581340237234903 10162
Snk : 452 452 1581340237275276 1581340237285470 10194
Snk : 453 453 1581340237325912 1581340237336085 10173
Snk : 454 454 1581340237376446 1581340237386642 10196
Snk : 455 455 1581340237426993 1581340237437197 10204
Snk : 456 456 1581340237477522 1581340237487695 10173
Snk : 457 457 1581340237528098 1581340237538297 10199
Snk : 458 458 1581340237578721 1581340237588990 10269
Snk : 459 459 1581340237629454 1581340237639622 10168
Snk : 460 460 1581340237680022 1581340237690217 10195
Snk : 461 461 1581340237730649 1581340237740875 10226
Snk : 462 462 1581340237781217 1581340237791390 10173
Snk : 463 463 1581340237831773 1581340237841982 10209
Snk : 464 464 1581340237882317 1581340237892491 10174
Snk : 465 465 1581340237932913 1581340237943086 10173
Snk : 466 466 1581340237983547 1581340237993727 10180
Snk : 467 467 1581340238034116 1581340238044278 10162
Snk : 468 468 1581340238084684 1581340238094917 10233
Snk : 469 469 1581340238135308 1581340238145510 10202
Snk : 470 470 1581340238186270 1581340238196535 10265
Snk : 471 471 1581340238236974 1581340238247121 10147
Snk : 472 472 1581340238287480 1581340238297716 10236
Snk : 473 473 1581340238338078 1581340238348244 10166
Snk : 474 474 1581340238388633 1581340238398806 10173
Snk : 475 475 1581340238439155 1581340238449356 10201
Snk : 476 476 1581340238489783 1581340238499983 10200
Snk : 477 477 1581340238540376 1581340238550576 10200
Snk : 478 478 1581340238590916 1581340238601109 10193
Snk : 479 479 1581340238641454 1581340238651622 10168
Snk : 480 480 1581340238691988 1581340238702211 10223
Snk : 481 481 1581340238742790 1581340238752989 10199
Snk : 482 482 1581340238793880 1581340238804051 10171
Snk : 483 483 1581340238844586 1581340238854753 10167
Snk : 484 484 1581340238895454 1581340238905628 10174
Snk : 485 485 1581340238946191 1581340238956350 10159
Snk : 486 486 1581340239008932 1581340239019235 10303
Snk : 487 487 1581340239059331 1581340239069634 10303
Snk : 488 488 1581340239100703 1581340239110992 10289
Snk : 489 489 1581340239151920 1581340239162221 10301
Snk : 490 490 1581340239203141 1581340239213444 10303
Snk : 491 491 1581340239254211 1581340239264414 10203
Snk : 492 492 1581340239304425 1581340239314358 9933
Snk : 493 493 1581340239386295 1581340239396428 10133
Snk : 494 494 1581340239436131 1581340239446198 10067
Snk : 495 495 1581340239486768 1581340239496881 10113
Snk : 496 496 1581340239537305 1581340239547271 9966
Snk : 497 497 1581340239586720 1581340239596712 9992
Snk : 498 498 1581340239636201 1581340239646257 10056
Snk : 499 499 1581340239685868 1581340239695922 10054
Snk : 500 500 1581340239735351 1581340239745369 10018
Snk : 501 501 1581340239784844 1581340239794792 9948
Snk : 502 502 1581340239834252 1581340239844200 9948
Snk : 503 503 1581340239883597 1581340239893565 9968
Snk : 504 504 1581340239933088 1581340239943059 9971
Snk : 505 505 1581340239982809 1581340239993030 10221
Snk : 506 506 1581340240032481 1581340240042479 9998
Snk : 507 507 1581340240081858 1581340240091840 9982
Snk : 508 508 1581340240131293 1581340240141304 10011
Snk : 509 509 1581340240180707 1581340240190685 9978
Snk : 510 510 1581340240230112 1581340240240081 9969
Snk : 511 511 1581340240279465 1581340240289470 10005
Snk : 512 512 1581340240328984 1581340240338929 9945
Snk : 513 513 1581340240378359 1581340240388311 9952
Snk : 514 514 1581340240427706 1581340240437687 9981
Snk : 515 515 1581340240477113 1581340240487069 9956
Snk : 516 516 1581340240526607 1581340240536553 9946
Snk : 517 517 1581340240576165 1581340240586290 10125
Snk : 518 518 1581340240626111 1581340240636089 9978
Snk : 519 519 1581340240675462 1581340240685473 10011
Snk : 520 520 1581340240724974 1581340240734948 9974
Snk : 521 521 1581340240774411 1581340240784381 9970
Snk : 522 522 1581340240823888 1581340240833894 10006
Snk : 523 523 1581340240873338 1581340240883284 9946
Snk : 524 524 1581340240922772 1581340240932752 9980
Snk : 525 525 1581340240972179 1581340240982161 9982
Snk : 526 526 1581340241021526 1581340241031470 9944
Snk : 527 527 1581340241070834 1581340241080822 9988
Snk : 528 528 1581340241120223 1581340241130237 10014
Snk : 529 529 1581340241169632 1581340241180047 10415
Snk : 530 530 1581340241219954 1581340241229954 10000
Snk : 531 531 1581340241269863 1581340241279844 9981
Snk : 532 532 1581340241319803 1581340241329815 10012
Snk : 533 533 1581340241369216 1581340241379191 9975
Snk : 534 534 1581340241418622 1581340241428569 9947
Snk : 535 535 1581340241467969 1581340241477947 9978
Snk : 536 536 1581340241517490 1581340241527444 9954
Snk : 537 537 1581340241567004 1581340241577000 9996
Snk : 538 538 1581340241616453 1581340241626492 10039
Snk : 539 539 1581340241665945 1581340241675916 9971
Snk : 540 540 1581340241715339 1581340241725337 9998
Snk : 541 541 1581340241764784 1581340241774760 9976
Snk : 542 542 1581340241815150 1581340241825197 10047
Snk : 543 543 1581340241865110 1581340241875062 9952
Snk : 544 544 1581340241914937 1581340241924908 9971
Snk : 545 545 1581340241964314 1581340241974297 9983
Snk : 546 546 1581340242013710 1581340242023651 9941
Snk : 547 547 1581340242063088 1581340242073098 10010
Snk : 548 548 1581340242112549 1581340242122552 10003
Snk : 549 549 1581340242161987 1581340242171961 9974
Snk : 550 550 1581340242211336 1581340242221347 10011
Snk : 551 551 1581340242260771 1581340242270744 9973
Snk : 552 552 1581340242310211 1581340242320161 9950
Snk : 553 553 1581340242359618 1581340242369629 10011
Snk : 554 554 1581340242409855 1581340242419808 9953
Snk : 555 555 1581340242459225 1581340242469206 9981
Snk : 556 556 1581340242508646 1581340242518609 9963
Snk : 557 557 1581340242558067 1581340242568007 9940
Snk : 558 558 1581340242607416 1581340242617427 10011
Snk : 559 559 1581340242656826 1581340242666804 9978
Snk : 560 560 1581340242706235 1581340242716286 10051
Snk : 561 561 1581340242755730 1581340242765733 10003
Snk : 562 562 1581340242805125 1581340242815137 10012
Snk : 563 563 1581340242854569 1581340242864538 9969
Snk : 564 564 1581340242903998 1581340242913995 9997
Snk : 565 565 1581340242953459 1581340242963407 9948
Snk : 566 566 1581340243003669 1581340243013702 10033
Snk : 567 567 1581340243053136 1581340243063100 9964
Snk : 568 568 1581340243102565 1581340243112515 9950
Snk : 569 569 1581340243151947 1581340243161945 9998
Snk : 570 570 1581340243201339 1581340243211308 9969
Snk : 571 571 1581340243250657 1581340243260658 10001
Snk : 572 572 1581340243300091 1581340243310097 10006
Snk : 573 573 1581340243349586 1581340243359569 9983
Snk : 574 574 1581340243398966 1581340243408969 10003
Snk : 575 575 1581340243448343 1581340243458339 9996
Snk : 576 576 1581340243497929 1581340243507876 9947
Snk : 577 577 1581340243547376 1581340243557390 10014
Snk : 578 578 1581340243597428 1581340243607409 9981
Snk : 579 579 1581340243646938 1581340243656941 10003
Snk : 580 580 1581340243696305 1581340243706352 10047
Snk : 581 581 1581340243745790 1581340243755758 9968
Snk : 582 582 1581340243795161 1581340243805157 9996
Snk : 583 583 1581340243844567 1581340243854577 10010
Snk : 584 584 1581340243894001 1581340243904011 10010
Snk : 585 585 1581340243943435 1581340243953446 10011
Snk : 586 586 1581340243992900 1581340244002849 9949
Snk : 587 587 1581340244042279 1581340244052225 9946
Snk : 588 588 1581340244091598 1581340244101608 10010
Snk : 589 589 1581340244141063 1581340244151007 9944
Snk : 590 590 1581340244190904 1581340244201021 10117
Snk : 591 591 1581340244240506 1581340244250505 9999
Snk : 592 592 1581340244289882 1581340244299879 9997
Snk : 593 593 1581340244339341 1581340244349350 10009
Snk : 594 594 1581340244388762 1581340244398738 9976
Snk : 595 595 1581340244438173 1581340244448153 9980
Snk : 596 596 1581340244487551 1581340244497562 10011
Snk : 597 597 1581340244537076 1581340244547024 9948
Snk : 598 598 1581340244586429 1581340244596401 9972
Snk : 599 599 1581340244635864 1581340244645840 9976
Snk : 600 600 1581340244685278 1581340244695229 9951
Snk : 601 601 1581340244734735 1581340244744715 9980
Snk : 602 602 1581340244784219 1581340244794409 10190
Snk : 603 603 1581340244834165 1581340244844134 9969
Snk : 604 604 1581340244884042 1581340244894031 9989
Snk : 605 605 1581340244934017 1581340244943998 9981
Snk : 606 606 1581340244983390 1581340244993395 10005
Snk : 607 607 1581340245032827 1581340245042773 9946
Snk : 608 608 1581340245082203 1581340245092155 9952
Snk : 609 609 1581340245131625 1581340245141614 9989
Snk : 610 610 1581340245181034 1581340245190987 9953
Snk : 611 611 1581340245230387 1581340245240339 9952
Snk : 612 612 1581340245279734 1581340245289725 9991
Snk : 613 613 1581340245329269 1581340245339248 9979
Snk : 614 614 1581340245378635 1581340245388647 10012
Snk : 615 615 1581340245428002 1581340245438001 9999
Snk : 616 616 1581340245477416 1581340245487386 9970
Snk : 617 617 1581340245526903 1581340245536903 10000
Snk : 618 618 1581340245576363 1581340245586367 10004
Snk : 619 619 1581340245625916 1581340245635863 9947
Snk : 620 620 1581340245675397 1581340245685379 9982
Snk : 621 621 1581340245724838 1581340245734785 9947
Snk : 622 622 1581340245774230 1581340245784182 9952
Snk : 623 623 1581340245823545 1581340245833526 9981
Snk : 624 624 1581340245872922 1581340245882866 9944
Snk : 625 625 1581340245922311 1581340245932280 9969
Snk : 626 626 1581340245971687 1581340245981683 9996
Snk : 627 627 1581340246021112 1581340246031063 9951
Snk : 628 628 1581340246070489 1581340246080440 9951
Snk : 629 629 1581340246119920 1581340246129931 10011
Snk : 630 630 1581340246169355 1581340246179295 9940
Snk : 631 631 1581340246218725 1581340246228731 10006
Snk : 632 632 1581340246268114 1581340246278087 9973
Snk : 633 633 1581340246317544 1581340246327495 9951
Snk : 634 634 1581340246366978 1581340246376959 9981
Snk : 635 635 1581340246416327 1581340246426299 9972
Snk : 636 636 1581340246465704 1581340246475650 9946
Snk : 637 637 1581340246515080 1581340246525054 9974
Snk : 638 638 1581340246564489 1581340246574467 9978
Snk : 639 639 1581340246613897 1581340246623838 9941
Snk : 640 640 1581340246663269 1581340246673242 9973
Snk : 641 641 1581340246712744 1581340246722652 9908
Snk : 642 642 1581340246762089 1581340246772040 9951
Snk : 643 643 1581340246811435 1581340246821461 10026
Snk : 644 644 1581340246860913 1581340246870855 9942
Snk : 645 645 1581340246910377 1581340246920323 9946
Snk : 646 646 1581340246959753 1581340246969727 9974
Snk : 647 647 1581340247009123 1581340247019067 9944
Snk : 648 648 1581340247058467 1581340247068418 9951
Snk : 649 649 1581340247107836 1581340247117810 9974
Snk : 650 650 1581340247157263 1581340247167214 9951
Snk : 651 651 1581340247206614 1581340247216556 9942
Snk : 652 652 1581340247255955 1581340247265931 9976
Snk : 653 653 1581340247305415 1581340247315361 9946
Snk : 654 654 1581340247354850 1581340247364826 9976
Snk : 655 655 1581340247404220 1581340247414195 9975
Snk : 656 656 1581340247453626 1581340247463576 9950
Snk : 657 657 1581340247503007 1581340247512983 9976
Snk : 658 658 1581340247552466 1581340247562447 9981
Snk : 659 659 1581340247601836 1581340247611781 9945
Snk : 660 660 1581340247651163 1581340247661145 9982
Snk : 661 661 1581340247700557 1581340247710539 9982
Snk : 662 662 1581340247750078 1581340247760022 9944
Snk : 663 663 1581340247799565 1581340247809614 10049
Snk : 664 664 1581340247849027 1581340247858972 9945
Snk : 665 665 1581340247898402 1581340247908372 9970
Snk : 666 666 1581340247947796 1581340247957775 9979
Snk : 667 667 1581340247997314 1581340248007253 9939
Snk : 668 668 1581340248046689 1581340248056670 9981
Snk : 669 669 1581340248096039 1581340248106039 10000
Snk : 670 670 1581340248145438 1581340248155389 9951
Snk : 671 671 1581340248194779 1581340248204757 9978
Snk : 672 672 1581340248244127 1581340248254137 10010
Snk : 673 673 1581340248293562 1581340248303543 9981
Snk : 674 674 1581340248343015 1581340248352991 9976
Snk : 675 675 1581340248392387 1581340248402368 9981
Snk : 676 676 1581340248441798 1581340248451764 9966
Snk : 677 677 1581340248491277 1581340248501317 10040
Snk : 678 678 1581340248540747 1581340248550697 9950
Snk : 679 679 1581340248590120 1581340248600051 9931
Snk : 680 680 1581340248639456 1581340248649429 9973
Snk : 681 681 1581340248688818 1581340248698758 9940
Snk : 682 682 1581340248738234 1581340248748181 9947
Snk : 683 683 1581340248787630 1581340248797604 9974
Snk : 684 684 1581340248837247 1581340248847193 9946
Snk : 685 685 1581340248886624 1581340248896552 9928
Snk : 686 686 1581340248935990 1581340248945970 9980
Snk : 687 687 1581340248985441 1581340248995387 9946
Snk : 688 688 1581340249034816 1581340249044796 9980
Snk : 689 689 1581340249084167 1581340249094147 9980
Snk : 690 690 1581340249133607 1581340249143558 9951
Snk : 691 691 1581340249182954 1581340249192921 9967
Snk : 692 692 1581340249232295 1581340249242274 9979
Snk : 693 693 1581340249281668 1581340249291619 9951
Snk : 694 694 1581340249331141 1581340249341150 10009
Snk : 695 695 1581340249380541 1581340249390516 9975
Snk : 696 696 1581340249429951 1581340249439955 10004
Snk : 697 697 1581340249479026 1581340249488966 9940
Snk : 698 698 1581340249528086 1581340249538057 9971
Snk : 699 699 1581340249577148 1581340249587061 9913
Snk : 700 700 1581340249626003 1581340249635785 9782
