Src : 1 1 1581340436281755 1581340436296846 15091
Src : 2 2 1581340436296865 1581340436307009 10144
Src : 3 3 1581340436307014 1581340436317629 10615
Src : 4 4 1581340436317648 1581340436328075 10427
Src : 5 5 1581340436348509 1581340436358839 10330
Src : 6 6 1581340436399249 1581340436409485 10236
Src : 7 7 1581340436449856 1581340436460065 10209
Src : 8 8 1581340436500470 1581340436510690 10220
Src : 9 9 1581340436549921 1581340436560153 10232
Src : 10 10 1581340436599311 1581340436609566 10255
Src : 11 11 1581340436648709 1581340436658919 10210
Src : 12 12 1581340436698078 1581340436708302 10224
Src : 13 13 1581340436747544 1581340436757817 10273
Src : 14 14 1581340436797076 1581340436807268 10192
Src : 15 15 1581340436846618 1581340436856849 10231
Src : 16 16 1581340436896964 1581340436907257 10293
Src : 17 17 1581340436946894 1581340436957166 10272
Src : 18 18 1581340436996766 1581340437006963 10197
Src : 19 19 1581340437046153 1581340437056335 10182
Src : 20 20 1581340437095493 1581340437105795 10302
Src : 21 21 1581340437144906 1581340437155084 10178
Src : 22 22 1581340437194330 1581340437204573 10243
Src : 23 23 1581340437243721 1581340437253993 10272
Src : 24 24 1581340437293186 1581340437303426 10240
Src : 25 25 1581340437342618 1581340437352862 10244
Src : 26 26 1581340437392013 1581340437402287 10274
Src : 27 27 1581340437441366 1581340437451568 10202
Src : 28 28 1581340437491590 1581340437502019 10429
Src : 29 29 1581340437541421 1581340437551626 10205
Src : 30 30 1581340437591361 1581340437601628 10267
Src : 31 31 1581340437640934 1581340437651128 10194
Src : 32 32 1581340437690313 1581340437700530 10217
Src : 33 33 1581340437740923 1581340437751122 10199
Src : 34 34 1581340437790882 1581340437801147 10265
Src : 35 35 1581340437840420 1581340437850660 10240
Src : 36 36 1581340437889832 1581340437900032 10200
Src : 37 37 1581340437939186 1581340437949415 10229
Src : 38 38 1581340437988574 1581340437998787 10213
Src : 39 39 1581340438038164 1581340438048382 10218
Src : 40 40 1581340438088218 1581340438098473 10255
Src : 41 41 1581340438138336 1581340438148575 10239
Src : 42 42 1581340438188149 1581340438198389 10240
Src : 43 43 1581340438237675 1581340438247868 10193
Src : 44 44 1581340438287025 1581340438297262 10237
Src : 45 45 1581340438336413 1581340438346678 10265
Src : 46 46 1581340438385868 1581340438396113 10245
Src : 47 47 1581340438435270 1581340438445484 10214
Src : 48 48 1581340438484565 1581340438494890 10325
Src : 49 49 1581340438534131 1581340438544342 10211
Src : 50 50 1581340438583471 1581340438593709 10238
Src : 51 51 1581340438633252 1581340438643506 10254
Src : 52 52 1581340438683189 1581340438693548 10359
Src : 53 53 1581340438733058 1581340438743268 10210
Src : 54 54 1581340438782949 1581340438793194 10245
Src : 55 55 1581340438832570 1581340438842843 10273
Src : 56 56 1581340438881926 1581340438892130 10204
Src : 57 57 1581340438931253 1581340438941477 10224
Src : 58 58 1581340438980603 1581340438990836 10233
Src : 59 59 1581340439029942 1581340439040187 10245
Src : 60 60 1581340439079283 1581340439089550 10267
Src : 61 61 1581340439128696 1581340439138905 10209
Src : 62 62 1581340439178136 1581340439188339 10203
Src : 63 63 1581340439227495 1581340439237736 10241
Src : 64 64 1581340439276851 1581340439287371 10520
Src : 65 65 1581340439327091 1581340439337345 10254
Src : 66 66 1581340439376478 1581340439386752 10274
Src : 67 67 1581340439425857 1581340439436095 10238
Src : 68 68 1581340439475182 1581340439485458 10276
Src : 69 69 1581340439524658 1581340439534852 10194
Src : 70 70 1581340439573997 1581340439584214 10217
Src : 71 71 1581340439623359 1581340439633572 10213
Src : 72 72 1581340439672671 1581340439682853 10182
Src : 73 73 1581340439722053 1581340439732268 10215
Src : 74 74 1581340439771505 1581340439781778 10273
Src : 75 75 1581340439820965 1581340439831176 10211
Src : 76 76 1581340439870291 1581340439880536 10245
Src : 77 77 1581340439920547 1581340439930825 10278
Src : 78 78 1581340439970631 1581340439980842 10211
Src : 79 79 1581340440020879 1581340440031190 10311
Src : 80 80 1581340440070468 1581340440080743 10275
Src : 81 81 1581340440119852 1581340440130127 10275
Src : 82 82 1581340440169263 1581340440179473 10210
Src : 83 83 1581340440218607 1581340440228880 10273
Src : 84 84 1581340440267989 1581340440278219 10230
Src : 85 85 1581340440317433 1581340440327674 10241
Src : 86 86 1581340440366833 1581340440377096 10263
Src : 87 87 1581340440416173 1581340440426436 10263
Src : 88 88 1581340440465514 1581340440475731 10217
Src : 89 89 1581340440515886 1581340440526164 10278
Src : 90 90 1581340440565770 1581340440576075 10305
Src : 91 91 1581340440615678 1581340440625915 10237
Src : 92 92 1581340440665010 1581340440675243 10233
Src : 93 93 1581340440714409 1581340440724685 10276
Src : 94 94 1581340440763879 1581340440774126 10247
Src : 95 95 1581340440813366 1581340440823570 10204
Src : 96 96 1581340440862736 1581340440872974 10238
Src : 97 97 1581340440912135 1581340440922374 10239
Src : 98 98 1581340440961490 1581340440971735 10245
Src : 99 99 1581340441010862 1581340441021054 10192
Src : 100 100 1581340441060180 1581340441070453 10273
Src : 101 101 1581340441110624 1581340441120912 10288
Src : 102 102 1581340441160544 1581340441170842 10298
Src : 103 103 1581340441210447 1581340441220712 10265
Src : 104 104 1581340441259779 1581340441270017 10238
Src : 105 105 1581340441309183 1581340441319410 10227
Src : 106 106 1581340441358532 1581340441368790 10258
Src : 107 107 1581340441407928 1581340441418180 10252
Src : 108 108 1581340441457266 1581340441467510 10244
Src : 109 109 1581340441506746 1581340441517012 10266
Src : 110 110 1581340441556084 1581340441566384 10300
Src : 111 111 1581340441605526 1581340441615732 10206
Src : 112 112 1581340441654852 1581340441665118 10266
Src : 113 113 1581340441705257 1581340441715503 10246
Src : 114 114 1581340441755224 1581340441765521 10297
Src : 115 115 1581340441805096 1581340441815353 10257
Src : 116 116 1581340441854444 1581340441864718 10274
Src : 117 117 1581340441903823 1581340441914072 10249
Src : 118 118 1581340441953207 1581340441963481 10274
Src : 119 119 1581340442002603 1581340442012842 10239
Src : 120 120 1581340442051933 1581340442062149 10216
Src : 121 121 1581340442101271 1581340442111512 10241
Src : 122 122 1581340442150636 1581340442160911 10275
Src : 123 123 1581340442200020 1581340442210260 10240
Src : 124 124 1581340442249363 1581340442259607 10244
Src : 125 125 1581340442299361 1581340442309697 10336
Src : 126 126 1581340442349705 1581340442359900 10195
Src : 127 127 1581340442399614 1581340442409897 10283
Src : 128 128 1581340442448994 1581340442459210 10216
Src : 129 129 1581340442498386 1581340442508612 10226
Src : 130 130 1581340442547739 1581340442557985 10246
Src : 131 131 1581340442597208 1581340442607452 10244
Src : 132 132 1581340442646577 1581340442656851 10274
Src : 133 133 1581340442695958 1581340442706213 10255
Src : 134 134 1581340442745464 1581340442755704 10240
Src : 135 135 1581340442794878 1581340442805130 10252
Src : 136 136 1581340442844326 1581340442854598 10272
Src : 137 137 1581340442894274 1581340442904533 10259
Src : 138 138 1581340442944235 1581340442954506 10271
Src : 139 139 1581340442994137 1581340443004349 10212
Src : 140 140 1581340443043599 1581340443053807 10208
Src : 141 141 1581340443092940 1581340443103185 10245
Src : 142 142 1581340443142309 1581340443152527 10218
Src : 143 143 1581340443191795 1581340443202069 10274
Src : 144 144 1581340443241209 1581340443251371 10162
Src : 145 145 1581340443290590 1581340443300832 10242
Src : 146 146 1581340443339988 1581340443350263 10275
Src : 147 147 1581340443389416 1581340443399621 10205
Src : 148 148 1581340443438811 1581340443449032 10221
Src : 149 149 1581340443488174 1581340443498553 10379
Src : 150 150 1581340443538124 1581340443548393 10269
Src : 151 151 1581340443587588 1581340443597858 10270
Src : 152 152 1581340443636956 1581340443647172 10216
Src : 153 153 1581340443686716 1581340443696991 10275
Src : 154 154 1581340443736149 1581340443746423 10274
Src : 155 155 1581340443785613 1581340443795827 10214
Src : 156 156 1581340443835092 1581340443845330 10238
Src : 157 157 1581340443884462 1581340443894687 10225
Src : 158 158 1581340443933873 1581340443944088 10215
Src : 159 159 1581340443983373 1581340443993644 10271
Src : 160 160 1581340444032694 1581340444042936 10242
Src : 161 161 1581340444082076 1581340444092336 10260
Src : 162 162 1581340444131901 1581340444142160 10259
Src : 163 163 1581340444181303 1581340444191547 10244
Src : 164 164 1581340444230669 1581340444240943 10274
Src : 165 165 1581340444280039 1581340444290279 10240
Src : 166 166 1581340444329480 1581340444339723 10243
Src : 167 167 1581340444378921 1581340444389178 10257
Src : 168 168 1581340444428287 1581340444438506 10219
Src : 169 169 1581340444477711 1581340444487916 10205
Src : 170 170 1581340444527095 1581340444537367 10272
Src : 171 171 1581340444576535 1581340444586771 10236
Src : 172 172 1581340444625918 1581340444636131 10213
Src : 173 173 1581340444675297 1581340444685550 10253
Src : 174 174 1581340444725473 1581340444735671 10198
Src : 175 175 1581340444775029 1581340444785304 10275
Src : 176 176 1581340444824672 1581340444834862 10190
Src : 177 177 1581340444874060 1581340444884271 10211
Src : 178 178 1581340444923470 1581340444933742 10272
Src : 179 179 1581340444972908 1581340444983094 10186
Src : 180 180 1581340445022302 1581340445032513 10211
Src : 181 181 1581340445071665 1581340445081897 10232
Src : 182 182 1581340445121039 1581340445131255 10216
Src : 183 183 1581340445170435 1581340445180706 10271
Src : 184 184 1581340445219817 1581340445230045 10228
Src : 185 185 1581340445269170 1581340445279382 10212
Src : 186 186 1581340445319471 1581340445329741 10270
Src : 187 187 1581340445369374 1581340445379550 10176
Src : 188 188 1581340445419225 1581340445429448 10223
Src : 189 189 1581340445468589 1581340445478805 10216
Src : 190 190 1581340445518018 1581340445528213 10195
Src : 191 191 1581340445567527 1581340445577781 10254
Src : 192 192 1581340445616857 1581340445627067 10210
Src : 193 193 1581340445666210 1581340445676454 10244
Src : 194 194 1581340445715637 1581340445725890 10253
Src : 195 195 1581340445765000 1581340445775211 10211
Src : 196 196 1581340445814383 1581340445824616 10233
Src : 197 197 1581340445863724 1581340445873996 10272
Src : 198 198 1581340445914061 1581340445924320 10259
Src : 199 199 1581340445964016 1581340445974291 10275
Src : 200 200 1581340446013901 1581340446024142 10241
Src : 201 201 1581340446063290 1581340446073564 10274
Src : 202 202 1581340446112701 1581340446122891 10190
Src : 203 203 1581340446162051 1581340446172289 10238
Src : 204 204 1581340446211431 1581340446221667 10236
Src : 205 205 1581340446260787 1581340446270990 10203
Src : 206 206 1581340446310152 1581340446320392 10240
Src : 207 207 1581340446359586 1581340446369823 10237
Src : 208 208 1581340446408965 1581340446419208 10243
Src : 209 209 1581340446458345 1581340446468561 10216
Src : 210 210 1581340446508397 1581340446518717 10320
Src : 211 211 1581340446558499 1581340446568795 10296
Src : 212 212 1581340446608444 1581340446618664 10220
Src : 213 213 1581340446657859 1581340446668050 10191
Src : 214 214 1581340446707469 1581340446717757 10288
Src : 215 215 1581340446757133 1581340446767376 10243
Src : 216 216 1581340446806549 1581340446816798 10249
Src : 217 217 1581340446855901 1581340446866172 10271
Src : 218 218 1581340446905340 1581340446915611 10271
Src : 219 219 1581340446954768 1581340446965044 10276
Src : 220 220 1581340447004179 1581340447014405 10226
Src : 221 221 1581340447053559 1581340447063772 10213
Src : 222 222 1581340447103396 1581340447113721 10325
Src : 223 223 1581340447153482 1581340447163710 10228
Src : 224 224 1581340447203356 1581340447213590 10234
Src : 225 225 1581340447252695 1581340447262939 10244
Src : 226 226 1581340447302047 1581340447312284 10237
Src : 227 227 1581340447351430 1581340447361672 10242
Src : 228 228 1581340447400817 1581340447411060 10243
Src : 229 229 1581340447450225 1581340447460440 10215
Src : 230 230 1581340447499645 1581340447509884 10239
Src : 231 231 1581340447549080 1581340447559325 10245
Src : 232 232 1581340447598518 1581340447608757 10239
Src : 233 233 1581340447647900 1581340447658167 10267
Src : 234 234 1581340447697267 1581340447707470 10203
Src : 235 235 1581340447746664 1581340447756926 10262
Src : 236 236 1581340447796301 1581340447806532 10231
Src : 237 237 1581340447845691 1581340447855936 10245
Src : 238 238 1581340447895080 1581340447905338 10258
Src : 239 239 1581340447944441 1581340447954688 10247
Src : 240 240 1581340447994096 1581340448004316 10220
Src : 241 241 1581340448043549 1581340448053806 10257
Src : 242 242 1581340448092954 1581340448103166 10212
Src : 243 243 1581340448142335 1581340448152544 10209
Src : 244 244 1581340448191697 1581340448201931 10234
Src : 245 245 1581340448241019 1581340448251260 10241
Src : 246 246 1581340448290372 1581340448300582 10210
Src : 247 247 1581340448339801 1581340448350076 10275
Src : 248 248 1581340448389220 1581340448399429 10209
Src : 249 249 1581340448438578 1581340448448815 10237
Src : 250 250 1581340448487948 1581340448498190 10242
Src : 251 251 1581340448537447 1581340448547688 10241
Src : 252 252 1581340448586929 1581340448597202 10273
Src : 253 253 1581340448636384 1581340448646657 10273
Src : 254 254 1581340448685944 1581340448696183 10239
Src : 255 255 1581340448735633 1581340448745868 10235
Src : 256 256 1581340448785179 1581340448795388 10209
Src : 257 257 1581340448834818 1581340448845051 10233
Src : 258 258 1581340448884178 1581340448894408 10230
Src : 259 259 1581340448933565 1581340448943808 10243
Src : 260 260 1581340448982973 1581340448993215 10242
Src : 261 261 1581340449032326 1581340449042601 10275
Src : 262 262 1581340449081765 1581340449091959 10194
Src : 263 263 1581340449131201 1581340449141442 10241
Src : 264 264 1581340449180615 1581340449190852 10237
Src : 265 265 1581340449229983 1581340449240254 10271
Src : 266 266 1581340449279390 1581340449289623 10233
Src : 267 267 1581340449328834 1581340449339044 10210
Src : 268 268 1581340449378214 1581340449388458 10244
Src : 269 269 1581340449427593 1581340449437867 10274
Src : 270 270 1581340449476975 1581340449487211 10236
Src : 271 271 1581340449526404 1581340449536632 10228
Src : 272 272 1581340449575879 1581340449586133 10254
Src : 273 273 1581340449625258 1581340449635466 10208
Src : 274 274 1581340449674774 1581340449685045 10271
Src : 275 275 1581340449724267 1581340449734479 10212
Src : 276 276 1581340449773694 1581340449783938 10244
Src : 277 277 1581340449823201 1581340449833459 10258
Src : 278 278 1581340449872588 1581340449882823 10235
Src : 279 279 1581340449921984 1581340449932217 10233
Src : 280 280 1581340449971376 1581340449981640 10264
Src : 281 281 1581340450020745 1581340450030950 10205
Src : 282 282 1581340450070089 1581340450080300 10211
Src : 283 283 1581340450119456 1581340450129696 10240
Src : 284 284 1581340450168854 1581340450179097 10243
Src : 285 285 1581340450218262 1581340450228467 10205
Src : 286 286 1581340450267647 1581340450277855 10208
Src : 287 287 1581340450317112 1581340450327352 10240
Src : 288 288 1581340450366582 1581340450376857 10275
Src : 289 289 1581340450415964 1581340450426185 10221
Src : 290 290 1581340450465343 1581340450475582 10239
Src : 291 291 1581340450514711 1581340450524958 10247
Src : 292 292 1581340450564117 1581340450574420 10303
Src : 293 293 1581340450613553 1581340450623798 10245
Src : 294 294 1581340450662916 1581340450673166 10250
Src : 295 295 1581340450712433 1581340450722800 10367
Src : 296 296 1581340450761977 1581340450772239 10262
Src : 297 297 1581340450811402 1581340450821667 10265
Src : 298 298 1581340450860798 1581340450871013 10215
Src : 299 299 1581340450910193 1581340450920438 10245
Src : 300 300 1581340450959618 1581340450969876 10258
Src : 301 301 1581340451008992 1581340451019204 10212
Src : 302 302 1581340451058351 1581340451068570 10219
Src : 303 303 1581340451107682 1581340451117979 10297
Src : 304 304 1581340451157064 1581340451167320 10256
Src : 305 305 1581340451206436 1581340451216667 10231
Src : 306 306 1581340451255792 1581340451266021 10229
Src : 307 307 1581340451305168 1581340451315412 10244
Src : 308 308 1581340451354636 1581340451364908 10272
Src : 309 309 1581340451404076 1581340451414321 10245
Src : 310 310 1581340451453472 1581340451463667 10195
Src : 311 311 1581340451502839 1581340451513104 10265
Src : 312 312 1581340451552257 1581340451562516 10259
Src : 313 313 1581340451601643 1581340451611840 10197
Src : 314 314 1581340451650977 1581340451661195 10218
Src : 315 315 1581340451700356 1581340451710621 10265
Src : 316 316 1581340451749773 1581340451760015 10242
Src : 317 317 1581340451799197 1581340451809446 10249
Src : 318 318 1581340451848574 1581340451858797 10223
Src : 319 319 1581340451898002 1581340451908217 10215
Src : 320 320 1581340451947430 1581340451957674 10244
Src : 321 321 1581340451996882 1581340452007088 10206
Src : 322 322 1581340452046250 1581340452056467 10217
Src : 323 323 1581340452095615 1581340452105881 10266
Src : 324 324 1581340452144998 1581340452155197 10199
Src : 325 325 1581340452194384 1581340452204583 10199
Src : 326 326 1581340452243730 1581340452253979 10249
Src : 327 327 1581340452293080 1581340452303285 10205
Src : 328 328 1581340452342523 1581340452352761 10238
Src : 329 329 1581340452391919 1581340452402185 10266
Src : 330 330 1581340452441316 1581340452451525 10209
Src : 331 331 1581340452490699 1581340452500941 10242
Src : 332 332 1581340452540119 1581340452550354 10235
Src : 333 333 1581340452589539 1581340452599751 10212
Src : 334 334 1581340452638913 1581340452649179 10266
Src : 335 335 1581340452688279 1581340452698548 10269
Src : 336 336 1581340452737758 1581340452747973 10215
Src : 337 337 1581340452787278 1581340452797513 10235
Src : 338 338 1581340452836933 1581340452847144 10211
Src : 339 339 1581340452886245 1581340452896452 10207
Src : 340 340 1581340452935585 1581340452945859 10274
Src : 341 341 1581340452984983 1581340452995261 10278
Src : 342 342 1581340453034602 1581340453044879 10277
Src : 343 343 1581340453083959 1581340453094206 10247
Src : 344 344 1581340453133357 1581340453143592 10235
Src : 345 345 1581340453182752 1581340453192999 10247
Src : 346 346 1581340453232134 1581340453242373 10239
Src : 347 347 1581340453281445 1581340453291663 10218
Src : 348 348 1581340453330896 1581340453341136 10240
Src : 349 349 1581340453380238 1581340453390503 10265
Src : 350 350 1581340453429620 1581340453439835 10215
Src : 351 351 1581340453478920 1581340453489226 10306
Src : 352 352 1581340453528549 1581340453538768 10219
Src : 353 353 1581340453577996 1581340453588240 10244
Src : 354 354 1581340453627379 1581340453637631 10252
Src : 355 355 1581340453676746 1581340453686963 10217
Src : 356 356 1581340453726154 1581340453736364 10210
Src : 357 357 1581340453775582 1581340453785851 10269
Src : 358 358 1581340453824992 1581340453835204 10212
Src : 359 359 1581340453874316 1581340453884562 10246
Src : 360 360 1581340453923671 1581340453933896 10225
Src : 361 361 1581340453973023 1581340453983232 10209
Src : 362 362 1581340454022355 1581340454032538 10183
Src : 363 363 1581340454071629 1581340454081904 10275
Src : 364 364 1581340454121014 1581340454131242 10228
Src : 365 365 1581340454170514 1581340454180753 10239
Src : 366 366 1581340454219855 1581340454230126 10271
Src : 367 367 1581340454269225 1581340454279425 10200
Src : 368 368 1581340454318583 1581340454328848 10265
Src : 369 369 1581340454367972 1581340454378222 10250
Src : 370 370 1581340454417338 1581340454427509 10171
Src : 371 371 1581340454466624 1581340454476874 10250
Src : 372 372 1581340454515976 1581340454526278 10302
Src : 373 373 1581340454565332 1581340454575550 10218
Src : 374 374 1581340454614646 1581340454624918 10272
Src : 375 375 1581340454663987 1581340454674250 10263
Src : 376 376 1581340454713405 1581340454723649 10244
Src : 377 377 1581340454762826 1581340454773103 10277
Src : 378 378 1581340454812206 1581340454822460 10254
Src : 379 379 1581340454861573 1581340454871769 10196
Src : 380 380 1581340454910932 1581340454921200 10268
Src : 381 381 1581340454960272 1581340454970541 10269
Src : 382 382 1581340455009628 1581340455019869 10241
Src : 383 383 1581340455058949 1581340455069225 10276
Src : 384 384 1581340455108298 1581340455118518 10220
Src : 385 385 1581340455157682 1581340455167880 10198
Src : 386 386 1581340455207090 1581340455217364 10274
Src : 387 387 1581340455256462 1581340455266700 10238
Src : 388 388 1581340455305833 1581340455316076 10243
Src : 389 389 1581340455355280 1581340455365543 10263
Src : 390 390 1581340455404691 1581340455414872 10181
Src : 391 391 1581340455454070 1581340455464278 10208
Src : 392 392 1581340455503424 1581340455513658 10234
Src : 393 393 1581340455552775 1581340455563019 10244
Src : 394 394 1581340455602116 1581340455612339 10223
Src : 395 395 1581340455651469 1581340455661698 10229
Src : 396 396 1581340455700798 1581340455711015 10217
Src : 397 397 1581340455750174 1581340455760363 10189
Src : 398 398 1581340455799565 1581340455809831 10266
Src : 399 399 1581340455848927 1581340455859137 10210
Src : 400 400 1581340455898280 1581340455908490 10210
Src : 401 401 1581340455947662 1581340455957897 10235
Src : 402 402 1581340455997104 1581340456007348 10244
Src : 403 403 1581340456046455 1581340456056728 10273
Src : 404 404 1581340456095780 1581340456106012 10232
Src : 405 405 1581340456145140 1581340456155348 10208
Src : 406 406 1581340456194544 1581340456204779 10235
Src : 407 407 1581340456243867 1581340456254104 10237
Src : 408 408 1581340456293219 1581340456303434 10215
Src : 409 409 1581340456342649 1581340456352880 10231
Src : 410 410 1581340456391981 1581340456402247 10266
Src : 411 411 1581340456441350 1581340456451593 10243
Src : 412 412 1581340456490730 1581340456500967 10237
Src : 413 413 1581340456540086 1581340456550357 10271
Src : 414 414 1581340456589498 1581340456599718 10220
Src : 415 415 1581340456638953 1581340456649192 10239
Src : 416 416 1581340456688334 1581340456698607 10273
Src : 417 417 1581340456737741 1581340456747934 10193
Src : 418 418 1581340456787236 1581340456797469 10233
Src : 419 419 1581340456836860 1581340456847105 10245
Src : 420 420 1581340456886242 1581340456896455 10213
Src : 421 421 1581340456935599 1581340456945847 10248
Src : 422 422 1581340456985024 1581340456995269 10245
Src : 423 423 1581340457034394 1581340457044622 10228
Src : 424 424 1581340457083718 1581340457093958 10240
Src : 425 425 1581340457133100 1581340457143343 10243
Src : 426 426 1581340457182561 1581340457192801 10240
Src : 427 427 1581340457231895 1581340457242135 10240
Src : 428 428 1581340457281220 1581340457291420 10200
Src : 429 429 1581340457330691 1581340457340930 10239
Src : 430 430 1581340457380044 1581340457390281 10237
Src : 431 431 1581340457429369 1581340457439580 10211
Src : 432 432 1581340457478695 1581340457488969 10274
Src : 433 433 1581340457528107 1581340457538382 10275
Src : 434 434 1581340457577536 1581340457587729 10193
Src : 435 435 1581340457626875 1581340457637149 10274
Src : 436 436 1581340457676278 1581340457686526 10248
Src : 437 437 1581340457725658 1581340457735867 10209
Src : 438 438 1581340457775117 1581340457785354 10237
Src : 439 439 1581340457824684 1581340457834894 10210
Src : 440 440 1581340457874008 1581340457884254 10246
Src : 441 441 1581340457923361 1581340457933658 10297
Src : 442 442 1581340457972770 1581340457983013 10243
Src : 443 443 1581340458022431 1581340458032700 10269
Src : 444 444 1581340458071866 1581340458082132 10266
Src : 445 445 1581340458121206 1581340458131449 10243
Src : 446 446 1581340458170601 1581340458180838 10237
Src : 447 447 1581340458220024 1581340458230243 10219
Src : 448 448 1581340458269438 1581340458279681 10243
Src : 449 449 1581340458318838 1581340458329082 10244
Src : 450 450 1581340458368214 1581340458378479 10265
Src : 451 451 1581340458417581 1581340458427763 10182
Src : 452 452 1581340458466885 1581340458477149 10264
Src : 453 453 1581340458516408 1581340458526683 10275
Src : 454 454 1581340458565806 1581340458576037 10231
Src : 455 455 1581340458615108 1581340458625341 10233
Src : 456 456 1581340458664430 1581340458674676 10246
Src : 457 457 1581340458713904 1581340458724137 10233
Src : 458 458 1581340458763307 1581340458773571 10264
Src : 459 459 1581340458813013 1581340458823179 10166
Src : 460 460 1581340458862405 1581340458872648 10243
Src : 461 461 1581340458911756 1581340458922024 10268
Src : 462 462 1581340458961113 1581340458971353 10240
Src : 463 463 1581340459010464 1581340459020728 10264
Src : 464 464 1581340459059803 1581340459070077 10274
Src : 465 465 1581340459109127 1581340459119342 10215
Src : 466 466 1581340459158481 1581340459168720 10239
Src : 467 467 1581340459207855 1581340459218087 10232
Src : 468 468 1581340459257210 1581340459267402 10192
Src : 469 469 1581340459306613 1581340459316852 10239
Src : 470 470 1581340459355998 1581340459366265 10267
Src : 471 471 1581340459405396 1581340459415594 10198
Src : 472 472 1581340459454754 1581340459464979 10225
Src : 473 473 1581340459504085 1581340459514335 10250
Src : 474 474 1581340459553495 1581340459563705 10210
Src : 475 475 1581340459602848 1581340459613078 10230
Src : 476 476 1581340459652146 1581340459662391 10245
Src : 477 477 1581340459701487 1581340459711731 10244
Src : 478 478 1581340459750894 1581340459761137 10243
Src : 479 479 1581340459800298 1581340459810499 10201
Src : 480 480 1581340459849648 1581340459859861 10213
Src : 481 481 1581340459899001 1581340459909271 10270
Src : 482 482 1581340459948396 1581340459958634 10238
Src : 483 483 1581340459997866 1581340460008100 10234
Src : 484 484 1581340460047235 1581340460057471 10236
Src : 485 485 1581340460096535 1581340460106807 10272
Src : 486 486 1581340460145917 1581340460156095 10178
Src : 487 487 1581340460195246 1581340460205513 10267
Src : 488 488 1581340460244585 1581340460254798 10213
Src : 489 489 1581340460293978 1581340460304195 10217
Src : 490 490 1581340460343402 1581340460353648 10246
Src : 491 491 1581340460392772 1581340460402981 10209
Src : 492 492 1581340460442125 1581340460452369 10244
Src : 493 493 1581340460491519 1581340460501789 10270
Src : 494 494 1581340460540903 1581340460551114 10211
Src : 495 495 1581340460590259 1581340460600503 10244
Src : 496 496 1581340460639599 1581340460649834 10235
Src : 497 497 1581340460688916 1581340460699110 10194
Src : 498 498 1581340460738297 1581340460748496 10199
Src : 499 499 1581340460787735 1581340460798010 10275
Src : 500 500 1581340460837368 1581340460847605 10237
Src : 501 501 1581340460886696 1581340460896960 10264
Src : 502 502 1581340460936076 1581340460946314 10238
Src : 503 503 1581340460985466 1581340460995706 10240
Src : 504 504 1581340461034822 1581340461045096 10274
Src : 505 505 1581340461084204 1581340461094442 10238
Src : 506 506 1581340461133561 1581340461143794 10233
Src : 507 507 1581340461182957 1581340461193223 10266
Src : 508 508 1581340461232296 1581340461242542 10246
Src : 509 509 1581340461281648 1581340461291861 10213
Src : 510 510 1581340461331081 1581340461341328 10247
Src : 511 511 1581340461380412 1581340461390676 10264
Src : 512 512 1581340461429809 1581340461440004 10195
Src : 513 513 1581340461479126 1581340461489373 10247
Src : 514 514 1581340461528498 1581340461538747 10249
Src : 515 515 1581340461577984 1581340461588227 10243
Src : 516 516 1581340461627324 1581340461637540 10216
Src : 517 517 1581340461676704 1581340461686904 10200
Src : 518 518 1581340461726088 1581340461736286 10198
Src : 519 519 1581340461775526 1581340461785794 10268
Src : 520 520 1581340461825003 1581340461835213 10210
Src : 521 521 1581340461874309 1581340461884519 10210
Src : 522 522 1581340461923661 1581340461933958 10297
Src : 523 523 1581340461973087 1581340461983331 10244
Src : 524 524 1581340462022468 1581340462032735 10267
Src : 525 525 1581340462071807 1581340462082078 10271
Src : 526 526 1581340462121166 1581340462131394 10228
Src : 527 527 1581340462170533 1581340462180833 10300
Src : 528 528 1581340462219959 1581340462230230 10271
Src : 529 529 1581340462269330 1581340462279526 10196
Src : 530 530 1581340462318708 1581340462328973 10265
Src : 531 531 1581340462368077 1581340462378365 10288
Src : 532 532 1581340462417523 1581340462427738 10215
Src : 533 533 1581340462466876 1581340462477139 10263
Src : 534 534 1581340462516215 1581340462526491 10276
Src : 535 535 1581340462565600 1581340462575873 10273
Src : 536 536 1581340462614942 1581340462625177 10235
Src : 537 537 1581340462664276 1581340462674514 10238
Src : 538 538 1581340462713682 1581340462723894 10212
Src : 539 539 1581340462763069 1581340462773327 10258
Src : 540 540 1581340462812460 1581340462822708 10248
Src : 541 541 1581340462861858 1581340462872096 10238
Src : 542 542 1581340462911227 1581340462921452 10225
Src : 543 543 1581340462960577 1581340462970803 10226
Src : 544 544 1581340463010167 1581340463020378 10211
Src : 545 545 1581340463059491 1581340463069726 10235
Src : 546 546 1581340463108790 1581340463119007 10217
Src : 547 547 1581340463158130 1581340463168353 10223
Src : 548 548 1581340463207556 1581340463217790 10234
Src : 549 549 1581340463256904 1581340463267084 10180
Src : 550 550 1581340463306281 1581340463316470 10189
Src : 551 551 1581340463355721 1581340463365954 10233
Src : 552 552 1581340463405166 1581340463415381 10215
Src : 553 553 1581340463454547 1581340463464816 10269
Src : 554 554 1581340463504042 1581340463514314 10272
Src : 555 555 1581340463553445 1581340463563658 10213
Src : 556 556 1581340463602825 1581340463613064 10239
Src : 557 557 1581340463652135 1581340463662367 10232
Src : 558 558 1581340463701470 1581340463711698 10228
Src : 559 559 1581340463750890 1581340463761129 10239
Src : 560 560 1581340463800280 1581340463810530 10250
Src : 561 561 1581340463849640 1581340463859852 10212
Src : 562 562 1581340463898985 1581340463909207 10222
Src : 563 563 1581340463948368 1581340463958606 10238
Src : 564 564 1581340463997838 1581340464008017 10179
Src : 565 565 1581340464047220 1581340464057487 10267
Src : 566 566 1581340464096558 1581340464106798 10240
Src : 567 567 1581340464145915 1581340464156120 10205
Src : 568 568 1581340464195268 1581340464205504 10236
Src : 569 569 1581340464244597 1581340464254800 10203
Src : 570 570 1581340464293927 1581340464304172 10245
Src : 571 571 1581340464343367 1581340464353640 10273
Src : 572 572 1581340464392856 1581340464403054 10198
Src : 573 573 1581340464442215 1581340464452459 10244
Src : 574 574 1581340464491598 1581340464501865 10267
Src : 575 575 1581340464541157 1581340464551363 10206
Src : 576 576 1581340464590543 1581340464600801 10258
Src : 577 577 1581340464639928 1581340464650164 10236
Src : 578 578 1581340464689254 1581340464699500 10246
Src : 579 579 1581340464738696 1581340464748934 10238
Src : 580 580 1581340464788141 1581340464798365 10224
Src : 581 581 1581340464837782 1581340464848027 10245
Src : 582 582 1581340464887124 1581340464897346 10222
Src : 583 583 1581340464936531 1581340464946796 10265
Src : 584 584 1581340464985957 1581340464996172 10215
Src : 585 585 1581340465035354 1581340465045602 10248
Src : 586 586 1581340465084710 1581340465094948 10238
Src : 587 587 1581340465134134 1581340465144378 10244
Src : 588 588 1581340465183518 1581340465193789 10271
Src : 589 589 1581340465232859 1581340465243104 10245
Src : 590 590 1581340465282212 1581340465292457 10245
Src : 591 591 1581340465331615 1581340465341864 10249
Src : 592 592 1581340465380994 1581340465391210 10216
Src : 593 593 1581340465430332 1581340465440576 10244
Src : 594 594 1581340465479650 1581340465489893 10243
Src : 595 595 1581340465529064 1581340465539303 10239
Src : 596 596 1581340465578509 1581340465588753 10244
Src : 597 597 1581340465627899 1581340465638121 10222
Src : 598 598 1581340465677220 1581340465687434 10214
Src : 599 599 1581340465726601 1581340465736898 10297
Src : 600 600 1581340465775988 1581340465786208 10220
Src : 601 601 1581340465825412 1581340465835623 10211
Src : 602 602 1581340465874737 1581340465885011 10274
Src : 603 603 1581340465924090 1581340465934362 10272
Src : 604 604 1581340465973475 1581340465983708 10233
Src : 605 605 1581340466022823 1581340466033063 10240
Src : 606 606 1581340466072151 1581340466082419 10268
Src : 607 607 1581340466121509 1581340466131688 10179
Src : 608 608 1581340466170876 1581340466181173 10297
Src : 609 609 1581340466220272 1581340466230546 10274
Src : 610 610 1581340466269673 1581340466279901 10228
Src : 611 611 1581340466319023 1581340466329252 10229
Src : 612 612 1581340466368419 1581340466378702 10283
Src : 613 613 1581340466417835 1581340466428012 10177
Src : 614 614 1581340466467130 1581340466477375 10245
Src : 615 615 1581340466516543 1581340466526808 10265
Src : 616 616 1581340466565928 1581340466576201 10273
Src : 617 617 1581340466615296 1581340466625562 10266
Src : 618 618 1581340466664606 1581340466674816 10210
Src : 619 619 1581340466714031 1581340466724269 10238
Src : 620 620 1581340466763418 1581340466773645 10227
Src : 621 621 1581340466812858 1581340466823086 10228
Src : 622 622 1581340466862240 1581340466872475 10235
Src : 623 623 1581340466911606 1581340466921838 10232
Src : 624 624 1581340466960957 1581340466971147 10190
Src : 625 625 1581340467010346 1581340467020549 10203
Src : 626 626 1581340467059632 1581340467069906 10274
Src : 627 627 1581340467108986 1581340467119168 10182
Src : 628 628 1581340467158329 1581340467168557 10228
Src : 629 629 1581340467207735 1581340467218002 10267
Src : 630 630 1581340467257106 1581340467267315 10209
Src : 631 631 1581340467306460 1581340467316734 10274
Src : 632 632 1581340467355938 1581340467366177 10239
Src : 633 633 1581340467405324 1581340467415528 10204
Src : 634 634 1581340467454691 1581340467464929 10238
Src : 635 635 1581340467504073 1581340467514299 10226
Src : 636 636 1581340467553462 1581340467563650 10188
Src : 637 637 1581340467602825 1581340467613090 10265
Src : 638 638 1581340467652134 1581340467662408 10274
Src : 639 639 1581340467701487 1581340467711702 10215
Src : 640 640 1581340467750887 1581340467761161 10274
Src : 641 641 1581340467800473 1581340467810695 10222
Src : 642 642 1581340467849848 1581340467860063 10215
Src : 643 643 1581340467899231 1581340467909505 10274
Src : 644 644 1581340467948629 1581340467958825 10196
Src : 645 645 1581340467998217 1581340468008459 10242
Src : 646 646 1581340468047585 1581340468057855 10270
Src : 647 647 1581340468096910 1581340468107095 10185
Src : 648 648 1581340468146283 1581340468156505 10222
Src : 649 649 1581340468195627 1581340468205891 10264
Src : 650 650 1581340468244986 1581340468255215 10229
Src : 651 651 1581340468294308 1581340468304491 10183
Src : 652 652 1581340468343697 1581340468353933 10236
Src : 653 653 1581340468393073 1581340468403273 10200
Src : 654 654 1581340468442419 1581340468452591 10172
Src : 655 655 1581340468491823 1581340468502106 10283
Src : 656 656 1581340468541277 1581340468551510 10233
Src : 657 657 1581340468590673 1581340468600946 10273
Src : 658 658 1581340468640025 1581340468650277 10252
Src : 659 659 1581340468689322 1581340468699527 10205
Src : 660 660 1581340468738702 1581340468748933 10231
Src : 661 661 1581340468788155 1581340468798428 10273
Src : 662 662 1581340468837802 1581340468847986 10184
Src : 663 663 1581340468887159 1581340468897413 10254
Src : 664 664 1581340468936503 1581340468946748 10245
Src : 665 665 1581340468985911 1581340468996081 10170
Src : 666 666 1581340469035229 1581340469045496 10267
Src : 667 667 1581340469084596 1581340469094775 10179
Src : 668 668 1581340469133978 1581340469144204 10226
Src : 669 669 1581340469183357 1581340469193631 10274
Src : 670 670 1581340469232711 1581340469242956 10245
Src : 671 671 1581340469282064 1581340469292281 10217
Src : 672 672 1581340469331475 1581340469341743 10268
Src : 673 673 1581340469380848 1581340469391063 10215
Src : 674 674 1581340469430202 1581340469440409 10207
Src : 675 675 1581340469479516 1581340469489758 10242
Src : 676 676 1581340469528903 1581340469539149 10246
Src : 677 677 1581340469578359 1581340469588548 10189
Src : 678 678 1581340469627715 1581340469637955 10240
Src : 679 679 1581340469677076 1581340469687290 10214
Src : 680 680 1581340469726470 1581340469736737 10267
Src : 681 681 1581340469775825 1581340469786123 10298
Src : 682 682 1581340469825367 1581340469835612 10245
Src : 683 683 1581340469874748 1581340469884988 10240
Src : 684 684 1581340469924075 1581340469934342 10267
Src : 685 685 1581340469973474 1581340469983713 10239
Src : 686 686 1581340470022814 1581340470033062 10248
Src : 687 687 1581340470072195 1581340470082440 10245
Src : 688 688 1581340470121558 1581340470131771 10213
Src : 689 689 1581340470170922 1581340470181171 10249
Src : 690 690 1581340470220281 1581340470230490 10209
Src : 691 691 1581340470269689 1581340470279932 10243
Src : 692 692 1581340470319058 1581340470329329 10271
Src : 693 693 1581340470368482 1581340470378781 10299
Src : 694 694 1581340470417899 1581340470428110 10211
Src : 695 695 1581340470467207 1581340470477482 10275
Src : 696 696 1581340470516557 1581340470526826 10269
Src : 697 697 1581340470565957 1581340470576176 10219
Src : 698 698 1581340470615341 1581340470625571 10230
Src : 699 699 1581340470664607 1581340470674834 10227
Src : 700 700 1581340470714016 1581340470724263 10247
Snk : 1 1 1581340436358890 1581340436369027 10137
Snk : 2 2 1581340436409525 1581340436419618 10093
Snk : 3 3 1581340436460093 1581340436470226 10133
Snk : 4 4 1581340436510730 1581340436520890 10160
Snk : 5 5 1581340436560193 1581340436570253 10060
Snk : 6 6 1581340436609610 1581340436619627 10017
Snk : 7 7 1581340436658962 1581340436668976 10014
Snk : 8 8 1581340436708346 1581340436718407 10061
Snk : 9 9 1581340436757814 1581340436767913 10099
Snk : 10 10 1581340436807333 1581340436817435 10102
Snk : 11 11 1581340436856899 1581340436866868 9969
Snk : 12 12 1581340436907314 1581340436917334 10020
Snk : 13 13 1581340436957167 1581340436967198 10031
Snk : 14 14 1581340437007007 1581340437017053 10046
Snk : 15 15 1581340437056366 1581340437066404 10038
Snk : 16 16 1581340437105791 1581340437115822 10031
Snk : 17 17 1581340437155159 1581340437165230 10071
Snk : 18 18 1581340437204570 1581340437214623 10053
Snk : 19 19 1581340437253994 1581340437264021 10027
Snk : 20 20 1581340437303472 1581340437313535 10063
Snk : 21 21 1581340437352887 1581340437362918 10031
Snk : 22 22 1581340437402283 1581340437412297 10014
Snk : 23 23 1581340437451609 1581340437461639 10030
Snk : 24 24 1581340437501912 1581340437511977 10065
Snk : 25 25 1581340437551667 1581340437561787 10120
Snk : 26 26 1581340437601630 1581340437611634 10004
Snk : 27 27 1581340437651172 1581340437661224 10052
Snk : 28 28 1581340437700553 1581340437710783 10230
Snk : 29 29 1581340437751163 1581340437761226 10063
Snk : 30 30 1581340437801151 1581340437811152 10001
Snk : 31 31 1581340437850704 1581340437860675 9971
Snk : 32 32 1581340437900073 1581340437910061 9988
Snk : 33 33 1581340437949457 1581340437959431 9974
Snk : 34 34 1581340437998832 1581340438008868 10036
Snk : 35 35 1581340438048381 1581340438058395 10014
Snk : 36 36 1581340438098516 1581340438108743 10227
Snk : 37 37 1581340438148577 1581340438158582 10005
Snk : 38 38 1581340438198434 1581340438208413 9979
Snk : 39 39 1581340438247913 1581340438257945 10032
Snk : 40 40 1581340438297301 1581340438307294 9993
Snk : 41 41 1581340438346684 1581340438356688 10004
Snk : 42 42 1581340438396108 1581340438406131 10023
Snk : 43 43 1581340438445528 1581340438455474 9946
Snk : 44 44 1581340438494917 1581340438504975 10058
Snk : 45 45 1581340438544388 1581340438554408 10020
Snk : 46 46 1581340438593753 1581340438603803 10050
Snk : 47 47 1581340438643501 1581340438653585 10084
Snk : 48 48 1581340438693535 1581340438703597 10062
Snk : 49 49 1581340438743311 1581340438753327 10016
Snk : 50 50 1581340438793190 1581340438803179 9989
Snk : 51 51 1581340438842839 1581340438852829 9990
Snk : 52 52 1581340438892173 1581340438902167 9994
Snk : 53 53 1581340438941520 1581340438951479 9959
Snk : 54 54 1581340438990843 1581340439000877 10034
Snk : 55 55 1581340439040182 1581340439050217 10035
Snk : 56 56 1581340439089552 1581340439099535 9983
Snk : 57 57 1581340439138949 1581340439148944 9995
Snk : 58 58 1581340439188379 1581340439198405 10026
Snk : 59 59 1581340439237782 1581340439247771 9989
Snk : 60 60 1581340439287377 1581340439297592 10215
Snk : 61 61 1581340439337339 1581340439347314 9975
Snk : 62 62 1581340439386747 1581340439396736 9989
Snk : 63 63 1581340439436097 1581340439446095 9998
Snk : 64 64 1581340439485452 1581340439495408 9956
Snk : 65 65 1581340439534874 1581340439544888 10014
Snk : 66 66 1581340439584237 1581340439594270 10033
Snk : 67 67 1581340439633620 1581340439643554 9934
Snk : 68 68 1581340439682894 1581340439692927 10033
Snk : 69 69 1581340439732293 1581340439742303 10010
Snk : 70 70 1581340439781775 1581340439791773 9998
Snk : 71 71 1581340439831219 1581340439841236 10017
Snk : 72 72 1581340439880539 1581340439890895 10356
Snk : 73 73 1581340439930868 1581340439940911 10043
Snk : 74 74 1581340439980927 1581340439990917 9990
Snk : 75 75 1581340440031182 1581340440041363 10181
Snk : 76 76 1581340440080739 1581340440090756 10017
Snk : 77 77 1581340440130122 1581340440140138 10016
Snk : 78 78 1581340440179514 1581340440189534 10020
Snk : 79 79 1581340440228877 1581340440238892 10015
Snk : 80 80 1581340440278266 1581340440288269 10003
Snk : 81 81 1581340440327674 1581340440337689 10015
Snk : 82 82 1581340440377102 1581340440387077 9975
Snk : 83 83 1581340440426442 1581340440436417 9975
Snk : 84 84 1581340440475757 1581340440486174 10417
Snk : 85 85 1581340440526230 1581340440536183 9953
Snk : 86 86 1581340440576025 1581340440586089 10064
Snk : 87 87 1581340440625959 1581340440635947 9988
Snk : 88 88 1581340440675250 1581340440685258 10008
Snk : 89 89 1581340440724679 1581340440734696 10017
Snk : 90 90 1581340440774149 1581340440784147 9998
Snk : 91 91 1581340440823612 1581340440833650 10038
Snk : 92 92 1581340440873019 1581340440882962 9943
Snk : 93 93 1581340440922415 1581340440932369 9954
Snk : 94 94 1581340440971731 1581340440981720 9989
Snk : 95 95 1581340441021120 1581340441031085 9965
Snk : 96 96 1581340441070453 1581340441080441 9988
Snk : 97 97 1581340441120936 1581340441130966 10030
Snk : 98 98 1581340441170841 1581340441180849 10008
Snk : 99 99 1581340441220757 1581340441230715 9958
Snk : 100 100 1581340441270062 1581340441280052 9990
Snk : 101 101 1581340441319397 1581340441329409 10012
Snk : 102 102 1581340441368831 1581340441378785 9954
Snk : 103 103 1581340441418173 1581340441428142 9969
Snk : 104 104 1581340441467509 1581340441477543 10034
Snk : 105 105 1581340441516991 1581340441526980 9989
Snk : 106 106 1581340441566386 1581340441576374 9988
Snk : 107 107 1581340441615781 1581340441625798 10017
Snk : 108 108 1581340441665121 1581340441675106 9985
Snk : 109 109 1581340441715545 1581340441725625 10080
Snk : 110 110 1581340441765521 1581340441775514 9993
Snk : 111 111 1581340441815354 1581340441825375 10021
Snk : 112 112 1581340441864713 1581340441874697 9984
Snk : 113 113 1581340441914137 1581340441924111 9974
Snk : 114 114 1581340441963476 1581340441973457 9981
Snk : 115 115 1581340442012882 1581340442022836 9954
Snk : 116 116 1581340442062196 1581340442072139 9943
Snk : 117 117 1581340442111516 1581340442121547 10031
Snk : 118 118 1581340442160906 1581340442170949 10043
Snk : 119 119 1581340442210303 1581340442220261 9958
Snk : 120 120 1581340442259603 1581340442269626 10023
Snk : 121 121 1581340442309756 1581340442319803 10047
Snk : 122 122 1581340442359940 1581340442370022 10082
Snk : 123 123 1581340442409888 1581340442419854 9966
Snk : 124 124 1581340442459246 1581340442469253 10007
Snk : 125 125 1581340442508667 1581340442518649 9982
Snk : 126 126 1581340442558008 1581340442567996 9988
Snk : 127 127 1581340442607447 1581340442617505 10058
Snk : 128 128 1581340442656846 1581340442666859 10013
Snk : 129 129 1581340442706204 1581340442716301 10097
Snk : 130 130 1581340442755682 1581340442765763 10081
Snk : 131 131 1581340442805132 1581340442815227 10095
Snk : 132 132 1581340442854595 1581340442864643 10048
Snk : 133 133 1581340442904562 1581340442914687 10125
Snk : 134 134 1581340442954503 1581340442964514 10011
Snk : 135 135 1581340443004390 1581340443014423 10033
Snk : 136 136 1581340443053847 1581340443063847 10000
Snk : 137 137 1581340443103181 1581340443113235 10054
Snk : 138 138 1581340443152550 1581340443162677 10127
Snk : 139 139 1581340443202065 1581340443212079 10014
Snk : 140 140 1581340443251440 1581340443261498 10058
Snk : 141 141 1581340443300878 1581340443310884 10006
Snk : 142 142 1581340443350258 1581340443360283 10025
Snk : 143 143 1581340443399660 1581340443409719 10059
Snk : 144 144 1581340443449056 1581340443459046 9990
Snk : 145 145 1581340443498589 1581340443508823 10234
Snk : 146 146 1581340443548392 1581340443558462 10070
Snk : 147 147 1581340443597858 1581340443607834 9976
Snk : 148 148 1581340443647196 1581340443657318 10122
Snk : 149 149 1581340443696988 1581340443706996 10008
Snk : 150 150 1581340443746419 1581340443756432 10013
Snk : 151 151 1581340443795853 1581340443805946 10093
Snk : 152 152 1581340443845372 1581340443855385 10013
Snk : 153 153 1581340443894729 1581340443904763 10034
Snk : 154 154 1581340443944114 1581340443954174 10060
Snk : 155 155 1581340443993618 1581340444003621 10003
Snk : 156 156 1581340444042934 1581340444052972 10038
Snk : 157 157 1581340444092384 1581340444102483 10099
Snk : 158 158 1581340444142161 1581340444152177 10016
Snk : 159 159 1581340444191543 1581340444201604 10061
Snk : 160 160 1581340444240943 1581340444250974 10031
Snk : 161 161 1581340444290324 1581340444300329 10005
Snk : 162 162 1581340444339719 1581340444349767 10048
Snk : 163 163 1581340444389167 1581340444399186 10019
Snk : 164 164 1581340444438571 1581340444448578 10007
Snk : 165 165 1581340444487959 1581340444498016 10057
Snk : 166 166 1581340444537365 1581340444547380 10015
Snk : 167 167 1581340444586812 1581340444596841 10029
Snk : 168 168 1581340444636158 1581340444646182 10024
Snk : 169 169 1581340444685620 1581340444695976 10356
Snk : 170 170 1581340444735720 1581340444745804 10084
Snk : 171 171 1581340444785298 1581340444795298 10000
Snk : 172 172 1581340444834888 1581340444844936 10048
Snk : 173 173 1581340444884311 1581340444894362 10051
Snk : 174 174 1581340444933739 1581340444943783 10044
Snk : 175 175 1581340444983160 1581340444993188 10028
Snk : 176 176 1581340445032541 1581340445042586 10045
Snk : 177 177 1581340445081938 1581340445091916 9978
Snk : 178 178 1581340445131280 1581340445141291 10011
Snk : 179 179 1581340445180705 1581340445190721 10016
Snk : 180 180 1581340445230085 1581340445240086 10001
Snk : 181 181 1581340445279428 1581340445289461 10033
Snk : 182 182 1581340445329794 1581340445339798 10004
Snk : 183 183 1581340445379591 1581340445389647 10056
Snk : 184 184 1581340445429496 1581340445439509 10013
Snk : 185 185 1581340445478804 1581340445488825 10021
Snk : 186 186 1581340445528257 1581340445538316 10059
Snk : 187 187 1581340445577772 1581340445587760 9988
Snk : 188 188 1581340445627114 1581340445637127 10013
Snk : 189 189 1581340445676450 1581340445686487 10037
Snk : 190 190 1581340445725882 1581340445735884 10002
Snk : 191 191 1581340445775257 1581340445785300 10043
Snk : 192 192 1581340445824651 1581340445834636 9985
Snk : 193 193 1581340445873994 1581340445884038 10044
Snk : 194 194 1581340445924366 1581340445934412 10046
Snk : 195 195 1581340445974313 1581340445984332 10019
Snk : 196 196 1581340446024140 1581340446034211 10071
Snk : 197 197 1581340446073559 1581340446083574 10015
Snk : 198 198 1581340446122956 1581340446132985 10029
Snk : 199 199 1581340446172332 1581340446182330 9998
Snk : 200 200 1581340446221709 1581340446231708 9999
Snk : 201 201 1581340446271030 1581340446281090 10060
Snk : 202 202 1581340446320397 1581340446330429 10032
Snk : 203 203 1581340446369862 1581340446379842 9980
Snk : 204 204 1581340446419205 1581340446429252 10047
Snk : 205 205 1581340446468586 1581340446478570 9984
Snk : 206 206 1581340446518739 1581340446528921 10182
Snk : 207 207 1581340446568796 1581340446578799 10003
Snk : 208 208 1581340446618730 1581340446628722 9992
Snk : 209 209 1581340446668098 1581340446678128 10030
Snk : 210 210 1581340446717783 1581340446727837 10054
Snk : 211 211 1581340446767403 1581340446777432 10029
Snk : 212 212 1581340446816842 1581340446826859 10017
Snk : 213 213 1581340446866171 1581340446876215 10044
Snk : 214 214 1581340446915609 1581340446925664 10055
Snk : 215 215 1581340446965066 1581340446975048 9982
Snk : 216 216 1581340447014447 1581340447024456 10009
Snk : 217 217 1581340447063815 1581340447073850 10035
Snk : 218 218 1581340447113749 1581340447123884 10135
Snk : 219 219 1581340447163697 1581340447173760 10063
Snk : 220 220 1581340447213630 1581340447223624 9994
Snk : 221 221 1581340447262935 1581340447273009 10074
Snk : 222 222 1581340447312331 1581340447322351 10020
Snk : 223 223 1581340447361718 1581340447371738 10020
Snk : 224 224 1581340447411057 1581340447421112 10055
Snk : 225 225 1581340447460464 1581340447470518 10054
Snk : 226 226 1581340447509927 1581340447519994 10067
Snk : 227 227 1581340447559321 1581340447569423 10102
Snk : 228 228 1581340447608800 1581340447618811 10011
Snk : 229 229 1581340447658170 1581340447668160 9990
Snk : 230 230 1581340447707513 1581340447717567 10054
Snk : 231 231 1581340447756932 1581340447766990 10058
Snk : 232 232 1581340447806573 1581340447816591 10018
Snk : 233 233 1581340447855932 1581340447865972 10040
Snk : 234 234 1581340447905326 1581340447915387 10061
Snk : 235 235 1581340447954711 1581340447964764 10053
Snk : 236 236 1581340448004315 1581340448014407 10092
Snk : 237 237 1581340448053795 1581340448063839 10044
Snk : 238 238 1581340448103212 1581340448113251 10039
Snk : 239 239 1581340448152585 1581340448162586 10001
Snk : 240 240 1581340448201971 1581340448211971 10000
Snk : 241 241 1581340448251306 1581340448261314 10008
Snk : 242 242 1581340448300640 1581340448310640 10000
Snk : 243 243 1581340448350071 1581340448360068 9997
Snk : 244 244 1581340448399475 1581340448409503 10028
Snk : 245 245 1581340448448861 1581340448458825 9964
Snk : 246 246 1581340448498232 1581340448508264 10032
Snk : 247 247 1581340448547687 1581340448557739 10052
Snk : 248 248 1581340448597199 1581340448607245 10046
Snk : 249 249 1581340448646653 1581340448656702 10049
Snk : 250 250 1581340448696185 1581340448706278 10093
Snk : 251 251 1581340448745912 1581340448755941 10029
Snk : 252 252 1581340448795435 1581340448805448 10013
Snk : 253 253 1581340448845094 1581340448855075 9981
Snk : 254 254 1581340448894450 1581340448904451 10001
Snk : 255 255 1581340448943804 1581340448953865 10061
Snk : 256 256 1581340448993262 1581340449003262 10000
Snk : 257 257 1581340449042596 1581340449052651 10055
Snk : 258 258 1581340449092026 1581340449102084 10058
Snk : 259 259 1581340449141482 1581340449151497 10015
Snk : 260 260 1581340449190854 1581340449200891 10037
Snk : 261 261 1581340449240251 1581340449250305 10054
Snk : 262 262 1581340449289662 1581340449299663 10001
Snk : 263 263 1581340449339090 1581340449349105 10015
Snk : 264 264 1581340449388453 1581340449398498 10045
Snk : 265 265 1581340449437863 1581340449447848 9985
Snk : 266 266 1581340449487215 1581340449497273 10058
Snk : 267 267 1581340449536679 1581340449546711 10032
Snk : 268 268 1581340449586124 1581340449596167 10043
Snk : 269 269 1581340449635514 1581340449645541 10027
Snk : 270 270 1581340449685043 1581340449695070 10027
Snk : 271 271 1581340449734527 1581340449744534 10007
Snk : 272 272 1581340449783937 1581340449793987 10050
Snk : 273 273 1581340449833447 1581340449843447 10000
Snk : 274 274 1581340449882828 1581340449892840 10012
Snk : 275 275 1581340449932223 1581340449942254 10031
Snk : 276 276 1581340449981647 1581340449991647 10000
Snk : 277 277 1581340450030993 1581340450041022 10029
Snk : 278 278 1581340450080346 1581340450090371 10025
Snk : 279 279 1581340450129742 1581340450139696 9954
Snk : 280 280 1581340450179094 1581340450189168 10074
Snk : 281 281 1581340450228507 1581340450238557 10050
Snk : 282 282 1581340450277928 1581340450287975 10047
Snk : 283 283 1581340450327351 1581340450337410 10059
Snk : 284 284 1581340450376851 1581340450386846 9995
Snk : 285 285 1581340450426254 1581340450436244 9990
Snk : 286 286 1581340450475584 1581340450485612 10028
Snk : 287 287 1581340450525023 1581340450535008 9985
Snk : 288 288 1581340450574419 1581340450584433 10014
Snk : 289 289 1581340450623795 1581340450633832 10037
Snk : 290 290 1581340450673161 1581340450683170 10009
Snk : 291 291 1581340450722987 1581340450733021 10034
Snk : 292 292 1581340450772246 1581340450782306 10060
Snk : 293 293 1581340450821672 1581340450831690 10018
Snk : 294 294 1581340450871038 1581340450881089 10051
Snk : 295 295 1581340450920461 1581340450930494 10033
Snk : 296 296 1581340450969918 1581340450979902 9984
Snk : 297 297 1581340451019250 1581340451029260 10010
Snk : 298 298 1581340451068566 1581340451078583 10017
Snk : 299 299 1581340451117980 1581340451127966 9986
Snk : 300 300 1581340451167309 1581340451177371 10062
Snk : 301 301 1581340451216707 1581340451226717 10010
Snk : 302 302 1581340451266063 1581340451276080 10017
Snk : 303 303 1581340451315409 1581340451325537 10128
Snk : 304 304 1581340451364905 1581340451374935 10030
Snk : 305 305 1581340451414346 1581340451424339 9993
Snk : 306 306 1581340451463709 1581340451473768 10059
Snk : 307 307 1581340451513108 1581340451523114 10006
Snk : 308 308 1581340451562503 1581340451572517 10014
Snk : 309 309 1581340451611874 1581340451621919 10045
Snk : 310 310 1581340451661264 1581340451671245 9981
Snk : 311 311 1581340451710626 1581340451720686 10060
Snk : 312 312 1581340451760012 1581340451770099 10087
Snk : 313 313 1581340451809480 1581340451819523 10043
Snk : 314 314 1581340451858821 1581340451868862 10041
Snk : 315 315 1581340451908242 1581340451918318 10076
Snk : 316 316 1581340451957700 1581340451967787 10087
Snk : 317 317 1581340452007129 1581340452017185 10056
Snk : 318 318 1581340452056490 1581340452066532 10042
Snk : 319 319 1581340452105885 1581340452115885 10000
Snk : 320 320 1581340452155238 1581340452165262 10024
Snk : 321 321 1581340452204635 1581340452214626 9991
Snk : 322 322 1581340452253975 1581340452263973 9998
Snk : 323 323 1581340452303327 1581340452313383 10056
Snk : 324 324 1581340452352768 1581340452362777 10009
Snk : 325 325 1581340452402188 1581340452412219 10031
Snk : 326 326 1581340452451568 1581340452461586 10018
Snk : 327 327 1581340452500969 1581340452511013 10044
Snk : 328 328 1581340452550419 1581340452560438 10019
Snk : 329 329 1581340452599754 1581340452609815 10061
Snk : 330 330 1581340452649183 1581340452659165 9982
Snk : 331 331 1581340452698552 1581340452708519 9967
Snk : 332 332 1581340452747997 1581340452758029 10032
Snk : 333 333 1581340452797556 1581340452807542 9986
Snk : 334 334 1581340452847189 1581340452857167 9978
Snk : 335 335 1581340452896499 1581340452906486 9987
Snk : 336 336 1581340452945854 1581340452955848 9994
Snk : 337 337 1581340452995265 1581340453005290 10025
Snk : 338 338 1581340453044876 1581340453054894 10018
Snk : 339 339 1581340453094230 1581340453104233 10003
Snk : 340 340 1581340453143596 1581340453153630 10034
Snk : 341 341 1581340453193022 1581340453203013 9991
Snk : 342 342 1581340453242417 1581340453252377 9960
Snk : 343 343 1581340453291688 1581340453301715 10027
Snk : 344 344 1581340453341176 1581340453351149 9973
Snk : 345 345 1581340453390508 1581340453400455 9947
Snk : 346 346 1581340453439836 1581340453449856 10020
Snk : 347 347 1581340453489226 1581340453499306 10080
Snk : 348 348 1581340453538834 1581340453548866 10032
Snk : 349 349 1581340453588235 1581340453598255 10020
Snk : 350 350 1581340453637666 1581340453647656 9990
Snk : 351 351 1581340453686986 1581340453697020 10034
Snk : 352 352 1581340453736411 1581340453746416 10005
Snk : 353 353 1581340453785853 1581340453795812 9959
Snk : 354 354 1581340453835249 1581340453845213 9964
Snk : 355 355 1581340453884557 1581340453894537 9980
Snk : 356 356 1581340453933938 1581340453943890 9952
Snk : 357 357 1581340453983282 1581340453993289 10007
Snk : 358 358 1581340454032596 1581340454042612 10016
Snk : 359 359 1581340454081900 1581340454091916 10016
Snk : 360 360 1581340454131267 1581340454141279 10012
Snk : 361 361 1581340454180805 1581340454190781 9976
Snk : 362 362 1581340454230125 1581340454240129 10004
Snk : 363 363 1581340454279469 1581340454289496 10027
Snk : 364 364 1581340454328887 1581340454338885 9998
Snk : 365 365 1581340454378247 1581340454388222 9975
Snk : 366 366 1581340454427550 1581340454437534 9984
Snk : 367 367 1581340454476902 1581340454486889 9987
Snk : 368 368 1581340454526274 1581340454536255 9981
Snk : 369 369 1581340454575595 1581340454585581 9986
Snk : 370 370 1581340454624916 1581340454634901 9985
Snk : 371 371 1581340454674257 1581340454684247 9990
Snk : 372 372 1581340454723673 1581340454733688 10015
Snk : 373 373 1581340454773100 1581340454783101 10001
Snk : 374 374 1581340454822503 1581340454832463 9960
Snk : 375 375 1581340454871813 1581340454881842 10029
Snk : 376 376 1581340454921204 1581340454931178 9974
Snk : 377 377 1581340454970585 1581340454980515 9930
Snk : 378 378 1581340455019867 1581340455029859 9992
Snk : 379 379 1581340455069219 1581340455079177 9958
Snk : 380 380 1581340455118584 1581340455128565 9981
Snk : 381 381 1581340455167922 1581340455177999 10077
Snk : 382 382 1581340455217359 1581340455227360 10001
Snk : 383 383 1581340455266707 1581340455276741 10034
Snk : 384 384 1581340455316072 1581340455326166 10094
Snk : 385 385 1581340455365549 1581340455375591 10042
Snk : 386 386 1581340455414943 1581340455424957 10014
Snk : 387 387 1581340455464322 1581340455474304 9982
Snk : 388 388 1581340455513698 1581340455523705 10007
Snk : 389 389 1581340455563015 1581340455573047 10032
Snk : 390 390 1581340455612369 1581340455622368 9999
Snk : 391 391 1581340455661738 1581340455671676 9938
Snk : 392 392 1581340455711013 1581340455721065 10052
Snk : 393 393 1581340455760412 1581340455770483 10071
Snk : 394 394 1581340455809836 1581340455819819 9983
Snk : 395 395 1581340455859180 1581340455869197 10017
Snk : 396 396 1581340455908535 1581340455918540 10005
Snk : 397 397 1581340455957940 1581340455967942 10002
Snk : 398 398 1581340456007344 1581340456017388 10044
Snk : 399 399 1581340456056725 1581340456066712 9987
Snk : 400 400 1581340456106063 1581340456116017 9954
Snk : 401 401 1581340456155389 1581340456165368 9979
Snk : 402 402 1581340456204827 1581340456214787 9960
Snk : 403 403 1581340456254138 1581340456264126 9988
Snk : 404 404 1581340456303459 1581340456313493 10034
Snk : 405 405 1581340456352921 1581340456362892 9971
Snk : 406 406 1581340456402254 1581340456412232 9978
Snk : 407 407 1581340456451593 1581340456461639 10046
Snk : 408 408 1581340456501016 1581340456511007 9991
Snk : 409 409 1581340456550355 1581340456560372 10017
Snk : 410 410 1581340456599752 1581340456609785 10033
Snk : 411 411 1581340456649239 1581340456659162 9923
Snk : 412 412 1581340456698603 1581340456708567 9964
Snk : 413 413 1581340456748012 1581340456758017 10005
Snk : 414 414 1581340456797509 1581340456807468 9959
Snk : 415 415 1581340456847100 1581340456857108 10008
Snk : 416 416 1581340456896498 1581340456906510 10012
Snk : 417 417 1581340456945869 1581340456955849 9980
Snk : 418 418 1581340456995264 1581340457005301 10037
Snk : 419 419 1581340457044648 1581340457054665 10017
Snk : 420 420 1581340457094004 1581340457103984 9980
Snk : 421 421 1581340457143339 1581340457153387 10048
Snk : 422 422 1581340457192806 1581340457202779 9973
Snk : 423 423 1581340457242178 1581340457252123 9945
Snk : 424 424 1581340457291461 1581340457301459 9998
Snk : 425 425 1581340457340974 1581340457350905 9931
Snk : 426 426 1581340457390322 1581340457400277 9955
Snk : 427 427 1581340457439626 1581340457449627 10001
Snk : 428 428 1581340457488964 1581340457498979 10015
Snk : 429 429 1581340457538378 1581340457548383 10005
Snk : 430 430 1581340457587773 1581340457597785 10012
Snk : 431 431 1581340457637146 1581340457647143 9997
Snk : 432 432 1581340457686524 1581340457696542 10018
Snk : 433 433 1581340457735911 1581340457745912 10001
Snk : 434 434 1581340457785396 1581340457795402 10006
Snk : 435 435 1581340457834941 1581340457844927 9986
Snk : 436 436 1581340457884249 1581340457894259 10010
Snk : 437 437 1581340457933659 1581340457943618 9959
Snk : 438 438 1581340457983009 1581340457993096 10087
Snk : 439 439 1581340458032684 1581340458042710 10026
Snk : 440 440 1581340458082136 1581340458092139 10003
Snk : 441 441 1581340458131476 1581340458141471 9995
Snk : 442 442 1581340458180911 1581340458190906 9995
Snk : 443 443 1581340458230308 1581340458240312 10004
Snk : 444 444 1581340458279677 1581340458289699 10022
Snk : 445 445 1581340458329126 1581340458339134 10008
Snk : 446 446 1581340458378521 1581340458388478 9957
Snk : 447 447 1581340458427805 1581340458437809 10004
Snk : 448 448 1581340458477155 1581340458487130 9975
Snk : 449 449 1581340458526679 1581340458536718 10039
Snk : 450 450 1581340458576079 1581340458586078 9999
Snk : 451 451 1581340458625381 1581340458635362 9981
Snk : 452 452 1581340458674700 1581340458684707 10007
Snk : 453 453 1581340458724143 1581340458734189 10046
Snk : 454 454 1581340458773612 1581340458783660 10048
Snk : 455 455 1581340458823244 1581340458833255 10011
Snk : 456 456 1581340458872674 1581340458882625 9951
Snk : 457 457 1581340458922026 1581340458932013 9987
Snk : 458 458 1581340458971399 1581340458981380 9981
Snk : 459 459 1581340459020734 1581340459030708 9974
Snk : 460 460 1581340459070072 1581340459080041 9969
Snk : 461 461 1581340459119366 1581340459129389 10023
Snk : 462 462 1581340459168763 1581340459178820 10057
Snk : 463 463 1581340459218132 1581340459228122 9990
Snk : 464 464 1581340459267476 1581340459277475 9999
Snk : 465 465 1581340459316899 1581340459326929 10030
Snk : 466 466 1581340459366268 1581340459376301 10033
Snk : 467 467 1581340459415639 1581340459425649 10010
Snk : 468 468 1581340459465021 1581340459474975 9954
Snk : 469 469 1581340459514331 1581340459524338 10007
Snk : 470 470 1581340459563735 1581340459573777 10042
Snk : 471 471 1581340459613117 1581340459623090 9973
Snk : 472 472 1581340459662429 1581340459672403 9974
Snk : 473 473 1581340459711727 1581340459721758 10031
Snk : 474 474 1581340459761167 1581340459771196 10029
Snk : 475 475 1581340459810542 1581340459820535 9993
Snk : 476 476 1581340459859904 1581340459869906 10002
Snk : 477 477 1581340459909271 1581340459919275 10004
Snk : 478 478 1581340459958681 1581340459968700 10019
Snk : 479 479 1581340460008106 1581340460018131 10025
Snk : 480 480 1581340460057513 1581340460067471 9958
Snk : 481 481 1581340460106781 1581340460116797 10016
Snk : 482 482 1581340460156149 1581340460166116 9967
Snk : 483 483 1581340460205516 1581340460215490 9974
Snk : 484 484 1581340460254825 1581340460264819 9994
Snk : 485 485 1581340460304223 1581340460314238 10015
Snk : 486 486 1581340460353644 1581340460363630 9986
Snk : 487 487 1581340460403025 1581340460413025 10000
Snk : 488 488 1581340460452370 1581340460462416 10046
Snk : 489 489 1581340460501789 1581340460511758 9969
Snk : 490 490 1581340460551154 1581340460561169 10015
Snk : 491 491 1581340460600494 1581340460610493 9999
Snk : 492 492 1581340460649876 1581340460659821 9945
Snk : 493 493 1581340460699132 1581340460709137 10005
Snk : 494 494 1581340460748536 1581340460758539 10003
Snk : 495 495 1581340460798005 1581340460807993 9988
Snk : 496 496 1581340460847608 1581340460857630 10022
Snk : 497 497 1581340460896965 1581340460906964 9999
Snk : 498 498 1581340460946353 1581340460956357 10004
Snk : 499 499 1581340460995707 1581340461005728 10021
Snk : 500 500 1581340461045093 1581340461055067 9974
Snk : 501 501 1581340461094482 1581340461104456 9974
Snk : 502 502 1581340461143800 1581340461153834 10034
Snk : 503 503 1581340461193227 1581340461203201 9974
Snk : 504 504 1581340461242566 1581340461252519 9953
Snk : 505 505 1581340461291888 1581340461301868 9980
Snk : 506 506 1581340461341326 1581340461351288 9962
Snk : 507 507 1581340461390681 1581340461400744 10063
Snk : 508 508 1581340461440049 1581340461450059 10010
Snk : 509 509 1581340461489396 1581340461499389 9993
Snk : 510 510 1581340461538770 1581340461548804 10034
Snk : 511 511 1581340461588224 1581340461598259 10035
Snk : 512 512 1581340461637606 1581340461647608 10002
Snk : 513 513 1581340461686944 1581340461696981 10037
Snk : 514 514 1581340461736326 1581340461746397 10071
Snk : 515 515 1581340461785796 1581340461795755 9959
Snk : 516 516 1581340461835219 1581340461845219 10000
Snk : 517 517 1581340461884563 1581340461894517 9954
Snk : 518 518 1581340461933960 1581340461943918 9958
Snk : 519 519 1581340461983328 1581340461993368 10040
Snk : 520 520 1581340462032738 1581340462042721 9983
Snk : 521 521 1581340462082077 1581340462092056 9979
Snk : 522 522 1581340462131435 1581340462141431 9996
Snk : 523 523 1581340462180833 1581340462190824 9991
Snk : 524 524 1581340462230230 1581340462240216 9986
Snk : 525 525 1581340462279567 1581340462289574 10007
Snk : 526 526 1581340462328979 1581340462338992 10013
Snk : 527 527 1581340462378405 1581340462388374 9969
Snk : 528 528 1581340462427767 1581340462437754 9987
Snk : 529 529 1581340462477146 1581340462487135 9989
Snk : 530 530 1581340462526488 1581340462536508 10020
Snk : 531 531 1581340462575869 1581340462585904 10035
Snk : 532 532 1581340462625217 1581340462635220 10003
Snk : 533 533 1581340462674559 1581340462684535 9976
Snk : 534 534 1581340462723939 1581340462733975 10036
Snk : 535 535 1581340462773369 1581340462783371 10002
Snk : 536 536 1581340462822752 1581340462832772 10020
Snk : 537 537 1581340462872098 1581340462882132 10034
Snk : 538 538 1581340462921494 1581340462931458 9964
Snk : 539 539 1581340462970844 1581340462980857 10013
Snk : 540 540 1581340463020423 1581340463030414 9991
Snk : 541 541 1581340463069769 1581340463079727 9958
Snk : 542 542 1581340463119030 1581340463129043 10013
Snk : 543 543 1581340463168382 1581340463178499 10117
Snk : 544 544 1581340463217829 1581340463227806 9977
Snk : 545 545 1581340463267155 1581340463277189 10034
Snk : 546 546 1581340463316542 1581340463326595 10053
Snk : 547 547 1581340463366003 1581340463376022 10019
Snk : 548 548 1581340463415406 1581340463425436 10030
Snk : 549 549 1581340463464817 1581340463474792 9975
Snk : 550 550 1581340463514312 1581340463524320 10008
Snk : 551 551 1581340463563685 1581340463573670 9985
Snk : 552 552 1581340463613096 1581340463623082 9986
Snk : 553 553 1581340463662411 1581340463672383 9972
Snk : 554 554 1581340463711685 1581340463721761 10076
Snk : 555 555 1581340463761176 1581340463771164 9988
Snk : 556 556 1581340463810577 1581340463820554 9977
Snk : 557 557 1581340463859898 1581340463869886 9988
Snk : 558 558 1581340463909231 1581340463919235 10004
Snk : 559 559 1581340463958651 1581340463968657 10006
Snk : 560 560 1581340464008098 1581340464018113 10015
Snk : 561 561 1581340464057489 1581340464067463 9974
Snk : 562 562 1581340464106838 1581340464116833 9995
Snk : 563 563 1581340464156162 1581340464166126 9964
Snk : 564 564 1581340464205543 1581340464215509 9966
Snk : 565 565 1581340464254840 1581340464264873 10033
Snk : 566 566 1581340464304169 1581340464314178 10009
Snk : 567 567 1581340464353637 1581340464363655 10018
Snk : 568 568 1581340464403097 1581340464413129 10032
Snk : 569 569 1581340464452455 1581340464462492 10037
Snk : 570 570 1581340464501867 1581340464511872 10005
Snk : 571 571 1581340464551403 1581340464561395 9992
Snk : 572 572 1581340464600844 1581340464610826 9982
Snk : 573 573 1581340464650212 1581340464660173 9961
Snk : 574 574 1581340464699495 1581340464709508 10013
Snk : 575 575 1581340464748980 1581340464758921 9941
Snk : 576 576 1581340464798387 1581340464808333 9946
Snk : 577 577 1581340464848022 1581340464858057 10035
Snk : 578 578 1581340464897411 1581340464907396 9985
Snk : 579 579 1581340464946802 1581340464956787 9985
Snk : 580 580 1581340464996197 1581340465006217 10020
Snk : 581 581 1581340465045624 1581340465055609 9985
Snk : 582 582 1581340465094950 1581340465104980 10030
Snk : 583 583 1581340465144375 1581340465154423 10048
Snk : 584 584 1581340465193788 1581340465203762 9974
Snk : 585 585 1581340465243099 1581340465253097 9998
Snk : 586 586 1581340465292452 1581340465302471 10019
Snk : 587 587 1581340465341889 1581340465351849 9960
Snk : 588 588 1581340465391234 1581340465401248 10014
Snk : 589 589 1581340465440571 1581340465450588 10017
Snk : 590 590 1581340465489919 1581340465499924 10005
Snk : 591 591 1581340465539348 1581340465549342 9994
Snk : 592 592 1581340465588778 1581340465598782 10004
Snk : 593 593 1581340465638145 1581340465648162 10017
Snk : 594 594 1581340465687460 1581340465697494 10034
Snk : 595 595 1581340465736901 1581340465746876 9975
Snk : 596 596 1581340465786273 1581340465796247 9974
Snk : 597 597 1581340465835666 1581340465845644 9978
Snk : 598 598 1581340465885006 1581340465894982 9976
Snk : 599 599 1581340465934388 1581340465944347 9959
Snk : 600 600 1581340465983748 1581340465993757 10009
Snk : 601 601 1581340466033103 1581340466043105 10002
Snk : 602 602 1581340466082421 1581340466092412 9991
Snk : 603 603 1581340466131761 1581340466141791 10030
Snk : 604 604 1581340466181173 1581340466191161 9988
Snk : 605 605 1581340466230542 1581340466240559 10017
Snk : 606 606 1581340466279889 1581340466289937 10048
Snk : 607 607 1581340466329294 1581340466339327 10033
Snk : 608 608 1581340466378696 1581340466388698 10002
Snk : 609 609 1581340466428052 1581340466438055 10003
Snk : 610 610 1581340466477399 1581340466487375 9976
Snk : 611 611 1581340466526813 1581340466536866 10053
Snk : 612 612 1581340466576196 1581340466586223 10027
Snk : 613 613 1581340466625566 1581340466635568 10002
Snk : 614 614 1581340466674859 1581340466684863 10004
Snk : 615 615 1581340466724270 1581340466734275 10005
Snk : 616 616 1581340466773686 1581340466783716 10030
Snk : 617 617 1581340466823111 1581340466833151 10040
Snk : 618 618 1581340466872479 1581340466882501 10022
Snk : 619 619 1581340466921881 1581340466931841 9960
Snk : 620 620 1581340466971172 1581340466981231 10059
Snk : 621 621 1581340467020590 1581340467030563 9973
Snk : 622 622 1581340467069902 1581340467079891 9989
Snk : 623 623 1581340467119244 1581340467129244 10000
Snk : 624 624 1581340467168544 1581340467178646 10102
Snk : 625 625 1581340467218004 1581340467228003 9999
Snk : 626 626 1581340467267360 1581340467277361 10001
Snk : 627 627 1581340467316730 1581340467326804 10074
Snk : 628 628 1581340467366221 1581340467376237 10016
Snk : 629 629 1581340467415569 1581340467425595 10026
Snk : 630 630 1581340467464936 1581340467474911 9975
Snk : 631 631 1581340467514345 1581340467524320 9975
Snk : 632 632 1581340467563694 1581340467573685 9991
Snk : 633 633 1581340467613095 1581340467623052 9957
Snk : 634 634 1581340467662403 1581340467672373 9970
Snk : 635 635 1581340467711728 1581340467721752 10024
Snk : 636 636 1581340467761157 1581340467771183 10026
Snk : 637 637 1581340467810744 1581340467820776 10032
Snk : 638 638 1581340467860089 1581340467870105 10016
Snk : 639 639 1581340467909501 1581340467919518 10017
Snk : 640 640 1581340467958866 1581340467968881 10015
Snk : 641 641 1581340468008459 1581340468018461 10002
Snk : 642 642 1581340468057855 1581340468067801 9946
Snk : 643 643 1581340468107163 1581340468117167 10004
Snk : 644 644 1581340468156528 1581340468166517 9989
Snk : 645 645 1581340468205898 1581340468215872 9974
Snk : 646 646 1581340468255203 1581340468265249 10046
Snk : 647 647 1581340468304533 1581340468314565 10032
Snk : 648 648 1581340468353975 1581340468363945 9970
Snk : 649 649 1581340468403314 1581340468413326 10012
Snk : 650 650 1581340468452679 1581340468462640 9961
Snk : 651 651 1581340468502105 1581340468512110 10005
Snk : 652 652 1581340468551517 1581340468561537 10020
Snk : 653 653 1581340468600944 1581340468610932 9988
Snk : 654 654 1581340468650283 1581340468660254 9971
Snk : 655 655 1581340468699576 1581340468709526 9950
Snk : 656 656 1581340468748972 1581340468758926 9954
Snk : 657 657 1581340468798425 1581340468808396 9971
Snk : 658 658 1581340468848057 1581340468858083 10026
Snk : 659 659 1581340468897404 1581340468907421 10017
Snk : 660 660 1581340468946791 1581340468956773 9982
Snk : 661 661 1581340468996124 1581340469006115 9991
Snk : 662 662 1581340469045499 1581340469055502 10003
Snk : 663 663 1581340469094849 1581340469104882 10033
Snk : 664 664 1581340469144245 1581340469154275 10030
Snk : 665 665 1581340469193626 1581340469203614 9988
Snk : 666 666 1581340469242951 1581340469252948 9997
Snk : 667 667 1581340469292305 1581340469302299 9994
Snk : 668 668 1581340469341785 1581340469351745 9960
Snk : 669 669 1581340469391088 1581340469401104 10016
Snk : 670 670 1581340469440450 1581340469450464 10014
Snk : 671 671 1581340469489804 1581340469499762 9958
Snk : 672 672 1581340469539143 1581340469549178 10035
Snk : 673 673 1581340469588639 1581340469598623 9984
Snk : 674 674 1581340469637996 1581340469648000 10004
Snk : 675 675 1581340469687317 1581340469697364 10047
Snk : 676 676 1581340469736739 1581340469746730 9991
Snk : 677 677 1581340469786123 1581340469796078 9955
Snk : 678 678 1581340469835608 1581340469845635 10027
Snk : 679 679 1581340469885027 1581340469895001 9974
Snk : 680 680 1581340469934346 1581340469944375 10029
Snk : 681 681 1581340469983756 1581340469993750 9994
Snk : 682 682 1581340470033087 1581340470043090 10003
Snk : 683 683 1581340470082437 1581340470092454 10017
Snk : 684 684 1581340470131774 1581340470141837 10063
Snk : 685 685 1581340470181217 1581340470191208 9991
Snk : 686 686 1581340470230575 1581340470240574 9999
Snk : 687 687 1581340470279928 1581340470289963 10035
Snk : 688 688 1581340470329327 1581340470339387 10060
Snk : 689 689 1581340470378785 1581340470388789 10004
Snk : 690 690 1581340470428115 1581340470438112 9997
Snk : 691 691 1581340470477477 1581340470487445 9968
Snk : 692 692 1581340470526828 1581340470536859 10031
Snk : 693 693 1581340470576201 1581340470586264 10063
Snk : 694 694 1581340470625558 1581340470635577 10019
Snk : 695 695 1581340470674857 1581340470684889 10032
Snk : 696 696 1581340470724268 1581340470734328 10060
Snk : 697 697 1581340470773498 1581340470783528 10030
Snk : 698 698 1581340470822660 1581340470832662 10002
Snk : 699 699 1581340470871669 1581340470881700 10031
Snk : 700 700 1581340470920504 1581340470930316 9812
