Src : 1 1 1581339936783398 1581339936799129 15731
Src : 2 2 1581339936799170 1581339936809953 10783
Src : 3 3 1581339936809964 1581339936820469 10505
Src : 4 4 1581339936820487 1581339936830681 10194
Src : 5 5 1581339936850994 1581339936861177 10183
Src : 6 6 1581339936901760 1581339936911919 10159
Src : 7 7 1581339936951824 1581339936962018 10194
Src : 8 8 1581339937001649 1581339937011813 10164
Src : 9 9 1581339937051117 1581339937061315 10198
Src : 10 10 1581339937100498 1581339937110703 10205
Src : 11 11 1581339937149907 1581339937160079 10172
Src : 12 12 1581339937199285 1581339937209494 10209
Src : 13 13 1581339937248707 1581339937258866 10159
Src : 14 14 1581339937298115 1581339937308283 10168
Src : 15 15 1581339937347479 1581339937357684 10205
Src : 16 16 1581339937397706 1581339937407885 10179
Src : 17 17 1581339937447502 1581339937457705 10203
Src : 18 18 1581339937497324 1581339937507499 10175
Src : 19 19 1581339937546804 1581339937557010 10206
Src : 20 20 1581339937596356 1581339937606576 10220
Src : 21 21 1581339937646010 1581339937656190 10180
Src : 22 22 1581339937695452 1581339937705658 10206
Src : 23 23 1581339937744974 1581339937755148 10174
Src : 24 24 1581339937794508 1581339937804709 10201
Src : 25 25 1581339937844016 1581339937854218 10202
Src : 26 26 1581339937893451 1581339937903618 10167
Src : 27 27 1581339937942833 1581339937953052 10219
Src : 28 28 1581339937993026 1581339938003325 10299
Src : 29 29 1581339938042957 1581339938053163 10206
Src : 30 30 1581339938092780 1581339938102953 10173
Src : 31 31 1581339938142381 1581339938152557 10176
Src : 32 32 1581339938191800 1581339938202010 10210
Src : 33 33 1581339938241299 1581339938251452 10153
Src : 34 34 1581339938290675 1581339938300878 10203
Src : 35 35 1581339938340112 1581339938350311 10199
Src : 36 36 1581339938389488 1581339938399659 10171
Src : 37 37 1581339938438883 1581339938449121 10238
Src : 38 38 1581339938488513 1581339938498713 10200
Src : 39 39 1581339938537898 1581339938548078 10180
Src : 40 40 1581339938587819 1581339938598154 10335
Src : 41 41 1581339938637665 1581339938647834 10169
Src : 42 42 1581339938687517 1581339938697688 10171
Src : 43 43 1581339938737236 1581339938747412 10176
Src : 44 44 1581339938786641 1581339938796848 10207
Src : 45 45 1581339938836224 1581339938846452 10228
Src : 46 46 1581339938885670 1581339938895843 10173
Src : 47 47 1581339938935037 1581339938945241 10204
Src : 48 48 1581339938984387 1581339938994585 10198
Src : 49 49 1581339939033767 1581339939043973 10206
Src : 50 50 1581339939083172 1581339939093377 10205
Src : 51 51 1581339939132556 1581339939142759 10203
Src : 52 52 1581339939181881 1581339939192358 10477
Src : 53 53 1581339939232141 1581339939242354 10213
Src : 54 54 1581339939282001 1581339939292174 10173
Src : 55 55 1581339939331809 1581339939342010 10201
Src : 56 56 1581339939381178 1581339939391354 10176
Src : 57 57 1581339939430556 1581339939440795 10239
Src : 58 58 1581339939479964 1581339939490171 10207
Src : 59 59 1581339939529346 1581339939539523 10177
Src : 60 60 1581339939578703 1581339939588946 10243
Src : 61 61 1581339939628097 1581339939638309 10212
Src : 62 62 1581339939677476 1581339939687643 10167
Src : 63 63 1581339939726943 1581339939737182 10239
Src : 64 64 1581339939776389 1581339939786882 10493
Src : 65 65 1581339939826623 1581339939836854 10231
Src : 66 66 1581339939876539 1581339939886737 10198
Src : 67 67 1581339939926419 1581339939936563 10144
Src : 68 68 1581339939975712 1581339939985914 10202
Src : 69 69 1581339940025067 1581339940035234 10167
Src : 70 70 1581339940074499 1581339940084689 10190
Src : 71 71 1581339940123819 1581339940134052 10233
Src : 72 72 1581339940173199 1581339940183350 10151
Src : 73 73 1581339940222511 1581339940232706 10195
Src : 74 74 1581339940271938 1581339940282138 10200
Src : 75 75 1581339940321307 1581339940331484 10177
Src : 76 76 1581339940370705 1581339940380885 10180
Src : 77 77 1581339940420896 1581339940431097 10201
Src : 78 78 1581339940470310 1581339940480484 10174
Src : 79 79 1581339940519688 1581339940529874 10186
Src : 80 80 1581339940569029 1581339940579190 10161
Src : 81 81 1581339940618734 1581339940628952 10218
Src : 82 82 1581339940668337 1581339940678528 10191
Src : 83 83 1581339940717686 1581339940727848 10162
Src : 84 84 1581339940767009 1581339940777241 10232
Src : 85 85 1581339940816480 1581339940826689 10209
Src : 86 86 1581339940865909 1581339940876104 10195
Src : 87 87 1581339940915291 1581339940925489 10198
Src : 88 88 1581339940964657 1581339940974827 10170
Src : 89 89 1581339941014966 1581339941025150 10184
Src : 90 90 1581339941064870 1581339941075041 10171
Src : 91 91 1581339941114694 1581339941124900 10206
Src : 92 92 1581339941164055 1581339941174262 10207
Src : 93 93 1581339941213408 1581339941223586 10178
Src : 94 94 1581339941262790 1581339941272998 10208
Src : 95 95 1581339941312255 1581339941322437 10182
Src : 96 96 1581339941361636 1581339941371807 10171
Src : 97 97 1581339941411021 1581339941421201 10180
Src : 98 98 1581339941460368 1581339941470567 10199
Src : 99 99 1581339941509821 1581339941519981 10160
Src : 100 100 1581339941559198 1581339941569408 10210
Src : 101 101 1581339941609420 1581339941619634 10214
Src : 102 102 1581339941659341 1581339941669546 10205
Src : 103 103 1581339941709207 1581339941719368 10161
Src : 104 104 1581339941758586 1581339941768771 10185
Src : 105 105 1581339941809122 1581339941819566 10444
Src : 106 106 1581339941859868 1581339941870187 10319
Src : 107 107 1581339942083004 1581339942093003 9999
Src : 108 108 1581339942093010 1581339942103549 10539
Src : 109 109 1581339942103564 1581339942114079 10515
Src : 110 110 1581339942114100 1581339942124206 10106
Src : 111 111 1581339942144364 1581339942154585 10221
Src : 112 112 1581339942195040 1581339942205428 10388
Src : 113 113 1581339942245956 1581339942256261 10305
Src : 114 114 1581339942296484 1581339942306798 10314
Src : 115 115 1581339942347080 1581339942357401 10321
Src : 116 116 1581339942397594 1581339942407906 10312
Src : 117 117 1581339942448135 1581339942458438 10303
Src : 118 118 1581339942498692 1581339942509002 10310
Src : 119 119 1581339942549200 1581339942559509 10309
Src : 120 120 1581339942599775 1581339942610099 10324
Src : 121 121 1581339942650544 1581339942660860 10316
Src : 122 122 1581339942701086 1581339942711430 10344
Src : 123 123 1581339942751679 1581339942761996 10317
Src : 124 124 1581339942802640 1581339942812972 10332
Src : 125 125 1581339942853234 1581339942863546 10312
Src : 126 126 1581339942903774 1581339942914080 10306
Src : 127 127 1581339942954363 1581339942964675 10312
Src : 128 128 1581339943004869 1581339943015182 10313
Src : 129 129 1581339943055409 1581339943065726 10317
Src : 130 130 1581339943105976 1581339943116287 10311
Src : 131 131 1581339943156485 1581339943166802 10317
Src : 132 132 1581339943206998 1581339943217316 10318
Src : 133 133 1581339943257525 1581339943267842 10317
Src : 134 134 1581339943308082 1581339943318398 10316
Src : 135 135 1581339943358663 1581339943368979 10316
Src : 136 136 1581339943409758 1581339943420062 10304
Src : 137 137 1581339943460547 1581339943470876 10329
Src : 138 138 1581339943511089 1581339943521401 10312
Src : 139 139 1581339943561632 1581339943571944 10312
Src : 140 140 1581339943612148 1581339943622471 10323
Src : 141 141 1581339943662682 1581339943672990 10308
Src : 142 142 1581339943713198 1581339943723508 10310
Src : 143 143 1581339943763709 1581339943774013 10304
Src : 144 144 1581339943814248 1581339943824559 10311
Src : 145 145 1581339943864825 1581339943875124 10299
Src : 146 146 1581339943915362 1581339943925668 10306
Src : 147 147 1581339943965903 1581339943976214 10311
Src : 148 148 1581339944017139 1581339944027454 10315
Src : 149 149 1581339944067764 1581339944078082 10318
Src : 150 150 1581339944118278 1581339944128585 10307
Src : 151 151 1581339944168817 1581339944179125 10308
Src : 152 152 1581339944219327 1581339944229634 10307
Src : 153 153 1581339944269896 1581339944280201 10305
Src : 154 154 1581339944320408 1581339944330718 10310
Src : 155 155 1581339944370889 1581339944381203 10314
Src : 156 156 1581339944421378 1581339944431682 10304
Src : 157 157 1581339944471895 1581339944482209 10314
Src : 158 158 1581339944522398 1581339944532706 10308
Src : 159 159 1581339944572912 1581339944583216 10304
Src : 160 160 1581339944624036 1581339944634359 10323
Src : 161 161 1581339944674565 1581339944684873 10308
Src : 162 162 1581339944725075 1581339944735382 10307
Src : 163 163 1581339944775614 1581339944785927 10313
Src : 164 164 1581339944826258 1581339944836572 10314
Src : 165 165 1581339944876798 1581339944887114 10316
Src : 166 166 1581339944927310 1581339944937624 10314
Src : 167 167 1581339944977809 1581339944988121 10312
Src : 168 168 1581339945028301 1581339945038607 10306
Src : 169 169 1581339945078866 1581339945089181 10315
Src : 170 170 1581339945129378 1581339945139681 10303
Src : 171 171 1581339945179887 1581339945190203 10316
Src : 172 172 1581339945230835 1581339945241142 10307
Src : 173 173 1581339945281389 1581339945291690 10301
Src : 174 174 1581339945331938 1581339945342252 10314
Src : 175 175 1581339945382449 1581339945392762 10313
Src : 176 176 1581339945433007 1581339945443313 10306
Src : 177 177 1581339945483550 1581339945493862 10312
Src : 178 178 1581339945534043 1581339945544345 10302
Src : 179 179 1581339945584555 1581339945594867 10312
Src : 180 180 1581339945635074 1581339945645380 10306
Src : 181 181 1581339945685612 1581339945695911 10299
Src : 182 182 1581339945736119 1581339945746428 10309
Src : 183 183 1581339945786631 1581339945796994 10363
Src : 184 184 1581339945837595 1581339945847909 10314
Src : 185 185 1581339945888093 1581339945898400 10307
Src : 186 186 1581339945938606 1581339945948909 10303
Src : 187 187 1581339945989119 1581339945999423 10304
Src : 188 188 1581339946039628 1581339946049929 10301
Src : 189 189 1581339946090167 1581339946100462 10295
Src : 190 190 1581339946140736 1581339946151042 10306
Src : 191 191 1581339946191249 1581339946201559 10310
Src : 192 192 1581339946241789 1581339946252093 10304
Src : 193 193 1581339946292328 1581339946302639 10311
Src : 194 194 1581339946342874 1581339946353184 10310
Src : 195 195 1581339946393412 1581339946403770 10358
Src : 196 196 1581339946444228 1581339946454568 10340
Src : 197 197 1581339946494823 1581339946505134 10311
Src : 198 198 1581339946545337 1581339946555645 10308
Src : 199 199 1581339946596080 1581339946606427 10347
Src : 200 200 1581339946646709 1581339946657020 10311
Src : 201 201 1581339946697278 1581339946707574 10296
Src : 202 202 1581339946747823 1581339946758134 10311
Src : 203 203 1581339946798906 1581339946809225 10319
Src : 204 204 1581339946850346 1581339946860641 10295
Src : 205 205 1581339947128471 1581339947138320 9849
Src : 206 206 1581339947138342 1581339947148705 10363
Src : 207 207 1581339947148712 1581339947159113 10401
Src : 208 208 1581339947159125 1581339947169496 10371
Src : 209 209 1581339947189314 1581339947199516 10202
Src : 210 210 1581339947239645 1581339947249960 10315
Src : 211 211 1581339947290842 1581339947301151 10309
Src : 212 212 1581339947342162 1581339947352462 10300
Src : 213 213 1581339947393472 1581339947403780 10308
Src : 214 214 1581339947444831 1581339947455132 10301
Src : 215 215 1581339947496142 1581339947506447 10305
Src : 216 216 1581339947547429 1581339947557730 10301
Src : 217 217 1581339947598890 1581339947609208 10318
Src : 218 218 1581339947650234 1581339947660553 10319
Src : 219 219 1581339947701580 1581339947711888 10308
Src : 220 220 1581339947752882 1581339947763184 10302
Src : 221 221 1581339947804182 1581339947814485 10303
Src : 222 222 1581339947855477 1581339947865784 10307
Src : 223 223 1581339947906824 1581339947917133 10309
Src : 224 224 1581339947958179 1581339947968476 10297
Src : 225 225 1581339948009507 1581339948019809 10302
Src : 226 226 1581339948060811 1581339948071108 10297
Src : 227 227 1581339948112098 1581339948122400 10302
Src : 228 228 1581339948163386 1581339948173689 10303
Src : 229 229 1581339948214706 1581339948224999 10293
Src : 230 230 1581339948266056 1581339948276357 10301
Src : 231 231 1581339948317385 1581339948327693 10308
Src : 232 232 1581339948368670 1581339948378978 10308
Src : 233 233 1581339948419927 1581339948430237 10310
Src : 234 234 1581339948471263 1581339948481565 10302
Src : 235 235 1581339948522579 1581339948532883 10304
Src : 236 236 1581339948573897 1581339948584205 10308
Src : 237 237 1581339948625216 1581339948635526 10310
Src : 238 238 1581339948676503 1581339948686811 10308
Src : 239 239 1581339948727796 1581339948738103 10307
Src : 240 240 1581339948779145 1581339948789449 10304
Src : 241 241 1581339948830485 1581339948840794 10309
Src : 242 242 1581339948881774 1581339948892077 10303
Src : 243 243 1581339948933065 1581339948943368 10303
Src : 244 244 1581339948984354 1581339948994654 10300
Src : 245 245 1581339949035641 1581339949045947 10306
Src : 246 246 1581339949086965 1581339949097274 10309
Src : 247 247 1581339949138311 1581339949148614 10303
Src : 248 248 1581339949189628 1581339949199934 10306
Src : 249 249 1581339949240943 1581339949251239 10296
Src : 250 250 1581339949292260 1581339949302562 10302
Src : 251 251 1581339949343547 1581339949353855 10308
Src : 252 252 1581339949394863 1581339949405170 10307
Src : 253 253 1581339949446180 1581339949456486 10306
Src : 254 254 1581339949497538 1581339949507840 10302
Src : 255 255 1581339949548856 1581339949559167 10311
Src : 256 256 1581339949600150 1581339949610453 10303
Src : 257 257 1581339949651435 1581339949661745 10310
Src : 258 258 1581339949702792 1581339949713096 10304
Src : 259 259 1581339949754104 1581339949764412 10308
Src : 260 260 1581339949805418 1581339949815727 10309
Src : 261 261 1581339949856778 1581339949867087 10309
Src : 262 262 1581339949908094 1581339949918396 10302
Src : 263 263 1581339949959382 1581339949969692 10310
Src : 264 264 1581339950010700 1581339950021008 10308
Src : 265 265 1581339950062016 1581339950072317 10301
Src : 266 266 1581339950113330 1581339950123633 10303
Src : 267 267 1581339950164612 1581339950174919 10307
Src : 268 268 1581339950215905 1581339950226207 10302
Src : 269 269 1581339950267190 1581339950277501 10311
Src : 270 270 1581339950318506 1581339950328808 10302
Src : 271 271 1581339950369822 1581339950380130 10308
Src : 272 272 1581339950421138 1581339950431447 10309
Src : 273 273 1581339950472426 1581339950482729 10303
Src : 274 274 1581339950523713 1581339950534018 10305
Src : 275 275 1581339950575007 1581339950585317 10310
Src : 276 276 1581339950626325 1581339950636637 10312
Src : 277 277 1581339950677644 1581339950687948 10304
Src : 278 278 1581339950728997 1581339950739305 10308
Src : 279 279 1581339950780289 1581339950790591 10302
Src : 280 280 1581339950831551 1581339950841861 10310
Src : 281 281 1581339950882842 1581339950893153 10311
Src : 282 282 1581339950934159 1581339950944460 10301
Src : 283 283 1581339950985490 1581339950995790 10300
Src : 284 284 1581339951036793 1581339951047100 10307
Src : 285 285 1581339951088085 1581339951098379 10294
Src : 286 286 1581339951139368 1581339951149677 10309
Src : 287 287 1581339951190683 1581339951200991 10308
Src : 288 288 1581339951242006 1581339951252309 10303
Src : 289 289 1581339951293343 1581339951303648 10305
Src : 290 290 1581339951344676 1581339951354980 10304
Src : 291 291 1581339951395957 1581339951406265 10308
Src : 292 292 1581339951447279 1581339951457587 10308
Src : 293 293 1581339951498621 1581339951508930 10309
Src : 294 294 1581339951549941 1581339951560253 10312
Src : 295 295 1581339951601258 1581339951611566 10308
Src : 296 296 1581339951652548 1581339951662849 10301
Src : 297 297 1581339951703864 1581339951714171 10307
Src : 298 298 1581339951755155 1581339951765464 10309
Src : 299 299 1581339951806466 1581339951816765 10299
Src : 300 300 1581339951857787 1581339951868095 10308
Src : 301 301 1581339951909135 1581339951919438 10303
Src : 302 302 1581339951960423 1581339951970724 10301
Src : 303 303 1581339952011709 1581339952022012 10303
Src : 304 304 1581339952062999 1581339952073299 10300
Src : 305 305 1581339952114346 1581339952124649 10303
Src : 306 306 1581339952165664 1581339952175970 10306
Src : 307 307 1581339952216980 1581339952227277 10297
Src : 308 308 1581339952268301 1581339952278600 10299
Src : 309 309 1581339952319600 1581339952329909 10309
Src : 310 310 1581339952370850 1581339952381160 10310
Src : 311 311 1581339952422170 1581339952432476 10306
Src : 312 312 1581339952473497 1581339952483805 10308
Src : 313 313 1581339952524802 1581339952535106 10304
Src : 314 314 1581339952576090 1581339952586395 10305
Src : 315 315 1581339952627379 1581339952637687 10308
Src : 316 316 1581339952678701 1581339952689002 10301
Src : 317 317 1581339952730019 1581339952740318 10299
Src : 318 318 1581339952781366 1581339952791669 10303
Src : 319 319 1581339952832702 1581339952843001 10299
Src : 320 320 1581339952883985 1581339952894288 10303
Src : 321 321 1581339952935273 1581339952945574 10301
Src : 322 322 1581339952986595 1581339952996896 10301
Src : 323 323 1581339953037914 1581339953048222 10308
Src : 324 324 1581339953089262 1581339953099563 10301
Src : 325 325 1581339953140549 1581339953150845 10296
Src : 326 326 1581339953191837 1581339953202134 10297
Src : 327 327 1581339953243126 1581339953253436 10310
Src : 328 328 1581339953294473 1581339953304771 10298
Src : 329 329 1581339953345789 1581339953356097 10308
Src : 330 330 1581339953397107 1581339953407406 10299
Src : 331 331 1581339953448424 1581339953458728 10304
Src : 332 332 1581339953499746 1581339953510053 10307
Src : 333 333 1581339953551006 1581339953561308 10302
Src : 334 334 1581339953602323 1581339953612637 10314
Src : 335 335 1581339953653647 1581339953663954 10307
Src : 336 336 1581339953704997 1581339953715305 10308
Src : 337 337 1581339953756288 1581339953766587 10299
Src : 338 338 1581339953807555 1581339953817864 10309
Src : 339 339 1581339953858873 1581339953869179 10306
Src : 340 340 1581339953910221 1581339953920527 10306
Src : 341 341 1581339953961551 1581339953971842 10291
Src : 342 342 1581339954012857 1581339954023164 10307
Src : 343 343 1581339954064145 1581339954074453 10308
Src : 344 344 1581339954115466 1581339954125767 10301
Src : 345 345 1581339954166785 1581339954177092 10307
Src : 346 346 1581339954218106 1581339954228407 10301
Src : 347 347 1581339954269432 1581339954279734 10302
Src : 348 348 1581339954320743 1581339954331039 10296
Src : 349 349 1581339954372025 1581339954382328 10303
Src : 350 350 1581339954423317 1581339954433626 10309
Src : 351 351 1581339954474637 1581339954484941 10304
Src : 352 352 1581339954525959 1581339954536267 10308
Src : 353 353 1581339954577278 1581339954587579 10301
Src : 354 354 1581339954628564 1581339954638873 10309
Src : 355 355 1581339954679862 1581339954690170 10308
Src : 356 356 1581339954731184 1581339954741497 10313
Src : 357 357 1581339954782515 1581339954792814 10299
Src : 358 358 1581339954833875 1581339954844169 10294
Src : 359 359 1581339954885192 1581339954895502 10310
Src : 360 360 1581339954936478 1581339954946786 10308
Src : 361 361 1581339954987765 1581339954998067 10302
Src : 362 362 1581339955039055 1581339955049351 10296
Src : 363 363 1581339955090402 1581339955100711 10309
Src : 364 364 1581339955141720 1581339955152015 10295
Src : 365 365 1581339955193038 1581339955203346 10308
Src : 366 366 1581339955244300 1581339955254609 10309
Src : 367 367 1581339955295616 1581339955305923 10307
Src : 368 368 1581339955346906 1581339955357211 10305
Src : 369 369 1581339955398222 1581339955408523 10301
Src : 370 370 1581339955449578 1581339955459879 10301
Src : 371 371 1581339955500911 1581339955511209 10298
Src : 372 372 1581339955552197 1581339955562506 10309
Src : 373 373 1581339955603484 1581339955613791 10307
Src : 374 374 1581339955654776 1581339955665082 10306
Src : 375 375 1581339955706123 1581339955716425 10302
Src : 376 376 1581339955757459 1581339955767754 10295
Src : 377 377 1581339955808765 1581339955819067 10302
Src : 378 378 1581339955860059 1581339955870359 10300
Src : 379 379 1581339955911378 1581339955921678 10300
Src : 380 380 1581339955962699 1581339955973003 10304
Src : 381 381 1581339956014020 1581339956024328 10308
Src : 382 382 1581339956065338 1581339956075638 10300
Src : 383 383 1581339956116694 1581339956126995 10301
Src : 384 384 1581339956167977 1581339956178275 10298
Src : 385 385 1581339956219267 1581339956229567 10300
Src : 386 386 1581339956270614 1581339956280923 10309
Src : 387 387 1581339956321938 1581339956332243 10305
Src : 388 388 1581339956373252 1581339956383561 10309
Src : 389 389 1581339956424541 1581339956434847 10306
Src : 390 390 1581339956475833 1581339956486134 10301
Src : 391 391 1581339956527121 1581339956537430 10309
Src : 392 392 1581339956578442 1581339956588750 10308
Src : 393 393 1581339956629761 1581339956640069 10308
Src : 394 394 1581339956681079 1581339956691382 10303
Src : 395 395 1581339956732367 1581339956742676 10309
Src : 396 396 1581339956783660 1581339956794052 10392
Src : 397 397 1581339956835425 1581339956845730 10305
Src : 398 398 1581339957166303 1581339957176083 9780
Src : 399 399 1581339957176104 1581339957186748 10644
Src : 400 400 1581339957186764 1581339957197431 10667
Src : 401 401 1581339957197451 1581339957207553 10102
Src : 402 402 1581339957227755 1581339957237966 10211
Src : 403 403 1581339957278531 1581339957288852 10321
Src : 404 404 1581339957329446 1581339957339766 10320
Src : 405 405 1581339957380021 1581339957390417 10396
Src : 406 406 1581339957430866 1581339957441184 10318
Src : 407 407 1581339957481410 1581339957491725 10315
Src : 408 408 1581339957531956 1581339957542268 10312
Src : 409 409 1581339957582484 1581339957592803 10319
Src : 410 410 1581339957633033 1581339957643351 10318
Src : 411 411 1581339957683573 1581339957693883 10310
Src : 412 412 1581339957734114 1581339957744431 10317
Src : 413 413 1581339957784777 1581339957795094 10317
Src : 414 414 1581339957835305 1581339957845622 10317
Src : 415 415 1581339957885822 1581339957896142 10320
Src : 416 416 1581339957936327 1581339957946648 10321
Src : 417 417 1581339957986936 1581339957997331 10395
Src : 418 418 1581339958037711 1581339958048028 10317
Src : 419 419 1581339958088211 1581339958098530 10319
Src : 420 420 1581339958138722 1581339958149038 10316
Src : 421 421 1581339958189206 1581339958199522 10316
Src : 422 422 1581339958239717 1581339958250019 10302
Src : 423 423 1581339958290211 1581339958300522 10311
Src : 424 424 1581339958340789 1581339958351104 10315
Src : 425 425 1581339958391299 1581339958401608 10309
Src : 426 426 1581339958441814 1581339958452129 10315
Src : 427 427 1581339958492386 1581339958502704 10318
Src : 428 428 1581339958542912 1581339958553222 10310
Src : 429 429 1581339958593884 1581339958604211 10327
Src : 430 430 1581339958644603 1581339958654973 10370
Src : 431 431 1581339958695208 1581339958705519 10311
Src : 432 432 1581339958745819 1581339958756125 10306
Src : 433 433 1581339958796340 1581339958806644 10304
Src : 434 434 1581339958846910 1581339958857220 10310
Src : 435 435 1581339958897455 1581339958907763 10308
Src : 436 436 1581339958947963 1581339958958274 10311
Src : 437 437 1581339958998495 1581339959008797 10302
Src : 438 438 1581339959049017 1581339959059326 10309
Src : 439 439 1581339959099555 1581339959109867 10312
Src : 440 440 1581339959150096 1581339959160392 10296
Src : 441 441 1581339959201023 1581339959211335 10312
Src : 442 442 1581339959251783 1581339959262096 10313
Src : 443 443 1581339959302323 1581339959312637 10314
Src : 444 444 1581339959352863 1581339959363170 10307
Src : 445 445 1581339959403373 1581339959413676 10303
Src : 446 446 1581339959453958 1581339959464264 10306
Src : 447 447 1581339959504469 1581339959514783 10314
Src : 448 448 1581339959554953 1581339959565256 10303
Src : 449 449 1581339959605462 1581339959615766 10304
Src : 450 450 1581339959656000 1581339959666304 10304
Src : 451 451 1581339959706542 1581339959716880 10338
Src : 452 452 1581339959757082 1581339959767412 10330
Src : 453 453 1581339959808171 1581339959818506 10335
Src : 454 454 1581339959858870 1581339959869174 10304
Src : 455 455 1581339959909410 1581339959919719 10309
Src : 456 456 1581339959959919 1581339959970230 10311
Src : 457 457 1581339960010908 1581339960021254 10346
Src : 458 458 1581339960061590 1581339960071897 10307
Src : 459 459 1581339960112101 1581339960122400 10299
Src : 460 460 1581339960162609 1581339960172920 10311
Src : 461 461 1581339960213130 1581339960223434 10304
Src : 462 462 1581339960263685 1581339960273995 10310
Src : 463 463 1581339960314225 1581339960324534 10309
Src : 464 464 1581339960364765 1581339960375074 10309
Src : 465 465 1581339960415994 1581339960426328 10334
Src : 466 466 1581339960466639 1581339960476947 10308
Src : 467 467 1581339960517180 1581339960527488 10308
Src : 468 468 1581339960567692 1581339960577996 10304
Src : 469 469 1581339960618220 1581339960628538 10318
Src : 470 470 1581339960668787 1581339960679091 10304
Src : 471 471 1581339960719525 1581339960729830 10305
Src : 472 472 1581339960770067 1581339960780376 10309
Src : 473 473 1581339960820758 1581339960831060 10302
Src : 474 474 1581339960871304 1581339960881614 10310
Src : 475 475 1581339960921843 1581339960932153 10310
Src : 476 476 1581339960972357 1581339960982661 10304
Src : 477 477 1581339961023581 1581339961033893 10312
Src : 478 478 1581339961074172 1581339961084473 10301
Src : 479 479 1581339961124743 1581339961135046 10303
Src : 480 480 1581339961175256 1581339961185557 10301
Src : 481 481 1581339961225764 1581339961236070 10306
Src : 482 482 1581339961276303 1581339961286613 10310
Src : 483 483 1581339961326835 1581339961337138 10303
Src : 484 484 1581339961377344 1581339961387645 10301
Src : 485 485 1581339961427885 1581339961438193 10308
Src : 486 486 1581339961478424 1581339961488733 10309
Src : 487 487 1581339961528949 1581339961539252 10303
Src : 488 488 1581339961579459 1581339961589760 10301
Src : 489 489 1581339961630468 1581339961640775 10307
Src : 490 490 1581339961681025 1581339961691325 10300
Src : 491 491 1581339961731609 1581339961741915 10306
Src : 492 492 1581339961782125 1581339961792514 10389
Src : 493 493 1581339961833838 1581339961844141 10303
Src : 494 494 1581339962111676 1581339962121452 9776
Src : 495 495 1581339962121474 1581339962132302 10828
Src : 496 496 1581339962132318 1581339962142714 10396
Src : 497 497 1581339962142731 1581339962152852 10121
Src : 498 498 1581339962172803 1581339962183006 10203
Src : 499 499 1581339962223479 1581339962233671 10192
Src : 500 500 1581339962274141 1581339962284302 10161
Src : 501 501 1581339962324750 1581339962334911 10161
Src : 502 502 1581339962374128 1581339962384303 10175
Src : 503 503 1581339962423476 1581339962433681 10205
Src : 504 504 1581339962472914 1581339962483091 10177
Src : 505 505 1581339962522370 1581339962532522 10152
Src : 506 506 1581339962571782 1581339962581966 10184
Src : 507 507 1581339962621255 1581339962631436 10181
Src : 508 508 1581339962670697 1581339962680900 10203
Src : 509 509 1581339962720108 1581339962730303 10195
Src : 510 510 1581339962769462 1581339962779631 10169
Src : 511 511 1581339962819775 1581339962830033 10258
Src : 512 512 1581339962869700 1581339962879877 10177
Src : 513 513 1581339962919571 1581339962929762 10191
Src : 514 514 1581339962969096 1581339962979258 10162
Src : 515 515 1581339963018486 1581339963028669 10183
Src : 516 516 1581339963067846 1581339963078036 10190
Src : 517 517 1581339963117251 1581339963127399 10148
Src : 518 518 1581339963166585 1581339963176778 10193
Src : 519 519 1581339963215933 1581339963226112 10179
Src : 520 520 1581339963265287 1581339963275461 10174
Src : 521 521 1581339963314667 1581339963324875 10208
Src : 522 522 1581339963364006 1581339963374206 10200
Src : 523 523 1581339963414328 1581339963424514 10186
Src : 524 524 1581339963464387 1581339963474568 10181
Src : 525 525 1581339963514250 1581339963524441 10191
Src : 526 526 1581339963563623 1581339963573822 10199
Src : 527 527 1581339963612943 1581339963623121 10178
Src : 528 528 1581339963662321 1581339963672500 10179
Src : 529 529 1581339963711675 1581339963721876 10201
Src : 530 530 1581339963761054 1581339963771230 10176
Src : 531 531 1581339963810506 1581339963820707 10201
Src : 532 532 1581339963859876 1581339963870078 10202
Src : 533 533 1581339963909287 1581339963919456 10169
Src : 534 534 1581339963958672 1581339963968872 10200
Src : 535 535 1581339964008703 1581339964018939 10236
Src : 536 536 1581339964058418 1581339964068595 10177
Src : 537 537 1581339964107790 1581339964118016 10226
Src : 538 538 1581339964157170 1581339964167320 10150
Src : 539 539 1581339964206495 1581339964216676 10181
Src : 540 540 1581339964255906 1581339964266113 10207
Src : 541 541 1581339964305291 1581339964315468 10177
Src : 542 542 1581339964354681 1581339964364887 10206
Src : 543 543 1581339964404028 1581339964414228 10200
Src : 544 544 1581339964453437 1581339964463579 10142
Src : 545 545 1581339964502834 1581339964513033 10199
Src : 546 546 1581339964552281 1581339964562478 10197
Src : 547 547 1581339964602191 1581339964612511 10320
Src : 548 548 1581339964651894 1581339964662101 10207
Src : 549 549 1581339964701268 1581339964711422 10154
Src : 550 550 1581339964750615 1581339964760821 10206
Src : 551 551 1581339964800015 1581339964810229 10214
Src : 552 552 1581339964849539 1581339964859709 10170
Src : 553 553 1581339964898876 1581339964909086 10210
Src : 554 554 1581339964948216 1581339964958419 10203
Src : 555 555 1581339964997597 1581339965007768 10171
Src : 556 556 1581339965046976 1581339965057239 10263
Src : 557 557 1581339965096411 1581339965106613 10202
Src : 558 558 1581339965145808 1581339965155961 10153
Src : 559 559 1581339965195131 1581339965205637 10506
Src : 560 560 1581339965245129 1581339965255319 10190
Src : 561 561 1581339965294482 1581339965304687 10205
Src : 562 562 1581339965343838 1581339965354037 10199
Src : 563 563 1581339965393186 1581339965403363 10177
Src : 564 564 1581339965442538 1581339965452767 10229
Src : 565 565 1581339965491934 1581339965502139 10205
Src : 566 566 1581339965541316 1581339965551481 10165
Src : 567 567 1581339965590696 1581339965600903 10207
Src : 568 568 1581339965640074 1581339965650292 10218
Src : 569 569 1581339965689450 1581339965699626 10176
Src : 570 570 1581339965738858 1581339965749055 10197
Src : 571 571 1581339965788236 1581339965798445 10209
Src : 572 572 1581339965838415 1581339965848589 10174
Src : 573 573 1581339965887835 1581339965898044 10209
Src : 574 574 1581339965937242 1581339965947397 10155
Src : 575 575 1581339965986549 1581339965996732 10183
Src : 576 576 1581339966035888 1581339966046094 10206
Src : 577 577 1581339966085300 1581339966095460 10160
Src : 578 578 1581339966134678 1581339966144885 10207
Src : 579 579 1581339966184028 1581339966194234 10206
Src : 580 580 1581339966233443 1581339966243619 10176
Src : 581 581 1581339966282856 1581339966293046 10190
Src : 582 582 1581339966332217 1581339966342425 10208
Src : 583 583 1581339966381570 1581339966391741 10171
Src : 584 584 1581339966431636 1581339966441841 10205
Src : 585 585 1581339966481034 1581339966491225 10191
Src : 586 586 1581339966530502 1581339966540705 10203
Src : 587 587 1581339966579953 1581339966590171 10218
Src : 588 588 1581339966629380 1581339966639552 10172
Src : 589 589 1581339966678804 1581339966689007 10203
Src : 590 590 1581339966728250 1581339966738428 10178
Src : 591 591 1581339966777603 1581339966787766 10163
Src : 592 592 1581339966827065 1581339966837265 10200
Src : 593 593 1581339966876448 1581339966886654 10206
Src : 594 594 1581339966925858 1581339966936027 10169
Src : 595 595 1581339966975207 1581339966985385 10178
Src : 596 596 1581339967025275 1581339967035480 10205
Src : 597 597 1581339967074679 1581339967084879 10200
Src : 598 598 1581339967124093 1581339967134295 10202
Src : 599 599 1581339967173515 1581339967183684 10169
Src : 600 600 1581339967222893 1581339967233064 10171
Src : 601 601 1581339967272242 1581339967282444 10202
Src : 602 602 1581339967321658 1581339967331829 10171
Src : 603 603 1581339967371050 1581339967381231 10181
Src : 604 604 1581339967420364 1581339967430557 10193
Src : 605 605 1581339967469830 1581339967479992 10162
Src : 606 606 1581339967519237 1581339967529437 10200
Src : 607 607 1581339967568589 1581339967578756 10167
Src : 608 608 1581339967618570 1581339967628882 10312
Src : 609 609 1581339967668117 1581339967678317 10200
Src : 610 610 1581339967717527 1581339967727705 10178
Src : 611 611 1581339967766905 1581339967777173 10268
Src : 612 612 1581339967816514 1581339967826720 10206
Src : 613 613 1581339967865971 1581339967876126 10155
Src : 614 614 1581339967915345 1581339967925542 10197
Src : 615 615 1581339967964898 1581339967975075 10177
Src : 616 616 1581339968014254 1581339968024419 10165
Src : 617 617 1581339968063650 1581339968073833 10183
Src : 618 618 1581339968112997 1581339968123169 10172
Src : 619 619 1581339968162349 1581339968172521 10172
Src : 620 620 1581339968211671 1581339968221869 10198
Src : 621 621 1581339968261137 1581339968271307 10170
Src : 622 622 1581339968310516 1581339968320727 10211
Src : 623 623 1581339968359893 1581339968370099 10206
Src : 624 624 1581339968409274 1581339968419445 10171
Src : 625 625 1581339968458823 1581339968469010 10187
Src : 626 626 1581339968508247 1581339968518452 10205
Src : 627 627 1581339968557598 1581339968567773 10175
Src : 628 628 1581339968607203 1581339968617421 10218
Src : 629 629 1581339968656672 1581339968666849 10177
Src : 630 630 1581339968706050 1581339968716219 10169
Src : 631 631 1581339968755404 1581339968765606 10202
Src : 632 632 1581339968804811 1581339968814974 10163
Src : 633 633 1581339968854302 1581339968864477 10175
Src : 634 634 1581339968903685 1581339968913875 10190
Src : 635 635 1581339968953049 1581339968963226 10177
Src : 636 636 1581339969002445 1581339969012615 10170
Src : 637 637 1581339969051849 1581339969062055 10206
Src : 638 638 1581339969101199 1581339969111374 10175
Src : 639 639 1581339969150550 1581339969160756 10206
Src : 640 640 1581339969199903 1581339969210110 10207
Src : 641 641 1581339969249274 1581339969259459 10185
Src : 642 642 1581339969298596 1581339969308799 10203
Src : 643 643 1581339969347947 1581339969358148 10201
Src : 644 644 1581339969397327 1581339969407495 10168
Src : 645 645 1581339969446721 1581339969456932 10211
Src : 646 646 1581339969496156 1581339969506329 10173
Src : 647 647 1581339969545531 1581339969555687 10156
Src : 648 648 1581339969594910 1581339969605122 10212
Src : 649 649 1581339969644261 1581339969654497 10236
Src : 650 650 1581339969693663 1581339969703817 10154
Src : 651 651 1581339969743158 1581339969753322 10164
Src : 652 652 1581339969792450 1581339969802652 10202
Src : 653 653 1581339969841890 1581339969852117 10227
Src : 654 654 1581339969891299 1581339969901493 10194
Src : 655 655 1581339969940711 1581339969950874 10163
Src : 656 656 1581339969990090 1581339970000260 10170
Src : 657 657 1581339970039455 1581339970049661 10206
Src : 658 658 1581339970088862 1581339970099032 10170
Src : 659 659 1581339970138268 1581339970148433 10165
Src : 660 660 1581339970187643 1581339970197841 10198
Src : 661 661 1581339970236994 1581339970247161 10167
Src : 662 662 1581339970286360 1581339970296514 10154
Src : 663 663 1581339970335711 1581339970345916 10205
Src : 664 664 1581339970385061 1581339970395233 10172
Src : 665 665 1581339970434460 1581339970444647 10187
Src : 666 666 1581339970483829 1581339970494019 10190
Src : 667 667 1581339970533212 1581339970543373 10161
Src : 668 668 1581339970582560 1581339970592771 10211
Src : 669 669 1581339970631940 1581339970642144 10204
Src : 670 670 1581339970681408 1581339970691582 10174
Src : 671 671 1581339970731755 1581339970741958 10203
Src : 672 672 1581339970781594 1581339970791772 10178
Src : 673 673 1581339970831378 1581339970841553 10175
Src : 674 674 1581339970880703 1581339970890872 10169
Src : 675 675 1581339970930080 1581339970940243 10163
Src : 676 676 1581339970979419 1581339970989626 10207
Src : 677 677 1581339971028830 1581339971039004 10174
Src : 678 678 1581339971078239 1581339971088400 10161
Src : 679 679 1581339971127620 1581339971137819 10199
Src : 680 680 1581339971177000 1581339971187169 10169
Src : 681 681 1581339971226376 1581339971236549 10173
Src : 682 682 1581339971275755 1581339971285937 10182
Src : 683 683 1581339971325161 1581339971335321 10160
Src : 684 684 1581339971374463 1581339971384669 10206
Src : 685 685 1581339971423811 1581339971434008 10197
Src : 686 686 1581339971473248 1581339971483425 10177
Src : 687 687 1581339971522665 1581339971532865 10200
Src : 688 688 1581339971572017 1581339971582217 10200
Src : 689 689 1581339971621419 1581339971631579 10160
Src : 690 690 1581339971670791 1581339971680997 10206
Src : 691 691 1581339971720199 1581339971730401 10202
Src : 692 692 1581339971769591 1581339971779758 10167
Src : 693 693 1581339971819031 1581339971829242 10211
Src : 694 694 1581339971868396 1581339971878597 10201
Src : 695 695 1581339971917803 1581339971927981 10178
Src : 696 696 1581339971967155 1581339971977362 10207
Src : 697 697 1581339972016509 1581339972026689 10180
Src : 698 698 1581339972065890 1581339972076062 10172
Src : 699 699 1581339972115269 1581339972125475 10206
Src : 700 700 1581339972164649 1581339972174817 10168
Snk : 1 1 1581339936861286 1581339936871424 10138
Snk : 2 2 1581339936912007 1581339936922166 10159
Snk : 3 3 1581339936962106 1581339936972063 9957
Snk : 4 4 1581339937011901 1581339937021900 9999
Snk : 5 5 1581339937061401 1581339937071404 10003
Snk : 6 6 1581339937110784 1581339937120797 10013
Snk : 7 7 1581339937160160 1581339937170181 10021
Snk : 8 8 1581339937209573 1581339937219537 9964
Snk : 9 9 1581339937258935 1581339937268940 10005
Snk : 10 10 1581339937308367 1581339937318412 10045
Snk : 11 11 1581339937357775 1581339937367767 9992
Snk : 12 12 1581339937408003 1581339937418050 10047
Snk : 13 13 1581339937457784 1581339937467752 9968
Snk : 14 14 1581339937507578 1581339937517566 9988
Snk : 15 15 1581339937557086 1581339937567056 9970
Snk : 16 16 1581339937606664 1581339937616709 10045
Snk : 17 17 1581339937656268 1581339937666360 10092
Snk : 18 18 1581339937705735 1581339937715804 10069
Snk : 19 19 1581339937755240 1581339937765279 10039
Snk : 20 20 1581339937804790 1581339937814783 9993
Snk : 21 21 1581339937854298 1581339937864301 10003
Snk : 22 22 1581339937903703 1581339937913736 10033
Snk : 23 23 1581339937953134 1581339937963127 9993
Snk : 24 24 1581339938003411 1581339938013539 10128
Snk : 25 25 1581339938053253 1581339938063196 9943
Snk : 26 26 1581339938103032 1581339938113059 10027
Snk : 27 27 1581339938152652 1581339938162669 10017
Snk : 28 28 1581339938202087 1581339938212121 10034
Snk : 29 29 1581339938251530 1581339938261538 10008
Snk : 30 30 1581339938300958 1581339938310961 10003
Snk : 31 31 1581339938350394 1581339938360394 10000
Snk : 32 32 1581339938399741 1581339938409761 10020
Snk : 33 33 1581339938449216 1581339938459195 9979
Snk : 34 34 1581339938498797 1581339938508795 9998
Snk : 35 35 1581339938548158 1581339938558164 10006
Snk : 36 36 1581339938598249 1581339938608257 10008
Snk : 37 37 1581339938647929 1581339938657962 10033
Snk : 38 38 1581339938697773 1581339938707757 9984
Snk : 39 39 1581339938747510 1581339938757524 10014
Snk : 40 40 1581339938796924 1581339938806900 9976
Snk : 41 41 1581339938846543 1581339938856539 9996
Snk : 42 42 1581339938895923 1581339938905922 9999
Snk : 43 43 1581339938945320 1581339938955265 9945
Snk : 44 44 1581339938994669 1581339939004673 10004
Snk : 45 45 1581339939044049 1581339939054050 10001
Snk : 46 46 1581339939093458 1581339939103432 9974
Snk : 47 47 1581339939142838 1581339939152846 10008
Snk : 48 48 1581339939192385 1581339939202572 10187
Snk : 49 49 1581339939242434 1581339939252414 9980
Snk : 50 50 1581339939292258 1581339939302290 10032
Snk : 51 51 1581339939342091 1581339939352079 9988
Snk : 52 52 1581339939391430 1581339939401450 10020
Snk : 53 53 1581339939440868 1581339939450842 9974
Snk : 54 54 1581339939490247 1581339939500215 9968
Snk : 55 55 1581339939539602 1581339939549606 10004
Snk : 56 56 1581339939589028 1581339939599000 9972
Snk : 57 57 1581339939638383 1581339939648357 9974
Snk : 58 58 1581339939687729 1581339939697749 10020
Snk : 59 59 1581339939737258 1581339939747242 9984
Snk : 60 60 1581339939786910 1581339939797167 10257
Snk : 61 61 1581339939836939 1581339939846928 9989
Snk : 62 62 1581339939886823 1581339939896854 10031
Snk : 63 63 1581339939936675 1581339939946649 9974
Snk : 64 64 1581339939985997 1581339939995971 9974
Snk : 65 65 1581339940035323 1581339940045358 10035
Snk : 66 66 1581339940084757 1581339940094732 9975
Snk : 67 67 1581339940134132 1581339940144106 9974
Snk : 68 68 1581339940183426 1581339940193436 10010
Snk : 69 69 1581339940232794 1581339940242868 10074
Snk : 70 70 1581339940282222 1581339940292209 9987
Snk : 71 71 1581339940331561 1581339940341591 10030
Snk : 72 72 1581339940380963 1581339940391438 10475
Snk : 73 73 1581339940431177 1581339940441226 10049
Snk : 74 74 1581339940480567 1581339940490556 9989
Snk : 75 75 1581339940529949 1581339940539907 9958
Snk : 76 76 1581339940579259 1581339940589368 10109
Snk : 77 77 1581339940629025 1581339940639042 10017
Snk : 78 78 1581339940678598 1581339940688575 9977
Snk : 79 79 1581339940727914 1581339940737936 10022
Snk : 80 80 1581339940777324 1581339940787294 9970
Snk : 81 81 1581339940826771 1581339940836792 10021
Snk : 82 82 1581339940876191 1581339940886225 10034
Snk : 83 83 1581339940925585 1581339940935552 9967
Snk : 84 84 1581339940974909 1581339940984922 10013
Snk : 85 85 1581339941025225 1581339941035198 9973
Snk : 86 86 1581339941075137 1581339941085143 10006
Snk : 87 87 1581339941124976 1581339941134979 10003
Snk : 88 88 1581339941174337 1581339941184311 9974
Snk : 89 89 1581339941223664 1581339941233666 10002
Snk : 90 90 1581339941273075 1581339941283093 10018
Snk : 91 91 1581339941322514 1581339941332518 10004
Snk : 92 92 1581339941371901 1581339941381928 10027
Snk : 93 93 1581339941421280 1581339941431270 9990
Snk : 94 94 1581339941470664 1581339941480685 10021
Snk : 95 95 1581339941520073 1581339941530086 10013
Snk : 96 96 1581339941569484 1581339941579458 9974
Snk : 97 97 1581339941619704 1581339941629757 10053
Snk : 98 98 1581339941669625 1581339941679627 10002
Snk : 99 99 1581339941719436 1581339941729474 10038
Snk : 100 100 1581339941768844 1581339941778865 10021
Snk : 101 101 1581339941819575 1581339941832040 12465
Snk : 102 102 1581339941870249 1581339941882528 12279
Snk : 103 103 1581339941920314 1581339941932543 12229
Snk : 104 104 1581339941970370 1581339941982571 12201
Snk : 105 105 1581339942020383 1581339942032585 12202
Snk : 106 106 1581339942070242 1581339942082238 11996
Snk : 107 107 1581339942205551 1581339942215810 10259
Snk : 108 108 1581339942256496 1581339942266728 10232
Snk : 109 109 1581339942307037 1581339942317267 10230
Snk : 110 110 1581339942357625 1581339942367826 10201
Snk : 111 111 1581339942408137 1581339942418340 10203
Snk : 112 112 1581339942458672 1581339942468894 10222
Snk : 113 113 1581339942509230 1581339942519413 10183
Snk : 114 114 1581339942559745 1581339942569970 10225
Snk : 115 115 1581339942610358 1581339942620536 10178
Snk : 116 116 1581339942661131 1581339942671331 10200
Snk : 117 117 1581339942711684 1581339942721939 10255
Snk : 118 118 1581339942762270 1581339942772453 10183
Snk : 119 119 1581339942813309 1581339942823525 10216
Snk : 120 120 1581339942863893 1581339942874105 10212
Snk : 121 121 1581339942914434 1581339942924619 10185
Snk : 122 122 1581339942965026 1581339942975221 10195
Snk : 123 123 1581339943015533 1581339943025765 10232
Snk : 124 124 1581339943066072 1581339943076304 10232
Snk : 125 125 1581339943116675 1581339943126860 10185
Snk : 126 126 1581339943167151 1581339943177385 10234
Snk : 127 127 1581339943217663 1581339943227822 10159
Snk : 128 128 1581339943268206 1581339943278449 10243
Snk : 129 129 1581339943318728 1581339943328950 10222
Snk : 130 130 1581339943369308 1581339943379508 10200
Snk : 131 131 1581339943420455 1581339943430737 10282
Snk : 132 132 1581339943471288 1581339943481507 10219
Snk : 133 133 1581339943521786 1581339943531987 10201
Snk : 134 134 1581339943572428 1581339943582653 10225
Snk : 135 135 1581339943622940 1581339943633170 10230
Snk : 136 136 1581339943673481 1581339943683667 10186
Snk : 137 137 1581339943723997 1581339943734210 10213
Snk : 138 138 1581339943774511 1581339943784744 10233
Snk : 139 139 1581339943825058 1581339943835251 10193
Snk : 140 140 1581339943875596 1581339943885857 10261
Snk : 141 141 1581339943926137 1581339943936327 10190
Snk : 142 142 1581339943976706 1581339943986886 10180
Snk : 143 143 1581339944027891 1581339944038156 10265
Snk : 144 144 1581339944078528 1581339944088759 10231
Snk : 145 145 1581339944129041 1581339944139264 10223
Snk : 146 146 1581339944179578 1581339944189782 10204
Snk : 147 147 1581339944230089 1581339944240307 10218
Snk : 148 148 1581339944280698 1581339944290868 10170
Snk : 149 149 1581339944331189 1581339944341422 10233
Snk : 150 150 1581339944381669 1581339944391856 10187
Snk : 151 151 1581339944432132 1581339944442384 10252
Snk : 152 152 1581339944482689 1581339944492902 10213
Snk : 153 153 1581339944533203 1581339944543385 10182
Snk : 154 154 1581339944583761 1581339944594113 10352
Snk : 155 155 1581339944634846 1581339944645090 10244
Snk : 156 156 1581339944685394 1581339944695579 10185
Snk : 157 157 1581339944735891 1581339944746101 10210
Snk : 158 158 1581339944786443 1581339944796677 10234
Snk : 159 159 1581339944837058 1581339944847261 10203
Snk : 160 160 1581339944887597 1581339944897823 10226
Snk : 161 161 1581339944938109 1581339944948311 10202
Snk : 162 162 1581339944988625 1581339944998806 10181
Snk : 163 163 1581339945039093 1581339945049348 10255
Snk : 164 164 1581339945089664 1581339945099864 10200
Snk : 165 165 1581339945140175 1581339945150398 10223
Snk : 166 166 1581339945190687 1581339945201054 10367
Snk : 167 167 1581339945241677 1581339945251906 10229
Snk : 168 168 1581339945292240 1581339945302472 10232
Snk : 169 169 1581339945342790 1581339945353014 10224
Snk : 170 170 1581339945393302 1581339945403500 10198
Snk : 171 171 1581339945443844 1581339945454059 10215
Snk : 172 172 1581339945494384 1581339945504578 10194
Snk : 173 173 1581339945545008 1581339945555190 10182
Snk : 174 174 1581339945595491 1581339945605709 10218
Snk : 175 175 1581339945646001 1581339945656183 10182
Snk : 176 176 1581339945696543 1581339945706745 10202
Snk : 177 177 1581339945747052 1581339945757259 10207
Snk : 178 178 1581339945797570 1581339945807788 10218
Snk : 179 179 1581339945848555 1581339945858734 10179
Snk : 180 180 1581339945899074 1581339945909281 10207
Snk : 181 181 1581339945949582 1581339945959773 10191
Snk : 182 182 1581339946000092 1581339946010324 10232
Snk : 183 183 1581339946050602 1581339946060821 10219
Snk : 184 184 1581339946101174 1581339946111360 10186
Snk : 185 185 1581339946151709 1581339946161933 10224
Snk : 186 186 1581339946202224 1581339946212419 10195
Snk : 187 187 1581339946252788 1581339946262976 10188
Snk : 188 188 1581339946303298 1581339946313506 10208
Snk : 189 189 1581339946353837 1581339946364037 10200
Snk : 190 190 1581339946404381 1581339946414678 10297
Snk : 191 191 1581339946455243 1581339946465482 10239
Snk : 192 192 1581339946505820 1581339946516021 10201
Snk : 193 193 1581339946556330 1581339946566548 10218
Snk : 194 194 1581339946607107 1581339946617328 10221
Snk : 195 195 1581339946657703 1581339946667887 10184
Snk : 196 196 1581339946708270 1581339946718490 10220
Snk : 197 197 1581339946758819 1581339946769033 10214
Snk : 198 198 1581339946809927 1581339946822645 12718
Snk : 199 199 1581339946861579 1581339946874057 12478
Snk : 200 200 1581339946912633 1581339946925112 12479
Snk : 201 201 1581339946963674 1581339946976150 12476
Snk : 202 202 1581339947014943 1581339947027452 12509
Snk : 203 203 1581339947065963 1581339947081449 15486
Snk : 204 204 1581339947115711 1581339947127681 11970
Snk : 205 205 1581339947301312 1581339947311656 10344
Snk : 206 206 1581339947352624 1581339947362977 10353
Snk : 207 207 1581339947403928 1581339947414291 10363
Snk : 208 208 1581339947455280 1581339947465632 10352
Snk : 209 209 1581339947506589 1581339947516949 10360
Snk : 210 210 1581339947557872 1581339947568240 10368
Snk : 211 211 1581339947609461 1581339947619817 10356
Snk : 212 212 1581339947660811 1581339947671156 10345
Snk : 213 213 1581339947712160 1581339947722525 10365
Snk : 214 214 1581339947763480 1581339947773848 10368
Snk : 215 215 1581339947814837 1581339947825206 10369
Snk : 216 216 1581339947866133 1581339947876500 10367
Snk : 217 217 1581339947917477 1581339947927842 10365
Snk : 218 218 1581339947968832 1581339947979197 10365
Snk : 219 219 1581339948020145 1581339948030512 10367
Snk : 220 220 1581339948071461 1581339948081798 10337
Snk : 221 221 1581339948122749 1581339948133117 10368
Snk : 222 222 1581339948174034 1581339948184389 10355
Snk : 223 223 1581339948225348 1581339948235713 10365
Snk : 224 224 1581339948276698 1581339948287062 10364
Snk : 225 225 1581339948328023 1581339948338349 10326
Snk : 226 226 1581339948379294 1581339948389616 10322
Snk : 227 227 1581339948430562 1581339948440912 10350
Snk : 228 228 1581339948481911 1581339948492267 10356
Snk : 229 229 1581339948533218 1581339948543568 10350
Snk : 230 230 1581339948584537 1581339948594896 10359
Snk : 231 231 1581339948635909 1581339948646261 10352
Snk : 232 232 1581339948687202 1581339948697572 10370
Snk : 233 233 1581339948738488 1581339948748839 10351
Snk : 234 234 1581339948789835 1581339948800182 10347
Snk : 235 235 1581339948841173 1581339948851527 10354
Snk : 236 236 1581339948892462 1581339948902798 10336
Snk : 237 237 1581339948943758 1581339948954126 10368
Snk : 238 238 1581339948995038 1581339949005396 10358
Snk : 239 239 1581339949046324 1581339949056679 10355
Snk : 240 240 1581339949097645 1581339949107974 10329
Snk : 241 241 1581339949148991 1581339949159357 10366
Snk : 242 242 1581339949200302 1581339949210648 10346
Snk : 243 243 1581339949251617 1581339949261973 10356
Snk : 244 244 1581339949302943 1581339949313298 10355
Snk : 245 245 1581339949354220 1581339949364556 10336
Snk : 246 246 1581339949405532 1581339949415880 10348
Snk : 247 247 1581339949456848 1581339949467177 10329
Snk : 248 248 1581339949508203 1581339949518565 10362
Snk : 249 249 1581339949559519 1581339949569876 10357
Snk : 250 250 1581339949610804 1581339949621135 10331
Snk : 251 251 1581339949662090 1581339949672454 10364
Snk : 252 252 1581339949713444 1581339949723808 10364
Snk : 253 253 1581339949764756 1581339949775101 10345
Snk : 254 254 1581339949816070 1581339949826387 10317
Snk : 255 255 1581339949867409 1581339949877764 10355
Snk : 256 256 1581339949918727 1581339949929087 10360
Snk : 257 257 1581339949970010 1581339949980349 10339
Snk : 258 258 1581339950021326 1581339950031671 10345
Snk : 259 259 1581339950072617 1581339950082973 10356
Snk : 260 260 1581339950123968 1581339950134309 10341
Snk : 261 261 1581339950175242 1581339950185598 10356
Snk : 262 262 1581339950226528 1581339950236847 10319
Snk : 263 263 1581339950277805 1581339950288172 10367
Snk : 264 264 1581339950329188 1581339950339538 10350
Snk : 265 265 1581339950380503 1581339950390871 10368
Snk : 266 266 1581339950431818 1581339950442172 10354
Snk : 267 267 1581339950483105 1581339950493443 10338
Snk : 268 268 1581339950534393 1581339950544722 10329
Snk : 269 269 1581339950585696 1581339950596046 10350
Snk : 270 270 1581339950637001 1581339950647345 10344
Snk : 271 271 1581339950688327 1581339950698670 10343
Snk : 272 272 1581339950739668 1581339950750011 10343
Snk : 273 273 1581339950790953 1581339950801323 10370
Snk : 274 274 1581339950842212 1581339950852568 10356
Snk : 275 275 1581339950893499 1581339950903864 10365
Snk : 276 276 1581339950944816 1581339950955181 10365
Snk : 277 277 1581339950996124 1581339951006475 10351
Snk : 278 278 1581339951047439 1581339951057807 10368
Snk : 279 279 1581339951098726 1581339951109056 10330
Snk : 280 280 1581339951150010 1581339951160351 10341
Snk : 281 281 1581339951201333 1581339951211685 10352
Snk : 282 282 1581339951252630 1581339951262995 10365
Snk : 283 283 1581339951303981 1581339951314321 10340
Snk : 284 284 1581339951355309 1581339951365671 10362
Snk : 285 285 1581339951406591 1581339951416936 10345
Snk : 286 286 1581339951457906 1581339951468274 10368
Snk : 287 287 1581339951509253 1581339951519611 10358
Snk : 288 288 1581339951560568 1581339951570905 10337
Snk : 289 289 1581339951611987 1581339951622344 10357
Snk : 290 290 1581339951663281 1581339951673623 10342
Snk : 291 291 1581339951714593 1581339951724943 10350
Snk : 292 292 1581339951765884 1581339951776233 10349
Snk : 293 293 1581339951817206 1581339951827546 10340
Snk : 294 294 1581339951868515 1581339951878860 10345
Snk : 295 295 1581339951919865 1581339951930195 10330
Snk : 296 296 1581339951971146 1581339951981516 10370
Snk : 297 297 1581339952022436 1581339952032777 10341
Snk : 298 298 1581339952073721 1581339952084046 10325
Snk : 299 299 1581339952125062 1581339952135429 10367
Snk : 300 300 1581339952176382 1581339952186750 10368
Snk : 301 301 1581339952227692 1581339952238050 10358
Snk : 302 302 1581339952279012 1581339952289372 10360
Snk : 303 303 1581339952330299 1581339952340646 10347
Snk : 304 304 1581339952381574 1581339952391939 10365
Snk : 305 305 1581339952432879 1581339952443239 10360
Snk : 306 306 1581339952484188 1581339952494529 10341
Snk : 307 307 1581339952535511 1581339952545868 10357
Snk : 308 308 1581339952586791 1581339952597133 10342
Snk : 309 309 1581339952638077 1581339952648441 10364
Snk : 310 310 1581339952689407 1581339952699772 10365
Snk : 311 311 1581339952740711 1581339952751063 10352
Snk : 312 312 1581339952792054 1581339952802405 10351
Snk : 313 313 1581339952843374 1581339952853736 10362
Snk : 314 314 1581339952894654 1581339952905003 10349
Snk : 315 315 1581339952945997 1581339952956348 10351
Snk : 316 316 1581339952997272 1581339953007637 10365
Snk : 317 317 1581339953048579 1581339953058936 10357
Snk : 318 318 1581339953099929 1581339953110286 10357
Snk : 319 319 1581339953151218 1581339953161568 10350
Snk : 320 320 1581339953202498 1581339953212858 10360
Snk : 321 321 1581339953253788 1581339953264127 10339
Snk : 322 322 1581339953305127 1581339953315475 10348
Snk : 323 323 1581339953356443 1581339953366808 10365
Snk : 324 324 1581339953407754 1581339953418096 10342
Snk : 325 325 1581339953459080 1581339953469446 10366
Snk : 326 326 1581339953510374 1581339953520726 10352
Snk : 327 327 1581339953561660 1581339953572010 10350
Snk : 328 328 1581339953613082 1581339953623425 10343
Snk : 329 329 1581339953664395 1581339953674737 10342
Snk : 330 330 1581339953715738 1581339953726084 10346
Snk : 331 331 1581339953767029 1581339953777395 10366
Snk : 332 332 1581339953818300 1581339953828675 10375
Snk : 333 333 1581339953869618 1581339953879966 10348
Snk : 334 334 1581339953920962 1581339953931294 10332
Snk : 335 335 1581339953972286 1581339953982634 10348
Snk : 336 336 1581339954023590 1581339954033958 10368
Snk : 337 337 1581339954074880 1581339954085200 10320
Snk : 338 338 1581339954126202 1581339954136558 10356
Snk : 339 339 1581339954177518 1581339954187883 10365
Snk : 340 340 1581339954228833 1581339954239198 10365
Snk : 341 341 1581339954280146 1581339954290503 10357
Snk : 342 342 1581339954331461 1581339954341811 10350
Snk : 343 343 1581339954382759 1581339954393115 10356
Snk : 344 344 1581339954434035 1581339954444397 10362
Snk : 345 345 1581339954485353 1581339954495702 10349
Snk : 346 346 1581339954536673 1581339954547000 10327
Snk : 347 347 1581339954587986 1581339954598354 10368
Snk : 348 348 1581339954639267 1581339954649639 10372
Snk : 349 349 1581339954690570 1581339954700924 10354
Snk : 350 350 1581339954741886 1581339954752253 10367
Snk : 351 351 1581339954793201 1581339954803531 10330
Snk : 352 352 1581339954844558 1581339954854913 10355
Snk : 353 353 1581339954895875 1581339954906245 10370
Snk : 354 354 1581339954947165 1581339954957514 10349
Snk : 355 355 1581339954998446 1581339955008777 10331
Snk : 356 356 1581339955049735 1581339955060086 10351
Snk : 357 357 1581339955101075 1581339955111415 10340
Snk : 358 358 1581339955152395 1581339955162727 10332
Snk : 359 359 1581339955203709 1581339955214055 10346
Snk : 360 360 1581339955254969 1581339955265339 10370
Snk : 361 361 1581339955306282 1581339955316651 10369
Snk : 362 362 1581339955357575 1581339955367936 10361
Snk : 363 363 1581339955408891 1581339955419209 10318
Snk : 364 364 1581339955460232 1581339955470580 10348
Snk : 365 365 1581339955511577 1581339955521945 10368
Snk : 366 366 1581339955562861 1581339955573216 10355
Snk : 367 367 1581339955614255 1581339955624590 10335
Snk : 368 368 1581339955665550 1581339955675898 10348
Snk : 369 369 1581339955716899 1581339955727243 10344
Snk : 370 370 1581339955768224 1581339955778572 10348
Snk : 371 371 1581339955819528 1581339955829893 10365
Snk : 372 372 1581339955870807 1581339955881174 10367
Snk : 373 373 1581339955922130 1581339955932484 10354
Snk : 374 374 1581339955973441 1581339955983806 10365
Snk : 375 375 1581339956024759 1581339956035116 10357
Snk : 376 376 1581339956076075 1581339956086404 10329
Snk : 377 377 1581339956127420 1581339956137782 10362
Snk : 378 378 1581339956178707 1581339956189068 10361
Snk : 379 379 1581339956230000 1581339956240356 10356
Snk : 380 380 1581339956281346 1581339956291687 10341
Snk : 381 381 1581339956332660 1581339956343025 10365
Snk : 382 382 1581339956383979 1581339956394344 10365
Snk : 383 383 1581339956435268 1581339956445611 10343
Snk : 384 384 1581339956486561 1581339956496918 10357
Snk : 385 385 1581339956537849 1581339956548214 10365
Snk : 386 386 1581339956589164 1581339956599517 10353
Snk : 387 387 1581339956640503 1581339956650846 10343
Snk : 388 388 1581339956691823 1581339956702189 10366
Snk : 389 389 1581339956743107 1581339956753458 10351
Snk : 390 390 1581339956794402 1581339956807089 12687
Snk : 391 391 1581339956846136 1581339956858804 12668
Snk : 392 392 1581339956898010 1581339956910677 12667
Snk : 393 393 1581339956949678 1581339956962343 12665
Snk : 394 394 1581339957001339 1581339957014008 12669
Snk : 395 395 1581339957052999 1581339957068836 15837
Snk : 396 396 1581339957103908 1581339957116135 12227
Snk : 397 397 1581339957153883 1581339957165825 11942
Snk : 398 398 1581339957288978 1581339957299192 10214
Snk : 399 399 1581339957339898 1581339957350108 10210
Snk : 400 400 1581339957390502 1581339957400808 10306
Snk : 401 401 1581339957441375 1581339957451574 10199
Snk : 402 402 1581339957491922 1581339957502186 10264
Snk : 403 403 1581339957542569 1581339957552787 10218
Snk : 404 404 1581339957593096 1581339957603277 10181
Snk : 405 405 1581339957643663 1581339957653922 10259
Snk : 406 406 1581339957694205 1581339957704408 10203
Snk : 407 407 1581339957744783 1581339957754983 10200
Snk : 408 408 1581339957795411 1581339957805624 10213
Snk : 409 409 1581339957845942 1581339957856124 10182
Snk : 410 410 1581339957896464 1581339957906685 10221
Snk : 411 411 1581339957947026 1581339957957253 10227
Snk : 412 412 1581339957997642 1581339958007895 10253
Snk : 413 413 1581339958048389 1581339958058606 10217
Snk : 414 414 1581339958098903 1581339958109137 10234
Snk : 415 415 1581339958149416 1581339958159607 10191
Snk : 416 416 1581339958199897 1581339958210129 10232
Snk : 417 417 1581339958250406 1581339958260600 10194
Snk : 418 418 1581339958300933 1581339958311115 10182
Snk : 419 419 1581339958351502 1581339958361709 10207
Snk : 420 420 1581339958402013 1581339958412197 10184
Snk : 421 421 1581339958452541 1581339958462765 10224
Snk : 422 422 1581339958503101 1581339958513321 10220
Snk : 423 423 1581339958553628 1581339958563801 10173
Snk : 424 424 1581339958604705 1581339958614985 10280
Snk : 425 425 1581339958655459 1581339958665684 10225
Snk : 426 426 1581339958706020 1581339958716207 10187
Snk : 427 427 1581339958756629 1581339958766816 10187
Snk : 428 428 1581339958807145 1581339958817371 10226
Snk : 429 429 1581339958857714 1581339958867913 10199
Snk : 430 430 1581339958908247 1581339958918477 10230
Snk : 431 431 1581339958958759 1581339958968974 10215
Snk : 432 432 1581339959009270 1581339959019465 10195
Snk : 433 433 1581339959059810 1581339959070036 10226
Snk : 434 434 1581339959110349 1581339959120551 10202
Snk : 435 435 1581339959160917 1581339959171099 10182
Snk : 436 436 1581339959211855 1581339959222133 10278
Snk : 437 437 1581339959262635 1581339959272823 10188
Snk : 438 438 1581339959313180 1581339959323362 10182
Snk : 439 439 1581339959363719 1581339959373929 10210
Snk : 440 440 1581339959414230 1581339959424422 10192
Snk : 441 441 1581339959464843 1581339959475024 10181
Snk : 442 442 1581339959515343 1581339959525579 10236
Snk : 443 443 1581339959565956 1581339959576156 10200
Snk : 444 444 1581339959616467 1581339959626691 10224
Snk : 445 445 1581339959667005 1581339959677217 10212
Snk : 446 446 1581339959717573 1581339959727746 10173
Snk : 447 447 1581339959768114 1581339959778347 10233
Snk : 448 448 1581339959819190 1581339959829487 10297
Snk : 449 449 1581339959869859 1581339959880045 10186
Snk : 450 450 1581339959920399 1581339959930629 10230
Snk : 451 451 1581339959970909 1581339959981134 10225
Snk : 452 452 1581339960021924 1581339960032181 10257
Snk : 453 453 1581339960072589 1581339960082773 10184
Snk : 454 454 1581339960123102 1581339960133298 10196
Snk : 455 455 1581339960173610 1581339960183776 10166
Snk : 456 456 1581339960224118 1581339960234314 10196
Snk : 457 457 1581339960274688 1581339960284922 10234
Snk : 458 458 1581339960325259 1581339960335458 10199
Snk : 459 459 1581339960375778 1581339960385990 10212
Snk : 460 460 1581339960427066 1581339960437335 10269
Snk : 461 461 1581339960477704 1581339960487905 10201
Snk : 462 462 1581339960528249 1581339960538467 10218
Snk : 463 463 1581339960578742 1581339960588974 10232
Snk : 464 464 1581339960629337 1581339960639527 10190
Snk : 465 465 1581339960679877 1581339960690109 10232
Snk : 466 466 1581339960730551 1581339960740784 10233
Snk : 467 467 1581339960781115 1581339960791344 10229
Snk : 468 468 1581339960831757 1581339960841980 10223
Snk : 469 469 1581339960882298 1581339960892481 10183
Snk : 470 470 1581339960932874 1581339960943064 10190
Snk : 471 471 1581339960983349 1581339960993569 10220
Snk : 472 472 1581339961034620 1581339961044883 10263
Snk : 473 473 1581339961085249 1581339961095433 10184
Snk : 474 474 1581339961135786 1581339961145999 10213
Snk : 475 475 1581339961186300 1581339961196470 10170
Snk : 476 476 1581339961236837 1581339961247057 10220
Snk : 477 477 1581339961287349 1581339961297574 10225
Snk : 478 478 1581339961337879 1581339961348077 10198
Snk : 479 479 1581339961388388 1581339961398649 10261
Snk : 480 480 1581339961438927 1581339961449161 10234
Snk : 481 481 1581339961489467 1581339961499665 10198
Snk : 482 482 1581339961540112 1581339961550333 10221
Snk : 483 483 1581339961590609 1581339961600992 10383
Snk : 484 484 1581339961641658 1581339961651893 10235
Snk : 485 485 1581339961692226 1581339961702483 10257
Snk : 486 486 1581339961742797 1581339961753004 10207
Snk : 487 487 1581339961793368 1581339961806104 12736
Snk : 488 488 1581339961845293 1581339961857805 12512
Snk : 489 489 1581339961896374 1581339961908911 12537
Snk : 490 490 1581339961947476 1581339961959952 12476
Snk : 491 491 1581339961998516 1581339962010993 12477
Snk : 492 492 1581339962049426 1581339962064914 15488
Snk : 493 493 1581339962099205 1581339962111175 11970
Snk : 494 494 1581339962183116 1581339962193069 9953
Snk : 495 495 1581339962233758 1581339962243896 10138
Snk : 496 496 1581339962284387 1581339962294529 10142
Snk : 497 497 1581339962335011 1581339962345043 10032
Snk : 498 498 1581339962384380 1581339962394410 10030
Snk : 499 499 1581339962433773 1581339962443753 9980
Snk : 500 500 1581339962483167 1581339962493222 10055
Snk : 501 501 1581339962532598 1581339962542603 10005
Snk : 502 502 1581339962582048 1581339962592063 10015
Snk : 503 503 1581339962631512 1581339962641516 10004
Snk : 504 504 1581339962680980 1581339962690945 9965
Snk : 505 505 1581339962730390 1581339962740328 9938
Snk : 506 506 1581339962779715 1581339962789757 10042
Snk : 507 507 1581339962830115 1581339962840108 9993
Snk : 508 508 1581339962879953 1581339962889983 10030
Snk : 509 509 1581339962929829 1581339962939819 9990
Snk : 510 510 1581339962979348 1581339962989355 10007
Snk : 511 511 1581339963028757 1581339963038715 9958
Snk : 512 512 1581339963078105 1581339963088072 9967
Snk : 513 513 1581339963127483 1581339963137468 9985
Snk : 514 514 1581339963176848 1581339963186821 9973
Snk : 515 515 1581339963226189 1581339963236163 9974
Snk : 516 516 1581339963275540 1581339963285553 10013
Snk : 517 517 1581339963324951 1581339963334912 9961
Snk : 518 518 1581339963374289 1581339963384291 10002
Snk : 519 519 1581339963424625 1581339963434643 10018
Snk : 520 520 1581339963474657 1581339963484672 10015
Snk : 521 521 1581339963524516 1581339963534528 10012
Snk : 522 522 1581339963573905 1581339963583860 9955
Snk : 523 523 1581339963623210 1581339963633212 10002
Snk : 524 524 1581339963672576 1581339963682552 9976
Snk : 525 525 1581339963721958 1581339963731961 10003
Snk : 526 526 1581339963771308 1581339963781353 10045
Snk : 527 527 1581339963820788 1581339963830761 9973
Snk : 528 528 1581339963870158 1581339963880132 9974
Snk : 529 529 1581339963919539 1581339963929548 10009
Snk : 530 530 1581339963968956 1581339963978928 9972
Snk : 531 531 1581339964019007 1581339964029127 10120
Snk : 532 532 1581339964068705 1581339964078674 9969
Snk : 533 533 1581339964118102 1581339964128057 9955
Snk : 534 534 1581339964167414 1581339964177414 10000
Snk : 535 535 1581339964216752 1581339964226717 9965
Snk : 536 536 1581339964266198 1581339964276173 9975
Snk : 537 537 1581339964315544 1581339964325612 10068
Snk : 538 538 1581339964364963 1581339964374966 10003
Snk : 539 539 1581339964414311 1581339964424303 9992
Snk : 540 540 1581339964463661 1581339964473693 10032
Snk : 541 541 1581339964513116 1581339964523119 10003
Snk : 542 542 1581339964562563 1581339964572568 10005
Snk : 543 543 1581339964612579 1581339964622661 10082
Snk : 544 544 1581339964662177 1581339964672133 9956
Snk : 545 545 1581339964711511 1581339964721540 10029
Snk : 546 546 1581339964760901 1581339964770874 9973
Snk : 547 547 1581339964810302 1581339964820340 10038
Snk : 548 548 1581339964859792 1581339964869793 10001
Snk : 549 549 1581339964909159 1581339964919126 9967
Snk : 550 550 1581339964958499 1581339964968504 10005
Snk : 551 551 1581339965007849 1581339965017882 10033
Snk : 552 552 1581339965057317 1581339965067316 9999
Snk : 553 553 1581339965106694 1581339965116712 10018
Snk : 554 554 1581339965156036 1581339965166069 10033
Snk : 555 555 1581339965205677 1581339965215808 10131
Snk : 556 556 1581339965255388 1581339965265391 10003
Snk : 557 557 1581339965304766 1581339965314743 9977
Snk : 558 558 1581339965354121 1581339965364090 9969
Snk : 559 559 1581339965403439 1581339965413467 10028
Snk : 560 560 1581339965452852 1581339965462857 10005
Snk : 561 561 1581339965502232 1581339965512218 9986
Snk : 562 562 1581339965551568 1581339965561577 10009
Snk : 563 563 1581339965600977 1581339965610981 10004
Snk : 564 564 1581339965650384 1581339965660369 9985
Snk : 565 565 1581339965699715 1581339965709755 10040
Snk : 566 566 1581339965749139 1581339965759105 9966
Snk : 567 567 1581339965798521 1581339965808958 10437
Snk : 568 568 1581339965848690 1581339965858723 10033
Snk : 569 569 1581339965898121 1581339965908124 10003
Snk : 570 570 1581339965947470 1581339965957490 10020
Snk : 571 571 1581339965996807 1581339966006810 10003
Snk : 572 572 1581339966046170 1581339966056188 10018
Snk : 573 573 1581339966095528 1581339966105586 10058
Snk : 574 574 1581339966144960 1581339966154946 9986
Snk : 575 575 1581339966194313 1581339966204304 9991
Snk : 576 576 1581339966243708 1581339966253748 10040
Snk : 577 577 1581339966293115 1581339966303103 9988
Snk : 578 578 1581339966342500 1581339966352475 9975
Snk : 579 579 1581339966391823 1581339966401815 9992
Snk : 580 580 1581339966441920 1581339966451938 10018
Snk : 581 581 1581339966491316 1581339966501408 10092
Snk : 582 582 1581339966540784 1581339966550761 9977
Snk : 583 583 1581339966590241 1581339966600242 10001
Snk : 584 584 1581339966639633 1581339966649691 10058
Snk : 585 585 1581339966689088 1581339966699073 9985
Snk : 586 586 1581339966738504 1581339966748506 10002
Snk : 587 587 1581339966787855 1581339966797914 10059
Snk : 588 588 1581339966837349 1581339966847313 9964
Snk : 589 589 1581339966886731 1581339966896702 9971
Snk : 590 590 1581339966936113 1581339966946115 10002
Snk : 591 591 1581339966985461 1581339966995420 9959
Snk : 592 592 1581339967035562 1581339967045595 10033
Snk : 593 593 1581339967084961 1581339967094951 9990
Snk : 594 594 1581339967134380 1581339967144373 9993
Snk : 595 595 1581339967183767 1581339967193801 10034
Snk : 596 596 1581339967233146 1581339967243133 9987
Snk : 597 597 1581339967282537 1581339967292541 10004
Snk : 598 598 1581339967331900 1581339967341930 10030
Snk : 599 599 1581339967381308 1581339967391281 9973
Snk : 600 600 1581339967430647 1581339967440652 10005
Snk : 601 601 1581339967480082 1581339967490045 9963
Snk : 602 602 1581339967529519 1581339967539493 9974
Snk : 603 603 1581339967578841 1581339967588874 10033
Snk : 604 604 1581339967628950 1581339967639010 10060
Snk : 605 605 1581339967678400 1581339967688403 10003
Snk : 606 606 1581339967727779 1581339967737785 10006
Snk : 607 607 1581339967777256 1581339967787252 9996
Snk : 608 608 1581339967826811 1581339967836844 10033
Snk : 609 609 1581339967876198 1581339967886197 9999
Snk : 610 610 1581339967925627 1581339967935587 9960
Snk : 611 611 1581339967975159 1581339967985145 9986
Snk : 612 612 1581339968024506 1581339968034500 9994
Snk : 613 613 1581339968073908 1581339968083883 9975
Snk : 614 614 1581339968123251 1581339968133279 10028
Snk : 615 615 1581339968172618 1581339968182623 10005
Snk : 616 616 1581339968221955 1581339968231917 9962
Snk : 617 617 1581339968271389 1581339968281423 10034
Snk : 618 618 1581339968320811 1581339968330780 9969
Snk : 619 619 1581339968370176 1581339968380179 10003
Snk : 620 620 1581339968419530 1581339968429545 10015
Snk : 621 621 1581339968469095 1581339968479128 10033
Snk : 622 622 1581339968518527 1581339968528502 9975
Snk : 623 623 1581339968567854 1581339968577858 10004
Snk : 624 624 1581339968617492 1581339968627482 9990
Snk : 625 625 1581339968666925 1581339968676949 10024
Snk : 626 626 1581339968716304 1581339968726337 10033
Snk : 627 627 1581339968765685 1581339968775745 10060
Snk : 628 628 1581339968815064 1581339968825121 10057
Snk : 629 629 1581339968864566 1581339968874602 10036
Snk : 630 630 1581339968913944 1581339968923947 10003
Snk : 631 631 1581339968963302 1581339968973315 10013
Snk : 632 632 1581339969012719 1581339969022665 9946
Snk : 633 633 1581339969062137 1581339969072112 9975
Snk : 634 634 1581339969111454 1581339969121438 9984
Snk : 635 635 1581339969160840 1581339969170811 9971
Snk : 636 636 1581339969210187 1581339969220162 9975
Snk : 637 637 1581339969259531 1581339969269536 10005
Snk : 638 638 1581339969308880 1581339969318883 10003
Snk : 639 639 1581339969358234 1581339969368236 10002
Snk : 640 640 1581339969407579 1581339969417607 10028
Snk : 641 641 1581339969457007 1581339969466991 9984
Snk : 642 642 1581339969506411 1581339969516418 10007
Snk : 643 643 1581339969555759 1581339969565814 10055
Snk : 644 644 1581339969605197 1581339969615172 9975
Snk : 645 645 1581339969654576 1581339969664517 9941
Snk : 646 646 1581339969703892 1581339969713901 10009
Snk : 647 647 1581339969753412 1581339969763384 9972
Snk : 648 648 1581339969802735 1581339969812762 10027
Snk : 649 649 1581339969852200 1581339969862229 10029
Snk : 650 650 1581339969901581 1581339969911586 10005
Snk : 651 651 1581339969950963 1581339969960994 10031
Snk : 652 652 1581339970000342 1581339970010324 9982
Snk : 653 653 1581339970049737 1581339970059756 10019
Snk : 654 654 1581339970099114 1581339970109172 10058
Snk : 655 655 1581339970148520 1581339970158533 10013
Snk : 656 656 1581339970197927 1581339970207901 9974
Snk : 657 657 1581339970247247 1581339970257279 10032
Snk : 658 658 1581339970296588 1581339970306575 9987
Snk : 659 659 1581339970345996 1581339970355969 9973
Snk : 660 660 1581339970395314 1581339970405335 10021
Snk : 661 661 1581339970444719 1581339970454751 10032
Snk : 662 662 1581339970494087 1581339970504069 9982
Snk : 663 663 1581339970543444 1581339970553478 10034
Snk : 664 664 1581339970592846 1581339970602850 10004
Snk : 665 665 1581339970642223 1581339970652307 10084
Snk : 666 666 1581339970691664 1581339970701694 10030
Snk : 667 667 1581339970742050 1581339970752020 9970
Snk : 668 668 1581339970791849 1581339970801810 9961
Snk : 669 669 1581339970841636 1581339970851638 10002
Snk : 670 670 1581339970890968 1581339970900997 10029
Snk : 671 671 1581339970940332 1581339970950340 10008
Snk : 672 672 1581339970989702 1581339970999704 10002
Snk : 673 673 1581339971039097 1581339971049130 10033
Snk : 674 674 1581339971088468 1581339971098479 10011
Snk : 675 675 1581339971137910 1581339971147914 10004
Snk : 676 676 1581339971187252 1581339971197282 10030
Snk : 677 677 1581339971236658 1581339971246626 9968
Snk : 678 678 1581339971286018 1581339971295967 9949
Snk : 679 679 1581339971335388 1581339971345372 9984
Snk : 680 680 1581339971384757 1581339971394713 9956
Snk : 681 681 1581339971434093 1581339971444055 9962
Snk : 682 682 1581339971483502 1581339971493527 10025
Snk : 683 683 1581339971532948 1581339971542933 9985
Snk : 684 684 1581339971582300 1581339971592296 9996
Snk : 685 685 1581339971631647 1581339971641671 10024
Snk : 686 686 1581339971681073 1581339971691059 9986
Snk : 687 687 1581339971730481 1581339971740475 9994
Snk : 688 688 1581339971779842 1581339971789872 10030
Snk : 689 689 1581339971829331 1581339971839306 9975
Snk : 690 690 1581339971878691 1581339971888671 9980
Snk : 691 691 1581339971928056 1581339971938054 9998
Snk : 692 692 1581339971977440 1581339971987395 9955
Snk : 693 693 1581339972026770 1581339972036804 10034
Snk : 694 694 1581339972076142 1581339972086165 10023
Snk : 695 695 1581339972125552 1581339972135556 10004
Snk : 696 696 1581339972174881 1581339972184937 10056
Snk : 697 697 1581339972224005 1581339972234032 10027
Snk : 698 698 1581339972273148 1581339972283149 10001
Snk : 699 699 1581339972322229 1581339972332229 10000
Snk : 700 700 1581339972371098 1581339972380969 9871
