Src : 1 1 1581340357978722 1581340357993740 15018
Src : 2 2 1581340357993790 1581340358004101 10311
Src : 3 3 1581340358004116 1581340358014737 10621
Src : 4 4 1581340358014759 1581340358024986 10227
Src : 5 5 1581340358045191 1581340358055513 10322
Src : 6 6 1581340358095894 1581340358106087 10193
Src : 7 7 1581340358145950 1581340358156154 10204
Src : 8 8 1581340358195795 1581340358206002 10207
Src : 9 9 1581340358245235 1581340358255450 10215
Src : 10 10 1581340358294655 1581340358304900 10245
Src : 11 11 1581340358344097 1581340358354355 10258
Src : 12 12 1581340358393469 1581340358403684 10215
Src : 13 13 1581340358442831 1581340358453076 10245
Src : 14 14 1581340358492415 1581340358502629 10214
Src : 15 15 1581340358541803 1581340358552040 10237
Src : 16 16 1581340358592111 1581340358602312 10201
Src : 17 17 1581340358641884 1581340358652097 10213
Src : 18 18 1581340358691765 1581340358701984 10219
Src : 19 19 1581340358741357 1581340358751555 10198
Src : 20 20 1581340358790747 1581340358800989 10242
Src : 21 21 1581340358840178 1581340358850416 10238
Src : 22 22 1581340358889569 1581340358899783 10214
Src : 23 23 1581340358938945 1581340358949137 10192
Src : 24 24 1581340358988340 1581340358998515 10175
Src : 25 25 1581340359037631 1581340359047811 10180
Src : 26 26 1581340359087008 1581340359097219 10211
Src : 27 27 1581340359136334 1581340359146547 10213
Src : 28 28 1581340359186354 1581340359196639 10285
Src : 29 29 1581340359235778 1581340359245971 10193
Src : 30 30 1581340359285478 1581340359295659 10181
Src : 31 31 1581340359334844 1581340359345088 10244
Src : 32 32 1581340359384235 1581340359394456 10221
Src : 33 33 1581340359433616 1581340359443815 10199
Src : 34 34 1581340359483007 1581340359493230 10223
Src : 35 35 1581340359532371 1581340359542646 10275
Src : 36 36 1581340359581787 1581340359591975 10188
Src : 37 37 1581340359631104 1581340359641310 10206
Src : 38 38 1581340359680425 1581340359690619 10194
Src : 39 39 1581340359729904 1581340359740061 10157
Src : 40 40 1581340359779792 1581340359790091 10299
Src : 41 41 1581340359829739 1581340359839886 10147
Src : 42 42 1581340359879550 1581340359889760 10210
Src : 43 43 1581340359929285 1581340359939468 10183
Src : 44 44 1581340359978660 1581340359988842 10182
Src : 45 45 1581340360028006 1581340360038227 10221
Src : 46 46 1581340360077381 1581340360087566 10185
Src : 47 47 1581340360126716 1581340360136962 10246
Src : 48 48 1581340360176061 1581340360186242 10181
Src : 49 49 1581340360225407 1581340360235615 10208
Src : 50 50 1581340360274768 1581340360284980 10212
Src : 51 51 1581340360324119 1581340360334330 10211
Src : 52 52 1581340360373499 1581340360383971 10472
Src : 53 53 1581340360423289 1581340360433495 10206
Src : 54 54 1581340360472662 1581340360482877 10215
Src : 55 55 1581340360522024 1581340360532218 10194
Src : 56 56 1581340360571467 1581340360581678 10211
Src : 57 57 1581340360621238 1581340360631403 10165
Src : 58 58 1581340360670603 1581340360680849 10246
Src : 59 59 1581340360719909 1581340360730158 10249
Src : 60 60 1581340360769314 1581340360779501 10187
Src : 61 61 1581340360818838 1581340360829083 10245
Src : 62 62 1581340360868246 1581340360878489 10243
Src : 63 63 1581340360917595 1581340360927770 10175
Src : 64 64 1581340360966970 1581340360977170 10200
Src : 65 65 1581340361016799 1581340361026980 10181
Src : 66 66 1581340361066421 1581340361076591 10170
Src : 67 67 1581340361115901 1581340361126121 10220
Src : 68 68 1581340361165250 1581340361175463 10213
Src : 69 69 1581340361214585 1581340361224796 10211
Src : 70 70 1581340361263936 1581340361274182 10246
Src : 71 71 1581340361313314 1581340361323495 10181
Src : 72 72 1581340361362686 1581340361372903 10217
Src : 73 73 1581340361412019 1581340361422230 10211
Src : 74 74 1581340361461430 1581340361471622 10192
Src : 75 75 1581340361510855 1581340361521100 10245
Src : 76 76 1581340361560261 1581340361570482 10221
Src : 77 77 1581340361610506 1581340361620700 10194
Src : 78 78 1581340361659838 1581340361670043 10205
Src : 79 79 1581340361709163 1581340361719344 10181
Src : 80 80 1581340361758550 1581340361768770 10220
Src : 81 81 1581340361807885 1581340361818102 10217
Src : 82 82 1581340361857198 1581340361867426 10228
Src : 83 83 1581340361906558 1581340361916778 10220
Src : 84 84 1581340361955934 1581340361966176 10242
Src : 85 85 1581340362005297 1581340362015507 10210
Src : 86 86 1581340362054647 1581340362064892 10245
Src : 87 87 1581340362104038 1581340362114229 10191
Src : 88 88 1581340362153401 1581340362163622 10221
Src : 89 89 1581340362203673 1581340362213948 10275
Src : 90 90 1581340362253538 1581340362263781 10243
Src : 91 91 1581340362303404 1581340362313629 10225
Src : 92 92 1581340362352766 1581340362362968 10202
Src : 93 93 1581340362402121 1581340362412303 10182
Src : 94 94 1581340362451444 1581340362461678 10234
Src : 95 95 1581340362500859 1581340362511026 10167
Src : 96 96 1581340362550245 1581340362560451 10206
Src : 97 97 1581340362599767 1581340362609979 10212
Src : 98 98 1581340362649373 1581340362659578 10205
Src : 99 99 1581340362698795 1581340362709033 10238
Src : 100 100 1581340362748241 1581340362758480 10239
Src : 101 101 1581340362798329 1581340362808514 10185
Src : 102 102 1581340362848213 1581340362858413 10200
Src : 103 103 1581340362898005 1581340362908167 10162
Src : 104 104 1581340362947346 1581340362957622 10276
Src : 105 105 1581340362996899 1581340363007110 10211
Src : 106 106 1581340363046265 1581340363056480 10215
Src : 107 107 1581340363095701 1581340363105912 10211
Src : 108 108 1581340363145055 1581340363155270 10215
Src : 109 109 1581340363194447 1581340363204656 10209
Src : 110 110 1581340363243771 1581340363254012 10241
Src : 111 111 1581340363293147 1581340363303363 10216
Src : 112 112 1581340363342550 1581340363352770 10220
Src : 113 113 1581340363392643 1581340363402809 10166
Src : 114 114 1581340363442381 1581340363452570 10189
Src : 115 115 1581340363492264 1581340363502459 10195
Src : 116 116 1581340363541828 1581340363551989 10161
Src : 117 117 1581340363591232 1581340363601425 10193
Src : 118 118 1581340363640610 1581340363650824 10214
Src : 119 119 1581340363689999 1581340363700182 10183
Src : 120 120 1581340363739375 1581340363749622 10247
Src : 121 121 1581340363788796 1581340363799014 10218
Src : 122 122 1581340363838193 1581340363848375 10182
Src : 123 123 1581340363887559 1581340363897805 10246
Src : 124 124 1581340363936878 1581340363947094 10216
Src : 125 125 1581340363986708 1581340363996967 10259
Src : 126 126 1581340364036249 1581340364046445 10196
Src : 127 127 1581340364085621 1581340364095772 10151
Src : 128 128 1581340364134970 1581340364145216 10246
Src : 129 129 1581340364184360 1581340364194604 10244
Src : 130 130 1581340364233753 1581340364243939 10186
Src : 131 131 1581340364283132 1581340364293344 10212
Src : 132 132 1581340364332512 1581340364342722 10210
Src : 133 133 1581340364382223 1581340364392416 10193
Src : 134 134 1581340364431583 1581340364441804 10221
Src : 135 135 1581340364480975 1581340364491162 10187
Src : 136 136 1581340364530293 1581340364540509 10216
Src : 137 137 1581340364579678 1581340364590083 10405
Src : 138 138 1581340364629589 1581340364639805 10216
Src : 139 139 1581340364679012 1581340364689221 10209
Src : 140 140 1581340364728395 1581340364738579 10184
Src : 141 141 1581340364777813 1581340364787977 10164
Src : 142 142 1581340364827356 1581340364837603 10247
Src : 143 143 1581340364876746 1581340364886961 10215
Src : 144 144 1581340364926093 1581340364936310 10217
Src : 145 145 1581340364975414 1581340364985621 10207
Src : 146 146 1581340365024708 1581340365034897 10189
Src : 147 147 1581340365074083 1581340365084299 10216
Src : 148 148 1581340365123420 1581340365133610 10190
Src : 149 149 1581340365172769 1581340365182984 10215
Src : 150 150 1581340365222712 1581340365232927 10215
Src : 151 151 1581340365272092 1581340365282329 10237
Src : 152 152 1581340365321484 1581340365331668 10184
Src : 153 153 1581340365370864 1581340365381093 10229
Src : 154 154 1581340365420194 1581340365430435 10241
Src : 155 155 1581340365469559 1581340365479775 10216
Src : 156 156 1581340365518959 1581340365529185 10226
Src : 157 157 1581340365568344 1581340365578565 10221
Src : 158 158 1581340365617709 1581340365627875 10166
Src : 159 159 1581340365667051 1581340365677238 10187
Src : 160 160 1581340365716564 1581340365726794 10230
Src : 161 161 1581340365766153 1581340365776323 10170
Src : 162 162 1581340365816172 1581340365826381 10209
Src : 163 163 1581340365866043 1581340365876254 10211
Src : 164 164 1581340365915906 1581340365926146 10240
Src : 165 165 1581340365965247 1581340365975434 10187
Src : 166 166 1581340366014593 1581340366024840 10247
Src : 167 167 1581340366063926 1581340366074110 10184
Src : 168 168 1581340366113272 1581340366123453 10181
Src : 169 169 1581340366162612 1581340366172813 10201
Src : 170 170 1581340366211947 1581340366222168 10221
Src : 171 171 1581340366261544 1581340366271734 10190
Src : 172 172 1581340366310886 1581340366321131 10245
Src : 173 173 1581340366360320 1581340366370565 10245
Src : 174 174 1581340366410666 1581340366420882 10216
Src : 175 175 1581340366460490 1581340366470762 10272
Src : 176 176 1581340366510387 1581340366520588 10201
Src : 177 177 1581340366559729 1581340366569968 10239
Src : 178 178 1581340366609064 1581340366619249 10185
Src : 179 179 1581340366658389 1581340366668595 10206
Src : 180 180 1581340366707685 1581340366717955 10270
Src : 181 181 1581340366757116 1581340366767359 10243
Src : 182 182 1581340366806509 1581340366816719 10210
Src : 183 183 1581340366855886 1581340366866125 10239
Src : 184 184 1581340366905296 1581340366915482 10186
Src : 185 185 1581340366954644 1581340366964876 10232
Src : 186 186 1581340367004712 1581340367014944 10232
Src : 187 187 1581340367054097 1581340367064334 10237
Src : 188 188 1581340367103616 1581340367113861 10245
Src : 189 189 1581340367152926 1581340367163135 10209
Src : 190 190 1581340367202274 1581340367212490 10216
Src : 191 191 1581340367251609 1581340367261855 10246
Src : 192 192 1581340367300976 1581340367311191 10215
Src : 193 193 1581340367350367 1581340367360523 10156
Src : 194 194 1581340367399757 1581340367409999 10242
Src : 195 195 1581340367449108 1581340367459323 10215
Src : 196 196 1581340367498500 1581340367508711 10211
Src : 197 197 1581340367547886 1581340367558132 10246
Src : 198 198 1581340367597932 1581340367608213 10281
Src : 199 199 1581340367647945 1581340367658172 10227
Src : 200 200 1581340367697816 1581340367707998 10182
Src : 201 201 1581340367747187 1581340367757398 10211
Src : 202 202 1581340367796833 1581340367807027 10194
Src : 203 203 1581340367846193 1581340367856409 10216
Src : 204 204 1581340367895615 1581340367905822 10207
Src : 205 205 1581340367944970 1581340367955142 10172
Src : 206 206 1581340367994463 1581340368004678 10215
Src : 207 207 1581340368043787 1581340368054011 10224
Src : 208 208 1581340368093150 1581340368103367 10217
Src : 209 209 1581340368142496 1581340368152743 10247
Src : 210 210 1581340368192146 1581340368202438 10292
Src : 211 211 1581340368241786 1581340368251997 10211
Src : 212 212 1581340368291148 1581340368301340 10192
Src : 213 213 1581340368340523 1581340368350765 10242
Src : 214 214 1581340368389944 1581340368400114 10170
Src : 215 215 1581340368439296 1581340368449540 10244
Src : 216 216 1581340368488838 1581340368499030 10192
Src : 217 217 1581340368538207 1581340368548377 10170
Src : 218 218 1581340368587681 1581340368597913 10232
Src : 219 219 1581340368637056 1581340368647272 10216
Src : 220 220 1581340368686450 1581340368696646 10196
Src : 221 221 1581340368735799 1581340368746013 10214
Src : 222 222 1581340368785442 1581340368795779 10337
Src : 223 223 1581340368835611 1581340368845807 10196
Src : 224 224 1581340368885467 1581340368895631 10164
Src : 225 225 1581340368935074 1581340368945293 10219
Src : 226 226 1581340368984436 1581340368994682 10246
Src : 227 227 1581340369033829 1581340369044045 10216
Src : 228 228 1581340369083232 1581340369093446 10214
Src : 229 229 1581340369132600 1581340369142794 10194
Src : 230 230 1581340369181959 1581340369192175 10216
Src : 231 231 1581340369231325 1581340369241513 10188
Src : 232 232 1581340369280641 1581340369290853 10212
Src : 233 233 1581340369330054 1581340369340253 10199
Src : 234 234 1581340369379397 1581340369389637 10240
Src : 235 235 1581340369428762 1581340369438923 10161
Src : 236 236 1581340369478227 1581340369488418 10191
Src : 237 237 1581340369527601 1581340369537822 10221
Src : 238 238 1581340369577141 1581340369587316 10175
Src : 239 239 1581340369626631 1581340369636844 10213
Src : 240 240 1581340369675979 1581340369686225 10246
Src : 241 241 1581340369725367 1581340369735583 10216
Src : 242 242 1581340369774700 1581340369784940 10240
Src : 243 243 1581340369824140 1581340369834317 10177
Src : 244 244 1581340369873462 1581340369883649 10187
Src : 245 245 1581340369922771 1581340369932993 10222
Src : 246 246 1581340369972133 1581340369982344 10211
Src : 247 247 1581340370021470 1581340370031640 10170
Src : 248 248 1581340370070837 1581340370081034 10197
Src : 249 249 1581340370120209 1581340370130420 10211
Src : 250 250 1581340370169587 1581340370179745 10158
Src : 251 251 1581340370218882 1581340370229112 10230
Src : 252 252 1581340370268227 1581340370278433 10206
Src : 253 253 1581340370317559 1581340370327725 10166
Src : 254 254 1581340370366928 1581340370377131 10203
Src : 255 255 1581340370416240 1581340370426443 10203
Src : 256 256 1581340370465593 1581340370475743 10150
Src : 257 257 1581340370514889 1581340370525135 10246
Src : 258 258 1581340370564227 1581340370574446 10219
Src : 259 259 1581340370613745 1581340370623938 10193
Src : 260 260 1581340370663160 1581340370673370 10210
Src : 261 261 1581340370712531 1581340370722777 10246
Src : 262 262 1581340370761912 1581340370772127 10215
Src : 263 263 1581340370811274 1581340370821483 10209
Src : 264 264 1581340370860604 1581340370870850 10246
Src : 265 265 1581340370909981 1581340370920169 10188
Src : 266 266 1581340370959327 1581340370969602 10275
Src : 267 267 1581340371008679 1581340371018896 10217
Src : 268 268 1581340371058039 1581340371068272 10233
Src : 269 269 1581340371107397 1581340371117608 10211
Src : 270 270 1581340371156723 1581340371166967 10244
Src : 271 271 1581340371206114 1581340371216308 10194
Src : 272 272 1581340371255448 1581340371265677 10229
Src : 273 273 1581340371304811 1581340371314995 10184
Src : 274 274 1581340371354300 1581340371364489 10189
Src : 275 275 1581340371403688 1581340371413913 10225
Src : 276 276 1581340371453040 1581340371463207 10167
Src : 277 277 1581340371502414 1581340371512621 10207
Src : 278 278 1581340371551782 1581340371561983 10201
Src : 279 279 1581340371601215 1581340371611389 10174
Src : 280 280 1581340371650578 1581340371660779 10201
Src : 281 281 1581340371699884 1581340371710092 10208
Src : 282 282 1581340371749266 1581340371759433 10167
Src : 283 283 1581340371798774 1581340371808971 10197
Src : 284 284 1581340371848118 1581340371858365 10247
Src : 285 285 1581340371897516 1581340371907681 10165
Src : 286 286 1581340371946910 1581340371957095 10185
Src : 287 287 1581340371996228 1581340372006440 10212
Src : 288 288 1581340372045793 1581340372055983 10190
Src : 289 289 1581340372095171 1581340372105367 10196
Src : 290 290 1581340372144458 1581340372154669 10211
Src : 291 291 1581340372193801 1581340372203994 10193
Src : 292 292 1581340372243120 1581340372253366 10246
Src : 293 293 1581340372292482 1581340372302693 10211
Src : 294 294 1581340372341993 1581340372352208 10215
Src : 295 295 1581340372391370 1581340372401550 10180
Src : 296 296 1581340372440765 1581340372450931 10166
Src : 297 297 1581340372490122 1581340372500333 10211
Src : 298 298 1581340372539458 1581340372549661 10203
Src : 299 299 1581340372588806 1581340372599022 10216
Src : 300 300 1581340372638111 1581340372648293 10182
Src : 301 301 1581340372687491 1581340372697737 10246
Src : 302 302 1581340372736896 1581340372747107 10211
Src : 303 303 1581340372786288 1581340372796464 10176
Src : 304 304 1581340372835902 1581340372846109 10207
Src : 305 305 1581340372885284 1581340372895500 10216
Src : 306 306 1581340372934646 1581340372944863 10217
Src : 307 307 1581340372984566 1581340372994827 10261
Src : 308 308 1581340373035721 1581340373045937 10216
Src : 309 309 1581340373259293 1581340373269059 9766
Src : 310 310 1581340373269080 1581340373279614 10534
Src : 311 311 1581340373279630 1581340373289947 10317
Src : 312 312 1581340373289958 1581340373300408 10450
Src : 313 313 1581340373320257 1581340373330529 10272
Src : 314 314 1581340373371035 1581340373381209 10174
Src : 315 315 1581340373421616 1581340373431781 10165
Src : 316 316 1581340373470961 1581340373481240 10279
Src : 317 317 1581340373520445 1581340373530691 10246
Src : 318 318 1581340373569838 1581340373579999 10161
Src : 319 319 1581340373620025 1581340373630251 10226
Src : 320 320 1581340373669412 1581340373679595 10183
Src : 321 321 1581340373718745 1581340373728988 10243
Src : 322 322 1581340373768079 1581340373778352 10273
Src : 323 323 1581340373817500 1581340373827665 10165
Src : 324 324 1581340373866903 1581340373877121 10218
Src : 325 325 1581340373916250 1581340373926496 10246
Src : 326 326 1581340373965595 1581340373975811 10216
Src : 327 327 1581340374014926 1581340374025156 10230
Src : 328 328 1581340374064243 1581340374074490 10247
Src : 329 329 1581340374113625 1581340374123825 10200
Src : 330 330 1581340374162944 1581340374173185 10241
Src : 331 331 1581340374213218 1581340374223391 10173
Src : 332 332 1581340374262539 1581340374272841 10302
Src : 333 333 1581340374311962 1581340374322154 10192
Src : 334 334 1581340374361398 1581340374371614 10216
Src : 335 335 1581340374410774 1581340374420984 10210
Src : 336 336 1581340374460096 1581340374470350 10254
Src : 337 337 1581340374509487 1581340374519703 10216
Src : 338 338 1581340374558849 1581340374569058 10209
Src : 339 339 1581340374608343 1581340374618563 10220
Src : 340 340 1581340374657662 1581340374667875 10213
Src : 341 341 1581340374707153 1581340374717424 10271
Src : 342 342 1581340374756684 1581340374766846 10162
Src : 343 343 1581340374807047 1581340374817315 10268
Src : 344 344 1581340374857079 1581340374867298 10219
Src : 345 345 1581340374906939 1581340374917181 10242
Src : 346 346 1581340374956252 1581340374966462 10210
Src : 347 347 1581340375005608 1581340375015780 10172
Src : 348 348 1581340375054925 1581340375065171 10246
Src : 349 349 1581340375104289 1581340375114536 10247
Src : 350 350 1581340375153638 1581340375163808 10170
Src : 351 351 1581340375202985 1581340375213213 10228
Src : 352 352 1581340375252375 1581340375262586 10211
Src : 353 353 1581340375301784 1581340375311970 10186
Src : 354 354 1581340375351192 1581340375361416 10224
Src : 355 355 1581340375401177 1581340375411442 10265
Src : 356 356 1581340375450587 1581340375460809 10222
Src : 357 357 1581340375499938 1581340375510153 10215
Src : 358 358 1581340375549515 1581340375559694 10179
Src : 359 359 1581340375598837 1581340375609059 10222
Src : 360 360 1581340375648162 1581340375658344 10182
Src : 361 361 1581340375697487 1581340375707678 10191
Src : 362 362 1581340375746850 1581340375757067 10217
Src : 363 363 1581340375796245 1581340375806471 10226
Src : 364 364 1581340375845820 1581340375856036 10216
Src : 365 365 1581340375895240 1581340375905430 10190
Src : 366 366 1581340375944644 1581340375954820 10176
Src : 367 367 1581340375994637 1581340376004898 10261
Src : 368 368 1581340376044087 1581340376054318 10231
Src : 369 369 1581340376093434 1581340376103620 10186
Src : 370 370 1581340376142727 1581340376152939 10212
Src : 371 371 1581340376192080 1581340376202295 10215
Src : 372 372 1581340376241402 1581340376251584 10182
Src : 373 373 1581340376290747 1581340376300944 10197
Src : 374 374 1581340376340138 1581340376350313 10175
Src : 375 375 1581340376389544 1581340376399729 10185
Src : 376 376 1581340376438880 1581340376449126 10246
Src : 377 377 1581340376488341 1581340376498587 10246
Src : 378 378 1581340376537750 1581340376547950 10200
Src : 379 379 1581340376587253 1581340376597647 10394
Src : 380 380 1581340376636957 1581340376647105 10148
Src : 381 381 1581340376686278 1581340376696455 10177
Src : 382 382 1581340376735630 1581340376745838 10208
Src : 383 383 1581340376785021 1581340376795221 10200
Src : 384 384 1581340376834673 1581340376844885 10212
Src : 385 385 1581340376884033 1581340376894250 10217
Src : 386 386 1581340376933392 1581340376943577 10185
Src : 387 387 1581340376982757 1581340376992972 10215
Src : 388 388 1581340377032105 1581340377042316 10211
Src : 389 389 1581340377081484 1581340377091659 10175
Src : 390 390 1581340377130809 1581340377141012 10203
Src : 391 391 1581340377180128 1581340377190419 10291
Src : 392 392 1581340377229878 1581340377240075 10197
Src : 393 393 1581340377279219 1581340377289420 10201
Src : 394 394 1581340377328593 1581340377338775 10182
Src : 395 395 1581340377377930 1581340377388105 10175
Src : 396 396 1581340377427236 1581340377437482 10246
Src : 397 397 1581340377476671 1581340377486838 10167
Src : 398 398 1581340377526070 1581340377536261 10191
Src : 399 399 1581340377575460 1581340377585699 10239
Src : 400 400 1581340377624825 1581340377635038 10213
Src : 401 401 1581340377674214 1581340377684389 10175
Src : 402 402 1581340377723891 1581340377734116 10225
Src : 403 403 1581340377773393 1581340377783668 10275
Src : 404 404 1581340377823579 1581340377833770 10191
Src : 405 405 1581340377873405 1581340377883617 10212
Src : 406 406 1581340377923219 1581340377933425 10206
Src : 407 407 1581340377972538 1581340377982773 10235
Src : 408 408 1581340378022125 1581340378032340 10215
Src : 409 409 1581340378071520 1581340378081733 10213
Src : 410 410 1581340378120858 1581340378131039 10181
Src : 411 411 1581340378170205 1581340378180449 10244
Src : 412 412 1581340378219568 1581340378229811 10243
Src : 413 413 1581340378268950 1581340378279140 10190
Src : 414 414 1581340378318299 1581340378328468 10169
Src : 415 415 1581340378367677 1581340378377920 10243
Src : 416 416 1581340378417792 1581340378427983 10191
Src : 417 417 1581340378467143 1581340378477373 10230
Src : 418 418 1581340378516683 1581340378526872 10189
Src : 419 419 1581340378566090 1581340378576307 10217
Src : 420 420 1581340378615478 1581340378625689 10211
Src : 421 421 1581340378664827 1581340378675022 10195
Src : 422 422 1581340378714298 1581340378724481 10183
Src : 423 423 1581340378763619 1581340378773826 10207
Src : 424 424 1581340378813100 1581340378823309 10209
Src : 425 425 1581340378862451 1581340378872700 10249
Src : 426 426 1581340378911826 1581340378922050 10224
Src : 427 427 1581340378961146 1581340378971339 10193
Src : 428 428 1581340379011374 1581340379021621 10247
Src : 429 429 1581340379060776 1581340379071043 10267
Src : 430 430 1581340379110197 1581340379120365 10168
Src : 431 431 1581340379159539 1581340379169779 10240
Src : 432 432 1581340379208930 1581340379219112 10182
Src : 433 433 1581340379258249 1581340379268459 10210
Src : 434 434 1581340379307613 1581340379317852 10239
Src : 435 435 1581340379356933 1581340379367116 10183
Src : 436 436 1581340379406280 1581340379416476 10196
Src : 437 437 1581340379455654 1581340379465856 10202
Src : 438 438 1581340379505001 1581340379515175 10174
Src : 439 439 1581340379554389 1581340379564578 10189
Src : 440 440 1581340379604451 1581340379614763 10312
Src : 441 441 1581340379654424 1581340379664647 10223
Src : 442 442 1581340379704340 1581340379714539 10199
Src : 443 443 1581340379753730 1581340379763923 10193
Src : 444 444 1581340379803091 1581340379813321 10230
Src : 445 445 1581340379852395 1581340379862606 10211
Src : 446 446 1581340379901803 1581340379911987 10184
Src : 447 447 1581340379951125 1581340379961338 10213
Src : 448 448 1581340380000527 1581340380010855 10328
Src : 449 449 1581340380050226 1581340380060401 10175
Src : 450 450 1581340380099566 1581340380109811 10245
Src : 451 451 1581340380148946 1581340380159096 10150
Src : 452 452 1581340380198863 1581340380209151 10288
Src : 453 453 1581340380248343 1581340380258589 10246
Src : 454 454 1581340380297806 1581340380307985 10179
Src : 455 455 1581340380347144 1581340380357345 10201
Src : 456 456 1581340380396461 1581340380406679 10218
Src : 457 457 1581340380445813 1581340380455977 10164
Src : 458 458 1581340380495201 1581340380505396 10195
Src : 459 459 1581340380544518 1581340380554764 10246
Src : 460 460 1581340380593898 1581340380604082 10184
Src : 461 461 1581340380643223 1581340380653429 10206
Src : 462 462 1581340380692602 1581340380702828 10226
Src : 463 463 1581340380742005 1581340380752175 10170
Src : 464 464 1581340380791407 1581340380801779 10372
Src : 465 465 1581340380841209 1581340380851396 10187
Src : 466 466 1581340380890560 1581340380900771 10211
Src : 467 467 1581340380939881 1581340380950089 10208
Src : 468 468 1581340380989241 1581340380999406 10165
Src : 469 469 1581340381038551 1581340381048798 10247
Src : 470 470 1581340381087913 1581340381098160 10247
Src : 471 471 1581340381137261 1581340381147474 10213
Src : 472 472 1581340381186610 1581340381196847 10237
Src : 473 473 1581340381235932 1581340381246143 10211
Src : 474 474 1581340381285320 1581340381295500 10180
Src : 475 475 1581340381334724 1581340381344943 10219
Src : 476 476 1581340381384125 1581340381394342 10217
Src : 477 477 1581340381434209 1581340381444366 10157
Src : 478 478 1581340381483593 1581340381493839 10246
Src : 479 479 1581340381533005 1581340381543219 10214
Src : 480 480 1581340381582499 1581340381592724 10225
Src : 481 481 1581340381632052 1581340381642295 10243
Src : 482 482 1581340381681410 1581340381691610 10200
Src : 483 483 1581340381730756 1581340381740956 10200
Src : 484 484 1581340381780098 1581340381790301 10203
Src : 485 485 1581340381829493 1581340381839658 10165
Src : 486 486 1581340381878854 1581340381889096 10242
Src : 487 487 1581340381928216 1581340381938418 10202
Src : 488 488 1581340381977572 1581340381987765 10193
Src : 489 489 1581340382027777 1581340382037982 10205
Src : 490 490 1581340382077240 1581340382087394 10154
Src : 491 491 1581340382126549 1581340382136744 10195
Src : 492 492 1581340382175897 1581340382186134 10237
Src : 493 493 1581340382225237 1581340382235401 10164
Src : 494 494 1581340382274627 1581340382284840 10213
Src : 495 495 1581340382323935 1581340382334147 10212
Src : 496 496 1581340382373251 1581340382383452 10201
Src : 497 497 1581340382422620 1581340382432841 10221
Src : 498 498 1581340382472010 1581340382482231 10221
Src : 499 499 1581340382521386 1581340382531605 10219
Src : 500 500 1581340382570748 1581340382580999 10251
Src : 501 501 1581340382620939 1581340382631149 10210
Src : 502 502 1581340382670310 1581340382680526 10216
Src : 503 503 1581340382719792 1581340382730030 10238
Src : 504 504 1581340382769143 1581340382779370 10227
Src : 505 505 1581340382818577 1581340382828789 10212
Src : 506 506 1581340382867858 1581340382878090 10232
Src : 507 507 1581340382917223 1581340382927438 10215
Src : 508 508 1581340382966573 1581340382976817 10244
Src : 509 509 1581340383016121 1581340383026342 10221
Src : 510 510 1581340383065488 1581340383075730 10242
Src : 511 511 1581340383114900 1581340383125121 10221
Src : 512 512 1581340383164238 1581340383174459 10221
Src : 513 513 1581340383214369 1581340383224582 10213
Src : 514 514 1581340383263714 1581340383273962 10248
Src : 515 515 1581340383313091 1581340383323269 10178
Src : 516 516 1581340383362433 1581340383372647 10214
Src : 517 517 1581340383411736 1581340383421959 10223
Src : 518 518 1581340383461100 1581340383471315 10215
Src : 519 519 1581340383510645 1581340383521020 10375
Src : 520 520 1581340383560014 1581340383570210 10196
Src : 521 521 1581340383609416 1581340383619646 10230
Src : 522 522 1581340383658812 1581340383669015 10203
Src : 523 523 1581340383708163 1581340383718411 10248
Src : 524 524 1581340383757552 1581340383767797 10245
Src : 525 525 1581340383807797 1581340383818026 10229
Src : 526 526 1581340383857135 1581340383867319 10184
Src : 527 527 1581340383906486 1581340383916698 10212
Src : 528 528 1581340383955784 1581340383965989 10205
Src : 529 529 1581340384005162 1581340384015371 10209
Src : 530 530 1581340384054512 1581340384064757 10245
Src : 531 531 1581340384103901 1581340384114142 10241
Src : 532 532 1581340384153295 1581340384163455 10160
Src : 533 533 1581340384202696 1581340384212938 10242
Src : 534 534 1581340384252049 1581340384262277 10228
Src : 535 535 1581340384301392 1581340384311569 10177
Src : 536 536 1581340384350761 1581340384360953 10192
Src : 537 537 1581340384400107 1581340384410354 10247
Src : 538 538 1581340384449455 1581340384459662 10207
Src : 539 539 1581340384499006 1581340384509249 10243
Src : 540 540 1581340384548339 1581340384558581 10242
Src : 541 541 1581340384597803 1581340384607986 10183
Src : 542 542 1581340384647181 1581340384657391 10210
Src : 543 543 1581340384696819 1581340384707007 10188
Src : 544 544 1581340384746325 1581340384756487 10162
Src : 545 545 1581340384795741 1581340384805952 10211
Src : 546 546 1581340384845227 1581340384855438 10211
Src : 547 547 1581340384894559 1581340384904770 10211
Src : 548 548 1581340384943855 1581340384954066 10211
Src : 549 549 1581340384993213 1581340385003401 10188
Src : 550 550 1581340385042515 1581340385052720 10205
Src : 551 551 1581340385091858 1581340385102104 10246
Src : 552 552 1581340385141237 1581340385151370 10133
Src : 553 553 1581340385190598 1581340385200843 10245
Src : 554 554 1581340385239990 1581340385250219 10229
Src : 555 555 1581340385289365 1581340385299549 10184
Src : 556 556 1581340385338717 1581340385348919 10202
Src : 557 557 1581340385388065 1581340385398276 10211
Src : 558 558 1581340385437388 1581340385447580 10192
Src : 559 559 1581340385486764 1581340385496981 10217
Src : 560 560 1581340385536161 1581340385546375 10214
Src : 561 561 1581340385585500 1581340385595660 10160
Src : 562 562 1581340385634852 1581340385645040 10188
Src : 563 563 1581340385684211 1581340385694407 10196
Src : 564 564 1581340385733587 1581340385743771 10184
Src : 565 565 1581340385782951 1581340385793196 10245
Src : 566 566 1581340385832341 1581340385842562 10221
Src : 567 567 1581340385881759 1581340385891945 10186
Src : 568 568 1581340385931094 1581340385941315 10221
Src : 569 569 1581340385980428 1581340385990697 10269
Src : 570 570 1581340386029819 1581340386040028 10209
Src : 571 571 1581340386079179 1581340386089419 10240
Src : 572 572 1581340386128512 1581340386138732 10220
Src : 573 573 1581340386177919 1581340386188135 10216
Src : 574 574 1581340386227256 1581340386237494 10238
Src : 575 575 1581340386276670 1581340386286835 10165
Src : 576 576 1581340386325985 1581340386336166 10181
Src : 577 577 1581340386375315 1581340386385572 10257
Src : 578 578 1581340386424701 1581340386434888 10187
Src : 579 579 1581340386474078 1581340386484251 10173
Src : 580 580 1581340386523428 1581340386533656 10228
Src : 581 581 1581340386572759 1581340386582951 10192
Src : 582 582 1581340386622121 1581340386632304 10183
Src : 583 583 1581340386671476 1581340386681705 10229
Src : 584 584 1581340386720968 1581340386731187 10219
Src : 585 585 1581340386770303 1581340386780492 10189
Src : 586 586 1581340386819724 1581340386829925 10201
Src : 587 587 1581340386869055 1581340386879270 10215
Src : 588 588 1581340386918488 1581340386928678 10190
Src : 589 589 1581340386967860 1581340386978067 10207
Src : 590 590 1581340387017245 1581340387027460 10215
Src : 591 591 1581340387066636 1581340387076923 10287
Src : 592 592 1581340387116042 1581340387126281 10239
Src : 593 593 1581340387165377 1581340387175594 10217
Src : 594 594 1581340387214751 1581340387224973 10222
Src : 595 595 1581340387264070 1581340387274310 10240
Src : 596 596 1581340387313426 1581340387323611 10185
Src : 597 597 1581340387362742 1581340387372971 10229
Src : 598 598 1581340387412107 1581340387422337 10230
Src : 599 599 1581340387461452 1581340387471639 10187
Src : 600 600 1581340387510828 1581340387521190 10362
Src : 601 601 1581340387560235 1581340387570454 10219
Src : 602 602 1581340387609594 1581340387619807 10213
Src : 603 603 1581340387658956 1581340387669175 10219
Src : 604 604 1581340387708330 1581340387718574 10244
Src : 605 605 1581340387757669 1581340387767885 10216
Src : 606 606 1581340387807267 1581340387817473 10206
Src : 607 607 1581340387856580 1581340387866852 10272
Src : 608 608 1581340387906030 1581340387916246 10216
Src : 609 609 1581340387955392 1581340387965616 10224
Src : 610 610 1581340388005002 1581340388015192 10190
Src : 611 611 1581340388054342 1581340388064513 10171
Src : 612 612 1581340388103697 1581340388113900 10203
Src : 613 613 1581340388153088 1581340388163268 10180
Src : 614 614 1581340388202459 1581340388212678 10219
Src : 615 615 1581340388251747 1581340388261955 10208
Src : 616 616 1581340388301100 1581340388311307 10207
Src : 617 617 1581340388350449 1581340388360668 10219
Src : 618 618 1581340388399808 1581340388410050 10242
Src : 619 619 1581340388449152 1581340388459315 10163
Src : 620 620 1581340388498682 1581340388508928 10246
Src : 621 621 1581340388548003 1581340388558231 10228
Src : 622 622 1581340388597407 1581340388607572 10165
Src : 623 623 1581340388646770 1581340388657016 10246
Src : 624 624 1581340388696183 1581340388706391 10208
Src : 625 625 1581340388745562 1581340388755778 10216
Src : 626 626 1581340388795086 1581340388805297 10211
Src : 627 627 1581340388844600 1581340388854822 10222
Src : 628 628 1581340388893985 1581340388904196 10211
Src : 629 629 1581340388943330 1581340388953544 10214
Src : 630 630 1581340388992681 1581340389002853 10172
Src : 631 631 1581340389042000 1581340389052215 10215
Src : 632 632 1581340389091380 1581340389101596 10216
Src : 633 633 1581340389140715 1581340389150896 10181
Src : 634 634 1581340389190065 1581340389200247 10182
Src : 635 635 1581340389239386 1581340389249596 10210
Src : 636 636 1581340389288769 1581340389298958 10189
Src : 637 637 1581340389338160 1581340389348333 10173
Src : 638 638 1581340389387530 1581340389397746 10216
Src : 639 639 1581340389436855 1581340389447021 10166
Src : 640 640 1581340389486230 1581340389496447 10217
Src : 641 641 1581340389535655 1581340389545863 10208
Src : 642 642 1581340389584968 1581340389595170 10202
Src : 643 643 1581340389634308 1581340389644479 10171
Src : 644 644 1581340389683656 1581340389693860 10204
Src : 645 645 1581340389733039 1581340389743262 10223
Src : 646 646 1581340389782487 1581340389792729 10242
Src : 647 647 1581340389831941 1581340389842167 10226
Src : 648 648 1581340389881324 1581340389891494 10170
Src : 649 649 1581340389930659 1581340389940873 10214
Src : 650 650 1581340389979986 1581340389990245 10259
Src : 651 651 1581340390029347 1581340390039563 10216
Src : 652 652 1581340390078721 1581340390088967 10246
Src : 653 653 1581340390128055 1581340390138300 10245
Src : 654 654 1581340390177373 1581340390187589 10216
Src : 655 655 1581340390226735 1581340390236982 10247
Src : 656 656 1581340390276142 1581340390286353 10211
Src : 657 657 1581340390325484 1581340390335639 10155
Src : 658 658 1581340390374859 1581340390385069 10210
Src : 659 659 1581340390424234 1581340390434453 10219
Src : 660 660 1581340390473639 1581340390483854 10215
Src : 661 661 1581340390523000 1581340390533207 10207
Src : 662 662 1581340390572324 1581340390582570 10246
Src : 663 663 1581340390621686 1581340390631870 10184
Src : 664 664 1581340390671004 1581340390681240 10236
Src : 665 665 1581340390720856 1581340390731276 10420
Src : 666 666 1581340390770269 1581340390780451 10182
Src : 667 667 1581340390819743 1581340390829984 10241
Src : 668 668 1581340390869094 1581340390879310 10216
Src : 669 669 1581340390918500 1581340390928720 10220
Src : 670 670 1581340390967875 1581340390978120 10245
Src : 671 671 1581340391017254 1581340391027466 10212
Src : 672 672 1581340391066615 1581340391076894 10279
Src : 673 673 1581340391116002 1581340391126223 10221
Src : 674 674 1581340391165277 1581340391175487 10210
Src : 675 675 1581340391214637 1581340391224839 10202
Src : 676 676 1581340391263955 1581340391274182 10227
Src : 677 677 1581340391313332 1581340391323517 10185
Src : 678 678 1581340391362640 1581340391372841 10201
Src : 679 679 1581340391411986 1581340391422206 10220
Src : 680 680 1581340391461341 1581340391471523 10182
Src : 681 681 1581340391510713 1581340391521088 10375
Src : 682 682 1581340391560094 1581340391570333 10239
Src : 683 683 1581340391609459 1581340391619644 10185
Src : 684 684 1581340391658809 1581340391669020 10211
Src : 685 685 1581340391708157 1581340391718377 10220
Src : 686 686 1581340391757533 1581340391767718 10185
Src : 687 687 1581340391806943 1581340391817146 10203
Src : 688 688 1581340391856294 1581340391866506 10212
Src : 689 689 1581340391905683 1581340391915853 10170
Src : 690 690 1581340391955001 1581340391965200 10199
Src : 691 691 1581340392004376 1581340392014566 10190
Src : 692 692 1581340392053767 1581340392063954 10187
Src : 693 693 1581340392103121 1581340392113325 10204
Src : 694 694 1581340392152471 1581340392162691 10220
Src : 695 695 1581340392201879 1581340392212065 10186
Src : 696 696 1581340392251264 1581340392261462 10198
Src : 697 697 1581340392300621 1581340392310811 10190
Src : 698 698 1581340392350003 1581340392360151 10148
Src : 699 699 1581340392399319 1581340392409561 10242
Src : 700 700 1581340392448681 1581340392458864 10183
Snk : 1 1 1581340358055558 1581340358065677 10119
Snk : 2 2 1581340358106147 1581340358116238 10091
Snk : 3 3 1581340358156193 1581340358166229 10036
Snk : 4 4 1581340358206042 1581340358216052 10010
Snk : 5 5 1581340358255450 1581340358265525 10075
Snk : 6 6 1581340358304899 1581340358314928 10029
Snk : 7 7 1581340358354347 1581340358364370 10023
Snk : 8 8 1581340358403684 1581340358413741 10057
Snk : 9 9 1581340358453078 1581340358463106 10028
Snk : 10 10 1581340358502675 1581340358512730 10055
Snk : 11 11 1581340358552046 1581340358562075 10029
Snk : 12 12 1581340358602363 1581340358612428 10065
Snk : 13 13 1581340358652097 1581340358662163 10066
Snk : 14 14 1581340358702008 1581340358712068 10060
Snk : 15 15 1581340358751601 1581340358761625 10024
Snk : 16 16 1581340358800972 1581340358810997 10025
Snk : 17 17 1581340358850422 1581340358860478 10056
Snk : 18 18 1581340358899784 1581340358909849 10065
Snk : 19 19 1581340358949204 1581340358959230 10026
Snk : 20 20 1581340358998560 1581340359008559 9999
Snk : 21 21 1581340359047847 1581340359057946 10099
Snk : 22 22 1581340359097258 1581340359107240 9982
Snk : 23 23 1581340359146591 1581340359156627 10036
Snk : 24 24 1581340359196663 1581340359206661 9998
Snk : 25 25 1581340359246037 1581340359256051 10014
Snk : 26 26 1581340359295705 1581340359305761 10056
Snk : 27 27 1581340359345088 1581340359355138 10050
Snk : 28 28 1581340359394481 1581340359404509 10028
Snk : 29 29 1581340359443806 1581340359453862 10056
Snk : 30 30 1581340359493231 1581340359503210 9979
Snk : 31 31 1581340359542645 1581340359552690 10045
Snk : 32 32 1581340359592001 1581340359601975 9974
Snk : 33 33 1581340359641352 1581340359651350 9998
Snk : 34 34 1581340359690663 1581340359700696 10033
Snk : 35 35 1581340359740108 1581340359750162 10054
Snk : 36 36 1581340359790151 1581340359800268 10117
Snk : 37 37 1581340359839927 1581340359849964 10037
Snk : 38 38 1581340359889803 1581340359899819 10016
Snk : 39 39 1581340359939513 1581340359949528 10015
Snk : 40 40 1581340359988926 1581340359998925 9999
Snk : 41 41 1581340360038253 1581340360048231 9978
Snk : 42 42 1581340360087596 1581340360097638 10042
Snk : 43 43 1581340360136960 1581340360146972 10012
Snk : 44 44 1581340360186316 1581340360196297 9981
Snk : 45 45 1581340360235621 1581340360245678 10057
Snk : 46 46 1581340360285021 1581340360295036 10015
Snk : 47 47 1581340360334376 1581340360344392 10016
Snk : 48 48 1581340360383914 1581340360394116 10202
Snk : 49 49 1581340360433535 1581340360443562 10027
Snk : 50 50 1581340360482876 1581340360492933 10057
Snk : 51 51 1581340360532243 1581340360542340 10097
Snk : 52 52 1581340360581722 1581340360591816 10094
Snk : 53 53 1581340360631473 1581340360641497 10024
Snk : 54 54 1581340360680849 1581340360690782 9933
Snk : 55 55 1581340360730154 1581340360740166 10012
Snk : 56 56 1581340360779547 1581340360789582 10035
Snk : 57 57 1581340360829089 1581340360839140 10051
Snk : 58 58 1581340360878466 1581340360888507 10041
Snk : 59 59 1581340360927809 1581340360937865 10056
Snk : 60 60 1581340360977212 1581340360987446 10234
Snk : 61 61 1581340361027022 1581340361037059 10037
Snk : 62 62 1581340361076666 1581340361086748 10082
Snk : 63 63 1581340361126146 1581340361136137 9991
Snk : 64 64 1581340361175465 1581340361185494 10029
Snk : 65 65 1581340361224839 1581340361234826 9987
Snk : 66 66 1581340361274182 1581340361284163 9981
Snk : 67 67 1581340361323537 1581340361333606 10069
Snk : 68 68 1581340361372906 1581340361382947 10041
Snk : 69 69 1581340361422272 1581340361432270 9998
Snk : 70 70 1581340361471646 1581340361481685 10039
Snk : 71 71 1581340361521101 1581340361531129 10028
Snk : 72 72 1581340361570507 1581340361580534 10027
Snk : 73 73 1581340361620742 1581340361630740 9998
Snk : 74 74 1581340361670086 1581340361680060 9974
Snk : 75 75 1581340361719378 1581340361729448 10070
Snk : 76 76 1581340361768795 1581340361778794 9999
Snk : 77 77 1581340361818145 1581340361828158 10013
Snk : 78 78 1581340361867417 1581340361877488 10071
Snk : 79 79 1581340361916803 1581340361926829 10026
Snk : 80 80 1581340361966179 1581340361976202 10023
Snk : 81 81 1581340362015512 1581340362025556 10044
Snk : 82 82 1581340362064924 1581340362074951 10027
Snk : 83 83 1581340362114295 1581340362124303 10008
Snk : 84 84 1581340362163645 1581340362173716 10071
Snk : 85 85 1581340362213946 1581340362223957 10011
Snk : 86 86 1581340362263819 1581340362273848 10029
Snk : 87 87 1581340362313654 1581340362323669 10015
Snk : 88 88 1581340362363011 1581340362373067 10056
Snk : 89 89 1581340362412344 1581340362422401 10057
Snk : 90 90 1581340362461719 1581340362471746 10027
Snk : 91 91 1581340362511048 1581340362521114 10066
Snk : 92 92 1581340362560492 1581340362570525 10033
Snk : 93 93 1581340362610019 1581340362620050 10031
Snk : 94 94 1581340362659619 1581340362669700 10081
Snk : 95 95 1581340362709021 1581340362719069 10048
Snk : 96 96 1581340362758528 1581340362768513 9985
Snk : 97 97 1581340362808585 1581340362818640 10055
Snk : 98 98 1581340362858453 1581340362868452 9999
Snk : 99 99 1581340362908215 1581340362918252 10037
Snk : 100 100 1581340362957627 1581340362967663 10036
Snk : 101 101 1581340363007113 1581340363017169 10056
Snk : 102 102 1581340363056480 1581340363066584 10104
Snk : 103 103 1581340363105959 1581340363115938 9979
Snk : 104 104 1581340363155271 1581340363165338 10067
Snk : 105 105 1581340363204696 1581340363214662 9966
Snk : 106 106 1581340363254019 1581340363264053 10034
Snk : 107 107 1581340363303361 1581340363313400 10039
Snk : 108 108 1581340363352795 1581340363362808 10013
Snk : 109 109 1581340363402839 1581340363412908 10069
Snk : 110 110 1581340363452607 1581340363462650 10043
Snk : 111 111 1581340363502536 1581340363512566 10030
Snk : 112 112 1581340363552057 1581340363562132 10075
Snk : 113 113 1581340363601497 1581340363611511 10014
Snk : 114 114 1581340363650824 1581340363660901 10077
Snk : 115 115 1581340363700230 1581340363710271 10041
Snk : 116 116 1581340363749621 1581340363759648 10027
Snk : 117 117 1581340363799018 1581340363809098 10080
Snk : 118 118 1581340363848423 1581340363858429 10006
Snk : 119 119 1581340363897802 1581340363907815 10013
Snk : 120 120 1581340363947094 1581340363957165 10071
Snk : 121 121 1581340363997001 1581340364007096 10095
Snk : 122 122 1581340364046470 1581340364056499 10029
Snk : 123 123 1581340364095848 1581340364105892 10044
Snk : 124 124 1581340364145216 1581340364155232 10016
Snk : 125 125 1581340364194606 1581340364204645 10039
Snk : 126 126 1581340364243978 1581340364254032 10054
Snk : 127 127 1581340364293386 1581340364303369 9983
Snk : 128 128 1581340364342770 1581340364352785 10015
Snk : 129 129 1581340364392443 1581340364402459 10016
Snk : 130 130 1581340364441828 1581340364451814 9986
Snk : 131 131 1581340364491207 1581340364501245 10038
Snk : 132 132 1581340364540511 1581340364550557 10046
Snk : 133 133 1581340364590180 1581340364600211 10031
Snk : 134 134 1581340364639804 1581340364649859 10055
Snk : 135 135 1581340364689260 1581340364699287 10027
Snk : 136 136 1581340364738624 1581340364748681 10057
Snk : 137 137 1581340364788041 1581340364798068 10027
Snk : 138 138 1581340364837603 1581340364847616 10013
Snk : 139 139 1581340364886967 1581340364897001 10034
Snk : 140 140 1581340364936308 1581340364946329 10021
Snk : 141 141 1581340364985661 1581340364995615 9954
Snk : 142 142 1581340365034921 1581340365044979 10058
Snk : 143 143 1581340365084297 1581340365094326 10029
Snk : 144 144 1581340365133655 1581340365143655 10000
Snk : 145 145 1581340365182983 1581340365193391 10408
Snk : 146 146 1581340365232970 1581340365242979 10009
Snk : 147 147 1581340365282335 1581340365292364 10029
Snk : 148 148 1581340365331712 1581340365341722 10010
Snk : 149 149 1581340365381084 1581340365391078 9994
Snk : 150 150 1581340365430438 1581340365440413 9975
Snk : 151 151 1581340365479773 1581340365489785 10012
Snk : 152 152 1581340365529178 1581340365539214 10036
Snk : 153 153 1581340365578589 1581340365588550 9961
Snk : 154 154 1581340365627906 1581340365637938 10032
Snk : 155 155 1581340365677283 1581340365687298 10015
Snk : 156 156 1581340365726797 1581340365736906 10109
Snk : 157 157 1581340365776365 1581340365786392 10027
Snk : 158 158 1581340365826430 1581340365836457 10027
Snk : 159 159 1581340365876258 1581340365886307 10049
Snk : 160 160 1581340365926150 1581340365936144 9994
Snk : 161 161 1581340365975461 1581340365985468 10007
Snk : 162 162 1581340366024837 1581340366034830 9993
Snk : 163 163 1581340366074182 1581340366084181 9999
Snk : 164 164 1581340366123493 1581340366133537 10044
Snk : 165 165 1581340366172853 1581340366182865 10012
Snk : 166 166 1581340366222193 1581340366232212 10019
Snk : 167 167 1581340366271758 1581340366281792 10034
Snk : 168 168 1581340366321132 1581340366331142 10010
Snk : 169 169 1581340366370570 1581340366380628 10058
Snk : 170 170 1581340366420938 1581340366430889 9951
Snk : 171 171 1581340366470763 1581340366480805 10042
Snk : 172 172 1581340366520577 1581340366530597 10020
Snk : 173 173 1581340366569972 1581340366579965 9993
Snk : 174 174 1581340366619292 1581340366629318 10026
Snk : 175 175 1581340366668631 1581340366678646 10015
Snk : 176 176 1581340366717997 1581340366728025 10028
Snk : 177 177 1581340366767362 1581340366777419 10057
Snk : 178 178 1581340366816785 1581340366826812 10027
Snk : 179 179 1581340366866169 1581340366876184 10015
Snk : 180 180 1581340366915527 1581340366925553 10026
Snk : 181 181 1581340366964916 1581340366974914 9998
Snk : 182 182 1581340367014968 1581340367024992 10024
Snk : 183 183 1581340367064374 1581340367074382 10008
Snk : 184 184 1581340367113864 1581340367123843 9979
Snk : 185 185 1581340367163184 1581340367173221 10037
Snk : 186 186 1581340367212488 1581340367222546 10058
Snk : 187 187 1581340367261901 1581340367271903 10002
Snk : 188 188 1581340367311190 1581340367321221 10031
Snk : 189 189 1581340367360634 1581340367370663 10029
Snk : 190 190 1581340367410003 1581340367420015 10012
Snk : 191 191 1581340367459322 1581340367469409 10087
Snk : 192 192 1581340367508754 1581340367518790 10036
Snk : 193 193 1581340367558131 1581340367568159 10028
Snk : 194 194 1581340367608248 1581340367618360 10112
Snk : 195 195 1581340367658158 1581340367668166 10008
Snk : 196 196 1581340367708043 1581340367718075 10032
Snk : 197 197 1581340367757440 1581340367767443 10003
Snk : 198 198 1581340367807051 1581340367817089 10038
Snk : 199 199 1581340367856408 1581340367866534 10126
Snk : 200 200 1581340367905862 1581340367915889 10027
Snk : 201 201 1581340367955184 1581340367965261 10077
Snk : 202 202 1581340368004723 1581340368014689 9966
Snk : 203 203 1581340368054034 1581340368064041 10007
Snk : 204 204 1581340368103364 1581340368113406 10042
Snk : 205 205 1581340368152741 1581340368162781 10040
Snk : 206 206 1581340368202481 1581340368212679 10198
Snk : 207 207 1581340368252002 1581340368262087 10085
Snk : 208 208 1581340368301407 1581340368311434 10027
Snk : 209 209 1581340368350768 1581340368360825 10057
Snk : 210 210 1581340368400157 1581340368410212 10055
Snk : 211 211 1581340368449540 1581340368459568 10028
Snk : 212 212 1581340368499085 1581340368509096 10011
Snk : 213 213 1581340368548417 1581340368558474 10057
Snk : 214 214 1581340368597902 1581340368607964 10062
Snk : 215 215 1581340368647270 1581340368657290 10020
Snk : 216 216 1581340368696671 1581340368706684 10013
Snk : 217 217 1581340368746058 1581340368756026 9968
Snk : 218 218 1581340368795876 1581340368805955 10079
Snk : 219 219 1581340368845873 1581340368855892 10019
Snk : 220 220 1581340368895696 1581340368905717 10021
Snk : 221 221 1581340368945317 1581340368955306 9989
Snk : 222 222 1581340368994680 1581340369004750 10070
Snk : 223 223 1581340369044044 1581340369054112 10068
Snk : 224 224 1581340369093480 1581340369103478 9998
Snk : 225 225 1581340369142841 1581340369152847 10006
Snk : 226 226 1581340369192173 1581340369202208 10035
Snk : 227 227 1581340369241547 1581340369251559 10012
Snk : 228 228 1581340369290854 1581340369300891 10037
Snk : 229 229 1581340369340243 1581340369350316 10073
Snk : 230 230 1581340369389643 1581340369399671 10028
Snk : 231 231 1581340369438989 1581340369449003 10014
Snk : 232 232 1581340369488417 1581340369498477 10060
Snk : 233 233 1581340369537890 1581340369547913 10023
Snk : 234 234 1581340369587382 1581340369597485 10103
Snk : 235 235 1581340369636884 1581340369646882 9998
Snk : 236 236 1581340369686224 1581340369696235 10011
Snk : 237 237 1581340369735581 1581340369745622 10041
Snk : 238 238 1581340369784944 1581340369794929 9985
Snk : 239 239 1581340369834361 1581340369844360 9999
Snk : 240 240 1581340369883694 1581340369893710 10016
Snk : 241 241 1581340369933015 1581340369943043 10028
Snk : 242 242 1581340369982393 1581340369992388 9995
Snk : 243 243 1581340370031682 1581340370041725 10043
Snk : 244 244 1581340370081107 1581340370091122 10015
Snk : 245 245 1581340370130461 1581340370140465 10004
Snk : 246 246 1581340370179792 1581340370189824 10032
Snk : 247 247 1581340370229103 1581340370239103 10000
Snk : 248 248 1581340370278475 1581340370288468 9993
Snk : 249 249 1581340370327749 1581340370337777 10028
Snk : 250 250 1581340370377172 1581340370387136 9964
Snk : 251 251 1581340370426484 1581340370436473 9989
Snk : 252 252 1581340370475784 1581340370485828 10044
Snk : 253 253 1581340370525133 1581340370535125 9992
Snk : 254 254 1581340370574492 1581340370584493 10001
Snk : 255 255 1581340370623962 1581340370634029 10067
Snk : 256 256 1581340370673411 1581340370683436 10025
Snk : 257 257 1581340370722779 1581340370732824 10045
Snk : 258 258 1581340370772127 1581340370782181 10054
Snk : 259 259 1581340370821524 1581340370831523 9999
Snk : 260 260 1581340370870848 1581340370880881 10033
Snk : 261 261 1581340370920194 1581340370930224 10030
Snk : 262 262 1581340370969602 1581340370979574 9972
Snk : 263 263 1581340371018901 1581340371028951 10050
Snk : 264 264 1581340371068311 1581340371078337 10026
Snk : 265 265 1581340371117650 1581340371127678 10028
Snk : 266 266 1581340371166965 1581340371177015 10050
Snk : 267 267 1581340371216303 1581340371226351 10048
Snk : 268 268 1581340371265718 1581340371275727 10009
Snk : 269 269 1581340371315038 1581340371325129 10091
Snk : 270 270 1581340371364514 1581340371374573 10059
Snk : 271 271 1581340371413937 1581340371423949 10012
Snk : 272 272 1581340371463231 1581340371473288 10057
Snk : 273 273 1581340371512650 1581340371522691 10041
Snk : 274 274 1581340371562049 1581340371572076 10027
Snk : 275 275 1581340371611429 1581340371621453 10024
Snk : 276 276 1581340371660842 1581340371670860 10018
Snk : 277 277 1581340371710132 1581340371720182 10050
Snk : 278 278 1581340371759497 1581340371769618 10121
Snk : 279 279 1581340371808995 1581340371818997 10002
Snk : 280 280 1581340371858364 1581340371868441 10077
Snk : 281 281 1581340371907746 1581340371917803 10057
Snk : 282 282 1581340371957139 1581340371967165 10026
Snk : 283 283 1581340372006488 1581340372016449 9961
Snk : 284 284 1581340372056007 1581340372066058 10051
Snk : 285 285 1581340372105391 1581340372115385 9994
Snk : 286 286 1581340372154710 1581340372164726 10016
Snk : 287 287 1581340372203992 1581340372214066 10074
Snk : 288 288 1581340372253364 1581340372263373 10009
Snk : 289 289 1581340372302736 1581340372312816 10080
Snk : 290 290 1581340372352207 1581340372362250 10043
Snk : 291 291 1581340372401627 1581340372411644 10017
Snk : 292 292 1581340372450956 1581340372460991 10035
Snk : 293 293 1581340372500337 1581340372510367 10030
Snk : 294 294 1581340372549701 1581340372559699 9998
Snk : 295 295 1581340372599021 1581340372609050 10029
Snk : 296 296 1581340372648335 1581340372658361 10026
Snk : 297 297 1581340372697736 1581340372707742 10006
Snk : 298 298 1581340372747110 1581340372757168 10058
Snk : 299 299 1581340372796505 1581340372806539 10034
Snk : 300 300 1581340372846149 1581340372856147 9998
Snk : 301 301 1581340372895499 1581340372905524 10025
Snk : 302 302 1581340372944908 1581340372954898 9990
Snk : 303 303 1581340372994895 1581340373005251 10356
Snk : 304 304 1581340373048185 1581340373058379 10194
Snk : 305 305 1581340373098866 1581340373109053 10187
Snk : 306 306 1581340373149076 1581340373159259 10183
Snk : 307 307 1581340373199118 1581340373209311 10193
Snk : 308 308 1581340373248918 1581340373258885 9967
Snk : 309 309 1581340373330534 1581340373340762 10228
Snk : 310 310 1581340373381286 1581340373391388 10102
Snk : 311 311 1581340373431849 1581340373441873 10024
Snk : 312 312 1581340373481244 1581340373491260 10016
Snk : 313 313 1581340373530689 1581340373540725 10036
Snk : 314 314 1581340373580065 1581340373590568 10503
Snk : 315 315 1581340373630254 1581340373640255 10001
Snk : 316 316 1581340373679602 1581340373689631 10029
Snk : 317 317 1581340373728965 1581340373738993 10028
Snk : 318 318 1581340373778353 1581340373788366 10013
Snk : 319 319 1581340373827735 1581340373837793 10058
Snk : 320 320 1581340373877147 1581340373887135 9988
Snk : 321 321 1581340373926494 1581340373936505 10011
Snk : 322 322 1581340373975847 1581340373985867 10020
Snk : 323 323 1581340374025145 1581340374035158 10013
Snk : 324 324 1581340374074524 1581340374084535 10011
Snk : 325 325 1581340374123816 1581340374133865 10049
Snk : 326 326 1581340374173226 1581340374183253 10027
Snk : 327 327 1581340374223437 1581340374233463 10026
Snk : 328 328 1581340374272840 1581340374282850 10010
Snk : 329 329 1581340374322219 1581340374332229 10010
Snk : 330 330 1581340374371659 1581340374381691 10032
Snk : 331 331 1581340374421026 1581340374431025 9999
Snk : 332 332 1581340374470374 1581340374480387 10013
Snk : 333 333 1581340374519701 1581340374529772 10071
Snk : 334 334 1581340374569100 1581340374579126 10026
Snk : 335 335 1581340374618588 1581340374628568 9980
Snk : 336 336 1581340374667919 1581340374677942 10023
Snk : 337 337 1581340374717464 1581340374727503 10039
Snk : 338 338 1581340374766913 1581340374776989 10076
Snk : 339 339 1581340374817356 1581340374827363 10007
Snk : 340 340 1581340374867338 1581340374877393 10055
Snk : 341 341 1581340374917182 1581340374927169 9987
Snk : 342 342 1581340374966502 1581340374976519 10017
Snk : 343 343 1581340375015819 1581340375025844 10025
Snk : 344 344 1581340375065169 1581340375075225 10056
Snk : 345 345 1581340375114534 1581340375124518 9984
Snk : 346 346 1581340375163851 1581340375173926 10075
Snk : 347 347 1581340375213253 1581340375223266 10013
Snk : 348 348 1581340375262629 1581340375272704 10075
Snk : 349 349 1581340375312010 1581340375322047 10037
Snk : 350 350 1581340375361439 1581340375371479 10040
Snk : 351 351 1581340375411436 1581340375421495 10059
Snk : 352 352 1581340375460856 1581340375470846 9990
Snk : 353 353 1581340375510196 1581340375520243 10047
Snk : 354 354 1581340375559737 1581340375569746 10009
Snk : 355 355 1581340375609083 1581340375619082 9999
Snk : 356 356 1581340375658385 1581340375668400 10015
Snk : 357 357 1581340375707701 1581340375717731 10030
Snk : 358 358 1581340375757094 1581340375767121 10027
Snk : 359 359 1581340375806537 1581340375816562 10025
Snk : 360 360 1581340375856039 1581340375866152 10113
Snk : 361 361 1581340375905497 1581340375915494 9997
Snk : 362 362 1581340375954859 1581340375964916 10057
Snk : 363 363 1581340376004898 1581340376014956 10058
Snk : 364 364 1581340376054307 1581340376064319 10012
Snk : 365 365 1581340376103660 1581340376113683 10023
Snk : 366 366 1581340376152979 1581340376162977 9998
Snk : 367 367 1581340376202341 1581340376212320 9979
Snk : 368 368 1581340376251625 1581340376261663 10038
Snk : 369 369 1581340376300967 1581340376310995 10028
Snk : 370 370 1581340376350379 1581340376360398 10019
Snk : 371 371 1581340376399772 1581340376409798 10026
Snk : 372 372 1581340376449131 1581340376459172 10041
Snk : 373 373 1581340376498591 1581340376508649 10058
Snk : 374 374 1581340376547940 1581340376558011 10071
Snk : 375 375 1581340376597635 1581340376607798 10163
Snk : 376 376 1581340376647150 1581340376657124 9974
Snk : 377 377 1581340376696501 1581340376706523 10022
Snk : 378 378 1581340376745878 1581340376755874 9996
Snk : 379 379 1581340376795211 1581340376805310 10099
Snk : 380 380 1581340376844931 1581340376854935 10004
Snk : 381 381 1581340376894295 1581340376904299 10004
Snk : 382 382 1581340376943624 1581340376953641 10017
Snk : 383 383 1581340376993017 1581340377003014 9997
Snk : 384 384 1581340377042365 1581340377052368 10003
Snk : 385 385 1581340377091700 1581340377101756 10056
Snk : 386 386 1581340377141053 1581340377151024 9971
Snk : 387 387 1581340377190422 1581340377200540 10118
Snk : 388 388 1581340377240068 1581340377250102 10034
Snk : 389 389 1581340377289461 1581340377299444 9983
Snk : 390 390 1581340377338821 1581340377348842 10021
Snk : 391 391 1581340377388145 1581340377398165 10020
Snk : 392 392 1581340377437481 1581340377447494 10013
Snk : 393 393 1581340377486864 1581340377496901 10037
Snk : 394 394 1581340377536284 1581340377546335 10051
Snk : 395 395 1581340377585705 1581340377595709 10004
Snk : 396 396 1581340377635038 1581340377645096 10058
Snk : 397 397 1581340377684432 1581340377694468 10036
Snk : 398 398 1581340377734161 1581340377744140 9979
Snk : 399 399 1581340377783607 1581340377794028 10421
Snk : 400 400 1581340377833835 1581340377843820 9985
Snk : 401 401 1581340377883618 1581340377893676 10058
Snk : 402 402 1581340377933464 1581340377943491 10027
Snk : 403 403 1581340377982846 1581340377992884 10038
Snk : 404 404 1581340378032339 1581340378042387 10048
Snk : 405 405 1581340378081776 1581340378091776 10000
Snk : 406 406 1581340378131079 1581340378141135 10056
Snk : 407 407 1581340378180451 1581340378190496 10045
Snk : 408 408 1581340378229811 1581340378239795 9984
Snk : 409 409 1581340378279165 1581340378289174 10009
Snk : 410 410 1581340378328535 1581340378338580 10045
Snk : 411 411 1581340378377961 1581340378387941 9980
Snk : 412 412 1581340378428027 1581340378438058 10031
Snk : 413 413 1581340378477363 1581340378487448 10085
Snk : 414 414 1581340378526898 1581340378536896 9998
Snk : 415 415 1581340378576333 1581340378586390 10057
Snk : 416 416 1581340378625731 1581340378635757 10026
Snk : 417 417 1581340378675045 1581340378685099 10054
Snk : 418 418 1581340378724521 1581340378734558 10037
Snk : 419 419 1581340378773871 1581340378783951 10080
Snk : 420 420 1581340378823314 1581340378833340 10026
Snk : 421 421 1581340378872699 1581340378882680 9981
Snk : 422 422 1581340378922046 1581340378932030 9984
Snk : 423 423 1581340378971368 1581340378981445 10077
Snk : 424 424 1581340379021619 1581340379031673 10054
Snk : 425 425 1581340379071047 1581340379081104 10057
Snk : 426 426 1581340379120411 1581340379130427 10016
Snk : 427 427 1581340379169783 1581340379179820 10037
Snk : 428 428 1581340379219152 1581340379229199 10047
Snk : 429 429 1581340379268504 1581340379278516 10012
Snk : 430 430 1581340379317857 1581340379327834 9977
Snk : 431 431 1581340379367160 1581340379377190 10030
Snk : 432 432 1581340379416519 1581340379426566 10047
Snk : 433 433 1581340379465896 1581340379475922 10026
Snk : 434 434 1581340379515215 1581340379525337 10122
Snk : 435 435 1581340379564603 1581340379574629 10026
Snk : 436 436 1581340379614811 1581340379624838 10027
Snk : 437 437 1581340379664676 1581340379674745 10069
Snk : 438 438 1581340379714582 1581340379724667 10085
Snk : 439 439 1581340379763920 1581340379773951 10031
Snk : 440 440 1581340379813307 1581340379823318 10011
Snk : 441 441 1581340379862647 1581340379872703 10056
Snk : 442 442 1581340379912028 1581340379922055 10027
Snk : 443 443 1581340379961383 1581340379971349 9966
Snk : 444 444 1581340380010897 1581340380021059 10162
Snk : 445 445 1581340380060441 1581340380070490 10049
Snk : 446 446 1581340380109809 1581340380119823 10014
Snk : 447 447 1581340380159137 1581340380169181 10044
Snk : 448 448 1581340380209196 1581340380219196 10000
Snk : 449 449 1581340380258588 1581340380268686 10098
Snk : 450 450 1581340380308033 1581340380318073 10040
Snk : 451 451 1581340380357389 1581340380367340 9951
Snk : 452 452 1581340380406724 1581340380416739 10015
Snk : 453 453 1581340380456043 1581340380466070 10027
Snk : 454 454 1581340380505421 1581340380515420 9999
Snk : 455 455 1581340380554763 1581340380564821 10058
Snk : 456 456 1581340380604122 1581340380614165 10043
Snk : 457 457 1581340380653470 1581340380663485 10015
Snk : 458 458 1581340380702828 1581340380712887 10059
Snk : 459 459 1581340380752216 1581340380762251 10035
Snk : 460 460 1581340380801789 1581340380811878 10089
Snk : 461 461 1581340380851436 1581340380861466 10030
Snk : 462 462 1581340380900812 1581340380910797 9985
Snk : 463 463 1581340380950129 1581340380960127 9998
Snk : 464 464 1581340380999443 1581340381009471 10028
Snk : 465 465 1581340381048797 1581340381058796 9999
Snk : 466 466 1581340381098157 1581340381108165 10008
Snk : 467 467 1581340381147475 1581340381157516 10041
Snk : 468 468 1581340381196854 1581340381206851 9997
Snk : 469 469 1581340381246183 1581340381256211 10028
Snk : 470 470 1581340381295538 1581340381305609 10071
Snk : 471 471 1581340381344968 1581340381354996 10028
Snk : 472 472 1581340381394400 1581340381404828 10428
Snk : 473 473 1581340381444406 1581340381454463 10057
Snk : 474 474 1581340381493839 1581340381503902 10063
Snk : 475 475 1581340381543219 1581340381553248 10029
Snk : 476 476 1581340381592748 1581340381602738 9990
Snk : 477 477 1581340381642302 1581340381652300 9998
Snk : 478 478 1581340381691599 1581340381701657 10058
Snk : 479 479 1581340381741003 1581340381750998 9995
Snk : 480 480 1581340381790348 1581340381800325 9977
Snk : 481 481 1581340381839721 1581340381849765 10044
Snk : 482 482 1581340381889098 1581340381899126 10028
Snk : 483 483 1581340381938465 1581340381948492 10027
Snk : 484 484 1581340381987830 1581340381998141 10311
Snk : 485 485 1581340382038030 1581340382048029 9999
Snk : 486 486 1581340382087434 1581340382097462 10028
Snk : 487 487 1581340382136814 1581340382146785 9971
Snk : 488 488 1581340382186178 1581340382196146 9968
Snk : 489 489 1581340382235466 1581340382245510 10044
Snk : 490 490 1581340382284884 1581340382294883 9999
Snk : 491 491 1581340382334182 1581340382344163 9981
Snk : 492 492 1581340382383494 1581340382393533 10039
Snk : 493 493 1581340382432866 1581340382442874 10008
Snk : 494 494 1581340382482256 1581340382492283 10027
Snk : 495 495 1581340382531600 1581340382541663 10063
Snk : 496 496 1581340382581021 1581340382591012 9991
Snk : 497 497 1581340382631192 1581340382641193 10001
Snk : 498 498 1581340382680524 1581340382690556 10032
Snk : 499 499 1581340382730036 1581340382740019 9983
Snk : 500 500 1581340382779362 1581340382789433 10071
Snk : 501 501 1581340382828835 1581340382838832 9997
Snk : 502 502 1581340382878152 1581340382888169 10017
Snk : 503 503 1581340382927437 1581340382937482 10045
Snk : 504 504 1581340382976817 1581340382986863 10046
Snk : 505 505 1581340383026365 1581340383036373 10008
Snk : 506 506 1581340383075775 1581340383085818 10043
Snk : 507 507 1581340383125144 1581340383135124 9980
Snk : 508 508 1581340383174484 1581340383184511 10027
Snk : 509 509 1581340383224609 1581340383234622 10013
Snk : 510 510 1581340383273988 1581340383283987 9999
Snk : 511 511 1581340383323308 1581340383333390 10082
Snk : 512 512 1581340383372662 1581340383382713 10051
Snk : 513 513 1581340383421982 1581340383432011 10029
Snk : 514 514 1581340383471356 1581340383481463 10107
Snk : 515 515 1581340383520901 1581340383530936 10035
Snk : 516 516 1581340383570274 1581340383580325 10051
Snk : 517 517 1581340383619686 1581340383629722 10036
Snk : 518 518 1581340383669057 1581340383679080 10023
Snk : 519 519 1581340383718409 1581340383728447 10038
Snk : 520 520 1581340383767794 1581340383777852 10058
Snk : 521 521 1581340383818024 1581340383828022 9998
Snk : 522 522 1581340383867362 1581340383877456 10094
Snk : 523 523 1581340383916735 1581340383926752 10017
Snk : 524 524 1581340383966031 1581340383976057 10026
Snk : 525 525 1581340384015376 1581340384025417 10041
Snk : 526 526 1581340384064757 1581340384074799 10042
Snk : 527 527 1581340384114146 1581340384124187 10041
Snk : 528 528 1581340384163521 1581340384173578 10057
Snk : 529 529 1581340384212940 1581340384222940 10000
Snk : 530 530 1581340384262271 1581340384272280 10009
Snk : 531 531 1581340384311609 1581340384321663 10054
Snk : 532 532 1581340384361021 1581340384371019 9998
Snk : 533 533 1581340384410351 1581340384420345 9994
Snk : 534 534 1581340384459669 1581340384469719 10050
Snk : 535 535 1581340384509251 1581340384519274 10023
Snk : 536 536 1581340384558585 1581340384568596 10011
Snk : 537 537 1581340384608009 1581340384618082 10073
Snk : 538 538 1581340384657433 1581340384667444 10011
Snk : 539 539 1581340384707037 1581340384717110 10073
Snk : 540 540 1581340384756539 1581340384766582 10043
Snk : 541 541 1581340384805994 1581340384815982 9988
Snk : 542 542 1581340384855441 1581340384865466 10025
Snk : 543 543 1581340384904811 1581340384914761 9950
Snk : 544 544 1581340384954109 1581340384964082 9973
Snk : 545 545 1581340385003403 1581340385013448 10045
Snk : 546 546 1581340385052762 1581340385062774 10012
Snk : 547 547 1581340385102102 1581340385112113 10011
Snk : 548 548 1581340385151439 1581340385161483 10044
Snk : 549 549 1581340385200845 1581340385210886 10041
Snk : 550 550 1581340385250210 1581340385260252 10042
Snk : 551 551 1581340385299589 1581340385309647 10058
Snk : 552 552 1581340385348982 1581340385358962 9980
Snk : 553 553 1581340385398318 1581340385408297 9979
Snk : 554 554 1581340385447604 1581340385457632 10028
Snk : 555 555 1581340385497010 1581340385507045 10035
Snk : 556 556 1581340385546415 1581340385556414 9999
Snk : 557 557 1581340385595726 1581340385605769 10043
Snk : 558 558 1581340385645089 1581340385655073 9984
Snk : 559 559 1581340385694453 1581340385704476 10023
Snk : 560 560 1581340385743814 1581340385753842 10028
Snk : 561 561 1581340385793196 1581340385803205 10009
Snk : 562 562 1581340385842590 1581340385852659 10069
Snk : 563 563 1581340385891990 1581340385902031 10041
Snk : 564 564 1581340385941339 1581340385951318 9979
Snk : 565 565 1581340385990702 1581340386000729 10027
Snk : 566 566 1581340386040034 1581340386050061 10027
Snk : 567 567 1581340386089425 1581340386099397 9972
Snk : 568 568 1581340386138757 1581340386148815 10058
Snk : 569 569 1581340386188166 1581340386198203 10037
Snk : 570 570 1581340386237500 1581340386247529 10029
Snk : 571 571 1581340386286860 1581340386296916 10056
Snk : 572 572 1581340386336207 1581340386346251 10044
Snk : 573 573 1581340386385565 1581340386395600 10035
Snk : 574 574 1581340386434932 1581340386444955 10023
Snk : 575 575 1581340386484291 1581340386494342 10051
Snk : 576 576 1581340386533648 1581340386543652 10004
Snk : 577 577 1581340386582974 1581340386593028 10054
Snk : 578 578 1581340386632348 1581340386642363 10015
Snk : 579 579 1581340386681695 1581340386691701 10006
Snk : 580 580 1581340386731183 1581340386741228 10045
Snk : 581 581 1581340386780515 1581340386790589 10074
Snk : 582 582 1581340386829972 1581340386839986 10014
Snk : 583 583 1581340386879316 1581340386889340 10024
Snk : 584 584 1581340386928746 1581340386938749 10003
Snk : 585 585 1581340386978108 1581340386988152 10044
Snk : 586 586 1581340387027461 1581340387037527 10066
Snk : 587 587 1581340387076913 1581340387086925 10012
Snk : 588 588 1581340387126287 1581340387136275 9988
Snk : 589 589 1581340387175591 1581340387185660 10069
Snk : 590 590 1581340387225003 1581340387234975 9972
Snk : 591 591 1581340387274349 1581340387284308 9959
Snk : 592 592 1581340387323651 1581340387333667 10016
Snk : 593 593 1581340387372965 1581340387382982 10017
Snk : 594 594 1581340387422328 1581340387432358 10030
Snk : 595 595 1581340387471684 1581340387481732 10048
Snk : 596 596 1581340387521089 1581340387531131 10042
Snk : 597 597 1581340387570454 1581340387580472 10018
Snk : 598 598 1581340387619809 1581340387629863 10054
Snk : 599 599 1581340387669201 1581340387679228 10027
Snk : 600 600 1581340387718574 1581340387728619 10045
Snk : 601 601 1581340387767884 1581340387777975 10091
Snk : 602 602 1581340387817514 1581340387827511 9997
Snk : 603 603 1581340387866852 1581340387876953 10101
Snk : 604 604 1581340387916244 1581340387926315 10071
Snk : 605 605 1581340387965613 1581340387975628 10015
Snk : 606 606 1581340388015217 1581340388025210 9993
Snk : 607 607 1581340388064559 1581340388074620 10061
Snk : 608 608 1581340388113945 1581340388123985 10040
Snk : 609 609 1581340388163310 1581340388173356 10046
Snk : 610 610 1581340388212683 1581340388222673 9990
Snk : 611 611 1581340388261996 1581340388271958 9962
Snk : 612 612 1581340388311314 1581340388321341 10027
Snk : 613 613 1581340388360671 1581340388370683 10012
Snk : 614 614 1581340388410052 1581340388420035 9983
Snk : 615 615 1581340388459341 1581340388469398 10057
Snk : 616 616 1581340388508911 1581340388518943 10032
Snk : 617 617 1581340388558259 1581340388568289 10030
Snk : 618 618 1581340388607641 1581340388617662 10021
Snk : 619 619 1581340388657016 1581340388667045 10029
Snk : 620 620 1581340388706396 1581340388716424 10028
Snk : 621 621 1581340388755776 1581340388765798 10022
Snk : 622 622 1581340388805342 1581340388815333 9991
Snk : 623 623 1581340388854824 1581340388864834 10010
Snk : 624 624 1581340388904199 1581340388914228 10029
Snk : 625 625 1581340388953591 1581340388963577 9986
Snk : 626 626 1581340389002894 1581340389012949 10055
Snk : 627 627 1581340389052214 1581340389062272 10058
Snk : 628 628 1581340389101600 1581340389111609 10009
Snk : 629 629 1581340389150936 1581340389160982 10046
Snk : 630 630 1581340389200287 1581340389210309 10022
Snk : 631 631 1581340389249636 1581340389259658 10022
Snk : 632 632 1581340389298983 1581340389309055 10072
Snk : 633 633 1581340389348376 1581340389358434 10058
Snk : 634 634 1581340389397792 1581340389407777 9985
Snk : 635 635 1581340389447044 1581340389457072 10028
Snk : 636 636 1581340389496445 1581340389506551 10106
Snk : 637 637 1581340389545904 1581340389555883 9979
Snk : 638 638 1581340389595211 1581340389605219 10008
Snk : 639 639 1581340389644543 1581340389654601 10058
Snk : 640 640 1581340389693904 1581340389703931 10027
Snk : 641 641 1581340389743297 1581340389753348 10051
Snk : 642 642 1581340389792772 1581340389802749 9977
Snk : 643 643 1581340389842162 1581340389852185 10023
Snk : 644 644 1581340389891535 1581340389901578 10043
Snk : 645 645 1581340389940916 1581340389950890 9974
Snk : 646 646 1581340389990235 1581340390000247 10012
Snk : 647 647 1581340390039562 1581340390049599 10037
Snk : 648 648 1581340390088971 1581340390098963 9992
Snk : 649 649 1581340390138299 1581340390148299 10000
Snk : 650 650 1581340390187587 1581340390197672 10085
Snk : 651 651 1581340390236981 1581340390247013 10032
Snk : 652 652 1581340390286393 1581340390296379 9986
Snk : 653 653 1581340390335711 1581340390345759 10048
Snk : 654 654 1581340390385110 1581340390395165 10055
Snk : 655 655 1581340390434479 1581340390444507 10028
Snk : 656 656 1581340390483853 1581340390493921 10068
Snk : 657 657 1581340390533248 1581340390543230 9982
Snk : 658 658 1581340390582569 1581340390592588 10019
Snk : 659 659 1581340390631900 1581340390641888 9988
Snk : 660 660 1581340390681284 1581340390691264 9980
Snk : 661 661 1581340390731129 1581340390741178 10049
Snk : 662 662 1581340390780497 1581340390790536 10039
Snk : 663 663 1581340390829988 1581340390839975 9987
Snk : 664 664 1581340390879344 1581340390889389 10045
Snk : 665 665 1581340390928744 1581340390938744 10000
Snk : 666 666 1581340390978122 1581340390988149 10027
Snk : 667 667 1581340391027467 1581340391037525 10058
Snk : 668 668 1581340391076919 1581340391086899 9980
Snk : 669 669 1581340391126223 1581340391136203 9980
Snk : 670 670 1581340391175491 1581340391185499 10008
Snk : 671 671 1581340391224879 1581340391234850 9971
Snk : 672 672 1581340391274249 1581340391284221 9972
Snk : 673 673 1581340391323557 1581340391333601 10044
Snk : 674 674 1581340391372880 1581340391382907 10027
Snk : 675 675 1581340391422230 1581340391432226 9996
Snk : 676 676 1581340391471530 1581340391481607 10077
Snk : 677 677 1581340391520970 1581340391531009 10039
Snk : 678 678 1581340391570339 1581340391580367 10028
Snk : 679 679 1581340391619683 1581340391629739 10056
Snk : 680 680 1581340391669062 1581340391679077 10015
Snk : 681 681 1581340391718401 1581340391728381 9980
Snk : 682 682 1581340391767761 1581340391777788 10027
Snk : 683 683 1581340391817190 1581340391827175 9985
Snk : 684 684 1581340391866545 1581340391876589 10044
Snk : 685 685 1581340391915894 1581340391925940 10046
Snk : 686 686 1581340391965267 1581340391975279 10012
Snk : 687 687 1581340392014633 1581340392024648 10015
Snk : 688 688 1581340392063990 1581340392074041 10051
Snk : 689 689 1581340392113365 1581340392123395 10030
Snk : 690 690 1581340392162735 1581340392172771 10036
Snk : 691 691 1581340392212111 1581340392222173 10062
Snk : 692 692 1581340392261492 1581340392271491 9999
Snk : 693 693 1581340392310834 1581340392320866 10032
Snk : 694 694 1581340392360190 1581340392370190 10000
Snk : 695 695 1581340392409563 1581340392419575 10012
Snk : 696 696 1581340392458908 1581340392469002 10094
Snk : 697 697 1581340392508083 1581340392518072 9989
Snk : 698 698 1581340392557109 1581340392567097 9988
Snk : 699 699 1581340392606186 1581340392616185 9999
Snk : 700 700 1581340392655002 1581340392664850 9848
