Src : 1 1 1581675958304437 1581675958317426 12989
Src : 2 2 1581675958317458 1581675958327946 10488
Src : 3 3 1581675958327976 1581675958338183 10207
Src : 4 4 1581675958338187 1581675958348299 10112
Src : 5 5 1581675958348303 1581675958358856 10553
Src : 6 6 1581675958358860 1581675958368872 10012
Src : 7 7 1581675958368874 1581675958379842 10968
Src : 8 8 1581675958379845 1581675958389947 10102
Src : 9 9 1581675958389950 1581675958400043 10093
Src : 10 10 1581675958423538 1581675958433689 10151
Src : 11 11 1581675958474065 1581675958484226 10161
Src : 12 12 1581675958523210 1581675958533401 10191
Src : 13 13 1581675958572349 1581675958582539 10190
Src : 14 14 1581675958621796 1581675958631971 10175
Src : 15 15 1581675958671092 1581675958681248 10156
Src : 16 16 1581675958721153 1581675958731359 10206
Src : 17 17 1581675958770571 1581675958780735 10164
Src : 18 18 1581675958819730 1581675958829860 10130
Src : 19 19 1581675958869625 1581675958879842 10217
Src : 20 20 1581675958918999 1581675958929165 10166
Src : 21 21 1581675958968087 1581675958978256 10169
Src : 22 22 1581675959017186 1581675959027312 10126
Src : 23 23 1581675959066265 1581675959076413 10148
Src : 24 24 1581675959115458 1581675959125646 10188
Src : 25 25 1581675959164566 1581675959174751 10185
Src : 26 26 1581675959213683 1581675959223805 10122
Src : 27 27 1581675959262763 1581675959272921 10158
Src : 28 28 1581675959311872 1581675959322009 10137
Src : 29 29 1581675959360967 1581675959371085 10118
Src : 30 30 1581675959410019 1581675959420111 10092
Src : 31 31 1581675959459163 1581675959469518 10355
Src : 32 32 1581675959508720 1581675959518890 10170
Src : 33 33 1581675959557832 1581675959567975 10143
Src : 34 34 1581675959606939 1581675959617064 10125
Src : 35 35 1581675959656019 1581675959666159 10140
Src : 36 36 1581675959705133 1581675959715271 10138
Src : 37 37 1581675959754211 1581675959764349 10138
Src : 38 38 1581675959803346 1581675959813513 10167
Src : 39 39 1581675959852448 1581675959862625 10177
Src : 40 40 1581675959901812 1581675959911966 10154
Snk : 1 1 1581675958373867 1581675958383993 10126
Snk : 2 2 1581675958423601 1581675958433732 10131
Snk : 3 3 1581675958474127 1581675958484282 10155
Snk : 4 4 1581675958523247 1581675958533422 10175
Snk : 5 5 1581675958572389 1581675958582587 10198
Snk : 6 6 1581675958621832 1581675958632020 10188
Snk : 7 7 1581675958671130 1581675958681262 10132
Snk : 8 8 1581675958721190 1581675958731425 10235
Snk : 9 9 1581675958770609 1581675958780771 10162
Snk : 10 10 1581675958819769 1581675958829872 10103
Snk : 11 11 1581675958869673 1581675958879836 10163
Snk : 12 12 1581675958919023 1581675958929175 10152
Snk : 13 13 1581675958968126 1581675958978312 10186
Snk : 14 14 1581675959017224 1581675959027361 10137
Snk : 15 15 1581675959066302 1581675959076428 10126
Snk : 16 16 1581675959115494 1581675959125651 10157
Snk : 17 17 1581675959164623 1581675959174806 10183
Snk : 18 18 1581675959213719 1581675959223885 10166
Snk : 19 19 1581675959262800 1581675959272970 10170
Snk : 20 20 1581675959311910 1581675959322028 10118
Snk : 21 21 1581675959361015 1581675959371154 10139
Snk : 22 22 1581675959410056 1581675959420183 10127
Snk : 23 23 1581675959459211 1581675959469595 10384
Snk : 24 24 1581675959508757 1581675959518882 10125
Snk : 25 25 1581675959557908 1581675959568048 10140
Snk : 26 26 1581675959606976 1581675959617131 10155
Snk : 27 27 1581675959656058 1581675959666227 10169
Snk : 28 28 1581675959705170 1581675959715338 10168
Snk : 29 29 1581675959754251 1581675959764396 10145
Snk : 30 30 1581675959803384 1581675959813591 10207
Snk : 31 31 1581675959852487 1581675959862637 10150
Snk : 32 32 1581675959901848 1581675959912000 10152
Snk : 33 33 1581675959951032 1581675959960966 9934
Snk : 34 34 1581675959999758 1581675960010256 10498
Snk : 35 35 1581675960049267 1581675960059222 9955
Snk : 36 36 1581675960099204 1581675960109208 10004
Snk : 37 37 1581675960148103 1581675960157990 9887
Snk : 38 38 1581675960196814 1581675960206710 9896
Snk : 39 39 1581675960245511 1581675960255425 9914
Snk : 40 40 1581675960294290 1581675960304051 9761
