Src : 1 1 1581676008443221 1581676008457240 14019
Src : 2 2 1581676008457282 1581676008468048 10766
Src : 3 3 1581676008468054 1581676008478378 10324
Src : 4 4 1581676008478388 1581676008488709 10321
Src : 5 5 1581676008488712 1581676008498996 10284
Src : 6 6 1581676008499016 1581676008509275 10259
Src : 7 7 1581676008509277 1581676008519474 10197
Src : 8 8 1581676008519477 1581676008529607 10130
Src : 9 9 1581676008529609 1581676008539679 10070
Src : 10 10 1581676008564326 1581676008574556 10230
Src : 11 11 1581676008614997 1581676008625175 10178
Src : 12 12 1581676008665649 1581676008675847 10198
Src : 13 13 1581676008714802 1581676008725008 10206
Src : 14 14 1581676008764004 1581676008774217 10213
Src : 15 15 1581676008813355 1581676008823542 10187
Src : 16 16 1581676008862619 1581676008872819 10200
Src : 17 17 1581676008911717 1581676008921933 10216
Src : 18 18 1581676008960939 1581676008971119 10180
Src : 19 19 1581676009010111 1581676009020294 10183
Src : 20 20 1581676009060253 1581676009070438 10185
Src : 21 21 1581676009109413 1581676009119596 10183
Src : 22 22 1581676009158497 1581676009168701 10204
Src : 23 23 1581676009207682 1581676009217892 10210
Src : 24 24 1581676009256829 1581676009267005 10176
Src : 25 25 1581676009305961 1581676009316137 10176
Src : 26 26 1581676009355098 1581676009365312 10214
Src : 27 27 1581676009404299 1581676009414510 10211
Src : 28 28 1581676009453690 1581676009463912 10222
Src : 29 29 1581676009505263 1581676009515581 10318
Src : 30 30 1581676009916155 1581676009926061 9906
Src : 31 31 1581676009926069 1581676009936443 10374
Src : 32 32 1581676009936452 1581676009946788 10336
Src : 33 33 1581676009946795 1581676009957313 10518
Src : 34 34 1581676009957323 1581676009967514 10191
Src : 35 35 1581676009967518 1581676009977562 10044
Src : 36 36 1581676009977578 1581676009987823 10245
Src : 37 37 1581676009987826 1581676009997970 10144
Src : 38 38 1581676009997973 1581676010008070 10097
Src : 39 39 1581676010032692 1581676010042859 10167
Src : 40 40 1581676010083171 1581676010093377 10206
Snk : 1 1 1581676008513761 1581676008523941 10180
Snk : 2 2 1581676008564395 1581676008574599 10204
Snk : 3 3 1581676008615031 1581676008625206 10175
Snk : 4 4 1581676008665710 1581676008675873 10163
Snk : 5 5 1581676008714836 1581676008725024 10188
Snk : 6 6 1581676008764035 1581676008774252 10217
Snk : 7 7 1581676008813384 1581676008823577 10193
Snk : 8 8 1581676008862599 1581676008872801 10202
Snk : 9 9 1581676008911749 1581676008921947 10198
Snk : 10 10 1581676008960971 1581676008971157 10186
Snk : 11 11 1581676009010140 1581676009020314 10174
Snk : 12 12 1581676009060284 1581676009070486 10202
Snk : 13 13 1581676009109447 1581676009119633 10186
Snk : 14 14 1581676009158526 1581676009168715 10189
Snk : 15 15 1581676009207699 1581676009217896 10197
Snk : 16 16 1581676009256867 1581676009267053 10186
Snk : 17 17 1581676009305988 1581676009316158 10170
Snk : 18 18 1581676009355131 1581676009365328 10197
Snk : 19 19 1581676009404331 1581676009414525 10194
Snk : 20 20 1581676009453616 1581676009463902 10286
Snk : 21 21 1581676009505873 1581676009516184 10311
Snk : 22 22 1581676009556609 1581676009566704 10095
Snk : 23 23 1581676009606648 1581676009616809 10161
Snk : 24 24 1581676009657196 1581676009667308 10112
Snk : 25 25 1581676009706962 1581676009717116 10154
Snk : 26 26 1581676009756701 1581676009766763 10062
Snk : 27 27 1581676009806352 1581676009816484 10132
Snk : 28 28 1581676009856117 1581676009866185 10068
Snk : 29 29 1581676009905727 1581676009915633 9906
Snk : 30 30 1581676009981981 1581676009992190 10209
Snk : 31 31 1581676010032728 1581676010042902 10174
Snk : 32 32 1581676010083171 1581676010093367 10196
Snk : 33 33 1581676010132590 1581676010142506 9916
Snk : 34 34 1581676010181369 1581676010191276 9907
Snk : 35 35 1581676010230134 1581676010240054 9920
Snk : 36 36 1581676010279910 1581676010289917 10007
Snk : 37 37 1581676010328806 1581676010338756 9950
Snk : 38 38 1581676010377570 1581676010387576 10006
Snk : 39 39 1581676010426377 1581676010436354 9977
Snk : 40 40 1581676010475098 1581676010484881 9783
