Src : 1 1 1581341821643291 1581341821658021 14730
Src : 2 2 1581341821658065 1581341821669211 11146
Src : 3 3 1581341821669229 1581341821680296 11067
Src : 4 4 1581341821680302 1581341821691580 11278
Src : 5 5 1581341821691588 1581341821702700 11112
Src : 6 6 1581341821702705 1581341821713213 10508
Src : 7 7 1581341821713216 1581341821724214 10998
Src : 8 8 1581341821724217 1581341821734522 10305
Src : 9 9 1581341821734525 1581341821748727 14202
Src : 10 10 1581341821766390 1581341821776699 10309
Src : 11 11 1581341821817801 1581341821827978 10177
Src : 12 12 1581341821868571 1581341821878758 10187
Src : 13 13 1581341821919023 1581341821929267 10244
Src : 14 14 1581341821969414 1581341821979593 10179
Src : 15 15 1581341822019754 1581341822029968 10214
Src : 16 16 1581341822070089 1581341822080279 10190
Src : 17 17 1581341822120416 1581341822130661 10245
Src : 18 18 1581341822170891 1581341822181105 10214
Src : 19 19 1581341822221276 1581341822231458 10182
Src : 20 20 1581341822272271 1581341822282507 10236
Src : 21 21 1581341822323148 1581341822333394 10246
Src : 22 22 1581341822373996 1581341822384178 10182
Src : 23 23 1581341822424334 1581341822434554 10220
Src : 24 24 1581341822474780 1581341822484993 10213
Src : 25 25 1581341822525260 1581341822535481 10221
Src : 26 26 1581341822575729 1581341822585940 10211
Src : 27 27 1581341822626315 1581341822636506 10191
Src : 28 28 1581341822676814 1581341822686989 10175
Src : 29 29 1581341822727548 1581341822737939 10391
Src : 30 30 1581341822778208 1581341822788397 10189
Src : 31 31 1581341822829016 1581341822839188 10172
Src : 32 32 1581341822880272 1581341822890465 10193
Src : 33 33 1581341822931061 1581341822941276 10215
Src : 34 34 1581341822981916 1581341822992092 10176
Src : 35 35 1581341823032245 1581341823042459 10214
Src : 36 36 1581341823082643 1581341823092858 10215
Src : 37 37 1581341823133052 1581341823143238 10186
Src : 38 38 1581341823183545 1581341823193753 10208
Src : 39 39 1581341823234011 1581341823244201 10190
Src : 40 40 1581341823284462 1581341823294671 10209
Src : 41 41 1581341823334984 1581341823345206 10222
Src : 42 42 1581341823385365 1581341823395554 10189
Src : 43 43 1581341823435834 1581341823446200 10366
Src : 44 44 1581341823486603 1581341823496821 10218
Src : 45 45 1581341823537345 1581341823547528 10183
Src : 46 46 1581341823588153 1581341823598373 10220
Src : 47 47 1581341823638688 1581341823648906 10218
Src : 48 48 1581341823689188 1581341823699369 10181
Src : 49 49 1581341823739584 1581341823749795 10211
Src : 50 50 1581341823790053 1581341823800231 10178
Src : 51 51 1581341823840536 1581341823850748 10212
Src : 52 52 1581341823891023 1581341823901233 10210
Src : 53 53 1581341823941351 1581341823951532 10181
Src : 54 54 1581341823991699 1581341824001916 10217
Src : 55 55 1581341824042061 1581341824052285 10224
Src : 56 56 1581341824092715 1581341824102905 10190
Src : 57 57 1581341824143584 1581341824153805 10221
Src : 58 58 1581341824194376 1581341824204562 10186
Src : 59 59 1581341824244770 1581341824254962 10192
Src : 60 60 1581341824295143 1581341824305362 10219
Src : 61 61 1581341824345561 1581341824355746 10185
Src : 62 62 1581341824395940 1581341824406157 10217
Src : 63 63 1581341824446291 1581341824456473 10182
Src : 64 64 1581341824496681 1581341824506864 10183
Src : 65 65 1581341824547109 1581341824557328 10219
Src : 66 66 1581341824597577 1581341824607762 10185
Src : 67 67 1581341824648462 1581341824658664 10202
Src : 68 68 1581341824698976 1581341824709208 10232
Src : 69 69 1581341824749462 1581341824759682 10220
Src : 70 70 1581341824799944 1581341824810183 10239
Src : 71 71 1581341824850322 1581341824860520 10198
Src : 72 72 1581341824900629 1581341824910800 10171
Src : 73 73 1581341824951111 1581341824961330 10219
Src : 74 74 1581341825001577 1581341825011764 10187
Src : 75 75 1581341825051923 1581341825062134 10211
Src : 76 76 1581341825102314 1581341825112499 10185
Src : 77 77 1581341825152669 1581341825162854 10185
Src : 78 78 1581341825202958 1581341825213178 10220
Src : 79 79 1581341825253967 1581341825264207 10240
Src : 80 80 1581341825304383 1581341825314603 10220
Src : 81 81 1581341825355268 1581341825365487 10219
Src : 82 82 1581341825406115 1581341825416296 10181
Src : 83 83 1581341825456429 1581341825466641 10212
Src : 84 84 1581341825506827 1581341825517039 10212
Src : 85 85 1581341825557179 1581341825567362 10183
Src : 86 86 1581341825607506 1581341825617731 10225
Src : 87 87 1581341825657946 1581341825668131 10185
Src : 88 88 1581341825708260 1581341825718482 10222
Src : 89 89 1581341825758672 1581341825768890 10218
Src : 90 90 1581341825809038 1581341825819227 10189
Src : 91 91 1581341825859816 1581341825870068 10252
Src : 92 92 1581341825910439 1581341825920647 10208
Src : 93 93 1581341825961324 1581341825971506 10182
Src : 94 94 1581341826011980 1581341826022199 10219
Src : 95 95 1581341826062397 1581341826072570 10173
Src : 96 96 1581341826112747 1581341826122936 10189
Src : 97 97 1581341826163122 1581341826173345 10223
Src : 98 98 1581341826213442 1581341826223626 10184
Src : 99 99 1581341826263744 1581341826273963 10219
Src : 100 100 1581341826314069 1581341826324248 10179
Src : 101 101 1581341826364426 1581341826374645 10219
Src : 102 102 1581341826414777 1581341826424989 10212
Src : 103 103 1581341826465714 1581341826475927 10213
Src : 104 104 1581341826516441 1581341826526658 10217
Src : 105 105 1581341826567303 1581341826577521 10218
Src : 106 106 1581341826617840 1581341826628027 10187
Src : 107 107 1581341826669346 1581341826679570 10224
Src : 108 108 1581341826720519 1581341826730829 10310
Src : 109 109 1581341827159135 1581341827169043 9908
Src : 110 110 1581341827169052 1581341827180188 11136
Src : 111 111 1581341827180193 1581341827191569 11376
Src : 112 112 1581341827191581 1581341827202801 11220
Src : 113 113 1581341827202814 1581341827214022 11208
Src : 114 114 1581341827214042 1581341827224527 10485
Src : 115 115 1581341827224530 1581341827235539 11009
Src : 116 116 1581341827235542 1581341827245840 10298
Src : 117 117 1581341827245842 1581341827256165 10323
Src : 118 118 1581341827277481 1581341827287781 10300
Src : 119 119 1581341827328394 1581341827338713 10319
Src : 120 120 1581341827379227 1581341827389547 10320
Src : 121 121 1581341827429579 1581341827439896 10317
Src : 122 122 1581341827479802 1581341827490114 10312
Src : 123 123 1581341827530107 1581341827540418 10311
Src : 124 124 1581341827580525 1581341827590840 10315
Src : 125 125 1581341827630756 1581341827641080 10324
Src : 126 126 1581341827681595 1581341827691917 10322
Src : 127 127 1581341827731973 1581341827742295 10322
Src : 128 128 1581341827782406 1581341827792732 10326
Src : 129 129 1581341827832630 1581341827842954 10324
Src : 130 130 1581341827882863 1581341827893188 10325
Src : 131 131 1581341827933137 1581341827943460 10323
Src : 132 132 1581341827983392 1581341827993717 10325
Src : 133 133 1581341828033674 1581341828043990 10316
Src : 134 134 1581341828083882 1581341828094204 10322
Src : 135 135 1581341828134183 1581341828144506 10323
Src : 136 136 1581341828184529 1581341828194854 10325
Src : 137 137 1581341828234749 1581341828245063 10314
Src : 138 138 1581341828285835 1581341828296143 10308
Src : 139 139 1581341828336662 1581341828346977 10315
Src : 140 140 1581341828387473 1581341828397794 10321
Src : 141 141 1581341828437738 1581341828448058 10320
Src : 142 142 1581341828487962 1581341828498275 10313
Src : 143 143 1581341828538228 1581341828548551 10323
Src : 144 144 1581341828588493 1581341828598810 10317
Src : 145 145 1581341828638975 1581341828649296 10321
Src : 146 146 1581341828689227 1581341828699545 10318
Src : 147 147 1581341828739507 1581341828749820 10313
Src : 148 148 1581341828789803 1581341828800126 10323
Src : 149 149 1581341828840218 1581341828850531 10313
Src : 150 150 1581341828891138 1581341828901448 10310
Src : 151 151 1581341828942137 1581341828952457 10320
Src : 152 152 1581341828993025 1581341829003348 10323
Src : 153 153 1581341829043203 1581341829053524 10321
Src : 154 154 1581341829093422 1581341829103745 10323
Src : 155 155 1581341829143680 1581341829153998 10318
Src : 156 156 1581341829193869 1581341829204193 10324
Src : 157 157 1581341829244120 1581341829254442 10322
Src : 158 158 1581341829294335 1581341829304656 10321
Src : 159 159 1581341829344661 1581341829354973 10312
Src : 160 160 1581341829394866 1581341829405187 10321
Src : 161 161 1581341829445077 1581341829455394 10317
Src : 162 162 1581341829495461 1581341829505783 10322
Src : 163 163 1581341829545801 1581341829556123 10322
Src : 164 164 1581341829596116 1581341829606436 10320
Src : 165 165 1581341829646320 1581341829656645 10325
Src : 166 166 1581341829696509 1581341829706826 10317
Src : 167 167 1581341829746852 1581341829757161 10309
Src : 168 168 1581341829797088 1581341829807410 10322
Src : 169 169 1581341829847362 1581341829857678 10316
Src : 170 170 1581341829897578 1581341829907893 10315
Src : 171 171 1581341829947803 1581341829958110 10307
Src : 172 172 1581341829998031 1581341830008350 10319
Src : 173 173 1581341830048265 1581341830058582 10317
Src : 174 174 1581341830098637 1581341830108962 10325
Src : 175 175 1581341830149053 1581341830159372 10319
Src : 176 176 1581341830199387 1581341830209697 10310
Src : 177 177 1581341830249557 1581341830259880 10323
Src : 178 178 1581341830299819 1581341830310141 10322
Src : 179 179 1581341830350110 1581341830360434 10324
Src : 180 180 1581341830400317 1581341830410638 10321
Src : 181 181 1581341830450567 1581341830460880 10313
Src : 182 182 1581341830500894 1581341830511221 10327
Src : 183 183 1581341830551234 1581341830561558 10324
Src : 184 184 1581341830601452 1581341830611777 10325
Src : 185 185 1581341830651814 1581341830662139 10325
Src : 186 186 1581341830702197 1581341830712523 10326
Src : 187 187 1581341830753046 1581341830763370 10324
Src : 188 188 1581341830803368 1581341830813693 10325
Src : 189 189 1581341830853636 1581341830863959 10323
Src : 190 190 1581341830903954 1581341830914277 10323
Src : 191 191 1581341830954175 1581341830964492 10317
Src : 192 192 1581341831004412 1581341831014738 10326
Src : 193 193 1581341831054638 1581341831064956 10318
Src : 194 194 1581341831104883 1581341831115187 10304
Src : 195 195 1581341831155070 1581341831165391 10321
Src : 196 196 1581341831205261 1581341831215576 10315
Src : 197 197 1581341831255616 1581341831265939 10323
Src : 198 198 1581341831305898 1581341831316222 10324
Src : 199 199 1581341831356345 1581341831366669 10324
Src : 200 200 1581341831406662 1581341831416983 10321
Src : 201 201 1581341831456838 1581341831467162 10324
Src : 202 202 1581341831507013 1581341831517338 10325
Src : 203 203 1581341831557271 1581341831567580 10309
Src : 204 204 1581341831607439 1581341831617763 10324
Src : 205 205 1581341831657626 1581341831667944 10318
Src : 206 206 1581341831707851 1581341831718167 10316
Src : 207 207 1581341831758153 1581341831768476 10323
Src : 208 208 1581341831808406 1581341831818720 10314
Src : 209 209 1581341831859112 1581341831869434 10322
Src : 210 210 1581341831909553 1581341831919877 10324
Src : 211 211 1581341831959899 1581341831970223 10324
Src : 212 212 1581341832010159 1581341832020483 10324
Src : 213 213 1581341832060354 1581341832070677 10323
Src : 214 214 1581341832110635 1581341832120959 10324
Src : 215 215 1581341832160907 1581341832171229 10322
Src : 216 216 1581341832211124 1581341832221447 10323
Src : 217 217 1581341832261306 1581341832271622 10316
Src : 218 218 1581341832311522 1581341832321847 10325
Src : 219 219 1581341832361779 1581341832372101 10322
Src : 220 220 1581341832412044 1581341832422363 10319
Src : 221 221 1581341832462906 1581341832473217 10311
Src : 222 222 1581341832513383 1581341832523694 10311
Src : 223 223 1581341832563787 1581341832574103 10316
Src : 224 224 1581341832613986 1581341832624310 10324
Src : 225 225 1581341832664340 1581341832674665 10325
Src : 226 226 1581341832714610 1581341832724934 10324
Src : 227 227 1581341832764880 1581341832775202 10322
Src : 228 228 1581341832815308 1581341832825606 10298
Src : 229 229 1581341832865574 1581341832875896 10322
Src : 230 230 1581341832915793 1581341832926110 10317
Src : 231 231 1581341832966134 1581341832976450 10316
Src : 232 232 1581341833016349 1581341833026667 10318
Src : 233 233 1581341833066600 1581341833076924 10324
Src : 234 234 1581341833116908 1581341833127226 10318
Src : 235 235 1581341833167241 1581341833177566 10325
Src : 236 236 1581341833217523 1581341833227847 10324
Src : 237 237 1581341833267739 1581341833278061 10322
Src : 238 238 1581341833317982 1581341833328300 10318
Src : 239 239 1581341833368218 1581341833378543 10325
Src : 240 240 1581341833418434 1581341833428747 10313
Src : 241 241 1581341833468598 1581341833478922 10324
Src : 242 242 1581341833518853 1581341833529179 10326
Src : 243 243 1581341833569226 1581341833579550 10324
Src : 244 244 1581341833619446 1581341833629764 10318
Src : 245 245 1581341833669656 1581341833679978 10322
Src : 246 246 1581341833719925 1581341833730244 10319
Src : 247 247 1581341833770207 1581341833780524 10317
Src : 248 248 1581341833820412 1581341833830739 10327
Src : 249 249 1581341833870651 1581341833880969 10318
Src : 250 250 1581341833920873 1581341833931189 10316
Src : 251 251 1581341833971139 1581341833981461 10322
Src : 252 252 1581341834021350 1581341834031662 10312
Src : 253 253 1581341834071565 1581341834081878 10313
Src : 254 254 1581341834121780 1581341834132103 10323
Src : 255 255 1581341834172100 1581341834182405 10305
Src : 256 256 1581341834222350 1581341834232660 10310
Src : 257 257 1581341834272508 1581341834282819 10311
Src : 258 258 1581341834322731 1581341834333056 10325
Src : 259 259 1581341834372937 1581341834383254 10317
Src : 260 260 1581341834423153 1581341834433480 10327
Src : 261 261 1581341834473350 1581341834483671 10321
Src : 262 262 1581341834523615 1581341834533927 10312
Src : 263 263 1581341834573825 1581341834584149 10324
Src : 264 264 1581341834624093 1581341834634420 10327
Src : 265 265 1581341834674317 1581341834684637 10320
Src : 266 266 1581341834724575 1581341834734901 10326
Src : 267 267 1581341834774757 1581341834785081 10324
Src : 268 268 1581341834825026 1581341834835340 10314
Src : 269 269 1581341834875231 1581341834885548 10317
Src : 270 270 1581341834925444 1581341834935760 10316
Src : 271 271 1581341834975657 1581341834985976 10319
Src : 272 272 1581341835025826 1581341835036142 10316
Src : 273 273 1581341835076022 1581341835086342 10320
Src : 274 274 1581341835126217 1581341835136535 10318
Src : 275 275 1581341835176467 1581341835186786 10319
Src : 276 276 1581341835226705 1581341835237021 10316
Src : 277 277 1581341835277001 1581341835287324 10323
Src : 278 278 1581341835327281 1581341835337599 10318
Src : 279 279 1581341835377505 1581341835387814 10309
Src : 280 280 1581341835427686 1581341835438009 10323
Src : 281 281 1581341835477899 1581341835488217 10318
Src : 282 282 1581341835528116 1581341835538434 10318
Src : 283 283 1581341835578328 1581341835588646 10318
Src : 284 284 1581341835628563 1581341835638883 10320
Src : 285 285 1581341835678800 1581341835689112 10312
Src : 286 286 1581341835729054 1581341835739373 10319
Src : 287 287 1581341835779275 1581341835789600 10325
Src : 288 288 1581341835829528 1581341835839845 10317
Src : 289 289 1581341835879750 1581341835890067 10317
Src : 290 290 1581341835929971 1581341835940290 10319
Src : 291 291 1581341835980231 1581341835990556 10325
Src : 292 292 1581341836030475 1581341836040801 10326
Src : 293 293 1581341836080714 1581341836091033 10319
Src : 294 294 1581341836130920 1581341836141242 10322
Src : 295 295 1581341836181153 1581341836191476 10323
Src : 296 296 1581341836231369 1581341836241694 10325
Src : 297 297 1581341836281597 1581341836291914 10317
Src : 298 298 1581341836331822 1581341836342141 10319
Src : 299 299 1581341836382079 1581341836392402 10323
Src : 300 300 1581341836432300 1581341836442624 10324
Src : 301 301 1581341836482513 1581341836492833 10320
Src : 302 302 1581341836532727 1581341836543047 10320
Src : 303 303 1581341836582938 1581341836593267 10329
Src : 304 304 1581341836633138 1581341836643457 10319
Src : 305 305 1581341836683376 1581341836693694 10318
Src : 306 306 1581341836733659 1581341836743971 10312
Src : 307 307 1581341836783924 1581341836794249 10325
Src : 308 308 1581341836834441 1581341836844747 10306
Src : 309 309 1581341836884653 1581341836894976 10323
Src : 310 310 1581341836934917 1581341836945236 10319
Src : 311 311 1581341836985129 1581341836995434 10305
Src : 312 312 1581341837035367 1581341837045691 10324
Src : 313 313 1581341837085608 1581341837095926 10318
Src : 314 314 1581341837135857 1581341837146172 10315
Src : 315 315 1581341837186070 1581341837196390 10320
Src : 316 316 1581341837236223 1581341837246537 10314
Src : 317 317 1581341837286420 1581341837296744 10324
Src : 318 318 1581341837336700 1581341837347022 10322
Src : 319 319 1581341837386889 1581341837397214 10325
Src : 320 320 1581341837437102 1581341837447419 10317
Src : 321 321 1581341837487280 1581341837497598 10318
Src : 322 322 1581341837537538 1581341837547848 10310
Src : 323 323 1581341837587737 1581341837598060 10323
Src : 324 324 1581341837637933 1581341837648256 10323
Src : 325 325 1581341837688136 1581341837698454 10318
Src : 326 326 1581341837738396 1581341837748713 10317
Src : 327 327 1581341837788720 1581341837799038 10318
Src : 328 328 1581341837838975 1581341837849298 10323
Src : 329 329 1581341837889184 1581341837899500 10316
Src : 330 330 1581341837939480 1581341837949799 10319
Src : 331 331 1581341837989685 1581341838000000 10315
Src : 332 332 1581341838039890 1581341838050208 10318
Src : 333 333 1581341838090098 1581341838100422 10324
Src : 334 334 1581341838140408 1581341838150732 10324
Src : 335 335 1581341838190716 1581341838201032 10316
Src : 336 336 1581341838240960 1581341838251285 10325
Src : 337 337 1581341838291178 1581341838301497 10319
Src : 338 338 1581341838341502 1581341838351817 10315
Src : 339 339 1581341838391701 1581341838402026 10325
Src : 340 340 1581341838441866 1581341838452189 10323
Src : 341 341 1581341838492098 1581341838502427 10329
Src : 342 342 1581341838542427 1581341838552749 10322
Src : 343 343 1581341838592678 1581341838603003 10325
Src : 344 344 1581341838642899 1581341838653220 10321
Src : 345 345 1581341838693082 1581341838703391 10309
Src : 346 346 1581341838743421 1581341838753746 10325
Src : 347 347 1581341838793636 1581341838803952 10316
Src : 348 348 1581341838843922 1581341838854247 10325
Src : 349 349 1581341838894132 1581341838904452 10320
Src : 350 350 1581341838944367 1581341838954692 10325
Src : 351 351 1581341838994598 1581341839004917 10319
Src : 352 352 1581341839044807 1581341839055120 10313
Src : 353 353 1581341839095015 1581341839105335 10320
Src : 354 354 1581341839145285 1581341839155599 10314
Src : 355 355 1581341839195505 1581341839205821 10316
Src : 356 356 1581341839245734 1581341839256058 10324
Src : 357 357 1581341839295982 1581341839306299 10317
Src : 358 358 1581341839346345 1581341839356663 10318
Src : 359 359 1581341839396511 1581341839406829 10318
Src : 360 360 1581341839446708 1581341839457032 10324
Src : 361 361 1581341839496925 1581341839507244 10319
Src : 362 362 1581341839547204 1581341839557526 10322
Src : 363 363 1581341839597445 1581341839607763 10318
Src : 364 364 1581341839647667 1581341839657993 10326
Src : 365 365 1581341839697890 1581341839708210 10320
Src : 366 366 1581341839748201 1581341839758524 10323
Src : 367 367 1581341839798538 1581341839808855 10317
Src : 368 368 1581341839848793 1581341839859117 10324
Src : 369 369 1581341839898995 1581341839909320 10325
Src : 370 370 1581341839949237 1581341839959553 10316
Src : 371 371 1581341839999460 1581341840009777 10317
Src : 372 372 1581341840049628 1581341840059936 10308
Src : 373 373 1581341840099779 1581341840110102 10323
Src : 374 374 1581341840150033 1581341840160350 10317
Src : 375 375 1581341840200250 1581341840210558 10308
Src : 376 376 1581341840250457 1581341840260781 10324
Src : 377 377 1581341840300676 1581341840310988 10312
Src : 378 378 1581341840350962 1581341840361287 10325
Src : 379 379 1581341840401179 1581341840411494 10315
Src : 380 380 1581341840451339 1581341840461664 10325
Src : 381 381 1581341840501523 1581341840511838 10315
Src : 382 382 1581341840551788 1581341840562106 10318
Src : 383 383 1581341840601995 1581341840612314 10319
Src : 384 384 1581341840652236 1581341840662559 10323
Src : 385 385 1581341840702507 1581341840712824 10317
Src : 386 386 1581341840752772 1581341840763086 10314
Src : 387 387 1581341840803012 1581341840813336 10324
Src : 388 388 1581341840853284 1581341840863601 10317
Src : 389 389 1581341840903488 1581341840913812 10324
Src : 390 390 1581341840953774 1581341840964092 10318
Src : 391 391 1581341841003995 1581341841014317 10322
Src : 392 392 1581341841054277 1581341841064594 10317
Src : 393 393 1581341841104481 1581341841114803 10322
Src : 394 394 1581341841154734 1581341841165046 10312
Src : 395 395 1581341841204938 1581341841215255 10317
Src : 396 396 1581341841255129 1581341841265446 10317
Src : 397 397 1581341841305311 1581341841315634 10323
Src : 398 398 1581341841355589 1581341841365914 10325
Src : 399 399 1581341841405818 1581341841416136 10318
Src : 400 400 1581341841456061 1581341841466386 10325
Src : 401 401 1581341841506334 1581341841516654 10320
Src : 402 402 1581341841556552 1581341841566877 10325
Src : 403 403 1581341841606759 1581341841617080 10321
Src : 404 404 1581341841657643 1581341841667952 10309
Src : 405 405 1581341841709087 1581341841719388 10301
Src : 406 406 1581341842125190 1581341842135100 9910
Src : 407 407 1581341842135108 1581341842146650 11542
Src : 408 408 1581341842146657 1581341842157880 11223
Src : 409 409 1581341842157899 1581341842169059 11160
Src : 410 410 1581341842169064 1581341842180156 11092
Src : 411 411 1581341842180160 1581341842190602 10442
Src : 412 412 1581341842190605 1581341842201609 11004
Src : 413 413 1581341842201612 1581341842211916 10304
Src : 414 414 1581341842211918 1581341842222209 10291
Src : 415 415 1581341842243781 1581341842254090 10309
Src : 416 416 1581341842295473 1581341842305773 10300
Src : 417 417 1581341842346491 1581341842356704 10213
Src : 418 418 1581341842397330 1581341842407520 10190
Src : 419 419 1581341842447809 1581341842458023 10214
Src : 420 420 1581341842498341 1581341842508563 10222
Src : 421 421 1581341842548848 1581341842559041 10193
Src : 422 422 1581341842599441 1581341842609655 10214
Src : 423 423 1581341842649944 1581341842660126 10182
Src : 424 424 1581341842700462 1581341842710683 10221
Src : 425 425 1581341842750832 1581341842761046 10214
Src : 426 426 1581341842801143 1581341842811334 10191
Src : 427 427 1581341842851504 1581341842862074 10570
Src : 428 428 1581341842902471 1581341842912692 10221
Src : 429 429 1581341842953354 1581341842963540 10186
Src : 430 430 1581341843004142 1581341843014358 10216
Src : 431 431 1581341843054628 1581341843064840 10212
Src : 432 432 1581341843105129 1581341843115316 10187
Src : 433 433 1581341843155408 1581341843165626 10218
Src : 434 434 1581341843205850 1581341843216030 10180
Src : 435 435 1581341843256221 1581341843266431 10210
Src : 436 436 1581341843306634 1581341843316840 10206
Src : 437 437 1581341843357201 1581341843367385 10184
Src : 438 438 1581341843407703 1581341843417916 10213
Src : 439 439 1581341843458606 1581341843468877 10271
Src : 440 440 1581341843509283 1581341843519483 10200
Src : 441 441 1581341843560072 1581341843570291 10219
Src : 442 442 1581341843610841 1581341843621073 10232
Src : 443 443 1581341843661490 1581341843671677 10187
Src : 444 444 1581341843711974 1581341843722195 10221
Src : 445 445 1581341843762500 1581341843772715 10215
Src : 446 446 1581341843813021 1581341843823211 10190
Src : 447 447 1581341843863472 1581341843873687 10215
Src : 448 448 1581341843913844 1581341843924031 10187
Src : 449 449 1581341843964218 1581341843974434 10216
Src : 450 450 1581341844014653 1581341844024866 10213
Src : 451 451 1581341844065530 1581341844075795 10265
Src : 452 452 1581341844116423 1581341844126616 10193
Src : 453 453 1581341844167221 1581341844177433 10212
Src : 454 454 1581341844217896 1581341844228076 10180
Src : 455 455 1581341844268335 1581341844278556 10221
Src : 456 456 1581341844318815 1581341844329042 10227
Src : 457 457 1581341844369195 1581341844379387 10192
Src : 458 458 1581341844419557 1581341844429782 10225
Src : 459 459 1581341844469952 1581341844480144 10192
Src : 460 460 1581341844520303 1581341844530518 10215
Src : 461 461 1581341844570794 1581341844580998 10204
Src : 462 462 1581341844621249 1581341844631436 10187
Src : 463 463 1581341844672116 1581341844682363 10247
Src : 464 464 1581341844722944 1581341844733165 10221
Src : 465 465 1581341844773749 1581341844783934 10185
Src : 466 466 1581341844824385 1581341844834605 10220
Src : 467 467 1581341844874887 1581341844885106 10219
Src : 468 468 1581341844925343 1581341844935528 10185
Src : 469 469 1581341844975856 1581341844986078 10222
Src : 470 470 1581341845026340 1581341845036527 10187
Src : 471 471 1581341845076843 1581341845087022 10179
Src : 472 472 1581341845127208 1581341845137420 10212
Src : 473 473 1581341845177605 1581341845187795 10190
Src : 474 474 1581341845228001 1581341845238222 10221
Src : 475 475 1581341845278916 1581341845289167 10251
Src : 476 476 1581341845329721 1581341845339940 10219
Src : 477 477 1581341845380537 1581341845390749 10212
Src : 478 478 1581341845430905 1581341845441119 10214
Src : 479 479 1581341845481342 1581341845491531 10189
Src : 480 480 1581341845531792 1581341845542033 10241
Src : 481 481 1581341845582240 1581341845592424 10184
Src : 482 482 1581341845632902 1581341845643083 10181
Src : 483 483 1581341845683394 1581341845693588 10194
Src : 484 484 1581341845733844 1581341845744062 10218
Src : 485 485 1581341845784342 1581341845794563 10221
Src : 486 486 1581341845834795 1581341845845014 10219
Src : 487 487 1581341845885674 1581341845895914 10240
Src : 488 488 1581341845936552 1581341845946766 10214
Src : 489 489 1581341845987352 1581341845997566 10214
Src : 490 490 1581341846037755 1581341846047935 10180
Src : 491 491 1581341846088087 1581341846098304 10217
Src : 492 492 1581341846138537 1581341846148758 10221
Src : 493 493 1581341846188932 1581341846199110 10178
Src : 494 494 1581341846239244 1581341846249457 10213
Src : 495 495 1581341846289594 1581341846299768 10174
Src : 496 496 1581341846340048 1581341846350255 10207
Src : 497 497 1581341846390428 1581341846400623 10195
Src : 498 498 1581341846440969 1581341846451152 10183
Src : 499 499 1581341846492047 1581341846502296 10249
Src : 500 500 1581341846542978 1581341846553199 10221
Snk : 1 1 1581341821735629 1581341821749835 14206
Snk : 2 2 1581341821787416 1581341821797718 10302
Snk : 3 3 1581341821838432 1581341821848604 10172
Snk : 4 4 1581341821889271 1581341821899429 10158
Snk : 5 5 1581341821939650 1581341821949852 10202
Snk : 6 6 1581341821989929 1581341822000093 10164
Snk : 7 7 1581341822040337 1581341822050541 10204
Snk : 8 8 1581341822090582 1581341822100781 10199
Snk : 9 9 1581341822141078 1581341822151246 10168
Snk : 10 10 1581341822191358 1581341822201562 10204
Snk : 11 11 1581341822242255 1581341822252444 10189
Snk : 12 12 1581341822292897 1581341822303072 10175
Snk : 13 13 1581341822343820 1581341822354010 10190
Snk : 14 14 1581341822394623 1581341822404813 10190
Snk : 15 15 1581341822444942 1581341822455102 10160
Snk : 16 16 1581341822495307 1581341822505484 10177
Snk : 17 17 1581341822545763 1581341822555937 10174
Snk : 18 18 1581341822596331 1581341822606535 10204
Snk : 19 19 1581341822646845 1581341822657052 10207
Snk : 20 20 1581341822697367 1581341822707528 10161
Snk : 21 21 1581341822748325 1581341822758486 10161
Snk : 22 22 1581341822798847 1581341822809077 10230
Snk : 23 23 1581341822850051 1581341822860281 10230
Snk : 24 24 1581341822900990 1581341822911146 10156
Snk : 25 25 1581341822951723 1581341822961912 10189
Snk : 26 26 1581341823002574 1581341823012754 10180
Snk : 27 27 1581341823052778 1581341823062952 10174
Snk : 28 28 1581341823103267 1581341823113477 10210
Snk : 29 29 1581341823153712 1581341823163884 10172
Snk : 30 30 1581341823204125 1581341823214325 10200
Snk : 31 31 1581341823254469 1581341823264674 10205
Snk : 32 32 1581341823305056 1581341823315218 10162
Snk : 33 33 1581341823355557 1581341823365756 10199
Snk : 34 34 1581341823405974 1581341823416150 10176
Snk : 35 35 1581341823456650 1581341823466850 10200
Snk : 36 36 1581341823507175 1581341823517359 10184
Snk : 37 37 1581341823558071 1581341823568239 10168
Snk : 38 38 1581341823608868 1581341823619043 10175
Snk : 39 39 1581341823659291 1581341823669486 10195
Snk : 40 40 1581341823709713 1581341823719885 10172
Snk : 41 41 1581341823760186 1581341823770424 10238
Snk : 42 42 1581341823810676 1581341823820885 10209
Snk : 43 43 1581341823861079 1581341823871247 10168
Snk : 44 44 1581341823911442 1581341823921621 10179
Snk : 45 45 1581341823961995 1581341823972168 10173
Snk : 46 46 1581341824012210 1581341824022404 10194
Snk : 47 47 1581341824062848 1581341824073045 10197
Snk : 48 48 1581341824113352 1581341824123507 10155
Snk : 49 49 1581341824164316 1581341824174479 10163
Snk : 50 50 1581341824214862 1581341824225050 10188
Snk : 51 51 1581341824265331 1581341824275479 10148
Snk : 52 52 1581341824315637 1581341824325880 10243
Snk : 53 53 1581341824366043 1581341824376219 10176
Snk : 54 54 1581341824416555 1581341824426705 10150
Snk : 55 55 1581341824466863 1581341824477071 10208
Snk : 56 56 1581341824517260 1581341824527420 10160
Snk : 57 57 1581341824567658 1581341824577863 10205
Snk : 58 58 1581341824618149 1581341824628324 10175
Snk : 59 59 1581341824669128 1581341824679292 10164
Snk : 60 60 1581341824719434 1581341824729664 10230
Snk : 61 61 1581341824770152 1581341824780321 10169
Snk : 62 62 1581341824820532 1581341824830715 10183
Snk : 63 63 1581341824870860 1581341824881062 10202
Snk : 64 64 1581341824921158 1581341824931364 10206
Snk : 65 65 1581341824971627 1581341824981832 10205
Snk : 66 66 1581341825022186 1581341825032355 10169
Snk : 67 67 1581341825072405 1581341825082605 10200
Snk : 68 68 1581341825122911 1581341825133152 10241
Snk : 69 69 1581341825173189 1581341825183364 10175
Snk : 70 70 1581341825223398 1581341825233602 10204
Snk : 71 71 1581341825274573 1581341825284778 10205
Snk : 72 72 1581341825325044 1581341825335232 10188
Snk : 73 73 1581341825375971 1581341825386160 10189
Snk : 74 74 1581341825426666 1581341825436869 10203
Snk : 75 75 1581341825476956 1581341825487133 10177
Snk : 76 76 1581341825527354 1581341825537579 10225
Snk : 77 77 1581341825577700 1581341825587869 10169
Snk : 78 78 1581341825628086 1581341825638298 10212
Snk : 79 79 1581341825678523 1581341825688715 10192
Snk : 80 80 1581341825728934 1581341825739103 10169
Snk : 81 81 1581341825779248 1581341825789451 10203
Snk : 82 82 1581341825829545 1581341825839715 10170
Snk : 83 83 1581341825880498 1581341825890672 10174
Snk : 84 84 1581341825931213 1581341825941394 10181
Snk : 85 85 1581341825982077 1581341825992237 10160
Snk : 86 86 1581341826032480 1581341826042687 10207
Snk : 87 87 1581341826082934 1581341826093137 10203
Snk : 88 88 1581341826133362 1581341826143532 10170
Snk : 89 89 1581341826183609 1581341826193811 10202
Snk : 90 90 1581341826233981 1581341826244151 10170
Snk : 91 91 1581341826284244 1581341826294446 10202
Snk : 92 92 1581341826334676 1581341826344877 10201
Snk : 93 93 1581341826385000 1581341826395175 10175
Snk : 94 94 1581341826435191 1581341826445394 10203
Snk : 95 95 1581341826486359 1581341826496518 10159
Snk : 96 96 1581341826537157 1581341826547313 10156
Snk : 97 97 1581341826588011 1581341826598216 10205
Snk : 98 98 1581341826638528 1581341826648897 10369
Snk : 99 99 1581341826690827 1581341826701124 10297
Snk : 100 100 1581341826741993 1581341826752293 10300
Snk : 101 101 1581341826793226 1581341826803534 10308
Snk : 102 102 1581341826844010 1581341826854319 10309
Snk : 103 103 1581341826895171 1581341826905480 10309
Snk : 104 104 1581341826945938 1581341826956246 10308
Snk : 105 105 1581341826996899 1581341827007029 10130
Snk : 106 106 1581341827047708 1581341827057953 10245
Snk : 107 107 1581341827098494 1581341827108656 10162
Snk : 108 108 1581341827148474 1581341827158407 9933
Snk : 109 109 1581341827226061 1581341827236378 10317
Snk : 110 110 1581341827277536 1581341827287838 10302
Snk : 111 111 1581341827328470 1581341827338790 10320
Snk : 112 112 1581341827379300 1581341827389627 10327
Snk : 113 113 1581341827429638 1581341827439959 10321
Snk : 114 114 1581341827479824 1581341827490137 10313
Snk : 115 115 1581341827530157 1581341827540480 10323
Snk : 116 116 1581341827580576 1581341827590903 10327
Snk : 117 117 1581341827630808 1581341827641140 10332
Snk : 118 118 1581341827681645 1581341827691960 10315
Snk : 119 119 1581341827732007 1581341827742332 10325
Snk : 120 120 1581341827782455 1581341827792779 10324
Snk : 121 121 1581341827832689 1581341827843011 10322
Snk : 122 122 1581341827882886 1581341827893198 10312
Snk : 123 123 1581341827933190 1581341827943513 10323
Snk : 124 124 1581341827983446 1581341827993769 10323
Snk : 125 125 1581341828033722 1581341828044045 10323
Snk : 126 126 1581341828083930 1581341828094250 10320
Snk : 127 127 1581341828134234 1581341828144555 10321
Snk : 128 128 1581341828184565 1581341828194893 10328
Snk : 129 129 1581341828234805 1581341828245126 10321
Snk : 130 130 1581341828285868 1581341828296188 10320
Snk : 131 131 1581341828336685 1581341828346991 10306
Snk : 132 132 1581341828387549 1581341828397873 10324
Snk : 133 133 1581341828437787 1581341828448109 10322
Snk : 134 134 1581341828488013 1581341828498332 10319
Snk : 135 135 1581341828538285 1581341828548610 10325
Snk : 136 136 1581341828588541 1581341828598864 10323
Snk : 137 137 1581341828639021 1581341828649348 10327
Snk : 138 138 1581341828689274 1581341828699592 10318
Snk : 139 139 1581341828739560 1581341828749882 10322
Snk : 140 140 1581341828789855 1581341828800176 10321
Snk : 141 141 1581341828840266 1581341828850594 10328
Snk : 142 142 1581341828891172 1581341828901499 10327
Snk : 143 143 1581341828942208 1581341828952530 10322
Snk : 144 144 1581341828993100 1581341829003419 10319
Snk : 145 145 1581341829043251 1581341829053577 10326
Snk : 146 146 1581341829093445 1581341829103749 10304
Snk : 147 147 1581341829143733 1581341829154060 10327
Snk : 148 148 1581341829193917 1581341829204215 10298
Snk : 149 149 1581341829244168 1581341829254492 10324
Snk : 150 150 1581341829294358 1581341829304671 10313
Snk : 151 151 1581341829344709 1581341829355032 10323
Snk : 152 152 1581341829394914 1581341829405242 10328
Snk : 153 153 1581341829445127 1581341829455469 10342
Snk : 154 154 1581341829495484 1581341829505794 10310
Snk : 155 155 1581341829545850 1581341829556165 10315
Snk : 156 156 1581341829596163 1581341829606494 10331
Snk : 157 157 1581341829646375 1581341829656700 10325
Snk : 158 158 1581341829696556 1581341829706877 10321
Snk : 159 159 1581341829746907 1581341829757234 10327
Snk : 160 160 1581341829797136 1581341829807454 10318
Snk : 161 161 1581341829847418 1581341829857737 10319
Snk : 162 162 1581341829897625 1581341829907944 10319
Snk : 163 163 1581341829947851 1581341829958171 10320
Snk : 164 164 1581341829998081 1581341830008397 10316
Snk : 165 165 1581341830048321 1581341830058665 10344
Snk : 166 166 1581341830098688 1581341830109006 10318
Snk : 167 167 1581341830149076 1581341830159380 10304
Snk : 168 168 1581341830199394 1581341830209694 10300
Snk : 169 169 1581341830249614 1581341830259930 10316
Snk : 170 170 1581341830299867 1581341830310190 10323
Snk : 171 171 1581341830350158 1581341830360474 10316
Snk : 172 172 1581341830400365 1581341830410685 10320
Snk : 173 173 1581341830450615 1581341830460940 10325
Snk : 174 174 1581341830500942 1581341830511265 10323
Snk : 175 175 1581341830551289 1581341830561609 10320
Snk : 176 176 1581341830601475 1581341830611778 10303
Snk : 177 177 1581341830651836 1581341830662189 10353
Snk : 178 178 1581341830702249 1581341830712635 10386
Snk : 179 179 1581341830753097 1581341830763421 10324
Snk : 180 180 1581341830803391 1581341830813697 10306
Snk : 181 181 1581341830853684 1581341830863994 10310
Snk : 182 182 1581341830904009 1581341830914329 10320
Snk : 183 183 1581341830954224 1581341830964537 10313
Snk : 184 184 1581341831004464 1581341831014788 10324
Snk : 185 185 1581341831054686 1581341831065013 10327
Snk : 186 186 1581341831104882 1581341831115186 10304
Snk : 187 187 1581341831155117 1581341831165445 10328
Snk : 188 188 1581341831205309 1581341831215629 10320
Snk : 189 189 1581341831255726 1581341831266057 10331
Snk : 190 190 1581341831305953 1581341831316269 10316
Snk : 191 191 1581341831356397 1581341831366713 10316
Snk : 192 192 1581341831406710 1581341831417032 10322
Snk : 193 193 1581341831456889 1581341831467211 10322
Snk : 194 194 1581341831507063 1581341831517384 10321
Snk : 195 195 1581341831557277 1581341831567587 10310
Snk : 196 196 1581341831607493 1581341831617822 10329
Snk : 197 197 1581341831657666 1581341831667968 10302
Snk : 198 198 1581341831707906 1581341831718233 10327
Snk : 199 199 1581341831758203 1581341831768513 10310
Snk : 200 200 1581341831808456 1581341831818798 10342
Snk : 201 201 1581341831859163 1581341831869488 10325
Snk : 202 202 1581341831909608 1581341831919929 10321
Snk : 203 203 1581341831959947 1581341831970265 10318
Snk : 204 204 1581341832010209 1581341832020519 10310
Snk : 205 205 1581341832060406 1581341832070727 10321
Snk : 206 206 1581341832110688 1581341832121004 10316
Snk : 207 207 1581341832160955 1581341832171270 10315
Snk : 208 208 1581341832211177 1581341832221503 10326
Snk : 209 209 1581341832261354 1581341832271677 10323
Snk : 210 210 1581341832311573 1581341832321893 10320
Snk : 211 211 1581341832361833 1581341832372142 10309
Snk : 212 212 1581341832412096 1581341832422422 10326
Snk : 213 213 1581341832462958 1581341832473282 10324
Snk : 214 214 1581341832513436 1581341832523759 10323
Snk : 215 215 1581341832563835 1581341832574154 10319
Snk : 216 216 1581341832614043 1581341832624359 10316
Snk : 217 217 1581341832664391 1581341832674715 10324
Snk : 218 218 1581341832714664 1581341832724990 10326
Snk : 219 219 1581341832764936 1581341832775263 10327
Snk : 220 220 1581341832815314 1581341832825623 10309
Snk : 221 221 1581341832865627 1581341832875944 10317
Snk : 222 222 1581341832915844 1581341832926163 10319
Snk : 223 223 1581341832966182 1581341832976505 10323
Snk : 224 224 1581341833016399 1581341833026718 10319
Snk : 225 225 1581341833066647 1581341833076962 10315
Snk : 226 226 1581341833116964 1581341833127287 10323
Snk : 227 227 1581341833167292 1581341833177617 10325
Snk : 228 228 1581341833217571 1581341833227883 10312
Snk : 229 229 1581341833267787 1581341833278110 10323
Snk : 230 230 1581341833318034 1581341833328349 10315
Snk : 231 231 1581341833368269 1581341833378596 10327
Snk : 232 232 1581341833418456 1581341833428765 10309
Snk : 233 233 1581341833468650 1581341833478974 10324
Snk : 234 234 1581341833518905 1581341833529229 10324
Snk : 235 235 1581341833569273 1581341833579591 10318
Snk : 236 236 1581341833619494 1581341833629812 10318
Snk : 237 237 1581341833669709 1581341833680028 10319
Snk : 238 238 1581341833719977 1581341833730297 10320
Snk : 239 239 1581341833770265 1581341833780584 10319
Snk : 240 240 1581341833820463 1581341833830783 10320
Snk : 241 241 1581341833870701 1581341833881027 10326
Snk : 242 242 1581341833920925 1581341833931248 10323
Snk : 243 243 1581341833971195 1581341833981522 10327
Snk : 244 244 1581341834021397 1581341834031714 10317
Snk : 245 245 1581341834071620 1581341834081935 10315
Snk : 246 246 1581341834121802 1581341834132112 10310
Snk : 247 247 1581341834172107 1581341834182418 10311
Snk : 248 248 1581341834222357 1581341834232663 10306
Snk : 249 249 1581341834272556 1581341834282883 10327
Snk : 250 250 1581341834322783 1581341834333107 10324
Snk : 251 251 1581341834372990 1581341834383300 10310
Snk : 252 252 1581341834423206 1581341834433531 10325
Snk : 253 253 1581341834473398 1581341834483720 10322
Snk : 254 254 1581341834523664 1581341834533983 10319
Snk : 255 255 1581341834573879 1581341834584199 10320
Snk : 256 256 1581341834624139 1581341834634466 10327
Snk : 257 257 1581341834674365 1581341834684676 10311
Snk : 258 258 1581341834724631 1581341834734951 10320
Snk : 259 259 1581341834774806 1581341834785126 10320
Snk : 260 260 1581341834825082 1581341834835402 10320
Snk : 261 261 1581341834875285 1581341834885612 10327
Snk : 262 262 1581341834925479 1581341834935776 10297
Snk : 263 263 1581341834975692 1581341834986012 10320
Snk : 264 264 1581341835025878 1581341835036201 10323
Snk : 265 265 1581341835076075 1581341835086394 10319
Snk : 266 266 1581341835126269 1581341835136605 10336
Snk : 267 267 1581341835176522 1581341835186839 10317
Snk : 268 268 1581341835226752 1581341835237070 10318
Snk : 269 269 1581341835277054 1581341835287363 10309
Snk : 270 270 1581341835327339 1581341835337652 10313
Snk : 271 271 1581341835377553 1581341835387869 10316
Snk : 272 272 1581341835427740 1581341835438054 10314
Snk : 273 273 1581341835477950 1581341835488272 10322
Snk : 274 274 1581341835528139 1581341835538442 10303
Snk : 275 275 1581341835578384 1581341835588705 10321
Snk : 276 276 1581341835628611 1581341835638935 10324
Snk : 277 277 1581341835678856 1581341835689181 10325
Snk : 278 278 1581341835729108 1581341835739423 10315
Snk : 279 279 1581341835779323 1581341835789647 10324
Snk : 280 280 1581341835829575 1581341835839892 10317
Snk : 281 281 1581341835879806 1581341835890133 10327
Snk : 282 282 1581341835930020 1581341835940343 10323
Snk : 283 283 1581341835980278 1581341835990604 10326
Snk : 284 284 1581341836030527 1581341836040848 10321
Snk : 285 285 1581341836080762 1581341836091084 10322
Snk : 286 286 1581341836130977 1581341836141302 10325
Snk : 287 287 1581341836181200 1581341836191517 10317
Snk : 288 288 1581341836231417 1581341836241737 10320
Snk : 289 289 1581341836281645 1581341836291958 10313
Snk : 290 290 1581341836331870 1581341836342197 10327
Snk : 291 291 1581341836382127 1581341836392448 10321
Snk : 292 292 1581341836432322 1581341836442630 10308
Snk : 293 293 1581341836482565 1581341836492872 10307
Snk : 294 294 1581341836532775 1581341836543091 10316
Snk : 295 295 1581341836582980 1581341836593285 10305
Snk : 296 296 1581341836633187 1581341836643508 10321
Snk : 297 297 1581341836683399 1581341836693706 10307
Snk : 298 298 1581341836733711 1581341836744034 10323
Snk : 299 299 1581341836783972 1581341836794293 10321
Snk : 300 300 1581341836834494 1581341836844819 10325
Snk : 301 301 1581341836884705 1581341836895022 10317
Snk : 302 302 1581341836934967 1581341836945283 10316
Snk : 303 303 1581341836985181 1581341836995504 10323
Snk : 304 304 1581341837035415 1581341837045738 10323
Snk : 305 305 1581341837085661 1581341837095978 10317
Snk : 306 306 1581341837135910 1581341837146237 10327
Snk : 307 307 1581341837186127 1581341837196450 10323
Snk : 308 308 1581341837236271 1581341837246591 10320
Snk : 309 309 1581341837286468 1581341837296790 10322
Snk : 310 310 1581341837336749 1581341837347072 10323
Snk : 311 311 1581341837386938 1581341837397262 10324
Snk : 312 312 1581341837437157 1581341837447470 10313
Snk : 313 313 1581341837487328 1581341837497654 10326
Snk : 314 314 1581341837537593 1581341837547908 10315
Snk : 315 315 1581341837587792 1581341837598118 10326
Snk : 316 316 1581341837637989 1581341837648298 10309
Snk : 317 317 1581341837688189 1581341837698510 10321
Snk : 318 318 1581341837738444 1581341837748770 10326
Snk : 319 319 1581341837788744 1581341837799055 10311
Snk : 320 320 1581341837839026 1581341837849353 10327
Snk : 321 321 1581341837889233 1581341837899556 10323
Snk : 322 322 1581341837939503 1581341837949810 10307
Snk : 323 323 1581341837989737 1581341838000060 10323
Snk : 324 324 1581341838039941 1581341838050269 10328
Snk : 325 325 1581341838090149 1581341838100470 10321
Snk : 326 326 1581341838140455 1581341838150778 10323
Snk : 327 327 1581341838190765 1581341838201091 10326
Snk : 328 328 1581341838241014 1581341838251329 10315
Snk : 329 329 1581341838291226 1581341838301553 10327
Snk : 330 330 1581341838341553 1581341838351874 10321
Snk : 331 331 1581341838391749 1581341838402072 10323
Snk : 332 332 1581341838441915 1581341838452237 10322
Snk : 333 333 1581341838492146 1581341838502469 10323
Snk : 334 334 1581341838542474 1581341838552796 10322
Snk : 335 335 1581341838592730 1581341838603053 10323
Snk : 336 336 1581341838642947 1581341838653262 10315
Snk : 337 337 1581341838693130 1581341838703452 10322
Snk : 338 338 1581341838743472 1581341838753792 10320
Snk : 339 339 1581341838793694 1581341838804010 10316
Snk : 340 340 1581341838843945 1581341838854251 10306
Snk : 341 341 1581341838894184 1581341838904507 10323
Snk : 342 342 1581341838944415 1581341838954739 10324
Snk : 343 343 1581341838994646 1581341839004971 10325
Snk : 344 344 1581341839044858 1581341839055176 10318
Snk : 345 345 1581341839095061 1581341839105385 10324
Snk : 346 346 1581341839145340 1581341839155658 10318
Snk : 347 347 1581341839195552 1581341839205872 10320
Snk : 348 348 1581341839245782 1581341839256100 10318
Snk : 349 349 1581341839296031 1581341839306357 10326
Snk : 350 350 1581341839346400 1581341839356725 10325
Snk : 351 351 1581341839396561 1581341839406879 10318
Snk : 352 352 1581341839446756 1581341839457082 10326
Snk : 353 353 1581341839496974 1581341839507290 10316
Snk : 354 354 1581341839547226 1581341839557538 10312
Snk : 355 355 1581341839597494 1581341839607809 10315
Snk : 356 356 1581341839647715 1581341839658042 10327
Snk : 357 357 1581341839697943 1581341839708260 10317
Snk : 358 358 1581341839748251 1581341839758569 10318
Snk : 359 359 1581341839798589 1581341839808914 10325
Snk : 360 360 1581341839848816 1581341839859122 10306
Snk : 361 361 1581341839899044 1581341839909371 10327
Snk : 362 362 1581341839949285 1581341839959608 10323
Snk : 363 363 1581341839999508 1581341840009834 10326
Snk : 364 364 1581341840049677 1581341840059994 10317
Snk : 365 365 1581341840099827 1581341840110146 10319
Snk : 366 366 1581341840150092 1581341840160414 10322
Snk : 367 367 1581341840200298 1581341840210625 10327
Snk : 368 368 1581341840250514 1581341840260838 10324
Snk : 369 369 1581341840300715 1581341840311038 10323
Snk : 370 370 1581341840350997 1581341840361296 10299
Snk : 371 371 1581341840401235 1581341840411550 10315
Snk : 372 372 1581341840451387 1581341840461714 10327
Snk : 373 373 1581341840501570 1581341840511887 10317
Snk : 374 374 1581341840551836 1581341840562163 10327
Snk : 375 375 1581341840602043 1581341840612362 10319
Snk : 376 376 1581341840652284 1581341840662610 10326
Snk : 377 377 1581341840702555 1581341840712873 10318
Snk : 378 378 1581341840752821 1581341840763141 10320
Snk : 379 379 1581341840803035 1581341840813342 10307
Snk : 380 380 1581341840853332 1581341840863651 10319
Snk : 381 381 1581341840903541 1581341840913868 10327
Snk : 382 382 1581341840953821 1581341840964137 10316
Snk : 383 383 1581341841004046 1581341841014373 10327
Snk : 384 384 1581341841054329 1581341841064630 10301
Snk : 385 385 1581341841104529 1581341841114852 10323
Snk : 386 386 1581341841154783 1581341841165109 10326
Snk : 387 387 1581341841204986 1581341841215308 10322
Snk : 388 388 1581341841255182 1581341841265504 10322
Snk : 389 389 1581341841305364 1581341841315674 10310
Snk : 390 390 1581341841355638 1581341841365965 10327
Snk : 391 391 1581341841405866 1581341841416188 10322
Snk : 392 392 1581341841456115 1581341841466442 10327
Snk : 393 393 1581341841506381 1581341841516698 10317
Snk : 394 394 1581341841556599 1581341841566924 10325
Snk : 395 395 1581341841606807 1581341841617134 10327
Snk : 396 396 1581341841657671 1581341841668027 10356
Snk : 397 397 1581341841709140 1581341841719448 10308
Snk : 398 398 1581341841760254 1581341841770568 10314
Snk : 399 399 1581341841811278 1581341841821589 10311
Snk : 400 400 1581341841862243 1581341841872553 10310
Snk : 401 401 1581341841913222 1581341841923520 10298
Snk : 402 402 1581341841964162 1581341841974336 10174
Snk : 403 403 1581341842014318 1581341842024462 10144
Snk : 404 404 1581341842064425 1581341842074598 10173
Snk : 405 405 1581341842114509 1581341842124473 9964
Snk : 406 406 1581341842213075 1581341842227745 14670
Snk : 407 407 1581341842264847 1581341842275242 10395
Snk : 408 408 1581341842316282 1581341842326467 10185
Snk : 409 409 1581341842367112 1581341842377303 10191
Snk : 410 410 1581341842417764 1581341842427951 10187
Snk : 411 411 1581341842468437 1581341842478614 10177
Snk : 412 412 1581341842518955 1581341842529161 10206
Snk : 413 413 1581341842569572 1581341842579741 10169
Snk : 414 414 1581341842619997 1581341842630199 10202
Snk : 415 415 1581341842670475 1581341842680677 10202
Snk : 416 416 1581341842721088 1581341842731264 10176
Snk : 417 417 1581341842771272 1581341842781446 10174
Snk : 418 418 1581341842821612 1581341842831791 10179
Snk : 419 419 1581341842872526 1581341842882738 10212
Snk : 420 420 1581341842923216 1581341842933398 10182
Snk : 421 421 1581341842974126 1581341842984281 10155
Snk : 422 422 1581341843024815 1581341843034962 10147
Snk : 423 423 1581341843075151 1581341843085360 10209
Snk : 424 424 1581341843125688 1581341843135857 10169
Snk : 425 425 1581341843176012 1581341843186227 10215
Snk : 426 426 1581341843226379 1581341843236540 10161
Snk : 427 427 1581341843276864 1581341843287013 10149
Snk : 428 428 1581341843327201 1581341843337429 10228
Snk : 429 429 1581341843377828 1581341843388003 10175
Snk : 430 430 1581341843428250 1581341843438448 10198
Snk : 431 431 1581341843479423 1581341843489624 10201
Snk : 432 432 1581341843529977 1581341843540139 10162
Snk : 433 433 1581341843580853 1581341843591019 10166
Snk : 434 434 1581341843631509 1581341843641722 10213
Snk : 435 435 1581341843682095 1581341843692262 10167
Snk : 436 436 1581341843732444 1581341843742646 10202
Snk : 437 437 1581341843783110 1581341843793316 10206
Snk : 438 438 1581341843833509 1581341843843679 10170
Snk : 439 439 1581341843884029 1581341843894236 10207
Snk : 440 440 1581341843934398 1581341843944599 10201
Snk : 441 441 1581341843984855 1581341843995027 10172
Snk : 442 442 1581341844035191 1581341844045398 10207
Snk : 443 443 1581341844086308 1581341844096479 10171
Snk : 444 444 1581341844137173 1581341844147367 10194
Snk : 445 445 1581341844187950 1581341844198128 10178
Snk : 446 446 1581341844238523 1581341844248728 10205
Snk : 447 447 1581341844289012 1581341844299188 10176
Snk : 448 448 1581341844339387 1581341844349597 10210
Snk : 449 449 1581341844389730 1581341844399907 10177
Snk : 450 450 1581341844440083 1581341844450290 10207
Snk : 451 451 1581341844490404 1581341844500575 10171
Snk : 452 452 1581341844540987 1581341844551156 10169
Snk : 453 453 1581341844591316 1581341844601523 10207
Snk : 454 454 1581341844641870 1581341844652036 10166
Snk : 455 455 1581341844692781 1581341844702942 10161
Snk : 456 456 1581341844743616 1581341844753809 10193
Snk : 457 457 1581341844794436 1581341844804610 10174
Snk : 458 458 1581341844844969 1581341844855141 10172
Snk : 459 459 1581341844895355 1581341844905560 10205
Snk : 460 460 1581341844945910 1581341844956070 10160
Snk : 461 461 1581341844996415 1581341845006604 10189
Snk : 462 462 1581341845046938 1581341845057144 10206
Snk : 463 463 1581341845097316 1581341845107492 10176
Snk : 464 464 1581341845147855 1581341845158061 10206
Snk : 465 465 1581341845198150 1581341845208284 10134
Snk : 466 466 1581341845248545 1581341845258930 10385
Snk : 467 467 1581341845299543 1581341845309734 10191
Snk : 468 468 1581341845350448 1581341845360643 10195
Snk : 469 469 1581341845401105 1581341845411261 10156
Snk : 470 470 1581341845451533 1581341845461733 10200
Snk : 471 471 1581341845501974 1581341845512142 10168
Snk : 472 472 1581341845552426 1581341845562629 10203
Snk : 473 473 1581341845602815 1581341845613067 10252
Snk : 474 474 1581341845653447 1581341845663623 10176
Snk : 475 475 1581341845703931 1581341845714143 10212
Snk : 476 476 1581341845754341 1581341845764515 10174
Snk : 477 477 1581341845804997 1581341845815173 10176
Snk : 478 478 1581341845855368 1581341845865760 10392
Snk : 479 479 1581341845906430 1581341845916633 10203
Snk : 480 480 1581341845957290 1581341845967465 10175
Snk : 481 481 1581341846007949 1581341846018148 10199
Snk : 482 482 1581341846058385 1581341846068561 10176
Snk : 483 483 1581341846108504 1581341846118708 10204
Snk : 484 484 1581341846159117 1581341846169319 10202
Snk : 485 485 1581341846209536 1581341846219712 10176
Snk : 486 486 1581341846259681 1581341846269889 10208
Snk : 487 487 1581341846310190 1581341846320356 10166
Snk : 488 488 1581341846360565 1581341846370745 10180
Snk : 489 489 1581341846410937 1581341846421140 10203
Snk : 490 490 1581341846461957 1581341846472214 10257
Snk : 491 491 1581341846512818 1581341846522986 10168
Snk : 492 492 1581341846563763 1581341846573926 10163
Snk : 493 493 1581341846614418 1581341846624565 10147
Snk : 494 494 1581341846664611 1581341846674756 10145
Snk : 495 495 1581341846714877 1581341846725053 10176
Snk : 496 496 1581341846764828 1581341846774967 10139
Snk : 497 497 1581341846814880 1581341846824893 10013
Snk : 498 498 1581341846864495 1581341846874471 9976
Snk : 499 499 1581341846913975 1581341846923923 9948
Snk : 500 500 1581341846962986 1581341846972816 9830
