Src : 1 1 1581341680532475 1581341680547869 15394
Src : 2 2 1581341680547910 1581341680562415 14505
Src : 3 3 1581341680562432 1581341680576810 14378
Src : 4 4 1581341680576815 1581341680591137 14322
Src : 5 5 1581341680591141 1581341680604111 12970
Src : 6 6 1581341680604120 1581341680614360 10240
Src : 7 7 1581341680614366 1581341680624627 10261
Src : 8 8 1581341680624630 1581341680634935 10305
Src : 9 9 1581341680634938 1581341680645224 10286
Src : 10 10 1581341680670583 1581341680680755 10172
Src : 11 11 1581341680722273 1581341680732418 10145
Src : 12 12 1581341680773142 1581341680783286 10144
Src : 13 13 1581341680824083 1581341680834252 10169
Src : 14 14 1581341680874985 1581341680885135 10150
Src : 15 15 1581341680925746 1581341680935905 10159
Src : 16 16 1581341680976350 1581341680986473 10123
Src : 17 17 1581341681027052 1581341681037202 10150
Src : 18 18 1581341681077770 1581341681087906 10136
Src : 19 19 1581341681128405 1581341681138720 10315
Src : 20 20 1581341681179328 1581341681189470 10142
Src : 21 21 1581341681230180 1581341681240287 10107
Src : 22 22 1581341681280856 1581341681290975 10119
Src : 23 23 1581341681331550 1581341681341701 10151
Src : 24 24 1581341681382319 1581341681392458 10139
Src : 25 25 1581341681433056 1581341681443198 10142
Src : 26 26 1581341681483796 1581341681493934 10138
Src : 27 27 1581341681534652 1581341681544779 10127
Src : 28 28 1581341681585300 1581341681595414 10114
Src : 29 29 1581341681636100 1581341681646248 10148
Src : 30 30 1581341681686883 1581341681697033 10150
Src : 31 31 1581341681738002 1581341681748214 10212
Src : 32 32 1581341681788830 1581341681798949 10119
Src : 33 33 1581341681839602 1581341681849715 10113
Src : 34 34 1581341681890353 1581341681900468 10115
Src : 35 35 1581341681941167 1581341681951309 10142
Src : 36 36 1581341681991802 1581341682001951 10149
Src : 37 37 1581341682042605 1581341682052745 10140
Src : 38 38 1581341682093265 1581341682103372 10107
Src : 39 39 1581341682143983 1581341682154101 10118
Src : 40 40 1581341682194673 1581341682204821 10148
Src : 41 41 1581341682245464 1581341682255611 10147
Src : 42 42 1581341682296059 1581341682306208 10149
Src : 43 43 1581341682347229 1581341682357439 10210
Src : 44 44 1581341682398306 1581341682408423 10117
Src : 45 45 1581341682449617 1581341682459732 10115
Src : 46 46 1581341682500856 1581341682510997 10141
Src : 47 47 1581341682551533 1581341682561681 10148
Src : 48 48 1581341682602437 1581341682612643 10206
Src : 49 49 1581341682653345 1581341682663491 10146
Src : 50 50 1581341682704129 1581341682714309 10180
Src : 51 51 1581341682754801 1581341682764945 10144
Src : 52 52 1581341682805590 1581341682815773 10183
Src : 53 53 1581341682856325 1581341682866531 10206
Src : 54 54 1581341682907080 1581341682917229 10149
Src : 55 55 1581341682958287 1581341682968462 10175
Src : 56 56 1581341683008674 1581341683018819 10145
Src : 57 57 1581341683059473 1581341683069624 10151
Src : 58 58 1581341683110200 1581341683120340 10140
Src : 59 59 1581341683161100 1581341683171241 10141
Src : 60 60 1581341683211778 1581341683221946 10168
Src : 61 61 1581341683262389 1581341683272494 10105
Src : 62 62 1581341683313117 1581341683323222 10105
Src : 63 63 1581341683363906 1581341683374053 10147
Src : 64 64 1581341683414682 1581341683424853 10171
Src : 65 65 1581341683465488 1581341683475627 10139
Src : 66 66 1581341683516347 1581341683526502 10155
Src : 67 67 1581341683567916 1581341683578041 10125
Src : 68 68 1581341683618771 1581341683628913 10142
Src : 69 69 1581341683669923 1581341683680098 10175
Src : 70 70 1581341683721070 1581341683731266 10196
Src : 71 71 1581341683771828 1581341683781979 10151
Src : 72 72 1581341683822517 1581341683832632 10115
Src : 73 73 1581341683873318 1581341683883433 10115
Src : 74 74 1581341683924092 1581341683934241 10149
Src : 75 75 1581341683974728 1581341683984871 10143
Src : 76 76 1581341684025375 1581341684035523 10148
Src : 77 77 1581341684076183 1581341684086322 10139
Src : 78 78 1581341684127015 1581341684137230 10215
Src : 79 79 1581341684178143 1581341684188247 10104
Src : 80 80 1581341684228916 1581341684239052 10136
Src : 81 81 1581341684279676 1581341684289818 10142
Src : 82 82 1581341684330410 1581341684340573 10163
Src : 83 83 1581341684381208 1581341684391327 10119
Src : 84 84 1581341684431950 1581341684442067 10117
Src : 85 85 1581341684482774 1581341684492914 10140
Src : 86 86 1581341684533568 1581341684543789 10221
Src : 87 87 1581341684584422 1581341684594566 10144
Src : 88 88 1581341684635271 1581341684645406 10135
Src : 89 89 1581341684686145 1581341684696264 10119
Src : 90 90 1581341684736763 1581341684746996 10233
Src : 91 91 1581341684787783 1581341684797934 10151
Src : 92 92 1581341684838538 1581341684848738 10200
Src : 93 93 1581341684889319 1581341684899459 10140
Src : 94 94 1581341684940117 1581341684950268 10151
Src : 95 95 1581341684990832 1581341685000938 10106
Src : 96 96 1581341685041486 1581341685051604 10118
Src : 97 97 1581341685092172 1581341685102312 10140
Src : 98 98 1581341685142928 1581341685153074 10146
Src : 99 99 1581341685193380 1581341685203526 10146
Src : 100 100 1581341685244264 1581341685254415 10151
Src : 101 101 1581341685294970 1581341685305090 10120
Src : 102 102 1581341685346256 1581341685356397 10141
Src : 103 103 1581341685397135 1581341685407278 10143
Src : 104 104 1581341685447802 1581341685457946 10144
Src : 105 105 1581341685498284 1581341685508425 10141
Src : 106 106 1581341685549069 1581341685559169 10100
Src : 107 107 1581341685599828 1581341685609980 10152
Src : 108 108 1581341685650791 1581341685660983 10192
Src : 109 109 1581341685701734 1581341685711874 10140
Src : 110 110 1581341685752422 1581341685762562 10140
Src : 111 111 1581341685803125 1581341685813273 10148
Src : 112 112 1581341685853890 1581341685864009 10119
Src : 113 113 1581341685904443 1581341685914566 10123
Src : 114 114 1581341685955709 1581341685965934 10225
Src : 115 115 1581341686006455 1581341686016598 10143
Src : 116 116 1581341686057844 1581341686067984 10140
Src : 117 117 1581341686109080 1581341686119195 10115
Src : 118 118 1581341686159789 1581341686169908 10119
Src : 119 119 1581341686210472 1581341686220643 10171
Src : 120 120 1581341686261137 1581341686271284 10147
Src : 121 121 1581341686311853 1581341686321989 10136
Src : 122 122 1581341686362698 1581341686372845 10147
Src : 123 123 1581341686413396 1581341686423543 10147
Src : 124 124 1581341686464108 1581341686474221 10113
Src : 125 125 1581341686514676 1581341686524819 10143
Src : 126 126 1581341686566212 1581341686576358 10146
Src : 127 127 1581341686617187 1581341686627360 10173
Src : 128 128 1581341686668354 1581341686678497 10143
Src : 129 129 1581341686719513 1581341686729662 10149
Src : 130 130 1581341686770347 1581341686780462 10115
Src : 131 131 1581341686821096 1581341686831232 10136
Src : 132 132 1581341686871924 1581341686882067 10143
Src : 133 133 1581341686922655 1581341686932821 10166
Src : 134 134 1581341686973498 1581341686983675 10177
Src : 135 135 1581341687024411 1581341687034523 10112
Src : 136 136 1581341687075154 1581341687085305 10151
Src : 137 137 1581341687125591 1581341687135741 10150
Src : 138 138 1581341687176999 1581341687187142 10143
Src : 139 139 1581341687227665 1581341687237807 10142
Src : 140 140 1581341687278450 1581341687288569 10119
Src : 141 141 1581341687329148 1581341687339290 10142
Src : 142 142 1581341687379949 1581341687390100 10151
Src : 143 143 1581341687430723 1581341687440872 10149
Src : 144 144 1581341687481268 1581341687491410 10142
Src : 145 145 1581341687531832 1581341687541986 10154
Src : 146 146 1581341687582409 1581341687592513 10104
Src : 147 147 1581341687633118 1581341687643237 10119
Src : 148 148 1581341687683838 1581341687693989 10151
Src : 149 149 1581341687734491 1581341687744690 10199
Src : 150 150 1581341687785677 1581341687795854 10177
Src : 151 151 1581341687836911 1581341687847027 10116
Src : 152 152 1581341687887941 1581341687898056 10115
Src : 153 153 1581341687938753 1581341687948894 10141
Src : 154 154 1581341687989338 1581341687999475 10137
Src : 155 155 1581341688040185 1581341688050308 10123
Src : 156 156 1581341688090872 1581341688101019 10147
Src : 157 157 1581341688141709 1581341688151823 10114
Src : 158 158 1581341688192444 1581341688202557 10113
Src : 159 159 1581341688243110 1581341688253258 10148
Src : 160 160 1581341688293747 1581341688303882 10135
Src : 161 161 1581341688345115 1581341688355292 10177
Src : 162 162 1581341688395978 1581341688406129 10151
Src : 163 163 1581341688446762 1581341688456871 10109
Src : 164 164 1581341688497362 1581341688507476 10114
Src : 165 165 1581341688548375 1581341688558552 10177
Src : 166 166 1581341688599211 1581341688609442 10231
Src : 167 167 1581341688650206 1581341688660353 10147
Src : 168 168 1581341688700976 1581341688711093 10117
Src : 169 169 1581341688751760 1581341688761882 10122
Src : 170 170 1581341688802367 1581341688812556 10189
Src : 171 171 1581341688853314 1581341688863455 10141
Src : 172 172 1581341688903849 1581341688913993 10144
Src : 173 173 1581341688954953 1581341688965165 10212
Src : 174 174 1581341689005850 1581341689015958 10108
Src : 175 175 1581341689057092 1581341689067205 10113
Src : 176 176 1581341689108175 1581341689118324 10149
Src : 177 177 1581341689158849 1581341689168992 10143
Src : 178 178 1581341689209493 1581341689219637 10144
Src : 179 179 1581341689260311 1581341689270461 10150
Src : 180 180 1581341689311021 1581341689321169 10148
Src : 181 181 1581341689361923 1581341689372036 10113
Src : 182 182 1581341689412676 1581341689422822 10146
Src : 183 183 1581341689463392 1581341689473534 10142
Src : 184 184 1581341689514037 1581341689524174 10137
Src : 185 185 1581341689565363 1581341689575483 10120
Src : 186 186 1581341689616404 1581341689626547 10143
Src : 187 187 1581341689667565 1581341689677704 10139
Src : 188 188 1581341689718469 1581341689728667 10198
Src : 189 189 1581341689769385 1581341689779533 10148
Src : 190 190 1581341689820037 1581341689830212 10175
Src : 191 191 1581341689870689 1581341689880800 10111
Src : 192 192 1581341689921430 1581341689931538 10108
Src : 193 193 1581341689972112 1581341689982260 10148
Src : 194 194 1581341690022751 1581341690032930 10179
Src : 195 195 1581341690073382 1581341690083528 10146
Src : 196 196 1581341690124132 1581341690134309 10177
Src : 197 197 1581341690175606 1581341690185720 10114
Src : 198 198 1581341690226218 1581341690236318 10100
Src : 199 199 1581341690276991 1581341690287139 10148
Src : 200 200 1581341690327708 1581341690337887 10179
Src : 201 201 1581341690378554 1581341690388698 10144
Src : 202 202 1581341690429252 1581341690439368 10116
Src : 203 203 1581341690479986 1581341690490102 10116
Src : 204 204 1581341690530806 1581341690541086 10280
Src : 205 205 1581341690582983 1581341690593289 10306
Src : 206 206 1581341691025558 1581341691035529 9971
Src : 207 207 1581341691035550 1581341691046152 10602
Src : 208 208 1581341691046160 1581341691056474 10314
Src : 209 209 1581341691056482 1581341691066726 10244
Src : 210 210 1581341691066736 1581341691077036 10300
Src : 211 211 1581341691077042 1581341691087262 10220
Src : 212 212 1581341691087265 1581341691097574 10309
Src : 213 213 1581341691097576 1581341691107867 10291
Src : 214 214 1581341691107871 1581341691118174 10303
Src : 215 215 1581341691145340 1581341691155642 10302
Src : 216 216 1581341691196748 1581341691207060 10312
Src : 217 217 1581341691247559 1581341691257761 10202
Src : 218 218 1581341691298530 1581341691308734 10204
Src : 219 219 1581341691349904 1581341691360070 10166
Src : 220 220 1581341691400843 1581341691411017 10174
Src : 221 221 1581341691451847 1581341691462034 10187
Src : 222 222 1581341691502659 1581341691512853 10194
Src : 223 223 1581341691553539 1581341691563732 10193
Src : 224 224 1581341691604299 1581341691614494 10195
Src : 225 225 1581341691655362 1581341691665560 10198
Src : 226 226 1581341691706085 1581341691716258 10173
Src : 227 227 1581341691757163 1581341691767330 10167
Src : 228 228 1581341691808141 1581341691818342 10201
Src : 229 229 1581341691858885 1581341691869086 10201
Src : 230 230 1581341691909715 1581341691919876 10161
Src : 231 231 1581341691960705 1581341691970873 10168
Src : 232 232 1581341692011547 1581341692021749 10202
Src : 233 233 1581341692062319 1581341692072491 10172
Src : 234 234 1581341692113081 1581341692123250 10169
Src : 235 235 1581341692163953 1581341692174156 10203
Src : 236 236 1581341692214791 1581341692224986 10195
Src : 237 237 1581341692265713 1581341692275882 10169
Src : 238 238 1581341692316424 1581341692326605 10181
Src : 239 239 1581341692367341 1581341692377527 10186
Src : 240 240 1581341692418269 1581341692428443 10174
Src : 241 241 1581341692469192 1581341692479364 10172
Src : 242 242 1581341692520055 1581341692530258 10203
Src : 243 243 1581341692570885 1581341692581084 10199
Src : 244 244 1581341692621773 1581341692631975 10202
Src : 245 245 1581341692672674 1581341692682833 10159
Src : 246 246 1581341692723659 1581341692733853 10194
Src : 247 247 1581341692774601 1581341692784801 10200
Src : 248 248 1581341692825458 1581341692835662 10204
Src : 249 249 1581341692876335 1581341692886528 10193
Src : 250 250 1581341692926955 1581341692937181 10226
Src : 251 251 1581341692977821 1581341692987991 10170
Src : 252 252 1581341693028721 1581341693038890 10169
Src : 253 253 1581341693079367 1581341693089591 10224
Src : 254 254 1581341693130180 1581341693140376 10196
Src : 255 255 1581341693181140 1581341693191307 10167
Src : 256 256 1581341693232039 1581341693242233 10194
Src : 257 257 1581341693282767 1581341693292963 10196
Src : 258 258 1581341693333591 1581341693343795 10204
Src : 259 259 1581341693384386 1581341693394590 10204
Src : 260 260 1581341693435261 1581341693445464 10203
Src : 261 261 1581341693486091 1581341693496263 10172
Src : 262 262 1581341693537103 1581341693547301 10198
Src : 263 263 1581341693588140 1581341693598343 10203
Src : 264 264 1581341693638753 1581341693648945 10192
Src : 265 265 1581341693689528 1581341693699695 10167
Src : 266 266 1581341693740289 1581341693750489 10200
Src : 267 267 1581341693791118 1581341693801316 10198
Src : 268 268 1581341693841748 1581341693851907 10159
Src : 269 269 1581341693892523 1581341693902713 10190
Src : 270 270 1581341693943517 1581341693953719 10202
Src : 271 271 1581341693994254 1581341694004422 10168
Src : 272 272 1581341694045203 1581341694055366 10163
Src : 273 273 1581341694095741 1581341694105938 10197
Src : 274 274 1581341694146515 1581341694156714 10199
Src : 275 275 1581341694197432 1581341694207598 10166
Src : 276 276 1581341694248210 1581341694258414 10204
Src : 277 277 1581341694299100 1581341694309303 10203
Src : 278 278 1581341694350027 1581341694360193 10166
Src : 279 279 1581341694400937 1581341694411110 10173
Src : 280 280 1581341694451702 1581341694461901 10199
Src : 281 281 1581341694502581 1581341694512784 10203
Src : 282 282 1581341694553406 1581341694563572 10166
Src : 283 283 1581341694604322 1581341694614526 10204
Src : 284 284 1581341694655160 1581341694665355 10195
Src : 285 285 1581341694706017 1581341694716216 10199
Src : 286 286 1581341694756854 1581341694767028 10174
Src : 287 287 1581341694807610 1581341694817816 10206
Src : 288 288 1581341694858330 1581341694868496 10166
Src : 289 289 1581341694909190 1581341694919363 10173
Src : 290 290 1581341694960078 1581341694970281 10203
Src : 291 291 1581341695010803 1581341695021001 10198
Src : 292 292 1581341695061497 1581341695071692 10195
Src : 293 293 1581341695112362 1581341695122555 10193
Src : 294 294 1581341695163315 1581341695173516 10201
Src : 295 295 1581341695214109 1581341695224277 10168
Src : 296 296 1581341695264936 1581341695275127 10191
Src : 297 297 1581341695315725 1581341695325924 10199
Src : 298 298 1581341695366545 1581341695376750 10205
Src : 299 299 1581341695417467 1581341695427631 10164
Src : 300 300 1581341695468319 1581341695478517 10198
Src : 301 301 1581341695519144 1581341695529343 10199
Src : 302 302 1581341695570166 1581341695580338 10172
Src : 303 303 1581341695620826 1581341695631021 10195
Src : 304 304 1581341695671554 1581341695681750 10196
Src : 305 305 1581341695722218 1581341695732392 10174
Src : 306 306 1581341695773054 1581341695783220 10166
Src : 307 307 1581341695823857 1581341695834086 10229
Src : 308 308 1581341695874613 1581341695884814 10201
Src : 309 309 1581341695925420 1581341695935594 10174
Src : 310 310 1581341695976290 1581341695986523 10233
Src : 311 311 1581341696027227 1581341696037460 10233
Src : 312 312 1581341696078163 1581341696088334 10171
Src : 313 313 1581341696128834 1581341696139030 10196
Src : 314 314 1581341696179633 1581341696189828 10195
Src : 315 315 1581341696230363 1581341696240563 10200
Src : 316 316 1581341696281280 1581341696291455 10175
Src : 317 317 1581341696332141 1581341696342375 10234
Src : 318 318 1581341696383020 1581341696393218 10198
Src : 319 319 1581341696433943 1581341696444109 10166
Src : 320 320 1581341696484683 1581341696494849 10166
Src : 321 321 1581341696535601 1581341696545833 10232
Src : 322 322 1581341696586372 1581341696596543 10171
Src : 323 323 1581341696637260 1581341696647456 10196
Src : 324 324 1581341696687910 1581341696698105 10195
Src : 325 325 1581341696738729 1581341696748930 10201
Src : 326 326 1581341696789536 1581341696799704 10168
Src : 327 327 1581341696840259 1581341696850460 10201
Src : 328 328 1581341696890955 1581341696901149 10194
Src : 329 329 1581341696941608 1581341696951774 10166
Src : 330 330 1581341696992465 1581341697002668 10203
Src : 331 331 1581341697043363 1581341697053564 10201
Src : 332 332 1581341697094111 1581341697104268 10157
Src : 333 333 1581341697145034 1581341697155189 10155
Src : 334 334 1581341697195875 1581341697206080 10205
Src : 335 335 1581341697246712 1581341697256912 10200
Src : 336 336 1581341697297416 1581341697307582 10166
Src : 337 337 1581341697348282 1581341697358486 10204
Src : 338 338 1581341697399049 1581341697409249 10200
Src : 339 339 1581341697449790 1581341697459958 10168
Src : 340 340 1581341697500564 1581341697510903 10339
Src : 341 341 1581341697551606 1581341697561802 10196
Src : 342 342 1581341697602414 1581341697612585 10171
Src : 343 343 1581341697653213 1581341697663381 10168
Src : 344 344 1581341697703988 1581341697714192 10204
Src : 345 345 1581341697754624 1581341697764821 10197
Src : 346 346 1581341697805569 1581341697815735 10166
Src : 347 347 1581341697856443 1581341697866641 10198
Src : 348 348 1581341697907411 1581341697917611 10200
Src : 349 349 1581341697958319 1581341697968478 10159
Src : 350 350 1581341698009053 1581341698019221 10168
Src : 351 351 1581341698059824 1581341698070027 10203
Src : 352 352 1581341698110540 1581341698120743 10203
Src : 353 353 1581341698161542 1581341698171717 10175
Src : 354 354 1581341698212248 1581341698222438 10190
Src : 355 355 1581341698262983 1581341698273186 10203
Src : 356 356 1581341698313874 1581341698324046 10172
Src : 357 357 1581341698364884 1581341698375048 10164
Src : 358 358 1581341698415685 1581341698425916 10231
Src : 359 359 1581341698466913 1581341698477111 10198
Src : 360 360 1581341698517846 1581341698528015 10169
Src : 361 361 1581341698568798 1581341698578972 10174
Src : 362 362 1581341698619656 1581341698629854 10198
Src : 363 363 1581341698670408 1581341698680570 10162
Src : 364 364 1581341698721317 1581341698731482 10165
Src : 365 365 1581341698772014 1581341698782207 10193
Src : 366 366 1581341698822946 1581341698833143 10197
Src : 367 367 1581341698873786 1581341698883960 10174
Src : 368 368 1581341698924541 1581341698934734 10193
Src : 369 369 1581341698975419 1581341698985622 10203
Src : 370 370 1581341699026174 1581341699036379 10205
Src : 371 371 1581341699076941 1581341699087104 10163
Src : 372 372 1581341699127843 1581341699138039 10196
Src : 373 373 1581341699178721 1581341699188924 10203
Src : 374 374 1581341699229402 1581341699239597 10195
Src : 375 375 1581341699280173 1581341699290366 10193
Src : 376 376 1581341699331006 1581341699341231 10225
Src : 377 377 1581341699381733 1581341699391902 10169
Src : 378 378 1581341699432458 1581341699442689 10231
Src : 379 379 1581341699483424 1581341699493627 10203
Src : 380 380 1581341699534318 1581341699544518 10200
Src : 381 381 1581341699585120 1581341699595292 10172
Src : 382 382 1581341699636002 1581341699646199 10197
Src : 383 383 1581341699687258 1581341699697461 10203
Src : 384 384 1581341699738090 1581341699748277 10187
Src : 385 385 1581341699788980 1581341699799146 10166
Src : 386 386 1581341699839939 1581341699850141 10202
Src : 387 387 1581341699890719 1581341699900920 10201
Src : 388 388 1581341699941527 1581341699951696 10169
Src : 389 389 1581341699992329 1581341700002838 10509
Src : 390 390 1581341700043666 1581341700053854 10188
Src : 391 391 1581341700094371 1581341700104537 10166
Src : 392 392 1581341700145270 1581341700155439 10169
Src : 393 393 1581341700196238 1581341700206442 10204
Src : 394 394 1581341700247146 1581341700257346 10200
Src : 395 395 1581341700297783 1581341700307954 10171
Src : 396 396 1581341700348650 1581341700358816 10166
Src : 397 397 1581341700399345 1581341700409542 10197
Src : 398 398 1581341700450066 1581341700460226 10160
Src : 399 399 1581341700500870 1581341700511027 10157
Src : 400 400 1581341700551737 1581341700561931 10194
Src : 401 401 1581341700602533 1581341700612738 10205
Src : 402 402 1581341700653319 1581341700663486 10167
Src : 403 403 1581341700704111 1581341700714314 10203
Src : 404 404 1581341700754997 1581341700765202 10205
Src : 405 405 1581341700805967 1581341700816131 10164
Src : 406 406 1581341700856851 1581341700867016 10165
Src : 407 407 1581341700907618 1581341700917822 10204
Src : 408 408 1581341700958392 1581341700968563 10171
Src : 409 409 1581341701009105 1581341701019272 10167
Src : 410 410 1581341701059928 1581341701070130 10202
Src : 411 411 1581341701110577 1581341701120776 10199
Src : 412 412 1581341701161564 1581341701171738 10174
Src : 413 413 1581341701212394 1581341701222589 10195
Src : 414 414 1581341701263348 1581341701273551 10203
Src : 415 415 1581341701314066 1581341701324221 10155
Src : 416 416 1581341701364901 1581341701375066 10165
Src : 417 417 1581341701415817 1581341701426019 10202
Src : 418 418 1581341701466709 1581341701476906 10197
Src : 419 419 1581341701517491 1581341701527660 10169
Src : 420 420 1581341701568516 1581341701578720 10204
Src : 421 421 1581341701619571 1581341701629769 10198
Src : 422 422 1581341701670471 1581341701680717 10246
Src : 423 423 1581341701721534 1581341701731704 10170
Src : 424 424 1581341701772202 1581341701782403 10201
Src : 425 425 1581341701822940 1581341701833137 10197
Src : 426 426 1581341701873875 1581341701884042 10167
Src : 427 427 1581341701924602 1581341701934777 10175
Src : 428 428 1581341701975414 1581341701985636 10222
Src : 429 429 1581341702026201 1581341702036367 10166
Src : 430 430 1581341702077015 1581341702087182 10167
Src : 431 431 1581341702127697 1581341702137892 10195
Src : 432 432 1581341702178572 1581341702188774 10202
Src : 433 433 1581341702229218 1581341702239421 10203
Src : 434 434 1581341702280026 1581341702290218 10192
Src : 435 435 1581341702330763 1581341702341000 10237
Src : 436 436 1581341702381702 1581341702391862 10160
Src : 437 437 1581341702432336 1581341702442562 10226
Src : 438 438 1581341702483305 1581341702493507 10202
Src : 439 439 1581341702534043 1581341702544212 10169
Src : 440 440 1581341702584741 1581341702594913 10172
Src : 441 441 1581341702635533 1581341702645763 10230
Src : 442 442 1581341702686299 1581341702696462 10163
Src : 443 443 1581341702737247 1581341702747441 10194
Src : 444 444 1581341702788121 1581341702798325 10204
Src : 445 445 1581341702838897 1581341702849121 10224
Src : 446 446 1581341702889839 1581341702900006 10167
Src : 447 447 1581341702940586 1581341702950744 10158
Src : 448 448 1581341702991521 1581341703001725 10204
Src : 449 449 1581341703042387 1581341703052557 10170
Src : 450 450 1581341703093270 1581341703103437 10167
Src : 451 451 1581341703144127 1581341703154359 10232
Src : 452 452 1581341703194852 1581341703205056 10204
Src : 453 453 1581341703245775 1581341703255952 10177
Src : 454 454 1581341703296457 1581341703306645 10188
Src : 455 455 1581341703347266 1581341703357459 10193
Src : 456 456 1581341703398094 1581341703408265 10171
Src : 457 457 1581341703449013 1581341703459178 10165
Src : 458 458 1581341703499796 1581341703509990 10194
Src : 459 459 1581341703550736 1581341703560928 10192
Src : 460 460 1581341703601634 1581341703611802 10168
Src : 461 461 1581341703652357 1581341703662550 10193
Src : 462 462 1581341703703111 1581341703713304 10193
Src : 463 463 1581341703754032 1581341703764206 10174
Src : 464 464 1581341703804742 1581341703814911 10169
Src : 465 465 1581341703855446 1581341703865642 10196
Src : 466 466 1581341703906236 1581341703916399 10163
Src : 467 467 1581341703957017 1581341703967190 10173
Src : 468 468 1581341704007920 1581341704018116 10196
Src : 469 469 1581341704058660 1581341704068857 10197
Src : 470 470 1581341704109463 1581341704119635 10172
Src : 471 471 1581341704160403 1581341704170589 10186
Src : 472 472 1581341704211099 1581341704221303 10204
Src : 473 473 1581341704261906 1581341704272062 10156
Src : 474 474 1581341704312740 1581341704322907 10167
Src : 475 475 1581341704363488 1581341704373689 10201
Src : 476 476 1581341704414236 1581341704424408 10172
Src : 477 477 1581341704465052 1581341704475221 10169
Src : 478 478 1581341704515851 1581341704526060 10209
Src : 479 479 1581341704566691 1581341704576920 10229
Src : 480 480 1581341704617457 1581341704627617 10160
Src : 481 481 1581341704668344 1581341704678541 10197
Src : 482 482 1581341704719197 1581341704729402 10205
Src : 483 483 1581341704770242 1581341704780416 10174
Src : 484 484 1581341704821215 1581341704831388 10173
Src : 485 485 1581341704871881 1581341704882072 10191
Src : 486 486 1581341704922685 1581341704932881 10196
Src : 487 487 1581341704973488 1581341704983656 10168
Src : 488 488 1581341705024385 1581341705034585 10200
Src : 489 489 1581341705075208 1581341705085404 10196
Src : 490 490 1581341705126036 1581341705136207 10171
Src : 491 491 1581341705176933 1581341705187109 10176
Src : 492 492 1581341705227804 1581341705238006 10202
Src : 493 493 1581341705278568 1581341705288767 10199
Src : 494 494 1581341705329343 1581341705339508 10165
Src : 495 495 1581341705380210 1581341705390413 10203
Src : 496 496 1581341705431150 1581341705441348 10198
Src : 497 497 1581341705481982 1581341705492145 10163
Src : 498 498 1581341705532881 1581341705543080 10199
Src : 499 499 1581341705583585 1581341705593770 10185
Src : 500 500 1581341705634332 1581341705644533 10201
Snk : 1 1 1581341680639712 1581341680654187 14475
Snk : 2 2 1581341680691024 1581341680705507 14483
Snk : 3 3 1581341680742563 1581341680756797 14234
Snk : 4 4 1581341680793386 1581341680807591 14205
Snk : 5 5 1581341680844317 1581341680858554 14237
Snk : 6 6 1581341680895212 1581341680909433 14221
Snk : 7 7 1581341680945991 1581341680960154 14163
Snk : 8 8 1581341680996536 1581341681010728 14192
Snk : 9 9 1581341681047255 1581341681061449 14194
Snk : 10 10 1581341681097988 1581341681112162 14174
Snk : 11 11 1581341681148970 1581341681163219 14249
Snk : 12 12 1581341681199546 1581341681213737 14191
Snk : 13 13 1581341681250384 1581341681264558 14174
Snk : 14 14 1581341681301106 1581341681315282 14176
Snk : 15 15 1581341681351774 1581341681365964 14190
Snk : 16 16 1581341681402568 1581341681416801 14233
Snk : 17 17 1581341681453312 1581341681467459 14147
Snk : 18 18 1581341681504034 1581341681518238 14204
Snk : 19 19 1581341681554850 1581341681569057 14207
Snk : 20 20 1581341681605559 1581341681619763 14204
Snk : 21 21 1581341681656324 1581341681670530 14206
Snk : 22 22 1581341681707105 1581341681721336 14231
Snk : 23 23 1581341681758332 1581341681772540 14208
Snk : 24 24 1581341681809109 1581341681823342 14233
Snk : 25 25 1581341681859824 1581341681874060 14236
Snk : 26 26 1581341681910606 1581341681924839 14233
Snk : 27 27 1581341681961402 1581341681975604 14202
Snk : 28 28 1581341682012024 1581341682026290 14266
Snk : 29 29 1581341682062836 1581341682077067 14231
Snk : 30 30 1581341682113492 1581341682127698 14206
Snk : 31 31 1581341682164206 1581341682178439 14233
Snk : 32 32 1581341682214891 1581341682229154 14263
Snk : 33 33 1581341682265713 1581341682279918 14205
Snk : 34 34 1581341682316252 1581341682330571 14319
Snk : 35 35 1581341682367589 1581341682381877 14288
Snk : 36 36 1581341682418662 1581341682433042 14380
Snk : 37 37 1581341682469958 1581341682484367 14409
Snk : 38 38 1581341682521070 1581341682535271 14201
Snk : 39 39 1581341682571756 1581341682585965 14209
Snk : 40 40 1581341682622781 1581341682637037 14256
Snk : 41 41 1581341682673629 1581341682687792 14163
Snk : 42 42 1581341682724412 1581341682738646 14234
Snk : 43 43 1581341682774998 1581341682789204 14206
Snk : 44 44 1581341682825904 1581341682840078 14174
Snk : 45 45 1581341682876602 1581341682890777 14175
Snk : 46 46 1581341682927332 1581341682941905 14573
Snk : 47 47 1581341682978588 1581341682992844 14256
Snk : 48 48 1581341683028942 1581341683043116 14174
Snk : 49 49 1581341683079697 1581341683093930 14233
Snk : 50 50 1581341683130514 1581341683144748 14234
Snk : 51 51 1581341683181365 1581341683195541 14176
Snk : 52 52 1581341683232059 1581341683246295 14236
Snk : 53 53 1581341683282641 1581341683296850 14209
Snk : 54 54 1581341683333430 1581341683347620 14190
Snk : 55 55 1581341683384127 1581341683398345 14218
Snk : 56 56 1581341683434900 1581341683449135 14235
Snk : 57 57 1581341683485772 1581341683499946 14174
Snk : 58 58 1581341683537072 1581341683551493 14421
Snk : 59 59 1581341683588080 1581341683602258 14178
Snk : 60 60 1581341683639108 1581341683653478 14370
Snk : 61 61 1581341683690413 1581341683704784 14371
Snk : 62 62 1581341683741384 1581341683755530 14146
Snk : 63 63 1581341683792053 1581341683806270 14217
Snk : 64 64 1581341683842713 1581341683856891 14178
Snk : 65 65 1581341683893535 1581341683907713 14178
Snk : 66 66 1581341683944324 1581341683958533 14209
Snk : 67 67 1581341683994918 1581341684009124 14206
Snk : 68 68 1581341684045633 1581341684059780 14147
Snk : 69 69 1581341684096408 1581341684110612 14204
Snk : 70 70 1581341684147561 1581341684161787 14226
Snk : 71 71 1581341684198393 1581341684212557 14164
Snk : 72 72 1581341684249147 1581341684263325 14178
Snk : 73 73 1581341684299898 1581341684314134 14236
Snk : 74 74 1581341684350652 1581341684364886 14234
Snk : 75 75 1581341684401438 1581341684415602 14164
Snk : 76 76 1581341684452174 1581341684466409 14235
Snk : 77 77 1581341684502972 1581341684517205 14233
Snk : 78 78 1581341684553900 1581341684568102 14202
Snk : 79 79 1581341684604704 1581341684618955 14251
Snk : 80 80 1581341684655522 1581341684669758 14236
Snk : 81 81 1581341684706375 1581341684720626 14251
Snk : 82 82 1581341684757223 1581341684771472 14249
Snk : 83 83 1581341684807966 1581341684822289 14323
Snk : 84 84 1581341684858810 1581341684873013 14203
Snk : 85 85 1581341684909578 1581341684923725 14147
Snk : 86 86 1581341684960329 1581341684974523 14194
Snk : 87 87 1581341685010992 1581341685025223 14231
Snk : 88 88 1581341685061712 1581341685075873 14161
Snk : 89 89 1581341685112366 1581341685126572 14206
Snk : 90 90 1581341685163128 1581341685177332 14204
Snk : 91 91 1581341685213649 1581341685227822 14173
Snk : 92 92 1581341685264518 1581341685278721 14203
Snk : 93 93 1581341685315205 1581341685329397 14192
Snk : 94 94 1581341685366547 1581341685380782 14235
Snk : 95 95 1581341685417374 1581341685431576 14202
Snk : 96 96 1581341685467999 1581341685482206 14207
Snk : 97 97 1581341685518565 1581341685532860 14295
Snk : 98 98 1581341685569324 1581341685583502 14178
Snk : 99 99 1581341685620084 1581341685634324 14240
Snk : 100 100 1581341685671073 1581341685685384 14311
Snk : 101 101 1581341685722010 1581341685736287 14277
Snk : 102 102 1581341685772662 1581341685786849 14187
Snk : 103 103 1581341685823409 1581341685837675 14266
Snk : 104 104 1581341685874121 1581341685888296 14175
Snk : 105 105 1581341685924672 1581341685939193 14521
Snk : 106 106 1581341685975988 1581341685990223 14235
Snk : 107 107 1581341686026785 1581341686041156 14371
Snk : 108 108 1581341686078247 1581341686092588 14341
Snk : 109 109 1581341686129269 1581341686143471 14202
Snk : 110 110 1581341686179985 1581341686194175 14190
Snk : 111 111 1581341686230670 1581341686244874 14204
Snk : 112 112 1581341686281352 1581341686295529 14177
Snk : 113 113 1581341686332103 1581341686346311 14208
Snk : 114 114 1581341686382948 1581341686397143 14195
Snk : 115 115 1581341686433668 1581341686447842 14174
Snk : 116 116 1581341686484308 1581341686498568 14260
Snk : 117 117 1581341686534903 1581341686549665 14762
Snk : 118 118 1581341686586420 1581341686600619 14199
Snk : 119 119 1581341686637602 1581341686651941 14339
Snk : 120 120 1581341686688731 1581341686703105 14374
Snk : 121 121 1581341686739768 1581341686754000 14232
Snk : 122 122 1581341686790602 1581341686804809 14207
Snk : 123 123 1581341686841346 1581341686855552 14206
Snk : 124 124 1581341686892161 1581341686906394 14233
Snk : 125 125 1581341686942918 1581341686957153 14235
Snk : 126 126 1581341686993840 1581341687008046 14206
Snk : 127 127 1581341687044640 1581341687058842 14202
Snk : 128 128 1581341687095354 1581341687109583 14229
Snk : 129 129 1581341687146401 1581341687160661 14260
Snk : 130 130 1581341687197227 1581341687211401 14174
Snk : 131 131 1581341687247918 1581341687262137 14219
Snk : 132 132 1581341687298603 1581341687312787 14184
Snk : 133 133 1581341687349387 1581341687363561 14174
Snk : 134 134 1581341687400144 1581341687414349 14205
Snk : 135 135 1581341687450920 1581341687465124 14204
Snk : 136 136 1581341687501506 1581341687515654 14148
Snk : 137 137 1581341687552052 1581341687566258 14206
Snk : 138 138 1581341687602630 1581341687616834 14204
Snk : 139 139 1581341687653334 1581341687667495 14161
Snk : 140 140 1581341687704036 1581341687718241 14205
Snk : 141 141 1581341687754866 1581341687769270 14404
Snk : 142 142 1581341687805982 1581341687820330 14348
Snk : 143 143 1581341687857260 1581341687871637 14377
Snk : 144 144 1581341687908278 1581341687922483 14205
Snk : 145 145 1581341687958977 1581341687973183 14206
Snk : 146 146 1581341688009589 1581341688023792 14203
Snk : 147 147 1581341688060356 1581341688074561 14205
Snk : 148 148 1581341688111124 1581341688125354 14230
Snk : 149 149 1581341688161979 1581341688176173 14194
Snk : 150 150 1581341688212672 1581341688226902 14230
Snk : 151 151 1581341688263309 1581341688277530 14221
Snk : 152 152 1581341688314006 1581341688328228 14222
Snk : 153 153 1581341688365499 1581341688379729 14230
Snk : 154 154 1581341688416207 1581341688430456 14249
Snk : 155 155 1581341688466980 1581341688481217 14237
Snk : 156 156 1581341688517615 1581341688531817 14202
Snk : 157 157 1581341688568577 1581341688582853 14276
Snk : 158 158 1581341688619507 1581341688633757 14250
Snk : 159 159 1581341688670435 1581341688684579 14144
Snk : 160 160 1581341688721229 1581341688735488 14259
Snk : 161 161 1581341688771975 1581341688786179 14204
Snk : 162 162 1581341688822653 1581341688836884 14231
Snk : 163 163 1581341688873503 1581341688887680 14177
Snk : 164 164 1581341688924037 1581341688938269 14232
Snk : 165 165 1581341688975353 1581341688989617 14264
Snk : 166 166 1581341689026181 1581341689040558 14377
Snk : 167 167 1581341689077434 1581341689091803 14369
Snk : 168 168 1581341689128411 1581341689142632 14221
Snk : 169 169 1581341689179040 1581341689193244 14204
Snk : 170 170 1581341689229793 1581341689243938 14145
Snk : 171 171 1581341689280561 1581341689294767 14206
Snk : 172 172 1581341689331250 1581341689345482 14232
Snk : 173 173 1581341689382167 1581341689396358 14191
Snk : 174 174 1581341689432933 1581341689447137 14204
Snk : 175 175 1581341689483594 1581341689497829 14235
Snk : 176 176 1581341689534354 1581341689548907 14553
Snk : 177 177 1581341689585634 1581341689599846 14212
Snk : 178 178 1581341689636771 1581341689651141 14370
Snk : 179 179 1581341689687923 1581341689702302 14379
Snk : 180 180 1581341689738786 1581341689753024 14238
Snk : 181 181 1581341689789638 1581341689803784 14146
Snk : 182 182 1581341689840288 1581341689854491 14203
Snk : 183 183 1581341689890860 1581341689905063 14203
Snk : 184 184 1581341689941674 1581341689955849 14175
Snk : 185 185 1581341689992299 1581341690006491 14192
Snk : 186 186 1581341690042972 1581341690057177 14205
Snk : 187 187 1581341690093634 1581341690107781 14147
Snk : 188 188 1581341690144807 1581341690159144 14337
Snk : 189 189 1581341690195845 1581341690210038 14193
Snk : 190 190 1581341690246469 1581341690260661 14192
Snk : 191 191 1581341690297211 1581341690311384 14173
Snk : 192 192 1581341690347931 1581341690362135 14204
Snk : 193 193 1581341690398766 1581341690412959 14193
Snk : 194 194 1581341690449482 1581341690463656 14174
Snk : 195 195 1581341690500174 1581341690514364 14190
Snk : 196 196 1581341690551936 1581341690562254 10318
Snk : 197 197 1581341690603924 1581341690614219 10295
Snk : 198 198 1581341690655593 1581341690665897 10304
Snk : 199 199 1581341690706976 1581341690717281 10305
Snk : 200 200 1581341690758705 1581341690769022 10317
Snk : 201 201 1581341690810263 1581341690820577 10314
Snk : 202 202 1581341690861994 1581341690872066 10072
Snk : 203 203 1581341690913326 1581341690923403 10077
Snk : 204 204 1581341690964239 1581341690974337 10098
Snk : 205 205 1581341691014845 1581341691024809 9964
Snk : 206 206 1581341691113018 1581341691123326 10308
Snk : 207 207 1581341691165253 1581341691175559 10306
Snk : 208 208 1581341691217212 1581341691227360 10148
Snk : 209 209 1581341691267853 1581341691278004 10151
Snk : 210 210 1581341691318783 1581341691328937 10154
Snk : 211 211 1581341691370309 1581341691380504 10195
Snk : 212 212 1581341691421091 1581341691431265 10174
Snk : 213 213 1581341691472144 1581341691482254 10110
Snk : 214 214 1581341691522948 1581341691533085 10137
Snk : 215 215 1581341691573877 1581341691584014 10137
Snk : 216 216 1581341691624625 1581341691634807 10182
Snk : 217 217 1581341691675668 1581341691685806 10138
Snk : 218 218 1581341691726437 1581341691736571 10134
Snk : 219 219 1581341691777513 1581341691787610 10097
Snk : 220 220 1581341691828466 1581341691838604 10138
Snk : 221 221 1581341691879176 1581341691889308 10132
Snk : 222 222 1581341691929989 1581341691940151 10162
Snk : 223 223 1581341691981010 1581341691991111 10101
Snk : 224 224 1581341692031901 1581341692042006 10105
Snk : 225 225 1581341692082616 1581341692092754 10138
Snk : 226 226 1581341692133389 1581341692143547 10158
Snk : 227 227 1581341692184241 1581341692194368 10127
Snk : 228 228 1581341692235117 1581341692245247 10130
Snk : 229 229 1581341692286022 1581341692296115 10093
Snk : 230 230 1581341692336756 1581341692346873 10117
Snk : 231 231 1581341692387646 1581341692397798 10152
Snk : 232 232 1581341692438547 1581341692448678 10131
Snk : 233 233 1581341692489431 1581341692499579 10148
Snk : 234 234 1581341692540394 1581341692550528 10134
Snk : 235 235 1581341692591192 1581341692601298 10106
Snk : 236 236 1581341692642099 1581341692652204 10105
Snk : 237 237 1581341692692957 1581341692703098 10141
Snk : 238 238 1581341692743977 1581341692754113 10136
Snk : 239 239 1581341692794894 1581341692805025 10131
Snk : 240 240 1581341692845796 1581341692855901 10105
Snk : 241 241 1581341692896696 1581341692906797 10101
Snk : 242 242 1581341692947270 1581341692957407 10137
Snk : 243 243 1581341692998121 1581341693008245 10124
Snk : 244 244 1581341693049006 1581341693059141 10135
Snk : 245 245 1581341693099692 1581341693109844 10152
Snk : 246 246 1581341693150505 1581341693160697 10192
Snk : 247 247 1581341693201448 1581341693211551 10103
Snk : 248 248 1581341693252329 1581341693262461 10132
Snk : 249 249 1581341693303059 1581341693313200 10141
Snk : 250 250 1581341693353914 1581341693364049 10135
Snk : 251 251 1581341693404650 1581341693414783 10133
Snk : 252 252 1581341693455543 1581341693465649 10106
Snk : 253 253 1581341693506412 1581341693516532 10120
Snk : 254 254 1581341693557459 1581341693567623 10164
Snk : 255 255 1581341693608405 1581341693618543 10138
Snk : 256 256 1581341693659013 1581341693669179 10166
Snk : 257 257 1581341693709810 1581341693719905 10095
Snk : 258 258 1581341693760596 1581341693770731 10135
Snk : 259 259 1581341693811404 1581341693821571 10167
Snk : 260 260 1581341693862061 1581341693872197 10136
Snk : 261 261 1581341693912823 1581341693922955 10132
Snk : 262 262 1581341693963784 1581341693973908 10124
Snk : 263 263 1581341694014573 1581341694024682 10109
Snk : 264 264 1581341694065491 1581341694075598 10107
Snk : 265 265 1581341694116067 1581341694126197 10130
Snk : 266 266 1581341694166767 1581341694176902 10135
Snk : 267 267 1581341694217695 1581341694227830 10135
Snk : 268 268 1581341694268502 1581341694278627 10125
Snk : 269 269 1581341694319395 1581341694329501 10106
Snk : 270 270 1581341694370324 1581341694380420 10096
Snk : 271 271 1581341694421239 1581341694431415 10176
Snk : 272 272 1581341694471994 1581341694482124 10130
Snk : 273 273 1581341694522871 1581341694532998 10127
Snk : 274 274 1581341694573718 1581341694583824 10106
Snk : 275 275 1581341694624630 1581341694634809 10179
Snk : 276 276 1581341694675475 1581341694685626 10151
Snk : 277 277 1581341694726351 1581341694736501 10150
Snk : 278 278 1581341694777130 1581341694787280 10150
Snk : 279 279 1581341694827881 1581341694838048 10167
Snk : 280 280 1581341694878626 1581341694888733 10107
Snk : 281 281 1581341694929455 1581341694939606 10151
Snk : 282 282 1581341694980386 1581341694990516 10130
Snk : 283 283 1581341695031124 1581341695041278 10154
Snk : 284 284 1581341695081817 1581341695091953 10136
Snk : 285 285 1581341695132714 1581341695142869 10155
Snk : 286 286 1581341695183617 1581341695193719 10102
Snk : 287 287 1581341695234443 1581341695244531 10088
Snk : 288 288 1581341695285283 1581341695295414 10131
Snk : 289 289 1581341695336021 1581341695346180 10159
Snk : 290 290 1581341695386826 1581341695396959 10133
Snk : 291 291 1581341695437795 1581341695447896 10101
Snk : 292 292 1581341695488627 1581341695498734 10107
Snk : 293 293 1581341695539467 1581341695549602 10135
Snk : 294 294 1581341695590468 1581341695600598 10130
Snk : 295 295 1581341695641127 1581341695651256 10129
Snk : 296 296 1581341695691838 1581341695701968 10130
Snk : 297 297 1581341695742563 1581341695752672 10109
Snk : 298 298 1581341695793362 1581341695803469 10107
Snk : 299 299 1581341695844213 1581341695854347 10134
Snk : 300 300 1581341695894906 1581341695905034 10128
Snk : 301 301 1581341695945744 1581341695955880 10136
Snk : 302 302 1581341695996565 1581341696006715 10150
Snk : 303 303 1581341696047566 1581341696057687 10121
Snk : 304 304 1581341696098433 1581341696108538 10105
Snk : 305 305 1581341696149138 1581341696159272 10134
Snk : 306 306 1581341696199874 1581341696210004 10130
Snk : 307 307 1581341696250619 1581341696260745 10126
Snk : 308 308 1581341696301607 1581341696311713 10106
Snk : 309 309 1581341696352465 1581341696362584 10119
Snk : 310 310 1581341696403288 1581341696413422 10134
Snk : 311 311 1581341696454242 1581341696464369 10127
Snk : 312 312 1581341696504978 1581341696515109 10131
Snk : 313 313 1581341696555913 1581341696566047 10134
Snk : 314 314 1581341696606655 1581341696616764 10109
Snk : 315 315 1581341696657597 1581341696667699 10102
Snk : 316 316 1581341696708216 1581341696718367 10151
Snk : 317 317 1581341696759036 1581341696769165 10129
Snk : 318 318 1581341696809811 1581341696819972 10161
Snk : 319 319 1581341696860528 1581341696870665 10137
Snk : 320 320 1581341696911262 1581341696921370 10108
Snk : 321 321 1581341696961901 1581341696972001 10100
Snk : 322 322 1581341697012781 1581341697022916 10135
Snk : 323 323 1581341697063631 1581341697073761 10130
Snk : 324 324 1581341697114396 1581341697124527 10131
Snk : 325 325 1581341697165370 1581341697175485 10115
Snk : 326 326 1581341697216184 1581341697226300 10116
Snk : 327 327 1581341697267017 1581341697277169 10152
Snk : 328 328 1581341697317710 1581341697327857 10147
Snk : 329 329 1581341697368545 1581341697378672 10127
Snk : 330 330 1581341697419315 1581341697429451 10136
Snk : 331 331 1581341697470057 1581341697480163 10106
Snk : 332 332 1581341697520916 1581341697531015 10099
Snk : 333 333 1581341697571890 1581341697582018 10128
Snk : 334 334 1581341697622693 1581341697632830 10137
Snk : 335 335 1581341697673489 1581341697683623 10134
Snk : 336 336 1581341697724274 1581341697734411 10137
Snk : 337 337 1581341697774906 1581341697785137 10231
Snk : 338 338 1581341697825892 1581341697836041 10149
Snk : 339 339 1581341697876769 1581341697886915 10146
Snk : 340 340 1581341697927674 1581341697937841 10167
Snk : 341 341 1581341697978579 1581341697988715 10136
Snk : 342 342 1581341698029373 1581341698039537 10164
Snk : 343 343 1581341698080136 1581341698090238 10102
Snk : 344 344 1581341698130824 1581341698140998 10174
Snk : 345 345 1581341698181828 1581341698191951 10123
Snk : 346 346 1581341698232555 1581341698242734 10179
Snk : 347 347 1581341698283273 1581341698293425 10152
Snk : 348 348 1581341698334205 1581341698344399 10194
Snk : 349 349 1581341698385168 1581341698395274 10106
Snk : 350 350 1581341698436364 1581341698446493 10129
Snk : 351 351 1581341698487137 1581341698497280 10143
Snk : 352 352 1581341698538107 1581341698548280 10173
Snk : 353 353 1581341698589092 1581341698599195 10103
Snk : 354 354 1581341698639975 1581341698650083 10108
Snk : 355 355 1581341698690654 1581341698700791 10137
Snk : 356 356 1581341698741640 1581341698751774 10134
Snk : 357 357 1581341698792284 1581341698802422 10138
Snk : 358 358 1581341698843242 1581341698853372 10130
Snk : 359 359 1581341698894104 1581341698904210 10106
Snk : 360 360 1581341698944889 1581341698954984 10095
Snk : 361 361 1581341698995701 1581341699005853 10152
Snk : 362 362 1581341699046517 1581341699056644 10127
Snk : 363 363 1581341699097233 1581341699107360 10127
Snk : 364 364 1581341699148187 1581341699158317 10130
Snk : 365 365 1581341699199008 1581341699209113 10105
Snk : 366 366 1581341699249754 1581341699259855 10101
Snk : 367 367 1581341699300455 1581341699310592 10137
Snk : 368 368 1581341699351301 1581341699361432 10131
Snk : 369 369 1581341699402022 1581341699412156 10134
Snk : 370 370 1581341699452831 1581341699462933 10102
Snk : 371 371 1581341699503740 1581341699513848 10108
Snk : 372 372 1581341699554642 1581341699564778 10136
Snk : 373 373 1581341699605395 1581341699615530 10135
Snk : 374 374 1581341699656541 1581341699666686 10145
Snk : 375 375 1581341699707534 1581341699717686 10152
Snk : 376 376 1581341699758424 1581341699768528 10104
Snk : 377 377 1581341699809260 1581341699819367 10107
Snk : 378 378 1581341699860223 1581341699870353 10130
Snk : 379 379 1581341699910987 1581341699921124 10137
Snk : 380 380 1581341699961795 1581341699971923 10128
Snk : 381 381 1581341700013021 1581341700023210 10189
Snk : 382 382 1581341700063937 1581341700074060 10123
Snk : 383 383 1581341700114689 1581341700124823 10134
Snk : 384 384 1581341700165565 1581341700175700 10135
Snk : 385 385 1581341700216534 1581341700226671 10137
Snk : 386 386 1581341700267437 1581341700277560 10123
Snk : 387 387 1581341700318122 1581341700328219 10097
Snk : 388 388 1581341700368929 1581341700379049 10120
Snk : 389 389 1581341700419624 1581341700429757 10133
Snk : 390 390 1581341700470388 1581341700480505 10117
Snk : 391 391 1581341700521139 1581341700531274 10135
Snk : 392 392 1581341700572021 1581341700582172 10151
Snk : 393 393 1581341700622843 1581341700632952 10109
Snk : 394 394 1581341700673637 1581341700683740 10103
Snk : 395 395 1581341700724436 1581341700734564 10128
Snk : 396 396 1581341700775267 1581341700785403 10136
Snk : 397 397 1581341700826278 1581341700836430 10152
Snk : 398 398 1581341700877134 1581341700887240 10106
Snk : 399 399 1581341700927900 1581341700938001 10101
Snk : 400 400 1581341700978625 1581341700988763 10138
Snk : 401 401 1581341701029375 1581341701039539 10164
Snk : 402 402 1581341701080186 1581341701090319 10133
Snk : 403 403 1581341701130870 1581341701141035 10165
Snk : 404 404 1581341701181873 1581341701191971 10098
Snk : 405 405 1581341701232744 1581341701242905 10161
Snk : 406 406 1581341701283651 1581341701293789 10138
Snk : 407 407 1581341701334384 1581341701344570 10186
Snk : 408 408 1581341701385166 1581341701395289 10123
Snk : 409 409 1581341701436108 1581341701446277 10169
Snk : 410 410 1581341701487013 1581341701497116 10103
Snk : 411 411 1581341701537798 1581341701548049 10251
Snk : 412 412 1581341701588880 1581341701599009 10129
Snk : 413 413 1581341701639854 1581341701650002 10148
Snk : 414 414 1581341701690872 1581341701701063 10191
Snk : 415 415 1581341701741873 1581341701751969 10096
Snk : 416 416 1581341701792485 1581341701802586 10101
Snk : 417 417 1581341701843268 1581341701853406 10138
Snk : 418 418 1581341701894160 1581341701904291 10131
Snk : 419 419 1581341701944905 1581341701955039 10134
Snk : 420 420 1581341701995694 1581341702005843 10149
Snk : 421 421 1581341702046518 1581341702056643 10125
Snk : 422 422 1581341702097326 1581341702107419 10093
Snk : 423 423 1581341702148012 1581341702158148 10136
Snk : 424 424 1581341702198837 1581341702208964 10127
Snk : 425 425 1581341702249488 1581341702259617 10129
Snk : 426 426 1581341702300315 1581341702310440 10125
Snk : 427 427 1581341702351120 1581341702361225 10105
Snk : 428 428 1581341702402016 1581341702412122 10106
Snk : 429 429 1581341702452717 1581341702462851 10134
Snk : 430 430 1581341702503573 1581341702513710 10137
Snk : 431 431 1581341702554314 1581341702564442 10128
Snk : 432 432 1581341702605064 1581341702615170 10106
Snk : 433 433 1581341702655875 1581341702665977 10102
Snk : 434 434 1581341702706571 1581341702716742 10171
Snk : 435 435 1581341702757585 1581341702767708 10123
Snk : 436 436 1581341702808380 1581341702818525 10145
Snk : 437 437 1581341702859193 1581341702869322 10129
Snk : 438 438 1581341702910136 1581341702920242 10106
Snk : 439 439 1581341702960905 1581341702971004 10099
Snk : 440 440 1581341703011841 1581341703021979 10138
Snk : 441 441 1581341703062657 1581341703072794 10137
Snk : 442 442 1581341703113538 1581341703123671 10133
Snk : 443 443 1581341703164449 1581341703174576 10127
Snk : 444 444 1581341703215148 1581341703225270 10122
Snk : 445 445 1581341703266066 1581341703276188 10122
Snk : 446 446 1581341703316785 1581341703326927 10142
Snk : 447 447 1581341703367528 1581341703377678 10150
Snk : 448 448 1581341703418362 1581341703428497 10135
Snk : 449 449 1581341703469305 1581341703479413 10108
Snk : 450 450 1581341703520077 1581341703530186 10109
Snk : 451 451 1581341703571041 1581341703581178 10137
Snk : 452 452 1581341703621948 1581341703632077 10129
Snk : 453 453 1581341703672610 1581341703682756 10146
Snk : 454 454 1581341703723423 1581341703733554 10131
Snk : 455 455 1581341703774382 1581341703784488 10106
Snk : 456 456 1581341703825024 1581341703835115 10091
Snk : 457 457 1581341703875754 1581341703885901 10147
Snk : 458 458 1581341703926557 1581341703936685 10128
Snk : 459 459 1581341703977300 1581341703987435 10135
Snk : 460 460 1581341704028211 1581341704038348 10137
Snk : 461 461 1581341704078936 1581341704089053 10117
Snk : 462 462 1581341704129761 1581341704139861 10100
Snk : 463 463 1581341704180757 1581341704190888 10131
Snk : 464 464 1581341704231390 1581341704241555 10165
Snk : 465 465 1581341704282196 1581341704292326 10130
Snk : 466 466 1581341704333039 1581341704343167 10128
Snk : 467 467 1581341704383785 1581341704393894 10109
Snk : 468 468 1581341704434553 1581341704444713 10160
Snk : 469 469 1581341704485359 1581341704495487 10128
Snk : 470 470 1581341704536118 1581341704546287 10169
Snk : 471 471 1581341704586971 1581341704597105 10134
Snk : 472 472 1581341704637738 1581341704647914 10176
Snk : 473 473 1581341704688673 1581341704698783 10110
Snk : 474 474 1581341704739494 1581341704749714 10220
Snk : 475 475 1581341704790510 1581341704800640 10130
Snk : 476 476 1581341704841490 1581341704851637 10147
Snk : 477 477 1581341704892141 1581341704902276 10135
Snk : 478 478 1581341704943020 1581341704953127 10107
Snk : 479 479 1581341704993799 1581341705003905 10106
Snk : 480 480 1581341705044754 1581341705054885 10131
Snk : 481 481 1581341705095496 1581341705105631 10135
Snk : 482 482 1581341705146335 1581341705156465 10130
Snk : 483 483 1581341705197238 1581341705207353 10115
Snk : 484 484 1581341705248155 1581341705258263 10108
Snk : 485 485 1581341705298874 1581341705309022 10148
Snk : 486 486 1581341705349672 1581341705359806 10134
Snk : 487 487 1581341705400503 1581341705410649 10146
Snk : 488 488 1581341705451465 1581341705461602 10137
Snk : 489 489 1581341705502326 1581341705512436 10110
Snk : 490 490 1581341705553218 1581341705563321 10103
Snk : 491 491 1581341705603892 1581341705614027 10135
Snk : 492 492 1581341705654657 1581341705664787 10130
Snk : 493 493 1581341705705069 1581341705715189 10120
Snk : 494 494 1581341705755475 1581341705765598 10123
Snk : 495 495 1581341705806006 1581341705816092 10086
Snk : 496 496 1581341705856324 1581341705866405 10081
Snk : 497 497 1581341705906613 1581341705916479 9866
Snk : 498 498 1581341705956570 1581341705966464 9894
Snk : 499 499 1581341706006094 1581341706015981 9887
Snk : 500 500 1581341706055528 1581341706065314 9786
