Src : 1 1 1581341562797804 1581341562812691 14887
Src : 2 2 1581341562812731 1581341562822985 10254
Src : 3 3 1581341562823012 1581341562833318 10306
Src : 4 4 1581341562833328 1581341562843619 10291
Src : 5 5 1581341562843623 1581341562853880 10257
Src : 6 6 1581341562853883 1581341562864057 10174
Src : 7 7 1581341562864060 1581341562884093 20033
Src : 8 8 1581341562887722 1581341562897907 10185
Src : 9 9 1581341562897910 1581341562908062 10152
Src : 10 10 1581341562931204 1581341562941516 10312
Src : 11 11 1581341562983326 1581341562993632 10306
Src : 12 12 1581341563034719 1581341563044932 10213
Src : 13 13 1581341563085606 1581341563095778 10172
Src : 14 14 1581341563136402 1581341563146613 10211
Src : 15 15 1581341563187321 1581341563197550 10229
Src : 16 16 1581341563238100 1581341563248260 10160
Src : 17 17 1581341563288698 1581341563298873 10175
Src : 18 18 1581341563339599 1581341563349801 10202
Src : 19 19 1581341563390502 1581341563400920 10418
Src : 20 20 1581341563441841 1581341563451972 10131
Src : 21 21 1581341563492556 1581341563502721 10165
Src : 22 22 1581341563543517 1581341563553720 10203
Src : 23 23 1581341563594431 1581341563604663 10232
Src : 24 24 1581341563645648 1581341563655811 10163
Src : 25 25 1581341563696440 1581341563706595 10155
Src : 26 26 1581341563747250 1581341563757453 10203
Src : 27 27 1581341563798249 1581341563808426 10177
Src : 28 28 1581341563849065 1581341563859243 10178
Src : 29 29 1581341563899766 1581341563909938 10172
Src : 30 30 1581341563950481 1581341563960688 10207
Src : 31 31 1581341564001866 1581341564012064 10198
Src : 32 32 1581341564053009 1581341564063176 10167
Src : 33 33 1581341564103743 1581341564113947 10204
Src : 34 34 1581341564154725 1581341564164900 10175
Src : 35 35 1581341564205660 1581341564215823 10163
Src : 36 36 1581341564256250 1581341564266443 10193
Src : 37 37 1581341564306894 1581341564317092 10198
Src : 38 38 1581341564357643 1581341564367817 10174
Src : 39 39 1581341564408563 1581341564418733 10170
Src : 40 40 1581341564459580 1581341564469784 10204
Src : 41 41 1581341564510506 1581341564520711 10205
Src : 42 42 1581341564561332 1581341564571505 10173
Src : 43 43 1581341564612625 1581341564622838 10213
Src : 44 44 1581341564663699 1581341564673897 10198
Src : 45 45 1581341564714833 1581341564725025 10192
Src : 46 46 1581341564765692 1581341564775865 10173
Src : 47 47 1581341564816736 1581341564826924 10188
Src : 48 48 1581341564867559 1581341564877762 10203
Src : 49 49 1581341564918611 1581341564928810 10199
Src : 50 50 1581341564969582 1581341564979753 10171
Src : 51 51 1581341565020150 1581341565030349 10199
Src : 52 52 1581341565070820 1581341565081023 10203
Src : 53 53 1581341565121655 1581341565131821 10166
Src : 54 54 1581341565172512 1581341565182706 10194
Src : 55 55 1581341565223804 1581341565234007 10203
Src : 56 56 1581341565274682 1581341565284865 10183
Src : 57 57 1581341565325591 1581341565335765 10174
Src : 58 58 1581341565376588 1581341565386817 10229
Src : 59 59 1581341565427274 1581341565437470 10196
Src : 60 60 1581341565477923 1581341565488093 10170
Src : 61 61 1581341565528605 1581341565538780 10175
Src : 62 62 1581341565579417 1581341565589639 10222
Src : 63 63 1581341565630225 1581341565640402 10177
Src : 64 64 1581341565680848 1581341565691014 10166
Src : 65 65 1581341565731685 1581341565741881 10196
Src : 66 66 1581341565782459 1581341565792693 10234
Src : 67 67 1581341565834017 1581341565844198 10181
Src : 68 68 1581341565884770 1581341565894939 10169
Src : 69 69 1581341565935664 1581341565945868 10204
Src : 70 70 1581341565986530 1581341565996730 10200
Src : 71 71 1581341566037151 1581341566047292 10141
Src : 72 72 1581341566087946 1581341566098153 10207
Src : 73 73 1581341566138724 1581341566148927 10203
Src : 74 74 1581341566189458 1581341566199637 10179
Src : 75 75 1581341566240042 1581341566250238 10196
Src : 76 76 1581341566290644 1581341566300838 10194
Src : 77 77 1581341566341537 1581341566351713 10176
Src : 78 78 1581341566392465 1581341566402759 10294
Src : 79 79 1581341566443658 1581341566453862 10204
Src : 80 80 1581341566494532 1581341566504735 10203
Src : 81 81 1581341566545215 1581341566555386 10171
Src : 82 82 1581341566595927 1581341566606156 10229
Src : 83 83 1581341566646810 1581341566656972 10162
Src : 84 84 1581341566697482 1581341566707665 10183
Src : 85 85 1581341566748388 1581341566758578 10190
Src : 86 86 1581341566799351 1581341566809546 10195
Src : 87 87 1581341566850060 1581341566860234 10174
Src : 88 88 1581341566900836 1581341566911009 10173
Src : 89 89 1581341566951657 1581341566961861 10204
Src : 90 90 1581341567002585 1581341567012801 10216
Src : 91 91 1581341567053382 1581341567063556 10174
Src : 92 92 1581341567104224 1581341567114426 10202
Src : 93 93 1581341567155335 1581341567165539 10204
Src : 94 94 1581341567206134 1581341567216298 10164
Src : 95 95 1581341567256962 1581341567267132 10170
Src : 96 96 1581341567307775 1581341567317973 10198
Src : 97 97 1581341567358323 1581341567368496 10173
Src : 98 98 1581341567409173 1581341567419312 10139
Src : 99 99 1581341567459816 1581341567470012 10196
Src : 100 100 1581341567510552 1581341567520783 10231
Src : 101 101 1581341567561351 1581341567571527 10176
Src : 102 102 1581341567612488 1581341567622717 10229
Src : 103 103 1581341567663846 1581341567674041 10195
Src : 104 104 1581341567714882 1581341567725088 10206
Src : 105 105 1581341567765676 1581341567775911 10235
Src : 106 106 1581341567817239 1581341567827489 10250
Src : 107 107 1581341567869074 1581341567879360 10286
Src : 108 108 1581341568310778 1581341568320768 9990
Src : 109 109 1581341568320777 1581341568331270 10493
Src : 110 110 1581341568331279 1581341568341679 10400
Src : 111 111 1581341568341714 1581341568352053 10339
Src : 112 112 1581341568354189 1581341568364501 10312
Src : 113 113 1581341568364515 1581341568374850 10335
Src : 114 114 1581341568374854 1581341568387246 12392
Src : 115 115 1581341568387249 1581341568397475 10226
Src : 116 116 1581341568397478 1581341568407776 10298
Src : 117 117 1581341568440079 1581341568450389 10310
Src : 118 118 1581341568482076 1581341568492390 10314
Src : 119 119 1581341568533304 1581341568543702 10398
Src : 120 120 1581341568584162 1581341568594518 10356
Src : 121 121 1581341568634955 1581341568645297 10342
Src : 122 122 1581341568685528 1581341568695877 10349
Src : 123 123 1581341568736159 1581341568746501 10342
Src : 124 124 1581341568786863 1581341568797188 10325
Src : 125 125 1581341568838404 1581341568848748 10344
Src : 126 126 1581341568889090 1581341568899427 10337
Src : 127 127 1581341568939830 1581341568950156 10326
Src : 128 128 1581341568990713 1581341569001051 10338
Src : 129 129 1581341569041330 1581341569051636 10306
Src : 130 130 1581341569091782 1581341569102086 10304
Src : 131 131 1581341569142465 1581341569152764 10299
Src : 132 132 1581341569193213 1581341569203527 10314
Src : 133 133 1581341569243613 1581341569253926 10313
Src : 134 134 1581341569294227 1581341569304537 10310
Src : 135 135 1581341569344823 1581341569355141 10318
Src : 136 136 1581341569395528 1581341569405847 10319
Src : 137 137 1581341569446705 1581341569457028 10323
Src : 138 138 1581341569497521 1581341569507839 10318
Src : 139 139 1581341569548250 1581341569558572 10322
Src : 140 140 1581341569599167 1581341569609497 10330
Src : 141 141 1581341569649744 1581341569660056 10312
Src : 142 142 1581341569700381 1581341569710712 10331
Src : 143 143 1581341569751059 1581341569761381 10322
Src : 144 144 1581341569801646 1581341569811976 10330
Src : 145 145 1581341569852276 1581341569862604 10328
Src : 146 146 1581341569902842 1581341569913174 10332
Src : 147 147 1581341569953574 1581341569963901 10327
Src : 148 148 1581341570003999 1581341570014394 10395
Src : 149 149 1581341570055212 1581341570065542 10330
Src : 150 150 1581341570105763 1581341570116092 10329
Src : 151 151 1581341570156218 1581341570166535 10317
Src : 152 152 1581341570207015 1581341570217343 10328
Src : 153 153 1581341570257590 1581341570267915 10325
Src : 154 154 1581341570308071 1581341570318404 10333
Src : 155 155 1581341570358726 1581341570369054 10328
Src : 156 156 1581341570409362 1581341570419687 10325
Src : 157 157 1581341570460062 1581341570470383 10321
Src : 158 158 1581341570510579 1581341570520887 10308
Src : 159 159 1581341570561345 1581341570571669 10324
Src : 160 160 1581341570612435 1581341570622747 10312
Src : 161 161 1581341570663314 1581341570673644 10330
Src : 162 162 1581341570714053 1581341570724384 10331
Src : 163 163 1581341570764952 1581341570775282 10330
Src : 164 164 1581341570815852 1581341570826174 10322
Src : 165 165 1581341570866522 1581341570876841 10319
Src : 166 166 1581341570917141 1581341570927462 10321
Src : 167 167 1581341570967918 1581341570978227 10309
Src : 168 168 1581341571018510 1581341571028816 10306
Src : 169 169 1581341571069274 1581341571079585 10311
Src : 170 170 1581341571119827 1581341571130147 10320
Src : 171 171 1581341571170455 1581341571180787 10332
Src : 172 172 1581341571221696 1581341571232035 10339
Src : 173 173 1581341571272480 1581341571282811 10331
Src : 174 174 1581341571323280 1581341571333589 10309
Src : 175 175 1581341571374105 1581341571384436 10331
Src : 176 176 1581341571424695 1581341571435026 10331
Src : 177 177 1581341571475409 1581341571485732 10323
Src : 178 178 1581341571526237 1581341571536546 10309
Src : 179 179 1581341571576926 1581341571587250 10324
Src : 180 180 1581341571627522 1581341571637828 10306
Src : 181 181 1581341571678140 1581341571688466 10326
Src : 182 182 1581341571728669 1581341571738998 10329
Src : 183 183 1581341571779105 1581341571789429 10324
Src : 184 184 1581341571830421 1581341571840736 10315
Src : 185 185 1581341571881162 1581341571891483 10321
Src : 186 186 1581341571932260 1581341571942592 10332
Src : 187 187 1581341571983525 1581341571993835 10310
Src : 188 188 1581341572034286 1581341572044594 10308
Src : 189 189 1581341572084910 1581341572095221 10311
Src : 190 190 1581341572135525 1581341572145841 10316
Src : 191 191 1581341572185932 1581341572196223 10291
Src : 192 192 1581341572236637 1581341572246957 10320
Src : 193 193 1581341572287226 1581341572297549 10323
Src : 194 194 1581341572338134 1581341572348438 10304
Src : 195 195 1581341572389008 1581341572399329 10321
Src : 196 196 1581341572440226 1581341572450548 10322
Src : 197 197 1581341572490908 1581341572501230 10322
Src : 198 198 1581341572542081 1581341572552394 10313
Src : 199 199 1581341572593320 1581341572603624 10304
Src : 200 200 1581341572643896 1581341572654222 10326
Src : 201 201 1581341572694558 1581341572704884 10326
Src : 202 202 1581341572745301 1581341572755616 10315
Src : 203 203 1581341572796131 1581341572806440 10309
Src : 204 204 1581341572847040 1581341572857352 10312
Src : 205 205 1581341572897823 1581341572908152 10329
Src : 206 206 1581341572948366 1581341572958673 10307
Src : 207 207 1581341572999093 1581341573009421 10328
Src : 208 208 1581341573050274 1581341573060591 10317
Src : 209 209 1581341573100842 1581341573111157 10315
Src : 210 210 1581341573151720 1581341573162046 10326
Src : 211 211 1581341573202281 1581341573212618 10337
Src : 212 212 1581341573252916 1581341573263225 10309
Src : 213 213 1581341573303588 1581341573313913 10325
Src : 214 214 1581341573354292 1581341573364596 10304
Src : 215 215 1581341573405124 1581341573415436 10312
Src : 216 216 1581341573455628 1581341573465963 10335
Src : 217 217 1581341573506605 1581341573516927 10322
Src : 218 218 1581341573557196 1581341573567516 10320
Src : 219 219 1581341573608150 1581341573618490 10340
Src : 220 220 1581341573659001 1581341573669324 10323
Src : 221 221 1581341573709738 1581341573720055 10317
Src : 222 222 1581341573760470 1581341573770802 10332
Src : 223 223 1581341573811268 1581341573821600 10332
Src : 224 224 1581341573861902 1581341573872221 10319
Src : 225 225 1581341573912462 1581341573922779 10317
Src : 226 226 1581341573963091 1581341573973406 10315
Src : 227 227 1581341574013766 1581341574024089 10323
Src : 228 228 1581341574064616 1581341574074929 10313
Src : 229 229 1581341574115436 1581341574125754 10318
Src : 230 230 1581341574166203 1581341574176518 10315
Src : 231 231 1581341574216855 1581341574227172 10317
Src : 232 232 1581341574267520 1581341574277842 10322
Src : 233 233 1581341574318260 1581341574328562 10302
Src : 234 234 1581341574369007 1581341574379325 10318
Src : 235 235 1581341574419747 1581341574430071 10324
Src : 236 236 1581341574470448 1581341574480776 10328
Src : 237 237 1581341574521000 1581341574531316 10316
Src : 238 238 1581341574571894 1581341574582211 10317
Src : 239 239 1581341574622734 1581341574633055 10321
Src : 240 240 1581341574673434 1581341574683761 10327
Src : 241 241 1581341574724422 1581341574734746 10324
Src : 242 242 1581341574775149 1581341574785459 10310
Src : 243 243 1581341574825922 1581341574836251 10329
Src : 244 244 1581341574876456 1581341574886779 10323
Src : 245 245 1581341574927066 1581341574937379 10313
Src : 246 246 1581341574977780 1581341574988077 10297
Src : 247 247 1581341575028810 1581341575039118 10308
Src : 248 248 1581341575079316 1581341575089639 10323
Src : 249 249 1581341575130010 1581341575140311 10301
Src : 250 250 1581341575180453 1581341575190776 10323
Src : 251 251 1581341575231271 1581341575241593 10322
Src : 252 252 1581341575281960 1581341575292281 10321
Src : 253 253 1581341575332809 1581341575343139 10330
Src : 254 254 1581341575383461 1581341575393778 10317
Src : 255 255 1581341575434171 1581341575444492 10321
Src : 256 256 1581341575484880 1581341575495209 10329
Src : 257 257 1581341575535442 1581341575545748 10306
Src : 258 258 1581341575585868 1581341575596196 10328
Src : 259 259 1581341575636750 1581341575647072 10322
Src : 260 260 1581341575687438 1581341575697768 10330
Src : 261 261 1581341575738182 1581341575748508 10326
Src : 262 262 1581341575788694 1581341575798996 10302
Src : 263 263 1581341575839472 1581341575849796 10324
Src : 264 264 1581341575890350 1581341575900679 10329
Src : 265 265 1581341575941140 1581341575951450 10310
Src : 266 266 1581341575991871 1581341576002194 10323
Src : 267 267 1581341576042599 1581341576052931 10332
Src : 268 268 1581341576093180 1581341576103495 10315
Src : 269 269 1581341576143804 1581341576154116 10312
Src : 270 270 1581341576194594 1581341576204914 10320
Src : 271 271 1581341576245215 1581341576255545 10330
Src : 272 272 1581341576295675 1581341576306003 10328
Src : 273 273 1581341576346181 1581341576356505 10324
Src : 274 274 1581341576396901 1581341576407231 10330
Src : 275 275 1581341576447629 1581341576457961 10332
Src : 276 276 1581341576498160 1581341576508490 10330
Src : 277 277 1581341576548899 1581341576559229 10330
Src : 278 278 1581341576599669 1581341576609985 10316
Src : 279 279 1581341576650274 1581341576660598 10324
Src : 280 280 1581341576700950 1581341576711280 10330
Src : 281 281 1581341576751511 1581341576761839 10328
Src : 282 282 1581341576802050 1581341576812375 10325
Src : 283 283 1581341576852645 1581341576862965 10320
Src : 284 284 1581341576903375 1581341576913696 10321
Src : 285 285 1581341576954120 1581341576964441 10321
Src : 286 286 1581341577004939 1581341577015258 10319
Src : 287 287 1581341577055471 1581341577065772 10301
Src : 288 288 1581341577106266 1581341577116559 10293
Src : 289 289 1581341577156791 1581341577167084 10293
Src : 290 290 1581341577207454 1581341577217776 10322
Src : 291 291 1581341577258156 1581341577268470 10314
Src : 292 292 1581341577308627 1581341577318933 10306
Src : 293 293 1581341577359275 1581341577369587 10312
Src : 294 294 1581341577409691 1581341577419988 10297
Src : 295 295 1581341577460252 1581341577470573 10321
Src : 296 296 1581341577510751 1581341577521056 10305
Src : 297 297 1581341577561356 1581341577571672 10316
Src : 298 298 1581341577611872 1581341577622173 10301
Src : 299 299 1581341577662530 1581341577672832 10302
Src : 300 300 1581341577713219 1581341577723513 10294
Src : 301 301 1581341577763700 1581341577774017 10317
Src : 302 302 1581341577814477 1581341577824776 10299
Src : 303 303 1581341577864899 1581341577875213 10314
Src : 304 304 1581341577915486 1581341577925793 10307
Src : 305 305 1581341577966184 1581341577976486 10302
Src : 306 306 1581341578016874 1581341578027189 10315
Src : 307 307 1581341578067552 1581341578077850 10298
Src : 308 308 1581341578118391 1581341578128710 10319
Src : 309 309 1581341578169336 1581341578179650 10314
Src : 310 310 1581341578220080 1581341578230396 10316
Src : 311 311 1581341578270731 1581341578281051 10320
Src : 312 312 1581341578321242 1581341578331547 10305
Src : 313 313 1581341578371918 1581341578382208 10290
Src : 314 314 1581341578422626 1581341578432926 10300
Src : 315 315 1581341578473259 1581341578483580 10321
Src : 316 316 1581341578523759 1581341578534059 10300
Src : 317 317 1581341578574644 1581341578584950 10306
Src : 318 318 1581341578625462 1581341578635783 10321
Src : 319 319 1581341578675856 1581341578686160 10304
Src : 320 320 1581341578726517 1581341578736823 10306
Src : 321 321 1581341578777129 1581341578787438 10309
Src : 322 322 1581341578827992 1581341578838285 10293
Src : 323 323 1581341578878415 1581341578888718 10303
Src : 324 324 1581341578928761 1581341578939061 10300
Src : 325 325 1581341578979434 1581341578989735 10301
Src : 326 326 1581341579030433 1581341579040738 10305
Src : 327 327 1581341579081157 1581341579091469 10312
Src : 328 328 1581341579131922 1581341579142242 10320
Src : 329 329 1581341579182540 1581341579192848 10308
Src : 330 330 1581341579233230 1581341579243539 10309
Src : 331 331 1581341579283936 1581341579294255 10319
Src : 332 332 1581341579334791 1581341579345099 10308
Src : 333 333 1581341579385384 1581341579395692 10308
Src : 334 334 1581341579436094 1581341579446386 10292
Src : 335 335 1581341579486557 1581341579496876 10319
Src : 336 336 1581341579537254 1581341579547575 10321
Src : 337 337 1581341579587968 1581341579598274 10306
Src : 338 338 1581341579638665 1581341579648987 10322
Src : 339 339 1581341579689359 1581341579699674 10315
Src : 340 340 1581341579740049 1581341579750365 10316
Src : 341 341 1581341579790696 1581341579801015 10319
Src : 342 342 1581341579841239 1581341579851560 10321
Src : 343 343 1581341579891780 1581341579902100 10320
Src : 344 344 1581341579942568 1581341579952878 10310
Src : 345 345 1581341579993221 1581341580003530 10309
Src : 346 346 1581341580044249 1581341580054574 10325
Src : 347 347 1581341580094869 1581341580105170 10301
Src : 348 348 1581341580145924 1581341580156245 10321
Src : 349 349 1581341580196476 1581341580206799 10323
Src : 350 350 1581341580247300 1581341580257615 10315
Src : 351 351 1581341580297935 1581341580308236 10301
Src : 352 352 1581341580348646 1581341580358963 10317
Src : 353 353 1581341580399182 1581341580409498 10316
Src : 354 354 1581341580449823 1581341580460124 10301
Src : 355 355 1581341580500502 1581341580510820 10318
Src : 356 356 1581341580550950 1581341580561266 10316
Src : 357 357 1581341580601691 1581341580612011 10320
Src : 358 358 1581341580652241 1581341580662561 10320
Src : 359 359 1581341580702812 1581341580713112 10300
Src : 360 360 1581341580753444 1581341580763763 10319
Src : 361 361 1581341580804103 1581341580814405 10302
Src : 362 362 1581341580854855 1581341580865156 10301
Src : 363 363 1581341580905548 1581341580915857 10309
Src : 364 364 1581341580956324 1581341580966616 10292
Src : 365 365 1581341581006750 1581341581017061 10311
Src : 366 366 1581341581057494 1581341581067811 10317
Src : 367 367 1581341581108142 1581341581118440 10298
Src : 368 368 1581341581158641 1581341581168960 10319
Src : 369 369 1581341581209272 1581341581219586 10314
Src : 370 370 1581341581259726 1581341581270025 10299
Src : 371 371 1581341581310332 1581341581320635 10303
Src : 372 372 1581341581360978 1581341581371294 10316
Src : 373 373 1581341581411894 1581341581422213 10319
Src : 374 374 1581341581462495 1581341581472807 10312
Src : 375 375 1581341581513183 1581341581523496 10313
Src : 376 376 1581341581563756 1581341581574076 10320
Src : 377 377 1581341581614591 1581341581624898 10307
Src : 378 378 1581341581665137 1581341581675427 10290
Src : 379 379 1581341581716018 1581341581726327 10309
Src : 380 380 1581341581766824 1581341581777147 10323
Src : 381 381 1581341581817503 1581341581827822 10319
Src : 382 382 1581341581868154 1581341581878460 10306
Src : 383 383 1581341581918697 1581341581929013 10316
Src : 384 384 1581341581969271 1581341581979569 10298
Src : 385 385 1581341582019974 1581341582030291 10317
Src : 386 386 1581341582070475 1581341582080792 10317
Src : 387 387 1581341582121162 1581341582131471 10309
Src : 388 388 1581341582171651 1581341582181957 10306
Src : 389 389 1581341582222492 1581341582232815 10323
Src : 390 390 1581341582273131 1581341582283446 10315
Src : 391 391 1581341582323463 1581341582333770 10307
Src : 392 392 1581341582374259 1581341582384566 10307
Src : 393 393 1581341582424883 1581341582435199 10316
Src : 394 394 1581341582475508 1581341582485828 10320
Src : 395 395 1581341582526143 1581341582536444 10301
Src : 396 396 1581341582576703 1581341582587008 10305
Src : 397 397 1581341582627526 1581341582637825 10299
Src : 398 398 1581341582678205 1581341582688513 10308
Src : 399 399 1581341582728704 1581341582739024 10320
Src : 400 400 1581341582779289 1581341582789596 10307
Src : 401 401 1581341582831320 1581341582841627 10307
Src : 402 402 1581341583251208 1581341583261084 9876
Src : 403 403 1581341583261105 1581341583271606 10501
Src : 404 404 1581341583271616 1581341583281980 10364
Src : 405 405 1581341583281992 1581341583292312 10320
Src : 406 406 1581341583292331 1581341583302596 10265
Src : 407 407 1581341583302600 1581341583312849 10249
Src : 408 408 1581341583312852 1581341583325274 12422
Src : 409 409 1581341583325278 1581341583335587 10309
Src : 410 410 1581341583335590 1581341583345894 10304
Src : 411 411 1581341583369470 1581341583379645 10175
Src : 412 412 1581341583420911 1581341583431150 10239
Src : 413 413 1581341583471787 1581341583481984 10197
Src : 414 414 1581341583522979 1581341583533195 10216
Src : 415 415 1581341583574606 1581341583584807 10201
Src : 416 416 1581341583625702 1581341583635885 10183
Src : 417 417 1581341583676537 1581341583686787 10250
Src : 418 418 1581341583727305 1581341583737506 10201
Src : 419 419 1581341583778178 1581341583788343 10165
Src : 420 420 1581341583829061 1581341583839230 10169
Src : 421 421 1581341583879906 1581341583890106 10200
Src : 422 422 1581341583930668 1581341583940870 10202
Src : 423 423 1581341583981409 1581341583991581 10172
Src : 424 424 1581341584032911 1581341584043089 10178
Src : 425 425 1581341584083917 1581341584094094 10177
Src : 426 426 1581341584134682 1581341584144880 10198
Src : 427 427 1581341584185549 1581341584195751 10202
Src : 428 428 1581341584236177 1581341584246375 10198
Src : 429 429 1581341584286786 1581341584296982 10196
Src : 430 430 1581341584337443 1581341584347616 10173
Src : 431 431 1581341584388241 1581341584398458 10217
Src : 432 432 1581341584439058 1581341584449257 10199
Src : 433 433 1581341584489839 1581341584500008 10169
Src : 434 434 1581341584540382 1581341584550576 10194
Src : 435 435 1581341584591298 1581341584601551 10253
Src : 436 436 1581341584642855 1581341584653052 10197
Src : 437 437 1581341584693704 1581341584703853 10149
Src : 438 438 1581341584744602 1581341584754764 10162
Src : 439 439 1581341584795301 1581341584805502 10201
Src : 440 440 1581341584846181 1581341584856353 10172
Src : 441 441 1581341584897011 1581341584907179 10168
Src : 442 442 1581341584947957 1581341584958164 10207
Src : 443 443 1581341584998417 1581341585008626 10209
Src : 444 444 1581341585049142 1581341585059310 10168
Src : 445 445 1581341585099688 1581341585109893 10205
Src : 446 446 1581341585150563 1581341585160768 10205
Src : 447 447 1581341585201413 1581341585211675 10262
Src : 448 448 1581341585252606 1581341585262779 10173
Src : 449 449 1581341585303484 1581341585313689 10205
Src : 450 450 1581341585354369 1581341585364535 10166
Src : 451 451 1581341585405277 1581341585415454 10177
Src : 452 452 1581341585456142 1581341585466340 10198
Src : 453 453 1581341585507152 1581341585517350 10198
Src : 454 454 1581341585557817 1581341585567988 10171
Src : 455 455 1581341585608709 1581341585618879 10170
Src : 456 456 1581341585659486 1581341585669686 10200
Src : 457 457 1581341585710216 1581341585720373 10157
Src : 458 458 1581341585761057 1581341585771222 10165
Src : 459 459 1581341585812375 1581341585822621 10246
Src : 460 460 1581341585863194 1581341585873392 10198
Src : 461 461 1581341585914072 1581341585924240 10168
Src : 462 462 1581341585964944 1581341585975110 10166
Src : 463 463 1581341586015822 1581341586026058 10236
Src : 464 464 1581341586066558 1581341586076752 10194
Src : 465 465 1581341586117263 1581341586127433 10170
Src : 466 466 1581341586167829 1581341586178029 10200
Src : 467 467 1581341586218573 1581341586228794 10221
Src : 468 468 1581341586269236 1581341586279410 10174
Src : 469 469 1581341586319949 1581341586330152 10203
Src : 470 470 1581341586370777 1581341586380975 10198
Src : 471 471 1581341586422560 1581341586432792 10232
Src : 472 472 1581341586473808 1581341586483979 10171
Src : 473 473 1581341586524929 1581341586535097 10168
Src : 474 474 1581341586575597 1581341586585826 10229
Src : 475 475 1581341586626356 1581341586636526 10170
Src : 476 476 1581341586676949 1581341586687125 10176
Src : 477 477 1581341586727647 1581341586737852 10205
Src : 478 478 1581341586778391 1581341586788556 10165
Src : 479 479 1581341586829176 1581341586839345 10169
Src : 480 480 1581341586879889 1581341586890093 10204
Src : 481 481 1581341586930670 1581341586940872 10202
Src : 482 482 1581341586981467 1581341586991636 10169
Src : 483 483 1581341587032769 1581341587042939 10170
Src : 484 484 1581341587083697 1581341587093864 10167
Src : 485 485 1581341587134458 1581341587144663 10205
Src : 486 486 1581341587185279 1581341587195446 10167
Src : 487 487 1581341587235614 1581341587245816 10202
Src : 488 488 1581341587286490 1581341587296665 10175
Src : 489 489 1581341587337375 1581341587347552 10177
Src : 490 490 1581341587388043 1581341587398278 10235
Src : 491 491 1581341587438919 1581341587449119 10200
Src : 492 492 1581341587489568 1581341587499741 10173
Src : 493 493 1581341587540264 1581341587550470 10206
Src : 494 494 1581341587591187 1581341587601422 10235
Src : 495 495 1581341587642724 1581341587652924 10200
Src : 496 496 1581341587693615 1581341587703782 10167
Src : 497 497 1581341587744930 1581341587755106 10176
Src : 498 498 1581341587796222 1581341587806495 10273
Src : 499 499 1581341587847205 1581341587857406 10201
Src : 500 500 1581341587898040 1581341587908210 10170
Snk : 1 1 1581341562889812 1581341562899974 10162
Snk : 2 2 1581341562952052 1581341562962355 10303
Snk : 3 3 1581341563004289 1581341563014555 10266
Snk : 4 4 1581341563055106 1581341563065290 10184
Snk : 5 5 1581341563106009 1581341563116180 10171
Snk : 6 6 1581341563156783 1581341563166960 10177
Snk : 7 7 1581341563207945 1581341563218113 10168
Snk : 8 8 1581341563258544 1581341563268738 10194
Snk : 9 9 1581341563309166 1581341563319323 10157
Snk : 10 10 1581341563360077 1581341563370275 10198
Snk : 11 11 1581341563411101 1581341563421329 10228
Snk : 12 12 1581341563462338 1581341563472470 10132
Snk : 13 13 1581341563512970 1581341563523157 10187
Snk : 14 14 1581341563564013 1581341563574218 10205
Snk : 15 15 1581341563614987 1581341563625198 10211
Snk : 16 16 1581341563666020 1581341563676173 10153
Snk : 17 17 1581341563716906 1581341563727067 10161
Snk : 18 18 1581341563767579 1581341563777814 10235
Snk : 19 19 1581341563818574 1581341563828761 10187
Snk : 20 20 1581341563869412 1581341563879578 10166
Snk : 21 21 1581341563920179 1581341563930383 10204
Snk : 22 22 1581341563971002 1581341563981177 10175
Snk : 23 23 1581341564022536 1581341564032762 10226
Snk : 24 24 1581341564073526 1581341564083729 10203
Snk : 25 25 1581341564124129 1581341564134333 10204
Snk : 26 26 1581341564174995 1581341564185228 10233
Snk : 27 27 1581341564226189 1581341564236363 10174
Snk : 28 28 1581341564276792 1581341564286962 10170
Snk : 29 29 1581341564327412 1581341564337648 10236
Snk : 30 30 1581341564378062 1581341564388263 10201
Snk : 31 31 1581341564428959 1581341564439130 10171
Snk : 32 32 1581341564479967 1581341564490176 10209
Snk : 33 33 1581341564530924 1581341564541125 10201
Snk : 34 34 1581341564581865 1581341564592070 10205
Snk : 35 35 1581341564633193 1581341564643345 10152
Snk : 36 36 1581341564684161 1581341564694360 10199
Snk : 37 37 1581341564735081 1581341564745286 10205
Snk : 38 38 1581341564786230 1581341564796386 10156
Snk : 39 39 1581341564837216 1581341564847368 10152
Snk : 40 40 1581341564888040 1581341564898244 10204
Snk : 41 41 1581341564939039 1581341564949243 10204
Snk : 42 42 1581341564990136 1581341565000321 10185
Snk : 43 43 1581341565040789 1581341565050931 10142
Snk : 44 44 1581341565091261 1581341565101456 10195
Snk : 45 45 1581341565142151 1581341565152325 10174
Snk : 46 46 1581341565193051 1581341565203453 10402
Snk : 47 47 1581341565244179 1581341565254387 10208
Snk : 48 48 1581341565295007 1581341565305195 10188
Snk : 49 49 1581341565345921 1581341565356095 10174
Snk : 50 50 1581341565397143 1581341565407312 10169
Snk : 51 51 1581341565447715 1581341565457905 10190
Snk : 52 52 1581341565498408 1581341565508643 10235
Snk : 53 53 1581341565548978 1581341565559152 10174
Snk : 54 54 1581341565599853 1581341565610043 10190
Snk : 55 55 1581341565650697 1581341565660895 10198
Snk : 56 56 1581341565701298 1581341565711467 10169
Snk : 57 57 1581341565752078 1581341565762276 10198
Snk : 58 58 1581341565803106 1581341565813322 10216
Snk : 59 59 1581341565854501 1581341565864697 10196
Snk : 60 60 1581341565905193 1581341565915359 10166
Snk : 61 61 1581341565956234 1581341565966408 10174
Snk : 62 62 1581341566007029 1581341566017226 10197
Snk : 63 63 1581341566057678 1581341566067852 10174
Snk : 64 64 1581341566108493 1581341566118697 10204
Snk : 65 65 1581341566159238 1581341566169430 10192
Snk : 66 66 1581341566209901 1581341566220061 10160
Snk : 67 67 1581341566260618 1581341566270792 10174
Snk : 68 68 1581341566310979 1581341566321166 10187
Snk : 69 69 1581341566361963 1581341566372119 10156
Snk : 70 70 1581341566413148 1581341566423360 10212
Snk : 71 71 1581341566464021 1581341566474225 10204
Snk : 72 72 1581341566515052 1581341566525256 10204
Snk : 73 73 1581341566565742 1581341566575917 10175
Snk : 74 74 1581341566616465 1581341566626639 10174
Snk : 75 75 1581341566667296 1581341566677475 10179
Snk : 76 76 1581341566718027 1581341566728196 10169
Snk : 77 77 1581341566768967 1581341566779135 10168
Snk : 78 78 1581341566819817 1581341566830017 10200
Snk : 79 79 1581341566870629 1581341566880826 10197
Snk : 80 80 1581341566921214 1581341566931379 10165
Snk : 81 81 1581341566972185 1581341566982389 10204
Snk : 82 82 1581341567023100 1581341567033327 10227
Snk : 83 83 1581341567073834 1581341567084007 10173
Snk : 84 84 1581341567124626 1581341567134826 10200
Snk : 85 85 1581341567175880 1581341567186106 10226
Snk : 86 86 1581341567226449 1581341567236653 10204
Snk : 87 87 1581341567277424 1581341567287598 10174
Snk : 88 88 1581341567328265 1581341567338441 10176
Snk : 89 89 1581341567378783 1581341567389002 10219
Snk : 90 90 1581341567429694 1581341567439869 10175
Snk : 91 91 1581341567480292 1581341567490496 10204
Snk : 92 92 1581341567530929 1581341567541116 10187
Snk : 93 93 1581341567581685 1581341567591873 10188
Snk : 94 94 1581341567633109 1581341567643268 10159
Snk : 95 95 1581341567684433 1581341567694611 10178
Snk : 96 96 1581341567735253 1581341567745442 10189
Snk : 97 97 1581341567786324 1581341567796472 10148
Snk : 98 98 1581341567838098 1581341567848426 10328
Snk : 99 99 1581341567889882 1581341567900186 10304
Snk : 100 100 1581341567941376 1581341567951689 10313
Snk : 101 101 1581341567993002 1581341568003326 10324
Snk : 102 102 1581341568044365 1581341568054680 10315
Snk : 103 103 1581341568095839 1581341568106161 10322
Snk : 104 104 1581341568147084 1581341568157266 10182
Snk : 105 105 1581341568198108 1581341568208451 10343
Snk : 106 106 1581341568249495 1581341568259634 10139
Snk : 107 107 1581341568300039 1581341568309988 9949
Snk : 108 108 1581341568377496 1581341568387806 10310
Snk : 109 109 1581341568429765 1581341568440075 10310
Snk : 110 110 1581341568482087 1581341568492383 10296
Snk : 111 111 1581341568533274 1581341568543599 10325
Snk : 112 112 1581341568584143 1581341568594477 10334
Snk : 113 113 1581341568634905 1581341568645242 10337
Snk : 114 114 1581341568685506 1581341568695837 10331
Snk : 115 115 1581341568736110 1581341568746436 10326
Snk : 116 116 1581341568786790 1581341568797113 10323
Snk : 117 117 1581341568838351 1581341568848690 10339
Snk : 118 118 1581341568889042 1581341568899370 10328
Snk : 119 119 1581341568939765 1581341568950103 10338
Snk : 120 120 1581341568990695 1581341569001029 10334
Snk : 121 121 1581341569041307 1581341569051614 10307
Snk : 122 122 1581341569091774 1581341569102083 10309
Snk : 123 123 1581341569142467 1581341569152773 10306
Snk : 124 124 1581341569193139 1581341569203474 10335
Snk : 125 125 1581341569243542 1581341569253882 10340
Snk : 126 126 1581341569294154 1581341569304493 10339
Snk : 127 127 1581341569344751 1581341569355097 10346
Snk : 128 128 1581341569395481 1581341569405828 10347
Snk : 129 129 1581341569446627 1581341569456969 10342
Snk : 130 130 1581341569497450 1581341569507902 10452
Snk : 131 131 1581341569548179 1581341569558517 10338
Snk : 132 132 1581341569599097 1581341569609421 10324
Snk : 133 133 1581341569649748 1581341569660056 10308
Snk : 134 134 1581341569700305 1581341569710631 10326
Snk : 135 135 1581341569750983 1581341569761312 10329
Snk : 136 136 1581341569801570 1581341569811901 10331
Snk : 137 137 1581341569852203 1581341569862541 10338
Snk : 138 138 1581341569902866 1581341569913176 10310
Snk : 139 139 1581341569953501 1581341569963823 10322
Snk : 140 140 1581341570003932 1581341570014286 10354
Snk : 141 141 1581341570055138 1581341570065470 10332
Snk : 142 142 1581341570105699 1581341570116031 10332
Snk : 143 143 1581341570156220 1581341570166519 10299
Snk : 144 144 1581341570206940 1581341570217271 10331
Snk : 145 145 1581341570257512 1581341570267848 10336
Snk : 146 146 1581341570308005 1581341570318336 10331
Snk : 147 147 1581341570358652 1581341570368985 10333
Snk : 148 148 1581341570409305 1581341570419642 10337
Snk : 149 149 1581341570459988 1581341570470319 10331
Snk : 150 150 1581341570510578 1581341570520889 10311
Snk : 151 151 1581341570561270 1581341570571602 10332
Snk : 152 152 1581341570612437 1581341570622747 10310
Snk : 153 153 1581341570663241 1581341570673572 10331
Snk : 154 154 1581341570714001 1581341570724341 10340
Snk : 155 155 1581341570764878 1581341570775215 10337
Snk : 156 156 1581341570815878 1581341570826210 10332
Snk : 157 157 1581341570866451 1581341570876798 10347
Snk : 158 158 1581341570917068 1581341570927404 10336
Snk : 159 159 1581341570967860 1581341570978207 10347
Snk : 160 160 1581341571018463 1581341571028797 10334
Snk : 161 161 1581341571069198 1581341571079545 10347
Snk : 162 162 1581341571119753 1581341571130096 10343
Snk : 163 163 1581341571170409 1581341571180744 10335
Snk : 164 164 1581341571221623 1581341571231960 10337
Snk : 165 165 1581341571272457 1581341571282759 10302
Snk : 166 166 1581341571323284 1581341571333606 10322
Snk : 167 167 1581341571374032 1581341571384357 10325
Snk : 168 168 1581341571424635 1581341571434966 10331
Snk : 169 169 1581341571475333 1581341571485661 10328
Snk : 170 170 1581341571526163 1581341571536494 10331
Snk : 171 171 1581341571576868 1581341571587205 10337
Snk : 172 172 1581341571627524 1581341571637834 10310
Snk : 173 173 1581341571678067 1581341571688399 10332
Snk : 174 174 1581341571728606 1581341571738902 10296
Snk : 175 175 1581341571779048 1581341571789380 10332
Snk : 176 176 1581341571830345 1581341571840677 10332
Snk : 177 177 1581341571881089 1581341571891421 10332
Snk : 178 178 1581341571932187 1581341571942522 10335
Snk : 179 179 1581341571983528 1581341571993838 10310
Snk : 180 180 1581341572034283 1581341572044585 10302
Snk : 181 181 1581341572084902 1581341572095209 10307
Snk : 182 182 1581341572135449 1581341572145788 10339
Snk : 183 183 1581341572185932 1581341572196240 10308
Snk : 184 184 1581341572236575 1581341572246886 10311
Snk : 185 185 1581341572287153 1581341572297494 10341
Snk : 186 186 1581341572338081 1581341572348427 10346
Snk : 187 187 1581341572388936 1581341572399271 10335
Snk : 188 188 1581341572440227 1581341572450530 10303
Snk : 189 189 1581341572490832 1581341572501169 10337
Snk : 190 190 1581341572542080 1581341572552388 10308
Snk : 191 191 1581341572593320 1581341572603617 10297
Snk : 192 192 1581341572643825 1581341572654163 10338
Snk : 193 193 1581341572694511 1581341572704845 10334
Snk : 194 194 1581341572745227 1581341572755554 10327
Snk : 195 195 1581341572796133 1581341572806433 10300
Snk : 196 196 1581341572847042 1581341572857347 10305
Snk : 197 197 1581341572897750 1581341572908079 10329
Snk : 198 198 1581341572948368 1581341572958675 10307
Snk : 199 199 1581341572999022 1581341573009351 10329
Snk : 200 200 1581341573050268 1581341573060569 10301
Snk : 201 201 1581341573100843 1581341573111147 10304
Snk : 202 202 1581341573151650 1581341573161980 10330
Snk : 203 203 1581341573202208 1581341573212533 10325
Snk : 204 204 1581341573252917 1581341573263213 10296
Snk : 205 205 1581341573303515 1581341573313838 10323
Snk : 206 206 1581341573354233 1581341573364558 10325
Snk : 207 207 1581341573405121 1581341573415412 10291
Snk : 208 208 1581341573455606 1581341573465899 10293
Snk : 209 209 1581341573506551 1581341573516890 10339
Snk : 210 210 1581341573557226 1581341573567531 10305
Snk : 211 211 1581341573608073 1581341573618416 10343
Snk : 212 212 1581341573658927 1581341573669274 10347
Snk : 213 213 1581341573709659 1581341573719992 10333
Snk : 214 214 1581341573760394 1581341573770732 10338
Snk : 215 215 1581341573811194 1581341573821524 10330
Snk : 216 216 1581341573861828 1581341573872156 10328
Snk : 217 217 1581341573912464 1581341573922774 10310
Snk : 218 218 1581341573963095 1581341573973397 10302
Snk : 219 219 1581341574013719 1581341574024050 10331
Snk : 220 220 1581341574064613 1581341574074920 10307
Snk : 221 221 1581341574115378 1581341574125715 10337
Snk : 222 222 1581341574166129 1581341574176465 10336
Snk : 223 223 1581341574216781 1581341574227113 10332
Snk : 224 224 1581341574267449 1581341574277785 10336
Snk : 225 225 1581341574318261 1581341574328558 10297
Snk : 226 226 1581341574368933 1581341574379262 10329
Snk : 227 227 1581341574419675 1581341574430005 10330
Snk : 228 228 1581341574470372 1581341574480701 10329
Snk : 229 229 1581341574520993 1581341574531302 10309
Snk : 230 230 1581341574571818 1581341574582153 10335
Snk : 231 231 1581341574622661 1581341574632995 10334
Snk : 232 232 1581341574673361 1581341574683692 10331
Snk : 233 233 1581341574724348 1581341574734673 10325
Snk : 234 234 1581341574775151 1581341574785461 10310
Snk : 235 235 1581341574825848 1581341574836171 10323
Snk : 236 236 1581341574876433 1581341574886743 10310
Snk : 237 237 1581341574927067 1581341574937377 10310
Snk : 238 238 1581341574977780 1581341574988090 10310
Snk : 239 239 1581341575028753 1581341575039099 10346
Snk : 240 240 1581341575079242 1581341575089590 10348
Snk : 241 241 1581341575129944 1581341575140291 10347
Snk : 242 242 1581341575180379 1581341575190727 10348
Snk : 243 243 1581341575231212 1581341575241544 10332
Snk : 244 244 1581341575281884 1581341575292225 10341
Snk : 245 245 1581341575332738 1581341575343073 10335
Snk : 246 246 1581341575383462 1581341575393767 10305
Snk : 247 247 1581341575434097 1581341575444424 10327
Snk : 248 248 1581341575484823 1581341575495154 10331
Snk : 249 249 1581341575535443 1581341575545743 10300
Snk : 250 250 1581341575585797 1581341575596131 10334
Snk : 251 251 1581341575636677 1581341575647001 10324
Snk : 252 252 1581341575687365 1581341575697695 10330
Snk : 253 253 1581341575738109 1581341575748437 10328
Snk : 254 254 1581341575788695 1581341575799005 10310
Snk : 255 255 1581341575839414 1581341575849744 10330
Snk : 256 256 1581341575890276 1581341575900601 10325
Snk : 257 257 1581341575941133 1581341575951439 10306
Snk : 258 258 1581341575991820 1581341576002154 10334
Snk : 259 259 1581341576042553 1581341576052887 10334
Snk : 260 260 1581341576093173 1581341576103481 10308
Snk : 261 261 1581341576143806 1581341576154100 10294
Snk : 262 262 1581341576194519 1581341576204848 10329
Snk : 263 263 1581341576245142 1581341576255471 10329
Snk : 264 264 1581341576295597 1581341576305933 10336
Snk : 265 265 1581341576346124 1581341576356457 10333
Snk : 266 266 1581341576396830 1581341576407166 10336
Snk : 267 267 1581341576447573 1581341576457903 10330
Snk : 268 268 1581341576498108 1581341576508437 10329
Snk : 269 269 1581341576548824 1581341576559147 10323
Snk : 270 270 1581341576599671 1581341576609979 10308
Snk : 271 271 1581341576650197 1581341576660517 10320
Snk : 272 272 1581341576700899 1581341576711237 10338
Snk : 273 273 1581341576751441 1581341576761778 10337
Snk : 274 274 1581341576802025 1581341576812328 10303
Snk : 275 275 1581341576852585 1581341576862897 10312
Snk : 276 276 1581341576903301 1581341576913648 10347
Snk : 277 277 1581341576954048 1581341576964396 10348
Snk : 278 278 1581341577004867 1581341577015199 10332
Snk : 279 279 1581341577055463 1581341577065771 10308
Snk : 280 280 1581341577106219 1581341577116563 10344
Snk : 281 281 1581341577156790 1581341577167106 10316
Snk : 282 282 1581341577207379 1581341577217720 10341
Snk : 283 283 1581341577258079 1581341577268425 10346
Snk : 284 284 1581341577308634 1581341577318940 10306
Snk : 285 285 1581341577359199 1581341577369540 10341
Snk : 286 286 1581341577409644 1581341577419978 10334
Snk : 287 287 1581341577460193 1581341577470537 10344
Snk : 288 288 1581341577510752 1581341577521056 10304
Snk : 289 289 1581341577561284 1581341577571630 10346
Snk : 290 290 1581341577611871 1581341577622185 10314
Snk : 291 291 1581341577662529 1581341577672840 10311
Snk : 292 292 1581341577713221 1581341577723533 10312
Snk : 293 293 1581341577763731 1581341577774061 10330
Snk : 294 294 1581341577814403 1581341577824765 10362
Snk : 295 295 1581341577864824 1581341577875162 10338
Snk : 296 296 1581341577915409 1581341577925750 10341
Snk : 297 297 1581341577966106 1581341577976452 10346
Snk : 298 298 1581341578016902 1581341578027228 10326
Snk : 299 299 1581341578067554 1581341578077873 10319
Snk : 300 300 1581341578118315 1581341578128655 10340
Snk : 301 301 1581341578169265 1581341578179605 10340
Snk : 302 302 1581341578220004 1581341578230342 10338
Snk : 303 303 1581341578270656 1581341578280999 10343
Snk : 304 304 1581341578321234 1581341578331544 10310
Snk : 305 305 1581341578371920 1581341578382251 10331
Snk : 306 306 1581341578422629 1581341578432961 10332
Snk : 307 307 1581341578473185 1581341578483519 10334
Snk : 308 308 1581341578523761 1581341578534073 10312
Snk : 309 309 1581341578574597 1581341578584937 10340
Snk : 310 310 1581341578625386 1581341578635726 10340
Snk : 311 311 1581341578675857 1581341578686167 10310
Snk : 312 312 1581341578726519 1581341578736838 10319
Snk : 313 313 1581341578777053 1581341578787385 10332
Snk : 314 314 1581341578827993 1581341578838310 10317
Snk : 315 315 1581341578878369 1581341578888722 10353
Snk : 316 316 1581341578928713 1581341578939054 10341
Snk : 317 317 1581341578979387 1581341578989732 10345
Snk : 318 318 1581341579030380 1581341579040728 10348
Snk : 319 319 1581341579081083 1581341579091421 10338
Snk : 320 320 1581341579131859 1581341579142203 10344
Snk : 321 321 1581341579182537 1581341579192842 10305
Snk : 322 322 1581341579233155 1581341579243501 10346
Snk : 323 323 1581341579283861 1581341579294207 10346
Snk : 324 324 1581341579334792 1581341579345112 10320
Snk : 325 325 1581341579385331 1581341579395677 10346
Snk : 326 326 1581341579436028 1581341579446368 10340
Snk : 327 327 1581341579486484 1581341579496824 10340
Snk : 328 328 1581341579537177 1581341579547523 10346
Snk : 329 329 1581341579587892 1581341579598233 10341
Snk : 330 330 1581341579638590 1581341579648930 10340
Snk : 331 331 1581341579689288 1581341579699625 10337
Snk : 332 332 1581341579739973 1581341579750313 10340
Snk : 333 333 1581341579790635 1581341579800969 10334
Snk : 334 334 1581341579841184 1581341579851524 10340
Snk : 335 335 1581341579891721 1581341579902059 10338
Snk : 336 336 1581341579942521 1581341579952866 10345
Snk : 337 337 1581341579993162 1581341580003536 10374
Snk : 338 338 1581341580044175 1581341580054524 10349
Snk : 339 339 1581341580094871 1581341580105183 10312
Snk : 340 340 1581341580145850 1581341580156189 10339
Snk : 341 341 1581341580196509 1581341580206841 10332
Snk : 342 342 1581341580247225 1581341580257571 10346
Snk : 343 343 1581341580297875 1581341580308214 10339
Snk : 344 344 1581341580348586 1581341580358902 10316
Snk : 345 345 1581341580399107 1581341580409453 10346
Snk : 346 346 1581341580449776 1581341580460123 10347
Snk : 347 347 1581341580500431 1581341580510772 10341
Snk : 348 348 1581341580550876 1581341580561213 10337
Snk : 349 349 1581341580601614 1581341580611951 10337
Snk : 350 350 1581341580652271 1581341580662620 10349
Snk : 351 351 1581341580702813 1581341580713129 10316
Snk : 352 352 1581341580753370 1581341580763693 10323
Snk : 353 353 1581341580804057 1581341580814407 10350
Snk : 354 354 1581341580854809 1581341580865150 10341
Snk : 355 355 1581341580905501 1581341580915837 10336
Snk : 356 356 1581341580956250 1581341580966597 10347
Snk : 357 357 1581341581006676 1581341581017021 10345
Snk : 358 358 1581341581057418 1581341581067751 10333
Snk : 359 359 1581341581108141 1581341581118449 10308
Snk : 360 360 1581341581158567 1581341581168911 10344
Snk : 361 361 1581341581209200 1581341581219546 10346
Snk : 362 362 1581341581259728 1581341581270045 10317
Snk : 363 363 1581341581310331 1581341581320650 10319
Snk : 364 364 1581341581360906 1581341581371247 10341
Snk : 365 365 1581341581411823 1581341581422159 10336
Snk : 366 366 1581341581462419 1581341581472760 10341
Snk : 367 367 1581341581513111 1581341581523446 10335
Snk : 368 368 1581341581563681 1581341581574029 10348
Snk : 369 369 1581341581614591 1581341581624901 10310
Snk : 370 370 1581341581665129 1581341581675435 10306
Snk : 371 371 1581341581715946 1581341581726287 10341
Snk : 372 372 1581341581766753 1581341581777092 10339
Snk : 373 373 1581341581817443 1581341581827783 10340
Snk : 374 374 1581341581868157 1581341581878476 10319
Snk : 375 375 1581341581918623 1581341581928970 10347
Snk : 376 376 1581341581969268 1581341581979586 10318
Snk : 377 377 1581341582019897 1581341582030245 10348
Snk : 378 378 1581341582070403 1581341582080743 10340
Snk : 379 379 1581341582121086 1581341582131426 10340
Snk : 380 380 1581341582171653 1581341582181964 10311
Snk : 381 381 1581341582222420 1581341582232764 10344
Snk : 382 382 1581341582273058 1581341582283403 10345
Snk : 383 383 1581341582323465 1581341582333777 10312
Snk : 384 384 1581341582374182 1581341582384521 10339
Snk : 385 385 1581341582424910 1581341582435241 10331
Snk : 386 386 1581341582475434 1581341582485781 10347
Snk : 387 387 1581341582526095 1581341582536431 10336
Snk : 388 388 1581341582576657 1581341582586991 10334
Snk : 389 389 1581341582627529 1581341582637841 10312
Snk : 390 390 1581341582678158 1581341582688505 10347
Snk : 391 391 1581341582728732 1581341582739037 10305
Snk : 392 392 1581341582779235 1581341582789583 10348
Snk : 393 393 1581341582831241 1581341582841582 10341
Snk : 394 394 1581341582882911 1581341582893219 10308
Snk : 395 395 1581341582934476 1581341582944782 10306
Snk : 396 396 1581341582986104 1581341582996408 10304
Snk : 397 397 1581341583037639 1581341583047931 10292
Snk : 398 398 1581341583088921 1581341583099066 10145
Snk : 399 399 1581341583139493 1581341583149700 10207
Snk : 400 400 1581341583190071 1581341583200244 10173
Snk : 401 401 1581341583240504 1581341583250475 9971
Snk : 402 402 1581341583338432 1581341583348709 10277
Snk : 403 403 1581341583389944 1581341583400133 10189
Snk : 404 404 1581341583441579 1581341583451771 10192
Snk : 405 405 1581341583492219 1581341583502417 10198
Snk : 406 406 1581341583543703 1581341583553916 10213
Snk : 407 407 1581341583595171 1581341583605370 10199
Snk : 408 408 1581341583646097 1581341583656256 10159
Snk : 409 409 1581341583697063 1581341583707234 10171
Snk : 410 410 1581341583747802 1581341583758001 10199
Snk : 411 411 1581341583798812 1581341583809026 10214
Snk : 412 412 1581341583849560 1581341583859729 10169
Snk : 413 413 1581341583900405 1581341583910609 10204
Snk : 414 414 1581341583951174 1581341583961379 10205
Snk : 415 415 1581341584002258 1581341584012592 10334
Snk : 416 416 1581341584053320 1581341584063487 10167
Snk : 417 417 1581341584104335 1581341584114515 10180
Snk : 418 418 1581341584155018 1581341584165213 10195
Snk : 419 419 1581341584205910 1581341584216082 10172
Snk : 420 420 1581341584256723 1581341584266898 10175
Snk : 421 421 1581341584307238 1581341584317440 10202
Snk : 422 422 1581341584357856 1581341584368030 10174
Snk : 423 423 1581341584408810 1581341584419007 10197
Snk : 424 424 1581341584459316 1581341584469520 10204
Snk : 425 425 1581341584510345 1581341584520518 10173
Snk : 426 426 1581341584560850 1581341584571017 10167
Snk : 427 427 1581341584612363 1581341584622627 10264
Snk : 428 428 1581341584663414 1581341584673609 10195
Snk : 429 429 1581341584714142 1581341584724312 10170
Snk : 430 430 1581341584764960 1581341584775137 10177
Snk : 431 431 1581341584815798 1581341584826031 10233
Snk : 432 432 1581341584866604 1581341584876807 10203
Snk : 433 433 1581341584917341 1581341584927514 10173
Snk : 434 434 1581341584968478 1581341584978680 10202
Snk : 435 435 1581341585018705 1581341585028917 10212
Snk : 436 436 1581341585069595 1581341585079762 10167
Snk : 437 437 1581341585120148 1581341585130353 10205
Snk : 438 438 1581341585171022 1581341585181226 10204
Snk : 439 439 1581341585222235 1581341585232416 10181
Snk : 440 440 1581341585273023 1581341585283192 10169
Snk : 441 441 1581341585323986 1581341585334193 10207
Snk : 442 442 1581341585374802 1581341585385004 10202
Snk : 443 443 1581341585425676 1581341585435849 10173
Snk : 444 444 1581341585476701 1581341585486838 10137
Snk : 445 445 1581341585527643 1581341585537837 10194
Snk : 446 446 1581341585578251 1581341585588416 10165
Snk : 447 447 1581341585629235 1581341585639399 10164
Snk : 448 448 1581341585679953 1581341585690143 10190
Snk : 449 449 1581341585730698 1581341585740903 10205
Snk : 450 450 1581341585781570 1581341585791738 10168
Snk : 451 451 1581341585832935 1581341585843110 10175
Snk : 452 452 1581341585883625 1581341585893807 10182
Snk : 453 453 1581341585934511 1581341585944704 10193
Snk : 454 454 1581341585985398 1581341585995602 10204
Snk : 455 455 1581341586036245 1581341586046434 10189
Snk : 456 456 1581341586087052 1581341586097248 10196
Snk : 457 457 1581341586137661 1581341586147835 10174
Snk : 458 458 1581341586188280 1581341586198534 10254
Snk : 459 459 1581341586238877 1581341586249061 10184
Snk : 460 460 1581341586289733 1581341586299910 10177
Snk : 461 461 1581341586340376 1581341586350581 10205
Snk : 462 462 1581341586391275 1581341586401502 10227
Snk : 463 463 1581341586443168 1581341586453354 10186
Snk : 464 464 1581341586494437 1581341586504645 10208
Snk : 465 465 1581341586545280 1581341586555447 10167
Snk : 466 466 1581341586596052 1581341586606224 10172
Snk : 467 467 1581341586646768 1581341586656973 10205
Snk : 468 468 1581341586697317 1581341586707488 10171
Snk : 469 469 1581341586748130 1581341586758335 10205
Snk : 470 470 1581341586798784 1581341586808977 10193
Snk : 471 471 1581341586849677 1581341586859824 10147
Snk : 472 472 1581341586900318 1581341586910522 10204
Snk : 473 473 1581341586951200 1581341586961404 10204
Snk : 474 474 1581341587002010 1581341587012333 10323
Snk : 475 475 1581341587053319 1581341587063491 10172
Snk : 476 476 1581341587104132 1581341587114329 10197
Snk : 477 477 1581341587154955 1581341587165155 10200
Snk : 478 478 1581341587205727 1581341587215900 10173
Snk : 479 479 1581341587256015 1581341587266183 10168
Snk : 480 480 1581341587306916 1581341587317119 10203
Snk : 481 481 1581341587357822 1581341587367993 10171
Snk : 482 482 1581341587408614 1581341587418796 10182
Snk : 483 483 1581341587459221 1581341587469427 10206
Snk : 484 484 1581341587510013 1581341587520231 10218
Snk : 485 485 1581341587560698 1581341587570869 10171
Snk : 486 486 1581341587612115 1581341587622389 10274
Snk : 487 487 1581341587663113 1581341587673319 10206
Snk : 488 488 1581341587714252 1581341587724457 10205
Snk : 489 489 1581341587765563 1581341587775790 10227
Snk : 490 490 1581341587816931 1581341587827138 10207
Snk : 491 491 1581341587867641 1581341587877840 10199
Snk : 492 492 1581341587918608 1581341587928769 10161
Snk : 493 493 1581341587969005 1581341587979146 10141
Snk : 494 494 1581341588019589 1581341588029792 10203
Snk : 495 495 1581341588069718 1581341588079863 10145
Snk : 496 496 1581341588120294 1581341588130464 10170
Snk : 497 497 1581341588170854 1581341588180840 9986
Snk : 498 498 1581341588221251 1581341588231357 10106
Snk : 499 499 1581341588271253 1581341588281224 9971
Snk : 500 500 1581341588321142 1581341588331078 9936
