Src : 1 1 1581341633485803 1581341633500644 14841
Src : 2 2 1581341633500717 1581341633510988 10271
Src : 3 3 1581341633510998 1581341633521421 10423
Src : 4 4 1581341633521447 1581341633531751 10304
Src : 5 5 1581341633531755 1581341633542100 10345
Src : 6 6 1581341633542103 1581341633552291 10188
Src : 7 7 1581341633552293 1581341633562570 10277
Src : 8 8 1581341633562572 1581341633572873 10301
Src : 9 9 1581341633572876 1581341633584075 11199
Src : 10 10 1581341633609646 1581341633619948 10302
Src : 11 11 1581341633661813 1581341633672119 10306
Src : 12 12 1581341633713920 1581341633724115 10195
Src : 13 13 1581341633764834 1581341633775005 10171
Src : 14 14 1581341633815783 1581341633825986 10203
Src : 15 15 1581341633866692 1581341633876887 10195
Src : 16 16 1581341633917551 1581341633927726 10175
Src : 17 17 1581341633968371 1581341633978573 10202
Src : 18 18 1581341634019326 1581341634029523 10197
Src : 19 19 1581341634070114 1581341634080293 10179
Src : 20 20 1581341634122086 1581341634132281 10195
Src : 21 21 1581341634173490 1581341634183666 10176
Src : 22 22 1581341634224485 1581341634234660 10175
Src : 23 23 1581341634275438 1581341634285703 10265
Src : 24 24 1581341634326628 1581341634336791 10163
Src : 25 25 1581341634377636 1581341634387805 10169
Src : 26 26 1581341634428448 1581341634438615 10167
Src : 27 27 1581341634479391 1581341634489585 10194
Src : 28 28 1581341634530319 1581341634540497 10178
Src : 29 29 1581341634581229 1581341634591372 10143
Src : 30 30 1581341634632227 1581341634642424 10197
Src : 31 31 1581341634683459 1581341634693879 10420
Src : 32 32 1581341634735113 1581341634745317 10204
Src : 33 33 1581341634786639 1581341634796845 10206
Src : 34 34 1581341634837713 1581341634847884 10171
Src : 35 35 1581341634888698 1581341634898854 10156
Src : 36 36 1581341634939461 1581341634949658 10197
Src : 37 37 1581341634990132 1581341635000301 10169
Src : 38 38 1581341635041141 1581341635051311 10170
Src : 39 39 1581341635092077 1581341635102277 10200
Src : 40 40 1581341635143122 1581341635153313 10191
Src : 41 41 1581341635194199 1581341635204367 10168
Src : 42 42 1581341635245100 1581341635255267 10167
Src : 43 43 1581341635296775 1581341635306958 10183
Src : 44 44 1581341635348324 1581341635358524 10200
Src : 45 45 1581341635399470 1581341635409667 10197
Src : 46 46 1581341635450567 1581341635460775 10208
Src : 47 47 1581341635501746 1581341635511887 10141
Src : 48 48 1581341635552542 1581341635562717 10175
Src : 49 49 1581341635603313 1581341635613482 10169
Src : 50 50 1581341635654218 1581341635664376 10158
Src : 51 51 1581341635704868 1581341635715056 10188
Src : 52 52 1581341635755825 1581341635766025 10200
Src : 53 53 1581341635806697 1581341635816902 10205
Src : 54 54 1581341635857831 1581341635867977 10146
Src : 55 55 1581341635909441 1581341635919638 10197
Src : 56 56 1581341635960703 1581341635970873 10170
Src : 57 57 1581341636011809 1581341636022003 10194
Src : 58 58 1581341636062833 1581341636073036 10203
Src : 59 59 1581341636113858 1581341636123991 10133
Src : 60 60 1581341636164770 1581341636174936 10166
Src : 61 61 1581341636215878 1581341636226085 10207
Src : 62 62 1581341636266855 1581341636277060 10205
Src : 63 63 1581341636317675 1581341636327841 10166
Src : 64 64 1581341636368480 1581341636378614 10134
Src : 65 65 1581341636419316 1581341636429519 10203
Src : 66 66 1581341636470214 1581341636480405 10191
Src : 67 67 1581341636522017 1581341636532220 10203
Src : 68 68 1581341636573556 1581341636583730 10174
Src : 69 69 1581341636624580 1581341636634756 10176
Src : 70 70 1581341636675531 1581341636685793 10262
Src : 71 71 1581341636726514 1581341636736739 10225
Src : 72 72 1581341636777556 1581341636787723 10167
Src : 73 73 1581341636828512 1581341636838724 10212
Src : 74 74 1581341636879683 1581341636889879 10196
Src : 75 75 1581341636930606 1581341636940838 10232
Src : 76 76 1581341636981573 1581341636991749 10176
Src : 77 77 1581341637032380 1581341637042580 10200
Src : 78 78 1581341637083381 1581341637093779 10398
Src : 79 79 1581341637134959 1581341637145193 10234
Src : 80 80 1581341637186284 1581341637196458 10174
Src : 81 81 1581341637237296 1581341637247462 10166
Src : 82 82 1581341637288201 1581341637298403 10202
Src : 83 83 1581341637339149 1581341637349349 10200
Src : 84 84 1581341637390206 1581341637400350 10144
Src : 85 85 1581341637440979 1581341637451156 10177
Src : 86 86 1581341637491973 1581341637502183 10210
Src : 87 87 1581341637542937 1581341637553129 10192
Src : 88 88 1581341637593813 1581341637603989 10176
Src : 89 89 1581341637644729 1581341637654869 10140
Src : 90 90 1581341637696186 1581341637706422 10236
Src : 91 91 1581341637747429 1581341637757626 10197
Src : 92 92 1581341637798297 1581341637808465 10168
Src : 93 93 1581341637849337 1581341637859517 10180
Src : 94 94 1581341637900552 1581341637910695 10143
Src : 95 95 1581341637951487 1581341637961682 10195
Src : 96 96 1581341638002328 1581341638012499 10171
Src : 97 97 1581341638053235 1581341638063413 10178
Src : 98 98 1581341638103876 1581341638114078 10202
Src : 99 99 1581341638154927 1581341638165135 10208
Src : 100 100 1581341638205894 1581341638216056 10162
Src : 101 101 1581341638256872 1581341638267048 10176
Src : 102 102 1581341638308385 1581341638318621 10236
Src : 103 103 1581341638359399 1581341638369603 10204
Src : 104 104 1581341638410398 1581341638420574 10176
Src : 105 105 1581341638461434 1581341638471608 10174
Src : 106 106 1581341638512482 1581341638522647 10165
Src : 107 107 1581341638563567 1581341638573762 10195
Src : 108 108 1581341638614426 1581341638624619 10193
Src : 109 109 1581341638665263 1581341638675434 10171
Src : 110 110 1581341638716411 1581341638726618 10207
Src : 111 111 1581341638767293 1581341638777499 10206
Src : 112 112 1581341638818360 1581341638828538 10178
Src : 113 113 1581341638869365 1581341638879572 10207
Src : 114 114 1581341638920877 1581341638931106 10229
Src : 115 115 1581341638972058 1581341638982260 10202
Src : 116 116 1581341639022977 1581341639033177 10200
Src : 117 117 1581341639074113 1581341639084310 10197
Src : 118 118 1581341639125309 1581341639135487 10178
Src : 119 119 1581341639176395 1581341639186600 10205
Src : 120 120 1581341639227355 1581341639237551 10196
Src : 121 121 1581341639278316 1581341639288545 10229
Src : 122 122 1581341639329069 1581341639339272 10203
Src : 123 123 1581341639379956 1581341639390151 10195
Src : 124 124 1581341639430907 1581341639441083 10176
Src : 125 125 1581341639481899 1581341639492320 10421
Src : 126 126 1581341639533638 1581341639543828 10190
Src : 127 127 1581341639584946 1581341639595125 10179
Src : 128 128 1581341639635958 1581341639646159 10201
Src : 129 129 1581341639686873 1581341639697073 10200
Src : 130 130 1581341639737806 1581341639748007 10201
Src : 131 131 1581341639788774 1581341639798945 10171
Src : 132 132 1581341639839693 1581341639849894 10201
Src : 133 133 1581341639890761 1581341639900962 10201
Src : 134 134 1581341639941658 1581341639951829 10171
Src : 135 135 1581341639992595 1581341640002942 10347
Src : 136 136 1581341640044035 1581341640054269 10234
Src : 137 137 1581341640095174 1581341640105581 10407
Src : 138 138 1581341640146872 1581341640157078 10206
Src : 139 139 1581341640198065 1581341640208232 10167
Src : 140 140 1581341640249050 1581341640259226 10176
Src : 141 141 1581341640299970 1581341640310169 10199
Src : 142 142 1581341640351191 1581341640361396 10205
Src : 143 143 1581341640402307 1581341640412466 10159
Src : 144 144 1581341640453193 1581341640463334 10141
Src : 145 145 1581341640503993 1581341640514240 10247
Src : 146 146 1581341640554888 1581341640565094 10206
Src : 147 147 1581341640605750 1581341640615916 10166
Src : 148 148 1581341640656724 1581341640666903 10179
Src : 149 149 1581341640708085 1581341640718298 10213
Src : 150 150 1581341640759492 1581341640769698 10206
Src : 151 151 1581341640810885 1581341640821093 10208
Src : 152 152 1581341640862077 1581341640872254 10177
Src : 153 153 1581341640913282 1581341640923458 10176
Src : 154 154 1581341640964253 1581341640974432 10179
Src : 155 155 1581341641015260 1581341641025464 10204
Src : 156 156 1581341641066286 1581341641076456 10170
Src : 157 157 1581341641117190 1581341641127363 10173
Src : 158 158 1581341641168049 1581341641178251 10202
Src : 159 159 1581341641219071 1581341641229276 10205
Src : 160 160 1581341641270059 1581341641280231 10172
Src : 161 161 1581341641321648 1581341641331879 10231
Src : 162 162 1581341641372899 1581341641383059 10160
Src : 163 163 1581341641423930 1581341641434124 10194
Src : 164 164 1581341641474929 1581341641485162 10233
Src : 165 165 1581341641525799 1581341641535968 10169
Src : 166 166 1581341641576744 1581341641586918 10174
Src : 167 167 1581341641627727 1581341641637933 10206
Src : 168 168 1581341641678844 1581341641689066 10222
Src : 169 169 1581341641729861 1581341641740029 10168
Src : 170 170 1581341641780879 1581341641791045 10166
Src : 171 171 1581341641831969 1581341641842173 10204
Src : 172 172 1581341641883067 1581341641893269 10202
Src : 173 173 1581341641934649 1581341641944882 10233
Src : 174 174 1581341641985562 1581341641995707 10145
Src : 175 175 1581341642036511 1581341642046689 10178
Src : 176 176 1581341642087623 1581341642097830 10207
Src : 177 177 1581341642138395 1581341642148619 10224
Src : 178 178 1581341642189278 1581341642199445 10167
Src : 179 179 1581341642240252 1581341642250449 10197
Src : 180 180 1581341642291433 1581341642301631 10198
Src : 181 181 1581341642342330 1581341642352535 10205
Src : 182 182 1581341642393272 1581341642403445 10173
Src : 183 183 1581341642444398 1581341642454591 10193
Src : 184 184 1581341642495521 1581341642505884 10363
Src : 185 185 1581341642547433 1581341642557639 10206
Src : 186 186 1581341642598893 1581341642609102 10209
Src : 187 187 1581341642650151 1581341642660321 10170
Src : 188 188 1581341642701495 1581341642711697 10202
Src : 189 189 1581341642752584 1581341642762755 10171
Src : 190 190 1581341642803539 1581341642813753 10214
Src : 191 191 1581341642854470 1581341642864670 10200
Src : 192 192 1581341642905389 1581341642915567 10178
Src : 193 193 1581341642956334 1581341642966513 10179
Src : 194 194 1581341643007172 1581341643017376 10204
Src : 195 195 1581341643058088 1581341643068264 10176
Src : 196 196 1581341643109534 1581341643119774 10240
Src : 197 197 1581341643160936 1581341643171103 10167
Src : 198 198 1581341643212024 1581341643222193 10169
Src : 199 199 1581341643263041 1581341643273234 10193
Src : 200 200 1581341643314209 1581341643324374 10165
Src : 201 201 1581341643365122 1581341643375298 10176
Src : 202 202 1581341643416206 1581341643426406 10200
Src : 203 203 1581341643467142 1581341643477335 10193
Src : 204 204 1581341643518049 1581341643528220 10171
Src : 205 205 1581341643569193 1581341643579356 10163
Src : 206 206 1581341643620200 1581341643630407 10207
Src : 207 207 1581341643671126 1581341643681325 10199
Src : 208 208 1581341643722390 1581341643732649 10259
Src : 209 209 1581341643773532 1581341643783711 10179
Src : 210 210 1581341643824637 1581341643834804 10167
Src : 211 211 1581341643875723 1581341643885958 10235
Src : 212 212 1581341643926747 1581341643936952 10205
Src : 213 213 1581341643977855 1581341643988025 10170
Src : 214 214 1581341644029134 1581341644039304 10170
Src : 215 215 1581341644080160 1581341644090391 10231
Src : 216 216 1581341644131218 1581341644141423 10205
Src : 217 217 1581341644182053 1581341644192223 10170
Src : 218 218 1581341644232900 1581341644243071 10171
Src : 219 219 1581341644283968 1581341644294175 10207
Src : 220 220 1581341644335456 1581341644345674 10218
Src : 221 221 1581341644386642 1581341644396844 10202
Src : 222 222 1581341644437661 1581341644447827 10166
Src : 223 223 1581341644488774 1581341644498938 10164
Src : 224 224 1581341644539662 1581341644549891 10229
Src : 225 225 1581341644590550 1581341644600755 10205
Src : 226 226 1581341644641532 1581341644651706 10174
Src : 227 227 1581341644692535 1581341644702709 10174
Src : 228 228 1581341644743795 1581341644753994 10199
Src : 229 229 1581341644794607 1581341644804810 10203
Src : 230 230 1581341644845824 1581341644855986 10162
Src : 231 231 1581341644896933 1581341644907098 10165
Src : 232 232 1581341644948033 1581341644958237 10204
Src : 233 233 1581341644998978 1581341645009182 10204
Src : 234 234 1581341645049840 1581341645060014 10174
Src : 235 235 1581341645100789 1581341645110962 10173
Src : 236 236 1581341645151823 1581341645162026 10203
Src : 237 237 1581341645202754 1581341645212973 10219
Src : 238 238 1581341645253812 1581341645263988 10176
Src : 239 239 1581341645304605 1581341645314746 10141
Src : 240 240 1581341645355553 1581341645365763 10210
Src : 241 241 1581341645406454 1581341645416658 10204
Src : 242 242 1581341645457431 1581341645467606 10175
Src : 243 243 1581341645508275 1581341645518476 10201
Src : 244 244 1581341645559177 1581341645569352 10175
Src : 245 245 1581341645610089 1581341645620247 10158
Src : 246 246 1581341645660986 1581341645671158 10172
Src : 247 247 1581341645712144 1581341645722367 10223
Src : 248 248 1581341645763535 1581341645773739 10204
Src : 249 249 1581341645814542 1581341645824750 10208
Src : 250 250 1581341645865481 1581341645875663 10182
Src : 251 251 1581341645916533 1581341645926710 10177
Src : 252 252 1581341645967494 1581341645977698 10204
Src : 253 253 1581341646018429 1581341646028620 10191
Src : 254 254 1581341646069138 1581341646079307 10169
Src : 255 255 1581341646119985 1581341646130192 10207
Src : 256 256 1581341646170980 1581341646181179 10199
Src : 257 257 1581341646222066 1581341646232240 10174
Src : 258 258 1581341646272926 1581341646283094 10168
Src : 259 259 1581341646323992 1581341646334195 10203
Src : 260 260 1581341646375073 1581341646385275 10202
Src : 261 261 1581341646425860 1581341646436036 10176
Src : 262 262 1581341646476764 1581341646486964 10200
Src : 263 263 1581341646527704 1581341646537894 10190
Src : 264 264 1581341646578772 1581341646588969 10197
Src : 265 265 1581341646629753 1581341646639924 10171
Src : 266 266 1581341646680762 1581341646690965 10203
Src : 267 267 1581341646731830 1581341646742030 10200
Src : 268 268 1581341646782816 1581341646793017 10201
Src : 269 269 1581341646833776 1581341646843920 10144
Src : 270 270 1581341646884768 1581341646894937 10169
Src : 271 271 1581341646935608 1581341646945804 10196
Src : 272 272 1581341646986493 1581341646996700 10207
Src : 273 273 1581341647037426 1581341647047600 10174
Src : 274 274 1581341647088405 1581341647098580 10175
Src : 275 275 1581341647139389 1581341647149618 10229
Src : 276 276 1581341647190296 1581341647200460 10164
Src : 277 277 1581341647241079 1581341647251254 10175
Src : 278 278 1581341647291737 1581341647301940 10203
Src : 279 279 1581341647342783 1581341647352979 10196
Src : 280 280 1581341647393724 1581341647403899 10175
Src : 281 281 1581341647444726 1581341647454901 10175
Src : 282 282 1581341647495740 1581341647505908 10168
Src : 283 283 1581341647546596 1581341647556808 10212
Src : 284 284 1581341647597454 1581341647607627 10173
Src : 285 285 1581341647648407 1581341647658608 10201
Src : 286 286 1581341647699447 1581341647709645 10198
Src : 287 287 1581341647750434 1581341647760613 10179
Src : 288 288 1581341647801417 1581341647811585 10168
Src : 289 289 1581341647852284 1581341647862480 10196
Src : 290 290 1581341647903282 1581341647913484 10202
Src : 291 291 1581341647954365 1581341647964530 10165
Src : 292 292 1581341648005385 1581341648015549 10164
Src : 293 293 1581341648056233 1581341648066429 10196
Src : 294 294 1581341648107115 1581341648117319 10204
Src : 295 295 1581341648158350 1581341648168529 10179
Src : 296 296 1581341648209431 1581341648219604 10173
Src : 297 297 1581341648260395 1581341648270587 10192
Src : 298 298 1581341648311308 1581341648321504 10196
Src : 299 299 1581341648362441 1581341648372626 10185
Src : 300 300 1581341648413479 1581341648423655 10176
Src : 301 301 1581341648464469 1581341648474671 10202
Src : 302 302 1581341648515448 1581341648525644 10196
Src : 303 303 1581341648566527 1581341648576734 10207
Src : 304 304 1581341648617463 1581341648627635 10172
Src : 305 305 1581341648668365 1581341648678573 10208
Src : 306 306 1581341648719596 1581341648729814 10218
Src : 307 307 1581341648770702 1581341648780909 10207
Src : 308 308 1581341648821940 1581341648832114 10174
Src : 309 309 1581341648872790 1581341648882946 10156
Src : 310 310 1581341648923911 1581341648934114 10203
Src : 311 311 1581341648974956 1581341648985158 10202
Src : 312 312 1581341649025897 1581341649036063 10166
Src : 313 313 1581341649076751 1581341649086953 10202
Src : 314 314 1581341649127755 1581341649137949 10194
Src : 315 315 1581341649178710 1581341649188910 10200
Src : 316 316 1581341649229555 1581341649239719 10164
Src : 317 317 1581341649280450 1581341649290682 10232
Src : 318 318 1581341649331472 1581341649341642 10170
Src : 319 319 1581341649382134 1581341649392311 10177
Src : 320 320 1581341649432849 1581341649443006 10157
Src : 321 321 1581341649483804 1581341649494034 10230
Src : 322 322 1581341649534938 1581341649545135 10197
Src : 323 323 1581341649585876 1581341649596046 10170
Src : 324 324 1581341649636893 1581341649647072 10179
Src : 325 325 1581341649687608 1581341649697813 10205
Src : 326 326 1581341649738669 1581341649748885 10216
Src : 327 327 1581341649789713 1581341649799881 10168
Src : 328 328 1581341649840750 1581341649850920 10170
Src : 329 329 1581341649891627 1581341649901831 10204
Src : 330 330 1581341649942554 1581341649952794 10240
Src : 331 331 1581341649993548 1581341650003729 10181
Src : 332 332 1581341650044453 1581341650054656 10203
Src : 333 333 1581341650095453 1581341650105623 10170
Src : 334 334 1581341650146357 1581341650156554 10197
Src : 335 335 1581341650197263 1581341650207417 10154
Src : 336 336 1581341650248081 1581341650258287 10206
Src : 337 337 1581341650299033 1581341650309232 10199
Src : 338 338 1581341650350008 1581341650360214 10206
Src : 339 339 1581341650400834 1581341650411008 10174
Src : 340 340 1581341650451586 1581341650461786 10200
Src : 341 341 1581341650502559 1581341650512766 10207
Src : 342 342 1581341650553549 1581341650563723 10174
Src : 343 343 1581341650604700 1581341650614869 10169
Src : 344 344 1581341650655736 1581341650665939 10203
Src : 345 345 1581341650706709 1581341650717037 10328
Src : 346 346 1581341650759652 1581341650769858 10206
Src : 347 347 1581341650810661 1581341650820862 10201
Src : 348 348 1581341650861605 1581341650871774 10169
Src : 349 349 1581341650912697 1581341650922845 10148
Src : 350 350 1581341650963625 1581341650973815 10190
Src : 351 351 1581341651014575 1581341651024776 10201
Src : 352 352 1581341651065449 1581341651075626 10177
Src : 353 353 1581341651116611 1581341651126785 10174
Src : 354 354 1581341651167413 1581341651177610 10197
Src : 355 355 1581341651218268 1581341651228433 10165
Src : 356 356 1581341651269231 1581341651279410 10179
Src : 357 357 1581341651320155 1581341651330353 10198
Src : 358 358 1581341651371116 1581341651381317 10201
Src : 359 359 1581341651422087 1581341651432264 10177
Src : 360 360 1581341651473114 1581341651483282 10168
Src : 361 361 1581341651524167 1581341651534371 10204
Src : 362 362 1581341651575218 1581341651585423 10205
Src : 363 363 1581341651625902 1581341651636074 10172
Src : 364 364 1581341651676846 1581341651687035 10189
Src : 365 365 1581341651727904 1581341651738106 10202
Src : 366 366 1581341651778855 1581341651789052 10197
Src : 367 367 1581341651829821 1581341651839997 10176
Src : 368 368 1581341651880918 1581341651891121 10203
Src : 369 369 1581341651932067 1581341651942271 10204
Src : 370 370 1581341651983232 1581341651993425 10193
Src : 371 371 1581341652033987 1581341652044162 10175
Src : 372 372 1581341652084926 1581341652095123 10197
Src : 373 373 1581341652135692 1581341652145895 10203
Src : 374 374 1581341652186682 1581341652196864 10182
Src : 375 375 1581341652237465 1581341652247631 10166
Src : 376 376 1581341652288442 1581341652298635 10193
Src : 377 377 1581341652339396 1581341652349599 10203
Src : 378 378 1581341652390191 1581341652400360 10169
Src : 379 379 1581341652441026 1581341652451162 10136
Src : 380 380 1581341652491928 1581341652502196 10268
Src : 381 381 1581341652542957 1581341652553155 10198
Src : 382 382 1581341652593980 1581341652604159 10179
Src : 383 383 1581341652644915 1581341652655089 10174
Src : 384 384 1581341652695980 1581341652706150 10170
Src : 385 385 1581341652746992 1581341652757212 10220
Src : 386 386 1581341652797953 1581341652808115 10162
Src : 387 387 1581341652848829 1581341652859005 10176
Src : 388 388 1581341652899703 1581341652909904 10201
Src : 389 389 1581341652950679 1581341652960908 10229
Src : 390 390 1581341653001436 1581341653011611 10175
Src : 391 391 1581341653052517 1581341653062686 10169
Src : 392 392 1581341653103717 1581341653113915 10198
Src : 393 393 1581341653154633 1581341653164861 10228
Src : 394 394 1581341653205572 1581341653215736 10164
Src : 395 395 1581341653256495 1581341653266659 10164
Src : 396 396 1581341653307557 1581341653317767 10210
Src : 397 397 1581341653358384 1581341653368561 10177
Src : 398 398 1581341653409299 1581341653419505 10206
Src : 399 399 1581341653460142 1581341653470345 10203
Src : 400 400 1581341653511114 1581341653521316 10202
Src : 401 401 1581341653562211 1581341653572387 10176
Src : 402 402 1581341653612904 1581341653623080 10176
Src : 403 403 1581341653663926 1581341653674131 10205
Src : 404 404 1581341653714900 1581341653725126 10226
Src : 405 405 1581341653765869 1581341653776039 10170
Src : 406 406 1581341653816683 1581341653826860 10177
Src : 407 407 1581341653867505 1581341653877710 10205
Src : 408 408 1581341653918504 1581341653928708 10204
Src : 409 409 1581341653969556 1581341653979694 10138
Src : 410 410 1581341654020638 1581341654030808 10170
Src : 411 411 1581341654071363 1581341654081568 10205
Src : 412 412 1581341654122398 1581341654132567 10169
Src : 413 413 1581341654173189 1581341654183360 10171
Src : 414 414 1581341654224309 1581341654234484 10175
Src : 415 415 1581341654275381 1581341654285585 10204
Src : 416 416 1581341654326221 1581341654336391 10170
Src : 417 417 1581341654377063 1581341654387241 10178
Src : 418 418 1581341654427975 1581341654438167 10192
Src : 419 419 1581341654478778 1581341654488983 10205
Src : 420 420 1581341654529681 1581341654539843 10162
Src : 421 421 1581341654580648 1581341654590820 10172
Src : 422 422 1581341654631553 1581341654641759 10206
Src : 423 423 1581341654682654 1581341654692891 10237
Src : 424 424 1581341654733831 1581341654744003 10172
Src : 425 425 1581341654784933 1581341654795100 10167
Src : 426 426 1581341654835941 1581341654846148 10207
Src : 427 427 1581341654886982 1581341654897212 10230
Src : 428 428 1581341654937858 1581341654948036 10178
Src : 429 429 1581341654988825 1581341654999002 10177
Src : 430 430 1581341655039624 1581341655049828 10204
Src : 431 431 1581341655090656 1581341655100856 10200
Src : 432 432 1581341655141675 1581341655151855 10180
Src : 433 433 1581341655192805 1581341655202969 10164
Src : 434 434 1581341655243805 1581341655254002 10197
Src : 435 435 1581341655294702 1581341655304902 10200
Src : 436 436 1581341655345756 1581341655355927 10171
Src : 437 437 1581341655396603 1581341655406772 10169
Src : 438 438 1581341655447603 1581341655457808 10205
Src : 439 439 1581341655498657 1581341655508834 10177
Src : 440 440 1581341655549457 1581341655559659 10202
Src : 441 441 1581341655600193 1581341655610396 10203
Src : 442 442 1581341655651222 1581341655661422 10200
Src : 443 443 1581341655702339 1581341655712506 10167
Src : 444 444 1581341655753240 1581341655763416 10176
Src : 445 445 1581341655804274 1581341655814470 10196
Src : 446 446 1581341655855284 1581341655865484 10200
Src : 447 447 1581341655906178 1581341655916352 10174
Src : 448 448 1581341655957039 1581341655967242 10203
Src : 449 449 1581341656007906 1581341656018078 10172
Src : 450 450 1581341656058588 1581341656068786 10198
Src : 451 451 1581341656109612 1581341656119788 10176
Src : 452 452 1581341656160475 1581341656170652 10177
Src : 453 453 1581341656211425 1581341656221622 10197
Src : 454 454 1581341656262435 1581341656272578 10143
Src : 455 455 1581341656313404 1581341656323585 10181
Src : 456 456 1581341656364148 1581341656374347 10199
Src : 457 457 1581341656415165 1581341656425367 10202
Src : 458 458 1581341656465936 1581341656476110 10174
Src : 459 459 1581341656516916 1581341656527085 10169
Src : 460 460 1581341656567887 1581341656578092 10205
Src : 461 461 1581341656618541 1581341656628744 10203
Src : 462 462 1581341656669489 1581341656679658 10169
Src : 463 463 1581341656720718 1581341656730886 10168
Src : 464 464 1581341656771850 1581341656782055 10205
Src : 465 465 1581341656822843 1581341656833051 10208
Src : 466 466 1581341656873727 1581341656883897 10170
Src : 467 467 1581341656924864 1581341656935039 10175
Src : 468 468 1581341656975914 1581341656986111 10197
Src : 469 469 1581341657026941 1581341657037145 10204
Src : 470 470 1581341657077905 1581341657088079 10174
Src : 471 471 1581341657128857 1581341657139027 10170
Src : 472 472 1581341657179929 1581341657190136 10207
Src : 473 473 1581341657230980 1581341657241184 10204
Src : 474 474 1581341657281884 1581341657292084 10200
Src : 475 475 1581341657332788 1581341657342965 10177
Src : 476 476 1581341657383695 1581341657393888 10193
Src : 477 477 1581341657434787 1581341657444988 10201
Src : 478 478 1581341657485726 1581341657495927 10201
Src : 479 479 1581341657536870 1581341657547006 10136
Src : 480 480 1581341657587871 1581341657598073 10202
Src : 481 481 1581341657638739 1581341657648944 10205
Src : 482 482 1581341657689578 1581341657699773 10195
Src : 483 483 1581341657740467 1581341657750671 10204
Src : 484 484 1581341657791631 1581341657801797 10166
Src : 485 485 1581341657842529 1581341657852721 10192
Src : 486 486 1581341657893551 1581341657903730 10179
Src : 487 487 1581341657944183 1581341657954390 10207
Src : 488 488 1581341657995235 1581341658005434 10199
Src : 489 489 1581341658046164 1581341658056302 10138
Src : 490 490 1581341658097023 1581341658107192 10169
Src : 491 491 1581341658147890 1581341658158094 10204
Src : 492 492 1581341658198811 1581341658209017 10206
Src : 493 493 1581341658249764 1581341658259939 10175
Src : 494 494 1581341658300987 1581341658311161 10174
Src : 495 495 1581341658352005 1581341658362231 10226
Src : 496 496 1581341658403196 1581341658413403 10207
Src : 497 497 1581341658453961 1581341658464138 10177
Src : 498 498 1581341658504870 1581341658515043 10173
Src : 499 499 1581341658555945 1581341658566169 10224
Src : 500 500 1581341658606905 1581341658617098 10193
Snk : 1 1 1581341633579160 1581341633589450 10290
Snk : 2 2 1581341633630375 1581341633640685 10310
Snk : 3 3 1581341633682557 1581341633692862 10305
Snk : 4 4 1581341633734279 1581341633744450 10171
Snk : 5 5 1581341633785129 1581341633795291 10162
Snk : 6 6 1581341633836090 1581341633846291 10201
Snk : 7 7 1581341633887014 1581341633897218 10204
Snk : 8 8 1581341633937860 1581341633948034 10174
Snk : 9 9 1581341633988702 1581341633998875 10173
Snk : 10 10 1581341634039619 1581341634049822 10203
Snk : 11 11 1581341634090925 1581341634101127 10202
Snk : 12 12 1581341634142559 1581341634152746 10187
Snk : 13 13 1581341634193896 1581341634204049 10153
Snk : 14 14 1581341634244811 1581341634254981 10170
Snk : 15 15 1581341634295784 1581341634305991 10207
Snk : 16 16 1581341634346887 1581341634357065 10178
Snk : 17 17 1581341634397956 1581341634408131 10175
Snk : 18 18 1581341634448770 1581341634458943 10173
Snk : 19 19 1581341634499712 1581341634509908 10196
Snk : 20 20 1581341634550642 1581341634560846 10204
Snk : 21 21 1581341634601504 1581341634611645 10141
Snk : 22 22 1581341634652522 1581341634662763 10241
Snk : 23 23 1581341634704064 1581341634714291 10227
Snk : 24 24 1581341634755566 1581341634765756 10190
Snk : 25 25 1581341634807057 1581341634817248 10191
Snk : 26 26 1581341634857973 1581341634868147 10174
Snk : 27 27 1581341634909018 1581341634919191 10173
Snk : 28 28 1581341634959782 1581341634969983 10201
Snk : 29 29 1581341635010456 1581341635020643 10187
Snk : 30 30 1581341635061461 1581341635071638 10177
Snk : 31 31 1581341635112326 1581341635122531 10205
Snk : 32 32 1581341635163421 1581341635173619 10198
Snk : 33 33 1581341635214514 1581341635224718 10204
Snk : 34 34 1581341635265402 1581341635275571 10169
Snk : 35 35 1581341635317314 1581341635327477 10163
Snk : 36 36 1581341635368746 1581341635378907 10161
Snk : 37 37 1581341635419778 1581341635429982 10204
Snk : 38 38 1581341635470878 1581341635481111 10233
Snk : 39 39 1581341635522007 1581341635532168 10161
Snk : 40 40 1581341635572864 1581341635583033 10169
Snk : 41 41 1581341635623577 1581341635633770 10193
Snk : 42 42 1581341635674500 1581341635684732 10232
Snk : 43 43 1581341635725224 1581341635735419 10195
Snk : 44 44 1581341635776192 1581341635786378 10186
Snk : 45 45 1581341635827007 1581341635837214 10207
Snk : 46 46 1581341635878208 1581341635888509 10301
Snk : 47 47 1581341635929835 1581341635940040 10205
Snk : 48 48 1581341635981026 1581341635991194 10168
Snk : 49 49 1581341636032119 1581341636042314 10195
Snk : 50 50 1581341636083162 1581341636093361 10199
Snk : 51 51 1581341636134139 1581341636144316 10177
Snk : 52 52 1581341636185064 1581341636195236 10172
Snk : 53 53 1581341636236182 1581341636246379 10197
Snk : 54 54 1581341636287222 1581341636297412 10190
Snk : 55 55 1581341636337995 1581341636348162 10167
Snk : 56 56 1581341636388749 1581341636398918 10169
Snk : 57 57 1581341636439607 1581341636449805 10198
Snk : 58 58 1581341636490925 1581341636501190 10265
Snk : 59 59 1581341636542476 1581341636552720 10244
Snk : 60 60 1581341636593977 1581341636604137 10160
Snk : 61 61 1581341636644865 1581341636655076 10211
Snk : 62 62 1581341636695877 1581341636706078 10201
Snk : 63 63 1581341636746832 1581341636757023 10191
Snk : 64 64 1581341636797852 1581341636808020 10168
Snk : 65 65 1581341636848877 1581341636859047 10170
Snk : 66 66 1581341636899979 1581341636910183 10204
Snk : 67 67 1581341636950912 1581341636961112 10200
Snk : 68 68 1581341637001868 1581341637012042 10174
Snk : 69 69 1581341637052723 1581341637062891 10168
Snk : 70 70 1581341637103996 1581341637114223 10227
Snk : 71 71 1581341637155447 1581341637165637 10190
Snk : 72 72 1581341637206686 1581341637216878 10192
Snk : 73 73 1581341637257587 1581341637267756 10169
Snk : 74 74 1581341637308487 1581341637318685 10198
Snk : 75 75 1581341637359461 1581341637369666 10205
Snk : 76 76 1581341637410502 1581341637420703 10201
Snk : 77 77 1581341637461280 1581341637471457 10177
Snk : 78 78 1581341637512266 1581341637522464 10198
Snk : 79 79 1581341637563212 1581341637573409 10197
Snk : 80 80 1581341637614132 1581341637624298 10166
Snk : 81 81 1581341637665024 1581341637675198 10174
Snk : 82 82 1581341637716607 1581341637726808 10201
Snk : 83 83 1581341637767706 1581341637777904 10198
Snk : 84 84 1581341637818590 1581341637828786 10196
Snk : 85 85 1581341637869662 1581341637879850 10188
Snk : 86 86 1581341637920848 1581341637931021 10173
Snk : 87 87 1581341637971792 1581341637981995 10203
Snk : 88 88 1581341638022636 1581341638032829 10193
Snk : 89 89 1581341638073522 1581341638083723 10201
Snk : 90 90 1581341638124163 1581341638134367 10204
Snk : 91 91 1581341638175229 1581341638185419 10190
Snk : 92 92 1581341638226214 1581341638236375 10161
Snk : 93 93 1581341638277197 1581341638287390 10193
Snk : 94 94 1581341638328737 1581341638338941 10204
Snk : 95 95 1581341638379691 1581341638389897 10206
Snk : 96 96 1581341638430679 1581341638440881 10202
Snk : 97 97 1581341638481784 1581341638491953 10169
Snk : 98 98 1581341638532786 1581341638543027 10241
Snk : 99 99 1581341638583860 1581341638594058 10198
Snk : 100 100 1581341638634756 1581341638644935 10179
Snk : 101 101 1581341638685634 1581341638695807 10173
Snk : 102 102 1581341638736757 1581341638746955 10198
Snk : 103 103 1581341638787601 1581341638797807 10206
Snk : 104 104 1581341638838667 1581341638848851 10184
Snk : 105 105 1581341638889689 1581341638900083 10394
Snk : 106 106 1581341638941280 1581341638951454 10174
Snk : 107 107 1581341638992362 1581341639002566 10204
Snk : 108 108 1581341639043284 1581341639053487 10203
Snk : 109 109 1581341639094469 1581341639104673 10204
Snk : 110 110 1581341639145632 1581341639155807 10175
Snk : 111 111 1581341639196753 1581341639206919 10166
Snk : 112 112 1581341639247677 1581341639257879 10202
Snk : 113 113 1581341639298691 1581341639308893 10202
Snk : 114 114 1581341639349407 1581341639359573 10166
Snk : 115 115 1581341639400238 1581341639410442 10204
Snk : 116 116 1581341639451169 1581341639461369 10200
Snk : 117 117 1581341639502546 1581341639512814 10268
Snk : 118 118 1581341639554094 1581341639564248 10154
Snk : 119 119 1581341639605377 1581341639615535 10158
Snk : 120 120 1581341639656243 1581341639666447 10204
Snk : 121 121 1581341639707167 1581341639717364 10197
Snk : 122 122 1581341639758159 1581341639768333 10174
Snk : 123 123 1581341639809111 1581341639819284 10173
Snk : 124 124 1581341639860016 1581341639870220 10204
Snk : 125 125 1581341639911056 1581341639921255 10199
Snk : 126 126 1581341639961944 1581341639972118 10174
Snk : 127 127 1581341640013345 1581341640023500 10155
Snk : 128 128 1581341640064373 1581341640074571 10198
Snk : 129 129 1581341640115946 1581341640126139 10193
Snk : 130 130 1581341640167298 1581341640177460 10162
Snk : 131 131 1581341640218375 1581341640228533 10158
Snk : 132 132 1581341640269394 1581341640279564 10170
Snk : 133 133 1581341640320279 1581341640330475 10196
Snk : 134 134 1581341640371511 1581341640381717 10206
Snk : 135 135 1581341640422599 1581341640432800 10201
Snk : 136 136 1581341640473462 1581341640483664 10202
Snk : 137 137 1581341640524331 1581341640534535 10204
Snk : 138 138 1581341640575200 1581341640585397 10197
Snk : 139 139 1581341640626043 1581341640636210 10167
Snk : 140 140 1581341640677062 1581341640687259 10197
Snk : 141 141 1581341640728499 1581341640738690 10191
Snk : 142 142 1581341640779912 1581341640790098 10186
Snk : 143 143 1581341640831208 1581341640841404 10196
Snk : 144 144 1581341640882437 1581341640892620 10183
Snk : 145 145 1581341640933623 1581341640943820 10197
Snk : 146 146 1581341640984519 1581341640994722 10203
Snk : 147 147 1581341641035555 1581341641045758 10203
Snk : 148 148 1581341641086655 1581341641096853 10198
Snk : 149 149 1581341641137512 1581341641147713 10201
Snk : 150 150 1581341641188357 1581341641198555 10198
Snk : 151 151 1581341641239353 1581341641249551 10198
Snk : 152 152 1581341641290409 1581341641300869 10460
Snk : 153 153 1581341641342064 1581341641352225 10161
Snk : 154 154 1581341641393206 1581341641403380 10174
Snk : 155 155 1581341641444251 1581341641454448 10197
Snk : 156 156 1581341641495254 1581341641505436 10182
Snk : 157 157 1581341641546121 1581341641556296 10175
Snk : 158 158 1581341641597078 1581341641607239 10161
Snk : 159 159 1581341641648050 1581341641658254 10204
Snk : 160 160 1581341641699180 1581341641709384 10204
Snk : 161 161 1581341641750187 1581341641760360 10173
Snk : 162 162 1581341641801164 1581341641811335 10171
Snk : 163 163 1581341641852259 1581341641862465 10206
Snk : 164 164 1581341641903771 1581341641914063 10292
Snk : 165 165 1581341641954980 1581341641965182 10202
Snk : 166 166 1581341642005828 1581341642015997 10169
Snk : 167 167 1581341642056807 1581341642066970 10163
Snk : 168 168 1581341642107917 1581341642118119 10202
Snk : 169 169 1581341642158726 1581341642168923 10197
Snk : 170 170 1581341642209587 1581341642219752 10165
Snk : 171 171 1581341642260573 1581341642270781 10208
Snk : 172 172 1581341642311740 1581341642321942 10202
Snk : 173 173 1581341642362653 1581341642372848 10195
Snk : 174 174 1581341642413597 1581341642423767 10170
Snk : 175 175 1581341642464738 1581341642474909 10171
Snk : 176 176 1581341642516269 1581341642526447 10178
Snk : 177 177 1581341642567834 1581341642578020 10186
Snk : 178 178 1581341642619204 1581341642629406 10202
Snk : 179 179 1581341642670517 1581341642680727 10210
Snk : 180 180 1581341642721863 1581341642732000 10137
Snk : 181 181 1581341642772904 1581341642783076 10172
Snk : 182 182 1581341642823845 1581341642834041 10196
Snk : 183 183 1581341642874762 1581341642884996 10234
Snk : 184 184 1581341642925712 1581341642935875 10163
Snk : 185 185 1581341642976642 1581341642986783 10141
Snk : 186 186 1581341643027485 1581341643037688 10203
Snk : 187 187 1581341643078411 1581341643088646 10235
Snk : 188 188 1581341643130022 1581341643140190 10168
Snk : 189 189 1581341643181282 1581341643191455 10173
Snk : 190 190 1581341643232308 1581341643242484 10176
Snk : 191 191 1581341643283380 1581341643293614 10234
Snk : 192 192 1581341643334578 1581341643344809 10231
Snk : 193 193 1581341643385416 1581341643395588 10172
Snk : 194 194 1581341643436499 1581341643446701 10202
Snk : 195 195 1581341643487480 1581341643497683 10203
Snk : 196 196 1581341643538450 1581341643548686 10236
Snk : 197 197 1581341643589513 1581341643599683 10170
Snk : 198 198 1581341643640482 1581341643650685 10203
Snk : 199 199 1581341643691447 1581341643701820 10373
Snk : 200 200 1581341643742782 1581341643753007 10225
Snk : 201 201 1581341643793873 1581341643804033 10160
Snk : 202 202 1581341643844938 1581341643855112 10174
Snk : 203 203 1581341643896044 1581341643906248 10204
Snk : 204 204 1581341643947070 1581341643957275 10205
Snk : 205 205 1581341643998177 1581341644008350 10173
Snk : 206 206 1581341644049487 1581341644059661 10174
Snk : 207 207 1581341644100499 1581341644110703 10204
Snk : 208 208 1581341644151542 1581341644161746 10204
Snk : 209 209 1581341644202339 1581341644212514 10175
Snk : 210 210 1581341644253224 1581341644263357 10133
Snk : 211 211 1581341644304622 1581341644314875 10253
Snk : 212 212 1581341644355820 1581341644366015 10195
Snk : 213 213 1581341644406937 1581341644417142 10205
Snk : 214 214 1581341644457955 1581341644468119 10164
Snk : 215 215 1581341644509095 1581341644519236 10141
Snk : 216 216 1581341644560011 1581341644570212 10201
Snk : 217 217 1581341644610872 1581341644621076 10204
Snk : 218 218 1581341644661822 1581341644671995 10173
Snk : 219 219 1581341644713031 1581341644723237 10206
Snk : 220 220 1581341644764094 1581341644774273 10179
Snk : 221 221 1581341644814933 1581341644825174 10241
Snk : 222 222 1581341644866130 1581341644876304 10174
Snk : 223 223 1581341644917259 1581341644927435 10176
Snk : 224 224 1581341644968324 1581341644978519 10195
Snk : 225 225 1581341645019247 1581341645029438 10191
Snk : 226 226 1581341645070166 1581341645080340 10174
Snk : 227 227 1581341645121104 1581341645131275 10171
Snk : 228 228 1581341645172145 1581341645182345 10200
Snk : 229 229 1581341645223083 1581341645233284 10201
Snk : 230 230 1581341645274107 1581341645284310 10203
Snk : 231 231 1581341645324904 1581341645335078 10174
Snk : 232 232 1581341645375866 1581341645386063 10197
Snk : 233 233 1581341645426774 1581341645436976 10202
Snk : 234 234 1581341645477743 1581341645487945 10202
Snk : 235 235 1581341645528566 1581341645538768 10202
Snk : 236 236 1581341645579444 1581341645589639 10195
Snk : 237 237 1581341645630414 1581341645640605 10191
Snk : 238 238 1581341645681288 1581341645691480 10192
Snk : 239 239 1581341645732500 1581341645742696 10196
Snk : 240 240 1581341645783818 1581341645794017 10199
Snk : 241 241 1581341645834848 1581341645845052 10204
Snk : 242 242 1581341645885839 1581341645896007 10168
Snk : 243 243 1581341645936845 1581341645947042 10197
Snk : 244 244 1581341645987786 1581341645997991 10205
Snk : 245 245 1581341646038725 1581341646048899 10174
Snk : 246 246 1581341646089452 1581341646099626 10174
Snk : 247 247 1581341646140278 1581341646150511 10233
Snk : 248 248 1581341646191289 1581341646201492 10203
Snk : 249 249 1581341646242415 1581341646252583 10168
Snk : 250 250 1581341646293327 1581341646303496 10169
Snk : 251 251 1581341646344269 1581341646354495 10226
Snk : 252 252 1581341646395369 1581341646405564 10195
Snk : 253 253 1581341646446175 1581341646456343 10168
Snk : 254 254 1581341646497109 1581341646507279 10170
Snk : 255 255 1581341646548040 1581341646558235 10195
Snk : 256 256 1581341646599063 1581341646609262 10199
Snk : 257 257 1581341646650047 1581341646660211 10164
Snk : 258 258 1581341646701095 1581341646711291 10196
Snk : 259 259 1581341646752182 1581341646762385 10203
Snk : 260 260 1581341646803123 1581341646813327 10204
Snk : 261 261 1581341646854054 1581341646864228 10174
Snk : 262 262 1581341646905065 1581341646915239 10174
Snk : 263 263 1581341646955924 1581341646966119 10195
Snk : 264 264 1581341647006804 1581341647017003 10199
Snk : 265 265 1581341647057736 1581341647067898 10162
Snk : 266 266 1581341647108717 1581341647118884 10167
Snk : 267 267 1581341647159712 1581341647169911 10199
Snk : 268 268 1581341647210589 1581341647220794 10205
Snk : 269 269 1581341647261389 1581341647271551 10162
Snk : 270 270 1581341647312047 1581341647322247 10200
Snk : 271 271 1581341647363092 1581341647373293 10201
Snk : 272 272 1581341647414034 1581341647424202 10168
Snk : 273 273 1581341647465023 1581341647475192 10169
Snk : 274 274 1581341647515976 1581341647526210 10234
Snk : 275 275 1581341647566908 1581341647577109 10201
Snk : 276 276 1581341647617766 1581341647627932 10166
Snk : 277 277 1581341647668756 1581341647678923 10167
Snk : 278 278 1581341647719727 1581341647729925 10198
Snk : 279 279 1581341647770780 1581341647780970 10190
Snk : 280 280 1581341647821766 1581341647831941 10175
Snk : 281 281 1581341647872569 1581341647882771 10202
Snk : 282 282 1581341647923588 1581341647933792 10204
Snk : 283 283 1581341647974648 1581341647984839 10191
Snk : 284 284 1581341648025679 1581341648035852 10173
Snk : 285 285 1581341648076527 1581341648086760 10233
Snk : 286 286 1581341648127440 1581341648137645 10205
Snk : 287 287 1581341648178716 1581341648188903 10187
Snk : 288 288 1581341648229752 1581341648239916 10164
Snk : 289 289 1581341648280715 1581341648290883 10168
Snk : 290 290 1581341648331602 1581341648341807 10205
Snk : 291 291 1581341648382760 1581341648392964 10204
Snk : 292 292 1581341648433787 1581341648443962 10175
Snk : 293 293 1581341648484858 1581341648495025 10167
Snk : 294 294 1581341648535771 1581341648545970 10199
Snk : 295 295 1581341648586803 1581341648597003 10200
Snk : 296 296 1581341648637784 1581341648647958 10174
Snk : 297 297 1581341648688780 1581341648698943 10163
Snk : 298 298 1581341648739937 1581341648750141 10204
Snk : 299 299 1581341648790995 1581341648801197 10202
Snk : 300 300 1581341648842255 1581341648852420 10165
Snk : 301 301 1581341648893139 1581341648903306 10167
Snk : 302 302 1581341648944235 1581341648954463 10228
Snk : 303 303 1581341648995277 1581341649005474 10197
Snk : 304 304 1581341649046220 1581341649056394 10174
Snk : 305 305 1581341649097075 1581341649107249 10174
Snk : 306 306 1581341649148046 1581341649158276 10230
Snk : 307 307 1581341649199021 1581341649209224 10203
Snk : 308 308 1581341649249879 1581341649260047 10168
Snk : 309 309 1581341649300822 1581341649310982 10160
Snk : 310 310 1581341649351763 1581341649361939 10176
Snk : 311 311 1581341649402432 1581341649412609 10177
Snk : 312 312 1581341649453169 1581341649463340 10171
Snk : 313 313 1581341649504163 1581341649514358 10195
Snk : 314 314 1581341649555286 1581341649565493 10207
Snk : 315 315 1581341649606192 1581341649616337 10145
Snk : 316 316 1581341649657187 1581341649667352 10165
Snk : 317 317 1581341649707903 1581341649718105 10202
Snk : 318 318 1581341649759052 1581341649769240 10188
Snk : 319 319 1581341649810020 1581341649820195 10175
Snk : 320 320 1581341649861055 1581341649871193 10138
Snk : 321 321 1581341649911905 1581341649922102 10197
Snk : 322 322 1581341649962874 1581341649973070 10196
Snk : 323 323 1581341650013862 1581341650024026 10164
Snk : 324 324 1581341650064801 1581341650074967 10166
Snk : 325 325 1581341650115732 1581341650125903 10171
Snk : 326 326 1581341650166684 1581341650176887 10203
Snk : 327 327 1581341650217508 1581341650227682 10174
Snk : 328 328 1581341650268375 1581341650278577 10202
Snk : 329 329 1581341650319355 1581341650329559 10204
Snk : 330 330 1581341650370334 1581341650380508 10174
Snk : 331 331 1581341650421124 1581341650431298 10174
Snk : 332 332 1581341650471907 1581341650482104 10197
Snk : 333 333 1581341650522857 1581341650533054 10197
Snk : 334 334 1581341650573903 1581341650584071 10168
Snk : 335 335 1581341650624962 1581341650635133 10171
Snk : 336 336 1581341650676056 1581341650686288 10232
Snk : 337 337 1581341650727505 1581341650737710 10205
Snk : 338 338 1581341650779948 1581341650790152 10204
Snk : 339 339 1581341650830968 1581341650841156 10188
Snk : 340 340 1581341650881927 1581341650892122 10195
Snk : 341 341 1581341650932971 1581341650943176 10205
Snk : 342 342 1581341650983909 1581341650994112 10203
Snk : 343 343 1581341651034866 1581341651045064 10198
Snk : 344 344 1581341651085772 1581341651095978 10206
Snk : 345 345 1581341651136904 1581341651147045 10141
Snk : 346 346 1581341651187733 1581341651197940 10207
Snk : 347 347 1581341651238593 1581341651248794 10201
Snk : 348 348 1581341651289545 1581341651299713 10168
Snk : 349 349 1581341651340435 1581341651350635 10200
Snk : 350 350 1581341651391437 1581341651401605 10168
Snk : 351 351 1581341651442411 1581341651452578 10167
Snk : 352 352 1581341651493455 1581341651503625 10170
Snk : 353 353 1581341651544442 1581341651554677 10235
Snk : 354 354 1581341651595512 1581341651605706 10194
Snk : 355 355 1581341651646223 1581341651656369 10146
Snk : 356 356 1581341651697185 1581341651707353 10168
Snk : 357 357 1581341651748218 1581341651758441 10223
Snk : 358 358 1581341651799161 1581341651809363 10202
Snk : 359 359 1581341651850115 1581341651860319 10204
Snk : 360 360 1581341651901253 1581341651911427 10174
Snk : 361 361 1581341651952367 1581341651962594 10227
Snk : 362 362 1581341652003543 1581341652013736 10193
Snk : 363 363 1581341652054297 1581341652064475 10178
Snk : 364 364 1581341652105240 1581341652115408 10168
Snk : 365 365 1581341652156016 1581341652166218 10202
Snk : 366 366 1581341652206974 1581341652217171 10197
Snk : 367 367 1581341652257778 1581341652267947 10169
Snk : 368 368 1581341652308781 1581341652318950 10169
Snk : 369 369 1581341652359691 1581341652369897 10206
Snk : 370 370 1581341652410485 1581341652420678 10193
Snk : 371 371 1581341652461314 1581341652471481 10167
Snk : 372 372 1581341652512302 1581341652522504 10202
Snk : 373 373 1581341652563276 1581341652573482 10206
Snk : 374 374 1581341652614292 1581341652624464 10172
Snk : 375 375 1581341652665207 1581341652675378 10171
Snk : 376 376 1581341652716281 1581341652726510 10229
Snk : 377 377 1581341652767317 1581341652777513 10196
Snk : 378 378 1581341652818331 1581341652828505 10174
Snk : 379 379 1581341652869151 1581341652879326 10175
Snk : 380 380 1581341652919994 1581341652930188 10194
Snk : 381 381 1581341652970999 1581341652981202 10203
Snk : 382 382 1581341653021761 1581341653031935 10174
Snk : 383 383 1581341653072842 1581341653083010 10168
Snk : 384 384 1581341653124018 1581341653134219 10201
Snk : 385 385 1581341653174968 1581341653185144 10176
Snk : 386 386 1581341653225864 1581341653236039 10175
Snk : 387 387 1581341653276820 1581341653286981 10161
Snk : 388 388 1581341653327880 1581341653338083 10203
Snk : 389 389 1581341653378710 1581341653388909 10199
Snk : 390 390 1581341653429639 1581341653439783 10144
Snk : 391 391 1581341653480438 1581341653490671 10233
Snk : 392 392 1581341653531409 1581341653541635 10226
Snk : 393 393 1581341653582522 1581341653592720 10198
Snk : 394 394 1581341653633219 1581341653643393 10174
Snk : 395 395 1581341653684248 1581341653694453 10205
Snk : 396 396 1581341653735224 1581341653745429 10205
Snk : 397 397 1581341653786160 1581341653796333 10173
Snk : 398 398 1581341653837004 1581341653847168 10164
Snk : 399 399 1581341653887849 1581341653898071 10222
Snk : 400 400 1581341653938842 1581341653949043 10201
Snk : 401 401 1581341653989854 1581341654000031 10177
Snk : 402 402 1581341654040916 1581341654051090 10174
Snk : 403 403 1581341654091686 1581341654101889 10203
Snk : 404 404 1581341654142680 1581341654152883 10203
Snk : 405 405 1581341654193488 1581341654203658 10170
Snk : 406 406 1581341654244591 1581341654254787 10196
Snk : 407 407 1581341654295758 1581341654305963 10205
Snk : 408 408 1581341654346509 1581341654356713 10204
Snk : 409 409 1581341654397371 1581341654407532 10161
Snk : 410 410 1581341654448279 1581341654458476 10197
Snk : 411 411 1581341654499100 1581341654509295 10195
Snk : 412 412 1581341654549989 1581341654560181 10192
Snk : 413 413 1581341654600923 1581341654611098 10175
Snk : 414 414 1581341654651847 1581341654662036 10189
Snk : 415 415 1581341654703008 1581341654713271 10263
Snk : 416 416 1581341654754152 1581341654764345 10193
Snk : 417 417 1581341654805253 1581341654815439 10186
Snk : 418 418 1581341654856232 1581341654866437 10205
Snk : 419 419 1581341654907306 1581341654917494 10188
Snk : 420 420 1581341654958212 1581341654968386 10174
Snk : 421 421 1581341655009115 1581341655019281 10166
Snk : 422 422 1581341655059950 1581341655070148 10198
Snk : 423 423 1581341655110951 1581341655121147 10196
Snk : 424 424 1581341655161998 1581341655172173 10175
Snk : 425 425 1581341655213128 1581341655223302 10174
Snk : 426 426 1581341655264104 1581341655274306 10202
Snk : 427 427 1581341655315012 1581341655325208 10196
Snk : 428 428 1581341655366145 1581341655376317 10172
Snk : 429 429 1581341655416901 1581341655427071 10170
Snk : 430 430 1581341655467897 1581341655478087 10190
Snk : 431 431 1581341655518949 1581341655529143 10194
Snk : 432 432 1581341655569806 1581341655579974 10168
Snk : 433 433 1581341655620513 1581341655630715 10202
Snk : 434 434 1581341655671515 1581341655681722 10207
Snk : 435 435 1581341655722659 1581341655732857 10198
Snk : 436 436 1581341655773595 1581341655783768 10173
Snk : 437 437 1581341655824574 1581341655834770 10196
Snk : 438 438 1581341655875596 1581341655885802 10206
Snk : 439 439 1581341655926498 1581341655936702 10204
Snk : 440 440 1581341655977363 1581341655987538 10175
Snk : 441 441 1581341656028167 1581341656038364 10197
Snk : 442 442 1581341656078904 1581341656089134 10230
Snk : 443 443 1581341656129922 1581341656140096 10174
Snk : 444 444 1581341656180798 1581341656190972 10174
Snk : 445 445 1581341656231717 1581341656241922 10205
Snk : 446 446 1581341656282672 1581341656292895 10223
Snk : 447 447 1581341656333731 1581341656343898 10167
Snk : 448 448 1581341656384457 1581341656394662 10205
Snk : 449 449 1581341656435459 1581341656445656 10197
Snk : 450 450 1581341656486244 1581341656496437 10193
Snk : 451 451 1581341656537210 1581341656547373 10163
Snk : 452 452 1581341656588187 1581341656598384 10197
Snk : 453 453 1581341656638856 1581341656649055 10199
Snk : 454 454 1581341656689850 1581341656700014 10164
Snk : 455 455 1581341656741041 1581341656751211 10170
Snk : 456 456 1581341656792117 1581341656802317 10200
Snk : 457 457 1581341656843136 1581341656853323 10187
Snk : 458 458 1581341656894079 1581341656904249 10170
Snk : 459 459 1581341656945181 1581341656955355 10174
Snk : 460 460 1581341656996221 1581341657006426 10205
Snk : 461 461 1581341657047210 1581341657057402 10192
Snk : 462 462 1581341657098217 1581341657108380 10163
Snk : 463 463 1581341657149177 1581341657159339 10162
Snk : 464 464 1581341657200247 1581341657210441 10194
Snk : 465 465 1581341657251284 1581341657261481 10197
Snk : 466 466 1581341657302188 1581341657312341 10153
Snk : 467 467 1581341657353082 1581341657363307 10225
Snk : 468 468 1581341657403988 1581341657414185 10197
Snk : 469 469 1581341657455107 1581341657465309 10202
Snk : 470 470 1581341657506082 1581341657516253 10171
Snk : 471 471 1581341657557151 1581341657567327 10176
Snk : 472 472 1581341657608163 1581341657618360 10197
Snk : 473 473 1581341657659040 1581341657669241 10201
Snk : 474 474 1581341657709929 1581341657720132 10203
Snk : 475 475 1581341657760806 1581341657771004 10198
Snk : 476 476 1581341657811918 1581341657822109 10191
Snk : 477 477 1581341657862817 1581341657873023 10206
Snk : 478 478 1581341657913849 1581341657924024 10175
Snk : 479 479 1581341657964509 1581341657974713 10204
Snk : 480 480 1581341658015558 1581341658025761 10203
Snk : 481 481 1581341658066442 1581341658076592 10150
Snk : 482 482 1581341658117343 1581341658127513 10170
Snk : 483 483 1581341658168315 1581341658178520 10205
Snk : 484 484 1581341658219106 1581341658229307 10201
Snk : 485 485 1581341658270089 1581341658280250 10161
Snk : 486 486 1581341658321267 1581341658331435 10168
Snk : 487 487 1581341658372355 1581341658382551 10196
Snk : 488 488 1581341658423471 1581341658433677 10206
Snk : 489 489 1581341658474287 1581341658484458 10171
Snk : 490 490 1581341658525186 1581341658535359 10173
Snk : 491 491 1581341658576247 1581341658586444 10197
Snk : 492 492 1581341658627273 1581341658637447 10174
Snk : 493 493 1581341658677726 1581341658687865 10139
Snk : 494 494 1581341658728386 1581341658738562 10176
Snk : 495 495 1581341658779062 1581341658789228 10166
Snk : 496 496 1581341658829671 1581341658839808 10137
Snk : 497 497 1581341658880285 1581341658890232 9947
Snk : 498 498 1581341658930315 1581341658940231 9916
Snk : 499 499 1581341658980286 1581341658990256 9970
Snk : 500 500 1581341659029959 1581341659039730 9771
