D : 1 1 1565955045879463 1565955045885821 6358 108
D : 2 2 1565955045885826 1565955045923942 38116 106
D : 3 3 1565955045923947 1565955045964699 40752 107
D : 4 4 1565955045964703 1565955046013882 49179 365
D : 5 5 1565955046013896 1565955046060162 46266 1467
D : 6 6 1565955046060183 1565955046105280 45097 1631
D : 7 7 1565955046105310 1565955046145849 40539 1378
D : 8 8 1565955046145873 1565955046192929 47056 1659
D : 9 9 1565955046192958 1565955046235675 42717 1633
D : 10 10 1565955046235708 1565955046282748 47040 2195
D : 11 11 1565955046282792 1565955046325347 42555 2344
D : 12 12 1565955046325390 1565955046367064 41674 2218
D : 13 13 1565955046367108 1565955046415587 48479 2326
D : 14 14 1565955046415630 1565955046450973 35343 2211
D : 15 15 1565955046451016 1565955046494137 43121 3365
D : 16 16 1565955046494180 1565955046536578 42398 3330
D : 17 17 1565955046536622 1565955046585079 48457 3348
D : 18 18 1565955046585122 1565955046618085 32963 3122
D : 19 19 1565955046618100 1565955046657505 39405 3302
D : 20 20 1565955046657529 1565955046702596 45067 4185
D : 21 21 1565955046702612 1565955046741850 39238 4094
D : 22 22 1565955046741859 1565955046787060 45201 4176
D : 23 23 1565955046787076 1565955046827969 40893 4301
D : 24 24 1565955046827995 1565955046878506 50511 4201
D : 25 25 1565955046878550 1565955046915026 36476 5181
D : 26 26 1565955046915042 1565955046954154 39112 5309
D : 27 27 1565955046954175 1565955047002354 48179 5167
D : 28 28 1565955047002397 1565955047045381 42984 5354
D : 29 29 1565955047045424 1565955047080253 34829 5188
D : 30 30 1565955047080269 1565955047125595 45326 6311
D : 31 31 1565955047125610 1565955047165163 39553 6293
D : 32 32 1565955047165186 1565955047210269 45083 6083
D : 33 33 1565955047210285 1565955047249070 38785 6297
D : 34 34 1565955047249094 1565955047300083 50989 6393
D : 35 35 1565955047300098 1565955047334192 34094 7272
D : 36 36 1565955047334226 1565955047385744 51518 7447
D : 37 37 1565955047385788 1565955047420896 35108 7310
D : 38 38 1565955047420912 1565955047460106 39194 7374
D : 39 39 1565955047460127 1565955047504768 44641 7190
D : 40 40 1565955047504784 1565955047544655 39871 8398
D : 41 41 1565955047544676 1565955047598228 53552 8181
D : 42 42 1565955047598274 1565955047631724 33450 8321
D : 43 43 1565955047631739 1565955047671413 39674 8286
D : 44 44 1565955047671437 1565955047729146 57709 8444
D : 45 45 1565955047729190 1565955047763611 34421 9219
D : 46 46 1565955047763654 1565955047810601 46947 9446
D : 47 47 1565955047810644 1565955047853841 43197 9352
D : 48 48 1565955047853885 1565955047895410 41525 9334
D : 49 49 1565955047895455 1565955047941982 46527 9381
D : 50 50 1565955047942026 1565955047979406 37380 10408
D : 51 51 1565955047979450 1565955048016737 37287 10314
D : 52 52 1565955048016753 1565955048056662 39909 10298
D : 53 53 1565955048056688 1565955048110295 53607 10368
D : 54 54 1565955048110338 1565955048144012 33674 10323
D : 55 55 1565955048144028 1565955048183440 39412 11286
D : 56 56 1565955048183464 1565955048229714 46250 11095
D : 57 57 1565955048229730 1565955048267179 37449 11259
D : 58 58 1565955048267202 1565955048318326 51124 11360
D : 59 59 1565955048318341 1565955048351773 33432 11366
D : 60 60 1565955048351796 1565955048404094 52298 12452
D : 61 61 1565955048404137 1565955048437911 33774 12328
D : 62 62 1565955048437929 1565955048478426 40497 12166
D : 63 63 1565955048478451 1565955048522285 43834 12084
D : 64 64 1565955048522301 1565955048561928 39627 12395
D : 65 65 1565955048561948 1565955048616239 54291 13445
D : 66 66 1565955048616282 1565955048650044 33762 13339
D : 67 67 1565955048650060 1565955048688876 38816 13384
D : 68 68 1565955048688897 1565955048734988 46091 13340
D : 69 69 1565955048735004 1565955048772551 37547 13402
D : 70 70 1565955048772576 1565955048826701 54125 14396
D : 71 71 1565955048826745 1565955048869241 42496 14207
D : 72 72 1565955048869271 1565955048911731 42460 14419
D : 73 73 1565955048911773 1565955048951033 39260 14387
D : 74 74 1565955048951077 1565955048994292 43215 14370
D : 75 75 1565955048994335 1565955049033086 38751 15361
D : 76 76 1565955049033132 1565955049072401 39269 15290
D : 77 77 1565955049072426 1565955049126209 53783 15185
D : 78 78 1565955049126253 1565955049157128 30875 15314
D : 79 79 1565955049157144 1565955049199274 42130 15265
D : 80 80 1565955049199303 1565955049246281 46978 16430
D : 81 81 1565955049246297 1565955049283786 37489 16266
D : 82 82 1565955049283810 1565955049335962 52152 16361
D : 83 83 1565955049335979 1565955049368977 32998 16295
D : 84 84 1565955049369000 1565955049420351 51351 16405
D : 85 85 1565955049420394 1565955049460617 40223 17442
D : 86 86 1565955049460661 1565955049494749 34088 17230
D : 87 87 1565955049494769 1565955049538850 44081 17334
D : 88 88 1565955049538890 1565955049581644 42754 17305
D : 89 89 1565955049581661 1565955049622755 41094 17336
D : 90 90 1565955049622782 1565955049666058 43276 18309
D : 91 91 1565955049666074 1565955049705443 39369 18386
D : 92 92 1565955049705469 1565955049763213 57744 18278
D : 93 93 1565955049763258 1565955049797340 34082 18288
D : 94 94 1565955049797384 1565955049844887 47503 18443
D : 95 95 1565955049844930 1565955049888184 43254 19432
D : 96 96 1565955049888228 1565955049929660 41432 19186
D : 97 97 1565955049929703 1565955049964203 34500 19190
D : 98 98 1565955049964219 1565955050004223 40004 19292
D : 99 99 1565955050004248 1565955050048301 44053 19306
D : 100 100 1565955050048317 1565955050088516 40199 20295
D : 101 101 1565955050088543 1565955050129340 40797 20307
D : 102 102 1565955050129360 1565955050170247 40887 20169
D : 103 103 1565955050170282 1565955050221540 51258 20466
D : 104 104 1565955050221584 1565955050258528 36944 20233
D : 105 105 1565955050258545 1565955050296531 37986 21133
D : 106 106 1565955050296557 1565955050348495 51938 21359
D : 107 107 1565955050348539 1565955050391700 43161 21454
D : 108 108 1565955050391744 1565955050433772 42028 21360
D : 109 109 1565955050433816 1565955050472739 38923 21353
D : 110 110 1565955050472783 1565955050517237 44454 22443
D : 111 111 1565955050517280 1565955050554414 37134 22152
D : 112 112 1565955050554431 1565955050593719 39288 22299
D : 113 113 1565955050593747 1565955050648748 55001 22448
D : 114 114 1565955050648793 1565955050680552 31759 22276
D : 115 115 1565955050680569 1565955050721677 41108 23389
D : 116 116 1565955050721705 1565955050778838 57133 23217
D : 117 117 1565955050778871 1565955050807302 28431 23282
D : 118 118 1565955050807319 1565955050847901 40582 23161
D : 119 119 1565955050847935 1565955050900625 52690 23441
D : 120 120 1565955050900670 1565955050943344 42674 24469
D : 121 121 1565955050943387 1565955050975610 32223 24278
D : 122 122 1565955050975628 1565955051018387 42759 24178
D : 123 123 1565955051018430 1565955051062214 43784 24111
D : 124 124 1565955051062259 1565955051109338 47079 24447
D : 125 125 1565955051109381 1565955051158854 49473 25394
D : 126 126 1565955051158889 1565955051191737 32848 25395
D : 127 127 1565955051191755 1565955051231867 40112 25249
D : 128 128 1565955051231909 1565955051277186 45277 25324
D : 129 129 1565955051277204 1565955051313440 36236 25169
D : 130 130 1565955051313468 1565955051368173 54705 26446
D : 131 131 1565955051368216 1565955051410768 42552 26473
D : 132 132 1565955051410811 1565955051452775 41964 26362
D : 133 133 1565955051452819 1565955051491726 38907 26345
D : 134 134 1565955051491768 1565955051534885 43117 26302
D : 135 135 1565955051534929 1565955051577783 42854 27461
D : 136 136 1565955051577827 1565955051620355 42528 27442
D : 137 137 1565955051620398 1565955051668517 48119 27173
D : 138 138 1565955051668552 1565955051701737 33185 27398
D : 139 139 1565955051701754 1565955051741642 39888 27419
D : 140 140 1565955051741685 1565955051800972 59287 28216
D : 141 141 1565955051801001 1565955051833133 32132 28355
D : 142 142 1565955051833177 1565955051880090 46913 28212
D : 143 143 1565955051880127 1565955051923034 42907 28213
D : 144 144 1565955051923069 1565955051965402 42333 28219
D : 145 145 1565955051965436 1565955052005504 40068 29442
D : 146 146 1565955052005548 1565955052049076 43528 29355
D : 147 147 1565955052049220 1565955052086698 37478 29313
D : 148 148 1565955052086715 1565955052125888 39173 29397
D : 149 149 1565955052125946 1565955052180725 54779 29168
D : 150 150 1565955052180756 1565955052214151 33395 30106
D : 151 151 1565955052214168 1565955052254654 40486 30468
D : 152 152 1565955052254695 1565955052299890 45195 30288
D : 153 153 1565955052299907 1565955052337531 37624 30384
D : 154 154 1565955052337564 1565955052390832 53268 30212
D : 155 155 1565955052390861 1565955052434742 43881 31214
D : 156 156 1565955052434771 1565955052476764 41993 31171
D : 157 157 1565955052476795 1565955052515321 38526 31214
D : 158 158 1565955052515354 1565955052558867 43513 31224
D : 159 159 1565955052558902 1565955052593615 34713 31402
D : 160 160 1565955052593634 1565955052637073 43439 32393
D : 161 161 1565955052637119 1565955052691697 54578 32256
D : 162 162 1565955052691703 1565955052724080 32377 32365
D : 163 163 1565955052724099 1565955052764754 40655 32275
D : 164 164 1565955052764798 1565955052810097 45299 32426
D : 165 165 1565955052810114 1565955052847559 37445 33260
D : 166 166 1565955052847584 1565955052894864 47280 33198
D : 167 167 1565955052894898 1565955052943753 48855 33215
D : 168 168 1565955052943783 1565955052985692 41909 33176
D : 169 169 1565955052985724 1565955053024440 38716 33222
D : 170 170 1565955053024476 1565955053068921 44445 34166
D : 171 171 1565955053068952 1565955053110783 41831 34212
D : 172 172 1565955053110812 1565955053149015 38203 34397
D : 173 173 1565955053149034 1565955053190773 41739 34419
D : 174 174 1565955053190816 1565955053237566 46750 34213
D : 175 175 1565955053237595 1565955053284310 46715 35211
D : 176 176 1565955053284339 1565955053334447 50108 35496
D : 177 177 1565955053334463 1565955053369824 35361 35346
D : 178 178 1565955053369850 1565955053405057 35207 35187
D : 179 179 1565955053405092 1565955053455371 50279 35210
D : 180 180 1565955053455401 1565955053498590 43189 36257
D : 181 181 1565955053498606 1565955053534757 36151 36128
D : 182 182 1565955053534767 1565955053572027 37260 36375
D : 183 183 1565955053572071 1565955053620566 48495 36220
D : 184 184 1565955053620596 1565955053658627 38031 36133
D : 185 185 1565955053658641 1565955053706783 48142 43328
D : 186 186 1565955053706814 1565955053747989 41175 37213
D : 187 187 1565955053748018 1565955053793622 45604 37273
D : 188 188 1565955053793643 1565955053830770 37127 37120
D : 189 189 1565955053830780 1565955053868799 38019 37162
D : 190 190 1565955053868832 1565955053912101 43269 38116
D : 191 191 1565955053912115 1565955053955604 43489 38161
D : 192 192 1565955053955637 1565955054007215 51578 38263
D : 193 193 1565955054007230 1565955054045553 38323 38310
D : 194 194 1565955054045575 1565955054083722 38147 38126
D : 195 195 1565955054083756 1565955054130803 47047 39411
D : 196 196 1565955054130817 1565955054169954 39137 39128
D : 197 197 1565955054169973 1565955054214007 44034 43119
D : 198 198 1565955054214037 1565955054257430 43393 39215
D : 199 199 1565955054257460 1565955054303344 45884 39213
D : 200 200 1565955054303373 1565955054354912 51539 40406
D : 201 201 1565955054354928 1565955054395298 40370 40355
D : 202 202 1565955054395324 1565955054435719 40395 40370
D : 203 203 1565955054435763 1565955054476015 40252 40230
D : 204 204 1565955054476044 1565955054517848 41804 40411
D : 205 205 1565955054517864 1565955054559220 41356 41340
D : 206 206 1565955054559245 1565955054600546 41301 41275
D : 207 207 1565955054600589 1565955054641832 41243 41221
D : 208 208 1565955054641862 1565955054683217 41355 41202
D : 209 209 1565955054683247 1565955054731793 48546 41441
D : 210 210 1565955054731836 1565955054774208 42372 42357
D : 211 211 1565955054774224 1565955054816575 42351 42340
D : 212 212 1565955054816591 1565955054858936 42345 42329
D : 213 213 1565955054858960 1565955054901368 42408 42380
D : 214 214 1565955054901412 1565955054943848 42436 42409
D : 215 215 1565955054943892 1565955054987251 43359 43330
D : 216 216 1565955054987294 1565955055030635 43341 43326
D : 217 217 1565955055030652 1565955055073947 43295 43280
D : 218 218 1565955055073988 1565955055117387 43399 43373
D : 219 219 1565955055117430 1565955055160888 43458 43443
D : 220 220 1565955055160905 1565955055205326 44421 44404
D : 221 221 1565955055205356 1565955055249805 44449 44422
D : 222 222 1565955055249848 1565955055294191 44343 44315
D : 223 223 1565955055294235 1565955055338565 44330 44301
D : 224 224 1565955055338609 1565955055383044 44435 44406
D : 225 225 1565955055383088 1565955055428584 45496 45468
D : 226 226 1565955055428627 1565955055474024 45397 45369
D : 227 227 1565955055474066 1565955055519560 45494 45465
D : 228 228 1565955055519594 1565955055564816 45222 45209
D : 229 229 1565955055564828 1565955055609971 45143 45118
D : 230 230 1565955055610003 1565955055656505 46502 46488
D : 231 231 1565955055656534 1565955055702875 46341 46325
D : 232 232 1565955055702899 1565955055749099 46200 46182
D : 233 233 1565955055749129 1565955055795487 46358 46341
D : 234 234 1565955055795510 1565955055841850 46340 46313
D : 235 235 1565955055841893 1565955055889250 47357 47341
D : 236 236 1565955055889268 1565955055936681 47413 47395
D : 237 237 1565955055936709 1565955055983924 47215 47191
D : 238 238 1565955055983957 1565955056031126 47169 47161
D : 239 239 1565955056031147 1565955056078263 47116 47101
D : 240 240 1565955056078287 1565955056126477 48190 48164
D : 241 241 1565955056126522 1565955056174982 48460 48445
D : 242 242 1565955056174998 1565955056223372 48374 48350
D : 243 243 1565955056223412 1565955056271868 48456 48427
D : 244 244 1565955056271911 1565955056320171 48260 48234
D : 245 245 1565955056320204 1565955056369711 49507 49491
D : 246 246 1565955056369731 1565955056418914 49183 49164
D : 247 247 1565955056418944 1565955056468185 49241 49221
D : 248 248 1565955056468215 1565955056517711 49496 49469
D : 249 249 1565955056517754 1565955056567227 49473 49458
D : 250 250 1565955056567245 1565955056617381 50136 50117
D : 251 251 1565955056617418 1565955056667929 50511 50497
D : 252 252 1565955056667960 1565955056718082 50122 50106
D : 253 253 1565955056718201 1565955056768787 50586 50558
D : 254 254 1565955056768830 1565955056819753 50923 50891
D : 255 255 1565955056819794 1565955056870753 50959 50927
D : 256 256 1565955056870795 1565955056921770 50975 50944
D : 257 257 1565955056921812 1565955056972826 51014 50982
D : 258 258 1565955057021113 1565955057122221 101108 50412
D : 259 259 1565955057122243 1565955057206016 83773 50216
D : 260 260 1565955057206038 1565955057296222 90184 50173
D : 261 261 1565955057296242 1565955057373441 77199 50381
D : 262 262 1565955057373467 1565955057455443 81976 50352
D : 263 263 1565955057455468 1565955057558970 103502 50385
D : 264 264 1565955057559014 1565955057626196 67182 50144
D : 265 265 1565955057626224 1565955057721051 94827 50499
D : 266 266 1565955057721068 1565955057807260 86192 50326
D : 267 267 1565955057807304 1565955057879798 72494 50152
D : 268 268 1565955057879827 1565955057974204 94377 50259
D : 269 269 1565955057974248 1565955058059463 85215 50332
D : 270 270 1565955058059507 1565955058132623 73116 50409
D : 271 271 1565955058132649 1565955058214193 81544 50124
D : 272 272 1565955058214222 1565955058313355 99133 50286
D : 273 273 1565955058313399 1565955058396191 82792 50244
D : 274 274 1565955058396208 1565955058468750 72542 50364
D : 275 275 1565955058468766 1565955058550571 81805 50126
D : 276 276 1565955058550586 1565955058637115 86529 50277
D : 277 277 1565955058637158 1565955058727007 89849 50340
D : 278 278 1565955058727028 1565955058813513 86485 50210
D : 279 279 1565955058813555 1565955058888570 75015 50273
D : 280 280 1565955058888598 1565955058984866 96268 50433
D : 281 281 1565955058984884 1565955059056239 71355 50331
D : 282 282 1565955059056255 1565955059141580 85325 50373
D : 283 283 1565955059141596 1565955059223723 82127 50140
D : 284 284 1565955059223762 1565955059314315 90553 50091
D : 285 285 1565955059314340 1565955059404175 89835 50432
D : 286 286 1565955059404192 1565955059477803 73611 50367
D : 287 287 1565955059477818 1565955059558706 80888 50269
D : 288 288 1565955059558722 1565955059644633 85911 50355
D : 289 289 1565955059644674 1565955059728543 83869 50322
D : 290 290 1565955059728587 1565955059818446 89859 50210
D : 291 291 1565955059818471 1565955059908940 90469 50519
D : 292 292 1565955059908983 1565955059994543 85560 50538
D : 293 293 1565955059994559 1565955060065641 71082 50289
D : 294 294 1565955060065684 1565955060162950 97266 50222
D : 295 295 1565955060162957 1565955060235662 72705 50311
D : 296 296 1565955060235706 1565955060334126 98420 50358
D : 297 297 1565955060334170 1565955060406986 72816 50266
D : 298 298 1565955060407008 1565955060501656 94648 50456
D : 299 299 1565955060501674 1565955060576294 74620 50320
D : 300 300 1565955060576338 1565955060670373 94035 50217
D : 301 301 1565955060670389 1565955060743593 73204 50314
D : 302 302 1565955060743637 1565955060833575 89938 50377
D : 303 303 1565955060833597 1565955060912733 79136 50174
D : 304 304 1565955060912760 1565955061006821 94061 50278
D : 305 305 1565955061006828 1565955061082021 75193 50305
D : 306 306 1565955061082041 1565955061168556 86515 50365
D : 307 307 1565955061168599 1565955061245720 77121 50314
D : 308 308 1565955061245749 1565955061333136 87387 50390
D : 309 309 1565955061333161 1565955061415850 82689 50300
D : 310 310 1565955061415872 1565955061509679 93807 50414
D : 311 311 1565955061509723 1565955061600469 90746 50451
D : 312 312 1565955061600513 1565955061670324 69811 50112
D : 313 313 1565955061670349 1565955061764206 93857 50503
D : 314 314 1565955061764223 1565955061837799 73576 50300
D : 315 315 1565955061837844 1565955061933569 95725 50441
D : 316 316 1565955061933586 1565955062006662 73076 50269
D : 317 317 1565955062006706 1565955062104760 98054 50441
D : 318 318 1565955062104803 1565955062188119 83316 50499
D : 319 319 1565955062188164 1565955062273516 85352 50417
D : 320 320 1565955062273560 1565955062360895 87335 50386
D : 321 321 1565955062360938 1565955062434291 73353 50306
D : 322 322 1565955062434317 1565955062528268 93951 50439
D : 323 323 1565955062528312 1565955062604372 76060 50292
D : 324 324 1565955062604401 1565955062686978 82577 50343
D : 325 325 1565955062687002 1565955062774995 87993 50411
D : 326 326 1565955062775017 1565955062865725 90708 50358
D : 327 327 1565955062865769 1565955062939030 73261 50263
D : 328 328 1565955062939058 1565955063033475 94417 50511
D : 329 329 1565955063033518 1565955063109238 75720 50375
D : 330 330 1565955063109261 1565955063192157 82896 50309
D : 331 331 1565955063192181 1565955063285595 93414 50315
D : 332 332 1565955063285637 1565955063372743 87106 50438
D : 333 333 1565955063372786 1565955063445829 73043 50314
D : 334 334 1565955063445892 1565955063539586 93694 50398
D : 335 335 1565955063539630 1565955063629441 89811 50315
D : 336 336 1565955063629484 1565955063701277 71793 50402
D : 337 337 1565955063701300 1565955063784762 83462 50307
D : 338 338 1565955063784784 1565955063865396 80612 50282
D : 339 339 1565955063865421 1565955063952305 86884 50395
D : 340 340 1565955063952335 1565955064039887 87552 50414
D : 341 341 1565955064039912 1565955064120075 80163 50283
D : 342 342 1565955064120104 1565955064202832 82728 50176
D : 343 343 1565955064202857 1565955064296033 93176 50558
D : 344 344 1565955064296076 1565955064382962 86886 50373
D : 345 345 1565955064383006 1565955064466353 83347 50243
D : 346 346 1565955064466397 1565955064551747 85350 50403
D : 347 347 1565955064551790 1565955064642355 90565 50440
D : 348 348 1565955064642399 1565955064722499 80100 50344
D : 349 349 1565955064722543 1565955064808208 85665 50418
D : 350 350 1565955064808252 1565955064895244 86992 50392
D : 351 351 1565955064895287 1565955064969802 74515 50313
D : 352 352 1565955064969828 1565955065062813 92985 50534
D : 353 353 1565955065062856 1565955065135741 72885 50276
D : 354 354 1565955065135783 1565955065221580 85797 50321
D : 355 355 1565955065221604 1565955065309788 88184 50415
D : 356 356 1565955065309813 1565955065389558 79745 50376
D : 357 357 1565955065389586 1565955065472882 83296 50399
D : 358 358 1565955065472906 1565955065566606 93700 50511
D : 359 359 1565955065566649 1565955065656228 89579 50351
D : 360 360 1565955065656272 1565955065737221 80949 50281
D : 361 361 1565955065737263 1565955065821050 83787 50376
D : 362 362 1565955065821085 1565955065909487 88402 50351
D : 363 363 1565955065909531 1565955065984717 75186 50313
D : 364 364 1565955065984738 1565955066075971 91233 50411
D : 365 365 1565955066076015 1565955066153972 77957 50376
D : 366 366 1565955066153996 1565955066236887 82891 50400
D : 367 367 1565955066236916 1565955066320519 83603 50412
D : 368 368 1565955066320543 1565955066401873 81330 50303
D : 369 369 1565955066401896 1565955066487451 85555 50290
D : 370 370 1565955066487476 1565955066575752 88276 50403
D : 371 371 1565955066575777 1565955066655843 80066 50382
D : 372 372 1565955066655866 1565955066738591 82725 50248
D : 373 373 1565955066738611 1565955066822013 83402 50314
D : 374 374 1565955066822040 1565955066916072 94032 50444
D : 375 375 1565955066916115 1565955066990743 74628 50331
D : 376 376 1565955066990768 1565955067083836 93068 50515
D : 377 377 1565955067083880 1565955067160166 76286 50369
D : 378 378 1565955067160189 1565955067243526 83337 50412
D : 379 379 1565955067243553 1565955067330670 87117 50338
D : 380 380 1565955067330690 1565955067420048 89358 50459
D : 381 381 1565955067420065 1565955067493952 73887 50351
D : 382 382 1565955067494024 1565955067578955 84931 50416
D : 383 383 1565955067578978 1565955067674310 95332 50230
D : 384 384 1565955067674332 1565955067749936 75604 50450
D : 385 385 1565955067749953 1565955067828461 78508 50325
D : 386 386 1565955067828505 1565955067918292 89787 50340
D : 387 387 1565955067918317 1565955067997988 79671 50313
D : 388 388 1565955067998011 1565955068091608 93597 50483
D : 389 389 1565955068091652 1565955068179974 88322 50368
D : 390 390 1565955068180019 1565955068253083 73064 50395
D : 391 391 1565955068253109 1565955068334336 81227 50120
D : 392 392 1565955068334364 1565955068420832 86468 50295
D : 393 393 1565955068420856 1565955068504731 83875 50305
D : 394 394 1565955068504754 1565955068592075 87321 50402
D : 395 395 1565955068592097 1565955068683132 91035 50388
D : 396 396 1565955068683176 1565955068756914 73738 50400
D : 397 397 1565955068756938 1565955068840578 83640 50307
D : 398 398 1565955068840601 1565955068924175 83574 50282
D : 399 399 1565955068924201 1565955069007968 83767 50330
D : 400 400 1565955069007996 1565955069102193 94197 50351
D : 401 401 1565955069102236 1565955069190417 88181 50456
D : 402 402 1565955069190461 1565955069262580 72119 50240
D : 403 403 1565955069262607 1565955069356086 93479 50414
D : 404 404 1565955069356130 1565955069443303 87173 50393
D : 405 405 1565955069443347 1565955069517549 74202 50328
D : 406 406 1565955069517574 1565955069610499 92925 50347
D : 407 407 1565955069610520 1565955069683508 72988 50336
D : 408 408 1565955069683533 1565955069764297 80764 50288
D : 409 409 1565955069764320 1565955069854369 90049 50399
D : 410 410 1565955069854391 1565955069942287 87896 50291
D : 411 411 1565955069942331 1565955070018199 75868 50199
D : 412 412 1565955070018226 1565955070111851 93625 50529
D : 413 413 1565955070111894 1565955070187855 75961 50353
D : 414 414 1565955070187904 1565955070271564 83660 50372
D : 415 415 1565955070271591 1565955070354940 83349 50353
D : 416 416 1565955070354965 1565955070450508 95543 50443
D : 417 417 1565955070450552 1565955070524599 74047 50306
D : 418 418 1565955070524624 1565955070618190 93566 50356
D : 419 419 1565955070618233 1565955070706243 88010 50447
D : 420 420 1565955070706285 1565955070788901 82616 50428
D : 421 421 1565955070788922 1565955070862577 73655 50193
D : 422 422 1565955070862622 1565955070945647 83025 50289
D : 423 423 1565955070945672 1565955071031821 86149 50305
D : 424 424 1565955071031845 1565955071118860 87015 50257
D : 425 425 1565955071118886 1565955071199339 80453 50255
D : 426 426 1565955071199361 1565955071282179 82818 50159
D : 427 427 1565955071282201 1565955071365740 83539 50307
D : 428 428 1565955071365763 1565955071459847 94084 50422
D : 429 429 1565955071459891 1565955071533819 73928 50309
D : 430 430 1565955071533842 1565955071627210 93368 50523
D : 431 431 1565955071627339 1565955071715676 88337 50421
D : 432 432 1565955071715720 1565955071788669 72949 50315
D : 433 433 1565955071788689 1565955071880159 91470 50393
D : 434 434 1565955071880176 1565955071954753 74577 50316
D : 435 435 1565955071954796 1565955072049261 94465 50413
D : 436 436 1565955072049304 1565955072134197 84893 50391
D : 437 437 1565955072134241 1565955072223944 89703 50355
D : 438 438 1565955072223987 1565955072296221 72234 50183
D : 439 439 1565955072296246 1565955072384793 88547 50312
D : 440 440 1565955072384812 1565955072470949 86137 50380
D : 441 441 1565955072470992 1565955072548764 77772 50303
D : 442 442 1565955072548789 1565955072629943 81154 50171
D : 443 443 1565955072629980 1565955072717390 87410 50298
D : 444 444 1565955072717414 1565955072799443 82029 50177
D : 445 445 1565955072799467 1565955072883020 83553 50169
D : 446 446 1565955072883063 1565955072970848 87785 50308
D : 447 447 1565955072970875 1565955073059749 88874 50489
D : 448 448 1565955073059793 1565955073145068 85275 50445
D : 449 449 1565955073145112 1565955073235077 89965 50445
D : 450 450 1565955073235120 1565955073306742 71622 50445
D : 451 451 1565955073306768 1565955073399806 93038 50407
D : 452 452 1565955073399849 1565955073485273 85424 50351
D : 453 453 1565955073485317 1565955073561681 76364 50311
D : 454 454 1565955073561704 1565955073654188 92484 50438
D : 455 455 1565955073654223 1565955073728639 74416 50386
D : 456 456 1565955073728660 1565955073811229 82569 50383
D : 457 457 1565955073811257 1565955073898392 87135 50196
D : 458 458 1565955073898413 1565955073985122 86709 50353
D : 459 459 1565955073985165 1565955074062541 77376 50192
D : 460 460 1565955074062569 1565955074156202 93633 50501
D : 461 461 1565955074156245 1565955074232966 76721 50286
D : 462 462 1565955074232987 1565955074315774 82787 50302
D : 463 463 1565955074315799 1565955074398860 83061 50336
D : 464 464 1565955074398885 1565955074480690 81805 50349
D : 465 465 1565955074480713 1565955074566813 86100 50417
D : 466 466 1565955074566835 1565955074654491 87656 50387
D : 467 467 1565955074654514 1565955074735488 80974 50402
D : 468 468 1565955074735517 1565955074817808 82291 50321
D : 469 469 1565955074817834 1565955074901565 83731 50415
D : 470 470 1565955074901588 1565955074997008 95420 50398
D : 471 471 1565955074997052 1565955075070823 73771 50333
D : 472 472 1565955075070848 1565955075162886 92038 50242
D : 473 473 1565955075162930 1565955075253245 90315 50452
D : 474 474 1565955075253290 1565955075324762 71472 50397
D : 475 475 1565955075324787 1565955075406361 81574 50122
D : 476 476 1565955075406390 1565955075492444 86054 50300
D : 477 477 1565955075492470 1565955075575878 83408 50313
D : 478 478 1565955075575900 1565955075664213 88313 50378
D : 479 479 1565955075664239 1565955075753396 89157 50451
D : 480 480 1565955075753414 1565955075827185 73771 50322
D : 481 481 1565955075827228 1565955075920506 93278 50531
D : 482 482 1565955075920550 1565955076005985 85435 50505
D : 483 483 1565955076006029 1565955076091842 85813 50524
D : 484 484 1565955076091858 1565955076164765 72907 50302
D : 485 485 1565955076164809 1565955076263086 98277 50376
D : 486 486 1565955076263130 1565955076336573 73443 50307
D : 487 487 1565955076336599 1565955076429637 93038 50303
D : 488 488 1565955076429681 1565955076505559 75878 50399
D : 489 489 1565955076505582 1565955076598780 93198 50498
D : 490 490 1565955076598823 1565955076684566 85743 50337
D : 491 491 1565955076684588 1565955076764655 80067 50451
D : 492 492 1565955076764700 1565955076842857 78157 50337
D : 493 493 1565955076842883 1565955076930649 87766 50337
D : 494 494 1565955076930670 1565955077009418 78748 50311
D : 495 495 1565955077009441 1565955077102684 93243 50517
D : 496 496 1565955077102701 1565955077176569 73868 50356
D : 497 497 1565955077176584 1565955077259963 83379 50404
D : 498 498 1565955077259985 1565955077344557 84572 50394
D : 499 499 1565955077344585 1565955077437755 93170 50347
D : 500 500 1565955077437799 1565955077513684 75885 50273
D : 501 501 1565955077513709 1565955077601044 87335 50322
D : 502 502 1565955077601068 1565955077690771 89703 50459
D : 503 503 1565955077690815 1565955077776521 85706 50342
D : 504 504 1565955077776565 1565955077852108 75543 50283
D : 505 505 1565955077852137 1565955077945853 93716 50369
D : 506 506 1565955077945897 1565955078031206 85309 50376
D : 507 507 1565955078031249 1565955078116655 85406 50353
D : 508 508 1565955078116697 1565955078201820 85123 50418
D : 509 509 1565955078201863 1565955078286803 84940 50275
D : 510 510 1565955078286846 1565955078362619 75773 50404
D : 511 511 1565955078362645 1565955078450309 87664 50112
D : 512 512 1565955078450331 1565955078529548 79217 50198
D : 513 513 1565955078529571 1565955078622835 93264 50531
D : 514 514 1565955078622851 1565955078695939 73088 50156
D : 515 515 1565955078695989 1565955078778611 82622 50198
D : 516 516 1565955078778649 1565955078865650 87001 50303
D : 517 517 1565955078865672 1565955078958144 92472 50235
D : 518 518 1565955078958188 1565955079043704 85516 50272
D : 519 519 1565955079043732 1565955079129247 85515 50403
D : 520 520 1565955079129297 1565955079214880 85583 50283
D : 521 521 1565955079214909 1565955079300957 86048 50373
D : 522 522 1565955079301000 1565955079386200 85200 50377
D : 523 523 1565955079386216 1565955079459533 73317 50291
D : 524 524 1565955079459576 1565955079545707 86131 50402
D : 525 525 1565955079545736 1565955079632880 87144 50313
D : 526 526 1565955079632903 1565955079722874 89971 50285
D : 527 527 1565955079722916 1565955079808385 85469 50555
D : 528 528 1565955079808429 1565955079883898 75469 50303
D : 529 529 1565955079883929 1565955079964968 81039 50306
D : 530 530 1565955079964990 1565955080061399 96409 50412
D : 531 531 1565955080061421 1565955080137727 76306 50423
D : 532 532 1565955080137743 1565955080215828 78085 50347
D : 533 533 1565955080215843 1565955080300110 84267 50324
D : 534 534 1565955080300149 1565955080386195 86046 50221
D : 535 535 1565955080386218 1565955080473569 87351 50322
D : 536 536 1565955080473590 1565955080562049 88459 50414
D : 537 537 1565955080562092 1565955080647961 85869 50368
D : 538 538 1565955080647978 1565955080720711 72733 50323
D : 539 539 1565955080720754 1565955080817779 97025 50417
D : 540 540 1565955080817823 1565955080892695 74872 50306
D : 541 541 1565955080892720 1565955080986301 93581 50233
D : 542 542 1565955080986330 1565955081061760 75430 50415
D : 543 543 1565955081061781 1565955081149333 87552 50307
D : 544 544 1565955081149356 1565955081238477 89121 50282
D : 545 545 1565955081238505 1565955081323946 85441 50317
D : 546 546 1565955081323988 1565955081409747 85759 50309
D : 547 547 1565955081409756 1565955081482197 72441 50149
D : 548 548 1565955081482241 1565955081578780 96539 50445
D : 549 549 1565955081578822 1565955081663777 84955 50289
D : 550 550 1565955081663805 1565955081749482 85677 50356
D : 551 551 1565955081749525 1565955081834968 85443 50272
D : 552 552 1565955081834996 1565955081910308 75312 50112
D : 553 553 1565955081910331 1565955082003973 93642 50381
D : 554 554 1565955082003990 1565955082077147 73157 50322
D : 555 555 1565955082077189 1565955082163125 85936 50193
D : 556 556 1565955082163150 1565955082251213 88063 50173
D : 557 557 1565955082251254 1565955082328865 77611 50314
D : 558 558 1565955082328923 1565955082415010 86087 50181
D : 559 559 1565955082415031 1565955082496664 81633 50193
D : 560 560 1565955082496687 1565955082593037 96350 50356
D : 561 561 1565955082593082 1565955082678273 85191 50218
D : 562 562 1565955082678289 1565955082751049 72760 50189
D : 563 563 1565955082751091 1565955082847034 95943 50270
D : 564 564 1565955082847063 1565955082922344 75281 50116
D : 565 565 1565955082922367 1565955083016718 94351 50381
D : 566 566 1565955083016760 1565955083091906 75146 50318
D : 567 567 1565955083091930 1565955083185786 93856 50347
D : 568 568 1565955083185828 1565955083270744 84916 50277
D : 569 569 1565955083270773 1565955083355818 85045 50281
D : 570 570 1565955083355850 1565955083441222 85372 50286
D : 571 571 1565955083441258 1565955083526555 85297 50293
D : 572 572 1565955083526571 1565955083599441 72870 50307
D : 573 573 1565955083599559 1565955083695623 96064 50366
D : 574 574 1565955083695674 1565955083781013 85339 50427
D : 575 575 1565955083781056 1565955083866686 85630 50289
D : 576 576 1565955083866718 1565955083955078 88360 50442
D : 577 577 1565955083955121 1565955084037286 82165 50420
D : 578 578 1565955084037329 1565955084112519 75190 50302
D : 579 579 1565955084112565 1565955084206341 93776 50286
D : 580 580 1565955084206383 1565955084292097 85714 50493
D : 581 581 1565955084292139 1565955084378008 85869 50539
D : 582 582 1565955084378052 1565955084454157 76105 50259
D : 583 583 1565955084454182 1565955084546781 92599 50297
D : 584 584 1565955084546824 1565955084632365 85541 50285
D : 585 585 1565955084632396 1565955084717842 85446 50285
D : 586 586 1565955084717874 1565955084803131 85257 50277
D : 587 587 1565955084803160 1565955084888436 85276 50342
D : 588 588 1565955084888479 1565955084976654 88175 50441
D : 589 589 1565955084976698 1565955085059027 82329 50279
D : 590 590 1565955085059069 1565955085135042 75973 50174
D : 591 591 1565955085135066 1565955085228780 93714 50550
D : 592 592 1565955085228798 1565955085302398 73600 50151
D : 593 593 1565955085302440 1565955085391921 89481 50315
D : 594 594 1565955085391943 1565955085483785 91842 50445
D : 595 595 1565955085483829 1565955085566506 82677 50260
D : 596 596 1565955085566549 1565955085641706 75157 50309
D : 597 597 1565955085641728 1565955085735535 93807 50393
D : 598 598 1565955085735578 1565955085820116 84538 50404
D : 599 599 1565955085820158 1565955085906099 85941 50230
D : 600 600 1565955085906127 1565955085982527 76400 50366
D : 601 601 1565955085982551 1565955086075082 92531 50277
D : 602 602 1565955086075111 1565955086160365 85254 50299
D : 603 603 1565955086160409 1565955086246504 86095 50301
D : 604 604 1565955086246533 1565955086331574 85041 50287
D : 605 605 1565955086331617 1565955086417434 85817 50359
D : 606 606 1565955086417476 1565955086493388 75912 50339
D : 607 607 1565955086493417 1565955086586079 92662 50296
D : 608 608 1565955086586114 1565955086662373 76259 50415
D : 609 609 1565955086662397 1565955086755210 92813 50229
D : 610 610 1565955086755229 1565955086830619 75390 50235
D : 611 611 1565955086830662 1565955086922759 92097 50283
D : 612 612 1565955086922801 1565955086998641 75840 50312
D : 613 613 1565955086998664 1565955087091921 93257 50284
D : 614 614 1565955087091950 1565955087164797 72847 50314
D : 615 615 1565955087164825 1565955087250626 85801 50154
D : 616 616 1565955087250662 1565955087338411 87749 50182
D : 617 617 1565955087338433 1565955087418251 79818 50110
D : 618 618 1565955087418276 1565955087514924 96648 50377
D : 619 619 1565955087514967 1565955087597218 82251 50393
D : 620 620 1565955087597260 1565955087682372 85112 50243
D : 621 621 1565955087682413 1565955087768235 85822 50438
D : 622 622 1565955087768252 1565955087841414 73162 50334
D : 623 623 1565955087841456 1565955087937407 95951 50506
D : 624 624 1565955087937449 1565955088022460 85011 50260
D : 625 625 1565955088022505 1565955088107727 85222 50329
D : 626 626 1565955088107769 1565955088193413 85644 50290
D : 627 627 1565955088193456 1565955088278913 85457 50595
D : 628 628 1565955088278965 1565955088363857 84892 50400
D : 629 629 1565955088363900 1565955088441312 77412 50430
Z3 : 1 258 1565955057021061 1565955057072320 51259 36
Z3 : 2 259 1565955057072324 1565955057155902 83578 22
Z3 : 3 260 1565955057155906 1565955057244750 88844 101
Z3 : 4 261 1565955057244754 1565955057323154 78400 108
Z3 : 5 262 1565955057323158 1565955057406246 83088 1167
Z3 : 6 263 1565955057406252 1565955057502636 96384 1634
Z3 : 7 264 1565955057502668 1565955057577402 74734 1360
Z3 : 8 265 1565955057577417 1565955057672204 94787 1653
Z3 : 9 266 1565955057672234 1565955057754486 82252 1626
Z3 : 10 267 1565955057754517 1565955057831970 77453 2333
Z3 : 11 268 1565955057831986 1565955057926198 94212 2261
Z3 : 12 269 1565955057926244 1565955058017991 91747 2362
Z3 : 13 270 1565955058018035 1565955058084315 66280 2113
Z3 : 14 271 1565955058084321 1565955058166203 81882 2143
Z3 : 15 272 1565955058166219 1565955058261193 94974 3245
Z3 : 16 273 1565955058261248 1565955058349385 88137 3385
Z3 : 17 274 1565955058349429 1565955058421714 72285 3329
Z3 : 18 275 1565955058421735 1565955058506960 85225 3163
Z3 : 19 276 1565955058506983 1565955058590170 83187 3346
Z3 : 20 277 1565955058590198 1565955058680989 90791 4327
Z3 : 21 278 1565955058681004 1565955058762877 81873 4192
Z3 : 22 279 1565955058762909 1565955058842382 79473 4107
Z3 : 23 280 1565955058842398 1565955058938718 96320 4280
Z3 : 24 281 1565955058938762 1565955059014103 75341 4281
Z3 : 25 282 1565955059014129 1565955059096369 82240 5162
Z3 : 26 283 1565955059096394 1565955059178779 82385 5208
Z3 : 27 284 1565955059178800 1565955059268594 89794 5318
Z3 : 28 285 1565955059268609 1565955059359024 90415 5277
Z3 : 29 286 1565955059359069 1565955059432767 73698 5331
Z3 : 30 287 1565955059432792 1565955059518075 85283 6312
Z3 : 31 288 1565955059518120 1565955059600600 82480 6323
Z3 : 32 289 1565955059600639 1565955059684535 83896 6328
Z3 : 33 290 1565955059684573 1565955059773618 89045 6316
Z3 : 34 291 1565955059773634 1565955059864824 91190 6411
Z3 : 35 292 1565955059864869 1565955059951397 86528 7387
Z3 : 36 293 1565955059951442 1565955060024568 73126 7219
Z3 : 37 294 1565955060024584 1565955060120156 95572 7418
Z3 : 38 295 1565955060120201 1565955060192674 72473 7338
Z3 : 39 296 1565955060192698 1565955060285667 92969 7345
Z3 : 40 297 1565955060285711 1565955060365042 79331 8329
Z3 : 41 298 1565955060365058 1565955060459599 94541 8393
Z3 : 42 299 1565955060459643 1565955060532185 72542 8299
Z3 : 43 300 1565955060532211 1565955060628573 96362 8412
Z3 : 44 301 1565955060628618 1565955060701599 72981 8334
Z3 : 45 302 1565955060701624 1565955060791685 90061 9390
Z3 : 46 303 1565955060791701 1565955060871898 80197 9329
Z3 : 47 304 1565955060871915 1565955060965825 93910 9277
Z3 : 48 305 1565955060965858 1565955061037355 71497 9299
Z3 : 49 306 1565955061037381 1565955061127485 90104 9353
Z3 : 50 307 1565955061127530 1565955061205723 78193 10325
Z3 : 51 308 1565955061205740 1565955061292144 86404 10313
Z3 : 52 309 1565955061292161 1565955061375870 83709 10327
Z3 : 53 310 1565955061375899 1565955061469528 93629 10276
Z3 : 54 311 1565955061469559 1565955061549996 80437 10184
Z3 : 55 312 1565955061550037 1565955061631520 81483 11314
Z3 : 56 313 1565955061631536 1565955061725127 93591 11419
Z3 : 57 314 1565955061725172 1565955061796915 71743 11164
Z3 : 58 315 1565955061796941 1565955061894368 97427 11234
Z3 : 59 316 1565955061894414 1565955061967703 73289 11323
Z3 : 60 317 1565955061967745 1565955062061458 93713 12360
Z3 : 61 318 1565955062061503 1565955062149884 88381 12277
Z3 : 62 319 1565955062149919 1565955062235366 85447 12279
Z3 : 63 320 1565955062235399 1565955062317595 82196 12352
Z3 : 64 321 1565955062317640 1565955062396099 78459 12122
Z3 : 65 322 1565955062396116 1565955062491128 95012 13312
Z3 : 66 323 1565955062491163 1565955062565373 74210 13341
Z3 : 67 324 1565955062565390 1565955062649968 84578 13331
Z3 : 68 325 1565955062649984 1565955062738013 88029 13434
Z3 : 69 326 1565955062738029 1565955062823302 85273 13225
Z3 : 70 327 1565955062823336 1565955062902941 79605 14197
Z3 : 71 328 1565955062902958 1565955062997225 94267 14274
Z3 : 72 329 1565955062997256 1565955063071370 74114 14296
Z3 : 73 330 1565955063071387 1565955063156170 84783 14329
Z3 : 74 331 1565955063156186 1565955063249541 93355 14274
Z3 : 75 332 1565955063249575 1565955063332272 82697 15213
Z3 : 76 333 1565955063332303 1565955063410709 78406 15199
Z3 : 77 334 1565955063410726 1565955063504448 93722 15273
Z3 : 78 335 1565955063504480 1565955063584945 80465 15223
Z3 : 79 336 1565955063584978 1565955063666198 81220 15342
Z3 : 80 337 1565955063666214 1565955063750647 84433 16198
Z3 : 81 338 1565955063750664 1565955063830402 79738 16167
Z3 : 82 339 1565955063830418 1565955063918216 87798 16329
Z3 : 83 340 1565955063918234 1565955064005717 87483 16266
Z3 : 84 341 1565955064005733 1565955064084224 78491 16300
Z3 : 85 342 1565955064084242 1565955064169991 85749 17341
Z3 : 86 343 1565955064170008 1565955064262688 92680 17230
Z3 : 87 344 1565955064262720 1565955064344737 82017 17224
Z3 : 88 345 1565955064344770 1565955064433354 88584 17256
Z3 : 89 346 1565955064433386 1565955064518605 85219 17274
Z3 : 90 347 1565955064518636 1565955064600342 81706 18195
Z3 : 91 348 1565955064600371 1565955064690440 90069 18300
Z3 : 92 349 1565955064690470 1565955064776022 85552 18245
Z3 : 93 350 1565955064776054 1565955064858169 82115 18173
Z3 : 94 351 1565955064858202 1565955064937814 79612 18333
Z3 : 95 352 1565955064937831 1565955065031662 93831 19394
Z3 : 96 353 1565955065031707 1565955065102560 70853 19161
Z3 : 97 354 1565955065102581 1565955065190706 88125 19453
Z3 : 98 355 1565955065190724 1565955065278555 87831 19190
Z3 : 99 356 1565955065278570 1565955065357508 78938 19308
Z3 : 100 357 1565955065357526 1565955065442817 85291 20341
Z3 : 101 358 1565955065442835 1565955065536500 93665 20413
Z3 : 102 359 1565955065536545 1565955065617141 80596 20209
Z3 : 103 360 1565955065617173 1565955065707207 90034 20279
Z3 : 104 361 1565955065707239 1565955065790904 83665 20242
Z3 : 105 362 1565955065790928 1565955065875448 84520 21223
Z3 : 106 363 1565955065875480 1565955065955588 80108 21191
Z3 : 107 364 1565955065955603 1565955066046840 91237 21289
Z3 : 108 365 1565955066046885 1565955066122996 76111 21188
Z3 : 109 366 1565955066123009 1565955066207651 84642 21173
Z3 : 110 367 1565955066207666 1565955066292433 84767 22332
Z3 : 111 368 1565955066292451 1565955066372756 80305 22171
Z3 : 112 369 1565955066372770 1565955066459476 86706 22322
Z3 : 113 370 1565955066459493 1565955066547628 88135 22301
Z3 : 114 371 1565955066547646 1565955066626524 78878 22306
Z3 : 115 372 1565955066626541 1565955066711774 85233 23436
Z3 : 116 373 1565955066711791 1565955066795025 83234 23332
Z3 : 117 374 1565955066795043 1565955066883352 88309 23223
Z3 : 118 375 1565955066883396 1565955066963694 80298 23290
Z3 : 119 376 1565955066963712 1565955067056726 93014 23412
Z3 : 120 377 1565955067056771 1565955067132867 76096 24301
Z3 : 121 378 1565955067132885 1565955067217215 84330 24108
Z3 : 122 379 1565955067217234 1565955067304653 87419 24326
Z3 : 123 380 1565955067304671 1565955067388780 84109 24356
Z3 : 124 381 1565955067388825 1565955067467791 78966 24203
Z3 : 125 382 1565955067467824 1565955067553876 86052 25343
Z3 : 126 383 1565955067553893 1565955067642716 88823 25392
Z3 : 127 384 1565955067642732 1565955067724886 82154 25393
Z3 : 128 385 1565955067724930 1565955067803297 78367 25177
Z3 : 129 386 1565955067803321 1565955067892355 89034 25304
Z3 : 130 387 1565955067892373 1565955067973976 81603 26307
Z3 : 131 388 1565955067973994 1565955068067360 93366 26245
Z3 : 132 389 1565955068067406 1565955068148947 81541 26355
Z3 : 133 390 1565955068148991 1565955068228941 79950 26260
Z3 : 134 391 1565955068228960 1565955068310392 81432 26185
Z3 : 135 392 1565955068310406 1565955068396798 86392 27182
Z3 : 136 393 1565955068396816 1565955068481747 84931 27326
Z3 : 137 394 1565955068481779 1565955068568850 87071 27185
Z3 : 138 395 1565955068568867 1565955068652771 83904 27229
Z3 : 139 396 1565955068652815 1565955068733660 80845 27154
Z3 : 140 397 1565955068733678 1565955068818440 84762 28175
Z3 : 141 398 1565955068818458 1565955068900949 82491 28083
Z3 : 142 399 1565955068900966 1565955068985813 84847 28183
Z3 : 143 400 1565955068985865 1565955069080060 94195 28232
Z3 : 144 401 1565955069080098 1565955069161495 81397 28464
Z3 : 145 402 1565955069161531 1565955069241664 80133 29330
Z3 : 146 403 1565955069241682 1565955069334940 93258 29282
Z3 : 147 404 1565955069334972 1565955069417151 82179 29220
Z3 : 148 405 1565955069417189 1565955069496424 79235 29208
Z3 : 149 406 1565955069496443 1565955069589569 93126 29421
Z3 : 150 407 1565955069589586 1565955069662220 72634 30300
Z3 : 151 408 1565955069662238 1565955069744326 82088 30324
Z3 : 152 409 1565955069744344 1565955069834049 89705 30102
Z3 : 153 410 1565955069834058 1565955069917374 83316 30228
Z3 : 154 411 1565955069917412 1565955069998183 80771 30191
Z3 : 155 412 1565955069998204 1565955070092548 94344 31240
Z3 : 156 413 1565955070092585 1565955070167474 74889 31161
Z3 : 157 414 1565955070167494 1565955070252339 84845 31156
Z3 : 158 415 1565955070252359 1565955070335781 83422 31200
Z3 : 159 416 1565955070335800 1565955070426517 90717 31217
Z3 : 160 417 1565955070426549 1565955070506462 79913 32175
Z3 : 161 418 1565955070506482 1565955070600053 93571 32231
Z3 : 162 419 1565955070600094 1565955070681273 81179 32177
Z3 : 163 420 1565955070681314 1565955070770719 89405 32252
Z3 : 164 421 1565955070770733 1565955070844748 74015 32372
Z3 : 165 422 1565955070844792 1565955070927729 82937 33280
Z3 : 166 423 1565955070927748 1565955071014826 87078 33315
Z3 : 167 424 1565955071014845 1565955071101701 86856 33107
Z3 : 168 425 1565955071101715 1565955071181131 79416 33291
Z3 : 169 426 1565955071181149 1565955071265326 84177 33311
Z3 : 170 427 1565955071265344 1565955071349566 84222 34139
Z3 : 171 428 1565955071349580 1565955071438309 88729 34191
Z3 : 172 429 1565955071438342 1565955071517683 79341 34179
Z3 : 173 430 1565955071517702 1565955071610908 93206 34233
Z3 : 174 431 1565955071610947 1565955071692613 81666 34182
Z3 : 175 432 1565955071692654 1565955071773485 80831 35140
Z3 : 176 433 1565955071773498 1565955071865227 91729 35464
Z3 : 177 434 1565955071865243 1565955071938139 72896 35316
Z3 : 178 435 1565955071938179 1565955072034083 95904 35249
Z3 : 179 436 1565955072034116 1565955072119010 84894 35258
Z3 : 180 437 1565955072119043 1565955072200733 81690 36178
Z3 : 181 438 1565955072200774 1565955072282212 81438 36156
Z3 : 182 439 1565955072282226 1565955072370662 88436 36184
Z3 : 183 440 1565955072370680 1565955072451654 80974 36180
Z3 : 184 441 1565955072451686 1565955072534573 82887 36136
Z3 : 185 442 1565955072534585 1565955072616872 82287 37108
Z3 : 186 443 1565955072616886 1565955072702436 85550 37095
Z3 : 187 444 1565955072702448 1565955072786410 83962 37154
Z3 : 188 445 1565955072786421 1565955072869975 83554 37143
Z3 : 189 446 1565955072869986 1565955072956864 86878 37307
Z3 : 190 447 1565955072956886 1565955073047630 90744 38379
Z3 : 191 448 1565955073047674 1565955073133029 85355 38414
Z3 : 192 449 1565955073133074 1565955073213537 80463 38169
Z3 : 193 450 1565955073213578 1565955073294468 80890 38176
Z3 : 194 451 1565955073294489 1565955073387784 93295 38393
Z3 : 195 452 1565955073387829 1565955073473344 85515 39378
Z3 : 196 453 1565955073473389 1565955073550545 77156 39180
Z3 : 197 454 1565955073550565 1565955073643042 92477 39295
Z3 : 198 455 1565955073643060 1565955073715614 72554 39243
Z3 : 199 456 1565955073715634 1565955073800161 84527 39322
Z3 : 200 457 1565955073800197 1565955073888516 88319 40323
Z3 : 201 458 1565955073888536 1565955073969814 81278 40207
Z3 : 202 459 1565955073969850 1565955074052600 82750 40257
Z3 : 203 460 1565955074052623 1565955074145999 93376 40308
Z3 : 204 461 1565955074146044 1565955074221066 75022 40294
Z3 : 205 462 1565955074221086 1565955074306644 85558 41177
Z3 : 206 463 1565955074306667 1565955074389829 83162 41310
Z3 : 207 464 1565955074389850 1565955074470415 80565 41151
Z3 : 208 465 1565955074470436 1565955074557715 87279 41323
Z3 : 209 466 1565955074557736 1565955074645527 87791 41427
Z3 : 210 467 1565955074645547 1565955074725629 80082 42404
Z3 : 211 468 1565955074725651 1565955074809803 84152 42322
Z3 : 212 469 1565955074809826 1565955074893566 83740 42419
Z3 : 213 470 1565955074893588 1565955074983228 89640 42226
Z3 : 214 471 1565955074983273 1565955075062596 79323 42110
Z3 : 215 472 1565955075062619 1565955075156050 93431 43413
Z3 : 216 473 1565955075156094 1565955075237327 81233 43374
Z3 : 217 474 1565955075237371 1565955075317679 80308 43307
Z3 : 218 475 1565955075317702 1565955075399527 81825 43296
Z3 : 219 476 1565955075399551 1565955075485278 85727 43288
Z3 : 220 477 1565955075485300 1565955075569885 84585 44324
Z3 : 221 478 1565955075569906 1565955075658230 88324 44400
Z3 : 222 479 1565955075658254 1565955075746009 87755 44516
Z3 : 223 480 1565955075746027 1565955075821192 75165 44337
Z3 : 224 481 1565955075821237 1565955075914219 92982 44253
Z3 : 225 482 1565955075914263 1565955076000849 86586 45400
Z3 : 226 483 1565955076000894 1565955076086635 85741 45319
Z3 : 227 484 1565955076086652 1565955076159589 72937 45139
Z3 : 228 485 1565955076159627 1565955076250636 91009 45219
Z3 : 229 486 1565955076250681 1565955076331557 80876 45296
Z3 : 230 487 1565955076331581 1565955076425742 94161 46423
Z3 : 231 488 1565955076425787 1565955076501483 75696 46313
Z3 : 232 489 1565955076501506 1565955076594538 93032 46225
Z3 : 233 490 1565955076594583 1565955076680631 86048 46362
Z3 : 234 491 1565955076680653 1565955076760452 79799 46357
Z3 : 235 492 1565955076760497 1565955076839830 79333 47316
Z3 : 236 493 1565955076839856 1565955076927681 87825 47372
Z3 : 237 494 1565955076927702 1565955077006188 78486 47087
Z3 : 238 495 1565955077006209 1565955077099589 93380 47424
Z3 : 239 496 1565955077099606 1565955077173567 73961 47357
Z3 : 240 497 1565955077173584 1565955077257980 84396 48425
Z3 : 241 498 1565955077258003 1565955077342355 84352 48198
Z3 : 242 499 1565955077342384 1565955077435802 93418 48403
Z3 : 243 500 1565955077435846 1565955077511710 75864 48303
Z3 : 244 501 1565955077511733 1565955077598889 87156 48172
Z3 : 245 502 1565955077598913 1565955077689701 90788 49384
Z3 : 246 503 1565955077689745 1565955077775566 85821 49395
Z3 : 247 504 1565955077775612 1565955077851009 75397 49188
Z3 : 248 505 1565955077851039 1565955077944996 93957 49523
Z3 : 249 506 1565955077945042 1565955078030082 85040 49261
Z3 : 250 507 1565955078030127 1565955078116645 86518 50353
Z3 : 251 508 1565955078116697 1565955078201810 85113 50418
Z3 : 252 509 1565955078201863 1565955078286793 84930 50275
Z3 : 253 510 1565955078286846 1565955078362619 75773 50416
Z3 : 254 511 1565955078362645 1565955078450304 87659 50112
Z3 : 255 512 1565955078450331 1565955078529542 79211 50198
Z3 : 256 513 1565955078529571 1565955078622832 93261 50531
Z3 : 257 514 1565955078622851 1565955078695941 73090 50180
Z3 : 258 515 1565955078695989 1565955078778603 82614 50198
Z3 : 259 516 1565955078778649 1565955078865645 86996 50303
Z3 : 260 517 1565955078865672 1565955078958135 92463 50225
Z3 : 261 518 1565955078958188 1565955079043695 85507 50272
Z3 : 262 519 1565955079043732 1565955079129251 85519 50389
Z3 : 263 520 1565955079129297 1565955079214871 85574 50283
Z3 : 264 521 1565955079214909 1565955079300947 86038 50373
Z3 : 265 522 1565955079301000 1565955079386197 85197 50356
Z3 : 266 523 1565955079386216 1565955079459523 73307 50291
Z3 : 267 524 1565955079459576 1565955079545717 86141 50442
Z3 : 268 525 1565955079545736 1565955079632875 87139 50304
Z3 : 269 526 1565955079632903 1565955079722864 89961 50398
Z3 : 270 527 1565955079722916 1565955079808375 85459 50555
Z3 : 271 528 1565955079808429 1565955079883891 75462 50303
Z3 : 272 529 1565955079883929 1565955079964963 81034 50306
Z3 : 273 530 1565955079964990 1565955080061395 96405 50412
Z3 : 274 531 1565955080061421 1565955080137724 76303 50423
Z3 : 275 532 1565955080137743 1565955080215824 78081 50347
Z3 : 276 533 1565955080215843 1565955080300101 84258 50324
Z3 : 277 534 1565955080300150 1565955080386190 86040 50221
Z3 : 278 535 1565955080386218 1565955080473565 87347 50322
Z3 : 279 536 1565955080473590 1565955080562040 88450 50416
Z3 : 280 537 1565955080562092 1565955080647958 85866 50368
Z3 : 281 538 1565955080647978 1565955080720701 72723 50323
Z3 : 282 539 1565955080720833 1565955080817770 96937 50417
Z3 : 283 540 1565955080817823 1565955080892690 74867 50306
Z3 : 284 541 1565955080892720 1565955080986292 93572 50233
Z3 : 285 542 1565955080986330 1565955081061755 75425 50415
Z3 : 286 543 1565955081061781 1565955081149329 87548 50307
Z3 : 287 544 1565955081149356 1565955081238468 89112 50282
Z3 : 288 545 1565955081238505 1565955081323936 85431 50374
Z3 : 289 546 1565955081323988 1565955081409744 85756 50309
Z3 : 290 547 1565955081409756 1565955081482188 72432 50149
Z3 : 291 548 1565955081482241 1565955081578770 96529 50445
Z3 : 292 549 1565955081578822 1565955081663768 84946 50289
Z3 : 293 550 1565955081663805 1565955081749473 85668 50356
Z3 : 294 551 1565955081749525 1565955081834959 85434 50258
Z3 : 295 552 1565955081834996 1565955081910303 75307 50112
Z3 : 296 553 1565955081910331 1565955082003970 93639 50381
Z3 : 297 554 1565955082003990 1565955082077137 73147 50322
Z3 : 298 555 1565955082077189 1565955082163120 85931 50193
Z3 : 299 556 1565955082163150 1565955082251203 88053 50173
Z3 : 300 557 1565955082251254 1565955082328857 77603 50314
Z3 : 301 558 1565955082328923 1565955082415006 86083 50181
Z3 : 302 559 1565955082415031 1565955082496660 81629 50193
Z3 : 303 560 1565955082496687 1565955082593028 96341 50240
Z3 : 304 561 1565955082593082 1565955082678270 85188 50218
Z3 : 305 562 1565955082678289 1565955082751039 72750 50189
Z3 : 306 563 1565955082751091 1565955082847026 95935 50270
Z3 : 307 564 1565955082847063 1565955082922339 75276 50116
Z3 : 308 565 1565955082922367 1565955083016708 94341 50381
Z3 : 309 566 1565955083016760 1565955083091901 75141 50318
Z3 : 310 567 1565955083091930 1565955083185777 93847 50347
Z3 : 311 568 1565955083185829 1565955083270736 84907 50277
Z3 : 312 569 1565955083270773 1565955083355807 85034 50282
Z3 : 313 570 1565955083355850 1565955083441212 85362 50286
Z3 : 314 571 1565955083441258 1565955083526552 85294 50293
Z3 : 315 572 1565955083526571 1565955083599431 72860 50307
Z3 : 316 573 1565955083599485 1565955083695614 96129 50366
Z3 : 317 574 1565955083695709 1565955083781003 85294 50427
Z3 : 318 575 1565955083781056 1565955083866675 85619 50289
Z3 : 319 576 1565955083866718 1565955083947658 80940 50339
Z3 : 320 577 1565955083947702 1565955084037277 89575 50420
Z3 : 321 578 1565955084037329 1565955084112518 75189 50313
Z3 : 322 579 1565955084112565 1565955084206332 93767 50286
Z3 : 323 580 1565955084206383 1565955084292087 85704 50436
Z3 : 324 581 1565955084292139 1565955084377998 85859 50539
Z3 : 325 582 1565955084378052 1565955084452786 74734 50283
Z3 : 326 583 1565955084452809 1565955084546772 93963 50297
Z3 : 327 584 1565955084546824 1565955084632355 85531 50283
Z3 : 328 585 1565955084632396 1565955084717833 85437 50285
Z3 : 329 586 1565955084717874 1565955084803123 85249 50277
Z3 : 330 587 1565955084803160 1565955084888426 85266 50342
Z3 : 331 588 1565955084888479 1565955084969384 80905 50354
Z3 : 332 589 1565955084969429 1565955085059017 89588 50279
Z3 : 333 590 1565955085059069 1565955085135037 75968 50174
Z3 : 334 591 1565955085135066 1565955085228777 93711 50517
Z3 : 335 592 1565955085228798 1565955085302387 73589 50151
Z3 : 336 593 1565955085302440 1565955085391917 89477 50315
Z3 : 337 594 1565955085391943 1565955085476131 84188 50350
Z3 : 338 595 1565955085476176 1565955085566496 90320 50260
Z3 : 339 596 1565955085566549 1565955085641701 75152 50309
Z3 : 340 597 1565955085641728 1565955085735526 93798 50393
Z3 : 341 598 1565955085735578 1565955085820105 84527 50404
Z3 : 342 599 1565955085820158 1565955085906090 85932 50230
Z3 : 343 600 1565955085906127 1565955085981119 74992 50271
Z3 : 344 601 1565955085981143 1565955086075073 93930 50277
Z3 : 345 602 1565955086075111 1565955086160355 85244 50209
Z3 : 346 603 1565955086160409 1565955086246495 86086 50301
Z3 : 347 604 1565955086246533 1565955086331565 85032 50161
Z3 : 348 605 1565955086331617 1565955086417424 85807 50359
Z3 : 349 606 1565955086417476 1565955086492079 74603 50385
Z3 : 350 607 1565955086492120 1565955086586069 93949 50307
Z3 : 351 608 1565955086586114 1565955086662373 76259 50426
Z3 : 352 609 1565955086662397 1565955086755207 92810 50180
Z3 : 353 610 1565955086755229 1565955086830610 75381 50235
Z3 : 354 611 1565955086830662 1565955086922749 92087 50283
Z3 : 355 612 1565955086922801 1565955086997251 74450 50246
Z3 : 356 613 1565955086997275 1565955087091913 94638 50284
Z3 : 357 614 1565955087091950 1565955087164791 72841 50314
Z3 : 358 615 1565955087164825 1565955087250653 85828 50197
Z3 : 359 616 1565955087250665 1565955087338406 87741 50182
Z3 : 360 617 1565955087338433 1565955087418246 79813 50110
Z3 : 361 618 1565955087418276 1565955087507785 89509 50340
Z3 : 362 619 1565955087507830 1565955087597209 89379 50393
Z3 : 363 620 1565955087597260 1565955087682362 85102 50243
Z3 : 364 621 1565955087682413 1565955087768232 85819 50439
Z3 : 365 622 1565955087768252 1565955087841404 73152 50334
Z3 : 366 623 1565955087841456 1565955087937397 95941 50506
Z3 : 367 624 1565955087937449 1565955088022451 85002 50260
Z3 : 368 625 1565955088022505 1565955088107717 85212 50329
Z3 : 369 626 1565955088107769 1565955088193403 85634 50290
Z3 : 370 627 1565955088193456 1565955088278903 85447 50595
Z3 : 371 628 1565955088279000 1565955088363847 84847 50400
Z3 : 372 629 1565955088363900 1565955088441302 77402 50430
