A : 1 1565947283347326 1565947283388458 41132
A : 2 1565947283388472 1565947283429379 40907
A : 3 1565947283429387 1565947283470253 40866
A : 4 1565947283470261 1565947283511185 40924
A : 5 1565947283511192 1565947283552097 40905
A : 6 1565947283552153 1565947283593455 41302
A : 7 1565947283593470 1565947283634534 41064
A : 8 1565947283634546 1565947283675897 41351
A : 9 1565947283675911 1565947283717439 41528
A : 10 1565947283717460 1565947283758707 41247
A : 11 1565947283758741 1565947283799822 41081
A : 12 1565947283799839 1565947283840972 41133
A : 13 1565947283841006 1565947283885228 44222
A : 14 1565947283885243 1565947283926385 41142
A : 15 1565947283926420 1565947283968899 42479
A : 16 1565947283968935 1565947284011492 42557
A : 17 1565947284011526 1565947284054017 42491
A : 18 1565947284054052 1565947284096535 42483
A : 19 1565947284096569 1565947284139051 42482
A : 20 1565947284139085 1565947284181494 42409
A : 21 1565947284181510 1565947284222540 41030
A : 22 1565947284222573 1565947284265067 42494
A : 23 1565947284265100 1565947284307595 42495
A : 24 1565947284307629 1565947284350116 42487
A : 25 1565947284350131 1565947284391097 40966
A : 26 1565947284391129 1565947284433410 42281
A : 27 1565947284433443 1565947284475887 42444
A : 28 1565947284475905 1565947284516894 40989
A : 29 1565947284516929 1565947284559444 42515
A : 30 1565947284559457 1565947284600403 40946
A : 31 1565947284600436 1565947284642300 41864
A : 32 1565947284642346 1565947284685064 42718
A : 33 1565947284685086 1565947284726132 41046
A : 34 1565947284726176 1565947284768964 42788
A : 35 1565947284769011 1565947284811578 42567
A : 36 1565947284811611 1565947284854107 42496
A : 37 1565947284854121 1565947284895525 41404
A : 38 1565947284895571 1565947284938130 42559
A : 39 1565947284938164 1565947284980653 42489
A : 40 1565947284980686 1565947285023192 42506
A : 41 1565947285023204 1565947285064161 40957
A : 42 1565947285064194 1565947285106719 42525
A : 43 1565947285106752 1565947285149183 42431
A : 44 1565947285149211 1565947285191721 42510
A : 45 1565947285191731 1565947285232749 41018
A : 46 1565947285232783 1565947285274822 42039
A : 47 1565947285274869 1565947285317522 42653
A : 48 1565947285317570 1565947285360164 42594
A : 49 1565947285360198 1565947285403258 43060
A : 50 1565947285403291 1565947285445754 42463
A : 51 1565947285445788 1565947285488302 42514
A : 52 1565947285488336 1565947285530827 42491
A : 53 1565947285530861 1565947285573329 42468
A : 54 1565947285573362 1565947285615913 42551
A : 55 1565947285615947 1565947285658457 42510
A : 56 1565947285658474 1565947285699474 41000
A : 57 1565947285699508 1565947285742032 42524
A : 58 1565947285742066 1565947285784598 42532
A : 59 1565947285784632 1565947285827111 42479
A : 60 1565947285827145 1565947285869648 42503
A : 61 1565947285869682 1565947285912683 43001
A : 62 1565947285912718 1565947285955218 42500
A : 63 1565947285955233 1565947285996134 40901
A : 64 1565947285996169 1565947286038672 42503
A : 65 1565947286038686 1565947286079517 40831
A : 66 1565947286079543 1565947286121436 41893
A : 67 1565947286121471 1565947286163991 42520
A : 68 1565947286164023 1565947286206509 42486
A : 69 1565947286206543 1565947286249044 42501
A : 70 1565947286249078 1565947286291605 42527
A : 71 1565947286291638 1565947286334122 42484
A : 72 1565947286334156 1565947286376633 42477
A : 73 1565947286376667 1565947286419714 43047
A : 74 1565947286419731 1565947286460732 41001
A : 75 1565947286460766 1565947286503260 42494
A : 76 1565947286503295 1565947286545767 42472
A : 77 1565947286545783 1565947286586758 40975
A : 78 1565947286586792 1565947286629270 42478
A : 79 1565947286629304 1565947286671749 42445
A : 80 1565947286671766 1565947286712764 40998
A : 81 1565947286712798 1565947286755379 42581
A : 82 1565947286755413 1565947286797908 42495
A : 83 1565947286797941 1565947286840620 42679
A : 84 1565947286840665 1565947286883349 42684
A : 85 1565947286883394 1565947286926472 43078
A : 86 1565947286926506 1565947286969053 42547
A : 87 1565947286969065 1565947287010077 41012
A : 88 1565947287010121 1565947287052766 42645
A : 89 1565947287052785 1565947287093882 41097
A : 90 1565947287093941 1565947287136618 42677
A : 91 1565947287136665 1565947287179307 42642
A : 92 1565947287179343 1565947287220681 41338
A : 93 1565947287220727 1565947287263303 42576
A : 94 1565947287263339 1565947287306108 42769
A : 95 1565947287306154 1565947287348546 42392
A : 96 1565947287348557 1565947287389516 40959
A : 97 1565947287389552 1565947287432638 43086
A : 98 1565947287432672 1565947287475189 42517
A : 99 1565947287475201 1565947287516181 40980
A : 100 1565947287516214 1565947287558752 42538
A : 101 1565947287558772 1565947287599976 41204
A : 102 1565947287600022 1565947287642553 42531
A : 103 1565947287642565 1565947287683717 41152
A : 104 1565947287683763 1565947287726352 42589
A : 105 1565947287726385 1565947287768956 42571
A : 106 1565947287769003 1565947287811592 42589
A : 107 1565947287811625 1565947287854115 42490
A : 108 1565947287854161 1565947287896446 42285
A : 109 1565947287896458 1565947287937695 41237
A : 110 1565947287937742 1565947287980443 42701
A : 111 1565947287980478 1565947288021796 41318
A : 112 1565947288021841 1565947288064661 42820
A : 113 1565947288064680 1565947288105875 41195
A : 114 1565947288105936 1565947288148718 42782
A : 115 1565947288148765 1565947288191328 42563
A : 116 1565947288191349 1565947288232616 41267
A : 117 1565947288232660 1565947288275523 42863
A : 118 1565947288275570 1565947288318156 42586
A : 119 1565947288318189 1565947288360677 42488
A : 120 1565947288360709 1565947288403271 42562
A : 121 1565947288403304 1565947288446292 42988
A : 122 1565947288446309 1565947288487218 40909
A : 123 1565947288487251 1565947288529723 42472
A : 124 1565947288529757 1565947288572279 42522
A : 125 1565947288572293 1565947288613255 40962
A : 126 1565947288613289 1565947288655847 42558
A : 127 1565947288655880 1565947288698387 42507
A : 128 1565947288698398 1565947288739425 41027
A : 129 1565947288739471 1565947288782167 42696
A : 130 1565947288782213 1565947288824965 42752
A : 131 1565947288825013 1565947288867777 42764
A : 132 1565947288867824 1565947288910438 42614
A : 133 1565947288910471 1565947288953468 42997
A : 134 1565947288953501 1565947288996028 42527
A : 135 1565947288996043 1565947289037007 40964
A : 136 1565947289037041 1565947289079567 42526
A : 137 1565947289079586 1565947289120856 41270
A : 138 1565947289120916 1565947289163466 42550
A : 139 1565947289163499 1565947289205952 42453
A : 140 1565947289205974 1565947289247123 41149
A : 141 1565947289247167 1565947289289623 42456
A : 142 1565947289289670 1565947289332461 42791
A : 143 1565947289332481 1565947289373744 41263
A : 144 1565947289373790 1565947289416372 42582
A : 145 1565947289416406 1565947289459428 43022
A : 146 1565947289459461 1565947289501935 42474
A : 147 1565947289501951 1565947289542819 40868
A : 148 1565947289542852 1565947289585323 42471
A : 149 1565947289585334 1565947289626471 41137
A : 150 1565947289626517 1565947289669208 42691
A : 151 1565947289669229 1565947289710429 41200
A : 152 1565947289710472 1565947289753145 42673
A : 153 1565947289753191 1565947289795760 42569
A : 154 1565947289795794 1565947289838321 42527
A : 155 1565947289838355 1565947289880866 42511
A : 156 1565947289880900 1565947289923348 42448
A : 157 1565947289923363 1565947289964466 41103
A : 158 1565947289964496 1565947290006771 42275
A : 159 1565947290006787 1565947290047727 40940
A : 160 1565947290047758 1565947290090283 42525
A : 161 1565947290090304 1565947290131527 41223
A : 162 1565947290131575 1565947290174115 42540
A : 163 1565947290174148 1565947290216772 42624
A : 164 1565947290216818 1565947290259379 42561
A : 165 1565947290259403 1565947290300775 41372
A : 166 1565947290300821 1565947290343526 42705
A : 167 1565947290343572 1565947290386079 42507
A : 168 1565947290386113 1565947290428645 42532
A : 169 1565947290428678 1565947290471734 43056
A : 170 1565947290471767 1565947290514246 42479
A : 171 1565947290514263 1565947290555234 40971
A : 172 1565947290555269 1565947290597948 42679
A : 173 1565947290598025 1565947290640732 42707
A : 174 1565947290640875 1565947290683729 42854
A : 175 1565947290683775 1565947290726259 42484
A : 176 1565947290726278 1565947290767322 41044
A : 177 1565947290767359 1565947290809520 42161
A : 178 1565947290809542 1565947290850557 41015
A : 179 1565947290850603 1565947290893268 42665
A : 180 1565947290893314 1565947290936089 42775
A : 181 1565947290936135 1565947290978764 42629
A : 182 1565947290978810 1565947291021537 42727
A : 183 1565947291021558 1565947291062770 41212
A : 184 1565947291062816 1565947291105584 42768
A : 185 1565947291105605 1565947291146694 41089
A : 186 1565947291146740 1565947291189446 42706
A : 187 1565947291189492 1565947291232282 42790
A : 188 1565947291232303 1565947291273450 41147
A : 189 1565947291273512 1565947291316337 42825
A : 190 1565947291316360 1565947291357493 41133
A : 191 1565947291357539 1565947291400056 42517
A : 192 1565947291400091 1565947291442891 42800
A : 193 1565947291442937 1565947291485598 42661
A : 194 1565947291485620 1565947291526726 41106
A : 195 1565947291526774 1565947291569497 42723
A : 196 1565947291569543 1565947291612359 42816
A : 197 1565947291612405 1565947291655099 42694
A : 198 1565947291655145 1565947291697693 42548
A : 199 1565947291697725 1565947291740245 42520
A : 200 1565947291740276 1565947291782772 42496
A : 201 1565947291782778 1565947291823410 40632
A : 202 1565947291823416 1565947291864067 40651
A : 203 1565947291864073 1565947291904715 40642
A : 204 1565947291904721 1565947291945597 40876
A : 205 1565947291945614 1565947291986691 41077
A : 206 1565947291986711 1565947292027690 40979
A : 207 1565947292027727 1565947292070199 42472
A : 208 1565947292070219 1565947292111130 40911
A : 209 1565947292111176 1565947292153895 42719
A : 210 1565947292153915 1565947292194712 40797
A : 211 1565947292194743 1565947292236380 41637
A : 212 1565947292236426 1565947292279002 42576
A : 213 1565947292279036 1565947292321554 42518
A : 214 1565947292321588 1565947292364256 42668
A : 215 1565947292364303 1565947292406975 42672
A : 216 1565947292407021 1565947292449721 42700
A : 217 1565947292449756 1565947292491076 41320
A : 218 1565947292491099 1565947292532300 41201
A : 219 1565947292532347 1565947292575106 42759
A : 220 1565947292575153 1565947292617701 42548
A : 221 1565947292617721 1565947292658771 41050
A : 222 1565947292658846 1565947292701470 42624
A : 223 1565947292701516 1565947292744029 42513
A : 224 1565947292744073 1565947292786654 42581
A : 225 1565947292786701 1565947292829340 42639
A : 226 1565947292829386 1565947292872010 42624
A : 227 1565947292872057 1565947292914594 42537
A : 228 1565947292914641 1565947292957287 42646
A : 229 1565947292957309 1565947292998402 41093
A : 230 1565947292998448 1565947293041179 42731
A : 231 1565947293041199 1565947293082188 40989
A : 232 1565947293082235 1565947293124902 42667
A : 233 1565947293124948 1565947293167706 42758
A : 234 1565947293167751 1565947293210226 42475
A : 235 1565947293210269 1565947293252922 42653
A : 236 1565947293252968 1565947293295490 42522
A : 237 1565947293295536 1565947293338190 42654
A : 238 1565947293338236 1565947293380871 42635
A : 239 1565947293380919 1565947293423542 42623
A : 240 1565947293423589 1565947293466147 42558
A : 241 1565947293466169 1565947293507255 41086
A : 242 1565947293507303 1565947293549891 42588
A : 243 1565947293549910 1565947293590841 40931
A : 244 1565947293590877 1565947293633105 42228
A : 245 1565947293633123 1565947293674211 41088
A : 246 1565947293674257 1565947293717002 42745
A : 247 1565947293717048 1565947293759683 42635
A : 248 1565947293759729 1565947293802469 42740
A : 249 1565947293802491 1565947293843599 41108
A : 250 1565947293843661 1565947293886455 42794
A : 251 1565947293886503 1565947293929155 42652
A : 252 1565947293929201 1565947293971852 42651
A : 253 1565947293971872 1565947294013077 41205
A : 254 1565947294013124 1565947294055761 42637
A : 255 1565947294055783 1565947294096820 41037
A : 256 1565947294096867 1565947294139758 42891
A : 257 1565947294139804 1565947294182342 42538
A : 258 1565947294182388 1565947294225016 42628
A : 259 1565947294225063 1565947294267960 42897
A : 260 1565947294268007 1565947294310627 42620
A : 261 1565947294310674 1565947294353283 42609
A : 262 1565947294353329 1565947294396056 42727
A : 263 1565947294396103 1565947294438909 42806
A : 264 1565947294438955 1565947294481590 42635
A : 265 1565947294481626 1565947294522910 41284
A : 266 1565947294522956 1565947294565609 42653
A : 267 1565947294565655 1565947294608371 42716
A : 268 1565947294608417 1565947294651165 42748
A : 269 1565947294651211 1565947294693841 42630
A : 270 1565947294693887 1565947294736558 42671
A : 271 1565947294736605 1565947294779130 42525
A : 272 1565947294779177 1565947294821873 42696
A : 273 1565947294821920 1565947294864490 42570
A : 274 1565947294864538 1565947294907177 42639
A : 275 1565947294907223 1565947294949757 42534
A : 276 1565947294949804 1565947294992354 42550
A : 277 1565947294992377 1565947295033649 41272
A : 278 1565947295033696 1565947295076322 42626
A : 279 1565947295076343 1565947295117390 41047
A : 280 1565947295117432 1565947295159836 42404
A : 281 1565947295159853 1565947295200898 41045
A : 282 1565947295200944 1565947295243630 42686
A : 283 1565947295243649 1565947295284542 40893
A : 284 1565947295284568 1565947295325897 41329
A : 285 1565947295325943 1565947295368634 42691
A : 286 1565947295368680 1565947295411471 42791
A : 287 1565947295411516 1565947295454171 42655
A : 288 1565947295454218 1565947295496717 42499
A : 289 1565947295496763 1565947295539943 43180
A : 290 1565947295539965 1565947295581029 41064
A : 291 1565947295581089 1565947295623777 42688
A : 292 1565947295623823 1565947295666346 42523
A : 293 1565947295666368 1565947295707403 41035
A : 294 1565947295707449 1565947295750073 42624
A : 295 1565947295750120 1565947295792595 42475
A : 296 1565947295792617 1565947295833716 41099
A : 297 1565947295833762 1565947295876303 42541
A : 298 1565947295876350 1565947295918869 42519
A : 299 1565947295918915 1565947295961489 42574
A : 300 1565947295961536 1565947296004209 42673
A : 301 1565947296004255 1565947296047334 43079
A : 302 1565947296047379 1565947296090017 42638
A : 303 1565947296090039 1565947296130925 40886
A : 304 1565947296130969 1565947296173640 42671
A : 305 1565947296173662 1565947296214573 40911
A : 306 1565947296214616 1565947296257269 42653
A : 307 1565947296257315 1565947296299928 42613
A : 308 1565947296299949 1565947296340980 41031
A : 309 1565947296341028 1565947296383606 42578
A : 310 1565947296383638 1565947296426104 42466
A : 311 1565947296426134 1565947296468652 42518
A : 312 1565947296468686 1565947296511188 42502
A : 313 1565947296511222 1565947296554262 43040
A : 314 1565947296554297 1565947296597008 42711
A : 315 1565947296597041 1565947296638247 41206
A : 316 1565947296638290 1565947296680679 42389
A : 317 1565947296680714 1565947296722000 41286
A : 318 1565947296722046 1565947296764738 42692
A : 319 1565947296764786 1565947296807455 42669
A : 320 1565947296807479 1565947296848644 41165
A : 321 1565947296848692 1565947296891396 42704
A : 322 1565947296891430 1565947296932403 40973
A : 323 1565947296932447 1565947296975127 42680
A : 324 1565947296975173 1565947297017823 42650
A : 325 1565947297017870 1565947297060743 42873
A : 326 1565947297060779 1565947297101795 41016
A : 327 1565947297101829 1565947297144455 42626
A : 328 1565947297144501 1565947297187232 42731
A : 329 1565947297187267 1565947297228530 41263
A : 330 1565947297228576 1565947297271332 42756
A : 331 1565947297271379 1565947297314032 42653
A : 332 1565947297314054 1565947297355113 41059
A : 333 1565947297355160 1565947297397686 42526
A : 334 1565947297397729 1565947297440334 42605
A : 335 1565947297440380 1565947297482928 42548
A : 336 1565947297482960 1565947297525451 42491
A : 337 1565947297525485 1565947297568700 43215
A : 338 1565947297568746 1565947297611417 42671
A : 339 1565947297611439 1565947297652602 41163
A : 340 1565947297652649 1565947297695422 42773
A : 341 1565947297695446 1565947297736760 41314
A : 342 1565947297736807 1565947297779354 42547
A : 343 1565947297779401 1565947297822089 42688
A : 344 1565947297822110 1565947297863001 40891
A : 345 1565947297863100 1565947297905726 42626
A : 346 1565947297905772 1565947297948547 42775
A : 347 1565947297948568 1565947297989750 41182
A : 348 1565947297989796 1565947298032560 42764
A : 349 1565947298032606 1565947298075648 43042
A : 350 1565947298075695 1565947298118345 42650
A : 351 1565947298118367 1565947298159305 40938
A : 352 1565947298159357 1565947298202070 42713
A : 353 1565947298202117 1565947298244876 42759
A : 354 1565947298244923 1565947298287671 42748
A : 355 1565947298287718 1565947298330187 42469
A : 356 1565947298330223 1565947298371150 40927
A : 357 1565947298371911 1565947298416238 44327
A : 358 1565947298760820 1565947298803330 42510
A : 359 1565947298803349 1565947298844609 41260
A : 360 1565947298844655 1565947298887204 42549
A : 361 1565947298887221 1565947298928186 40965
A : 362 1565947298928231 1565947298970811 42580
A : 363 1565947298970830 1565947299011861 41031
A : 364 1565947299011906 1565947299054370 42464
A : 365 1565947299054390 1565947299095416 41026
A : 366 1565947299095462 1565947299138128 42666
A : 367 1565947299138169 1565947299180780 42611
A : 368 1565947299180826 1565947299223459 42633
A : 369 1565947299223478 1565947299264531 41053
A : 370 1565947299264576 1565947299307120 42544
A : 371 1565947299307160 1565947299349678 42518
A : 372 1565947299349722 1565947299392223 42501
A : 373 1565947299392242 1565947299433312 41070
A : 374 1565947299433357 1565947299475931 42574
A : 375 1565947299475971 1565947299518503 42532
A : 376 1565947299518550 1565947299561143 42593
A : 377 1565947299561160 1565947299602195 41035
A : 378 1565947299602236 1565947299644752 42516
A : 379 1565947299644791 1565947299687490 42699
A : 380 1565947299687536 1565947299730054 42518
A : 381 1565947299730094 1565947299772842 42748
A : 382 1565947299772888 1565947299815462 42574
A : 383 1565947299815501 1565947299858156 42655
A : 384 1565947299858200 1565947299900818 42618
A : 385 1565947299900836 1565947299942050 41214
A : 386 1565947299942073 1565947299983041 40968
A : 387 1565947299983080 1565947300025646 42566
A : 388 1565947300025692 1565947300068388 42696
A : 389 1565947300068405 1565947300109424 41019
A : 390 1565947300109471 1565947300152210 42739
A : 391 1565947300152249 1565947300194874 42625
A : 392 1565947300194921 1565947300237618 42697
A : 393 1565947300237657 1565947300280231 42574
A : 394 1565947300280277 1565947300322884 42607
A : 395 1565947300322923 1565947300365433 42510
A : 396 1565947300365475 1565947300408208 42733
A : 397 1565947300408247 1565947300451439 43192
A : 398 1565947300451485 1565947300493978 42493
A : 399 1565947300494005 1565947300536556 42551
A : 400 1565947300536588 1565947300579079 42491
A : 401 1565947300579106 1565947300621620 42514
A : 402 1565947300621652 1565947300664238 42586
A : 403 1565947300664265 1565947300706802 42537
A : 404 1565947300706817 1565947300747723 40906
A : 405 1565947300747750 1565947300790308 42558
A : 406 1565947300790340 1565947300832647 42307
A : 407 1565947300832671 1565947300874797 42126
A : 408 1565947300874829 1565947300917341 42512
A : 409 1565947300917368 1565947300959920 42552
A : 410 1565947300959952 1565947301002520 42568
A : 411 1565947301002548 1565947301045029 42481
A : 412 1565947301045063 1565947301087569 42506
A : 413 1565947301087597 1565947301130128 42531
A : 414 1565947301130160 1565947301172657 42497
A : 415 1565947301172685 1565947301215290 42605
A : 416 1565947301215312 1565947301256246 40934
A : 417 1565947301256273 1565947301298827 42554
A : 418 1565947301298860 1565947301341354 42494
A : 419 1565947301341382 1565947301383901 42519
A : 420 1565947301383933 1565947301426454 42521
A : 421 1565947301426482 1565947301469711 43229
A : 422 1565947301469733 1565947301510790 41057
A : 423 1565947301510829 1565947301553351 42522
A : 424 1565947301553394 1565947301595893 42499
A : 425 1565947301595912 1565947301636899 40987
A : 426 1565947301636932 1565947301679512 42580
A : 427 1565947301679539 1565947301722063 42524
A : 428 1565947301722107 1565947301764590 42483
A : 429 1565947301764619 1565947301807273 42654
A : 430 1565947301807321 1565947301849994 42673
A : 431 1565947301850031 1565947301892703 42672
A : 432 1565947301892749 1565947301935440 42691
A : 433 1565947301935459 1565947301976753 41294
A : 434 1565947301976799 1565947302019605 42806
A : 435 1565947302019645 1565947302062207 42562
A : 436 1565947302062254 1565947302105030 42776
A : 437 1565947302105070 1565947302147638 42568
A : 438 1565947302147684 1565947302190435 42751
A : 439 1565947302190473 1565947302233059 42586
A : 440 1565947302233106 1565947302275633 42527
A : 441 1565947302275673 1565947302318483 42810
A : 442 1565947302318529 1565947302361174 42645
A : 443 1565947302361212 1565947302404309 43097
A : 444 1565947302404355 1565947302446884 42529
A : 445 1565947302446924 1565947302490155 43231
A : 446 1565947302490200 1565947302532824 42624
A : 447 1565947302532842 1565947302574021 41179
A : 448 1565947302574085 1565947302616658 42573
A : 449 1565947302616697 1565947302659442 42745
A : 450 1565947302659488 1565947302702142 42654
A : 451 1565947302702183 1565947302744931 42748
A : 452 1565947302744978 1565947302787792 42814
A : 453 1565947302787831 1565947302830413 42582
A : 454 1565947302830458 1565947302873193 42735
A : 455 1565947302873233 1565947302915759 42526
A : 456 1565947302915804 1565947302958473 42669
A : 457 1565947302958490 1565947302999683 41193
A : 458 1565947302999706 1565947303040973 41267
A : 459 1565947303041013 1565947303083719 42706
A : 460 1565947303083765 1565947303126460 42695
A : 461 1565947303126498 1565947303169142 42644
A : 462 1565947303169189 1565947303211907 42718
A : 463 1565947303211947 1565947303255075 43128
A : 464 1565947303255122 1565947303297580 42458
A : 465 1565947303297618 1565947303340358 42740
A : 466 1565947303340404 1565947303383061 42657
A : 467 1565947303383101 1565947303425629 42528
A : 468 1565947303425676 1565947303468322 42646
A : 469 1565947303468355 1565947303509721 41366
A : 470 1565947303509767 1565947303552540 42773
A : 471 1565947303552572 1565947303593787 41215
A : 472 1565947303593834 1565947303636534 42700
A : 473 1565947303636572 1565947303679114 42542
A : 474 1565947303679170 1565947303722242 43072
A : 475 1565947303722280 1565947303764763 42483
A : 476 1565947303764787 1565947303806511 41724
A : 477 1565947303806533 1565947303847656 41123
A : 478 1565947303847708 1565947303890755 43047
A : 479 1565947303890794 1565947303933406 42612
A : 480 1565947303933452 1565947303976141 42689
A : 481 1565947303976159 1565947304017390 41231
A : 482 1565947304017436 1565947304060209 42773
A : 483 1565947304060225 1565947304101086 40861
A : 484 1565947304101111 1565947304142507 41396
A : 485 1565947304142547 1565947304185207 42660
A : 486 1565947304185227 1565947304226123 40896
A : 487 1565947304226160 1565947304268857 42697
A : 488 1565947304268880 1565947304310042 41162
A : 489 1565947304310083 1565947304352768 42685
A : 490 1565947304352815 1565947304395610 42795
A : 491 1565947304395648 1565947304438356 42708
A : 492 1565947304438402 1565947304480934 42532
A : 493 1565947304480951 1565947304522144 41193
A : 494 1565947304522206 1565947304564750 42544
A : 495 1565947304564769 1565947304605859 41090
A : 496 1565947304605905 1565947304648468 42563
A : 497 1565947304648506 1565947304691027 42521
A : 498 1565947304691074 1565947304733716 42642
A : 499 1565947304733757 1565947304776390 42633
A : 500 1565947304776437 1565947304819073 42636
A : 501 1565947304819111 1565947304861786 42675
A : 502 1565947304861832 1565947304904642 42810
A : 503 1565947304904681 1565947304947219 42538
A : 504 1565947304947267 1565947304989941 42674
A : 505 1565947304989968 1565947305031057 41089
A : 506 1565947305031079 1565947305072216 41137
A : 507 1565947305072253 1565947305114574 42321
A : 508 1565947305114619 1565947305157262 42643
A : 509 1565947305157301 1565947305199977 42676
A : 510 1565947305200023 1565947305242665 42642
A : 511 1565947305242704 1565947305285341 42637
A : 512 1565947305285389 1565947305328193 42804
A : 513 1565947305328233 1565947305371048 42815
A : 514 1565947305371095 1565947305413607 42512
A : 515 1565947305413646 1565947305456414 42768
A : 516 1565947305456557 1565947305499241 42684
A : 517 1565947305499260 1565947305540639 41379
A : 518 1565947305540686 1565947305583322 42636
A : 519 1565947305583340 1565947305624419 41079
A : 520 1565947305624465 1565947305667161 42696
A : 521 1565947305667199 1565947305709919 42720
A : 522 1565947305709990 1565947305752626 42636
A : 523 1565947305752666 1565947305795201 42535
A : 524 1565947305795249 1565947305837991 42742
A : 525 1565947305838031 1565947305880402 42371
A : 526 1565947305880425 1565947305921551 41126
A : 527 1565947305921589 1565947305964070 42481
A : 528 1565947305964115 1565947306006886 42771
A : 529 1565947306006903 1565947306047959 41056
A : 530 1565947306048004 1565947306090549 42545
A : 531 1565947306090568 1565947306131493 40925
A : 532 1565947306131537 1565947306174188 42651
A : 533 1565947306174228 1565947306216870 42642
A : 534 1565947306216893 1565947306258193 41300
A : 535 1565947306258207 1565947306298872 40665
A : 536 1565947306298896 1565947306340107 41211
A : 537 1565947306340146 1565947306382680 42534
A : 538 1565947306382715 1565947306425352 42637
A : 539 1565947306425392 1565947306468086 42694
A : 540 1565947306468132 1565947306510672 42540
A : 541 1565947306510691 1565947306552133 41442
A : 542 1565947306552178 1565947306594715 42537
A : 543 1565947306594736 1565947306636117 41381
A : 544 1565947306636164 1565947306678761 42597
A : 545 1565947306678800 1565947306721511 42711
A : 546 1565947306721557 1565947306764207 42650
A : 547 1565947306764246 1565947306806991 42745
A : 548 1565947306807037 1565947306849564 42527
A : 549 1565947306849604 1565947306892137 42533
A : 550 1565947306892183 1565947306934726 42543
A : 551 1565947306934764 1565947306977417 42653
A : 552 1565947306977465 1565947307020150 42685
A : 553 1565947307020190 1565947307063275 43085
A : 554 1565947307063322 1565947307106053 42731
A : 555 1565947307106091 1565947307148556 42465
A : 556 1565947307148601 1565947307191289 42688
A : 557 1565947307191328 1565947307233955 42627
A : 558 1565947307234032 1565947307276697 42665
A : 559 1565947307276737 1565947307319390 42653
A : 560 1565947307319411 1565947307360566 41155
A : 561 1565947307360606 1565947307403278 42672
A : 562 1565947307403324 1565947307445834 42510
A : 563 1565947307445873 1565947307488574 42701
A : 564 1565947307488620 1565947307531196 42576
A : 565 1565947307531215 1565947307572368 41153
A : 566 1565947307572401 1565947307614940 42539
A : 567 1565947307614978 1565947307657679 42701
A : 568 1565947307657725 1565947307700327 42602
A : 569 1565947307700364 1565947307743081 42717
A : 570 1565947307743128 1565947307785781 42653
A : 571 1565947307785821 1565947307828477 42656
A : 572 1565947307828523 1565947307871129 42606
A : 573 1565947307871159 1565947307913680 42521
A : 574 1565947307913727 1565947307956486 42759
A : 575 1565947307956526 1565947307999152 42626
A : 576 1565947307999198 1565947308041891 42693
A : 577 1565947308041908 1565947308083148 41240
A : 578 1565947308083195 1565947308125662 42467
A : 579 1565947308125680 1565947308166718 41038
A : 580 1565947308166765 1565947308209383 42618
A : 581 1565947308209421 1565947308252107 42686
A : 582 1565947308252139 1565947308293164 41025
A : 583 1565947308293193 1565947308335039 41846
A : 584 1565947308335085 1565947308377820 42735
A : 585 1565947308377860 1565947308420581 42721
A : 586 1565947308420627 1565947308463167 42540
A : 587 1565947308463206 1565947308505846 42640
A : 588 1565947308505893 1565947308548435 42542
A : 589 1565947308548470 1565947308591539 43069
A : 590 1565947308591562 1565947308632557 40995
A : 591 1565947308632595 1565947308675237 42642
A : 592 1565947308675298 1565947308717975 42677
A : 593 1565947308717993 1565947308759210 41217
A : 594 1565947308759256 1565947308801900 42644
A : 595 1565947308801939 1565947308844692 42753
A : 596 1565947308844714 1565947308885802 41088
A : 597 1565947308885842 1565947308928585 42743
A : 598 1565947308928632 1565947308971259 42627
A : 599 1565947308971295 1565947309013756 42461
A : 600 1565947309013800 1565947309056505 42705
A : 601 1565947309056544 1565947309099700 43156
A : 602 1565947309099746 1565947309142254 42508
A : 603 1565947309142291 1565947309184898 42607
A : 604 1565947309184944 1565947309227630 42686
A : 605 1565947309227670 1565947309270190 42520
A : 606 1565947309270236 1565947309312744 42508
A : 607 1565947309312784 1565947309355568 42784
A : 608 1565947309355614 1565947309398105 42491
A : 609 1565947309398143 1565947309440766 42623
A : 610 1565947309440814 1565947309483461 42647
A : 611 1565947309483500 1565947309526168 42668
A : 612 1565947309526212 1565947309568869 42657
A : 613 1565947309568887 1565947309610274 41387
A : 614 1565947309610296 1565947309651452 41156
A : 615 1565947309651491 1565947309694228 42737
A : 616 1565947309694275 1565947309736924 42649
A : 617 1565947309736962 1565947309779558 42596
A : 618 1565947309779607 1565947309822415 42808
A : 619 1565947309822455 1565947309864955 42500
A : 620 1565947309865000 1565947309907744 42744
A : 621 1565947309907783 1565947309950361 42578
A : 622 1565947309950408 1565947309993111 42703
A : 623 1565947309993151 1565947310035820 42669
A : 624 1565947310035866 1565947310078369 42503
A : 625 1565947310078387 1565947310119632 41245
A : 626 1565947310119678 1565947310162193 42515
A : 627 1565947310162212 1565947310203394 41182
A : 628 1565947310203440 1565947310245944 42504
A : 629 1565947310246017 1565947310288667 42650
A : 630 1565947310288714 1565947310331294 42580
A : 631 1565947310331332 1565947310374059 42727
A : 632 1565947310374103 1565947310416646 42543
A : 633 1565947310416685 1565947310459357 42672
A : 634 1565947310459404 1565947310502041 42637
A : 635 1565947310502079 1565947310544790 42711
A : 636 1565947310544836 1565947310587482 42646
A : 637 1565947310587522 1565947310630594 43072
A : 638 1565947310630615 1565947310671534 40919
A : 639 1565947310671564 1565947310714038 42474
A : 640 1565947310714085 1565947310756704 42619
A : 641 1565947310756722 1565947310797652 40930
A : 642 1565947310797698 1565947310840463 42765
A : 643 1565947310840502 1565947310883153 42651
A : 644 1565947310883176 1565947310924448 41272
A : 645 1565947310924486 1565947310967055 42569
A : 646 1565947310967076 1565947311008173 41097
A : 647 1565947311008213 1565947311050919 42706
A : 648 1565947311050941 1565947311092007 41066
A : 649 1565947311092048 1565947311134651 42603
A : 650 1565947311134673 1565947311175671 40998
A : 651 1565947311175711 1565947311218317 42606
A : 652 1565947311218364 1565947311260987 42623
A : 653 1565947311261027 1565947311303738 42711
A : 654 1565947311303783 1565947311346329 42546
A : 655 1565947311346369 1565947311389141 42772
A : 656 1565947311389187 1565947311431747 42560
A : 657 1565947311431785 1565947311474437 42652
A : 658 1565947311474484 1565947311517149 42665
A : 659 1565947311517188 1565947311559832 42644
A : 660 1565947311559879 1565947311602465 42586
A : 661 1565947311602485 1565947311643805 41320
A : 662 1565947311643852 1565947311686574 42722
A : 663 1565947311686593 1565947311727826 41233
A : 664 1565947311727872 1565947311770644 42772
A : 665 1565947311770684 1565947311813233 42549
A : 666 1565947311813278 1565947311855930 42652
A : 667 1565947311855970 1565947311898623 42653
A : 668 1565947311898669 1565947311941391 42722
A : 669 1565947311941430 1565947311984148 42718
A : 670 1565947311984170 1565947312025400 41230
A : 671 1565947312025436 1565947312068003 42567
A : 672 1565947312068050 1565947312110717 42667
A : 673 1565947312110734 1565947312151922 41188
A : 674 1565947312151958 1565947312193859 41901
A : 675 1565947312193879 1565947312235010 41131
A : 676 1565947312235056 1565947312277841 42785
A : 677 1565947312277855 1565947312318652 40797
A : 678 1565947312318679 1565947312360186 41507
A : 679 1565947312360224 1565947312402855 42631
A : 680 1565947312402876 1565947312443915 41039
A : 681 1565947312443951 1565947312486337 42386
A : 682 1565947312486384 1565947312528917 42533
A : 683 1565947312528957 1565947312571682 42725
A : 684 1565947312571728 1565947312614244 42516
A : 685 1565947312614263 1565947312655639 41376
A : 686 1565947312655686 1565947312698296 42610
A : 687 1565947312698349 1565947312739478 41129
A : 688 1565947312739524 1565947312782024 42500
A : 689 1565947312782062 1565947312824695 42633
A : 690 1565947312824741 1565947312867173 42432
A : 691 1565947312867193 1565947312908457 41264
A : 692 1565947312908503 1565947312951145 42642
A : 693 1565947312951184 1565947312993881 42697
A : 694 1565947312993927 1565947313036623 42696
A : 695 1565947313036663 1565947313079216 42553
A : 696 1565947313079249 1565947313121999 42750
A : 697 1565947313122039 1565947313165050 43011
A : 698 1565947313165082 1565947313207876 42794
A : 699 1565947313207916 1565947313250530 42614
A : 700 1565947313250576 1565947313293248 42672
A : 701 1565947313293288 1565947313335999 42711
A : 702 1565947313336046 1565947313378820 42774
A : 703 1565947313378861 1565947313421603 42742
A : 704 1565947313421649 1565947313464206 42557
A : 705 1565947313464245 1565947313506841 42596
A : 706 1565947313506887 1565947313549436 42549
A : 707 1565947313549475 1565947313592105 42630
A : 708 1565947313592150 1565947313634748 42598
A : 709 1565947313634766 1565947313676058 41292
A : 710 1565947313676082 1565947313717208 41126
A : 711 1565947313717248 1565947313759965 42717
A : 712 1565947313759983 1565947313800879 40896
A : 713 1565947313800922 1565947313842764 41842
A : 714 1565947313842786 1565947313883887 41101
A : 715 1565947313883926 1565947313926648 42722
A : 716 1565947313926695 1565947313969354 42659
A : 717 1565947313969394 1565947314012070 42676
A : 718 1565947314012118 1565947314054732 42614
A : 719 1565947314054762 1565947314097249 42487
A : 720 1565947314097298 1565947314139989 42691
A : 721 1565947314140007 1565947314181085 41078
A : 722 1565947314181127 1565947314223453 42326
A : 723 1565947314223483 1565947314265983 42500
A : 724 1565947314266026 1565947314308763 42737
A : 725 1565947314308802 1565947314351491 42689
A : 726 1565947314351537 1565947314394171 42634
A : 727 1565947314394210 1565947314436886 42676
A : 728 1565947314436933 1565947314479459 42526
A : 729 1565947314479497 1565947314522278 42781
A : 730 1565947314522323 1565947314564867 42544
A : 731 1565947314564907 1565947314607602 42695
A : 732 1565947314607647 1565947314649938 42291
A : 733 1565947314650029 1565947314693133 43104
A : 734 1565947314693156 1565947314734195 41039
A : 735 1565947314734231 1565947314776601 42370
A : 736 1565947314776647 1565947314819341 42694
A : 737 1565947314819360 1565947314860532 41172
A : 738 1565947314860578 1565947314903341 42763
A : 739 1565947314903381 1565947314945893 42512
A : 740 1565947314945940 1565947314988798 42858
A : 741 1565947314988837 1565947315031366 42529
A : 742 1565947315031412 1565947315074065 42653
A : 743 1565947315074105 1565947315116630 42525
A : 744 1565947315116674 1565947315159021 42347
A : 745 1565947315159039 1565947315200253 41214
A : 746 1565947315200299 1565947315242905 42606
A : 747 1565947315242944 1565947315285729 42785
A : 748 1565947315285776 1565947315328527 42751
A : 749 1565947315328567 1565947315371267 42700
A : 750 1565947315371314 1565947315413797 42483
A : 751 1565947315413836 1565947315456602 42766
A : 752 1565947315456648 1565947315499181 42533
A : 753 1565947315499219 1565947315541983 42764
A : 754 1565947315542031 1565947315584661 42630
A : 755 1565947315584700 1565947315627519 42819
A : 756 1565947315627555 1565947315668742 41187
A : 757 1565947315668796 1565947315712040 43244
A : 758 1565947315712087 1565947315754789 42702
A : 759 1565947315754807 1565947315795731 40924
A : 760 1565947315795777 1565947315838302 42525
A : 761 1565947315838343 1565947315880863 42520
A : 762 1565947315880910 1565947315923592 42682
A : 763 1565947315923632 1565947315966130 42498
A : 764 1565947315966175 1565947316008698 42523
A : 765 1565947316008738 1565947316051248 42510
A : 766 1565947316051284 1565947316094012 42728
A : 767 1565947316094051 1565947316136733 42682
A : 768 1565947316136779 1565947316179348 42569
A : 769 1565947316179367 1565947316220648 41281
A : 770 1565947316220694 1565947316263275 42581
A : 771 1565947316263316 1565947316306070 42754
A : 772 1565947316306113 1565947316348611 42498
A : 773 1565947316348650 1565947316391386 42736
A : 774 1565947316391433 1565947316434115 42682
A : 775 1565947316434155 1565947316476688 42533
A : 776 1565947316476720 1565947316519367 42647
A : 777 1565947316519406 1565947316562175 42769
A : 778 1565947316562224 1565947316605063 42839
A : 779 1565947316605103 1565947316647643 42540
A : 780 1565947316647689 1565947316690469 42780
A : 781 1565947316690508 1565947316733648 43140
A : 782 1565947316733685 1565947316774967 41282
A : 783 1565947316775006 1565947316817531 42525
A : 784 1565947316817546 1565947316858792 41246
A : 785 1565947316858831 1565947316901492 42661
A : 786 1565947316901523 1565947316942199 40676
A : 787 1565947316942222 1565947316983541 41319
A : 788 1565947316983587 1565947317026285 42698
A : 789 1565947317026325 1565947317068989 42664
A : 790 1565947317069036 1565947317111804 42768
A : 791 1565947317111844 1565947317154709 42865
A : 792 1565947317154755 1565947317197268 42513
A : 793 1565947317197287 1565947317238654 41367
A : 794 1565947317238700 1565947317281250 42550
A : 795 1565947317281267 1565947317322195 40928
A : 796 1565947317322242 1565947317364771 42529
A : 797 1565947317364800 1565947317407414 42614
A : 798 1565947317407460 1565947317450096 42636
A : 799 1565947317450136 1565947317492736 42600
A : 800 1565947317492783 1565947317535436 42653
A : 801 1565947317535475 1565947317577987 42512
A : 802 1565947317578032 1565947317620730 42698
A : 803 1565947317620769 1565947317663312 42543
A : 804 1565947317663333 1565947317704487 41154
A : 805 1565947317704524 1565947317747368 42844
A : 806 1565947317747415 1565947317790089 42674
A : 807 1565947317790127 1565947317832772 42645
A : 808 1565947317832789 1565947317873699 40910
A : 809 1565947317873726 1565947317915226 41500
A : 810 1565947317915261 1565947317957998 42737
A : 811 1565947317958038 1565947318000721 42683
A : 812 1565947318000767 1565947318043437 42670
A : 813 1565947318043477 1565947318085989 42512
A : 814 1565947318086036 1565947318128811 42775
A : 815 1565947318128852 1565947318171673 42821
A : 816 1565947318171720 1565947318214187 42467
A : 817 1565947318214206 1565947318255554 41348
A : 818 1565947318255601 1565947318298099 42498
A : 819 1565947318298119 1565947318339307 41188
A : 820 1565947318339354 1565947318381905 42551
A : 821 1565947318381934 1565947318424550 42616
A : 822 1565947318424596 1565947318467269 42673
A : 823 1565947318467309 1565947318509937 42628
A : 824 1565947318510015 1565947318552638 42623
A : 825 1565947318552677 1565947318595383 42706
A : 826 1565947318595432 1565947318638183 42751
A : 827 1565947318638220 1565947318680722 42502
A : 828 1565947318680767 1565947318723574 42807
A : 829 1565947318723592 1565947318764661 41069
A : 830 1565947318764693 1565947318807497 42804
A : 831 1565947318807512 1565947318848224 40712
A : 832 1565947318848249 1565947318889671 41422
A : 833 1565947318889710 1565947318932330 42620
A : 834 1565947318932377 1565947318975035 42658
A : 835 1565947318975074 1565947319017779 42705
A : 836 1565947319017827 1565947319060527 42700
A : 837 1565947319060567 1565947319103105 42538
A : 838 1565947319103151 1565947319146131 42980
A : 839 1565947319146169 1565947319188916 42747
A : 840 1565947319188962 1565947319231619 42657
A : 841 1565947319231638 1565947319272802 41164
A : 842 1565947319272849 1565947319315439 42590
A : 843 1565947319315457 1565947319356522 41065
A : 844 1565947319356566 1565947319399216 42650
A : 845 1565947319399256 1565947319442014 42758
A : 846 1565947319442061 1565947319484742 42681
A : 847 1565947319484781 1565947319527580 42799
A : 848 1565947319527598 1565947319568447 40849
A : 849 1565947319568466 1565947319609601 41135
A : 850 1565947319609648 1565947319652331 42683
A : 851 1565947319652371 1565947319695001 42630
A : 852 1565947319695048 1565947319737881 42833
A : 853 1565947319737898 1565947319778891 40993
A : 854 1565947319778920 1565947319821405 42485
A : 855 1565947319821444 1565947319864010 42566
A : 856 1565947319864024 1565947319905262 41238
A : 857 1565947319905302 1565947319947823 42521
A : 858 1565947319947953 1565947319990730 42777
A : 859 1565947319990770 1565947320033405 42635
A : 860 1565947320033427 1565947320074696 41269
A : 861 1565947320074735 1565947320117368 42633
A : 862 1565947320117415 1565947320160093 42678
A : 863 1565947320160132 1565947320202725 42593
A : 864 1565947320202770 1565947320244995 42225
A : 865 1565947320245014 1565947320286273 41259
A : 866 1565947320286317 1565947320328795 42478
A : 867 1565947320328810 1565947320369708 40898
A : 868 1565947320369733 1565947320410991 41258
A : 869 1565947320411031 1565947320453701 42670
A : 870 1565947320453746 1565947320496249 42503
A : 871 1565947320496277 1565947320539004 42727
A : 872 1565947320539038 1565947320579996 40958
A : 873 1565947320580035 1565947320622643 42608
A : 874 1565947320622690 1565947320665232 42542
A : 875 1565947320665260 1565947320708085 42825
A : 876 1565947320708129 1565947320750533 42404
A : 877 1565947320750565 1565947320792020 41455
A : 878 1565947320792067 1565947320834658 42591
A : 879 1565947320834697 1565947320877469 42772
A : 880 1565947320877516 1565947320920209 42693
A : 881 1565947320920249 1565947320962735 42486
A : 882 1565947320962756 1565947321003822 41066
A : 883 1565947321003859 1565947321046176 42317
A : 884 1565947321046193 1565947321087030 40837
A : 885 1565947321087068 1565947321128744 41676
A : 886 1565947321128791 1565947321171496 42705
A : 887 1565947321171536 1565947321214058 42522
A : 888 1565947321214103 1565947321256803 42700
A : 889 1565947321256822 1565947321297894 41072
A : 890 1565947321297940 1565947321340695 42755
A : 891 1565947321340735 1565947321383410 42675
A : 892 1565947321383430 1565947321424500 41070
A : 893 1565947321424548 1565947321466826 42278
A : 894 1565947321466872 1565947321509551 42679
A : 895 1565947321509590 1565947321552396 42806
A : 896 1565947321552443 1565947321595010 42567
A : 897 1565947321595050 1565947321637757 42707
A : 898 1565947321637780 1565947321678853 41073
A : 899 1565947321678894 1565947321721705 42811
A : 900 1565947321721751 1565947321764286 42535
A : 901 1565947321764304 1565947321805490 41186
A : 902 1565947321805537 1565947321848088 42551
A : 903 1565947321848126 1565947321890689 42563
A : 904 1565947321890711 1565947321931621 40910
A : 905 1565947321931659 1565947321974207 42548
A : 906 1565947321974225 1565947322014954 40729
A : 907 1565947322014978 1565947322056193 41215
A : 908 1565947322056227 1565947322098778 42551
A : 909 1565947322098808 1565947322141426 42618
A : 910 1565947322141472 1565947322184143 42671
A : 911 1565947322184182 1565947322226853 42671
A : 912 1565947322226899 1565947322269646 42747
A : 913 1565947322269686 1565947322312522 42836
A : 914 1565947322312547 1565947322353818 41271
A : 915 1565947322353858 1565947322396343 42485
A : 916 1565947322396383 1565947322439205 42822
A : 917 1565947322439244 1565947322481768 42524
A : 918 1565947322481803 1565947322524527 42724
A : 919 1565947322524566 1565947322567134 42568
A : 920 1565947322567180 1565947322609793 42613
A : 921 1565947322609832 1565947322652634 42802
A : 922 1565947322652681 1565947322695258 42577
A : 923 1565947322695304 1565947322738182 42878
A : 924 1565947322738227 1565947322780719 42492
A : 925 1565947322780737 1565947322821924 41187
A : 926 1565947322822000 1565947322864488 42488
A : 927 1565947322864526 1565947322907322 42796
A : 928 1565947322907342 1565947322948304 40962
A : 929 1565947322948343 1565947322991001 42658
A : 930 1565947322991019 1565947323031802 40783
A : 931 1565947323031823 1565947323073041 41218
A : 932 1565947323073087 1565947323115750 42663
A : 933 1565947323115789 1565947323158583 42794
A : 934 1565947323158630 1565947323201267 42637
A : 935 1565947323201306 1565947323244032 42726
A : 936 1565947323244078 1565947323286959 42881
A : 937 1565947323286977 1565947323328285 41308
A : 938 1565947323328331 1565947323371469 43138
A : 939 1565947323371508 1565947323414046 42538
A : 940 1565947323414066 1565947323455194 41128
A : 941 1565947323455233 1565947323497726 42493
A : 942 1565947323497762 1565947323540518 42756
A : 943 1565947323540557 1565947323583068 42511
A : 944 1565947323583104 1565947323625616 42512
A : 945 1565947323625655 1565947323668357 42702
A : 946 1565947323668403 1565947323711079 42676
A : 947 1565947323711118 1565947323754139 43021
A : 948 1565947323754158 1565947323795184 41026
A : 949 1565947323795221 1565947323838201 42980
A : 950 1565947323838248 1565947323880794 42546
A : 951 1565947323880835 1565947323923462 42627
A : 952 1565947323923507 1565947323966064 42557
A : 953 1565947323966103 1565947324008623 42520
A : 954 1565947324008669 1565947324051242 42573
A : 955 1565947324051281 1565947324093924 42643
A : 956 1565947324094000 1565947324136654 42654
A : 957 1565947324136694 1565947324179662 42968
A : 958 1565947324179708 1565947324222422 42714
A : 959 1565947324222461 1565947324264985 42524
A : 960 1565947324265006 1565947324306146 41140
A : 961 1565947324306183 1565947324349154 42971
A : 962 1565947324349199 1565947324391991 42792
A : 963 1565947324392029 1565947324434583 42554
A : 964 1565947324434604 1565947324475530 40926
A : 965 1565947324475569 1565947324518187 42618
A : 966 1565947324518233 1565947324560917 42684
A : 967 1565947324560957 1565947324603681 42724
A : 968 1565947324603728 1565947324646281 42553
A : 969 1565947324646320 1565947324688940 42620
A : 970 1565947324688986 1565947324731516 42530
A : 971 1565947324731537 1565947324772706 41169
A : 972 1565947324772723 1565947324813468 40745
A : 973 1565947324813499 1565947324855630 42131
A : 974 1565947324855676 1565947324898238 42562
A : 975 1565947324898277 1565947324940915 42638
A : 976 1565947324940937 1565947324981878 40941
A : 977 1565947324981916 1565947325024653 42737
A : 978 1565947325024700 1565947325067355 42655
A : 979 1565947325067394 1565947325109979 42585
A : 980 1565947325110029 1565947325152513 42484
A : 981 1565947325152542 1565947325195189 42647
A : 982 1565947325195236 1565947325238073 42837
A : 983 1565947325238110 1565947325280609 42499
A : 984 1565947325280631 1565947325321849 41218
A : 985 1565947325321888 1565947325364916 43028
A : 986 1565947325364938 1565947325406148 41210
A : 987 1565947325406187 1565947325448671 42484
A : 988 1565947325448717 1565947325491353 42636
A : 989 1565947325491392 1565947325534016 42624
A : 990 1565947325534063 1565947325576735 42672
A : 991 1565947325576774 1565947325619415 42641
A : 992 1565947325619461 1565947325661952 42491
A : 993 1565947325662047 1565947325704698 42651
A : 994 1565947325704744 1565947325747251 42507
A : 995 1565947325747289 1565947325789912 42623
A : 996 1565947325789981 1565947325832436 42455
A : 997 1565947325832475 1565947325875121 42646
A : 998 1565947325875171 1565947325917745 42574
A : 999 1565947325917784 1565947325960382 42598
A : 1000 1565947325960428 1565947326004015 43587
A : 1001 1565947326004054 1565947326044539 40485
I : 1 1565947283347564 1565947283428189 80625
I : 2 1565947283428202 1565947283469114 40912
I : 3 1565947283469127 1565947283509916 40789
I : 4 1565947283509930 1565947283550614 40684
I : 5 1565947283550644 1565947283592270 41626
I : 6 1565947283592285 1565947283633488 41203
I : 7 1565947283633506 1565947283674396 40890
I : 8 1565947283674416 1565947283715744 41328
I : 9 1565947283715769 1565947283757048 41279
I : 10 1565947283757088 1565947283799153 42065
I : 11 1565947283799174 1565947283840704 41530
I : 12 1565947283840743 1565947283883436 42693
I : 13 1565947283883457 1565947283924980 41523
I : 14 1565947283925020 1565947283967819 42799
I : 15 1565947283967861 1565947284009896 42035
I : 16 1565947284009935 1565947284052175 42240
I : 17 1565947284052215 1565947284094718 42503
I : 18 1565947284094757 1565947284136783 42026
I : 19 1565947284136822 1565947284179621 42799
I : 20 1565947284179639 1565947284221089 41450
I : 21 1565947284221129 1565947284263248 42119
I : 22 1565947284263289 1565947284305312 42023
I : 23 1565947284305351 1565947284348410 43059
I : 24 1565947284348425 1565947284389525 41100
I : 25 1565947284389562 1565947284432097 42535
I : 26 1565947284432137 1565947284474689 42552
I : 27 1565947284474708 1565947284516206 41498
I : 28 1565947284516245 1565947284558877 42632
I : 29 1565947284558895 1565947284600409 41514
I : 30 1565947284600435 1565947284642491 42056
I : 31 1565947284642520 1565947284685109 42589
I : 32 1565947284685118 1565947284726731 41613
I : 33 1565947284726759 1565947284768998 42239
I : 34 1565947284769028 1565947284811264 42236
I : 35 1565947284811304 1565947284853799 42495
I : 36 1565947284853817 1565947284895559 41742
I : 37 1565947284895589 1565947284937665 42076
I : 38 1565947284937704 1565947284979985 42281
I : 39 1565947284980025 1565947285022698 42673
I : 40 1565947285022716 1565947285064058 41342
I : 41 1565947285064097 1565947285106316 42219
I : 42 1565947285106356 1565947285148706 42350
I : 43 1565947285148746 1565947285191361 42615
I : 44 1565947285191378 1565947285232773 41395
I : 45 1565947285232794 1565947285274855 42061
I : 46 1565947285274886 1565947285317693 42807
I : 47 1565947285317722 1565947285360055 42333
I : 48 1565947285360095 1565947285402226 42131
I : 49 1565947285402267 1565947285444344 42077
I : 50 1565947285444384 1565947285486521 42137
I : 51 1565947285486560 1565947285528831 42271
I : 52 1565947285528871 1565947285570861 41990
I : 53 1565947285570901 1565947285613364 42463
I : 54 1565947285613403 1565947285655818 42415
I : 55 1565947285655836 1565947285697486 41650
I : 56 1565947285697525 1565947285739617 42092
I : 57 1565947285739657 1565947285782029 42372
I : 58 1565947285782068 1565947285825053 42985
I : 59 1565947285825092 1565947285867914 42822
I : 60 1565947285867954 1565947285910186 42232
I : 61 1565947285910225 1565947285952775 42550
I : 62 1565947285952793 1565947285994263 41470
I : 63 1565947285994302 1565947286036381 42079
I : 64 1565947286036398 1565947286077721 41323
I : 65 1565947286077753 1565947286120031 42278
I : 66 1565947286120071 1565947286162187 42116
I : 67 1565947286162227 1565947286204405 42178
I : 68 1565947286204446 1565947286246691 42245
I : 69 1565947286246731 1565947286289699 42968
I : 70 1565947286289738 1565947286332073 42335
I : 71 1565947286332112 1565947286374730 42618
I : 72 1565947286374770 1565947286417640 42870
I : 73 1565947286417658 1565947286459161 41503
I : 74 1565947286459201 1565947286501382 42181
I : 75 1565947286501421 1565947286544322 42901
I : 76 1565947286544349 1565947286585399 41050
I : 77 1565947286585440 1565947286628049 42609
I : 78 1565947286628088 1565947286670660 42572
I : 79 1565947286670679 1565947286712325 41646
I : 80 1565947286712365 1565947286755131 42766
I : 81 1565947286755172 1565947286797699 42527
I : 82 1565947286797739 1565947286840654 42915
I : 83 1565947286840684 1565947286883455 42771
I : 84 1565947286883485 1565947286925823 42338
I : 85 1565947286925862 1565947286968549 42687
I : 86 1565947286968567 1565947287010109 41542
I : 87 1565947287010140 1565947287052779 42639
I : 88 1565947287052787 1565947287094232 41445
I : 89 1565947287094263 1565947287136650 42387
I : 90 1565947287136680 1565947287179369 42689
I : 91 1565947287179379 1565947287220825 41446
I : 92 1565947287220853 1565947287263260 42407
I : 93 1565947287263300 1565947287306140 42840
I : 94 1565947287306170 1565947287348302 42132
I : 95 1565947287348320 1565947287389506 41186
I : 96 1565947287389546 1565947287432018 42472
I : 97 1565947287432057 1565947287474669 42612
I : 98 1565947287474687 1565947287516172 41485
I : 99 1565947287516210 1565947287558766 42556
I : 100 1565947287558775 1565947287600193 41418
I : 101 1565947287600221 1565947287642362 42141
I : 102 1565947287642380 1565947287683751 41371
I : 103 1565947287683781 1565947287725845 42064
I : 104 1565947287725885 1565947287768989 43104
I : 105 1565947287769020 1565947287811383 42363
I : 106 1565947287811423 1565947287854142 42719
I : 107 1565947287854172 1565947287896341 42169
I : 108 1565947287896360 1565947287937729 41369
I : 109 1565947287937760 1565947287980471 42711
I : 110 1565947287980482 1565947288021828 41346
I : 111 1565947288021858 1565947288064677 42819
I : 112 1565947288064687 1565947288106020 41333
I : 113 1565947288106049 1565947288148751 42702
I : 114 1565947288148781 1565947288191344 42563
I : 115 1565947288191353 1565947288232648 41295
I : 116 1565947288232694 1565947288275744 43050
I : 117 1565947288275773 1565947288318040 42267
I : 118 1565947288318079 1565947288360113 42034
I : 119 1565947288360153 1565947288402383 42230
I : 120 1565947288402422 1565947288445228 42806
I : 121 1565947288445246 1565947288486512 41266
I : 122 1565947288486552 1565947288529035 42483
I : 123 1565947288529074 1565947288571618 42544
I : 124 1565947288571635 1565947288612970 41335
I : 125 1565947288613009 1565947288655269 42260
I : 126 1565947288655308 1565947288698296 42988
I : 127 1565947288698327 1565947288739461 41134
I : 128 1565947288739491 1565947288782417 42926
I : 129 1565947288782447 1565947288824999 42552
I : 130 1565947288825030 1565947288867811 42781
I : 131 1565947288867842 1565947288910308 42466
I : 132 1565947288910347 1565947288953127 42780
I : 133 1565947288953167 1565947288995311 42144
I : 134 1565947288995329 1565947289036518 41189
I : 135 1565947289036558 1565947289079576 43018
I : 136 1565947289079586 1565947289120887 41301
I : 137 1565947289120934 1565947289163194 42260
I : 138 1565947289163234 1565947289205914 42680
I : 139 1565947289205932 1565947289247247 41315
I : 140 1565947289247274 1565947289289657 42383
I : 141 1565947289289688 1565947289332475 42787
I : 142 1565947289332484 1565947289373778 41294
I : 143 1565947289373808 1565947289415933 42125
I : 144 1565947289415972 1565947289458263 42291
I : 145 1565947289458302 1565947289500916 42614
I : 146 1565947289500934 1565947289542342 41408
I : 147 1565947289542381 1565947289585091 42710
I : 148 1565947289585109 1565947289626658 41549
I : 149 1565947289626688 1565947289669346 42658
I : 150 1565947289669356 1565947289710917 41561
I : 151 1565947289710945 1565947289753179 42234
I : 152 1565947289753210 1565947289795612 42402
I : 153 1565947289795651 1565947289837648 41997
I : 154 1565947289837687 1565947289879948 42261
I : 155 1565947289879986 1565947289922683 42697
I : 156 1565947289922701 1565947289964015 41314
I : 157 1565947289964053 1565947290006044 41991
I : 158 1565947290006061 1565947290047472 41411
I : 159 1565947290047510 1565947290090297 42787
I : 160 1565947290090306 1565947290131579 41273
I : 161 1565947290131609 1565947290173987 42378
I : 162 1565947290174026 1565947290216805 42779
I : 163 1565947290216835 1565947290259602 42767
I : 164 1565947290259615 1565947290301115 41500
I : 165 1565947290301145 1565947290343559 42414
I : 166 1565947290343590 1565947290385662 42072
I : 167 1565947290385701 1565947290428010 42309
I : 168 1565947290428050 1565947290470880 42830
I : 169 1565947290470919 1565947290512972 42053
I : 170 1565947290512990 1565947290554058 41068
I : 171 1565947290554098 1565947290596411 42313
I : 172 1565947290596451 1565947290645457 49006
I : 173 1565947290645483 1565947290687412 41929
I : 174 1565947290687535 1565947290729379 41844
I : 175 1565947290729386 1565947290770459 41073
I : 176 1565947290770489 1565947290812698 42209
I : 177 1565947290812708 1565947290854027 41319
I : 178 1565947290854057 1565947290896419 42362
I : 179 1565947290896446 1565947290945909 49463
I : 180 1565947290945935 1565947290988674 42739
I : 181 1565947290988689 1565947291029575 40886
I : 182 1565947291029595 1565947291070654 41059
I : 183 1565947291070659 1565947291111759 41100
I : 184 1565947291111768 1565947291153002 41234
I : 185 1565947291153028 1565947291195341 42313
I : 186 1565947291195347 1565947291236076 40729
I : 187 1565947291236085 1565947291277486 41401
I : 188 1565947291277493 1565947291318394 40901
I : 189 1565947291318403 1565947291359903 41500
I : 190 1565947291359933 1565947291402075 42142
I : 191 1565947291402103 1565947291446135 44032
I : 192 1565947291446165 1565947291488039 41874
I : 193 1565947291488049 1565947291529657 41608
I : 194 1565947291529690 1565947291572705 43015
I : 195 1565947291572731 1565947291614847 42116
I : 196 1565947291614877 1565947291664007 49130
I : 197 1565947291664033 1565947291706090 42057
I : 198 1565947291706116 1565947291748390 42274
I : 199 1565947291748395 1565947291789726 41331
I : 200 1565947291789731 1565947291831066 41335
I : 201 1565947291831071 1565947291872079 41008
I : 202 1565947291872085 1565947291913413 41328
I : 203 1565947291913418 1565947291954763 41345
I : 204 1565947291954777 1565947291996290 41513
I : 205 1565947291996308 1565947292037460 41152
I : 206 1565947292037474 1565947292078437 40963
I : 207 1565947292078456 1565947292119766 41310
I : 208 1565947292119792 1565947292161876 42084
I : 209 1565947292161892 1565947292202872 40980
I : 210 1565947292202896 1565947292245435 42539
I : 211 1565947292245469 1565947292288380 42911
I : 212 1565947292288413 1565947292330766 42353
I : 213 1565947292330793 1565947292372707 41914
I : 214 1565947292372734 1565947292415130 42396
I : 215 1565947292415137 1565947292455852 40715
I : 216 1565947292455867 1565947292497294 41427
I : 217 1565947292497316 1565947292538396 41080
I : 218 1565947292538432 1565947292580720 42288
I : 219 1565947292580746 1565947292622392 41646
I : 220 1565947292622401 1565947292663817 41416
I : 221 1565947292663843 1565947292706071 42228
I : 222 1565947292706097 1565947292751928 45831
I : 223 1565947292751961 1565947292794352 42391
I : 224 1565947292794386 1565947292837448 43062
I : 225 1565947292837474 1565947292879686 42212
I : 226 1565947292879712 1565947292921692 41980
I : 227 1565947292921697 1565947292962610 40913
I : 228 1565947292962620 1565947293004087 41467
I : 229 1565947293004113 1565947293045047 40934
I : 230 1565947293045056 1565947293086416 41360
I : 231 1565947293086442 1565947293128749 42307
I : 232 1565947293128775 1565947293181688 52913
I : 233 1565947293181714 1565947293223935 42221
I : 234 1565947293223975 1565947293266667 42692
I : 235 1565947293266707 1565947293309029 42322
I : 236 1565947293309061 1565947293351932 42871
I : 237 1565947293351958 1565947293394380 42422
I : 238 1565947293394406 1565947293436443 42037
I : 239 1565947293436457 1565947293477551 41094
I : 240 1565947293477572 1565947293518673 41101
I : 241 1565947293518687 1565947293559790 41103
I : 242 1565947293559809 1565947293601117 41308
I : 243 1565947293601132 1565947293642296 41164
I : 244 1565947293642316 1565947293683545 41229
I : 245 1565947293683571 1565947293725691 42120
I : 246 1565947293725720 1565947293767853 42133
I : 247 1565947293767867 1565947293808960 41093
I : 248 1565947293808979 1565947293850205 41226
I : 249 1565947293850231 1565947293892362 42131
I : 250 1565947293892388 1565947293937528 45140
I : 251 1565947293937542 1565947293985051 47509
I : 252 1565947293985073 1565947294026816 41743
I : 253 1565947294026830 1565947294067852 41022
I : 254 1565947294067887 1565947294109064 41177
I : 255 1565947294109078 1565947294150070 40992
I : 256 1565947294150096 1565947294192380 42284
I : 257 1565947294192406 1565947294236177 43771
I : 258 1565947294236205 1565947294278669 42464
I : 259 1565947294278695 1565947294320733 42038
I : 260 1565947294320759 1565947294363005 42246
I : 261 1565947294363032 1565947294405066 42034
I : 262 1565947294405092 1565947294448644 43552
I : 263 1565947294448658 1565947294495255 46597
I : 264 1565947294495278 1565947294536349 41071
I : 265 1565947294536390 1565947294578680 42290
I : 266 1565947294578706 1565947294620579 41873
I : 267 1565947294620606 1565947294663017 42411
I : 268 1565947294663043 1565947294706055 43012
I : 269 1565947294706082 1565947294757054 50972
I : 270 1565947294757095 1565947294799095 42000
I : 271 1565947294799135 1565947294841482 42347
I : 272 1565947294841522 1565947294884224 42702
I : 273 1565947294884264 1565947294926719 42455
I : 274 1565947294926759 1565947294969566 42807
I : 275 1565947294969581 1565947295010952 41371
I : 276 1565947295010979 1565947295052691 41712
I : 277 1565947295052706 1565947295094262 41556
I : 278 1565947295094284 1565947295136205 41921
I : 279 1565947295136220 1565947295177548 41328
I : 280 1565947295177570 1565947295218710 41140
I : 281 1565947295218750 1565947295261514 42764
I : 282 1565947295261530 1565947295303020 41490
I : 283 1565947295303059 1565947295345552 42493
I : 284 1565947295345591 1565947295388400 42809
I : 285 1565947295388439 1565947295430915 42476
I : 286 1565947295430954 1565947295473706 42752
I : 287 1565947295473745 1565947295516600 42855
I : 288 1565947295516614 1565947295557629 41015
I : 289 1565947295557651 1565947295599495 41844
I : 290 1565947295599534 1565947295642321 42787
I : 291 1565947295642336 1565947295683523 41187
I : 292 1565947295683561 1565947295725707 42146
I : 293 1565947295725746 1565947295768516 42770
I : 294 1565947295768531 1565947295809729 41198
I : 295 1565947295809751 1565947295850935 41184
I : 296 1565947295850975 1565947295893364 42389
I : 297 1565947295893390 1565947295935398 42008
I : 298 1565947295935438 1565947295979897 44459
I : 299 1565947295979936 1565947296022589 42653
I : 300 1565947296022616 1565947296065222 42606
I : 301 1565947296065236 1565947296112810 47574
I : 302 1565947296112842 1565947296156783 43941
I : 303 1565947296156799 1565947296200148 43349
I : 304 1565947296200180 1565947296244412 44232
I : 305 1565947296244451 1565947296288256 43805
I : 306 1565947296288272 1565947296329681 41409
I : 307 1565947296329711 1565947296374922 45211
I : 308 1565947296374962 1565947296418974 44012
I : 309 1565947296419014 1565947296464046 45032
I : 310 1565947296464086 1565947296508295 44209
I : 311 1565947296508334 1565947296552140 43806
I : 312 1565947296552179 1565947296597025 44846
I : 313 1565947296597048 1565947296640203 43155
I : 314 1565947296640233 1565947296685019 44786
I : 315 1565947296685028 1565947296729716 44688
I : 316 1565947296729743 1565947296775673 45930
I : 317 1565947296775687 1565947296820449 44762
I : 318 1565947296820469 1565947296865995 45526
I : 319 1565947296866010 1565947296910746 44736
I : 320 1565947296910769 1565947296957057 46288
I : 321 1565947296957096 1565947297003313 46217
I : 322 1565947297003352 1565947297049808 46456
I : 323 1565947297049838 1565947297094361 44523
I : 324 1565947297094398 1565947297142494 48096
I : 325 1565947297142534 1565947297188961 46427
I : 326 1565947297188970 1565947297233582 44612
I : 327 1565947297233608 1565947297280914 47306
I : 328 1565947297280929 1565947297326533 45604
I : 329 1565947297326554 1565947297373776 47222
I : 330 1565947297373815 1565947297422807 48992
I : 331 1565947297422847 1565947297469882 47035
I : 332 1565947297469923 1565947297517982 48059
I : 333 1565947297518024 1565947297565237 47213
I : 334 1565947297565277 1565947297612637 47360
I : 335 1565947297612648 1565947297658022 45374
I : 336 1565947297658053 1565947297706888 48835
I : 337 1565947297706914 1565947297756142 49228
I : 338 1565947297756182 1565947297804962 48780
I : 339 1565947297804977 1565947297852960 47983
I : 340 1565947297853005 1565947297902278 49273
I : 341 1565947297902317 1565947297948997 46680
I : 342 1565947297949010 1565947297998235 49225
I : 343 1565947297998261 1565947298048498 50237
I : 344 1565947298048538 1565947298097630 49092
I : 345 1565947298097687 1565947298146324 48637
I : 346 1565947298146354 1565947298196369 50015
I : 347 1565947298196408 1565947298246133 49725
I : 348 1565947298246164 1565947298295526 49362
I : 349 1565947298295540 1565947298343207 47667
I : 350 1565947298343226 1565947298393973 50747
I : 351 1565947298394118 1565947298446312 52194
I : 352 1565947298446351 1565947298498593 52242
I : 353 1565947298498630 1565947298548554 49924
I : 354 1565947298548591 1565947298600179 51588
I : 355 1565947298600216 1565947298650178 49962
I : 356 1565947298650216 1565947298701182 50966
I : 357 1565947298701218 1565947298753241 52023
I : 358 1565947298760570 1565947298902621 142051
I : 359 1565947298902640 1565947298944528 41888
I : 360 1565947298944543 1565947298989171 44628
I : 361 1565947298989196 1565947299030925 41729
I : 362 1565947299030940 1565947299072337 41397
I : 363 1565947299072362 1565947299114232 41870
I : 364 1565947299114272 1565947299156848 42576
I : 365 1565947299156873 1565947299198822 41949
I : 366 1565947299198838 1565947299250130 51292
I : 367 1565947299250165 1565947299292350 42185
I : 368 1565947299292389 1565947299335299 42910
I : 369 1565947299335335 1565947299377433 42098
I : 370 1565947299377449 1565947299419543 42094
I : 371 1565947299419585 1565947299462011 42426
I : 372 1565947299462051 1565947299504918 42867
I : 373 1565947299504954 1565947299547082 42128
I : 374 1565947299547098 1565947299588251 41153
I : 375 1565947299588274 1565947299629756 41482
I : 376 1565947299629795 1565947299672579 42784
I : 377 1565947299672616 1565947299714910 42294
I : 378 1565947299714949 1565947299757948 42999
I : 379 1565947299758010 1565947299800080 42070
I : 380 1565947299800119 1565947299842253 42134
I : 381 1565947299842289 1565947299885083 42794
I : 382 1565947299885099 1565947299927146 42047
I : 383 1565947299927160 1565947299968758 41598
I : 384 1565947299968784 1565947300011068 42284
I : 385 1565947300011104 1565947300053722 42618
I : 386 1565947300053737 1565947300094925 41188
I : 387 1565947300094950 1565947300136486 41536
I : 388 1565947300136526 1565947300179405 42879
I : 389 1565947300179443 1565947300221645 42202
I : 390 1565947300221671 1565947300264042 42371
I : 391 1565947300264078 1565947300306140 42062
I : 392 1565947300306180 1565947300349906 43726
I : 393 1565947300349942 1565947300392363 42421
I : 394 1565947300392403 1565947300437060 44657
I : 395 1565947300437085 1565947300479777 42692
I : 396 1565947300479817 1565947300531636 51819
I : 397 1565947300531672 1565947300573836 42164
I : 398 1565947300573875 1565947300616797 42922
I : 399 1565947300616834 1565947300658996 42162
I : 400 1565947300659036 1565947300701882 42846
I : 401 1565947300701898 1565947300743209 41311
I : 402 1565947300743248 1565947300785072 41824
I : 403 1565947300785094 1565947300827411 42317
I : 404 1565947300827440 1565947300869587 42147
I : 405 1565947300869632 1565947300912217 42585
I : 406 1565947300912257 1565947300955153 42896
I : 407 1565947300955190 1565947300997529 42339
I : 408 1565947300997569 1565947301040417 42848
I : 409 1565947301040453 1565947301082231 41778
I : 410 1565947301082272 1565947301124640 42368
I : 411 1565947301124677 1565947301166806 42129
I : 412 1565947301166846 1565947301208780 41934
I : 413 1565947301208795 1565947301250283 41488
I : 414 1565947301250315 1565947301292318 42003
I : 415 1565947301292354 1565947301334243 41889
I : 416 1565947301334283 1565947301376608 42325
I : 417 1565947301376644 1565947301418816 42172
I : 418 1565947301418855 1565947301461865 43010
I : 419 1565947301461880 1565947301502874 40994
I : 420 1565947301502911 1565947301545338 42427
I : 421 1565947301545375 1565947301588202 42827
I : 422 1565947301588219 1565947301629573 41354
I : 423 1565947301629610 1565947301671799 42189
I : 424 1565947301671838 1565947301714037 42199
I : 425 1565947301714074 1565947301756184 42110
I : 426 1565947301756224 1565947301798306 42082
I : 427 1565947301798342 1565947301840450 42108
I : 428 1565947301840488 1565947301883387 42899
I : 429 1565947301883424 1565947301925549 42125
I : 430 1565947301925564 1565947301966759 41195
I : 431 1565947301966794 1565947302008955 42161
I : 432 1565947302008994 1565947302051114 42120
I : 433 1565947302051151 1565947302093512 42361
I : 434 1565947302093550 1565947302136333 42783
I : 435 1565947302136370 1565947302178817 42447
I : 436 1565947302178856 1565947302221687 42831
I : 437 1565947302221723 1565947302264180 42457
I : 438 1565947302264219 1565947302306964 42745
I : 439 1565947302307000 1565947302349120 42120
I : 440 1565947302349159 1565947302391295 42136
I : 441 1565947302391332 1565947302433512 42180
I : 442 1565947302433551 1565947302475670 42119
I : 443 1565947302475707 1565947302518333 42626
I : 444 1565947302518349 1565947302559778 41429
I : 445 1565947302559808 1565947302602236 42428
I : 446 1565947302602275 1565947302644345 42070
I : 447 1565947302644382 1565947302686552 42170
I : 448 1565947302686592 1565947302731739 45147
I : 449 1565947302731777 1565947302773841 42064
I : 450 1565947302773880 1565947302816900 43020
I : 451 1565947302816937 1565947302858996 42059
I : 452 1565947302859036 1565947302901940 42904
I : 453 1565947302901997 1565947302944099 42102
I : 454 1565947302944113 1565947302985191 41078
I : 455 1565947302985206 1565947303026548 41342
I : 456 1565947303026585 1565947303068553 41968
I : 457 1565947303068590 1565947303111182 42592
I : 458 1565947303111222 1565947303153889 42667
I : 459 1565947303153926 1565947303196444 42518
I : 460 1565947303196483 1565947303241337 44854
I : 461 1565947303241374 1565947303283496 42122
I : 462 1565947303283536 1565947303325645 42109
I : 463 1565947303325681 1565947303367730 42049
I : 464 1565947303367770 1565947303410076 42306
I : 465 1565947303410112 1565947303452586 42474
I : 466 1565947303452594 1565947303494184 41590
I : 467 1565947303494219 1565947303536175 41956
I : 468 1565947303536191 1565947303577334 41143
I : 469 1565947303577362 1565947303618815 41453
I : 470 1565947303618855 1565947303661023 42168
I : 471 1565947303661060 1565947303703159 42099
I : 472 1565947303703199 1565947303752043 48844
I : 473 1565947303752068 1565947303794664 42596
I : 474 1565947303794684 1565947303836358 41674
I : 475 1565947303836395 1565947303878836 42441
I : 476 1565947303878876 1565947303921497 42621
I : 477 1565947303921533 1565947303963765 42232
I : 478 1565947303963781 1565947304004958 41177
I : 479 1565947304004987 1565947304047412 42425
I : 480 1565947304047451 1565947304090091 42640
I : 481 1565947304090109 1565947304131608 41499
I : 482 1565947304131647 1565947304174448 42801
I : 483 1565947304174461 1565947304215874 41413
I : 484 1565947304215905 1565947304257737 41832
I : 485 1565947304257752 1565947304299202 41450
I : 486 1565947304299239 1565947304341272 42033
I : 487 1565947304341307 1565947304383356 42049
I : 488 1565947304383396 1565947304425620 42224
I : 489 1565947304425658 1565947304468365 42707
I : 490 1565947304468381 1565947304509823 41442
I : 491 1565947304509847 1565947304551763 41916
I : 492 1565947304551779 1565947304593021 41242
I : 493 1565947304593054 1565947304635427 42373
I : 494 1565947304635467 1565947304677616 42149
I : 495 1565947304677652 1565947304719731 42079
I : 496 1565947304719770 1565947304763950 44180
I : 497 1565947304763987 1565947304806078 42091
I : 498 1565947304806117 1565947304848217 42100
I : 499 1565947304848253 1565947304890469 42216
I : 500 1565947304890509 1565947304933351 42842
I : 501 1565947304933388 1565947304976359 42971
I : 502 1565947304976375 1565947305017697 41322
I : 503 1565947305017712 1565947305058769 41057
I : 504 1565947305058796 1565947305099946 41150
I : 505 1565947305099970 1565947305142161 42191
I : 506 1565947305142201 1565947305184172 41971
I : 507 1565947305184207 1565947305226775 42568
I : 508 1565947305226814 1565947305272463 45649
I : 509 1565947305272499 1565947305314936 42437
I : 510 1565947305314976 1565947305357880 42904
I : 511 1565947305357917 1565947305400081 42164
I : 512 1565947305400120 1565947305442212 42092
I : 513 1565947305442249 1565947305485020 42771
I : 514 1565947305485035 1565947305526530 41495
I : 515 1565947305526557 1565947305568413 41856
I : 516 1565947305568475 1565947305609728 41253
I : 517 1565947305609758 1565947305652071 42313
I : 518 1565947305652111 1565947305694217 42106
I : 519 1565947305694252 1565947305736381 42129
I : 520 1565947305736421 1565947305783345 46924
I : 521 1565947305783383 1565947305825570 42187
I : 522 1565947305825609 1565947305868436 42827
I : 523 1565947305868451 1565947305909846 41395
I : 524 1565947305909884 1565947305951962 42078
I : 525 1565947305951989 1565947305994114 42125
I : 526 1565947305994130 1565947306035100 40970
I : 527 1565947306035122 1565947306077398 42276
I : 528 1565947306077414 1565947306118512 41098
I : 529 1565947306118537 1565947306160855 42318
I : 530 1565947306160894 1565947306203848 42954
I : 531 1565947306203863 1565947306245260 41397
I : 532 1565947306245292 1565947306287005 41713
I : 533 1565947306287021 1565947306328624 41603
I : 534 1565947306328663 1565947306371514 42851
I : 535 1565947306371551 1565947306414204 42653
I : 536 1565947306414243 1565947306456869 42626
I : 537 1565947306456896 1565947306499738 42842
I : 538 1565947306499755 1565947306541338 41583
I : 539 1565947306541372 1565947306583940 42568
I : 540 1565947306583958 1565947306625648 41690
I : 541 1565947306625685 1565947306667789 42104
I : 542 1565947306667829 1565947306709998 42169
I : 543 1565947306710035 1565947306752115 42080
I : 544 1565947306752155 1565947306794213 42058
I : 545 1565947306794248 1565947306836429 42181
I : 546 1565947306836469 1565947306878512 42043
I : 547 1565947306878548 1565947306920858 42310
I : 548 1565947306920898 1565947306963016 42118
I : 549 1565947306963053 1565947307005061 42008
I : 550 1565947307005092 1565947307048327 43235
I : 551 1565947307048364 1565947307090258 41894
I : 552 1565947307090297 1565947307132417 42120
I : 553 1565947307132453 1565947307174502 42049
I : 554 1565947307174532 1565947307217515 42983
I : 555 1565947307217551 1565947307260031 42480
I : 556 1565947307260071 1565947307304871 44800
I : 557 1565947307304886 1565947307346208 41322
I : 558 1565947307346235 1565947307388242 42007
I : 559 1565947307388278 1565947307430691 42413
I : 560 1565947307430731 1565947307473563 42832
I : 561 1565947307473600 1565947307516439 42839
I : 562 1565947307516454 1565947307557883 41429
I : 563 1565947307557918 1565947307600090 42172
I : 564 1565947307600130 1565947307642190 42060
I : 565 1565947307642226 1565947307685148 42922
I : 566 1565947307685187 1565947307727553 42366
I : 567 1565947307727589 1565947307769651 42062
I : 568 1565947307769690 1565947307814007 44317
I : 569 1565947307814044 1565947307856139 42095
I : 570 1565947307856179 1565947307898285 42106
I : 571 1565947307898320 1565947307940384 42064
I : 572 1565947307940423 1565947307983139 42716
I : 573 1565947307983176 1565947308025503 42327
I : 574 1565947308025518 1565947308067587 42069
I : 575 1565947308067612 1565947308109781 42169
I : 576 1565947308109797 1565947308150958 41161
I : 577 1565947308150988 1565947308193323 42335
I : 578 1565947308193363 1565947308236092 42729
I : 579 1565947308236106 1565947308277445 41339
I : 580 1565947308277467 1565947308318713 41246
I : 581 1565947308318750 1565947308360945 42195
I : 582 1565947308360985 1565947308403890 42905
I : 583 1565947308403926 1565947308446188 42262
I : 584 1565947308446218 1565947308489239 43021
I : 585 1565947308489276 1565947308531663 42387
I : 586 1565947308531704 1565947308576348 44644
I : 587 1565947308576363 1565947308617712 41349
I : 588 1565947308617744 1565947308659971 42227
I : 589 1565947308660007 1565947308702665 42658
I : 590 1565947308702680 1565947308744130 41450
I : 591 1565947308744158 1565947308786383 42225
I : 592 1565947308786423 1565947308829202 42779
I : 593 1565947308829216 1565947308870314 41098
I : 594 1565947308870346 1565947308911908 41562
I : 595 1565947308911944 1565947308953992 42048
I : 596 1565947308954018 1565947308996262 42244
I : 597 1565947308996299 1565947309039220 42921
I : 598 1565947309039260 1565947309084298 45038
I : 599 1565947309084335 1565947309126726 42391
I : 600 1565947309126766 1565947309169540 42774
I : 601 1565947309169576 1565947309212032 42456
I : 602 1565947309212071 1565947309254815 42744
I : 603 1565947309254852 1565947309297367 42515
I : 604 1565947309297408 1565947309341319 43911
I : 605 1565947309341356 1565947309383424 42068
I : 606 1565947309383464 1565947309425499 42035
I : 607 1565947309425535 1565947309467763 42228
I : 608 1565947309467803 1565947309510040 42237
I : 609 1565947309510076 1565947309552761 42685
I : 610 1565947309552777 1565947309594074 41297
I : 611 1565947309594088 1565947309635204 41116
I : 612 1565947309635242 1565947309677564 42322
I : 613 1565947309677601 1565947309719794 42193
I : 614 1565947309719833 1565947309762035 42202
I : 615 1565947309762072 1565947309804133 42061
I : 616 1565947309804172 1565947309851099 46927
I : 617 1565947309851135 1565947309893382 42247
I : 618 1565947309893422 1565947309936169 42747
I : 619 1565947309936206 1565947309978724 42518
I : 620 1565947309978764 1565947310021535 42771
I : 621 1565947310021572 1565947310063508 41936
I : 622 1565947310063523 1565947310104793 41270
I : 623 1565947310104827 1565947310147067 42240
I : 624 1565947310147082 1565947310188216 41134
I : 625 1565947310188251 1565947310230465 42214
I : 626 1565947310230505 1565947310272593 42088
I : 627 1565947310272630 1565947310315058 42428
I : 628 1565947310315098 1565947310360987 45889
I : 629 1565947310361023 1565947310403179 42156
I : 630 1565947310403219 1565947310445227 42008
I : 631 1565947310445264 1565947310487412 42148
I : 632 1565947310487452 1565947310529626 42174
I : 633 1565947310529663 1565947310571598 41935
I : 634 1565947310571637 1565947310614411 42774
I : 635 1565947310614426 1565947310656196 41770
I : 636 1565947310656237 1565947310699000 42763
I : 637 1565947310699036 1565947310741079 42043
I : 638 1565947310741094 1565947310782272 41178
I : 639 1565947310782295 1565947310823756 41461
I : 640 1565947310823796 1565947310866200 42404
I : 641 1565947310866215 1565947310907758 41543
I : 642 1565947310907791 1565947310949715 41924
I : 643 1565947310949730 1565947310991186 41456
I : 644 1565947310991217 1565947311032595 41378
I : 645 1565947311032609 1565947311073456 40847
I : 646 1565947311073483 1565947311115057 41574
I : 647 1565947311115072 1565947311155888 40816
I : 648 1565947311155914 1565947311197491 41577
I : 649 1565947311197528 1565947311240364 42836
I : 650 1565947311240404 1565947311286145 45741
I : 651 1565947311286183 1565947311328706 42523
I : 652 1565947311328745 1565947311376481 47736
I : 653 1565947311376518 1565947311418833 42315
I : 654 1565947311418872 1565947311460826 41954
I : 655 1565947311460862 1565947311503090 42228
I : 656 1565947311503130 1565947311545293 42163
I : 657 1565947311545330 1565947311588032 42702
I : 658 1565947311588048 1565947311629273 41225
I : 659 1565947311629303 1565947311671366 42063
I : 660 1565947311671382 1565947311712618 41236
I : 661 1565947311712648 1565947311755156 42508
I : 662 1565947311755195 1565947311797235 42040
I : 663 1565947311797272 1565947311839367 42095
I : 664 1565947311839407 1565947311887248 47841
I : 665 1565947311887285 1565947311929812 42527
I : 666 1565947311929851 1565947311972294 42443
I : 667 1565947311972306 1565947312013854 41548
I : 668 1565947312013885 1565947312055852 41967
I : 669 1565947312055889 1565947312098138 42249
I : 670 1565947312098153 1565947312138920 40767
I : 671 1565947312138931 1565947312180403 41472
I : 672 1565947312180419 1565947312221610 41191
I : 673 1565947312221660 1565947312264033 42373
I : 674 1565947312264073 1565947312306802 42729
I : 675 1565947312306818 1565947312348270 41452
I : 676 1565947312348309 1565947312391116 42807
I : 677 1565947312391131 1565947312432501 41370
I : 678 1565947312432527 1565947312474385 41858
I : 679 1565947312474422 1565947312516808 42386
I : 680 1565947312516847 1565947312558739 41892
I : 681 1565947312558776 1565947312601559 42783
I : 682 1565947312601575 1565947312643089 41514
I : 683 1565947312643123 1565947312685082 41959
I : 684 1565947312685098 1565947312726400 41302
I : 685 1565947312726429 1565947312768738 42309
I : 686 1565947312768778 1565947312810923 42145
I : 687 1565947312811043 1565947312853765 42722
I : 688 1565947312853780 1565947312897134 43354
I : 689 1565947312897171 1565947312939299 42128
I : 690 1565947312939339 1565947312981533 42194
I : 691 1565947312981569 1565947313023785 42216
I : 692 1565947313023825 1565947313066580 42755
I : 693 1565947313066617 1565947313108904 42287
I : 694 1565947313108944 1565947313150996 42052
I : 695 1565947313151033 1565947313193026 41993
I : 696 1565947313193065 1565947313235331 42266
I : 697 1565947313235367 1565947313277642 42275
I : 698 1565947313277681 1565947313320502 42821
I : 699 1565947313320539 1565947313362746 42207
I : 700 1565947313362785 1565947313408796 46011
I : 701 1565947313408832 1565947313451073 42241
I : 702 1565947313451113 1565947313493103 41990
I : 703 1565947313493139 1565947313535360 42221
I : 704 1565947313535399 1565947313577557 42158
I : 705 1565947313577594 1565947313620380 42786
I : 706 1565947313620396 1565947313661613 41217
I : 707 1565947313661628 1565947313702899 41271
I : 708 1565947313702931 1565947313745000 42069
I : 709 1565947313745012 1565947313785838 40826
I : 710 1565947313785848 1565947313827280 41432
I : 711 1565947313827294 1565947313868417 41123
I : 712 1565947313868443 1565947313909857 41414
I : 713 1565947313909895 1565947313952139 42244
I : 714 1565947313952178 1565947313997193 45015
I : 715 1565947313997230 1565947314039445 42215
I : 716 1565947314039486 1565947314081445 41959
I : 717 1565947314081481 1565947314124368 42887
I : 718 1565947314124383 1565947314166620 42237
I : 719 1565947314166642 1565947314208125 41483
I : 720 1565947314208164 1565947314250746 42582
I : 721 1565947314250784 1565947314293090 42306
I : 722 1565947314293129 1565947314335073 41944
I : 723 1565947314335109 1565947314377684 42575
I : 724 1565947314377724 1565947314422371 44647
I : 725 1565947314422407 1565947314464897 42490
I : 726 1565947314464937 1565947314507912 42975
I : 727 1565947314507948 1565947314550008 42060
I : 728 1565947314550048 1565947314592199 42151
I : 729 1565947314592234 1565947314634486 42252
I : 730 1565947314634526 1565947314681382 46856
I : 731 1565947314681396 1565947314722290 40894
I : 732 1565947314722331 1565947314763900 41569
I : 733 1565947314763936 1565947314806491 42555
I : 734 1565947314806498 1565947314847959 41461
I : 735 1565947314847994 1565947314890435 42441
I : 736 1565947314890474 1565947314933337 42863
I : 737 1565947314933374 1565947314975498 42124
I : 738 1565947314975534 1565947315017669 42135
I : 739 1565947315017705 1565947315059843 42138
I : 740 1565947315059882 1565947315102699 42817
I : 741 1565947315102734 1565947315145041 42307
I : 742 1565947315145057 1565947315189084 44027
I : 743 1565947315189119 1565947315231324 42205
I : 744 1565947315231371 1565947315274291 42920
I : 745 1565947315274327 1565947315316745 42418
I : 746 1565947315316785 1565947315358783 41998
I : 747 1565947315358820 1565947315401073 42253
I : 748 1565947315401113 1565947315443067 41954
I : 749 1565947315443103 1565947315485160 42057
I : 750 1565947315485190 1565947315527539 42349
I : 751 1565947315527576 1565947315569650 42074
I : 752 1565947315569690 1565947315612622 42932
I : 753 1565947315612636 1565947315653650 41014
I : 754 1565947315653676 1565947315695203 41527
I : 755 1565947315695239 1565947315737778 42539
I : 756 1565947315737784 1565947315779118 41334
I : 757 1565947315779141 1565947315820756 41615
I : 758 1565947315820795 1565947315862818 42023
I : 759 1565947315862854 1565947315905863 43009
I : 760 1565947315905902 1565947315951714 45812
I : 761 1565947315951750 1565947315994299 42549
I : 762 1565947315994338 1565947316037110 42772
I : 763 1565947316037147 1565947316079294 42147
I : 764 1565947316079333 1565947316121478 42145
I : 765 1565947316121515 1565947316163744 42229
I : 766 1565947316163760 1565947316208852 45092
I : 767 1565947316208881 1565947316250990 42109
I : 768 1565947316251029 1565947316293104 42075
I : 769 1565947316293141 1565947316335332 42191
I : 770 1565947316335372 1565947316377453 42081
I : 771 1565947316377489 1565947316419537 42048
I : 772 1565947316419565 1565947316461891 42326
I : 773 1565947316461928 1565947316504110 42182
I : 774 1565947316504150 1565947316548289 44139
I : 775 1565947316548326 1565947316590917 42591
I : 776 1565947316590957 1565947316633095 42138
I : 777 1565947316633132 1565947316675541 42409
I : 778 1565947316675581 1565947316721434 45853
I : 779 1565947316721450 1565947316762826 41376
I : 780 1565947316762873 1565947316804647 41774
I : 781 1565947316804661 1565947316846067 41406
I : 782 1565947316846105 1565947316888189 42084
I : 783 1565947316888226 1565947316930259 42033
I : 784 1565947316930270 1565947316971631 41361
I : 785 1565947316971668 1565947317013984 42316
I : 786 1565947317014025 1565947317056790 42765
I : 787 1565947317056827 1565947317099051 42224
I : 788 1565947317099090 1565947317141247 42157
I : 789 1565947317141284 1565947317184053 42769
I : 790 1565947317184069 1565947317227521 43452
I : 791 1565947317227571 1565947317270349 42778
I : 792 1565947317270365 1565947317311827 41462
I : 793 1565947317311856 1565947317354140 42284
I : 794 1565947317354178 1565947317396265 42087
I : 795 1565947317396302 1565947317438269 41967
I : 796 1565947317438309 1565947317480619 42310
I : 797 1565947317480656 1565947317522522 41866
I : 798 1565947317522551 1565947317564952 42401
I : 799 1565947317564988 1565947317607727 42739
I : 800 1565947317607767 1565947317650711 42944
I : 801 1565947317650726 1565947317692123 41397
I : 802 1565947317692150 1565947317734229 42079
I : 803 1565947317734265 1565947317776184 41919
I : 804 1565947317776199 1565947317817862 41663
I : 805 1565947317817897 1565947317860747 42850
I : 806 1565947317860768 1565947317904070 43302
I : 807 1565947317904107 1565947317946127 42020
I : 808 1565947317946167 1565947317989182 43015
I : 809 1565947317989219 1565947318031589 42370
I : 810 1565947318031628 1565947318074324 42696
I : 811 1565947318074360 1565947318116754 42394
I : 812 1565947318116794 1565947318158679 41885
I : 813 1565947318158715 1565947318200757 42042
I : 814 1565947318200772 1565947318244094 43322
I : 815 1565947318244129 1565947318285939 41810
I : 816 1565947318285954 1565947318327410 41456
I : 817 1565947318327439 1565947318369700 42261
I : 818 1565947318369739 1565947318411924 42185
I : 819 1565947318411961 1565947318454022 42061
I : 820 1565947318454062 1565947318496267 42205
I : 821 1565947318496304 1565947318538251 41947
I : 822 1565947318538291 1565947318581479 43188
I : 823 1565947318581515 1565947318624518 43003
I : 824 1565947318624557 1565947318667389 42832
I : 825 1565947318667425 1565947318709610 42185
I : 826 1565947318709626 1565947318753782 44156
I : 827 1565947318753811 1565947318796139 42328
I : 828 1565947318796179 1565947318839069 42890
I : 829 1565947318839101 1565947318880464 41363
I : 830 1565947318880504 1565947318923476 42972
I : 831 1565947318923513 1565947318965607 42094
I : 832 1565947318965646 1565947319007804 42158
I : 833 1565947319007840 1565947319050031 42191
I : 834 1565947319050072 1565947319092055 41983
I : 835 1565947319092092 1565947319134255 42163
I : 836 1565947319134295 1565947319176480 42185
I : 837 1565947319176516 1565947319219424 42908
I : 838 1565947319219441 1565947319261707 42266
I : 839 1565947319261737 1565947319303645 41908
I : 840 1565947319303661 1565947319345046 41385
I : 841 1565947319345070 1565947319387259 42189
I : 842 1565947319387299 1565947319429649 42350
I : 843 1565947319429686 1565947319472622 42936
I : 844 1565947319472662 1565947319514744 42082
I : 845 1565947319514781 1565947319557679 42898
I : 846 1565947319557696 1565947319598914 41218
I : 847 1565947319598950 1565947319641292 42342
I : 848 1565947319641331 1565947319684067 42736
I : 849 1565947319684104 1565947319726116 42012
I : 850 1565947319726132 1565947319768316 42184
I : 851 1565947319768341 1565947319809673 41332
I : 852 1565947319809713 1565947319852648 42935
I : 853 1565947319852664 1565947319894123 41459
I : 854 1565947319894160 1565947319936188 42028
I : 855 1565947319936225 1565947319978456 42231
I : 856 1565947319978495 1565947320021269 42774
I : 857 1565947320021285 1565947320062724 41439
I : 858 1565947320062860 1565947320105770 42910
I : 859 1565947320105807 1565947320148250 42443
I : 860 1565947320148290 1565947320191146 42856
I : 861 1565947320191182 1565947320234070 42888
I : 862 1565947320234078 1565947320275436 41358
I : 863 1565947320275466 1565947320317735 42269
I : 864 1565947320317775 1565947320360724 42949
I : 865 1565947320360741 1565947320401987 41246
I : 866 1565947320402027 1565947320444076 42049
I : 867 1565947320444113 1565947320486219 42106
I : 868 1565947320486259 1565947320528421 42162
I : 869 1565947320528435 1565947320569326 40891
I : 870 1565947320569357 1565947320611856 42499
I : 871 1565947320611893 1565947320654036 42143
I : 872 1565947320654076 1565947320696184 42108
I : 873 1565947320696218 1565947320737982 41764
I : 874 1565947320737998 1565947320780322 42324
I : 875 1565947320780351 1565947320822677 42326
I : 876 1565947320822716 1565947320864947 42231
I : 877 1565947320864983 1565947320906830 41847
I : 878 1565947320906858 1565947320949629 42771
I : 879 1565947320949643 1565947320990995 41352
I : 880 1565947320991022 1565947321032486 41464
I : 881 1565947321032522 1565947321075265 42743
I : 882 1565947321075277 1565947321116721 41444
I : 883 1565947321116758 1565947321159650 42892
I : 884 1565947321159690 1565947321201739 42049
I : 885 1565947321201775 1565947321243953 42178
I : 886 1565947321243969 1565947321286989 43020
I : 887 1565947321287039 1565947321329343 42304
I : 888 1565947321329382 1565947321372111 42729
I : 889 1565947321372125 1565947321413743 41618
I : 890 1565947321413768 1565947321455766 41998
I : 891 1565947321455803 1565947321498015 42212
I : 892 1565947321498056 1565947321540135 42079
I : 893 1565947321540172 1565947321582088 41916
I : 894 1565947321582114 1565947321624283 42169
I : 895 1565947321624298 1565947321665582 41284
I : 896 1565947321665638 1565947321707835 42197
I : 897 1565947321707871 1565947321750539 42668
I : 898 1565947321750555 1565947321793983 43428
I : 899 1565947321794013 1565947321836327 42314
I : 900 1565947321836367 1565947321879306 42939
I : 901 1565947321879321 1565947321920421 41100
I : 902 1565947321920450 1565947321962719 42269
I : 903 1565947321962755 1565947322005706 42951
I : 904 1565947322005725 1565947322046922 41197
I : 905 1565947322046959 1565947322089268 42309
I : 906 1565947322089309 1565947322131557 42248
I : 907 1565947322131593 1565947322173408 41815
I : 908 1565947322173438 1565947322215954 42516
I : 909 1565947322215990 1565947322258665 42675
I : 910 1565947322258703 1565947322301598 42895
I : 911 1565947322301615 1565947322343213 41598
I : 912 1565947322343251 1565947322386138 42887
I : 913 1565947322386174 1565947322428695 42521
I : 914 1565947322428735 1565947322471472 42737
I : 915 1565947322471509 1565947322513816 42307
I : 916 1565947322513855 1565947322556691 42836
I : 917 1565947322556728 1565947322598986 42258
I : 918 1565947322599026 1565947322641068 42042
I : 919 1565947322641104 1565947322683297 42193
I : 920 1565947322683337 1565947322725374 42037
I : 921 1565947322725410 1565947322768293 42883
I : 922 1565947322768309 1565947322810676 42367
I : 923 1565947322810705 1565947322853085 42380
I : 924 1565947322853125 1565947322896003 42878
I : 925 1565947322896017 1565947322937153 41136
I : 926 1565947322937184 1565947322979505 42321
I : 927 1565947322979541 1565947323022312 42771
I : 928 1565947323022330 1565947323063757 41427
I : 929 1565947323063794 1565947323105901 42107
I : 930 1565947323105941 1565947323148275 42334
I : 931 1565947323148311 1565947323190366 42055
I : 932 1565947323190406 1565947323233307 42901
I : 933 1565947323233343 1565947323276249 42906
I : 934 1565947323276264 1565947323317552 41288
I : 935 1565947323317581 1565947323359744 42163
I : 936 1565947323359784 1565947323402728 42944
I : 937 1565947323402742 1565947323444079 41337
I : 938 1565947323444111 1565947323486056 41945
I : 939 1565947323486092 1565947323528400 42308
I : 940 1565947323528439 1565947323571366 42927
I : 941 1565947323571403 1565947323613900 42497
I : 942 1565947323613939 1565947323656779 42840
I : 943 1565947323656815 1565947323698841 42026
I : 944 1565947323698880 1565947323741012 42132
I : 945 1565947323741026 1565947323782271 41245
I : 946 1565947323782297 1565947323824351 42054
I : 947 1565947323824366 1565947323865860 41494
I : 948 1565947323865900 1565947323908670 42770
I : 949 1565947323908706 1565947323950892 42186
I : 950 1565947323950932 1565947323996148 45216
I : 951 1565947323996184 1565947324038312 42128
I : 952 1565947324038352 1565947324080442 42090
I : 953 1565947324080479 1565947324122441 41962
I : 954 1565947324122481 1565947324165850 43369
I : 955 1565947324165887 1565947324208732 42845
I : 956 1565947324208772 1565947324251571 42799
I : 957 1565947324251586 1565947324292839 41253
I : 958 1565947324292871 1565947324335045 42174
I : 959 1565947324335082 1565947324377287 42205
I : 960 1565947324377326 1565947324420307 42981
I : 961 1565947324420321 1565947324461735 41414
I : 962 1565947324461761 1565947324503628 41867
I : 963 1565947324503664 1565947324546088 42424
I : 964 1565947324546127 1565947324589027 42900
I : 965 1565947324589062 1565947324631246 42184
I : 966 1565947324631286 1565947324675405 44119
I : 967 1565947324675442 1565947324718267 42825
I : 968 1565947324718283 1565947324759254 40971
I : 969 1565947324759268 1565947324800903 41635
I : 970 1565947324800923 1565947324842043 41120
I : 971 1565947324842079 1565947324884195 42116
I : 972 1565947324884236 1565947324926162 41926
I : 973 1565947324926177 1565947324967471 41294
I : 974 1565947324967498 1565947325008660 41162
I : 975 1565947325008697 1565947325050826 42129
I : 976 1565947325050865 1565947325096077 45212
I : 977 1565947325096112 1565947325138348 42236
I : 978 1565947325138388 1565947325181413 43025
I : 979 1565947325181449 1565947325223585 42136
I : 980 1565947325223624 1565947325266154 42530
I : 981 1565947325266169 1565947325307747 41578
I : 982 1565947325307785 1565947325349650 41865
I : 983 1565947325349665 1565947325391034 41369
I : 984 1565947325391071 1565947325433261 42190
I : 985 1565947325433298 1565947325475351 42053
I : 986 1565947325475378 1565947325517317 41939
I : 987 1565947325517353 1565947325559966 42613
I : 988 1565947325559996 1565947325602591 42595
I : 989 1565947325602628 1565947325645319 42691
I : 990 1565947325645350 1565947325688074 42724
I : 991 1565947325688111 1565947325730627 42516
I : 992 1565947325730657 1565947325773450 42793
I : 993 1565947325773486 1565947325815631 42145
I : 994 1565947325815671 1565947325858596 42925
I : 995 1565947325858632 1565947325900974 42342
I : 996 1565947325901003 1565947325944109 43106
I : 997 1565947325944145 1565947325986058 41913
I : 998 1565947325986094 1565947326029434 43340
I : 999 1565947326029471 1565947326071459 41988
I : 1000 1565947326071498 1565947326113935 42437
I : 1001 1565947326113997 1565947326157018 43021
