D : 1 1 1573563988113174 1573563988148099 34925 30259
D : 2 2 1573563988148119 1573563988190465 42346 30216
D : 3 3 1573563988190479 1573563988235827 45348 30188
D : 4 4 1573563988235842 1573563988276534 40692 30228
D : 5 5 1573563988276576 1573563988319305 42729 30262
D : 6 6 1573563988319324 1573563988362228 42904 30375
D : 7 7 1573563988362247 1573563988406702 44455 30236
D : 8 8 1573563988406725 1573563988449051 42326 30277
D : 9 9 1573563988449075 1573563988496458 47383 30451
D : 10 10 1573563988496487 1573563988539629 43142 30187
D : 11 11 1573563988539647 1573563988581021 41374 30118
D : 12 12 1573563988581083 1573563988630838 49755 30186
D : 13 13 1573563988630895 1573563988677000 46105 30373
D : 14 14 1573563988677044 1573563988722460 45416 30285
D : 15 15 1573563988722505 1573563988766374 43869 30232
D : 16 16 1573563988766419 1573563988823263 56844 33351
D : 17 17 1573563988823293 1573563988855639 32346 30369
D : 18 18 1573563988855685 1573563988893632 37947 30300
D : 19 19 1573563988893650 1573563988938710 45060 30400
D : 20 20 1573563988938754 1573563988988101 49347 30297
D : 21 21 1573563988988146 1573563989028971 40825 30286
D : 22 22 1573563989028989 1573563989071207 42218 30302
D : 23 23 1573563989071248 1573563989122230 50982 30296
D : 24 24 1573563989122274 1573563989165578 43304 30358
D : 25 25 1573563989165622 1573563989210093 44471 30317
D : 26 26 1573563989210135 1573563989250462 40327 30305
D : 27 27 1573563989250480 1573563989291837 41357 30402
D : 28 28 1573563989291878 1573563989352276 60398 32669
D : 29 29 1573563989352297 1573563989383133 30836 30308
D : 30 30 1573563989383153 1573563989424568 41415 30192
D : 31 31 1573563989424612 1573563989468125 43513 30316
D : 32 32 1573563989468143 1573563989512482 44339 30387
D : 33 33 1573563989512526 1573563989562710 50184 30435
D : 34 34 1573563989562753 1573563989610585 47832 30180
D : 35 35 1573563989610618 1573563989653349 42731 30291
D : 36 36 1573563989653392 1573563989690865 37473 30388
D : 37 37 1573563989690883 1573563989733995 43112 30310
D : 38 38 1573563989734038 1573563989780064 46026 30303
D : 39 39 1573563989780081 1573563989821387 41306 30402
D : 40 40 1573563989821429 1573563989881856 60427 33298
D : 41 41 1573563989881862 1573563989912619 30757 30278
D : 42 42 1573563989912638 1573563989954605 41967 30404
D : 43 43 1573563989954651 1573563989998182 43531 30257
D : 44 44 1573563989998200 1573563990042141 43941 30403
D : 45 45 1573563990042182 1573563990088488 46306 30255
D : 46 46 1573563990088506 1573563990130484 41978 30123
D : 47 47 1573563990130543 1573563990181333 50790 30323
D : 48 48 1573563990181377 1573563990217898 36521 30296
D : 49 49 1573563990217916 1573563990261969 44053 30362
D : 50 50 1573563990262012 1573563990307632 45620 30090
D : 51 51 1573563990307651 1573563990349560 41909 30295
D : 52 52 1573563990349604 1573563990396832 47228 30249
D : 53 53 1573563990396850 1573563990437273 40423 30257
D : 54 54 1573563990437315 1573563990487628 50313 30456
D : 55 55 1573563990487672 1573563990534435 46763 30350
D : 56 56 1573563990534479 1573563990576625 42146 30400
D : 57 57 1573563990576669 1573563990621260 44591 30397
D : 58 58 1573563990621304 1573563990668737 47433 30213
D : 59 59 1573563990668782 1573563990712141 43359 30418
D : 60 60 1573563990712185 1573563990754845 42660 30350
D : 61 61 1573563990754890 1573563990799558 44668 30370
D : 62 62 1573563990799602 1573563990840181 40579 30318
D : 63 63 1573563990840199 1573563990881366 41167 30187
D : 64 64 1573563990881404 1573563990938448 57044 30151
D : 65 65 1573563990938469 1573563990969428 30959 30297
D : 66 66 1573563990969448 1573563991014255 44807 30336
D : 67 67 1573563991014300 1573563991066833 52533 30349
D : 68 68 1573563991066877 1573563991104128 37251 30159
D : 69 69 1573563991104142 1573563991145753 41611 30302
D : 70 70 1573563991145794 1573563991200007 54213 30223
D : 71 71 1573563991200040 1573563991242405 42365 30212
D : 72 72 1573563991242449 1573563991285555 43106 30236
D : 73 73 1573563991285585 1573563991329909 44324 30403
D : 74 74 1573563991329954 1573563991375136 45182 30356
D : 75 75 1573563991375180 1573563991415210 40030 30364
D : 76 76 1573563991415229 1573563991458998 43769 30349
D : 77 77 1573563991459040 1573563991506506 47466 30448
D : 78 78 1573563991506551 1573563991547022 40471 30404
D : 79 79 1573563991547040 1573563991589194 42154 30244
D : 80 80 1573563991589238 1573563991638878 49640 30458
D : 81 81 1573563991638922 1573563991683242 44320 30351
D : 82 82 1573563991683287 1573563991724814 41527 30392
D : 83 83 1573563991724833 1573563991765774 40941 30307
D : 84 84 1573563991765816 1573563991815292 49476 30441
D : 85 85 1573563991815336 1573563991859943 44607 30439
D : 86 86 1573563991859987 1573563991905279 45292 30427
D : 87 87 1573563991905323 1573563991944671 39348 30351
D : 88 88 1573563991944689 1573563991988638 43949 30268
D : 89 89 1573563991988682 1573563992036484 47802 30445
D : 90 90 1573563992036527 1573563992076705 40178 30255
D : 91 91 1573563992076750 1573563992128842 52092 30258
D : 92 92 1573563992128876 1573563992170860 41984 30362
D : 93 93 1573563992170905 1573563992214720 43815 30332
D : 94 94 1573563992214764 1573563992255595 40831 30084
D : 95 95 1573563992255610 1573563992297110 41500 30174
D : 96 96 1573563992297151 1573563992346786 49635 30360
D : 97 97 1573563992346830 1573563992391513 44683 30461
D : 98 98 1573563992391557 1573563992436794 45237 30408
D : 99 99 1573563992436839 1573563992480375 43536 30197
D : 100 100 1573563992480419 1573563992532343 51924 30217
D : 101 101 1573563992532365 1573563992562857 30492 30318
D : 102 102 1573563992562875 1573563992606991 44116 30297
D : 103 103 1573563992607026 1573563992659643 52617 30189
D : 104 104 1573563992659688 1573563992697521 37833 30236
D : 105 105 1573563992697540 1573563992739649 42109 30138
D : 106 106 1573563992739694 1573563992781380 41686 30121
D : 107 107 1573563992781395 1573563992825990 44595 30312
D : 108 108 1573563992826034 1573563992875455 49421 30455
D : 109 109 1573563992875500 1573563992920301 44801 30448
D : 110 110 1573563992920345 1573563992960665 40320 30089
D : 111 111 1573563992960684 1573563993002016 41332 30303
D : 112 112 1573563993002058 1573563993059880 57822 30167
D : 113 113 1573563993059912 1573563993092830 32918 30270
D : 114 114 1573563993092850 1573563993134970 42120 30306
D : 115 115 1573563993135014 1573563993188114 53100 30429
D : 116 116 1573563993188149 1573563993225999 37850 30423
D : 117 117 1573563993226028 1573563993266517 40489 30311
D : 118 118 1573563993266549 1573563993321398 54849 30212
D : 119 119 1573563993321432 1573563993363900 42468 30209
D : 120 120 1573563993363934 1573563993406719 42785 30365
D : 121 121 1573563993406764 1573563993451491 44727 30446
D : 122 122 1573563993451535 1573563993496978 45443 30350
D : 123 123 1573563993497023 1573563993536962 39939 30273
D : 124 124 1573563993536981 1573563993582181 45200 30257
D : 125 125 1573563993582225 1573563993628611 46386 30421
D : 126 126 1573563993628655 1573563993669247 40592 30370
D : 127 127 1573563993669264 1573563993711475 42211 30173
D : 128 128 1573563993711512 1573563993761016 49504 30298
D : 129 129 1573563993761060 1573563993806105 45045 30445
D : 130 130 1573563993806149 1573563993846748 40599 30388
D : 131 131 1573563993846766 1573563993888519 41753 30260
D : 132 132 1573563993888562 1573563993938569 50007 30359
D : 133 133 1573563993938613 1573563993983581 44968 30362
D : 134 134 1573563993983625 1573563994028815 45190 30437
D : 135 135 1573563994028860 1573563994068181 39321 30245
D : 136 136 1573563994068199 1573563994112411 44212 30260
D : 137 137 1573563994112452 1573563994160538 48086 30456
D : 138 138 1573563994160582 1573563994200780 40198 30350
D : 139 139 1573563994200798 1573563994243103 42305 30401
D : 140 140 1573563994243138 1573563994292604 49466 30401
D : 141 141 1573563994292648 1573563994337564 44916 30430
D : 142 142 1573563994337609 1573563994378514 40905 30282
D : 143 143 1573563994378532 1573563994419277 40745 30225
D : 144 144 1573563994419316 1573563994460287 40971 30315
D : 145 145 1573563994460306 1573563994505400 45094 30302
D : 146 146 1573563994505548 1573563994556355 50807 30456
D : 147 147 1573563994556400 1573563994595611 39211 30150
D : 148 148 1573563994595630 1573563994640539 44909 30163
D : 149 149 1573563994640570 1573563994688108 47538 30453
D : 150 150 1573563994688152 1573563994727602 39450 30315
D : 151 151 1573563994727622 1573563994770487 42865 30303
D : 152 152 1573563994770529 1573563994820337 49808 30301
D : 153 153 1573563994820381 1573563994864794 44413 30295
D : 154 154 1573563994864838 1573563994904755 39917 30159
D : 155 155 1573563994904771 1573563994947051 42280 30302
D : 156 156 1573563994947095 1573563994996710 49615 30406
D : 157 157 1573563994996754 1573563995041305 44551 30349
D : 158 158 1573563995041350 1573563995086892 45542 30220
D : 159 159 1573563995086935 1573563995130214 43279 30305
D : 160 160 1573563995130260 1573563995183502 53242 30171
D : 161 161 1573563995183533 1573563995219642 36109 30368
D : 162 162 1573563995219688 1573563995259280 39592 30311
D : 163 163 1573563995259299 1573563995303911 44612 30179
D : 164 164 1573563995303933 1573563995345437 41504 30301
D : 165 165 1573563995345481 1573563995395014 49533 30334
D : 166 166 1573563995395059 1573563995436127 41068 30332
D : 167 167 1573563995436145 1573563995476988 40843 30284
D : 168 168 1573563995477030 1573563995518068 41038 30297
D : 169 169 1573563995518088 1573563995563713 45625 30337
D : 170 170 1573563995563758 1573563995613917 50159 30176
D : 171 171 1573563995613961 1573563995653105 39144 30269
D : 172 172 1573563995653120 1573563995727312 74192 60435
D : 173 173 1573563995727328 1573563995787638 60310 60283
D : 174 174 1573563995787680 1573563995848115 60435 60419
D : 175 175 1573563995848130 1573563995908550 60420 60403
D : 176 176 1573563995908574 1573563995968737 60163 60154
D : 177 177 1573563995968746 1573563996029079 60333 60322
D : 178 178 1573563996029095 1573563996089488 60393 60371
D : 179 179 1573563996089521 1573563996149902 60381 60367
D : 180 180 1573563996149918 1573563996210369 60451 60429
D : 181 181 1573563996210404 1573563996270881 60477 60461
D : 182 182 1573563996270899 1573563996331070 60171 60152
D : 183 183 1573563996331101 1573563996391610 60509 60495
D : 184 184 1573563996391626 1573563996451802 60176 60152
D : 185 185 1573563996451834 1573563996512358 60524 60504
D : 186 186 1573563996512383 1573563996572838 60455 60442
D : 187 187 1573563996572854 1573563996633021 60167 60147
D : 188 188 1573563996633054 1573563996693445 60391 60364
D : 189 189 1573563996693489 1573563996753981 60492 60460
D : 190 190 1573563996754025 1573563996814373 60348 60311
D : 191 191 1573563996814417 1573563996874911 60494 60457
D : 192 192 1573563996874954 1573563996935459 60505 60469
D : 193 193 1573563996935504 1573563996996022 60518 60500
D : 194 194 1573563996996038 1573563997056389 60351 60323
D : 195 195 1573563997056424 1573563997116785 60361 60324
D : 196 196 1573563997116828 1573563997177371 60543 60525
D : 197 197 1573563997177386 1573563997237825 60439 60417
D : 198 198 1573563997237852 1573563997298023 60171 60144
D : 199 199 1573563997298055 1573563997358536 60481 60455
D : 200 200 1573563997358566 1573563997419058 60492 60457
D : 201 201 1573563997419102 1573563997479596 60494 60474
D : 202 202 1573563997479616 1573563997540058 60442 60408
D : 203 203 1573563997540102 1573563997600548 60446 60428
D : 204 204 1573563997600567 1573563997660971 60404 60371
D : 205 205 1573563997661015 1573563997721517 60502 60466
D : 206 206 1573563997721561 1573563997781787 60226 60206
D : 207 207 1573563997781799 1573563997842248 60449 60418
D : 208 208 1573563997842293 1573563997902707 60414 60378
D : 209 209 1573563997902751 1573563997963001 60250 60218
D : 210 210 1573563997963031 1573563998023485 60454 60418
D : 211 211 1573563998023529 1573563998083722 60193 60174
D : 212 212 1573563998083739 1573563998144069 60330 60316
D : 213 213 1573563998144081 1573563998204501 60420 60396
D : 214 214 1573563998204531 1573563998264952 60421 60402
D : 215 215 1573563998264970 1573563998325307 60337 60306
D : 216 216 1573563998325351 1573563998385859 60508 60489
D : 217 217 1573563998385878 1573563998446061 60183 60156
D : 218 218 1573563998446091 1573563998506613 60522 60506
D : 219 219 1573563998506629 1573563998567038 60409 60382
D : 220 220 1573563998567072 1573563998627456 60384 60363
D : 221 221 1573563998627478 1573563998687925 60447 60431
D : 222 222 1573563998687941 1573563998748329 60388 60355
D : 223 223 1573563998748373 1573563998808901 60528 60509
D : 224 224 1573563998808931 1573563998869360 60429 60402
D : 225 225 1573563998869395 1573563998929655 60260 60229
D : 226 226 1573563998929690 1573563998990195 60505 60469
D : 227 227 1573563998990239 1573563999050743 60504 60468
D : 228 228 1573563999050787 1573563999111039 60252 60222
D : 229 229 1573563999111068 1573563999171553 60485 60463
D : 230 230 1573563999171578 1573563999231911 60333 60317
D : 231 231 1573563999231928 1573563999292349 60421 60390
D : 232 232 1573563999292393 1573563999352909 60516 60475
D : 233 233 1573563999352936 1573563999413383 60447 60413
D : 234 234 1573563999413428 1573563999473962 60534 60510
D : 235 235 1573563999473987 1573563999534433 60446 60413
D : 236 236 1573563999534477 1573563999594697 60220 60201
D : 237 237 1573563999594708 1573563999655146 60438 60424
D : 238 238 1573563999655162 1573563999715485 60323 60290
D : 239 239 1573563999715526 1573563999776014 60488 60467
D : 240 240 1573563999776034 1573563999836483 60449 60415
D : 241 241 1573563999836527 1573563999897055 60528 60511
D : 242 242 1573563999897072 1573563999957396 60324 60289
D : 243 243 1573563999957440 1573564000017853 60413 60395
D : 244 244 1573564000017869 1573564000078036 60167 60136
D : 245 245 1573564000078075 1573564000138490 60415 60395
D : 246 246 1573564000138510 1573564000198863 60353 60318
D : 247 247 1573564000198908 1573564000259351 60443 60413
D : 248 248 1573564000259367 1573564000319641 60274 60243
D : 249 249 1573564000319686 1573564000380195 60509 60490
D : 250 250 1573564000380212 1573564000440646 60434 60400
D : 251 251 1573564000440690 1573564000501190 60500 60481
D : 252 252 1573564000501206 1573564000601644 100438 100405
D : 253 253 1573564000601688 1573564000702236 100548 100514
D : 254 254 1573564000702276 1573564000802769 100493 100457
D : 255 255 1573564000802813 1573564000903338 100525 100490
D : 256 256 1573564000903378 1573564001003918 100540 100486
D : 257 257 1573564001003962 1573564001104409 100447 100410
D : 258 258 1573564001104454 1573564001204961 100507 100482
D : 259 259 1573564001204990 1573564001305498 100508 100468
D : 260 260 1573564001305531 1573564001406030 100499 100465
D : 261 261 1573564001406075 1573564001506569 100494 100458
D : 262 262 1573564001506613 1573564001607101 100488 100460
D : 263 263 1573564001607128 1573564001707586 100458 100423
D : 264 264 1573564001707630 1573564001808117 100487 100450
D : 265 265 1573564001808160 1573564001908585 100425 100400
D : 266 266 1573564001908613 1573564002009086 100473 100437
D : 267 267 1573564002009130 1573564002109520 100390 100356
D : 268 268 1573564002109560 1573564002210085 100525 100489
D : 269 269 1573564002210129 1573564002310632 100503 100472
D : 270 270 1573564002310661 1573564002411130 100469 100435
D : 271 271 1573564002411175 1573564002511696 100521 100494
D : 272 272 1573564002511723 1573564002611890 100167 100144
D : 273 273 1573564002611918 1573564002712392 100474 100440
D : 274 274 1573564002712436 1573564002812956 100520 100486
D : 275 275 1573564002812997 1573564002913491 100494 100465
D : 276 276 1573564002913524 1573564003014022 100498 100462
D : 277 277 1573564003014066 1573564003114578 100512 100475
D : 278 278 1573564003114622 1573564003215136 100514 100478
D : 279 279 1573564003215181 1573564003315697 100516 100482
D : 280 280 1573564003315757 1573564003416258 100501 100464
D : 281 281 1573564003416302 1573564003516807 100505 100469
D : 282 282 1573564003516851 1573564003617377 100526 100491
D : 283 283 1573564003617422 1573564003717907 100485 100455
D : 284 284 1573564003717939 1573564003818383 100444 100416
D : 285 285 1573564003818415 1573564003918827 100412 100372
D : 286 286 1573564003918868 1573564004019412 100544 100484
D : 287 287 1573564004019553 1573564004120050 100497 100463
D : 288 288 1573564004120089 1573564004220597 100508 100472
D : 289 289 1573564004220641 1573564004321151 100510 100473
D : 290 290 1573564004321194 1573564004421685 100491 100453
D : 291 291 1573564004421730 1573564004522235 100505 100469
D : 292 292 1573564004522278 1573564004622793 100515 100478
D : 293 293 1573564004622836 1573564004723348 100512 100476
D : 294 294 1573564004723416 1573564004823929 100513 100478
D : 295 295 1573564004823969 1573564004924469 100500 100464
D : 296 296 1573564004924512 1573564005025014 100502 100474
D : 297 297 1573564005025047 1573564005125542 100495 100460
D : 298 298 1573564005125585 1573564005226084 100499 100475
D : 299 299 1573564005226109 1573564005326557 100448 100428
D : 300 300 1573564005326579 1573564005426934 100355 100322
D : 301 301 1573564005426978 1573564005527480 100502 100466
D : 302 302 1573564005527552 1573564005628049 100497 100462
D : 303 303 1573564005628091 1573564005728599 100508 100479
D : 304 304 1573564005728632 1573564005829085 100453 100418
D : 305 305 1573564005829129 1573564005929590 100461 100423
D : 306 306 1573564005929633 1573564006030133 100500 100470
D : 307 307 1573564006030165 1573564006130661 100496 100461
D : 308 308 1573564006130705 1573564006231193 100488 100459
D : 309 309 1573564006231226 1573564006331715 100489 100455
D : 310 310 1573564006331760 1573564006432284 100524 100489
D : 311 311 1573564006432322 1573564006532763 100441 100415
D : 312 312 1573564006532790 1573564006633263 100473 100439
D : 313 313 1573564006633307 1573564006733851 100544 100508
D : 314 314 1573564006733895 1573564006834415 100520 100493
D : 315 315 1573564006834442 1573564006934924 100482 100451
D : 316 316 1573564006934963 1573564007035474 100511 100476
D : 317 317 1573564007035519 1573564007136035 100516 100480
D : 318 318 1573564007136078 1573564007236522 100444 100410
D : 319 319 1573564007236561 1573564007337012 100451 100430
D : 320 320 1573564007337031 1573564007437480 100449 100417
D : 321 321 1573564007437524 1573564007538054 100530 100498
D : 322 322 1573564007538094 1573564007638608 100514 100484
D : 323 323 1573564007638641 1573564007739109 100468 100444
D : 324 324 1573564007739137 1573564007839624 100487 100453
D : 325 325 1573564007839668 1573564007940138 100470 100434
D : 326 326 1573564007940181 1573564008040685 100504 100467
D : 327 327 1573564008040728 1573564008141212 100484 100450
D : 328 328 1573564008141252 1573564008241511 100259 100227
D : 329 329 1573564008241551 1573564008342068 100517 100484
D : 330 330 1573564008342107 1573564008442619 100512 100479
D : 331 331 1573564008442659 1573564008543199 100540 100503
D : 332 332 1573564008543243 1573564008643749 100506 100482
D : 333 333 1573564008643771 1573564008744219 100448 100414
D : 334 334 1573564008744262 1573564008844786 100524 100487
D : 335 335 1573564008844830 1573564008945221 100391 100362
D : 336 336 1573564008945253 1573564009045757 100504 100470
D : 337 337 1573564009045801 1573564009146320 100519 100481
D : 338 338 1573564009146364 1573564009246886 100522 100485
D : 339 339 1573564009246929 1573564009347438 100509 100483
D : 340 340 1573564009347465 1573564009447952 100487 100452
D : 341 341 1573564009447996 1573564009548514 100518 100482
D : 342 342 1573564009548558 1573564009649076 100518 100470
D : 343 343 1573564009649117 1573564009749610 100493 100458
D : 344 344 1573564009749655 1573564009850173 100518 100484
D : 345 345 1573564009850212 1573564009950741 100529 100492
D : 346 346 1573564009950785 1573564010051294 100509 100476
D : 347 347 1573564010051334 1573564010151847 100513 100488
D : 348 348 1573564010151874 1573564010252314 100440 100406
D : 349 349 1573564010252358 1573564010352788 100430 100394
D : 350 350 1573564010352832 1573564010453306 100474 100438
D : 351 351 1573564010453349 1573564010553855 100506 100469
D : 352 352 1573564010553898 1573564010654426 100528 100490
D : 353 353 1573564010654469 1573564010754988 100519 100485
D : 354 354 1573564010755027 1573564010855528 100501 100471
D : 355 355 1573564010855561 1573564010956042 100481 100445
D : 356 356 1573564010956085 1573564011056614 100529 100490
D : 357 357 1573564011056657 1573564011157122 100465 100428
D : 358 358 1573564011157165 1573564011257694 100529 100492
D : 359 359 1573564011257738 1573564011358261 100523 100488
D : 360 360 1573564011358300 1573564011458819 100519 100483
D : 361 361 1573564011458863 1573564011559362 100499 100463
D : 362 362 1573564011559431 1573564011659946 100515 100479
D : 363 363 1573564011659989 1573564011760429 100440 100402
D : 364 364 1573564011760473 1573564011860853 100380 100344
D : 365 365 1573564011860896 1573564011961297 100401 100366
D : 366 366 1573564011961336 1573564012061742 100406 100377
D : 367 367 1573564012061805 1573564012162205 100400 100365
D : 368 368 1573564012162248 1573564012262646 100398 100371
D : 369 369 1573564012262673 1573564012363030 100357 100324
D : 370 370 1573564012363074 1573564012463365 100291 100259
D : 371 371 1573564012463424 1573564012563733 100309 100282
D : 372 372 1573564012563761 1573564012664258 100497 100462
D : 373 373 1573564012664303 1573564012764817 100514 100478
D : 374 374 1573564012764862 1573564012865389 100527 100490
D : 375 375 1573564012865432 1573564012965931 100499 100462
D : 376 376 1573564012965975 1573564013066493 100518 100482
D : 377 377 1573564013066537 1573564013167062 100525 100488
D : 378 378 1573564013167105 1573564013267619 100514 100484
D : 379 379 1573564013267652 1573564013368160 100508 100473
D : 380 380 1573564013368204 1573564013468725 100521 100487
D : 381 381 1573564013468765 1573564013569276 100511 100475
D : 382 382 1573564013569321 1573564013669820 100499 100465
D : 383 383 1573564013669860 1573564013770374 100514 100481
D : 384 384 1573564013770414 1573564013870915 100501 100472
D : 385 385 1573564013870948 1573564013971346 100398 100364
D : 386 386 1573564013971416 1573564014071645 100229 100190
D : 387 387 1573564014071689 1573564014171950 100261 100232
D : 388 388 1573564014171985 1573564014272238 100253 100218
D : 389 389 1573564014272282 1573564014372545 100263 100229
D : 390 390 1573564014372584 1573564014473107 100523 100466
D : 391 391 1573564014473145 1573564014573641 100496 100469
D : 392 392 1573564014573675 1573564014674162 100487 100460
D : 393 393 1573564014674195 1573564014774710 100515 100481
D : 394 394 1573564014774754 1573564014875269 100515 100489
D : 395 395 1573564014875297 1573564014975812 100515 100484
D : 396 396 1573564014975852 1573564015076265 100413 100376
D : 397 397 1573564015076309 1573564015176819 100510 100472
D : 398 398 1573564015176862 1573564015277367 100505 100468
D : 399 399 1573564015277411 1573564015377819 100408 100374
D : 400 400 1573564015377860 1573564015478361 100501 100466
D : 401 401 1573564015478405 1573564015578934 100529 100492
D : 402 402 1573564015578978 1573564015679483 100505 100475
D : 403 403 1573564015679515 1573564015780009 100494 100458
D : 404 404 1573564015780052 1573564015880324 100272 100239
D : 405 405 1573564015880364 1573564015980630 100266 100230
D : 406 406 1573564015980674 1573564016081068 100394 100359
D : 407 407 1573564016081107 1573564016181508 100401 100366
D : 408 408 1573564016181552 1573564016281940 100388 100352
D : 409 409 1573564016281984 1573564016382401 100417 100384
D : 410 410 1573564016382437 1573564016482956 100519 100482
D : 411 411 1573564016482999 1573564016583510 100511 100482
D : 412 412 1573564016583542 1573564016684025 100483 100447
D : 413 413 1573564016684069 1573564016784568 100499 100469
D : 414 414 1573564016784601 1573564016885110 100509 100482
D : 415 415 1573564016885143 1573564016985616 100473 100438
D : 416 416 1573564016985661 1573564017086177 100516 100479
D : 417 417 1573564017086221 1573564017186738 100517 100481
D : 418 418 1573564017186782 1573564017287294 100512 100486
D : 419 419 1573564017287321 1573564017387741 100420 100386
D : 420 420 1573564017387785 1573564017488296 100511 100475
D : 421 421 1573564017488340 1573564017588850 100510 100483
D : 422 422 1573564017588881 1573564017689366 100485 100449
D : 423 423 1573564017689409 1573564017789826 100417 100379
D : 424 424 1573564017789946 1573564017890357 100411 100376
D : 425 425 1573564017890400 1573564017990800 100400 100373
D : 426 426 1573564017990829 1573564018091197 100368 100336
D : 427 427 1573564018091235 1573564018191619 100384 100347
D : 428 428 1573564018191663 1573564018291966 100303 100271
D : 429 429 1573564018292002 1573564018392518 100516 100480
D : 430 430 1573564018392562 1573564018493029 100467 100430
D : 431 431 1573564018493073 1573564018593577 100504 100476
D : 432 432 1573564018593605 1573564018694120 100515 100479
D : 433 433 1573564018694164 1573564018794690 100526 100489
D : 434 434 1573564018794735 1573564018895246 100511 100473
D : 435 435 1573564018895290 1573564018995816 100526 100497
D : 436 436 1573564018995849 1573564019096381 100532 100500
D : 437 437 1573564019096420 1573564019196899 100479 100443
D : 438 438 1573564019196944 1573564019297455 100511 100475
D : 439 439 1573564019297499 1573564019398017 100518 100480
D : 440 440 1573564019398061 1573564019498598 100537 100484
D : 441 441 1573564019498641 1573564019599157 100516 100479
D : 442 442 1573564019599201 1573564019699713 100512 100475
D : 443 443 1573564019699758 1573564019800264 100506 100476
D : 444 444 1573564019800297 1573564019900571 100274 100240
D : 445 445 1573564019900615 1573564020000851 100236 100196
D : 446 446 1573564020000906 1573564020101327 100421 100383
D : 447 447 1573564020101371 1573564020201760 100389 100363
D : 448 448 1573564020201788 1573564020301988 100200 100169
D : 449 449 1573564020302025 1573564020402548 100523 100486
D : 450 450 1573564020402592 1573564020503107 100515 100484
D : 451 451 1573564020503140 1573564020603566 100426 100399
D : 452 452 1573564020603633 1573564020704136 100503 100469
D : 453 453 1573564020704181 1573564020804704 100523 100487
D : 454 454 1573564020804748 1573564020905221 100473 100437
D : 455 455 1573564020905265 1573564021005753 100488 100459
D : 456 456 1573564021005785 1573564021106274 100489 100455
D : 457 457 1573564021106318 1573564021206861 100543 100506
D : 458 458 1573564021206905 1573564021307442 100537 100498
D : 459 459 1573564021307486 1573564021407991 100505 100468
D : 460 460 1573564021408034 1573564021508554 100520 100483
D : 461 461 1573564021508599 1573564021609117 100518 100482
D : 462 462 1573564021609162 1573564021709653 100491 100454
D : 463 463 1573564021709697 1573564021810101 100404 100367
D : 464 464 1573564021810146 1573564021910557 100411 100375
D : 465 465 1573564021910602 1573564022011026 100424 100388
D : 466 466 1573564022011070 1573564022111337 100267 100237
D : 467 467 1573564022111368 1573564022211608 100240 100207
D : 468 468 1573564022211648 1573564022312160 100512 100477
D : 469 469 1573564022312203 1573564022412727 100524 100489
D : 470 470 1573564022412771 1573564022513248 100477 100435
D : 471 471 1573564022513292 1573564022613806 100514 100477
D : 472 472 1573564022613849 1573564022714375 100526 100491
D : 473 473 1573564022714415 1573564022814958 100543 100508
D : 474 474 1573564022815002 1573564022915512 100510 100476
D : 475 475 1573564022915554 1573564023016063 100509 100474
D : 476 476 1573564023016107 1573564023116621 100514 100478
D : 477 477 1573564023116665 1573564023217124 100459 100433
D : 478 478 1573564023217172 1573564023317649 100477 100443
D : 479 479 1573564023317693 1573564023418206 100513 100476
D : 480 480 1573564023418250 1573564023518769 100519 100483
D : 481 481 1573564023518813 1573564023619317 100504 100467
D : 482 482 1573564023619361 1573564023719887 100526 100496
D : 483 483 1573564023719919 1573564023820419 100500 100466
D : 484 484 1573564023820463 1573564023920925 100462 100426
D : 485 485 1573564023920969 1573564024021481 100512 100477
D : 486 486 1573564024021526 1573564024122039 100513 100478
D : 487 487 1573564024122084 1573564024222597 100513 100486
D : 488 488 1573564024222624 1573564024323090 100466 100430
D : 489 489 1573564024323134 1573564024423650 100516 100480
D : 490 490 1573564024423694 1573564024524225 100531 100501
D : 491 491 1573564024524258 1573564024624752 100494 100460
D : 492 492 1573564024624796 1573564024725261 100465 100439
D : 493 493 1573564024725289 1573564024825742 100453 100425
D : 494 494 1573564024825786 1573564024926272 100486 100455
D : 495 495 1573564024926316 1573564025026829 100513 100483
D : 496 496 1573564025026874 1573564025127378 100504 100474
D : 497 497 1573564025127454 1573564025227957 100503 100472
D : 498 498 1573564025228002 1573564025328517 100515 100484
D : 499 499 1573564025328561 1573564025429019 100458 100427
D : 500 500 1573564025429063 1573564025529569 100506 100474
