D : 1 1 1573565405201682 1573565405235883 34201 30165
D : 2 2 1573565405235903 1573565405278159 42256 30197
D : 3 3 1573565405278167 1573565405322329 44162 30161
D : 4 4 1573565405322340 1573565405363579 41239 30279
D : 5 5 1573565405363620 1573565405413695 50075 30442
D : 6 6 1573565405413711 1573565405454939 41228 30211
D : 7 7 1573565405454955 1573565405496115 41160 30245
D : 8 8 1573565405496134 1573565405546462 50328 30353
D : 9 9 1573565405546484 1573565405587947 41463 30389
D : 10 10 1573565405587988 1573565405633398 45410 30351
D : 11 11 1573565405633440 1573565405678613 45173 30355
D : 12 12 1573565405678676 1573565405719306 40630 30288
D : 13 13 1573565405719325 1573565405761010 41685 30286
D : 14 14 1573565405761052 1573565405810317 49265 30390
D : 15 15 1573565405810359 1573565405859763 49404 30217
D : 16 16 1573565405859794 1573565405900093 40299 30295
D : 17 17 1573565405900135 1573565405948824 48689 30223
D : 18 18 1573565405948855 1573565405989959 41104 30347
D : 19 19 1573565405990000 1573565406033205 43205 30446
D : 20 20 1573565406033249 1573565406076124 42875 30239
D : 21 21 1573565406076143 1573565406117193 41050 30399
D : 22 22 1573565406117235 1573565406161252 44017 30150
D : 23 23 1573565406161270 1573565406203604 42334 30174
D : 24 24 1573565406203645 1573565406253674 50029 30445
D : 25 25 1573565406253717 1573565406296946 43229 30220
D : 26 26 1573565406296981 1573565406341875 44894 30442
D : 27 27 1573565406341918 1573565406382969 41051 30290
D : 28 28 1573565406382988 1573565406425204 42216 30375
D : 29 29 1573565406425245 1573565406477928 52683 30324
D : 30 30 1573565406477960 1573565406519686 41726 30173
D : 31 31 1573565406519728 1573565406563474 43746 30381
D : 32 32 1573565406563517 1573565406605872 42355 30418
D : 33 33 1573565406605890 1573565406646748 40858 30407
D : 34 34 1573565406646811 1573565406691218 44407 30354
D : 35 35 1573565406691237 1573565406733235 41998 30171
D : 36 36 1573565406733277 1573565406779235 45958 30297
D : 37 37 1573565406779280 1573565406826380 47100 30396
D : 38 38 1573565406826399 1573565406864860 38461 30346
D : 39 39 1573565406864901 1573565406907417 42516 30300
D : 40 40 1573565406907437 1573565406951825 44388 30168
D : 41 41 1573565406951859 1573565407004123 52264 30358
D : 42 42 1573565407004166 1573565407039109 34943 30246
D : 43 43 1573565407039129 1573565407083213 44084 30307
D : 44 44 1573565407083258 1573565407138878 55620 30213
D : 45 45 1573565407138909 1573565407181140 42231 30257
D : 46 46 1573565407181175 1573565407218594 37419 30276
D : 47 47 1573565407218612 1573565407260475 41863 30344
D : 48 48 1573565407260516 1573565407306022 45506 30310
D : 49 49 1573565407306039 1573565407347449 41410 30226
D : 50 50 1573565407347490 1573565407397325 49835 30211
D : 51 51 1573565407397368 1573565407445794 48426 30359
D : 52 52 1573565407445837 1573565407487637 41800 30271
D : 53 53 1573565407487681 1573565407536267 48586 30210
D : 54 54 1573565407536301 1573565407578361 42060 30351
D : 55 55 1573565407578405 1573565407621292 42887 30351
D : 56 56 1573565407621337 1573565407672452 51115 30217
D : 57 57 1573565407672483 1573565407715456 42973 30210
D : 58 58 1573565407715489 1573565407750932 35443 30135
D : 59 59 1573565407750951 1573565407793615 42664 30313
D : 60 60 1573565407793658 1573565407836759 43101 30278
D : 61 61 1573565407836777 1573565407880698 43921 30130
D : 62 62 1573565407880741 1573565407927630 46889 30175
D : 63 63 1573565407927648 1573565407970233 42585 30252
D : 64 64 1573565407970275 1573565408017297 47022 30394
D : 65 65 1573565408017315 1573565408057516 40201 30307
D : 66 66 1573565408057557 1573565408107503 49946 30364
D : 67 67 1573565408107547 1573565408146784 39237 30299
D : 68 68 1573565408146802 1573565408190940 44138 30417
D : 69 69 1573565408191013 1573565408242386 51373 30208
D : 70 70 1573565408242420 1573565408283077 40657 30358
D : 71 71 1573565408283120 1573565408323409 40289 30322
D : 72 72 1573565408323428 1573565408365155 41727 30275
D : 73 73 1573565408365197 1573565408415303 50106 30402
D : 74 74 1573565408415348 1573565408463638 48290 30209
D : 75 75 1573565408463671 1573565408498772 35101 30279
D : 76 76 1573565408498790 1573565408542044 43254 30306
D : 77 77 1573565408542088 1573565408596689 54601 30210
D : 78 78 1573565408596722 1573565408638611 41889 30342
D : 79 79 1573565408638655 1573565408677119 38464 30293
D : 80 80 1573565408677137 1573565408720906 43769 30279
D : 81 81 1573565408720946 1573565408773656 52710 30167
D : 82 82 1573565408773691 1573565408813722 40031 30448
D : 83 83 1573565408813776 1573565408854336 40560 30304
D : 84 84 1573565408854354 1573565408895334 40980 30394
D : 85 85 1573565408895369 1573565408945904 50535 30451
D : 86 86 1573565408945947 1573565408994049 48102 30221
D : 87 87 1573565408994081 1573565409031471 37390 30169
D : 88 88 1573565409031489 1573565409072801 41312 30272
D : 89 89 1573565409072837 1573565409128269 55432 30222
D : 90 90 1573565409128302 1573565409169867 41565 30361
D : 91 91 1573565409169909 1573565409208314 38405 30251
D : 92 92 1573565409208335 1573565409252959 44624 30284
D : 93 93 1573565409253002 1573565409305305 52303 30168
D : 94 94 1573565409305340 1573565409344731 39391 30242
D : 95 95 1573565409344772 1573565409385669 40897 30224
D : 96 96 1573565409385688 1573565409427434 41746 30289
D : 97 97 1573565409427478 1573565409476937 49459 30338
D : 98 98 1573565409476981 1573565409525722 48741 30209
D : 99 99 1573565409525755 1573565409561712 35957 30373
D : 100 100 1573565409561732 1573565409604420 42688 30256
D : 101 101 1573565409604464 1573565409659021 54557 30217
D : 102 102 1573565409659055 1573565409701232 42177 30224
D : 103 103 1573565409701275 1573565409739668 38393 30086
D : 104 104 1573565409739686 1573565409783512 43826 30396
D : 105 105 1573565409783553 1573565409836019 52466 30172
D : 106 106 1573565409836054 1573565409876231 40177 30303
D : 107 107 1573565409876275 1573565409916975 40700 30386
D : 108 108 1573565409916994 1573565409958243 41249 30303
D : 109 109 1573565409958285 1573565410008317 50032 30385
D : 110 110 1573565410008361 1573565410057067 48706 30215
D : 111 111 1573565410057101 1573565410093087 35986 30132
D : 112 112 1573565410093103 1573565410164852 71749 60345
D : 113 113 1573565410164896 1573565410225370 60474 60442
D : 114 114 1573565410225413 1573565410285893 60480 60460
D : 115 115 1573565410285915 1573565410346352 60437 60410
D : 116 116 1573565410346397 1573565410406887 60490 60459
D : 117 117 1573565410406931 1573565410467361 60430 60409
D : 118 118 1573565410467383 1573565410527841 60458 60422
D : 119 119 1573565410527885 1573565410588143 60258 60230
D : 120 120 1573565410588177 1573565410648686 60509 60489
D : 121 121 1573565410648714 1573565410709142 60428 60399
D : 122 122 1573565410709185 1573565410769585 60400 60369
D : 123 123 1573565410769760 1573565410831496 61736 61701
D : 124 124 1573565410831542 1573565410892466 60924 60890
D : 125 125 1573565410892511 1573565410953399 60888 60854
D : 126 126 1573565410953444 1573565411014467 61023 60988
D : 127 127 1573565411062430 1573565411175288 112858 60379
D : 128 128 1573565411175314 1573565411260483 85169 60258
D : 129 129 1573565411260513 1573565411352951 92438 60290
D : 130 130 1573565411352980 1573565411439000 86020 60233
D : 131 131 1573565411439030 1573565411526153 87123 60299
D : 132 132 1573565411526180 1573565411623532 97352 60487
D : 133 133 1573565411623551 1573565411702241 78690 60284
D : 134 134 1573565411702285 1573565411799311 97026 60379
D : 135 135 1573565411799355 1573565411878006 78651 60287
D : 136 136 1573565411878039 1573565411967749 89710 60301
D : 137 137 1573565411967781 1573565412060054 92273 60341
D : 138 138 1573565412060090 1573565412150458 90368 60361
D : 139 139 1573565412150500 1573565412245344 94844 60453
D : 140 140 1573565412245386 1573565412328161 82775 60277
D : 141 141 1573565412328202 1573565412417171 88969 60223
D : 142 142 1573565412417211 1573565412499330 82119 60149
D : 143 143 1573565412499344 1573565412598458 99114 60458
D : 144 144 1573565412598499 1573565412682831 84332 60236
D : 145 145 1573565412682845 1573565412764286 81441 60238
D : 146 146 1573565412764404 1573565412849753 85349 60317
D : 147 147 1573565412849787 1573565412947168 97381 60420
D : 148 148 1573565412947208 1573565413028930 81722 60239
D : 149 149 1573565413028963 1573565413120224 91261 60382
D : 150 150 1573565413120252 1573565413210998 90746 60371
D : 151 151 1573565413211039 1573565413305776 94737 60372
D : 152 152 1573565413305792 1573565413376321 70529 60217
D : 153 153 1573565413376337 1573565413464131 87794 60222
D : 154 154 1573565413464147 1573565413551611 87464 60206
D : 155 155 1573565413551627 1573565413639137 87510 60330
D : 156 156 1573565413639152 1573565413727346 88194 60323
D : 157 157 1573565413727418 1573565413830398 102980 60351
D : 158 158 1573565413830439 1573565413913504 83065 60388
D : 159 159 1573565413913521 1573565413993151 79630 60325
D : 160 160 1573565413993191 1573565414078899 85708 60331
D : 161 161 1573565414078941 1573565414181214 102273 60459
D : 162 162 1573565414181255 1573565414265949 84694 60430
D : 163 163 1573565414265964 1573565414360588 94624 60323
D : 164 164 1573565414360630 1573565414443633 83003 60372
D : 165 165 1573565414443673 1573565414532449 88776 60411
D : 166 166 1573565414532490 1573565414613990 81500 60118
D : 167 167 1573565414614018 1573565414713174 99156 60457
D : 168 168 1573565414713216 1573565414797525 84309 60245
D : 169 169 1573565414797552 1573565414886520 88968 60353
D : 170 170 1573565414886562 1573565414967732 81170 60171
D : 171 171 1573565414967760 1573565415052703 84943 60198
D : 172 172 1573565415052736 1573565415143131 90395 60217
D : 173 173 1573565415143167 1573565415233969 90802 60134
D : 174 174 1573565415233996 1573565415318206 84210 60179
D : 175 175 1573565415318222 1573565415420190 101968 60372
D : 176 176 1573565415420232 1573565415495124 74892 60314
D : 177 177 1573565415495152 1573565415590976 95824 60359
D : 178 178 1573565415591015 1573565415671660 80645 60102
D : 179 179 1573565415671687 1573565415761792 90105 60312
D : 180 180 1573565415761819 1573565415848814 86995 60170
D : 181 181 1573565415848846 1573565415936043 87197 60158
D : 182 182 1573565415936073 1573565416032296 96223 60369
D : 183 183 1573565416032315 1573565416111298 78983 60339
D : 184 184 1573565416111338 1573565416200493 89155 60094
D : 185 185 1573565416200515 1573565416288321 87806 60319
D : 186 186 1573565416288368 1573565416375119 86751 60308
D : 187 187 1573565416375144 1573565416462944 87800 60287
D : 188 188 1573565416462973 1573565416550376 87403 60331
D : 189 189 1573565416550410 1573565416646636 96226 60513
D : 190 190 1573565416646675 1573565416735339 88664 60370
D : 191 191 1573565416735356 1573565416814287 78931 60204
D : 192 192 1573565416814327 1573565416912269 97942 60430
D : 193 193 1573565416912308 1573565417000613 88305 60327
D : 194 194 1573565417000654 1573565417090229 89575 60423
D : 195 195 1573565417090245 1573565417168521 78276 60288
D : 196 196 1573565417168537 1573565417258306 89769 60310
D : 197 197 1573565417258346 1573565417347528 89182 60338
D : 198 198 1573565417347562 1573565417434965 87403 60285
D : 199 199 1573565417434993 1573565417520306 85313 60276
D : 200 200 1573565417520335 1573565417619037 98702 60425
D : 201 201 1573565417619054 1573565417697756 78702 60227
D : 202 202 1573565417697772 1573565417826428 128656 100421
D : 203 203 1573565417826443 1573565417926781 100338 100325
D : 204 204 1573565417926798 1573565418026939 100141 100132
D : 205 205 1573565418026951 1573565418127284 100333 100321
D : 206 206 1573565418127300 1573565418227620 100320 100308
D : 207 207 1573565418227636 1573565418328032 100396 100383
D : 208 208 1573565418328050 1573565418428189 100139 100131
D : 209 209 1573565418428210 1573565418528519 100309 100299
D : 210 210 1573565418528535 1573565418628840 100305 100292
D : 211 211 1573565418628857 1573565418729151 100294 100266
D : 212 212 1573565418729182 1573565418829546 100364 100341
D : 213 213 1573565418829575 1573565418929984 100409 100384
D : 214 214 1573565418930020 1573565419030446 100426 100396
D : 215 215 1573565419030487 1573565419130655 100168 100159
D : 216 216 1573565419130676 1573565419230947 100271 100247
D : 217 217 1573565419230989 1573565419331453 100464 100447
D : 218 218 1573565419331470 1573565419431848 100378 100352
D : 219 219 1573565419431889 1573565419532132 100243 100227
D : 220 220 1573565419532146 1573565419632512 100366 100346
D : 221 221 1573565419632541 1573565419732842 100301 100278
D : 222 222 1573565419732874 1573565419833105 100231 100209
D : 223 223 1573565419833135 1573565419933506 100371 100357
D : 224 224 1573565419933522 1573565420033760 100238 100213
D : 225 225 1573565420033801 1573565420134006 100205 100183
D : 226 226 1573565420134028 1573565420234253 100225 100208
D : 227 227 1573565420234333 1573565420335147 100814 100783
D : 228 228 1573565420335190 1573565420436144 100954 100919
D : 229 229 1573565420436187 1573565420537288 101101 101065
D : 230 230 1573565420537323 1573565420638441 101118 101084
D : 231 231 1573565420638474 1573565420739547 101073 101038
D : 232 232 1573565420831242 1573565421027311 196069 100179
D : 233 233 1573565421027352 1573565421158330 130978 100297
D : 234 234 1573565421158346 1573565421289375 131029 100405
D : 235 235 1573565421289404 1573565421432289 142885 100522
D : 236 236 1573565421432314 1573565421572911 140597 100393
D : 237 237 1573565421572953 1573565421697182 124229 100235
D : 238 238 1573565421697222 1573565421830535 133313 100336
D : 239 239 1573565421830552 1573565421953730 123178 100352
D : 240 240 1573565421953755 1573565422089505 135750 100276
D : 241 241 1573565422089546 1573565422225385 135839 100514
D : 242 242 1573565422225425 1573565422359248 133823 100213
D : 243 243 1573565422359275 1573565422492166 132891 100419
D : 244 244 1573565422492206 1573565422625566 133360 100427
D : 245 245 1573565422625608 1573565422759068 133460 100512
D : 246 246 1573565422759109 1573565422885421 126312 100080
D : 247 247 1573565422885427 1573565423012438 127011 100424
D : 248 248 1573565423012478 1573565423144029 131551 100197
D : 249 249 1573565423144035 1573565423277852 133817 100348
D : 250 250 1573565423277886 1573565423412863 134977 100199
D : 251 251 1573565423412879 1573565423540313 127434 100434
D : 252 252 1573565423540352 1573565423671266 130914 100301
D : 253 253 1573565423671282 1573565423804112 132830 100202
D : 254 254 1573565423804131 1573565423939534 135403 100180
D : 255 255 1573565423939550 1573565424066081 126531 100343
D : 256 256 1573565424066120 1573565424199756 133636 100104
D : 257 257 1573565424199762 1573565424329843 130081 100184
D : 258 258 1573565424329868 1573565424460378 130510 100083
D : 259 259 1573565424460383 1573565424592864 132481 100401
D : 260 260 1573565424592900 1573565424730758 137858 100260
D : 261 261 1573565424730798 1573565424867147 136349 100513
D : 262 262 1573565424867174 1573565424999485 132311 100207
D : 263 263 1573565424999492 1573565425122614 123122 100325
D : 264 264 1573565425122654 1573565425260120 137466 100179
D : 265 265 1573565425260154 1573565425385894 125740 100262
D : 266 266 1573565425385935 1573565425528568 142633 100418
D : 267 267 1573565425528586 1573565425651442 122856 100219
D : 268 268 1573565425651483 1573565425788999 137516 100270
D : 269 269 1573565425789039 1573565425924575 135536 100405
D : 270 270 1573565425924604 1573565426057286 132682 100329
D : 271 271 1573565426057303 1573565426179724 122421 100127
D : 272 272 1573565426179740 1573565426312493 132753 100200
D : 273 273 1573565426312517 1573565426449180 136663 100325
D : 274 274 1573565426449222 1573565426584979 135757 100200
D : 275 275 1573565426585011 1573565426717033 132022 100175
D : 276 276 1573565426717051 1573565426843582 126531 100143
D : 277 277 1573565426843622 1573565426979622 136000 100504
D : 278 278 1573565426979662 1573565427113561 133899 100327
D : 279 279 1573565427113579 1573565427236845 123266 100346
D : 280 280 1573565427236884 1573565427373424 136540 100263
D : 281 281 1573565427373455 1573565427509925 136470 100518
D : 282 282 1573565427509965 1573565427643361 133396 100509
D : 283 283 1573565427643426 1573565427776399 132973 100433
D : 284 284 1573565427776439 1573565427904965 128526 100169
D : 285 285 1573565427905063 1573565428041396 136333 100412
D : 286 286 1573565428041436 1573565428172266 130830 100295
Z3 : 1 127 1573565411062375 1573565411144445 82070 30162
Z3 : 2 128 1573565411144461 1573565411260476 116015 60145
Z3 : 3 129 1573565411260513 1573565411353028 92515 60182
Z3 : 4 130 1573565411353040 1573565411438374 85334 60361
Z3 : 5 131 1573565411438405 1573565411526147 87742 60299
Z3 : 6 132 1573565411526180 1573565411623632 97452 60558
Z3 : 7 133 1573565411623637 1573565411700600 76963 60435
Z3 : 8 134 1573565411700661 1573565411799502 98841 60582
Z3 : 9 135 1573565411799523 1573565411877998 78475 60287
Z3 : 10 136 1573565411878039 1573565411966878 88839 60281
Z3 : 11 137 1573565411966911 1573565412058230 91319 60287
Z3 : 12 138 1573565412058261 1573565412151058 92797 60207
Z3 : 13 139 1573565412151088 1573565412239219 88131 60352
Z3 : 14 140 1573565412239261 1573565412328152 88891 60277
Z3 : 15 141 1573565412328202 1573565412417162 88960 60223
Z3 : 16 142 1573565412417211 1573565412498589 81378 60148
Z3 : 17 143 1573565412498612 1573565412590119 91507 60448
Z3 : 18 144 1573565412590161 1573565412683926 93765 60145
Z3 : 19 145 1573565412683943 1573565412762077 78134 60289
Z3 : 20 146 1573565412762119 1573565412849745 87626 60317
Z3 : 21 147 1573565412849787 1573565412947159 97372 60420
Z3 : 22 148 1573565412947208 1573565413028005 80797 60145
Z3 : 23 149 1573565413028039 1573565413118285 90246 60148
Z3 : 24 150 1573565413118314 1573565413211734 93420 60174
Z3 : 25 151 1573565413211776 1573565413299635 87859 60148
Z3 : 26 152 1573565413299652 1573565413376318 76666 60217
Z3 : 27 153 1573565413376337 1573565413464127 87790 60222
Z3 : 28 154 1573565413464147 1573565413550296 86149 60313
Z3 : 29 155 1573565413550312 1573565413639134 88822 60330
Z3 : 30 156 1573565413639152 1573565413727349 88197 60112
Z3 : 31 157 1573565413727418 1573565413824398 96980 60365
Z3 : 32 158 1573565413824441 1573565413913501 89060 60388
Z3 : 33 159 1573565413913521 1573565413993142 79621 60325
Z3 : 34 160 1573565413993191 1573565414077949 84758 60286
Z3 : 35 161 1573565414077991 1573565414173015 95024 60461
Z3 : 36 162 1573565414173057 1573565414265945 92888 60430
Z3 : 37 163 1573565414265964 1573565414354627 88663 60344
Z3 : 38 164 1573565414354670 1573565414443624 88954 60372
Z3 : 39 165 1573565414443673 1573565414532441 88768 60411
Z3 : 40 166 1573565414532490 1573565414613105 80615 60389
Z3 : 41 167 1573565414613131 1573565414704749 91618 60361
Z3 : 42 168 1573565414704793 1573565414797515 92722 60245
Z3 : 43 169 1573565414797552 1573565414892629 95077 60317
Z3 : 44 170 1573565414892669 1573565414967726 75057 60171
Z3 : 45 171 1573565414967760 1573565415052695 84935 60198
Z3 : 46 172 1573565415052736 1573565415142469 89733 60409
Z3 : 47 173 1573565415142503 1573565415233964 91461 60134
Z3 : 48 174 1573565415233996 1573565415318201 84205 60179
Z3 : 49 175 1573565415318222 1573565415414387 96165 60459
Z3 : 50 176 1573565415414430 1573565415495118 80688 60314
Z3 : 51 177 1573565415495152 1573565415590967 95815 60359
Z3 : 52 178 1573565415591015 1573565415671023 80008 60275
Z3 : 53 179 1573565415671062 1573565415761786 90724 60312
Z3 : 54 180 1573565415761819 1573565415848806 86987 60170
Z3 : 55 181 1573565415848846 1573565415936493 87647 60149
Z3 : 56 182 1573565415936509 1573565416032293 95784 60369
Z3 : 57 183 1573565416032315 1573565416111289 78974 60339
Z3 : 58 184 1573565416111338 1573565416199615 88277 60189
Z3 : 59 185 1573565416199645 1573565416288315 88670 60319
Z3 : 60 186 1573565416288368 1573565416375114 86746 60308
Z3 : 61 187 1573565416375144 1573565416463675 88531 60227
Z3 : 62 188 1573565416463716 1573565416550369 86653 60335
Z3 : 63 189 1573565416550410 1573565416646626 96216 60513
Z3 : 64 190 1573565416646675 1573565416733777 87102 60380
Z3 : 65 191 1573565416733793 1573565416814277 80484 60204
Z3 : 66 192 1573565416814348 1573565416912259 97911 60430
Z3 : 67 193 1573565416912308 1573565417004008 91700 60215
Z3 : 68 194 1573565417004044 1573565417090226 86182 60423
Z3 : 69 195 1573565417090245 1573565417168518 78273 60120
Z3 : 70 196 1573565417168537 1573565417255861 87324 60175
Z3 : 71 197 1573565417255891 1573565417347520 91629 60338
Z3 : 72 198 1573565417347562 1573565417434958 87396 60285
Z3 : 73 199 1573565417434993 1573565417521032 86039 60236
Z3 : 74 200 1573565417521061 1573565417619034 97973 60425
Z3 : 75 201 1573565417619054 1573565417697753 78699 60227
Z3 : 76 202 1573565417697772 1573565417824511 126739 100206
Z3 : 77 203 1573565417824527 1573565417924720 100193 100183
Z3 : 78 204 1573565417924737 1573565418025187 100450 100425
Z3 : 79 205 1573565418025205 1573565418125673 100468 100458
Z3 : 80 206 1573565418125689 1573565418226025 100336 100327
Z3 : 81 207 1573565418226042 1573565418326381 100339 100329
Z3 : 82 208 1573565418326399 1573565418426574 100175 100163
Z3 : 83 209 1573565418426605 1573565418527120 100515 100504
Z3 : 84 210 1573565418527136 1573565418627476 100340 100330
Z3 : 85 211 1573565418627495 1573565418727918 100423 100405
Z3 : 86 212 1573565418727961 1573565418828399 100438 100421
Z3 : 87 213 1573565418828426 1573565418928761 100335 100303
Z3 : 88 214 1573565418928808 1573565419029292 100484 100463
Z3 : 89 215 1573565419029335 1573565419129538 100203 100187
Z3 : 90 216 1573565419129576 1573565419230001 100425 100404
Z3 : 91 217 1573565419230044 1573565419330427 100383 100369
Z3 : 92 218 1573565419330444 1573565419430710 100266 100247
Z3 : 93 219 1573565419430753 1573565419531136 100383 100367
Z3 : 94 220 1573565419531163 1573565419631629 100466 100453
Z3 : 95 221 1573565419631656 1573565419732024 100368 100352
Z3 : 96 222 1573565419732058 1573565419832292 100234 100220
Z3 : 97 223 1573565419832323 1573565419932838 100515 100504
Z3 : 98 224 1573565419932855 1573565420033155 100300 100282
Z3 : 99 225 1573565420033198 1573565420133625 100427 100380
Z3 : 100 226 1573565420133665 1573565420233858 100193 100177
Z3 : 101 227 1573565420233988 1573565420335581 101593 101569
Z3 : 102 228 1573565420335615 1573565420436357 100742 100722
Z3 : 103 229 1573565420436387 1573565420537278 100891 100869
Z3 : 104 230 1573565420537322 1573565420638431 101109 101084
Z3 : 105 231 1573565420638474 1573565420739537 101063 101038
Z3 : 106 232 1573565420831242 1573565421027302 196060 100179
Z3 : 107 233 1573565421027352 1573565421158327 130975 100297
Z3 : 108 234 1573565421158346 1573565421289368 131022 100405
Z3 : 109 235 1573565421289404 1573565421432283 142879 100522
Z3 : 110 236 1573565421432314 1573565421572901 140587 100393
Z3 : 111 237 1573565421572953 1573565421697173 124220 100235
Z3 : 112 238 1573565421697222 1573565421830531 133309 100338
Z3 : 113 239 1573565421830552 1573565421953725 123173 100352
Z3 : 114 240 1573565421953755 1573565422089496 135741 100276
Z3 : 115 241 1573565422089546 1573565422225376 135830 100514
Z3 : 116 242 1573565422225425 1573565422358645 133220 100359
Z3 : 117 243 1573565422358688 1573565422492157 133469 100419
Z3 : 118 244 1573565422492206 1573565422625558 133352 100427
Z3 : 119 245 1573565422625608 1573565422759059 133451 100512
Z3 : 120 246 1573565422759109 1573565422885341 126232 100252
Z3 : 121 247 1573565422885358 1573565423012429 127071 100424
Z3 : 122 248 1573565423012478 1573565423144026 131548 100197
Z3 : 123 249 1573565423144035 1573565423277847 133812 100348
Z3 : 124 250 1573565423277886 1573565423412860 134974 100358
Z3 : 125 251 1573565423412879 1573565423540303 127424 100434
Z3 : 126 252 1573565423540352 1573565423671264 130912 100301
Z3 : 127 253 1573565423671282 1573565423804107 132825 100202
Z3 : 128 254 1573565423804131 1573565423939531 135400 100352
Z3 : 129 255 1573565423939550 1573565424066071 126521 100343
Z3 : 130 256 1573565424066120 1573565424199742 133622 100089
Z3 : 131 257 1573565424199762 1573565424329836 130074 100184
Z3 : 132 258 1573565424329868 1573565424460357 130489 100278
Z3 : 133 259 1573565424460374 1573565424592854 132480 100401
Z3 : 134 260 1573565424592900 1573565424730748 137848 100260
Z3 : 135 261 1573565424730798 1573565424867140 136342 100518
Z3 : 136 262 1573565424867174 1573565424998812 131638 100375
Z3 : 137 263 1573565424998830 1573565425122605 123775 100325
Z3 : 138 264 1573565425122654 1573565425260111 137457 100179
Z3 : 139 265 1573565425260154 1573565425385885 125731 100262
Z3 : 140 266 1573565425420784 1573565425527412 106628 100398
Z3 : 141 267 1573565425527430 1573565425651432 124002 100219
Z3 : 142 268 1573565425651483 1573565425788989 137506 100270
Z3 : 143 269 1573565425789039 1573565425924569 135530 100405
Z3 : 144 270 1573565425924604 1573565426056296 131692 100245
Z3 : 145 271 1573565426056314 1573565426179722 123408 100127
Z3 : 146 272 1573565426179740 1573565426312486 132746 100200
Z3 : 147 273 1573565426312517 1573565426449172 136655 100325
Z3 : 148 274 1573565426449222 1573565426584970 135748 100323
Z3 : 149 275 1573565426585011 1573565426716955 131944 100360
Z3 : 150 276 1573565426716997 1573565426843573 126576 100144
Z3 : 151 277 1573565426843622 1573565426979613 135991 100504
Z3 : 152 278 1573565426979662 1573565427112548 132886 100474
Z3 : 153 279 1573565427112566 1573565427236836 124270 100346
Z3 : 154 280 1573565427236884 1573565427373418 136534 100263
Z3 : 155 281 1573565427373455 1573565427509915 136460 100518
Z3 : 156 282 1573565427509965 1573565427643353 133388 100509
Z3 : 157 283 1573565427643426 1573565427776390 132964 100433
Z3 : 158 284 1573565427776439 1573565427904957 128518 100168
Z3 : 159 285 1573565427904991 1573565428041386 136395 100412
Z3 : 160 286 1573565428041436 1573565428168835 127399 100303
Z4 : 1 232 1573565420831778 1573565420957082 125304 30495
Z4 : 2 233 1573565420957113 1573565421157422 200309 100309
Z4 : 3 234 1573565421157440 1573565421287678 130238 100415
Z4 : 4 235 1573565421287706 1573565421427886 140180 100456
Z4 : 5 236 1573565421427912 1573565421568247 140335 100388
Z4 : 6 237 1573565421568292 1573565421692814 124522 100218
Z4 : 7 238 1573565421692856 1573565421825842 132986 100378
Z4 : 8 239 1573565421825859 1573565421951522 125663 100269
Z4 : 9 240 1573565421951548 1573565422088642 137094 100259
Z4 : 10 241 1573565422088684 1573565422221809 133125 100448
Z4 : 11 242 1573565422221852 1573565422353736 131884 100334
Z4 : 12 243 1573565422353778 1573565422487011 133233 100217
Z4 : 13 244 1573565422487040 1573565422621164 134124 100322
Z4 : 14 245 1573565422621206 1573565422755264 134058 100436
Z4 : 15 246 1573565422755300 1573565422884351 129051 100293
Z4 : 16 247 1573565422884369 1573565423010361 125992 100169
Z4 : 17 248 1573565423010400 1573565423143378 132978 100414
Z4 : 18 249 1573565423143401 1573565423276117 132716 100316
Z4 : 19 250 1573565423276139 1573565423411842 135703 100429
Z4 : 20 251 1573565423411859 1573565423538065 126206 100355
Z4 : 21 252 1573565423538108 1573565423670408 132300 100326
Z4 : 22 253 1573565423670425 1573565423802444 132019 100314
Z4 : 23 254 1573565423802470 1573565423938584 136114 100424
Z4 : 24 255 1573565423938600 1573565424064130 125530 100157
Z4 : 25 256 1573565424064159 1573565424199201 135042 100415
Z4 : 26 257 1573565424199217 1573565424328371 129154 100253
Z4 : 27 258 1573565424328401 1573565424459392 130991 100331
Z4 : 28 259 1573565424459408 1573565424591136 131728 100401
Z4 : 29 260 1573565424591177 1573565424729966 138789 100290
Z4 : 30 261 1573565424730008 1573565424863038 133030 100466
Z4 : 31 262 1573565424863067 1573565424994111 131044 100348
Z4 : 32 263 1573565424994128 1573565425120709 126581 100275
Z4 : 33 264 1573565425120751 1573565425259361 138610 100290
Z4 : 34 265 1573565425259429 1573565425385055 125626 100266
Z4 : 35 266 1573565425385097 1573565425522820 137723 100340
Z4 : 36 267 1573565425522837 1573565425649604 126767 100306
Z4 : 37 268 1573565425649648 1573565425788157 138509 100234
Z4 : 38 269 1573565425788199 1573565425921067 132868 100353
Z4 : 39 270 1573565425921108 1573565426051822 130714 100352
Z4 : 40 271 1573565426051839 1573565426178250 126411 100338
Z4 : 41 272 1573565426178267 1573565426310964 132697 100414
Z4 : 42 273 1573565426310993 1573565426448538 137545 100393
Z4 : 43 274 1573565426448580 1573565426580381 131801 100447
Z4 : 44 275 1573565426580411 1573565426712574 132163 100408
Z4 : 45 276 1573565426712617 1573565426842768 130151 100142
Z4 : 46 277 1573565426842798 1573565426976302 133504 100450
Z4 : 47 278 1573565426976344 1573565427107597 131253 100115
Z4 : 48 279 1573565427107614 1573565427234822 127208 100267
Z4 : 49 280 1573565427234865 1573565427372529 137664 100160
Z4 : 50 281 1573565427372563 1573565427506797 134234 100413
Z4 : 51 282 1573565427506840 1573565427638586 131746 100348
Z4 : 52 283 1573565427638629 1573565427771644 133015 100219
Z4 : 53 284 1573565427771687 1573565427904009 132322 100157
Z4 : 54 285 1573565427904052 1573565428036849 132797 100351
Z4 : 55 286 1573565428036891 1573565428165385 128494 100341
