A : 1 1 1573563988113176 1573563988156017 42841
A : 2 2 1573563988156027 1573563988199192 43165
A : 3 3 1573563988199199 1573563988242058 42859
A : 4 4 1573563988242064 1573563988284955 42891
A : 5 5 1573563988284971 1573563988327951 42980
A : 6 6 1573563988327969 1573563988371054 43085
A : 7 7 1573563988371073 1573563988414345 43272
A : 8 8 1573563988414364 1573563988457808 43444
A : 9 9 1573563988457837 1573563988502075 44238
A : 10 10 1573563988502114 1573563988546279 44165
A : 11 11 1573563988546301 1573563988589446 43145
A : 12 12 1573563988589492 1573563988634176 44684
A : 13 13 1573563988634266 1573563988680107 45841
A : 14 14 1573563988680152 1573563988724917 44765
A : 15 15 1573563988724963 1573563988769451 44488
A : 16 16 1573563988769485 1573563988814026 44541
A : 17 17 1573563988814072 1573563988858799 44727
A : 18 18 1573563988858844 1573563988903575 44731
A : 19 19 1573563988903597 1573563988946767 43170
A : 20 20 1573563988946813 1573563988991516 44703
A : 21 21 1573563988991561 1573563989036202 44641
A : 22 22 1573563989036224 1573563989079322 43098
A : 23 23 1573563989079368 1573563989123978 44610
A : 24 24 1573563989124023 1573563989168576 44553
A : 25 25 1573563989168611 1573563989213096 44485
A : 26 26 1573563989213130 1573563989257679 44549
A : 27 27 1573563989257695 1573563989300727 43032
A : 28 28 1573563989300761 1573563989345464 44703
A : 29 29 1573563989345510 1573563989390221 44711
A : 30 30 1573563989390242 1573563989433419 43177
A : 31 31 1573563989433465 1573563989477961 44496
A : 32 32 1573563989477976 1573563989521036 43060
A : 33 33 1573563989521070 1573563989565596 44526
A : 34 34 1573563989565630 1573563989610408 44778
A : 35 35 1573563989610453 1573563989655019 44566
A : 36 36 1573563989655053 1573563989699606 44553
A : 37 37 1573563989699623 1573563989742617 42994
A : 38 38 1573563989742649 1573563989787303 44654
A : 39 39 1573563989787324 1573563989830349 43025
A : 40 40 1573563989830395 1573563989875212 44817
A : 41 41 1573563989875257 1573563989920102 44845
A : 42 42 1573563989920124 1573563989963413 43289
A : 43 43 1573563989963457 1573563990007938 44481
A : 44 44 1573563990007954 1573563990050891 42937
A : 45 45 1573563990050925 1573563990095465 44540
A : 46 46 1573563990095479 1573563990138368 42889
A : 47 47 1573563990138401 1573563990182889 44488
A : 48 48 1573563990182923 1573563990227469 44546
A : 49 49 1573563990227484 1573563990270780 43296
A : 50 50 1573563990270811 1573563990315282 44471
A : 51 51 1573563990315299 1573563990358381 43082
A : 52 52 1573563990358425 1573563990403068 44643
A : 53 53 1573563990403089 1573563990446163 43074
A : 54 54 1573563990446207 1573563990490775 44568
A : 55 55 1573563990490809 1573563990535290 44481
A : 56 56 1573563990535324 1573563990579841 44517
A : 57 57 1573563990579874 1573563990624399 44525
A : 58 58 1573563990624433 1573563990668923 44490
A : 59 59 1573563990668955 1573563990713467 44512
A : 60 60 1573563990713502 1573563990758016 44514
A : 61 61 1573563990758050 1573563990802696 44646
A : 62 62 1573563990802730 1573563990847256 44526
A : 63 63 1573563990847272 1573563990890264 42992
A : 64 64 1573563990890297 1573563990934928 44631
A : 65 65 1573563990934973 1573563990979493 44520
A : 66 66 1573563990979505 1573563991022560 43055
A : 67 67 1573563991022594 1573563991067160 44566
A : 68 68 1573563991067193 1573563991111780 44587
A : 69 69 1573563991111795 1573563991154704 42909
A : 70 70 1573563991154739 1573563991199421 44682
A : 71 71 1573563991199468 1573563991243978 44510
A : 72 72 1573563991244011 1573563991288512 44501
A : 73 73 1573563991288546 1573563991333023 44477
A : 74 74 1573563991333057 1573563991377567 44510
A : 75 75 1573563991377601 1573563991422106 44505
A : 76 76 1573563991422123 1573563991465127 43004
A : 77 77 1573563991465159 1573563991509683 44524
A : 78 78 1573563991509718 1573563991554236 44518
A : 79 79 1573563991554251 1573563991597232 42981
A : 80 80 1573563991597265 1573563991641817 44552
A : 81 81 1573563991641851 1573563991686360 44509
A : 82 82 1573563991686394 1573563991730897 44503
A : 83 83 1573563991730913 1573563991773922 43009
A : 84 84 1573563991773955 1573563991818462 44507
A : 85 85 1573563991818496 1573563991863013 44517
A : 86 86 1573563991863048 1573563991907582 44534
A : 87 87 1573563991907617 1573563991952090 44473
A : 88 88 1573563991952106 1573563991995008 42902
A : 89 89 1573563991995040 1573563992039602 44562
A : 90 90 1573563992039636 1573563992084120 44484
A : 91 91 1573563992084153 1573563992128825 44672
A : 92 92 1573563992128869 1573563992173467 44598
A : 93 93 1573563992173502 1573563992218011 44509
A : 94 94 1573563992218045 1573563992262565 44520
A : 95 95 1573563992262580 1573563992305583 43003
A : 96 96 1573563992305615 1573563992350149 44534
A : 97 97 1573563992350183 1573563992394697 44514
A : 98 98 1573563992394731 1573563992439240 44509
A : 99 99 1573563992439274 1573563992483808 44534
A : 100 100 1573563992483843 1573563992528457 44614
A : 101 101 1573563992528502 1573563992573014 44512
A : 102 102 1573563992573033 1573563992616050 43017
A : 103 103 1573563992616084 1573563992660533 44449
A : 104 104 1573563992660567 1573563992705033 44466
A : 105 105 1573563992705049 1573563992748151 43102
A : 106 106 1573563992748159 1573563992790797 42638
A : 107 107 1573563992790813 1573563992833804 42991
A : 108 108 1573563992833838 1573563992878479 44641
A : 109 109 1573563992878513 1573563992923307 44794
A : 110 110 1573563992923341 1573563992968108 44767
A : 111 111 1573563992968123 1573563993011025 42902
A : 112 112 1573563993011057 1573563993055739 44682
A : 113 113 1573563993055788 1573563993100407 44619
A : 114 114 1573563993100429 1573563993143478 43049
A : 115 115 1573563993143513 1573563993188099 44586
A : 116 116 1573563993188143 1573563993232654 44511
A : 117 117 1573563993232673 1573563993275648 42975
A : 118 118 1573563993275682 1573563993320666 44984
A : 119 119 1573563993320712 1573563993365249 44537
A : 120 120 1573563993365283 1573563993409784 44501
A : 121 121 1573563993409818 1573563993454555 44737
A : 122 122 1573563993454590 1573563993499408 44818
A : 123 123 1573563993499441 1573563993544152 44711
A : 124 124 1573563993544168 1573563993587134 42966
A : 125 125 1573563993587175 1573563993631735 44560
A : 126 126 1573563993631768 1573563993676678 44910
A : 127 127 1573563993676698 1573563993719586 42888
A : 128 128 1573563993719620 1573563993764125 44505
A : 129 129 1573563993764159 1573563993808938 44779
A : 130 130 1573563993808972 1573563993853729 44757
A : 131 131 1573563993853742 1573563993896740 42998
A : 132 132 1573563993896773 1573563993941304 44531
A : 133 133 1573563993941339 1573563993986110 44771
A : 134 134 1573563993986144 1573563994030932 44788
A : 135 135 1573563994030966 1573563994075706 44740
A : 136 136 1573563994075719 1573563994118613 42894
A : 137 137 1573563994118645 1573563994163186 44541
A : 138 138 1573563994163221 1573563994208045 44824
A : 139 139 1573563994208060 1573563994250926 42866
A : 140 140 1573563994250967 1573563994295555 44588
A : 141 141 1573563994295589 1573563994340072 44483
A : 142 142 1573563994340106 1573563994384564 44458
A : 143 143 1573563994384580 1573563994427592 43012
A : 144 144 1573563994427600 1573563994470583 42983
A : 145 145 1573563994470606 1573563994513722 43116
A : 146 146 1573563994513754 1573563994558254 44500
A : 147 147 1573563994558288 1573563994602801 44513
A : 148 148 1573563994602815 1573563994645788 42973
A : 149 149 1573563994645820 1573563994690375 44555
A : 150 150 1573563994690408 1573563994734955 44547
A : 151 151 1573563994734972 1573563994777963 42991
A : 152 152 1573563994777996 1573563994822522 44526
A : 153 153 1573563994822556 1573563994867089 44533
A : 154 154 1573563994867124 1573563994911635 44511
A : 155 155 1573563994911651 1573563994954634 42983
A : 156 156 1573563994954667 1573563994999193 44526
A : 157 157 1573563994999227 1573563995043749 44522
A : 158 158 1573563995043783 1573563995088256 44473
A : 159 159 1573563995088290 1573563995132735 44445
A : 160 160 1573563995132769 1573563995177355 44586
A : 161 161 1573563995177400 1573563995222114 44714
A : 162 162 1573563995222159 1573563995266855 44696
A : 163 163 1573563995266936 1573563995310008 43072
A : 164 164 1573563995310033 1573563995353243 43210
A : 165 165 1573563995353277 1573563995397779 44502
A : 166 166 1573563995397813 1573563995442370 44557
A : 167 167 1573563995442386 1573563995485341 42955
A : 168 168 1573563995485349 1573563995528084 42735
A : 169 169 1573563995528108 1573563995571276 43168
A : 170 170 1573563995571308 1573563995615821 44513
A : 171 171 1573563995615855 1573563995660296 44441
A : 172 172 1573563995660312 1573563995703445 43133
A : 173 173 1573563995703491 1573563995747949 44458
A : 174 174 1573563995747969 1573563995790912 42943
A : 175 175 1573563995790946 1573563995835467 44521
A : 176 176 1573563995835508 1573563995880253 44745
A : 177 177 1573563995880271 1573563995923285 43014
A : 178 178 1573563995923319 1573563995967751 44432
A : 179 179 1573563995967770 1573563996010630 42860
A : 180 180 1573563996010675 1573563996055405 44730
A : 181 181 1573563996055425 1573563996098573 43148
A : 182 182 1573563996098619 1573563996143319 44700
A : 183 183 1573563996143365 1573563996188162 44797
A : 184 184 1573563996188186 1573563996231330 43144
A : 185 185 1573563996231374 1573563996275997 44623
A : 186 186 1573563996276011 1573563996319002 42991
A : 187 187 1573563996319048 1573563996363606 44558
A : 188 188 1573563996363653 1573563996408300 44647
A : 189 189 1573563996408321 1573563996451585 43264
A : 190 190 1573563996451631 1573563996496377 44746
A : 191 191 1573563996496397 1573563996539482 43085
A : 192 192 1573563996539527 1573563996584093 44566
A : 193 193 1573563996584113 1573563996627009 42896
A : 194 194 1573563996627044 1573563996671784 44740
A : 195 195 1573563996671828 1573563996716329 44501
A : 196 196 1573563996716375 1573563996760912 44537
A : 197 197 1573563996760945 1573563996805664 44719
A : 198 198 1573563996805709 1573563996850393 44684
A : 199 199 1573563996850439 1573563996895092 44653
A : 200 200 1573563996895138 1573563996939624 44486
A : 201 201 1573563996939657 1573563996984344 44687
A : 202 202 1573563996984390 1573563997029085 44695
A : 203 203 1573563997029105 1573563997072233 43128
A : 204 204 1573563997072279 1573563997116791 44512
A : 205 205 1573563997116828 1573563997161635 44807
A : 206 206 1573563997161680 1573563997206533 44853
A : 207 207 1573563997206553 1573563997249832 43279
A : 208 208 1573563997249874 1573563997294333 44459
A : 209 209 1573563997294380 1573563997339162 44782
A : 210 210 1573563997339185 1573563997382355 43170
A : 211 211 1573563997382401 1573563997426964 44563
A : 212 212 1573563997426997 1573563997471715 44718
A : 213 213 1573563997471735 1573563997514710 42975
A : 214 214 1573563997514751 1573563997559263 44512
A : 215 215 1573563997559309 1573563997603853 44544
A : 216 216 1573563997603862 1573563997646882 43020
A : 217 217 1573563997646926 1573563997691762 44836
A : 218 218 1573563997691808 1573563997736353 44545
A : 219 219 1573563997736398 1573563997780965 44567
A : 220 220 1573563997780986 1573563997824177 43191
A : 221 221 1573563997824223 1573563997868909 44686
A : 222 222 1573563997868954 1573563997913624 44670
A : 223 223 1573563997913670 1573563997958448 44778
A : 224 224 1573563997958493 1573563998003186 44693
A : 225 225 1573563998003232 1573563998047822 44590
A : 226 226 1573563998047866 1573563998092559 44693
A : 227 227 1573563998092580 1573563998135611 43031
A : 228 228 1573563998135656 1573563998180356 44700
A : 229 229 1573563998180377 1573563998223656 43279
A : 230 230 1573563998223673 1573563998266390 42717
A : 231 231 1573563998266410 1573563998309746 43336
A : 232 232 1573563998309792 1573563998354513 44721
A : 233 233 1573563998354558 1573563998399276 44718
A : 234 234 1573563998399298 1573563998442598 43300
A : 235 235 1573563998442644 1573563998487327 44683
A : 236 236 1573563998487372 1573563998531999 44627
A : 237 237 1573563998532019 1573563998574986 42967
A : 238 238 1573563998575018 1573563998619799 44781
A : 239 239 1573563998619819 1573563998662965 43146
A : 240 240 1573563998663010 1573563998707616 44606
A : 241 241 1573563998707639 1573563998750751 43112
A : 242 242 1573563998750783 1573563998795535 44752
A : 243 243 1573563998795579 1573563998840201 44622
A : 244 244 1573563998840222 1573563998883429 43207
A : 245 245 1573563998883475 1573563998928276 44801
A : 246 246 1573563998928322 1573563998972851 44529
A : 247 247 1573563998972882 1573563999017579 44697
A : 248 248 1573563999017625 1573563999062300 44675
A : 249 249 1573563999062345 1573563999107135 44790
A : 250 250 1573563999107181 1573563999151980 44799
A : 251 251 1573563999152000 1573563999195013 43013
A : 252 252 1573563999195048 1573563999239570 44522
A : 253 253 1573563999239590 1573563999282582 42992
A : 254 254 1573563999282641 1573563999327170 44529
A : 255 255 1573563999327189 1573563999370135 42946
A : 256 256 1573563999370179 1573563999414731 44552
A : 257 257 1573563999414765 1573563999459434 44669
A : 258 258 1573563999459454 1573563999502725 43271
A : 259 259 1573563999502771 1573563999547465 44694
A : 260 260 1573563999547510 1573563999592391 44881
A : 261 261 1573563999592412 1573563999635517 43105
A : 262 262 1573563999635562 1573563999680141 44579
A : 263 263 1573563999680179 1573563999723231 43052
A : 264 264 1573563999723265 1573563999768174 44909
A : 265 265 1573563999768194 1573563999811203 43009
A : 266 266 1573563999811249 1573563999855767 44518
A : 267 267 1573563999855813 1573563999900244 44431
A : 268 268 1573563999900253 1573563999943336 43083
A : 269 269 1573563999943376 1573563999988125 44749
A : 270 270 1573563999988170 1573564000032828 44658
A : 271 271 1573564000032847 1573564000075778 42931
A : 272 272 1573564000075817 1573564000119970 44153
A : 273 273 1573564000119986 1573564000162774 42788
A : 274 274 1573564000162796 1573564000206032 43236
A : 275 275 1573564000206066 1573564000250746 44680
A : 276 276 1573564000250792 1573564000295513 44721
A : 277 277 1573564000295541 1573564000338775 43234
A : 278 278 1573564000338820 1573564000383345 44525
A : 279 279 1573564000383354 1573564000426438 43084
A : 280 280 1573564000426484 1573564000471198 44714
A : 281 281 1573564000471244 1573564000516042 44798
A : 282 282 1573564000516064 1573564000559257 43193
A : 283 283 1573564000559303 1573564000603856 44553
A : 284 284 1573564000603888 1573564000655725 51837
A : 285 285 1573564000655744 1573564000755859 100115
A : 286 286 1573564000755905 1573564000851868 95963
A : 287 287 1573564000851889 1573564000957331 105442
A : 288 288 1573564000957376 1573564001058432 101056
A : 289 289 1573564001058453 1573564001158819 100366
A : 290 290 1573564001158841 1573564001255847 97006
A : 291 291 1573564001255865 1573564001353981 98116
A : 292 292 1573564001354002 1573564001460465 106463
A : 293 293 1573564001460511 1573564001561221 100710
A : 294 294 1573564001561252 1573564001657384 96132
A : 295 295 1573564001657430 1573564001762478 105048
A : 296 296 1573564001762523 1573564001863357 100834
A : 297 297 1573564001863376 1573564001958025 94649
A : 298 298 1573564001958071 1573564002058356 100285
A : 299 299 1573564002058375 1573564002163728 105353
A : 300 300 1573564002163774 1573564002264732 100958
A : 301 301 1573564002264751 1573564002360226 95475
A : 302 302 1573564002360271 1573564002465877 105606
A : 303 303 1573564002465897 1573564002562304 96407
A : 304 304 1573564002562323 1573564002660969 98646
A : 305 305 1573564002661014 1573564002761539 100525
A : 306 306 1573564002761559 1573564002866776 105217
A : 307 307 1573564002866795 1573564002967109 100314
A : 308 308 1573564002967156 1573564003063114 95958
A : 309 309 1573564003063136 1573564003169461 106325
A : 310 310 1573564003169507 1573564003270009 100502
A : 311 311 1573564003270029 1573564003364748 94719
A : 312 312 1573564003364769 1573564003471259 106490
A : 313 313 1573564003471302 1573564003571728 100426
A : 314 314 1573564003571748 1573564003672500 100752
A : 315 315 1573564003672519 1573564003770356 97837
A : 316 316 1573564003770376 1573564003870185 99809
A : 317 317 1573564003870231 1573564003973787 103556
A : 318 318 1573564003973833 1573564004074474 100641
A : 319 319 1573564004074495 1573564004168006 93511
A : 320 320 1573564004168029 1573564004275498 107469
A : 321 321 1573564004275620 1573564004376076 100456
A : 322 322 1573564004376122 1573564004476631 100509
A : 323 323 1573564004476652 1573564004577206 100554
A : 324 324 1573564004577252 1573564004677732 100480
A : 325 325 1573564004677778 1573564004778221 100443
A : 326 326 1573564004778241 1573564004878622 100381
A : 327 327 1573564004878668 1573564004974206 95538
A : 328 328 1573564004974225 1573564005078740 104515
A : 329 329 1573564005078786 1573564005180307 101521
A : 330 330 1573564005180325 1573564005275665 95340
A : 331 331 1573564005275680 1573564005373976 98296
A : 332 332 1573564005374021 1573564005481875 107854
A : 333 333 1573564005481893 1573564005575340 93447
A : 334 334 1573564005575374 1573564005682729 107355
A : 335 335 1573564005682748 1573564005781993 99245
A : 336 336 1573564005782038 1573564005883675 101637
A : 337 337 1573564005883721 1573564005984400 100679
A : 338 338 1573564005984418 1573564006082222 97804
A : 339 339 1573564006082267 1573564006179616 97349
A : 340 340 1573564006179636 1573564006283986 104350
A : 341 341 1573564006284032 1573564006386478 102446
A : 342 342 1573564006386511 1573564006486887 100376
A : 343 343 1573564006486905 1573564006582028 95123
A : 344 344 1573564006582073 1573564006688049 105976
A : 345 345 1573564006688095 1573564006783000 94905
A : 346 346 1573564006783019 1573564006885451 102432
A : 347 347 1573564006885471 1573564006989252 103781
A : 348 348 1573564006989297 1573564007090317 101020
A : 349 349 1573564007090362 1573564007190890 100528
A : 350 350 1573564007190909 1573564007290406 99497
A : 351 351 1573564007290422 1573564007383639 93217
A : 352 352 1573564007383684 1573564007486292 102608
A : 353 353 1573564007486312 1573564007593050 106738
A : 354 354 1573564007593069 1573564007691139 98070
A : 355 355 1573564007691159 1573564007790281 99122
A : 356 356 1573564007790327 1573564007894691 104364
A : 357 357 1573564007894736 1573564007995151 100415
A : 358 358 1573564007995196 1573564008087519 92323
A : 359 359 1573564008087539 1573564008195480 107941
A : 360 360 1573564008195525 1573564008296666 101141
A : 361 361 1573564008296685 1573564008396455 99770
A : 362 362 1573564008396476 1573564008497589 101113
A : 363 363 1573564008497634 1573564008598304 100670
A : 364 364 1573564008598322 1573564008691025 92703
A : 365 365 1573564008691070 1573564008793441 102371
A : 366 366 1573564008793462 1573564008899614 106152
A : 367 367 1573564008899634 1573564008999073 99439
A : 368 368 1573564008999118 1573564009100865 101747
A : 369 369 1573564009100909 1573564009201180 100271
A : 370 370 1573564009201226 1573564009301851 100625
A : 371 371 1573564009301871 1573564009395928 94057
A : 372 372 1573564009395948 1573564009502935 106987
A : 373 373 1573564009502981 1573564009603371 100390
A : 374 374 1573564009603400 1573564009702846 99446
A : 375 375 1573564009702891 1573564009804643 101752
A : 376 376 1573564009804663 1573564009899347 94684
A : 377 377 1573564009899381 1573564010005815 106434
A : 378 378 1573564010005834 1573564010106303 100469
A : 379 379 1573564010106321 1573564010202554 96233
A : 380 380 1573564010202598 1573564010307203 104605
A : 381 381 1573564010307248 1573564010407636 100388
A : 382 382 1573564010407681 1573564010502009 94328
A : 383 383 1573564010502031 1573564010608576 106545
A : 384 384 1573564010608622 1573564010709113 100491
A : 385 385 1573564010709133 1573564010809816 100683
A : 386 386 1573564010809834 1573564010908324 98490
A : 387 387 1573564010908369 1573564011005029 96660
A : 388 388 1573564011005052 1573564011111643 106591
A : 389 389 1573564011111688 1573564011212056 100368
A : 390 390 1573564011212075 1573564011312545 100470
A : 391 391 1573564011312564 1573564011412474 99910
A : 392 392 1573564011412520 1573564011513663 101143
A : 393 393 1573564011513709 1573564011614105 100396
A : 394 394 1573564011614150 1573564011709072 94922
A : 395 395 1573564011709093 1573564011815238 106145
A : 396 396 1573564011815283 1573564011915707 100424
A : 397 397 1573564011915728 1573564012015971 100243
A : 398 398 1573564012015992 1573564012115426 99434
A : 399 399 1573564012115469 1573564012217072 101603
A : 400 400 1573564012217091 1573564012310106 93015
A : 401 401 1573564012310127 1573564012417811 107684
A : 402 402 1573564012417833 1573564012518219 100386
A : 403 403 1573564012518239 1573564012614853 96614
A : 404 404 1573564012614898 1573564012719153 104255
A : 405 405 1573564012719199 1573564012819647 100448
A : 406 406 1573564012819693 1573564012920404 100711
A : 407 407 1573564012920424 1573564013014882 94458
A : 408 408 1573564013014905 1573564013121702 106797
A : 409 409 1573564013121747 1573564013222253 100506
A : 410 410 1573564013222272 1573564013321598 99326
A : 411 411 1573564013321644 1573564013423112 101468
A : 412 412 1573564013423132 1573564013522767 99635
A : 413 413 1573564013522812 1573564013624247 101435
A : 414 414 1573564013624267 1573564013724106 99839
A : 415 415 1573564013724126 1573564013819616 95490
A : 416 416 1573564013819637 1573564013923598 103961
A : 417 417 1573564013923644 1573564014026231 102587
A : 418 418 1573564014026277 1573564014126806 100529
A : 419 419 1573564014126826 1573564014225565 98739
A : 420 420 1573564014225611 1573564014327175 101564
A : 421 421 1573564014327220 1573564014427417 100197
A : 422 422 1573564014427437 1573564014522007 94570
A : 423 423 1573564014522027 1573564014625486 103459
A : 424 424 1573564014625506 1573564014727932 102426
A : 425 425 1573564014727979 1573564014829610 101631
A : 426 426 1573564014829630 1573564014926416 96786
A : 427 427 1573564014926437 1573564015022708 96271
A : 428 428 1573564015022729 1573564015131127 108398
A : 429 429 1573564015131173 1573564015231603 100430
A : 430 430 1573564015231649 1573564015332073 100424
A : 431 431 1573564015332095 1573564015431716 99621
A : 432 432 1573564015431762 1573564015533037 101275
A : 433 433 1573564015533082 1573564015633623 100541
A : 434 434 1573564015633643 1573564015726779 93136
A : 435 435 1573564015726800 1573564015834416 107616
A : 436 436 1573564015834437 1573564015933799 99362
A : 437 437 1573564015933844 1573564016035103 101259
A : 438 438 1573564016035122 1573564016135277 100155
A : 439 439 1573564016135298 1573564016235885 100587
A : 440 440 1573564016235931 1573564016336383 100452
A : 441 441 1573564016336428 1573564016436682 100254
A : 442 442 1573564016436728 1573564016531859 95131
A : 443 443 1573564016531879 1573564016635714 103835
A : 444 444 1573564016635759 1573564016738280 102521
A : 445 445 1573564016738299 1573564016837565 99266
A : 446 446 1573564016837585 1573564016935763 98178
A : 447 447 1573564016935809 1573564017034704 98895
A : 448 448 1573564017034725 1573564017140371 105646
A : 449 449 1573564017140417 1573564017240899 100482
A : 450 450 1573564017240917 1573564017336961 96044
A : 451 451 1573564017337007 1573564017441704 104697
A : 452 452 1573564017441750 1573564017542518 100768
A : 453 453 1573564017542537 1573564017638880 96343
A : 454 454 1573564017638926 1573564017738366 99440
A : 455 455 1573564017738388 1573564017844183 105795
A : 456 456 1573564017844229 1573564017944410 100181
A : 457 457 1573564017944443 1573564018041521 97078
A : 458 458 1573564018041555 1573564018144908 103353
A : 459 459 1573564018144954 1573564018245757 100803
A : 460 460 1573564018245803 1573564018341007 95204
A : 461 461 1573564018341028 1573564018446631 105603
A : 462 462 1573564018446652 1573564018546967 100315
A : 463 463 1573564018547000 1573564018644978 97978
A : 464 464 1573564018645024 1573564018748475 103451
A : 465 465 1573564018748519 1573564018848842 100323
A : 466 466 1573564018848887 1573564018949321 100434
A : 467 467 1573564018949342 1573564019044617 95275
A : 468 468 1573564019044636 1573564019150613 105977
A : 469 469 1573564019150659 1573564019251001 100342
A : 470 470 1573564019251021 1573564019351547 100526
A : 471 471 1573564019351593 1573564019452106 100513
A : 472 472 1573564019452128 1573564019552676 100548
A : 473 473 1573564019552722 1573564019653210 100488
A : 474 474 1573564019653255 1573564019753843 100588
A : 475 475 1573564019753864 1573564019849010 95146
A : 476 476 1573564019849031 1573564019954805 105774
A : 477 477 1573564019954926 1573564020055132 100206
A : 478 478 1573564020055177 1573564020155708 100531
A : 479 479 1573564020155727 1573564020252371 96644
A : 480 480 1573564020252417 1573564020356166 103749
A : 481 481 1573564020356211 1573564020456676 100465
A : 482 482 1573564020456709 1573564020551909 95200
A : 483 483 1573564020551941 1573564020656445 104504
A : 484 484 1573564020656466 1573564020758144 101678
A : 485 485 1573564020758190 1573564020858854 100664
A : 486 486 1573564020858900 1573564020959406 100506
A : 487 487 1573564020959425 1573564021057061 97636
A : 488 488 1573564021057107 1573564021155837 98730
A : 489 489 1573564021155859 1573564021260883 105024
A : 490 490 1573564021260930 1573564021361495 100565
A : 491 491 1573564021361540 1573564021462151 100611
A : 492 492 1573564021462196 1573564021562545 100349
A : 493 493 1573564021562591 1573564021658177 95586
A : 494 494 1573564021658200 1573564021763530 105330
A : 495 495 1573564021763576 1573564021863753 100177
A : 496 496 1573564021863799 1573564021964323 100524
A : 497 497 1573564021964368 1573564022060277 95909
A : 498 498 1573564022060297 1573564022160288 99991
A : 499 499 1573564022160310 1573564022264355 104045
A : 500 500 1573564022264401 1573564022366761 102360
I : 1 1 1573563988113192 1573563988226328 113136
I : 2 2 1573563988226341 1573563988267569 41228
I : 3 3 1573563988267608 1573563988309709 42101
I : 4 4 1573563988309723 1573563988350616 40893
I : 5 5 1573563988350633 1573563988391820 41187
I : 6 6 1573563988391837 1573563988433238 41401
I : 7 7 1573563988433257 1573563988474885 41628
I : 8 8 1573563988474913 1573563988516755 41842
I : 9 9 1573563988516769 1573563988557521 40752
I : 10 10 1573563988557542 1573563988599058 41516
I : 11 11 1573563988599092 1573563988642174 43082
I : 12 12 1573563988642201 1573563988684321 42120
I : 13 13 1573563988684348 1573563988726490 42142
I : 14 14 1573563988726521 1573563988769033 42512
I : 15 15 1573563988769072 1573563988811990 42918
I : 16 16 1573563988812029 1573563988866051 54022
I : 17 17 1573563988866064 1573563988906531 40467
I : 18 18 1573563988906541 1573563988958501 51960
I : 19 19 1573563988958529 1573563989001198 42669
I : 20 20 1573563989001211 1573563989041966 40755
I : 21 21 1573563989041984 1573563989083352 41368
I : 22 22 1573563989083379 1573563989125487 42108
I : 23 23 1573563989125525 1573563989167893 42368
I : 24 24 1573563989167931 1573563989210112 42181
I : 25 25 1573563989210142 1573563989253013 42871
I : 26 26 1573563989253029 1573563989294161 41132
I : 27 27 1573563989294199 1573563989336264 42065
I : 28 28 1573563989336302 1573563989393805 57503
I : 29 29 1573563989393816 1573563989435524 41708
I : 30 30 1573563989435556 1573563989477259 41703
I : 31 31 1573563989477276 1573563989518825 41549
I : 32 32 1573563989518864 1573563989561009 42145
I : 33 33 1573563989561048 1573563989605009 43961
I : 34 34 1573563989605049 1573563989653365 48316
I : 35 35 1573563989653395 1573563989696102 42707
I : 36 36 1573563989696119 1573563989737526 41407
I : 37 37 1573563989737565 1573563989780076 42511
I : 38 38 1573563989780084 1573563989821589 41505
I : 39 39 1573563989821615 1573563989863904 42289
I : 40 40 1573563989863943 1573563989923158 59215
I : 41 41 1573563989923169 1573563989964915 41746
I : 42 42 1573563989964945 1573563990006702 41757
I : 43 43 1573563990006719 1573563990048152 41433
I : 44 44 1573563990048192 1573563990090991 42799
I : 45 45 1573563990091007 1573563990132309 41302
I : 46 46 1573563990132347 1573563990174523 42176
I : 47 47 1573563990174562 1573563990224416 49854
I : 48 48 1573563990224434 1573563990265963 41529
I : 49 49 1573563990266002 1573563990308653 42651
I : 50 50 1573563990308669 1573563990350115 41446
I : 51 51 1573563990350154 1573563990392802 42648
I : 52 52 1573563990392818 1573563990438369 45551
I : 53 53 1573563990438406 1573563990480485 42079
I : 54 54 1573563990480525 1573563990530537 50012
I : 55 55 1573563990530576 1573563990577460 46884
I : 56 56 1573563990577499 1573563990620068 42569
I : 57 57 1573563990620107 1573563990663903 43796
I : 58 58 1573563990663941 1573563990710913 46972
I : 59 59 1573563990710953 1573563990754902 43949
I : 60 60 1573563990754932 1573563990797206 42274
I : 61 61 1573563990797244 1573563990842042 44798
I : 62 62 1573563990842059 1573563990883358 41299
I : 63 63 1573563990883426 1573563990925757 42331
I : 64 64 1573563990925797 1573563990979271 53474
I : 65 65 1573563990979290 1573563991021012 41722
I : 66 66 1573563991021051 1573563991063031 41980
I : 67 67 1573563991063070 1573563991109518 46448
I : 68 68 1573563991109536 1573563991151192 41656
I : 69 69 1573563991151232 1573563991193337 42105
I : 70 70 1573563991193376 1573563991242422 49046
I : 71 71 1573563991242452 1573563991285364 42912
I : 72 72 1573563991285399 1573563991328708 43309
I : 73 73 1573563991328747 1573563991372499 43752
I : 74 74 1573563991372538 1573563991417736 45198
I : 75 75 1573563991417754 1573563991459015 41261
I : 76 76 1573563991459043 1573563991501267 42224
I : 77 77 1573563991501306 1573563991548959 47653
I : 78 78 1573563991548975 1573563991590156 41181
I : 79 79 1573563991590196 1573563991632755 42559
I : 80 80 1573563991632794 1573563991681547 48753
I : 81 81 1573563991681587 1573563991726410 44823
I : 82 82 1573563991726427 1573563991767642 41215
I : 83 83 1573563991767705 1573563991809941 42236
I : 84 84 1573563991809980 1573563991857968 47988
I : 85 85 1573563991858007 1573563991902362 44355
I : 86 86 1573563991902401 1573563991947974 45573
I : 87 87 1573563991947990 1573563991989135 41145
I : 88 88 1573563991989174 1573563992031599 42425
I : 89 89 1573563992031638 1573563992079597 47959
I : 90 90 1573563992079635 1573563992121640 42005
I : 91 91 1573563992121679 1573563992171449 49770
I : 92 92 1573563992171489 1573563992213806 42317
I : 93 93 1573563992213846 1573563992257632 43786
I : 94 94 1573563992257648 1573563992299035 41387
I : 95 95 1573563992299092 1573563992341299 42207
I : 96 96 1573563992341339 1573563992389315 47976
I : 97 97 1573563992389354 1573563992434738 45384
I : 98 98 1573563992434777 1573563992479590 44813
I : 99 99 1573563992479630 1573563992523487 43857
I : 100 100 1573563992523526 1573563992573027 49501
I : 101 101 1573563992573035 1573563992614756 41721
I : 102 102 1573563992614792 1573563992656987 42195
I : 103 103 1573563992657026 1573563992701985 44959
I : 104 104 1573563992702003 1573563992743460 41457
I : 105 105 1573563992743499 1573563992786207 42708
I : 106 106 1573563992786225 1573563992827658 41433
I : 107 107 1573563992827698 1573563992870053 42355
I : 108 108 1573563992870092 1573563992918054 47962
I : 109 109 1573563992918093 1573563992962656 44563
I : 110 110 1573563992962672 1573563993003911 41239
I : 111 111 1573563993003945 1573563993046198 42253
I : 112 112 1573563993046236 1573563993101790 55554
I : 113 113 1573563993101801 1573563993143375 41574
I : 114 114 1573563993143437 1573563993185578 42141
I : 115 115 1573563993185615 1573563993231288 45673
I : 116 116 1573563993231305 1573563993272460 41155
I : 117 117 1573563993272499 1573563993314957 42458
I : 118 118 1573563993314996 1573563993363864 48868
I : 119 119 1573563993363903 1573563993406817 42914
I : 120 120 1573563993406845 1573563993449357 42512
I : 121 121 1573563993449395 1573563993494215 44820
I : 122 122 1573563993494255 1573563993539871 45616
I : 123 123 1573563993539888 1573563993581463 41575
I : 124 124 1573563993581501 1573563993624783 43282
I : 125 125 1573563993624822 1573563993671380 46558
I : 126 126 1573563993671406 1573563993712747 41341
I : 127 127 1573563993712784 1573563993755024 42240
I : 128 128 1573563993755064 1573563993803376 48312
I : 129 129 1573563993803443 1573563993849096 45653
I : 130 130 1573563993849112 1573563993890202 41090
I : 131 131 1573563993890241 1573563993932483 42242
I : 132 132 1573563993932523 1573563993981553 49030
I : 133 133 1573563993981592 1573563994026782 45190
I : 134 134 1573563994026822 1573563994071239 44417
I : 135 135 1573563994071256 1573563994112628 41372
I : 136 136 1573563994112655 1573563994155019 42364
I : 137 137 1573563994155058 1573563994202923 47865
I : 138 138 1573563994202939 1573563994244140 41201
I : 139 139 1573563994244176 1573563994286455 42279
I : 140 140 1573563994286494 1573563994335718 49224
I : 141 141 1573563994335756 1573563994380122 44366
I : 142 142 1573563994380138 1573563994421817 41679
I : 143 143 1573563994421872 1573563994464568 42696
I : 144 144 1573563994464584 1573563994505794 41210
I : 145 145 1573563994505821 1573563994548315 42494
I : 146 146 1573563994548354 1573563994598922 50568
I : 147 147 1573563994598939 1573563994640444 41505
I : 148 148 1573563994640483 1573563994683644 43161
I : 149 149 1573563994683683 1573563994730425 46742
I : 150 150 1573563994730441 1573563994771624 41183
I : 151 151 1573563994771661 1573563994813848 42187
I : 152 152 1573563994813887 1573563994862949 49062
I : 153 153 1573563994862988 1573563994907698 44710
I : 154 154 1573563994907715 1573563994949155 41440
I : 155 155 1573563994949195 1573563994991225 42030
I : 156 156 1573563994991263 1573563995039276 48013
I : 157 157 1573563995039316 1573563995083544 44228
I : 158 158 1573563995083583 1573563995129617 46034
I : 159 159 1573563995129656 1573563995172509 42853
I : 160 160 1573563995172548 1573563995226468 53920
I : 161 161 1573563995226495 1573563995268440 41945
I : 162 162 1573563995268449 1573563995310024 41575
I : 163 163 1573563995310080 1573563995351121 41041
I : 164 164 1573563995351159 1573563995393243 42084
I : 165 165 1573563995393282 1573563995438035 44753
I : 166 166 1573563995438050 1573563995479483 41433
I : 167 167 1573563995479521 1573563995521309 41788
I : 168 168 1573563995521327 1573563995563081 41754
I : 169 169 1573563995563120 1573563995606031 42911
I : 170 170 1573563995606070 1573563995656743 50673
I : 171 171 1573563995656758 1573563995698221 41463
I : 172 172 1573563995698260 1573563995768758 70498
I : 173 173 1573563995768778 1573563995830494 61716
I : 174 174 1573563995830533 1573563995889310 58777
I : 175 175 1573563995889327 1573563995950707 61380
I : 176 176 1573563995950722 1573563996009964 59242
I : 177 177 1573563996010003 1573563996070626 60623
I : 178 178 1573563996070645 1573563996131562 60917
I : 179 179 1573563996131601 1573563996190693 59092
I : 180 180 1573563996190704 1573563996252354 61650
I : 181 181 1573563996252381 1573563996312705 60324
I : 182 182 1573563996312734 1573563996373578 60844
I : 183 183 1573563996373591 1573563996433367 59776
I : 184 184 1573563996433411 1573563996494927 61516
I : 185 185 1573563996494944 1573563996554326 59382
I : 186 186 1573563996554340 1573563996614571 60231
I : 187 187 1573563996614596 1573563996677403 62807
I : 188 188 1573563996677430 1573563996736470 59040
I : 189 189 1573563996736500 1573563996796179 59679
I : 190 190 1573563996796219 1573563996856821 60602
I : 191 191 1573563996856848 1573563996917760 60912
I : 192 192 1573563996917799 1573563996978650 60851
I : 193 193 1573563996978689 1573563997037382 58693
I : 194 194 1573563997037403 1573563997098104 60701
I : 195 195 1573563997098143 1573563997160142 61999
I : 196 196 1573563997160186 1573563997218694 58508
I : 197 197 1573563997218714 1573563997279533 60819
I : 198 198 1573563997279573 1573563997340800 61227
I : 199 199 1573563997340811 1573563997400252 59441
I : 200 200 1573563997400291 1573563997461696 61405
I : 201 201 1573563997461711 1573563997520566 58855
I : 202 202 1573563997520593 1573563997583207 62614
I : 203 203 1573563997583221 1573563997642199 58978
I : 204 204 1573563997642230 1573563997703235 61005
I : 205 205 1573563997703274 1573563997764688 61414
I : 206 206 1573563997764702 1573563997823616 58914
I : 207 207 1573563997823655 1573563997884549 60894
I : 208 208 1573563997884588 1573563997945368 60780
I : 209 209 1573563997945407 1573563998005805 60398
I : 210 210 1573563998005836 1573563998065936 60100
I : 211 211 1573563998065950 1573563998125488 59538
I : 212 212 1573563998125525 1573563998185258 59733
I : 213 213 1573563998185278 1573563998247030 61752
I : 214 214 1573563998247046 1573563998306988 59942
I : 215 215 1573563998307028 1573563998367659 60631
I : 216 216 1573563998367673 1573563998427456 59783
I : 217 217 1573563998427491 1573563998489085 61594
I : 218 218 1573563998489115 1573563998547978 58863
I : 219 219 1573563998547998 1573563998609631 61633
I : 220 220 1573563998609646 1573563998668803 59157
I : 221 221 1573563998668817 1573563998729336 60519
I : 222 222 1573563998729365 1573563998791248 61883
I : 223 223 1573563998791287 1573563998849877 58590
I : 224 224 1573563998849897 1573563998911970 62073
I : 225 225 1573563998912009 1573563998972434 60425
I : 226 226 1573563998972469 1573563999032577 60108
I : 227 227 1573563999032613 1573563999093270 60657
I : 228 228 1573563999093307 1573563999153753 60446
I : 229 229 1573563999153762 1573563999213785 60023
I : 230 230 1573563999213799 1573563999273235 59436
I : 231 231 1573563999273263 1573563999335366 62103
I : 232 232 1573563999335381 1573563999395209 59828
I : 233 233 1573563999395248 1573563999455622 60374
I : 234 234 1573563999455639 1573563999515639 60000
I : 235 235 1573563999515667 1573563999577056 61389
I : 236 236 1573563999577070 1573563999636274 59204
I : 237 237 1573563999636305 1573563999696864 60559
I : 238 238 1573563999696887 1573563999757613 60726
I : 239 239 1573563999757629 1573563999817710 60081
I : 240 240 1573563999817738 1573563999879354 61616
I : 241 241 1573563999879369 1573563999938317 58948
I : 242 242 1573563999938353 1573564000000070 61717
I : 243 243 1573564000000083 1573564000059643 59560
I : 244 244 1573564000059665 1573564000120664 60999
I : 245 245 1573564000120670 1573564000180003 59333
I : 246 246 1573564000180030 1573564000241244 61214
I : 247 247 1573564000241283 1573564000300996 59713
I : 248 248 1573564000301011 1573564000362425 61414
I : 249 249 1573564000362440 1573564000421724 59284
I : 250 250 1573564000421776 1573564000483695 61919
I : 251 251 1573564000483721 1573564000542034 58313
I : 252 252 1573564000542060 1573564000643736 101676
I : 253 253 1573564000643750 1573564000744042 100292
I : 254 254 1573564000744081 1573564000845917 101836
I : 255 255 1573564000845933 1573564000945281 99348
I : 256 256 1573564000945320 1573564001046901 101581
I : 257 257 1573564001046916 1573564001146914 99998
I : 258 258 1573564001146930 1573564001246906 99976
I : 259 259 1573564001246920 1573564001347719 100799
I : 260 260 1573564001347736 1573564001449230 101494
I : 261 261 1573564001449269 1573564001548991 99722
I : 262 262 1573564001549005 1573564001649234 100229
I : 263 263 1573564001649274 1573564001750038 100764
I : 264 264 1573564001750077 1573564001851032 100955
I : 265 265 1573564001851046 1573564001950309 99263
I : 266 266 1573564001950347 1573564002051633 101286
I : 267 267 1573564002051649 1573564002151802 100153
I : 268 268 1573564002151845 1573564002252995 101150
I : 269 269 1573564002253007 1573564002352148 99141
I : 270 270 1573564002352188 1573564002453900 101712
I : 271 271 1573564002453915 1573564002553956 100041
I : 272 272 1573564002553970 1573564002654306 100336
I : 273 273 1573564002654345 1573564002755647 101302
I : 274 274 1573564002755662 1573564002855559 99897
I : 275 275 1573564002855574 1573564002955666 100092
I : 276 276 1573564002955705 1573564003056623 100918
I : 277 277 1573564003056640 1573564003156822 100182
I : 278 278 1573564003156861 1573564003257666 100805
I : 279 279 1573564003257681 1573564003358547 100866
I : 280 280 1573564003358563 1573564003459007 100444
I : 281 281 1573564003459046 1573564003559671 100625
I : 282 282 1573564003559686 1573564003660393 100707
I : 283 283 1573564003660407 1573564003759608 99201
I : 284 284 1573564003759623 1573564003860852 101229
I : 285 285 1573564003860890 1573564003961826 100936
I : 286 286 1573564003961865 1573564004062514 100649
I : 287 287 1573564004062529 1573564004162347 99818
I : 288 288 1573564004162362 1573564004262935 100573
I : 289 289 1573564004262974 1573564004363733 100759
I : 290 290 1573564004363772 1573564004464369 100597
I : 291 291 1573564004464385 1573564004564856 100471
I : 292 292 1573564004564895 1573564004665805 100910
I : 293 293 1573564004665844 1573564004766584 100740
I : 294 294 1573564004766599 1573564004866841 100242
I : 295 295 1573564004866880 1573564004967610 100730
I : 296 296 1573564004967626 1573564005067976 100350
I : 297 297 1573564005068015 1573564005168552 100537
I : 298 298 1573564005168567 1573564005267694 99127
I : 299 299 1573564005267734 1573564005367658 99924
I : 300 300 1573564005367697 1573564005469639 101942
I : 301 301 1573564005469654 1573564005570639 100985
I : 302 302 1573564005570656 1573564005671309 100653
I : 303 303 1573564005671325 1573564005770693 99368
I : 304 304 1573564005770732 1573564005871462 100730
I : 305 305 1573564005871502 1573564005972211 100709
I : 306 306 1573564005972227 1573564006072392 100165
I : 307 307 1573564006072427 1573564006173160 100733
I : 308 308 1573564006173175 1573564006273381 100206
I : 309 309 1573564006273416 1573564006374201 100785
I : 310 310 1573564006374216 1573564006475204 100988
I : 311 311 1573564006475219 1573564006574538 99319
I : 312 312 1573564006574577 1573564006675556 100979
I : 313 313 1573564006675597 1573564006776188 100591
I : 314 314 1573564006776203 1573564006876282 100079
I : 315 315 1573564006876297 1573564006977413 101116
I : 316 316 1573564006977452 1573564007078583 101131
I : 317 317 1573564007078622 1573564007179168 100546
I : 318 318 1573564007179183 1573564007278298 99115
I : 319 319 1573564007278314 1573564007378404 100090
I : 320 320 1573564007378521 1573564007480264 101743
I : 321 321 1573564007480280 1573564007581116 100836
I : 322 322 1573564007581131 1573564007680200 99069
I : 323 323 1573564007680215 1573564007781607 101392
I : 324 324 1573564007781645 1573564007882552 100907
I : 325 325 1573564007882591 1573564007982526 99935
I : 326 326 1573564007982565 1573564008083203 100638
I : 327 327 1573564008083218 1573564008183337 100119
I : 328 328 1573564008183376 1573564008284035 100659
I : 329 329 1573564008284050 1573564008383933 99883
I : 330 330 1573564008383949 1573564008485537 101588
I : 331 331 1573564008485577 1573564008586302 100725
I : 332 332 1573564008586314 1573564008685446 99132
I : 333 333 1573564008685485 1573564008787160 101675
I : 334 334 1573564008787177 1573564008887637 100460
I : 335 335 1573564008887652 1573564008987249 99597
I : 336 336 1573564008987287 1573564009087935 100648
I : 337 337 1573564009087974 1573564009189001 101027
I : 338 338 1573564009189041 1573564009289741 100700
I : 339 339 1573564009289756 1573564009389834 100078
I : 340 340 1573564009389850 1573564009491086 101236
I : 341 341 1573564009491125 1573564009591638 100513
I : 342 342 1573564009591653 1573564009691158 99505
I : 343 343 1573564009691198 1573564009792841 101643
I : 344 344 1573564009792856 1573564009892618 99762
I : 345 345 1573564009892633 1573564009993757 101124
I : 346 346 1573564009993771 1573564010093727 99956
I : 347 347 1573564010093741 1573564010194005 100264
I : 348 348 1573564010194045 1573564010295022 100977
I : 349 349 1573564010295061 1573564010395030 99969
I : 350 350 1573564010395069 1573564010495610 100541
I : 351 351 1573564010495627 1573564010596897 101270
I : 352 352 1573564010596936 1573564010696539 99603
I : 353 353 1573564010696552 1573564010797669 101117
I : 354 354 1573564010797684 1573564010898014 100330
I : 355 355 1573564010898053 1573564010998809 100756
I : 356 356 1573564010998826 1573564011099188 100362
I : 357 357 1573564011099227 1573564011199648 100421
I : 358 358 1573564011199664 1573564011300782 101118
I : 359 359 1573564011300797 1573564011400977 100180
I : 360 360 1573564011401016 1573564011501160 100144
I : 361 361 1573564011501200 1573564011602080 100880
I : 362 362 1573564011602120 1573564011702843 100723
I : 363 363 1573564011702860 1573564011803036 100176
I : 364 364 1573564011803075 1573564011903830 100755
I : 365 365 1573564011903845 1573564012004470 100625
I : 366 366 1573564012004485 1573564012104164 99679
I : 367 367 1573564012104203 1573564012205523 101320
I : 368 368 1573564012205538 1573564012304689 99151
I : 369 369 1573564012304705 1573564012405404 100699
I : 370 370 1573564012405420 1573564012506555 101135
I : 371 371 1573564012506570 1573564012605532 98962
I : 372 372 1573564012605568 1573564012706866 101298
I : 373 373 1573564012706902 1573564012807873 100971
I : 374 374 1573564012807911 1573564012908464 100553
I : 375 375 1573564012908480 1573564013008530 100050
I : 376 376 1573564013008546 1573564013108817 100271
I : 377 377 1573564013108856 1573564013209530 100674
I : 378 378 1573564013209560 1573564013309836 100276
I : 379 379 1573564013309876 1573564013411301 101425
I : 380 380 1573564013411316 1573564013510844 99528
I : 381 381 1573564013510883 1573564013612506 101623
I : 382 382 1573564013612521 1573564013712486 99965
I : 383 383 1573564013712501 1573564013812439 99938
I : 384 384 1573564013812454 1573564013912848 100394
I : 385 385 1573564013912888 1573564014013620 100732
I : 386 386 1573564014013659 1573564014114343 100684
I : 387 387 1573564014114359 1573564014213644 99285
I : 388 388 1573564014213684 1573564014314788 101104
I : 389 389 1573564014314827 1573564014415405 100578
I : 390 390 1573564014415421 1573564014515401 99980
I : 391 391 1573564014515416 1573564014615293 99877
I : 392 392 1573564014615306 1573564014716738 101432
I : 393 393 1573564014716774 1573564014817403 100629
I : 394 394 1573564014817433 1573564014917490 100057
I : 395 395 1573564014917506 1573564015018475 100969
I : 396 396 1573564015018492 1573564015118787 100295
I : 397 397 1573564015118826 1573564015219749 100923
I : 398 398 1573564015219788 1573564015320533 100745
I : 399 399 1573564015320549 1573564015420673 100124
I : 400 400 1573564015420712 1573564015521464 100752
I : 401 401 1573564015521502 1573564015622124 100622
I : 402 402 1573564015622139 1573564015721500 99361
I : 403 403 1573564015721517 1573564015823034 101517
I : 404 404 1573564015823049 1573564015922556 99507
I : 405 405 1573564015922595 1573564016023127 100532
I : 406 406 1573564016023142 1573564016124195 101053
I : 407 407 1573564016124211 1573564016224385 100174
I : 408 408 1573564016224424 1573564016324550 100126
I : 409 409 1573564016324589 1573564016425390 100801
I : 410 410 1573564016425430 1573564016526189 100759
I : 411 411 1573564016526204 1573564016625276 99072
I : 412 412 1573564016625315 1573564016726925 101610
I : 413 413 1573564016726940 1573564016827002 100062
I : 414 414 1573564016827019 1573564016927513 100494
I : 415 415 1573564016927553 1573564017028064 100511
I : 416 416 1573564017028081 1573564017129377 101296
I : 417 417 1573564017129417 1573564017229194 99777
I : 418 418 1573564017229208 1573564017329515 100307
I : 419 419 1573564017329554 1573564017430313 100759
I : 420 420 1573564017430352 1573564017530943 100591
I : 421 421 1573564017530958 1573564017630304 99346
I : 422 422 1573564017630343 1573564017732163 101820
I : 423 423 1573564017732179 1573564017832396 100217
I : 424 424 1573564017832435 1573564017933140 100705
I : 425 425 1573564017933155 1573564018033209 100054
I : 426 426 1573564018033225 1573564018133518 100293
I : 427 427 1573564018133556 1573564018234468 100912
I : 428 428 1573564018234507 1573564018335139 100632
I : 429 429 1573564018335156 1573564018435175 100019
I : 430 430 1573564018435204 1573564018536135 100931
I : 431 431 1573564018536150 1573564018635536 99386
I : 432 432 1573564018635575 1573564018737396 101821
I : 433 433 1573564018737435 1573564018837069 99634
I : 434 434 1573564018837108 1573564018937762 100654
I : 435 435 1573564018937777 1573564019037740 99963
I : 436 436 1573564019037755 1573564019139103 101348
I : 437 437 1573564019139141 1573564019239861 100720
I : 438 438 1573564019239876 1573564019340150 100274
I : 439 439 1573564019340190 1573564019440858 100668
I : 440 440 1573564019440873 1573564019541074 100201
I : 441 441 1573564019541113 1573564019642191 101078
I : 442 442 1573564019642231 1573564019742822 100591
I : 443 443 1573564019742837 1573564019842860 100023
I : 444 444 1573564019842876 1573564019943071 100195
I : 445 445 1573564019943110 1573564020043085 99975
I : 446 446 1573564020043124 1573564020143648 100524
I : 447 447 1573564020143664 1573564020243979 100315
I : 448 448 1573564020244018 1573564020345022 101004
I : 449 449 1573564020345060 1573564020445804 100744
I : 450 450 1573564020445819 1573564020545740 99921
I : 451 451 1573564020545756 1573564020645725 99969
I : 452 452 1573564020645741 1573564020746906 101165
I : 453 453 1573564020746944 1573564020846915 99971
I : 454 454 1573564020846955 1573564020947416 100461
I : 455 455 1573564020947431 1573564021047969 100538
I : 456 456 1573564021048008 1573564021148758 100750
I : 457 457 1573564021148775 1573564021250134 101359
I : 458 458 1573564021250175 1573564021350126 99951
I : 459 459 1573564021350166 1573564021451022 100856
I : 460 460 1573564021451060 1573564021551123 100063
I : 461 461 1573564021551162 1573564021651637 100475
I : 462 462 1573564021651653 1573564021752139 100486
I : 463 463 1573564021752179 1573564021853043 100864
I : 464 464 1573564021853082 1573564021953130 100048
I : 465 465 1573564021953170 1573564022053658 100488
I : 466 466 1573564022053674 1573564022153738 100064
I : 467 467 1573564022153754 1573564022254140 100386
I : 468 468 1573564022254179 1573564022354732 100553
I : 469 469 1573564022354771 1573564022455659 100888
I : 470 470 1573564022455699 1573564022555660 99961
I : 471 471 1573564022555699 1573564022656404 100705
I : 472 472 1573564022656421 1573564022756822 100401
I : 473 473 1573564022756859 1573564022857735 100876
I : 474 474 1573564022857774 1573564022957786 100012
I : 475 475 1573564022957826 1573564023058763 100937
I : 476 476 1573564023058877 1573564023159453 100576
I : 477 477 1573564023159470 1573564023259775 100305
I : 478 478 1573564023259814 1573564023360678 100864
I : 479 479 1573564023360717 1573564023460696 99979
I : 480 480 1573564023460735 1573564023561746 101011
I : 481 481 1573564023561785 1573564023662342 100557
I : 482 482 1573564023662359 1573564023761759 99400
I : 483 483 1573564023761799 1573564023862773 100974
I : 484 484 1573564023862813 1573564023963561 100748
I : 485 485 1573564023963600 1573564024064728 101128
I : 486 486 1573564024064767 1573564024164381 99614
I : 487 487 1573564024164396 1573564024264746 100350
I : 488 488 1573564024264785 1573564024365690 100905
I : 489 489 1573564024365729 1573564024466456 100727
I : 490 490 1573564024466472 1573564024566737 100265
I : 491 491 1573564024566776 1573564024667318 100542
I : 492 492 1573564024667335 1573564024766753 99418
I : 493 493 1573564024766793 1573564024868703 101910
I : 494 494 1573564024868742 1573564024968763 100021
I : 495 495 1573564024968802 1573564025069736 100934
I : 496 496 1573564025069776 1573564025169767 99991
I : 497 497 1573564025169806 1573564025270335 100529
I : 498 498 1573564025270374 1573564025371420 101046
I : 499 499 1573564025371461 1573564025471351 99890
I : 500 500 1573564025471414 1573564025572361 100947
