A : 1 1 1573565405201038 1573565405243893 42855
A : 2 2 1573565405243904 1573565405287133 43229
A : 3 3 1573565405287145 1573565405330328 43183
A : 4 4 1573565405330344 1573565405373319 42975
A : 5 5 1573565405373360 1573565405418879 45519
A : 6 6 1573565405418895 1573565405461894 42999
A : 7 7 1573565405461913 1573565405505090 43177
A : 8 8 1573565405505110 1573565405548972 43862
A : 9 9 1573565405548996 1573565405592941 43945
A : 10 10 1573565405592975 1573565405637403 44428
A : 11 11 1573565405637445 1573565405681905 44460
A : 12 12 1573565405681948 1573565405726403 44455
A : 13 13 1573565405726423 1573565405769935 43512
A : 14 14 1573565405769978 1573565405814418 44440
A : 15 15 1573565405814460 1573565405859617 45157
A : 16 16 1573565405859659 1573565405904131 44472
A : 17 17 1573565405904164 1573565405948491 44327
A : 18 18 1573565405948528 1573565405992863 44335
A : 19 19 1573565405992893 1573565406037128 44235
A : 20 20 1573565406037161 1573565406081468 44307
A : 21 21 1573565406081483 1573565406124497 43014
A : 22 22 1573565406124527 1573565406168941 44414
A : 23 23 1573565406168963 1573565406212170 43207
A : 24 24 1573565406212212 1573565406256551 44339
A : 25 25 1573565406256582 1573565406300853 44271
A : 26 26 1573565406300885 1573565406345405 44520
A : 27 27 1573565406345434 1573565406390324 44890
A : 28 28 1573565406390341 1573565406433400 43059
A : 29 29 1573565406433429 1573565406477912 44483
A : 30 30 1573565406477954 1573565406522298 44344
A : 31 31 1573565406522331 1573565406566836 44505
A : 32 32 1573565406566869 1573565406611436 44567
A : 33 33 1573565406611452 1573565406654427 42975
A : 34 34 1573565406654451 1573565406698906 44455
A : 35 35 1573565406698926 1573565406741985 43059
A : 36 36 1573565406742028 1573565406786365 44337
A : 37 37 1573565406786397 1573565406830768 44371
A : 38 38 1573565406830782 1573565406873751 42969
A : 39 39 1573565406873758 1573565406916605 42847
A : 40 40 1573565406916628 1573565406959831 43203
A : 41 41 1573565406959859 1573565407004145 44286
A : 42 42 1573565407004179 1573565407048615 44436
A : 43 43 1573565407048631 1573565407091719 43088
A : 44 44 1573565407091752 1573565407136516 44764
A : 45 45 1573565407136560 1573565407181123 44563
A : 46 46 1573565407181167 1573565407225861 44694
A : 47 47 1573565407225877 1573565407268873 42996
A : 48 48 1573565407268907 1573565407313506 44599
A : 49 49 1573565407313527 1573565407356464 42937
A : 50 50 1573565407356496 1573565407400970 44474
A : 51 51 1573565407401004 1573565407446052 45048
A : 52 52 1573565407446085 1573565407490611 44526
A : 53 53 1573565407490646 1573565407535416 44770
A : 54 54 1573565407535458 1573565407580019 44561
A : 55 55 1573565407580052 1573565407624500 44448
A : 56 56 1573565407624534 1573565407669234 44700
A : 57 57 1573565407669278 1573565407713971 44693
A : 58 58 1573565407714016 1573565407758794 44778
A : 59 59 1573565407758815 1573565407801981 43166
A : 60 60 1573565407802027 1573565407846549 44522
A : 61 61 1573565407846565 1573565407889586 43021
A : 62 62 1573565407889619 1573565407934183 44564
A : 63 63 1573565407934198 1573565407977363 43165
A : 64 64 1573565407977397 1573565408021909 44512
A : 65 65 1573565408021924 1573565408064847 42923
A : 66 66 1573565408064879 1573565408109366 44487
A : 67 67 1573565408109399 1573565408153868 44469
A : 68 68 1573565408153884 1573565408196908 43024
A : 69 69 1573565408196940 1573565408241699 44759
A : 70 70 1573565408241744 1573565408286290 44546
A : 71 71 1573565408286323 1573565408330859 44536
A : 72 72 1573565408330875 1573565408373896 43021
A : 73 73 1573565408373929 1573565408418442 44513
A : 74 74 1573565408418475 1573565408463148 44673
A : 75 75 1573565408463192 1573565408507869 44677
A : 76 76 1573565408507885 1573565408550881 42996
A : 77 77 1573565408550914 1573565408595681 44767
A : 78 78 1573565408595725 1573565408640228 44503
A : 79 79 1573565408640262 1573565408684726 44464
A : 80 80 1573565408684740 1573565408727684 42944
A : 81 81 1573565408727717 1573565408772405 44688
A : 82 82 1573565408772450 1573565408816948 44498
A : 83 83 1573565408816980 1573565408861513 44533
A : 84 84 1573565408861528 1573565408904437 42909
A : 85 85 1573565408904469 1573565408948959 44490
A : 86 86 1573565408948992 1573565408993745 44753
A : 87 87 1573565408993790 1573565409038846 45056
A : 88 88 1573565409038861 1573565409081780 42919
A : 89 89 1573565409081811 1573565409126630 44819
A : 90 90 1573565409126674 1573565409171219 44545
A : 91 91 1573565409171252 1573565409215757 44505
A : 92 92 1573565409215774 1573565409258786 43012
A : 93 93 1573565409258818 1573565409303620 44802
A : 94 94 1573565409303665 1573565409348160 44495
A : 95 95 1573565409348192 1573565409392663 44471
A : 96 96 1573565409392679 1573565409435673 42994
A : 97 97 1573565409435706 1573565409480219 44513
A : 98 98 1573565409480253 1573565409524920 44667
A : 99 99 1573565409524964 1573565409570050 45086
A : 100 100 1573565409570066 1573565409613052 42986
A : 101 101 1573565409613085 1573565409657873 44788
A : 102 102 1573565409657918 1573565409702471 44553
A : 103 103 1573565409702506 1573565409747037 44531
A : 104 104 1573565409747052 1573565409789960 42908
A : 105 105 1573565409789991 1573565409834712 44721
A : 106 106 1573565409834757 1573565409879299 44542
A : 107 107 1573565409879331 1573565409923803 44472
A : 108 108 1573565409923819 1573565409966786 42967
A : 109 109 1573565409966819 1573565410011370 44551
A : 110 110 1573565410011427 1573565410055900 44473
A : 111 111 1573565410055943 1573565410100895 44952
A : 112 112 1573565410100910 1573565410143811 42901
A : 113 113 1573565410143852 1573565410188439 44587
A : 114 114 1573565410188483 1573565410232985 44502
A : 115 115 1573565410233017 1573565410277663 44646
A : 116 116 1573565410277682 1573565410320759 43077
A : 117 117 1573565410320804 1573565410365416 44612
A : 118 118 1573565410365461 1573565410409980 44519
A : 119 119 1573565410410014 1573565410454770 44756
A : 120 120 1573565410454790 1573565410497871 43081
A : 121 121 1573565410497915 1573565410542595 44680
A : 122 122 1573565410542640 1573565410587236 44596
A : 123 123 1573565410587280 1573565410632438 45158
A : 124 124 1573565410632459 1573565410675605 43146
A : 125 125 1573565410675649 1573565410720182 44533
A : 126 126 1573565410721180 1573565410767570 46390
A : 127 127 1573565411062456 1573565411107063 44607
A : 128 127 1573565411107082 1573565411150455 43373
A : 129 128 1573565411150475 1573565411193578 43103
A : 130 128 1573565411193617 1573565411238407 44790
A : 131 129 1573565411238428 1573565411281529 43101
A : 132 129 1573565411281570 1573565411326782 45212
A : 133 130 1573565411326801 1573565411369829 43028
A : 134 130 1573565411369870 1573565411414511 44641
A : 135 131 1573565411414532 1573565411457637 43105
A : 136 131 1573565411457678 1573565411502328 44650
A : 137 132 1573565411502350 1573565411545549 43199
A : 138 132 1573565411545589 1573565411590122 44533
A : 139 133 1573565411590156 1573565411634498 44342
A : 140 133 1573565411634516 1573565411677585 43069
A : 141 134 1573565411677627 1573565411722103 44476
A : 142 134 1573565411722142 1573565411766870 44728
A : 143 135 1573565411766912 1573565411811518 44606
A : 144 135 1573565411811558 1573565411856126 44568
A : 145 136 1573565411856149 1573565411899422 43273
A : 146 136 1573565411899460 1573565411943909 44449
A : 147 137 1573565411943931 1573565411987189 43258
A : 148 137 1573565411987229 1573565412031626 44397
A : 149 138 1573565412031647 1573565412074721 43074
A : 150 138 1573565412074759 1573565412119251 44492
A : 151 139 1573565412119293 1573565412163591 44298
A : 152 139 1573565412163617 1573565412208022 44405
A : 153 140 1573565412208065 1573565412252404 44339
A : 154 140 1573565412252431 1573565412296892 44461
A : 155 141 1573565412296934 1573565412341351 44417
A : 156 141 1573565412341389 1573565412385916 44527
A : 157 142 1573565412385958 1573565412430478 44520
A : 158 142 1573565412430516 1573565412474960 44444
A : 159 143 1573565412474981 1573565412518145 43164
A : 160 143 1573565412518184 1573565412562677 44493
A : 161 144 1573565412562720 1573565412607193 44473
A : 162 144 1573565412607232 1573565412651799 44567
A : 163 145 1573565412651932 1573565412696308 44376
A : 164 145 1573565412696326 1573565412739253 42927
A : 165 146 1573565412739294 1573565412783626 44332
A : 166 146 1573565412783664 1573565412828113 44449
A : 167 147 1573565412828136 1573565412871279 43143
A : 168 147 1573565412871317 1573565412915685 44368
A : 169 148 1573565412915727 1573565412960065 44338
A : 170 148 1573565412960104 1573565413004371 44267
A : 171 149 1573565413004390 1573565413047515 43125
A : 172 149 1573565413047553 1573565413091948 44395
A : 173 150 1573565413091966 1573565413135019 43053
A : 174 150 1573565413135059 1573565413179568 44509
A : 175 151 1573565413179610 1573565413223939 44329
A : 176 151 1573565413223977 1573565413268436 44459
A : 177 152 1573565413268453 1573565413311296 42843
A : 178 152 1573565413311311 1573565413354120 42809
A : 179 153 1573565413354146 1573565413398273 44127
A : 180 153 1573565413398290 1573565413441254 42964
A : 181 154 1573565413441284 1573565413485738 44454
A : 182 154 1573565413485755 1573565413528633 42878
A : 183 155 1573565413528670 1573565413573453 44783
A : 184 155 1573565413573487 1573565413616523 43036
A : 185 156 1573565413616565 1573565413661076 44511
A : 186 156 1573565413661094 1573565413704196 43102
A : 187 157 1573565413704237 1573565413748640 44403
A : 188 157 1573565413748678 1573565413793099 44421
A : 189 158 1573565413793142 1573565413837487 44345
A : 190 158 1573565413837515 1573565413882056 44541
A : 191 159 1573565413882098 1573565413926565 44467
A : 192 159 1573565413926583 1573565413969807 43224
A : 193 160 1573565413969850 1573565414014331 44481
A : 194 160 1573565414014346 1573565414057092 42746
A : 195 161 1573565414057118 1573565414100922 43804
A : 196 161 1573565414100961 1573565414145274 44313
A : 197 162 1573565414145316 1573565414189734 44418
A : 198 162 1573565414189772 1573565414234192 44420
A : 199 163 1573565414234234 1573565414278707 44473
A : 200 163 1573565414278745 1573565414323062 44317
A : 201 164 1573565414323102 1573565414367411 44309
A : 202 164 1573565414367438 1573565414411730 44292
A : 203 165 1573565414411760 1573565414456072 44312
A : 204 165 1573565414456100 1573565414500494 44394
A : 205 166 1573565414500536 1573565414545023 44487
A : 206 166 1573565414545062 1573565414589379 44317
A : 207 167 1573565414589397 1573565414632419 43022
A : 208 167 1573565414632457 1573565414676862 44405
A : 209 168 1573565414676904 1573565414721168 44264
A : 210 168 1573565414721197 1573565414765769 44572
A : 211 169 1573565414765811 1573565414810277 44466
A : 212 169 1573565414810315 1573565414854624 44309
A : 213 170 1573565414854674 1573565414899082 44408
A : 214 170 1573565414899109 1573565414943481 44372
A : 215 171 1573565414943503 1573565414986676 43173
A : 216 171 1573565414986721 1573565415031350 44629
A : 217 172 1573565415031372 1573565415074523 43151
A : 218 172 1573565415074561 1573565415119048 44487
A : 219 173 1573565415119068 1573565415162425 43357
A : 220 173 1573565415162464 1573565415206940 44476
A : 221 174 1573565415206958 1573565415250099 43141
A : 222 174 1573565415250135 1573565415294669 44534
A : 223 175 1573565415294692 1573565415337698 43006
A : 224 175 1573565415337738 1573565415382462 44724
A : 225 176 1573565415382505 1573565415426893 44388
A : 226 176 1573565415426919 1573565415471153 44234
A : 227 177 1573565415471175 1573565415514294 43119
A : 228 177 1573565415514332 1573565415558837 44505
A : 229 178 1573565415558880 1573565415603372 44492
A : 230 178 1573565415603436 1573565415648110 44674
A : 231 179 1573565415648153 1573565415693041 44888
A : 232 179 1573565415693079 1573565415737538 44459
A : 233 180 1573565415737557 1573565415780546 42989
A : 234 180 1573565415780585 1573565415825018 44433
A : 235 181 1573565415825038 1573565415867973 42935
A : 236 181 1573565415868010 1573565415912412 44402
A : 237 182 1573565415912433 1573565415955414 42981
A : 238 182 1573565415955447 1573565415999777 44330
A : 239 183 1573565415999820 1573565416044191 44371
A : 240 183 1573565416044211 1573565416087270 43059
A : 241 184 1573565416087312 1573565416131836 44524
A : 242 184 1573565416131875 1573565416176120 44245
A : 243 185 1573565416176136 1573565416219345 43209
A : 244 185 1573565416219383 1573565416263773 44390
A : 245 186 1573565416263795 1573565416306842 43047
A : 246 186 1573565416306880 1573565416351177 44297
A : 247 187 1573565416351196 1573565416394322 43126
A : 248 187 1573565416394362 1573565416438758 44396
A : 249 188 1573565416438780 1573565416481971 43191
A : 250 188 1573565416482008 1573565416526467 44459
A : 251 189 1573565416526487 1573565416569686 43199
A : 252 189 1573565416569725 1573565416614159 44434
A : 253 190 1573565416614200 1573565416658625 44425
A : 254 190 1573565416658663 1573565416703187 44524
A : 255 191 1573565416703229 1573565416748144 44915
A : 256 191 1573565416748163 1573565416791224 43061
A : 257 192 1573565416791267 1573565416835802 44535
A : 258 192 1573565416835841 1573565416880272 44431
A : 259 193 1573565416880315 1573565416924744 44429
A : 260 193 1573565416924783 1573565416969285 44502
A : 261 194 1573565416969328 1573565417013911 44583
A : 262 194 1573565417013949 1573565417058379 44430
A : 263 195 1573565417058421 1573565417102970 44549
A : 264 195 1573565417102988 1573565417145981 42993
A : 265 196 1573565417146023 1573565417190423 44400
A : 266 196 1573565417190442 1573565417233633 43191
A : 267 197 1573565417233683 1573565417278769 45086
A : 268 197 1573565417278809 1573565417323260 44451
A : 269 198 1573565417323282 1573565417366483 43201
A : 270 198 1573565417366521 1573565417411137 44616
A : 271 199 1573565417411156 1573565417454313 43157
A : 272 199 1573565417454359 1573565417499122 44763
A : 273 200 1573565417499142 1573565417542236 43094
A : 274 200 1573565417542274 1573565417586724 44450
A : 275 201 1573565417586765 1573565417631114 44349
A : 276 201 1573565417631132 1573565417674196 43064
A : 277 202 1573565417674237 1573565417718691 44454
A : 278 202 1573565417718710 1573565417761903 43193
A : 279 203 1573565417761945 1573565417806979 45034
A : 280 203 1573565417807018 1573565417851340 44322
A : 281 204 1573565417851358 1573565417894435 43077
A : 282 204 1573565417894473 1573565417938813 44340
A : 283 205 1573565417938834 1573565417982057 43223
A : 284 205 1573565417982096 1573565418026548 44452
A : 285 206 1573565418026568 1573565418069527 42959
A : 286 206 1573565418069555 1573565418113896 44341
A : 287 207 1573565418113938 1573565418158505 44567
A : 288 207 1573565418158523 1573565418201562 43039
A : 289 208 1573565418201604 1573565418246117 44513
A : 290 208 1573565418246137 1573565418289116 42979
A : 291 209 1573565418289158 1573565418333990 44832
A : 292 209 1573565418334007 1573565418377061 43054
A : 293 210 1573565418377103 1573565418421624 44521
A : 294 210 1573565418421662 1573565418466210 44548
A : 295 211 1573565418466230 1573565418509328 43098
A : 296 211 1573565418509367 1573565418553855 44488
A : 297 212 1573565418553875 1573565418596941 43066
A : 298 212 1573565418596980 1573565418641400 44420
A : 299 213 1573565418641417 1573565418684525 43108
A : 300 213 1573565418684565 1573565418729135 44570
A : 301 214 1573565418729176 1573565418773590 44414
A : 302 214 1573565418773619 1573565418817877 44258
A : 303 215 1573565418817902 1573565418861283 43381
A : 304 215 1573565418861322 1573565418905780 44458
A : 305 216 1573565418905801 1573565418948962 43161
A : 306 216 1573565418949001 1573565418993535 44534
A : 307 217 1573565418993556 1573565419036579 43023
A : 308 217 1573565419036607 1573565419081373 44766
A : 309 218 1573565419081392 1573565419124620 43228
A : 310 218 1573565419124659 1573565419169163 44504
A : 311 219 1573565419169185 1573565419212469 43284
A : 312 219 1573565419212508 1573565419256976 44468
A : 313 220 1573565419257017 1573565419301375 44358
A : 314 220 1573565419301413 1573565419345900 44487
A : 315 221 1573565419345922 1573565419389146 43224
A : 316 221 1573565419389165 1573565419432148 42983
A : 317 222 1573565419432179 1573565419476485 44306
A : 318 222 1573565419476513 1573565419519567 43054
A : 319 223 1573565419519589 1573565419562981 43392
A : 320 223 1573565419563020 1573565419607503 44483
A : 321 224 1573565419607556 1573565419650517 42961
A : 322 224 1573565419650557 1573565419695101 44544
A : 323 225 1573565419695121 1573565419738049 42928
A : 324 225 1573565419738075 1573565419782220 44145
A : 325 226 1573565419782250 1573565419826773 44523
A : 326 226 1573565419826814 1573565419871451 44637
A : 327 227 1573565419871494 1573565419916598 45104
A : 328 227 1573565419916638 1573565419961324 44686
A : 329 228 1573565419961345 1573565420004399 43054
A : 330 228 1573565420004438 1573565420049104 44666
A : 331 229 1573565420049147 1573565420093583 44436
A : 332 229 1573565420093622 1573565420137971 44349
A : 333 230 1573565420138001 1573565420182302 44301
A : 334 230 1573565420182329 1573565420226787 44458
A : 335 231 1573565420227673 1573565420273482 45809
A : 336 231 1573565420273500 1573565420317142 43642
A : 337 232 1573565420831229 1573565420873900 42671
A : 338 232 1573565420873919 1573565420917246 43327
A : 339 232 1573565420917286 1573565420962475 45189
A : 340 233 1573565420962507 1573565421005647 43140
A : 341 233 1573565421005671 1573565421049116 43445
A : 342 233 1573565421049156 1573565421093828 44672
A : 343 234 1573565421093849 1573565421136968 43119
A : 344 234 1573565421137008 1573565421181681 44673
A : 345 234 1573565421181700 1573565421224910 43210
A : 346 235 1573565421224955 1573565421269562 44607
A : 347 235 1573565421269581 1573565421312640 43059
A : 348 235 1573565421312681 1573565421357335 44654
A : 349 236 1573565421357378 1573565421402030 44652
A : 350 236 1573565421402047 1573565421444931 42884
A : 351 236 1573565421444969 1573565421489716 44747
A : 352 237 1573565421489759 1573565421534310 44551
A : 353 237 1573565421534351 1573565421578929 44578
A : 354 237 1573565421578955 1573565421623331 44376
A : 355 238 1573565421623374 1573565421667657 44283
A : 356 238 1573565421667696 1573565421712276 44580
A : 357 238 1573565421712315 1573565421756612 44297
A : 358 239 1573565421756653 1573565421801067 44414
A : 359 239 1573565421801106 1573565421845541 44435
A : 360 239 1573565421845560 1573565421888574 43014
A : 361 240 1573565421888614 1573565421932996 44382
A : 362 240 1573565421933015 1573565421976061 43046
A : 363 240 1573565421976100 1573565422020993 44893
A : 364 241 1573565422021013 1573565422064030 43017
A : 365 241 1573565422064069 1573565422108381 44312
A : 366 241 1573565422108415 1573565422152801 44386
A : 367 242 1573565422152842 1573565422197184 44342
A : 368 242 1573565422197224 1573565422241702 44478
A : 369 242 1573565422241740 1573565422286224 44484
A : 370 243 1573565422286266 1573565422330589 44323
A : 371 243 1573565422330628 1573565422374998 44370
A : 372 243 1573565422375036 1573565422419511 44475
A : 373 244 1573565422419553 1573565422463906 44353
A : 374 244 1573565422463944 1573565422508332 44388
A : 375 244 1573565422508371 1573565422552807 44436
A : 376 245 1573565422552849 1573565422597192 44343
A : 377 245 1573565422597232 1573565422641766 44534
A : 378 245 1573565422641805 1573565422686355 44550
A : 379 246 1573565422686397 1573565422730754 44357
A : 380 246 1573565422730773 1573565422773859 43086
A : 381 246 1573565422773892 1573565422818394 44502
A : 382 247 1573565422818414 1573565422861508 43094
A : 383 247 1573565422861547 1573565422905935 44388
A : 384 247 1573565422905952 1573565422949001 43049
A : 385 248 1573565422949043 1573565422993469 44426
A : 386 248 1573565422993508 1573565423037953 44445
A : 387 248 1573565423037991 1573565423082501 44510
A : 388 249 1573565423082522 1573565423125720 43198
A : 389 249 1573565423125759 1573565423170237 44478
A : 390 249 1573565423170256 1573565423213421 43165
A : 391 250 1573565423213464 1573565423257959 44495
A : 392 250 1573565423257976 1573565423300821 42845
A : 393 250 1573565423300858 1573565423345279 44421
A : 394 251 1573565423345300 1573565423388458 43158
A : 395 251 1573565423388496 1573565423432929 44433
A : 396 251 1573565423432947 1573565423476126 43179
A : 397 252 1573565423476169 1573565423520464 44295
A : 398 252 1573565423520498 1573565423564890 44392
A : 399 252 1573565423564929 1573565423609404 44475
A : 400 253 1573565423609425 1573565423652662 43237
A : 401 253 1573565423652700 1573565423697155 44455
A : 402 253 1573565423697175 1573565423740303 43128
A : 403 254 1573565423740345 1573565423784798 44453
A : 404 254 1573565423784816 1573565423827912 43096
A : 405 254 1573565423827951 1573565423872268 44317
A : 406 255 1573565423872287 1573565423915200 42913
A : 407 255 1573565423915239 1573565423959609 44370
A : 408 255 1573565423959628 1573565424002694 43066
A : 409 256 1573565424002736 1573565424047124 44388
A : 410 256 1573565424047164 1573565424091525 44361
A : 411 256 1573565424091559 1573565424135750 44191
A : 412 257 1573565424135770 1573565424178825 43055
A : 413 257 1573565424178863 1573565424223374 44511
A : 414 257 1573565424223414 1573565424266573 43159
A : 415 258 1573565424266616 1573565424311078 44462
A : 416 258 1573565424311096 1573565424354231 43135
A : 417 258 1573565424354269 1573565424398737 44468
A : 418 259 1573565424398758 1573565424442035 43277
A : 419 259 1573565424442074 1573565424486588 44514
A : 420 259 1573565424486605 1573565424529692 43087
A : 421 260 1573565424529734 1573565424574217 44483
A : 422 260 1573565424574256 1573565424618685 44429
A : 423 260 1573565424618724 1573565424663232 44508
A : 424 261 1573565424663251 1573565424706376 43125
A : 425 261 1573565424706414 1573565424750750 44336
A : 426 261 1573565424750787 1573565424795122 44335
A : 427 262 1573565424795160 1573565424839616 44456
A : 428 262 1573565424839635 1573565424882728 43093
A : 429 262 1573565424882767 1573565424927228 44461
A : 430 263 1573565424927269 1573565424971634 44365
A : 431 263 1573565424971672 1573565425016100 44428
A : 432 263 1573565425016118 1573565425059183 43065
A : 433 264 1573565425059220 1573565425103543 44323
A : 434 264 1573565425103583 1573565425147930 44347
A : 435 264 1573565425147966 1573565425192384 44418
A : 436 265 1573565425192402 1573565425235293 42891
A : 437 265 1573565425235329 1573565425279741 44412
A : 438 265 1573565425279780 1573565425324061 44281
A : 439 266 1573565425324079 1573565425367122 43043
A : 440 266 1573565425367166 1573565425411558 44392
A : 441 266 1573565425411596 1573565425455883 44287
A : 442 267 1573565425455925 1573565425500318 44393
A : 443 267 1573565425500359 1573565425544848 44489
A : 444 267 1573565425544868 1573565425587909 43041
A : 445 268 1573565425587951 1573565425632395 44444
A : 446 268 1573565425632434 1573565425676831 44397
A : 447 268 1573565425676870 1573565425721324 44454
A : 448 269 1573565425721343 1573565425764380 43037
A : 449 269 1573565425764419 1573565425808713 44294
A : 450 269 1573565425808746 1573565425853136 44390
A : 451 270 1573565425853178 1573565425897588 44410
A : 452 270 1573565425897606 1573565425940525 42919
A : 453 270 1573565425940562 1573565425984830 44268
A : 454 271 1573565425984872 1573565426029298 44426
A : 455 271 1573565426029337 1573565426073734 44397
A : 456 271 1573565426073752 1573565426116827 43075
A : 457 272 1573565426116870 1573565426161393 44523
A : 458 272 1573565426161432 1573565426205891 44459
A : 459 272 1573565426205909 1573565426249096 43187
A : 460 273 1573565426249138 1573565426293622 44484
A : 461 273 1573565426293642 1573565426336813 43171
A : 462 273 1573565426336851 1573565426381238 44387
A : 463 274 1573565426381258 1573565426424289 43031
A : 464 274 1573565426424328 1573565426468783 44455
A : 465 274 1573565426468823 1573565426513247 44424
A : 466 275 1573565426513289 1573565426557844 44555
A : 467 275 1573565426557864 1573565426601134 43270
A : 468 275 1573565426601173 1573565426645704 44531
A : 469 276 1573565426645721 1573565426688473 42752
A : 470 276 1573565426688496 1573565426731896 43400
A : 471 276 1573565426731935 1573565426776274 44339
A : 472 277 1573565426776291 1573565426819238 42947
A : 473 277 1573565426819277 1573565426863675 44398
A : 474 277 1573565426863715 1573565426908012 44297
A : 475 278 1573565426908053 1573565426952351 44298
A : 476 278 1573565426952390 1573565426996700 44310
A : 477 278 1573565426996738 1573565427041057 44319
A : 478 279 1573565427041094 1573565427085356 44262
A : 479 279 1573565427085457 1573565427129960 44503
A : 480 279 1573565427129979 1573565427173023 43044
A : 481 280 1573565427173064 1573565427217330 44266
A : 482 280 1573565427217370 1573565427261910 44540
A : 483 280 1573565427261949 1573565427306397 44448
A : 484 281 1573565427306439 1573565427350704 44265
A : 485 281 1573565427350723 1573565427393954 43231
A : 486 281 1573565427393993 1573565427438471 44478
A : 487 282 1573565427438513 1573565427482989 44476
A : 488 282 1573565427483029 1573565427527503 44474
A : 489 282 1573565427527542 1573565427571800 44258
A : 490 283 1573565427571841 1573565427616161 44320
A : 491 283 1573565427616200 1573565427660582 44382
A : 492 283 1573565427660621 1573565427704892 44271
A : 493 284 1573565427704935 1573565427749285 44350
A : 494 284 1573565427749324 1573565427793749 44425
A : 495 284 1573565427793788 1573565427838088 44300
A : 496 285 1573565427838107 1573565427881074 42967
A : 497 285 1573565427881113 1573565427925495 44382
A : 498 285 1573565427925534 1573565427969952 44418
A : 499 286 1573565427969994 1573565428014256 44262
A : 500 286 1573565428014294 1573565428059597 45303
A : 501 286 1573565428059636 1573565428102139 42503
I : 1 1 1573565405201124 1573565405319572 118448
I : 2 2 1573565405319586 1573565405361200 41614
I : 3 3 1573565405361235 1573565405403032 41797
I : 4 4 1573565405403044 1573565405444362 41318
I : 5 5 1573565405444403 1573565405485773 41370
I : 6 6 1573565405485792 1573565405526510 40718
I : 7 7 1573565405526532 1573565405567475 40943
I : 8 8 1573565405567497 1573565405609374 41877
I : 9 9 1573565405609411 1573565405651561 42150
I : 10 10 1573565405651597 1573565405693629 42032
I : 11 11 1573565405693643 1573565405734829 41186
I : 12 12 1573565405734850 1573565405776017 41167
I : 13 13 1573565405776041 1573565405818306 42265
I : 14 14 1573565405818336 1573565405860375 42039
I : 15 15 1573565405860403 1573565405902712 42309
I : 16 16 1573565405902750 1573565405944877 42127
I : 17 17 1573565405944913 1573565405991639 46726
I : 18 18 1573565405991678 1573565406034028 42350
I : 19 19 1573565406034066 1573565406076803 42737
I : 20 20 1573565406076820 1573565406118327 41507
I : 21 21 1573565406118366 1573565406161261 42895
I : 22 22 1573565406161270 1573565406202518 41248
I : 23 23 1573565406202555 1573565406245870 43315
I : 24 24 1573565406245905 1573565406296899 50994
I : 25 25 1573565406296938 1573565406339348 42410
I : 26 26 1573565406339413 1573565406384856 45443
I : 27 27 1573565406384872 1573565406426221 41349
I : 28 28 1573565406426258 1573565406468550 42292
I : 29 29 1573565406468585 1573565406520504 51919
I : 30 30 1573565406520543 1573565406562638 42095
I : 31 31 1573565406562677 1573565406606496 43819
I : 32 32 1573565406606512 1573565406647610 41098
I : 33 33 1573565406647645 1573565406689945 42300
I : 34 34 1573565406689960 1573565406732999 43039
I : 35 35 1573565406733035 1573565406776105 43070
I : 36 36 1573565406776141 1573565406822271 46130
I : 37 37 1573565406822286 1573565406867438 45152
I : 38 38 1573565406867475 1573565406910208 42733
I : 39 39 1573565406910226 1573565406951811 41585
I : 40 40 1573565406951849 1573565406994740 42891
I : 41 41 1573565406994777 1573565407046571 51794
I : 42 42 1573565407046589 1573565407088148 41559
I : 43 43 1573565407088187 1573565407130265 42078
I : 44 44 1573565407130303 1573565407181156 50853
I : 45 45 1573565407181182 1573565407224107 42925
I : 46 46 1573565407224123 1573565407265413 41290
I : 47 47 1573565407265452 1573565407308034 42582
I : 48 48 1573565407308050 1573565407349781 41731
I : 49 49 1573565407349818 1573565407391632 41814
I : 50 50 1573565407391671 1573565407440149 48478
I : 51 51 1573565407440187 1573565407488023 47836
I : 52 52 1573565407488049 1573565407530169 42120
I : 53 53 1573565407530208 1573565407579126 48918
I : 54 54 1573565407579165 1573565407621351 42186
I : 55 55 1573565407621380 1573565407663702 42322
I : 56 56 1573565407663740 1573565407715382 51642
I : 57 57 1573565407715438 1573565407761082 45644
I : 58 58 1573565407761093 1573565407802561 41468
I : 59 59 1573565407802590 1573565407844608 42018
I : 60 60 1573565407844625 1573565407886121 41496
I : 61 61 1573565407886160 1573565407928868 42708
I : 62 62 1573565407928885 1573565407970247 41362
I : 63 63 1573565407970277 1573565408013263 42986
I : 64 64 1573565408013292 1573565408058568 45276
I : 65 65 1573565408058604 1573565408100693 42089
I : 66 66 1573565408100731 1573565408150664 49933
I : 67 67 1573565408150681 1573565408191975 41294
I : 68 68 1573565408192012 1573565408234031 42019
I : 69 69 1573565408234070 1573565408285182 51112
I : 70 70 1573565408285221 1573565408327716 42495
I : 71 71 1573565408327733 1573565408369438 41705
I : 72 72 1573565408369475 1573565408411496 42021
I : 73 73 1573565408411533 1573565408457568 46035
I : 74 74 1573565408457608 1573565408506418 48810
I : 75 75 1573565408506437 1573565408547802 41365
I : 76 76 1573565408547841 1573565408590170 42329
I : 77 77 1573565408590208 1573565408638955 48747
I : 78 78 1573565408638981 1573565408681838 42857
I : 79 79 1573565408681854 1573565408723271 41417
I : 80 80 1573565408723307 1573565408765511 42204
I : 81 81 1573565408765549 1573565408816569 51020
I : 82 82 1573565408816607 1573565408859043 42436
I : 83 83 1573565408859065 1573565408900575 41510
I : 84 84 1573565408900611 1573565408942930 42319
I : 85 85 1573565408942969 1573565408988042 45073
I : 86 86 1573565408988081 1573565409036718 48637
I : 87 87 1573565409036735 1573565409078126 41391
I : 88 88 1573565409078165 1573565409120317 42152
I : 89 89 1573565409120355 1573565409170442 50087
I : 90 90 1573565409170481 1573565409213153 42672
I : 91 91 1573565409213185 1573565409254656 41471
I : 92 92 1573565409254695 1573565409296686 41991
I : 93 93 1573565409296724 1573565409347936 51212
I : 94 94 1573565409347975 1573565409390946 42971
I : 95 95 1573565409390978 1573565409432116 41138
I : 96 96 1573565409432154 1573565409474136 41982
I : 97 97 1573565409474175 1573565409519469 45294
I : 98 98 1573565409519507 1573565409568035 48528
I : 99 99 1573565409568050 1573565409609478 41428
I : 100 100 1573565409609516 1573565409651675 42159
I : 101 101 1573565409651713 1573565409701564 49851
I : 102 102 1573565409701591 1573565409743617 42026
I : 103 103 1573565409743634 1573565409784852 41218
I : 104 104 1573565409784877 1573565409827158 42281
I : 105 105 1573565409827197 1573565409879172 51975
I : 106 106 1573565409879211 1573565409922139 42928
I : 107 107 1573565409922156 1573565409963459 41303
I : 108 108 1573565409963498 1573565410005716 42218
I : 109 109 1573565410005754 1573565410050720 44966
I : 110 110 1573565410050757 1573565410099406 48649
I : 111 111 1573565410099424 1573565410141047 41623
I : 112 112 1573565410141083 1573565410207432 66349
I : 113 113 1573565410207470 1573565410268234 60764
I : 114 114 1573565410268250 1573565410327051 58801
I : 115 115 1573565410327078 1573565410389133 62055
I : 116 116 1573565410389171 1573565410449523 60352
I : 117 117 1573565410449540 1573565410508464 58924
I : 118 118 1573565410508491 1573565410570372 61881
I : 119 119 1573565410570410 1573565410630727 60317
I : 120 120 1573565410630743 1573565410690062 59319
I : 121 121 1573565410690089 1573565410751489 61400
I : 122 122 1573565410751611 1573565410813479 61868
I : 123 123 1573565410813516 1573565410875231 61715
I : 124 124 1573565410875269 1573565410936191 60922
I : 125 125 1573565410936227 1573565410996803 60576
I : 126 126 1573565410996840 1573565411057531 60691
I : 127 127 1573565411062431 1573565411216898 154467
I : 128 127 1573565411216924 1573565411258635 41711
I : 129 128 1573565411258659 1573565411302705 44046
I : 130 128 1573565411302717 1573565411343635 40918
I : 131 129 1573565411343655 1573565411395315 51660
I : 132 129 1573565411395328 1573565411436716 41388
I : 133 130 1573565411436741 1573565411480680 43939
I : 134 130 1573565411480693 1573565411522253 41560
I : 135 131 1573565411522278 1573565411568218 45940
I : 136 131 1573565411568249 1573565411610193 41944
I : 137 132 1573565411610207 1573565411665150 54943
I : 138 132 1573565411665176 1573565411706695 41519
I : 139 133 1573565411706734 1573565411749540 42806
I : 140 133 1573565411749573 1573565411791624 42051
I : 141 134 1573565411791662 1573565411842501 50839
I : 142 134 1573565411842515 1573565411884037 41522
I : 143 135 1573565411884072 1573565411926817 42745
I : 144 135 1573565411926830 1573565411968102 41272
I : 145 136 1573565411968119 1573565412010119 42000
I : 146 136 1573565412010132 1573565412051189 41057
I : 147 137 1573565412051211 1573565412102518 51307
I : 148 137 1573565412102552 1573565412144717 42165
I : 149 138 1573565412144753 1573565412193479 48726
I : 150 138 1573565412193513 1573565412235996 42483
I : 151 139 1573565412236033 1573565412287683 51650
I : 152 139 1573565412287717 1573565412330085 42368
I : 153 140 1573565412330121 1573565412372092 41971
I : 154 140 1573565412372125 1573565412414348 42223
I : 155 141 1573565412414385 1573565412460006 45621
I : 156 141 1573565412460019 1573565412501311 41292
I : 157 142 1573565412501336 1573565412543508 42172
I : 158 142 1573565412543541 1573565412586007 42466
I : 159 143 1573565412586043 1573565412640879 54836
I : 160 143 1573565412640913 1573565412682833 41920
I : 161 144 1573565412682845 1573565412724904 42059
I : 162 144 1573565412724927 1573565412766442 41515
I : 163 145 1573565412766557 1573565412809179 42622
I : 164 145 1573565412809193 1573565412850504 41311
I : 165 146 1573565412850534 1573565412892498 41964
I : 166 146 1573565412892531 1573565412934860 42329
I : 167 147 1573565412934896 1573565412989544 54648
I : 168 147 1573565412989558 1573565413030748 41190
I : 169 148 1573565413030782 1573565413073266 42484
I : 170 148 1573565413073278 1573565413113952 40674
I : 171 149 1573565413113973 1573565413162231 48258
I : 172 149 1573565413162265 1573565413204506 42241
I : 173 150 1573565413204542 1573565413254600 50058
I : 174 150 1573565413254633 1573565413296755 42122
I : 175 151 1573565413296782 1573565413347355 50573
I : 176 151 1573565413347376 1573565413388695 41319
I : 177 152 1573565413388710 1573565413430007 41297
I : 178 152 1573565413430036 1573565413472186 42150
I : 179 153 1573565413472201 1573565413513238 41037
I : 180 153 1573565413513262 1573565413555360 42098
I : 181 154 1573565413555374 1573565413596471 41097
I : 182 154 1573565413596494 1573565413637919 41425
I : 183 155 1573565413637933 1573565413680638 42705
I : 184 155 1573565413680661 1573565413722352 41691
I : 185 156 1573565413722388 1573565413770098 47710
I : 186 156 1573565413770122 1573565413812155 42033
I : 187 157 1573565413812191 1573565413873199 61008
I : 188 157 1573565413873233 1573565413915025 41792
I : 189 158 1573565413915039 1573565413956380 41341
I : 190 158 1573565413956409 1573565413998568 42159
I : 191 159 1573565413998604 1573565414040610 42006
I : 192 159 1573565414040626 1573565414082083 41457
I : 193 160 1573565414082120 1573565414124795 42675
I : 194 160 1573565414124829 1573565414167256 42427
I : 195 161 1573565414167292 1573565414224217 56925
I : 196 161 1573565414224251 1573565414265955 41704
I : 197 162 1573565414265964 1573565414307552 41588
I : 198 162 1573565414307585 1573565414349727 42142
I : 199 163 1573565414349764 1573565414403457 53693
I : 200 163 1573565414403491 1573565414445713 42222
I : 201 164 1573565414445749 1573565414487670 41921
I : 202 164 1573565414487704 1573565414530172 42468
I : 203 165 1573565414530208 1573565414574853 44645
I : 204 165 1573565414574867 1573565414616053 41186
I : 205 166 1573565414616077 1573565414657713 41636
I : 206 166 1573565414657748 1573565414699604 41856
I : 207 167 1573565414699640 1573565414755509 55869
I : 208 167 1573565414755542 1573565414797472 41930
I : 209 168 1573565414797510 1573565414840007 42497
I : 210 168 1573565414840039 1573565414882100 42061
I : 211 169 1573565414882134 1573565414934734 52600
I : 212 169 1573565414934748 1573565414976267 41519
I : 213 170 1573565414976298 1573565415018009 41711
I : 214 170 1573565415018024 1573565415059443 41419
I : 215 171 1573565415059480 1573565415101233 41753
I : 216 171 1573565415101247 1573565415142641 41394
I : 217 172 1573565415142660 1573565415184917 42257
I : 218 172 1573565415184942 1573565415225882 40940
I : 219 173 1573565415225899 1573565415275639 49740
I : 220 173 1573565415275653 1573565415317119 41466
I : 221 174 1573565415317145 1573565415359977 42832
I : 222 174 1573565415360000 1573565415402567 42567
I : 223 175 1573565415402604 1573565415463208 60604
I : 224 175 1573565415463224 1573565415504359 41135
I : 225 176 1573565415504396 1573565415546733 42337
I : 226 176 1573565415546768 1573565415588845 42077
I : 227 177 1573565415588882 1573565415633807 44925
I : 228 177 1573565415633821 1573565415675310 41489
I : 229 178 1573565415675346 1573565415717850 42504
I : 230 178 1573565415717863 1573565415759502 41639
I : 231 179 1573565415759528 1573565415804117 44589
I : 232 179 1573565415804131 1573565415845485 41354
I : 233 180 1573565415845511 1573565415891160 45649
I : 234 180 1573565415891173 1573565415932598 41425
I : 235 181 1573565415932619 1573565415978878 46259
I : 236 181 1573565415978911 1573565416021291 42380
I : 237 182 1573565416021306 1573565416073994 52688
I : 238 182 1573565416074028 1573565416116430 42402
I : 239 183 1573565416116466 1573565416159147 42681
I : 240 183 1573565416159161 1573565416200321 41160
I : 241 184 1573565416200352 1573565416242485 42133
I : 242 184 1573565416242499 1573565416283630 41131
I : 243 185 1573565416283662 1573565416330648 46986
I : 244 185 1573565416330661 1573565416372090 41429
I : 245 186 1573565416372112 1573565416417072 44960
I : 246 186 1573565416417085 1573565416458594 41509
I : 247 187 1573565416458615 1573565416505633 47018
I : 248 187 1573565416505647 1573565416546518 40871
I : 249 188 1573565416546544 1573565416592519 45975
I : 250 188 1573565416592552 1573565416634912 42360
I : 251 189 1573565416634948 1573565416689029 54081
I : 252 189 1573565416689062 1573565416731642 42580
I : 253 190 1573565416731655 1573565416776951 45296
I : 254 190 1573565416776984 1573565416819241 42257
I : 255 191 1573565416819278 1573565416861215 41937
I : 256 191 1573565416861248 1573565416903439 42191
I : 257 192 1573565416903473 1573565416954586 51113
I : 258 192 1573565416954620 1573565416996583 41963
I : 259 193 1573565416996619 1573565417046811 50192
I : 260 193 1573565417046845 1573565417088661 41816
I : 261 194 1573565417088675 1573565417131978 43303
I : 262 194 1573565417132001 1573565417173245 41244
I : 263 195 1573565417173260 1573565417214034 40774
I : 264 195 1573565417214063 1573565417255795 41732
I : 265 196 1573565417255831 1573565417300339 44508
I : 266 196 1573565417300352 1573565417341886 41534
I : 267 197 1573565417341911 1573565417390070 48159
I : 268 197 1573565417390082 1573565417430662 40580
I : 269 198 1573565417430684 1573565417476775 46091
I : 270 198 1573565417476788 1573565417517911 41123
I : 271 199 1573565417517934 1573565417563331 45397
I : 272 199 1573565417563365 1573565417605673 42308
I : 273 200 1573565417605687 1573565417660361 54674
I : 274 200 1573565417660389 1573565417702247 41858
I : 275 201 1573565417702262 1573565417743607 41345
I : 276 201 1573565417743635 1573565417786060 42425
I : 277 202 1573565417786097 1573565417868076 81979
I : 278 202 1573565417868095 1573565417909999 41904
I : 279 203 1573565417910013 1573565417968258 58245
I : 280 203 1573565417968290 1573565418010053 41763
I : 281 204 1573565418010068 1573565418068233 58165
I : 282 204 1573565418068265 1573565418110388 42123
I : 283 205 1573565418110424 1573565418168169 57745
I : 284 205 1573565418168187 1573565418209398 41211
I : 285 206 1573565418209411 1573565418268858 59447
I : 286 206 1573565418268884 1573565418310992 42108
I : 287 207 1573565418311006 1573565418369288 58282
I : 288 207 1573565418369317 1573565418411435 42118
I : 289 208 1573565418411471 1573565418468934 57463
I : 290 208 1573565418468945 1573565418510199 41254
I : 291 209 1573565418510228 1573565418570239 60011
I : 292 209 1573565418570260 1573565418612183 41923
I : 293 210 1573565418612196 1573565418670178 57982
I : 294 210 1573565418670204 1573565418712208 42004
I : 295 211 1573565418712245 1573565418771543 59298
I : 296 211 1573565418771577 1573565418813984 42407
I : 297 212 1573565418814001 1573565418871556 57555
I : 298 212 1573565418871569 1573565418913070 41501
I : 299 213 1573565418913089 1573565418972272 59183
I : 300 213 1573565418972285 1573565419013184 40899
I : 301 214 1573565419013210 1573565419073217 60007
I : 302 214 1573565419073230 1573565419114041 40811
I : 303 215 1573565419114075 1573565419171942 57867
I : 304 215 1573565419171952 1573565419213222 41270
I : 305 216 1573565419213250 1573565419273462 60212
I : 306 216 1573565419273495 1573565419315368 41873
I : 307 217 1573565419315382 1573565419372743 57361
I : 308 217 1573565419372756 1573565419414025 41269
I : 309 218 1573565419414056 1573565419474116 60060
I : 310 218 1573565419474150 1573565419515921 41771
I : 311 219 1573565419515939 1573565419574445 58506
I : 312 219 1573565419574458 1573565419615901 41443
I : 313 220 1573565419615921 1573565419674370 58449
I : 314 220 1573565419674380 1573565419714885 40505
I : 315 221 1573565419714903 1573565419775180 60277
I : 316 221 1573565419775214 1573565419817275 42061
I : 317 222 1573565419817311 1573565419875895 58584
I : 318 222 1573565419875920 1573565419918205 42285
I : 319 223 1573565419918233 1573565419975200 56967
I : 320 223 1573565419975221 1573565420016185 40964
I : 321 224 1573565420016274 1573565420076001 59727
I : 322 224 1573565420076034 1573565420118126 42092
I : 323 225 1573565420118164 1573565420177054 58890
I : 324 225 1573565420177088 1573565420219173 42085
I : 325 226 1573565420219209 1573565420275884 56675
I : 326 226 1573565420275893 1573565420317186 41293
I : 327 227 1573565420317350 1573565420380080 62730
I : 328 227 1573565420380118 1573565420423440 43322
I : 329 228 1573565420423477 1573565420480071 56594
I : 330 228 1573565420480105 1573565420522480 42375
I : 331 229 1573565420522516 1573565420581065 58549
I : 332 229 1573565420581101 1573565420623501 42400
I : 333 230 1573565420623538 1573565420682118 58580
I : 334 230 1573565420682153 1573565420725076 42923
I : 335 231 1573565420725113 1573565420783156 58043
I : 336 231 1573565420783191 1573565420826172 42981
I : 337 232 1573565420831241 1573565421070249 239008
I : 338 232 1573565421070263 1573565421111113 40850
I : 339 232 1573565421111135 1573565421152736 41601
I : 340 233 1573565421152751 1573565421199247 46496
I : 341 233 1573565421199270 1573565421241064 41794
I : 342 233 1573565421241077 1573565421281848 40771
I : 343 234 1573565421281871 1573565421331682 49811
I : 344 234 1573565421331705 1573565421374561 42856
I : 345 234 1573565421374597 1573565421417156 42559
I : 346 235 1573565421417174 1573565421474217 57043
I : 347 235 1573565421474252 1573565421516390 42138
I : 348 235 1573565421516425 1573565421559367 42942
I : 349 236 1573565421559424 1573565421615318 55894
I : 350 236 1573565421615352 1573565421657602 42250
I : 351 236 1573565421657635 1573565421699553 41918
I : 352 237 1573565421699589 1573565421741753 42164
I : 353 237 1573565421741786 1573565421783969 42183
I : 354 237 1573565421784003 1573565421826709 42706
I : 355 238 1573565421826724 1573565421872052 45328
I : 356 238 1573565421872103 1573565421913895 41792
I : 357 238 1573565421913907 1573565421955220 41313
I : 358 239 1573565421955245 1573565421997297 42052
I : 359 239 1573565421997310 1573565422038683 41373
I : 360 239 1573565422038701 1573565422079698 40997
I : 361 240 1573565422079734 1573565422131597 51863
I : 362 240 1573565422131631 1573565422173502 41871
I : 363 240 1573565422173536 1573565422216160 42624
I : 364 241 1573565422216196 1573565422268220 52024
I : 365 241 1573565422268253 1573565422310193 41940
I : 366 241 1573565422310227 1573565422352460 42233
I : 367 242 1573565422352496 1573565422402452 49956
I : 368 242 1573565422402485 1573565422444661 42176
I : 369 242 1573565422444695 1573565422486838 42143
I : 370 243 1573565422486875 1573565422535320 48445
I : 371 243 1573565422535354 1573565422578035 42681
I : 372 243 1573565422578067 1573565422620104 42037
I : 373 244 1573565422620141 1573565422668099 47958
I : 374 244 1573565422668133 1573565422709993 41860
I : 375 244 1573565422710005 1573565422751274 41269
I : 376 245 1573565422751304 1573565422802148 50844
I : 377 245 1573565422802161 1573565422843441 41280
I : 378 245 1573565422843460 1573565422884751 41291
I : 379 246 1573565422884766 1573565422926711 41945
I : 380 246 1573565422926734 1573565422968172 41438
I : 381 246 1573565422968206 1573565423010363 42157
I : 382 247 1573565423010398 1573565423055529 45131
I : 383 247 1573565423055540 1573565423097251 41711
I : 384 247 1573565423097271 1573565423139046 41775
I : 385 248 1573565423139059 1573565423185751 46692
I : 386 248 1573565423185774 1573565423227658 41884
I : 387 248 1573565423227692 1573565423270009 42317
I : 388 249 1573565423270027 1573565423319125 49098
I : 389 249 1573565423319138 1573565423360023 40885
I : 390 249 1573565423360044 1573565423401527 41483
I : 391 250 1573565423401541 1573565423454190 52649
I : 392 250 1573565423454214 1573565423495518 41304
I : 393 250 1573565423495551 1573565423538092 42541
I : 394 251 1573565423538119 1573565423583062 44943
I : 395 251 1573565423583075 1573565423623851 40776
I : 396 251 1573565423623877 1573565423665332 41455
I : 397 252 1573565423665345 1573565423712858 47513
I : 398 252 1573565423712882 1573565423754681 41799
I : 399 252 1573565423754693 1573565423796100 41407
I : 400 253 1573565423796118 1573565423845454 49336
I : 401 253 1573565423845466 1573565423886698 41232
I : 402 253 1573565423886716 1573565423927683 40967
I : 403 254 1573565423927696 1573565423980469 52773
I : 404 254 1573565423980491 1573565424022272 41781
I : 405 254 1573565424022305 1573565424064047 41742
I : 406 255 1573565424064084 1573565424109054 44970
I : 407 255 1573565424109067 1573565424150411 41344
I : 408 255 1573565424150430 1573565424192165 41735
I : 409 256 1573565424192179 1573565424240767 48588
I : 410 256 1573565424240789 1573565424282841 42052
I : 411 256 1573565424282852 1573565424323976 41124
I : 412 257 1573565424323998 1573565424372262 48264
I : 413 257 1573565424372274 1573565424413837 41563
I : 414 257 1573565424413858 1573565424455683 41825
I : 415 258 1573565424455697 1573565424501184 45487
I : 416 258 1573565424501202 1573565424542506 41304
I : 417 258 1573565424542539 1573565424585062 42523
I : 418 259 1573565424585098 1573565424635745 50647
I : 419 259 1573565424635757 1573565424676614 40857
I : 420 259 1573565424676632 1573565424718253 41621
I : 421 260 1573565424718290 1573565424773501 55211
I : 422 260 1573565424773534 1573565424815970 42436
I : 423 260 1573565424815984 1573565424857420 41436
I : 424 261 1573565424857442 1573565424909194 51752
I : 425 261 1573565424909227 1573565424951240 42013
I : 426 261 1573565424951273 1573565424993153 41880
I : 427 262 1573565424993166 1573565425040538 47372
I : 428 262 1573565425040564 1573565425082634 42070
I : 429 262 1573565425082668 1573565425124927 42259
I : 430 263 1573565425124963 1573565425167186 42223
I : 431 263 1573565425167198 1573565425208125 40927
I : 432 263 1573565425208142 1573565425249738 41596
I : 433 264 1573565425249774 1573565425303134 53360
I : 434 264 1573565425303148 1573565425344377 41229
I : 435 264 1573565425344405 1573565425385910 41505
I : 436 265 1573565425385937 1573565425428664 42727
I : 437 265 1573565425428690 1573565425471429 42739
I : 438 265 1573565425471463 1573565425514142 42679
I : 439 266 1573565425514155 1573565425569885 55730
I : 440 266 1573565425569918 1573565425612327 42409
I : 441 266 1573565425612360 1573565425654641 42281
I : 442 267 1573565425654678 1573565425697062 42384
I : 443 267 1573565425697074 1573565425738765 41691
I : 444 267 1573565425738785 1573565425780780 41995
I : 445 268 1573565425780816 1573565425831617 50801
I : 446 268 1573565425831651 1573565425874425 42774
I : 447 268 1573565425874437 1573565425915673 41236
I : 448 269 1573565425915694 1573565425966178 50484
I : 449 269 1573565425966212 1573565426008209 41997
I : 450 269 1573565426008243 1573565426050522 42279
I : 451 270 1573565426050535 1573565426098218 47683
I : 452 270 1573565426098241 1573565426139749 41508
I : 453 270 1573565426139783 1573565426181527 41744
I : 454 271 1573565426181541 1573565426222993 41452
I : 455 271 1573565426223017 1573565426265123 42106
I : 456 271 1573565426265136 1573565426306305 41169
I : 457 272 1573565426306326 1573565426354571 48245
I : 458 272 1573565426354584 1573565426396128 41544
I : 459 272 1573565426396146 1573565426438042 41896
I : 460 273 1573565426438079 1573565426492333 54254
I : 461 273 1573565426492367 1573565426534690 42323
I : 462 273 1573565426534702 1573565426576051 41349
I : 463 274 1573565426576076 1573565426627670 51594
I : 464 274 1573565426627703 1573565426670009 42306
I : 465 274 1573565426670025 1573565426711307 41282
I : 466 275 1573565426711343 1573565426759945 48602
I : 467 275 1573565426759958 1573565426801193 41235
I : 468 275 1573565426801213 1573565426842637 41424
I : 469 276 1573565426842673 1573565426885939 43266
I : 470 276 1573565426885972 1573565426928829 42857
I : 471 276 1573565426928863 1573565426971358 42495
I : 472 277 1573565426971417 1573565427022148 50731
I : 473 277 1573565427022181 1573565427064290 42109
I : 474 277 1573565427064324 1573565427106528 42204
I : 475 278 1573565427106542 1573565427155180 48638
I : 476 278 1573565427155213 1573565427197284 42071
I : 477 278 1573565427197319 1573565427239743 42424
I : 478 279 1573565427239778 1573565427282338 42560
I : 479 279 1573565427282375 1573565427323376 41001
I : 480 279 1573565427323392 1573565427365107 41715
I : 481 280 1573565427365131 1573565427415144 50013
I : 482 280 1573565427415177 1573565427457790 42613
I : 483 280 1573565427457823 1573565427500466 42643
I : 484 281 1573565427500502 1573565427552325 51823
I : 485 281 1573565427552358 1573565427594495 42137
I : 486 281 1573565427594528 1573565427636903 42375
I : 487 282 1573565427636939 1573565427685722 48783
I : 488 282 1573565427685755 1573565427728046 42291
I : 489 282 1573565427728077 1573565427770111 42034
I : 490 283 1573565427770147 1573565427819067 48920
I : 491 283 1573565427819080 1573565427860116 41036
I : 492 283 1573565427860139 1573565427902443 42304
I : 493 284 1573565427902479 1573565427947273 44794
I : 494 284 1573565427947306 1573565427990017 42711
I : 495 284 1573565427990050 1573565428032807 42757
I : 496 285 1573565428032843 1573565428083694 50851
I : 497 285 1573565428083728 1573565428125902 42174
I : 498 285 1573565428125936 1573565428168126 42190
I : 499 286 1573565428168162 1573565428215182 47020
I : 500 286 1573565428215216 1573565428257798 42582
I : 501 286 1573565428257832 1573565428300343 42511
