A : 1 1565793095826305 1565793095867283 40978
A : 2 1565793095867297 1565793095908207 40910
A : 3 1565793095908215 1565793095949157 40942
A : 4 1565793095949165 1565793095990059 40894
A : 5 1565793095990110 1565793096031437 41327
A : 6 1565793096031468 1565793096075130 43662
A : 7 1565793096075166 1565793096117983 42817
A : 8 1565793096118019 1565793096160931 42912
A : 9 1565793096160957 1565793096202655 41698
A : 10 1565793096202773 1565793096243956 41183
A : 11 1565793096243997 1565793096286541 42544
A : 12 1565793096286564 1565793096327567 41003
A : 13 1565793096327584 1565793096368518 40934
A : 14 1565793096368537 1565793096409660 41123
A : 15 1565793096409713 1565793096452670 42957
A : 16 1565793096452686 1565793096493482 40796
A : 17 1565793096493522 1565793096535727 42205
A : 18 1565793096535768 1565793096578266 42498
A : 19 1565793096578307 1565793096620726 42419
A : 20 1565793096620768 1565793096663512 42744
A : 21 1565793096663549 1565793096706328 42779
A : 22 1565793096706368 1565793096748800 42432
A : 23 1565793096748833 1565793096791304 42471
A : 24 1565793096791321 1565793096832215 40894
A : 25 1565793096832257 1565793096874934 42677
A : 26 1565793096874951 1565793096915806 40855
A : 27 1565793096915844 1565793096958369 42525
A : 28 1565793096958386 1565793096999228 40842
A : 29 1565793096999266 1565793097041764 42498
A : 30 1565793097041797 1565793097084229 42432
A : 31 1565793097084262 1565793097126764 42502
A : 32 1565793097126797 1565793097169262 42465
A : 33 1565793097169294 1565793097211832 42538
A : 34 1565793097211864 1565793097254354 42490
A : 35 1565793097254394 1565793097296932 42538
A : 36 1565793097296949 1565793097337811 40862
A : 37 1565793097337849 1565793097380629 42780
A : 38 1565793097380646 1565793097421523 40877
A : 39 1565793097421557 1565793097464269 42712
A : 40 1565793097464308 1565793097507034 42726
A : 41 1565793097507075 1565793097549683 42608
A : 42 1565793097549714 1565793097592168 42454
A : 43 1565793097592200 1565793097634649 42449
A : 44 1565793097634689 1565793097677244 42555
A : 45 1565793097677261 1565793097718169 40908
A : 46 1565793097718211 1565793097760631 42420
A : 47 1565793097760662 1565793097803132 42470
A : 48 1565793097803165 1565793097845696 42531
A : 49 1565793097845729 1565793097888208 42479
A : 50 1565793097888227 1565793097929166 40939
A : 51 1565793097929196 1565793097971662 42466
A : 52 1565793097971695 1565793098014207 42512
A : 53 1565793098014240 1565793098056747 42507
A : 54 1565793098056780 1565793098099324 42544
A : 55 1565793098099356 1565793098141811 42455
A : 56 1565793098141844 1565793098184338 42494
A : 57 1565793098184370 1565793098226939 42569
A : 58 1565793098226971 1565793098269455 42484
A : 59 1565793098269488 1565793098311987 42499
A : 60 1565793098312020 1565793098354579 42559
A : 61 1565793098354612 1565793098397162 42550
A : 62 1565793098397185 1565793098438150 40965
A : 63 1565793098438183 1565793098480673 42490
A : 64 1565793098480705 1565793098523313 42608
A : 65 1565793098523348 1565793098564299 40951
A : 66 1565793098564331 1565793098606853 42522
A : 67 1565793098606886 1565793098649391 42505
A : 68 1565793098649425 1565793098692126 42701
A : 69 1565793098692147 1565793098733096 40949
A : 70 1565793098733129 1565793098775670 42541
A : 71 1565793098775703 1565793098818172 42469
A : 72 1565793098818205 1565793098860632 42427
A : 73 1565793098860665 1565793098903284 42619
A : 74 1565793098903306 1565793098944311 41005
A : 75 1565793098944318 1565793098984974 40656
A : 76 1565793098984991 1565793099025985 40994
A : 77 1565793099026017 1565793099068518 42501
A : 78 1565793099068550 1565793099111071 42521
A : 79 1565793099111103 1565793099153572 42469
A : 80 1565793099153588 1565793099194461 40873
A : 81 1565793099194485 1565793099236571 42086
A : 82 1565793099236606 1565793099279125 42519
A : 83 1565793099279141 1565793099320143 41002
A : 84 1565793099320176 1565793099362474 42298
A : 85 1565793099362509 1565793099405027 42518
A : 86 1565793099405044 1565793099445931 40887
A : 87 1565793099445994 1565793099488462 42468
A : 88 1565793099488497 1565793099531040 42543
A : 89 1565793099531076 1565793099573578 42502
A : 90 1565793099573614 1565793099616100 42486
A : 91 1565793099616135 1565793099658595 42460
A : 92 1565793099658630 1565793099701139 42509
A : 93 1565793099701174 1565793099743806 42632
A : 94 1565793099743841 1565793099786361 42520
A : 95 1565793099786398 1565793099828857 42459
A : 96 1565793099828872 1565793099869755 40883
A : 97 1565793099869787 1565793099911530 41743
A : 98 1565793099911549 1565793099952558 41009
A : 99 1565793099952593 1565793099995046 42453
A : 100 1565793099995059 1565793100036106 41047
A : 101 1565793100036141 1565793100078692 42551
A : 102 1565793100078726 1565793100121218 42492
A : 103 1565793100121253 1565793100163767 42514
A : 104 1565793100163801 1565793100206362 42561
A : 105 1565793100206397 1565793100248911 42514
A : 106 1565793100248955 1565793100291573 42618
A : 107 1565793100291608 1565793100334069 42461
A : 108 1565793100334080 1565793100375232 41152
A : 109 1565793100375290 1565793100417667 42377
A : 110 1565793100417700 1565793100460387 42687
A : 111 1565793100460434 1565793100502984 42550
A : 112 1565793100503020 1565793100545810 42790
A : 113 1565793100545857 1565793100588653 42796
A : 114 1565793100588676 1565793100629818 41142
A : 115 1565793100629866 1565793100672412 42546
A : 116 1565793100672426 1565793100713501 41075
A : 117 1565793100713547 1565793100756350 42803
A : 118 1565793100756371 1565793100797618 41247
A : 119 1565793100797666 1565793100840157 42491
A : 120 1565793100840169 1565793100881161 40992
A : 121 1565793100881196 1565793100923728 42532
A : 122 1565793100923740 1565793100964696 40956
A : 123 1565793100964731 1565793101007238 42507
A : 124 1565793101007255 1565793101048205 40950
A : 125 1565793101048240 1565793101090802 42562
A : 126 1565793101090836 1565793101133413 42577
A : 127 1565793101133447 1565793101175956 42509
A : 128 1565793101175991 1565793101218516 42525
A : 129 1565793101218551 1565793101261052 42501
A : 130 1565793101261087 1565793101303632 42545
A : 131 1565793101303667 1565793101346171 42504
A : 132 1565793101346184 1565793101387253 41069
A : 133 1565793101387288 1565793101429848 42560
A : 134 1565793101429867 1565793101471055 41188
A : 135 1565793101471095 1565793101513465 42370
A : 136 1565793101513511 1565793101556319 42808
A : 137 1565793101556338 1565793101597575 41237
A : 138 1565793101597639 1565793101640207 42568
A : 139 1565793101640220 1565793101681274 41054
A : 140 1565793101681320 1565793101724051 42731
A : 141 1565793101724071 1565793101765308 41237
A : 142 1565793101765352 1565793101807937 42585
A : 143 1565793101807983 1565793101850535 42552
A : 144 1565793101850568 1565793101891824 41256
A : 145 1565793101891868 1565793101934139 42271
A : 146 1565793101934151 1565793101975113 40962
A : 147 1565793101975148 1565793102017680 42532
A : 148 1565793102017715 1565793102060352 42637
A : 149 1565793102060399 1565793102103086 42687
A : 150 1565793102103120 1565793102145625 42505
A : 151 1565793102145660 1565793102188141 42481
A : 152 1565793102188177 1565793102230694 42517
A : 153 1565793102230729 1565793102273195 42466
A : 154 1565793102273230 1565793102315712 42482
A : 155 1565793102315747 1565793102358279 42532
A : 156 1565793102358295 1565793102399210 40915
A : 157 1565793102399245 1565793102441791 42546
A : 158 1565793102441827 1565793102484315 42488
A : 159 1565793102484351 1565793102526826 42475
A : 160 1565793102526842 1565793102567674 40832
A : 161 1565793102567705 1565793102609557 41852
A : 162 1565793102609576 1565793102650619 41043
A : 163 1565793102650653 1565793102693145 42492
A : 164 1565793102693179 1565793102735740 42561
A : 165 1565793102735772 1565793102777903 42131
A : 166 1565793102777921 1565793102818902 40981
A : 167 1565793102818939 1565793102861051 42112
A : 168 1565793102861071 1565793102902069 40998
A : 169 1565793102902117 1565793102944854 42737
A : 170 1565793102944900 1565793102987488 42588
A : 171 1565793102987523 1565793103029973 42450
A : 172 1565793103029984 1565793103070965 40981
A : 173 1565793103071011 1565793103113556 42545
A : 174 1565793103113689 1565793103156270 42581
A : 175 1565793103156305 1565793103198962 42657
A : 176 1565793103199007 1565793103241759 42752
A : 177 1565793103241807 1565793103284402 42595
A : 178 1565793103284438 1565793103327065 42627
A : 179 1565793103327112 1565793103369603 42491
A : 180 1565793103369614 1565793103410666 41052
A : 181 1565793103410728 1565793103453287 42559
A : 182 1565793103453321 1565793103495859 42538
A : 183 1565793103495893 1565793103538351 42458
A : 184 1565793103538364 1565793103579344 40980
A : 185 1565793103579378 1565793103621929 42551
A : 186 1565793103621945 1565793103662887 40942
A : 187 1565793103662921 1565793103705444 42523
A : 188 1565793103705478 1565793103748016 42538
A : 189 1565793103748051 1565793103790614 42563
A : 190 1565793103790632 1565793103831564 40932
A : 191 1565793103831599 1565793103874134 42535
A : 192 1565793103874152 1565793103915107 40955
A : 193 1565793103915139 1565793103957432 42293
A : 194 1565793103957467 1565793104000003 42536
A : 195 1565793104000039 1565793104042758 42719
A : 196 1565793104042805 1565793104085332 42527
A : 197 1565793104085366 1565793104128067 42701
A : 198 1565793104128114 1565793104170710 42596
A : 199 1565793104170745 1565793104213221 42476
A : 200 1565793104213253 1565793104255768 42515
A : 201 1565793104255803 1565793104298320 42517
A : 202 1565793104298355 1565793104340840 42485
A : 203 1565793104340875 1565793104383376 42501
A : 204 1565793104383411 1565793104426198 42787
A : 205 1565793104426246 1565793104468797 42551
A : 206 1565793104468817 1565793104509981 41164
A : 207 1565793104510019 1565793104551896 41877
A : 208 1565793104551943 1565793104594719 42776
A : 209 1565793104594766 1565793104637335 42569
A : 210 1565793104637369 1565793104680190 42821
A : 211 1565793104680238 1565793104722783 42545
A : 212 1565793104722818 1565793104765565 42747
A : 213 1565793104765609 1565793104808366 42757
A : 214 1565793104808385 1565793104849454 41069
A : 215 1565793104849498 1565793104892146 42648
A : 216 1565793104892192 1565793104934787 42595
A : 217 1565793104934806 1565793104976104 41298
A : 218 1565793104976149 1565793105018759 42610
A : 219 1565793105018794 1565793105061302 42508
A : 220 1565793105061337 1565793105103869 42532
A : 221 1565793105103882 1565793105144862 40980
A : 222 1565793105144897 1565793105187388 42491
A : 223 1565793105187396 1565793105228244 40848
A : 224 1565793105228268 1565793105269631 41363
A : 225 1565793105269653 1565793105310780 41127
A : 226 1565793105310826 1565793105353386 42560
A : 227 1565793105353407 1565793105394663 41256
A : 228 1565793105394707 1565793105437354 42647
A : 229 1565793105437400 1565793105480201 42801
A : 230 1565793105480247 1565793105522808 42561
A : 231 1565793105522829 1565793105563746 40917
A : 232 1565793105563802 1565793105606364 42562
A : 233 1565793105606409 1565793105649032 42623
A : 234 1565793105649079 1565793105691771 42692
A : 235 1565793105691819 1565793105734327 42508
A : 236 1565793105734374 1565793105777041 42667
A : 237 1565793105777088 1565793105819773 42685
A : 238 1565793105819819 1565793105862317 42498
A : 239 1565793105862341 1565793105903574 41233
A : 240 1565793105903621 1565793105946435 42814
A : 241 1565793105946482 1565793105989133 42651
A : 242 1565793105989153 1565793106030025 40872
A : 243 1565793106030068 1565793106072330 42262
A : 244 1565793106072377 1565793106115096 42719
A : 245 1565793106115143 1565793106157804 42661
A : 246 1565793106157826 1565793106199137 41311
A : 247 1565793106199184 1565793106241892 42708
A : 248 1565793106241939 1565793106284720 42781
A : 249 1565793106284742 1565793106325810 41068
A : 250 1565793106325871 1565793106368431 42560
A : 251 1565793106368455 1565793106409606 41151
A : 252 1565793106409652 1565793106452381 42729
A : 253 1565793106452428 1565793106495174 42746
A : 254 1565793106495221 1565793106537942 42721
A : 255 1565793106537974 1565793106579117 41143
A : 256 1565793106579163 1565793106621864 42701
A : 257 1565793106621884 1565793106663001 41117
A : 258 1565793106663045 1565793106705663 42618
A : 259 1565793106705711 1565793106748577 42866
A : 260 1565793106748625 1565793106791408 42783
A : 261 1565793106791432 1565793106832702 41270
A : 262 1565793106832749 1565793106875338 42589
A : 263 1565793106875361 1565793106916598 41237
A : 264 1565793106916645 1565793106959388 42743
A : 265 1565793106959434 1565793107002138 42704
A : 266 1565793107002186 1565793107044834 42648
A : 267 1565793107044856 1565793107085939 41083
A : 268 1565793107086003 1565793107128342 42339
A : 269 1565793107128376 1565793107171163 42787
A : 270 1565793107171184 1565793107212403 41219
A : 271 1565793107212449 1565793107255181 42732
A : 272 1565793107255202 1565793107296435 41233
A : 273 1565793107296482 1565793107339072 42590
A : 274 1565793107339108 1565793107381865 42757
A : 275 1565793107381885 1565793107423045 41160
A : 276 1565793107423094 1565793107465661 42567
A : 277 1565793107465693 1565793107508360 42667
A : 278 1565793107508406 1565793107551207 42801
A : 279 1565793107551254 1565793107594002 42748
A : 280 1565793107594050 1565793107636582 42532
A : 281 1565793107636604 1565793107677887 41283
A : 282 1565793107677935 1565793107720640 42705
A : 283 1565793107720686 1565793107763242 42556
A : 284 1565793107763266 1565793107804534 41268
A : 285 1565793107804581 1565793107847233 42652
A : 286 1565793107847253 1565793107888378 41125
A : 287 1565793107888422 1565793107931029 42607
A : 288 1565793107931075 1565793107973794 42719
A : 289 1565793107973817 1565793108015001 41184
A : 290 1565793108015048 1565793108057568 42520
A : 291 1565793108057600 1565793108100399 42799
A : 292 1565793108100446 1565793108142980 42534
A : 293 1565793108143012 1565793108185636 42624
A : 294 1565793108185660 1565793108226882 41222
A : 295 1565793108226928 1565793108269634 42706
A : 296 1565793108269657 1565793108310787 41130
A : 297 1565793108310833 1565793108353377 42544
A : 298 1565793108353408 1565793108396159 42751
A : 299 1565793108396205 1565793108438762 42557
A : 300 1565793108438793 1565793108481355 42562
A : 301 1565793108481402 1565793108524113 42711
A : 302 1565793108524160 1565793108566734 42574
A : 303 1565793108566781 1565793108609451 42670
A : 304 1565793108609497 1565793108652061 42564
A : 305 1565793108652107 1565793108694939 42832
A : 306 1565793108694984 1565793108737688 42704
A : 307 1565793108737709 1565793108778871 41162
A : 308 1565793108778918 1565793108821542 42624
A : 309 1565793108821589 1565793108864441 42852
A : 310 1565793108864462 1565793108905558 41096
A : 311 1565793108905618 1565793108948346 42728
A : 312 1565793108948368 1565793108989530 41162
A : 313 1565793108989576 1565793109032310 42734
A : 314 1565793109032357 1565793109075088 42731
A : 315 1565793109075110 1565793109116293 41183
A : 316 1565793109116340 1565793109159018 42678
A : 317 1565793109159066 1565793109201590 42524
A : 318 1565793109201637 1565793109244456 42819
A : 319 1565793109244503 1565793109287242 42739
A : 320 1565793109287289 1565793109329919 42630
A : 321 1565793109329988 1565793109372632 42644
A : 322 1565793109372653 1565793109413846 41193
A : 323 1565793109413893 1565793109456568 42675
A : 324 1565793109456589 1565793109497854 41265
A : 325 1565793109497900 1565793109540568 42668
A : 326 1565793109540615 1565793109583252 42637
A : 327 1565793109583298 1565793109625998 42700
A : 328 1565793109626019 1565793109667028 41009
A : 329 1565793109667070 1565793109709766 42696
A : 330 1565793109709812 1565793109752444 42632
A : 331 1565793109752491 1565793109795125 42634
A : 332 1565793109795172 1565793109837812 42640
A : 333 1565793109837860 1565793109880658 42798
A : 334 1565793109880679 1565793109921765 41086
A : 335 1565793109921812 1565793109964559 42747
A : 336 1565793109964582 1565793110005735 41153
A : 337 1565793110005781 1565793110048581 42800
A : 338 1565793110048629 1565793110091412 42783
A : 339 1565793110091434 1565793110132508 41074
A : 340 1565793110132553 1565793110175044 42491
A : 341 1565793110175092 1565793110217784 42692
A : 342 1565793110217831 1565793110260521 42690
A : 343 1565793110260567 1565793110303268 42701
A : 344 1565793110303313 1565793110346039 42726
A : 345 1565793110346174 1565793110388936 42762
A : 346 1565793110388982 1565793110431702 42720
A : 347 1565793110431724 1565793110472820 41096
A : 348 1565793110472881 1565793110515564 42683
A : 349 1565793110515611 1565793110558175 42564
A : 350 1565793110558222 1565793110600936 42714
A : 351 1565793110600983 1565793110643775 42792
A : 352 1565793110643823 1565793110686464 42641
A : 353 1565793110686485 1565793110727644 41159
A : 354 1565793110727691 1565793110770263 42572
A : 355 1565793110770310 1565793110813044 42734
A : 356 1565793110813091 1565793110855823 42732
A : 357 1565793110855870 1565793110898411 42541
A : 358 1565793110898421 1565793110939470 41049
A : 359 1565793110939516 1565793110982316 42800
A : 360 1565793110982363 1565793111025093 42730
A : 361 1565793111025115 1565793111066287 41172
A : 362 1565793111066332 1565793111108994 42662
A : 363 1565793111109016 1565793111150205 41189
A : 364 1565793111150253 1565793111192907 42654
A : 365 1565793111192928 1565793111233871 40943
A : 366 1565793111233902 1565793111276564 42662
A : 367 1565793111276610 1565793111319181 42571
A : 368 1565793111319201 1565793111360260 41059
A : 369 1565793111360306 1565793111403047 42741
A : 370 1565793111403068 1565793111444138 41070
A : 371 1565793111444185 1565793111486822 42637
A : 372 1565793111486869 1565793111529529 42660
A : 373 1565793111529549 1565793111570684 41135
A : 374 1565793111570730 1565793111613492 42762
A : 375 1565793111613514 1565793111654724 41210
A : 376 1565793111654771 1565793111697414 42643
A : 377 1565793111697434 1565793111738358 40924
A : 378 1565793111738400 1565793111780753 42353
A : 379 1565793111780800 1565793111823471 42671
A : 380 1565793111823516 1565793111866195 42679
A : 381 1565793111866241 1565793111908867 42626
A : 382 1565793111908913 1565793111951481 42568
A : 383 1565793111951504 1565793111992610 41106
A : 384 1565793111992653 1565793112034976 42323
A : 385 1565793112035023 1565793112077846 42823
A : 386 1565793112077893 1565793112120580 42687
A : 387 1565793112120603 1565793112161779 41176
A : 388 1565793112161825 1565793112204501 42676
A : 389 1565793112204523 1565793112245572 41049
A : 390 1565793112245618 1565793112288311 42693
A : 391 1565793112288359 1565793112330894 42535
A : 392 1565793112330941 1565793112373569 42628
A : 393 1565793112373617 1565793112416103 42486
A : 394 1565793112416124 1565793112457226 41102
A : 395 1565793112457273 1565793112499963 42690
A : 396 1565793112500010 1565793112542778 42768
A : 397 1565793112542800 1565793112583963 41163
A : 398 1565793112584009 1565793112626806 42797
A : 399 1565793112626842 1565793112668043 41201
A : 400 1565793112668092 1565793112710936 42844
A : 401 1565793112710959 1565793112752031 41072
A : 402 1565793112752079 1565793112794871 42792
A : 403 1565793112794918 1565793112837561 42643
A : 404 1565793112837608 1565793112880296 42688
A : 405 1565793112880343 1565793112922990 42647
A : 406 1565793112923036 1565793112965754 42718
A : 407 1565793112965776 1565793113006818 41042
A : 408 1565793113006865 1565793113049519 42654
A : 409 1565793113049566 1565793113092337 42771
A : 410 1565793113092359 1565793113133519 41160
A : 411 1565793113133567 1565793113176344 42777
A : 412 1565793113176391 1565793113219000 42609
A : 413 1565793113219024 1565793113260200 41176
A : 414 1565793113260248 1565793113302879 42631
A : 415 1565793113302925 1565793113345570 42645
A : 416 1565793113345617 1565793113388230 42613
A : 417 1565793113388277 1565793113430949 42672
A : 418 1565793113430971 1565793113472018 41047
A : 419 1565793113472065 1565793113514713 42648
A : 420 1565793113514733 1565793113555658 40925
A : 421 1565793113555696 1565793113598078 42382
A : 422 1565793113598125 1565793113640731 42606
A : 423 1565793113640755 1565793113681892 41137
A : 424 1565793113681939 1565793113724452 42513
A : 425 1565793113724470 1565793113765446 40976
A : 426 1565793113765490 1565793113807865 42375
A : 427 1565793113807911 1565793113850371 42460
A : 428 1565793113850418 1565793113892967 42549
A : 429 1565793113893014 1565793113935660 42646
A : 430 1565793113935707 1565793113978235 42528
A : 431 1565793113978257 1565793114019458 41201
A : 432 1565793114019505 1565793114062184 42679
A : 433 1565793114062232 1565793114104854 42622
A : 434 1565793114104898 1565793114147620 42722
A : 435 1565793114147667 1565793114190156 42489
A : 436 1565793114190201 1565793114232758 42557
A : 437 1565793114232780 1565793114273686 40906
A : 438 1565793114273731 1565793114316382 42651
A : 439 1565793114316430 1565793114358973 42543
A : 440 1565793114359008 1565793114401493 42485
A : 441 1565793114401540 1565793114444110 42570
A : 442 1565793114444132 1565793114485074 40942
A : 443 1565793114485098 1565793114526939 41841
A : 444 1565793114526974 1565793114569434 42460
A : 445 1565793114569468 1565793114612067 42599
A : 446 1565793114612113 1565793114654769 42656
A : 447 1565793114654815 1565793114697558 42743
A : 448 1565793114697605 1565793114740273 42668
A : 449 1565793114740319 1565793114782977 42658
A : 450 1565793114783024 1565793114825684 42660
A : 451 1565793114825731 1565793114868223 42492
A : 452 1565793114868244 1565793114909413 41169
A : 453 1565793114909474 1565793114952135 42661
A : 454 1565793114952156 1565793114993216 41060
A : 455 1565793114993263 1565793115035888 42625
A : 456 1565793115035905 1565793115076691 40786
A : 457 1565793115076738 1565793115119377 42639
A : 458 1565793115119423 1565793115162160 42737
A : 459 1565793115162207 1565793115204745 42538
A : 460 1565793115204777 1565793115247329 42552
A : 461 1565793115247361 1565793115289837 42476
A : 462 1565793115289871 1565793115332370 42499
A : 463 1565793115332400 1565793115374995 42595
A : 464 1565793115375019 1565793115416278 41259
A : 465 1565793115416325 1565793115459063 42738
A : 466 1565793115459084 1565793115500170 41086
A : 467 1565793115500218 1565793115542849 42631
A : 468 1565793115542870 1565793115583944 41074
A : 469 1565793115583991 1565793115626662 42671
A : 470 1565793115626709 1565793115669336 42627
A : 471 1565793115669359 1565793115710389 41030
A : 472 1565793115710421 1565793115752917 42496
A : 473 1565793115752948 1565793115795498 42550
A : 474 1565793115795505 1565793115836384 40879
A : 475 1565793115836404 1565793115877518 41114
A : 476 1565793115877563 1565793115920045 42482
A : 477 1565793115920091 1565793115962751 42660
A : 478 1565793115962797 1565793116005303 42506
A : 479 1565793116005322 1565793116046431 41109
A : 480 1565793116046474 1565793116088592 42118
A : 481 1565793116088627 1565793116131165 42538
A : 482 1565793116131211 1565793116173866 42655
A : 483 1565793116173913 1565793116216569 42656
A : 484 1565793116216616 1565793116259230 42614
A : 485 1565793116259254 1565793116300417 41163
A : 486 1565793116300463 1565793116343129 42666
A : 487 1565793116343176 1565793116385911 42735
A : 488 1565793116385982 1565793116428515 42533
A : 489 1565793116428547 1565793116471040 42493
A : 490 1565793116471353 1565793116513511 42158
A : 491 1565793116814013 1565793116854660 40647
A : 492 1565793116854679 1565793116896039 41360
A : 493 1565793116896078 1565793116938573 42495
A : 494 1565793116938607 1565793116979715 41108
A : 495 1565793116979753 1565793117022284 42531
A : 496 1565793117022302 1565793117063509 41207
A : 497 1565793117063543 1565793117104648 41105
A : 498 1565793117104689 1565793117147409 42720
A : 499 1565793117147449 1565793117190109 42660
A : 500 1565793117190158 1565793117232779 42621
A : 501 1565793117232818 1565793117275504 42686
A : 502 1565793117275524 1565793117316735 41211
A : 503 1565793117316782 1565793117359418 42636
A : 504 1565793117359458 1565793117401996 42538
A : 505 1565793117402036 1565793117444718 42682
A : 506 1565793117444753 1565793117485778 41025
A : 507 1565793117485817 1565793117528479 42662
A : 508 1565793117528519 1565793117571237 42718
A : 509 1565793117571257 1565793117612205 40948
A : 510 1565793117612239 1565793117654713 42474
A : 511 1565793117654754 1565793117697433 42679
A : 512 1565793117697479 1565793117740210 42731
A : 513 1565793117740250 1565793117782865 42615
A : 514 1565793117782884 1565793117823929 41045
A : 515 1565793117823975 1565793117866457 42482
A : 516 1565793117866580 1565793117909217 42637
A : 517 1565793117909236 1565793117950214 40978
A : 518 1565793117950261 1565793117992843 42582
A : 519 1565793117992884 1565793118035454 42570
A : 520 1565793118035493 1565793118078142 42649
A : 521 1565793118078162 1565793118119126 40964
A : 522 1565793118119158 1565793118161627 42469
A : 523 1565793118161667 1565793118204343 42676
A : 524 1565793118204366 1565793118245597 41231
A : 525 1565793118245637 1565793118288325 42688
A : 526 1565793118288356 1565793118329437 41081
A : 527 1565793118329485 1565793118372155 42670
A : 528 1565793118372173 1565793118413280 41107
A : 529 1565793118413320 1565793118456090 42770
A : 530 1565793118456137 1565793118498799 42662
A : 531 1565793118498840 1565793118541570 42730
A : 532 1565793118541587 1565793118582632 41045
A : 533 1565793118582679 1565793118625199 42520
A : 534 1565793118625238 1565793118667928 42690
A : 535 1565793118667947 1565793118708894 40947
A : 536 1565793118708940 1565793118751530 42590
A : 537 1565793118751571 1565793118794133 42562
A : 538 1565793118794152 1565793118835132 40980
A : 539 1565793118835170 1565793118877824 42654
A : 540 1565793118877864 1565793118920359 42495
A : 541 1565793118920378 1565793118961636 41258
A : 542 1565793118961684 1565793119004363 42679
A : 543 1565793119004403 1565793119047034 42631
A : 544 1565793119047054 1565793119088255 41201
A : 545 1565793119088276 1565793119129345 41069
A : 546 1565793119129385 1565793119172083 42698
A : 547 1565793119172102 1565793119213260 41158
A : 548 1565793119213307 1565793119256021 42714
A : 549 1565793119256060 1565793119298861 42801
A : 550 1565793119298878 1565793119339979 41101
A : 551 1565793119340040 1565793119382704 42664
A : 552 1565793119382744 1565793119425412 42668
A : 553 1565793119425431 1565793119466369 40938
A : 554 1565793119466416 1565793119509002 42586
A : 555 1565793119509042 1565793119551556 42514
A : 556 1565793119551597 1565793119594196 42599
A : 557 1565793119594214 1565793119635005 40791
A : 558 1565793119635040 1565793119677306 42266
A : 559 1565793119677344 1565793119719992 42648
A : 560 1565793119720039 1565793119762620 42581
A : 561 1565793119762660 1565793119805319 42659
A : 562 1565793119805336 1565793119846219 40883
A : 563 1565793119846266 1565793119888884 42618
A : 564 1565793119888924 1565793119931492 42568
A : 565 1565793119931510 1565793119972418 40908
A : 566 1565793119972461 1565793120015082 42621
A : 567 1565793120015122 1565793120057647 42525
A : 568 1565793120057688 1565793120100377 42689
A : 569 1565793120100398 1565793120141450 41052
A : 570 1565793120141506 1565793120184184 42678
A : 571 1565793120184223 1565793120226908 42685
A : 572 1565793120226955 1565793120269602 42647
A : 573 1565793120269642 1565793120312351 42709
A : 574 1565793120312369 1565793120353509 41140
A : 575 1565793120353556 1565793120396183 42627
A : 576 1565793120396223 1565793120438901 42678
A : 577 1565793120438920 1565793120479964 41044
A : 578 1565793120480011 1565793120522626 42615
A : 579 1565793120522666 1565793120565317 42651
A : 580 1565793120565357 1565793120608211 42854
A : 581 1565793120608231 1565793120649236 41005
A : 582 1565793120649291 1565793120691903 42612
A : 583 1565793120691943 1565793120734571 42628
A : 584 1565793120734620 1565793120777315 42695
A : 585 1565793120777355 1565793120819960 42605
A : 586 1565793120819974 1565793120861141 41167
A : 587 1565793120861188 1565793120903714 42526
A : 588 1565793120903753 1565793120946251 42498
A : 589 1565793120946269 1565793120987215 40946
A : 590 1565793120987259 1565793121029938 42679
A : 591 1565793121029998 1565793121072659 42661
A : 592 1565793121072699 1565793121115408 42709
A : 593 1565793121115430 1565793121156516 41086
A : 594 1565793121156556 1565793121199090 42534
A : 595 1565793121199129 1565793121241753 42624
A : 596 1565793121241776 1565793121282925 41149
A : 597 1565793121282965 1565793121325636 42671
A : 598 1565793121325678 1565793121368230 42552
A : 599 1565793121368277 1565793121410851 42574
A : 600 1565793121410891 1565793121453516 42625
A : 601 1565793121453555 1565793121496295 42740
A : 602 1565793121496342 1565793121538871 42529
A : 603 1565793121538911 1565793121581536 42625
A : 604 1565793121581577 1565793121624265 42688
A : 605 1565793121624288 1565793121665610 41322
A : 606 1565793121665649 1565793121708450 42801
A : 607 1565793121708467 1565793121749485 41018
A : 608 1565793121749530 1565793121791929 42399
A : 609 1565793121791969 1565793121834606 42637
A : 610 1565793121834625 1565793121875787 41162
A : 611 1565793121875834 1565793121918338 42504
A : 612 1565793121918355 1565793121959426 41071
A : 613 1565793121959465 1565793122001989 42524
A : 614 1565793122002033 1565793122044556 42523
A : 615 1565793122044600 1565793122087301 42701
A : 616 1565793122087333 1565793122128507 41174
A : 617 1565793122128554 1565793122171257 42703
A : 618 1565793122171298 1565793122213968 42670
A : 619 1565793122213985 1565793122255025 41040
A : 620 1565793122255070 1565793122297632 42562
A : 621 1565793122297672 1565793122340375 42703
A : 622 1565793122340394 1565793122381455 41061
A : 623 1565793122381502 1565793122424185 42683
A : 624 1565793122424203 1565793122465370 41167
A : 625 1565793122465411 1565793122508135 42724
A : 626 1565793122508182 1565793122550827 42645
A : 627 1565793122550866 1565793122593694 42828
A : 628 1565793122593714 1565793122634759 41045
A : 629 1565793122634806 1565793122677483 42677
A : 630 1565793122677523 1565793122720237 42714
A : 631 1565793122720256 1565793122761331 41075
A : 632 1565793122761378 1565793122804046 42668
A : 633 1565793122804085 1565793122846738 42653
A : 634 1565793122846757 1565793122887910 41153
A : 635 1565793122887957 1565793122930575 42618
A : 636 1565793122930616 1565793122973344 42728
A : 637 1565793122973384 1565793123016109 42725
A : 638 1565793123016157 1565793123058816 42659
A : 639 1565793123058856 1565793123101380 42524
A : 640 1565793123101399 1565793123142656 41257
A : 641 1565793123142703 1565793123185251 42548
A : 642 1565793123185290 1565793123228091 42801
A : 643 1565793123228110 1565793123269123 41013
A : 644 1565793123269169 1565793123311832 42663
A : 645 1565793123311872 1565793123354532 42660
A : 646 1565793123354549 1565793123395624 41075
A : 647 1565793123395666 1565793123438247 42581
A : 648 1565793123438264 1565793123479186 40922
A : 649 1565793123479222 1565793123521863 42641
A : 650 1565793123521910 1565793123564565 42655
A : 651 1565793123564582 1565793123605599 41017
A : 652 1565793123605655 1565793123648350 42695
A : 653 1565793123648396 1565793123691208 42812
A : 654 1565793123691248 1565793123733894 42646
A : 655 1565793123733934 1565793123776600 42666
A : 656 1565793123776648 1565793123819284 42636
A : 657 1565793123819324 1565793123861995 42671
A : 658 1565793123862036 1565793123904719 42683
A : 659 1565793123904754 1565793123945821 41067
A : 660 1565793123945871 1565793123988176 42305
A : 661 1565793123988216 1565793124030766 42550
A : 662 1565793124030785 1565793124071759 40974
A : 663 1565793124071796 1565793124114329 42533
A : 664 1565793124114369 1565793124156983 42614
A : 665 1565793124157017 1565793124198130 41113
A : 666 1565793124198170 1565793124240918 42748
A : 667 1565793124240957 1565793124283655 42698
A : 668 1565793124283691 1565793124324920 41229
A : 669 1565793124324959 1565793124367664 42705
A : 670 1565793124367696 1565793124408879 41183
A : 671 1565793124408925 1565793124451491 42566
A : 672 1565793124451532 1565793124494313 42781
A : 673 1565793124494331 1565793124535279 40948
A : 674 1565793124535325 1565793124577994 42669
A : 675 1565793124578036 1565793124620672 42636
A : 676 1565793124620713 1565793124663544 42831
A : 677 1565793124663565 1565793124704660 41095
A : 678 1565793124704715 1565793124747574 42859
A : 679 1565793124747592 1565793124788734 41142
A : 680 1565793124788781 1565793124831422 42641
A : 681 1565793124831461 1565793124874158 42697
A : 682 1565793124874199 1565793124916801 42602
A : 683 1565793124916838 1565793124958209 41371
A : 684 1565793124958250 1565793125000986 42736
A : 685 1565793125001004 1565793125042192 41188
A : 686 1565793125042239 1565793125084808 42569
A : 687 1565793125084864 1565793125126073 41209
A : 688 1565793125126112 1565793125168766 42654
A : 689 1565793125168786 1565793125209899 41113
A : 690 1565793125209936 1565793125252566 42630
A : 691 1565793125252584 1565793125293772 41188
A : 692 1565793125293820 1565793125336430 42610
A : 693 1565793125336470 1565793125379265 42795
A : 694 1565793125379285 1565793125420406 41121
A : 695 1565793125420453 1565793125463164 42711
A : 696 1565793125463204 1565793125505905 42701
A : 697 1565793125505923 1565793125546926 41003
A : 698 1565793125546973 1565793125589670 42697
A : 699 1565793125589710 1565793125632377 42667
A : 700 1565793125632417 1565793125675047 42630
A : 701 1565793125675069 1565793125716137 41068
A : 702 1565793125716190 1565793125758752 42562
A : 703 1565793125758791 1565793125801385 42594
A : 704 1565793125801426 1565793125842181 40755
A : 705 1565793125842218 1565793125883599 41381
A : 706 1565793125883616 1565793125924720 41104
A : 707 1565793125924767 1565793125967379 42612
A : 708 1565793125967419 1565793126010220 42801
A : 709 1565793126010237 1565793126051209 40972
A : 710 1565793126051256 1565793126094059 42803
A : 711 1565793126094099 1565793126136766 42667
A : 712 1565793126136783 1565793126177910 41127
A : 713 1565793126177982 1565793126220607 42625
A : 714 1565793126220647 1565793126263436 42789
A : 715 1565793126263454 1565793126304549 41095
A : 716 1565793126304595 1565793126347364 42769
A : 717 1565793126347381 1565793126388395 41014
A : 718 1565793126388434 1565793126431258 42824
A : 719 1565793126431277 1565793126472225 40948
A : 720 1565793126472258 1565793126514422 42164
A : 721 1565793126514461 1565793126557108 42647
A : 722 1565793126557154 1565793126599644 42490
A : 723 1565793126599663 1565793126640853 41190
A : 724 1565793126640892 1565793126683585 42693
A : 725 1565793126683631 1565793126726213 42582
A : 726 1565793126726253 1565793126768761 42508
A : 727 1565793126768800 1565793126811488 42688
A : 728 1565793126811535 1565793126854187 42652
A : 729 1565793126854226 1565793126896875 42649
A : 730 1565793126896914 1565793126939586 42672
A : 731 1565793126939608 1565793126980682 41074
A : 732 1565793126980722 1565793127023382 42660
A : 733 1565793127023422 1565793127066148 42726
A : 734 1565793127066195 1565793127108821 42626
A : 735 1565793127108839 1565793127149903 41064
A : 736 1565793127149944 1565793127192420 42476
A : 737 1565793127192443 1565793127233530 41087
A : 738 1565793127233570 1565793127276391 42821
A : 739 1565793127276431 1565793127319077 42646
A : 740 1565793127319099 1565793127360173 41074
A : 741 1565793127360213 1565793127402834 42621
A : 742 1565793127402874 1565793127445550 42676
A : 743 1565793127445596 1565793127488273 42677
A : 744 1565793127488313 1565793127530957 42644
A : 745 1565793127530996 1565793127573616 42620
A : 746 1565793127573663 1565793127616322 42659
A : 747 1565793127616362 1565793127659036 42674
A : 748 1565793127659056 1565793127700216 41160
A : 749 1565793127700263 1565793127742925 42662
A : 750 1565793127742964 1565793127785499 42535
A : 751 1565793127785539 1565793127828225 42686
A : 752 1565793127828272 1565793127870889 42617
A : 753 1565793127870929 1565793127913593 42664
A : 754 1565793127913632 1565793127956323 42691
A : 755 1565793127956345 1565793127997642 41297
A : 756 1565793127997682 1565793128040361 42679
A : 757 1565793128040380 1565793128081449 41069
A : 758 1565793128081496 1565793128124191 42695
A : 759 1565793128124209 1565793128165298 41089
A : 760 1565793128165355 1565793128208157 42802
A : 761 1565793128208180 1565793128249333 41153
A : 762 1565793128249373 1565793128292160 42787
A : 763 1565793128292200 1565793128334756 42556
A : 764 1565793128334776 1565793128375748 40972
A : 765 1565793128375787 1565793128418288 42501
A : 766 1565793128418329 1565793128461019 42690
A : 767 1565793128461067 1565793128503733 42666
A : 768 1565793128503772 1565793128546283 42511
A : 769 1565793128546323 1565793128588922 42599
A : 770 1565793128588969 1565793128631654 42685
A : 771 1565793128631693 1565793128674271 42578
A : 772 1565793128674290 1565793128715415 41125
A : 773 1565793128715462 1565793128758115 42653
A : 774 1565793128758153 1565793128800825 42672
A : 775 1565793128800845 1565793128842006 41161
A : 776 1565793128842025 1565793128883182 41157
A : 777 1565793128883230 1565793128925549 42319
A : 778 1565793128925566 1565793128966801 41235
A : 779 1565793128966848 1565793129009508 42660
A : 780 1565793129009548 1565793129052121 42573
A : 781 1565793129052160 1565793129094861 42701
A : 782 1565793129094908 1565793129137590 42682
A : 783 1565793129137630 1565793129180442 42812
A : 784 1565793129180461 1565793129221531 41070
A : 785 1565793129221595 1565793129264333 42738
A : 786 1565793129264373 1565793129307065 42692
A : 787 1565793129307082 1565793129348181 41099
A : 788 1565793129348219 1565793129390643 42424
A : 789 1565793129390682 1565793129433438 42756
A : 790 1565793129433478 1565793129476259 42781
A : 791 1565793129476278 1565793129517228 40950
A : 792 1565793129517254 1565793129558810 41556
A : 793 1565793129558850 1565793129601342 42492
A : 794 1565793129601397 1565793129644165 42768
A : 795 1565793129644203 1565793129686873 42670
A : 796 1565793129686891 1565793129727983 41092
A : 797 1565793129728030 1565793129770629 42599
A : 798 1565793129770668 1565793129813447 42779
A : 799 1565793129813464 1565793129854365 40901
A : 800 1565793129854411 1565793129897024 42613
A : 801 1565793129897042 1565793129938181 41139
A : 802 1565793129938220 1565793129980971 42751
A : 803 1565793129981007 1565793130022177 41170
A : 804 1565793130022214 1565793130064976 42762
A : 805 1565793130065015 1565793130107675 42660
A : 806 1565793130107698 1565793130148944 41246
A : 807 1565793130148983 1565793130191643 42660
A : 808 1565793130191663 1565793130232922 41259
A : 809 1565793130232968 1565793130275696 42728
A : 810 1565793130275714 1565793130316878 41164
A : 811 1565793130316917 1565793130359577 42660
A : 812 1565793130359597 1565793130400592 40995
A : 813 1565793130400628 1565793130442991 42363
A : 814 1565793130443009 1565793130484073 41064
A : 815 1565793130484120 1565793130526653 42533
A : 816 1565793130526671 1565793130567631 40960
A : 817 1565793130567671 1565793130610207 42536
A : 818 1565793130610252 1565793130652864 42612
A : 819 1565793130652904 1565793130695724 42820
A : 820 1565793130695742 1565793130736921 41179
A : 821 1565793130736966 1565793130779698 42732
A : 822 1565793130779738 1565793130822244 42506
A : 823 1565793130822262 1565793130863435 41173
A : 824 1565793130863482 1565793130906139 42657
A : 825 1565793130906157 1565793130947307 41150
A : 826 1565793130947345 1565793130989827 42482
A : 827 1565793130989847 1565793131030875 41028
A : 828 1565793131030905 1565793131072773 41868
A : 829 1565793131072813 1565793131115573 42760
A : 830 1565793131115593 1565793131156680 41087
A : 831 1565793131156733 1565793131199540 42807
A : 832 1565793131199558 1565793131240620 41062
A : 833 1565793131240667 1565793131283432 42765
A : 834 1565793131283452 1565793131324786 41334
A : 835 1565793131324825 1565793131367575 42750
A : 836 1565793131367621 1565793131410179 42558
A : 837 1565793131410197 1565793131451254 41057
A : 838 1565793131451301 1565793131494042 42741
A : 839 1565793131494090 1565793131536731 42641
A : 840 1565793131536770 1565793131579516 42746
A : 841 1565793131579555 1565793131622199 42644
A : 842 1565793131622245 1565793131664893 42648
A : 843 1565793131664932 1565793131707687 42755
A : 844 1565793131707705 1565793131748869 41164
A : 845 1565793131748913 1565793131791385 42472
A : 846 1565793131791426 1565793131834137 42711
A : 847 1565793131834178 1565793131876923 42745
A : 848 1565793131876946 1565793131918057 41111
A : 849 1565793131918097 1565793131960775 42678
A : 850 1565793131960794 1565793132001812 41018
A : 851 1565793132001858 1565793132044671 42813
A : 852 1565793132044711 1565793132087351 42640
A : 853 1565793132087391 1565793132130034 42643
A : 854 1565793132130082 1565793132172772 42690
A : 855 1565793132172811 1565793132215550 42739
A : 856 1565793132215569 1565793132256771 41202
A : 857 1565793132256817 1565793132299543 42726
A : 858 1565793132299667 1565793132342228 42561
A : 859 1565793132342268 1565793132384709 42441
A : 860 1565793132384766 1565793132427478 42712
A : 861 1565793132427496 1565793132468435 40939
A : 862 1565793132468484 1565793132511295 42811
A : 863 1565793132511342 1565793132554026 42684
A : 864 1565793132554066 1565793132596695 42629
A : 865 1565793132596735 1565793132639345 42610
A : 866 1565793132639392 1565793132682101 42709
A : 867 1565793132682139 1565793132724813 42674
A : 868 1565793132724830 1565793132766014 41184
A : 869 1565793132766062 1565793132808720 42658
A : 870 1565793132808759 1565793132851316 42557
A : 871 1565793132851364 1565793132894130 42766
A : 872 1565793132894150 1565793132935270 41120
A : 873 1565793132935309 1565793132978057 42748
A : 874 1565793132978088 1565793133019233 41145
A : 875 1565793133019255 1565793133060345 41090
A : 876 1565793133060384 1565793133103107 42723
A : 877 1565793133103125 1565793133144326 41201
A : 878 1565793133144374 1565793133187116 42742
A : 879 1565793133187157 1565793133229849 42692
A : 880 1565793133229866 1565793133270967 41101
A : 881 1565793133271028 1565793133313766 42738
A : 882 1565793133313805 1565793133356513 42708
A : 883 1565793133356553 1565793133399287 42734
A : 884 1565793133399308 1565793133440460 41152
A : 885 1565793133440495 1565793133483319 42824
A : 886 1565793133483338 1565793133524513 41175
A : 887 1565793133524551 1565793133566946 42395
A : 888 1565793133566986 1565793133609709 42723
A : 889 1565793133609748 1565793133652379 42631
A : 890 1565793133652426 1565793133695172 42746
A : 891 1565793133695212 1565793133737865 42653
A : 892 1565793133737883 1565793133779051 41168
A : 893 1565793133779098 1565793133821805 42707
A : 894 1565793133821844 1565793133864587 42743
A : 895 1565793133864626 1565793133907318 42692
A : 896 1565793133907366 1565793133950109 42743
A : 897 1565793133950128 1565793133991258 41130
A : 898 1565793133991298 1565793134033991 42693
A : 899 1565793134034041 1565793134076775 42734
A : 900 1565793134076814 1565793134119456 42642
A : 901 1565793134119496 1565793134162165 42669
A : 902 1565793134162211 1565793134204844 42633
A : 903 1565793134204883 1565793134247694 42811
A : 904 1565793134247713 1565793134288798 41085
A : 905 1565793134288845 1565793134331591 42746
A : 906 1565793134331631 1565793134374200 42569
A : 907 1565793134374236 1565793134416892 42656
A : 908 1565793134416915 1565793134458127 41212
A : 909 1565793134458167 1565793134500929 42762
A : 910 1565793134500947 1565793134541987 41040
A : 911 1565793134542028 1565793134584597 42569
A : 912 1565793134584637 1565793134627285 42648
A : 913 1565793134627323 1565793134670040 42717
A : 914 1565793134670086 1565793134712847 42761
A : 915 1565793134712887 1565793134755627 42740
A : 916 1565793134755667 1565793134798450 42783
A : 917 1565793134798497 1565793134841142 42645
A : 918 1565793134841181 1565793134883975 42794
A : 919 1565793134884015 1565793134926685 42670
A : 920 1565793134926732 1565793134969317 42585
A : 921 1565793134969357 1565793135011977 42620
A : 922 1565793135012016 1565793135055201 43185
A : 923 1565793135055226 1565793135096611 41385
A : 924 1565793135096651 1565793135139426 42775
A : 925 1565793135139444 1565793135180740 41296
A : 926 1565793135180785 1565793135223565 42780
A : 927 1565793135223583 1565793135264811 41228
A : 928 1565793135264848 1565793135307597 42749
A : 929 1565793135307618 1565793135348789 41171
A : 930 1565793135348840 1565793135391412 42572
A : 931 1565793135391452 1565793135434004 42552
A : 932 1565793135434022 1565793135475049 41027
A : 933 1565793135475089 1565793135517880 42791
A : 934 1565793135517920 1565793135561097 43177
A : 935 1565793135561144 1565793135603840 42696
A : 936 1565793135603880 1565793135646654 42774
A : 937 1565793135646695 1565793135689309 42614
A : 938 1565793135689356 1565793135732199 42843
A : 939 1565793135732239 1565793135774971 42732
A : 940 1565793135774990 1565793135815959 40969
A : 941 1565793135815993 1565793135858516 42523
A : 942 1565793135858556 1565793135901349 42793
A : 943 1565793135901366 1565793135942626 41260
A : 944 1565793135942668 1565793135985350 42682
A : 945 1565793135985368 1565793136026341 40973
A : 946 1565793136026381 1565793136069513 43132
A : 947 1565793136069535 1565793136110451 40916
A : 948 1565793136110490 1565793136153079 42589
A : 949 1565793136153119 1565793136195780 42661
A : 950 1565793136195826 1565793136238355 42529
A : 951 1565793136238395 1565793136281030 42635
A : 952 1565793136281070 1565793136323853 42783
A : 953 1565793136323876 1565793136365149 41273
A : 954 1565793136365189 1565793136407907 42718
A : 955 1565793136407925 1565793136449106 41181
A : 956 1565793136449153 1565793136491896 42743
A : 957 1565793136491914 1565793136533092 41178
A : 958 1565793136533130 1565793136575863 42733
A : 959 1565793136575883 1565793136617155 41272
A : 960 1565793136617196 1565793136659936 42740
A : 961 1565793136659975 1565793136702722 42747
A : 962 1565793136702742 1565793136743747 41005
A : 963 1565793136743783 1565793136786132 42349
A : 964 1565793136786151 1565793136827252 41101
A : 965 1565793136827300 1565793136869772 42472
A : 966 1565793136869811 1565793136912531 42720
A : 967 1565793136912549 1565793136953916 41367
A : 968 1565793136953989 1565793136996638 42649
A : 969 1565793136996657 1565793137037826 41169
A : 970 1565793137037866 1565793137080547 42681
A : 971 1565793137080570 1565793137121824 41254
A : 972 1565793137121872 1565793137164235 42363
A : 973 1565793137164275 1565793137206930 42655
A : 974 1565793137206952 1565793137248140 41188
A : 975 1565793137248177 1565793137290923 42746
A : 976 1565793137290941 1565793137332092 41151
A : 977 1565793137332139 1565793137374793 42654
A : 978 1565793137374812 1565793137416008 41196
A : 979 1565793137416048 1565793137458690 42642
A : 980 1565793137458737 1565793137501330 42593
A : 981 1565793137501347 1565793137542276 40929
A : 982 1565793137542306 1565793137584637 42331
A : 983 1565793137584657 1565793137625652 40995
A : 984 1565793137625692 1565793137668351 42659
A : 985 1565793137668391 1565793137711015 42624
A : 986 1565793137711061 1565793137753713 42652
A : 987 1565793137753752 1565793137796381 42629
A : 988 1565793137796420 1565793137839038 42618
A : 989 1565793137839085 1565793137881797 42712
A : 990 1565793137881838 1565793137924502 42664
A : 991 1565793137924542 1565793137967047 42505
A : 992 1565793137967068 1565793138008117 41049
A : 993 1565793138008157 1565793138050905 42748
A : 994 1565793138050945 1565793138093711 42766
A : 995 1565793138093731 1565793138134541 40810
A : 996 1565793138134579 1565793138177196 42617
A : 997 1565793138177235 1565793138219830 42595
A : 998 1565793138219877 1565793138262321 42444
A : 999 1565793138262361 1565793138304931 42570
A : 1000 1565793138304971 1565793138348530 43559
I : 1 1565793095826405 1565793095905534 79129
I : 2 1565793095905547 1565793095946937 41390
I : 3 1565793095946951 1565793095988209 41258
I : 4 1565793095988225 1565793096028951 40726
I : 5 1565793096028986 1565793096070949 41963
I : 6 1565793096070982 1565793096112436 41454
I : 7 1565793096112469 1565793096154750 42281
I : 8 1565793096154787 1565793096196488 41701
I : 9 1565793096196519 1565793096237845 41326
I : 10 1565793096237880 1565793096279867 41987
I : 11 1565793096279884 1565793096321347 41463
I : 12 1565793096321387 1565793096364222 42835
I : 13 1565793096364243 1565793096405721 41478
I : 14 1565793096405762 1565793096448497 42735
I : 15 1565793096448513 1565793096489125 40612
I : 16 1565793096489152 1565793096531012 41860
I : 17 1565793096531052 1565793096573627 42575
I : 18 1565793096573667 1565793096616599 42932
I : 19 1565793096616639 1565793096659610 42971
I : 20 1565793096659651 1565793096701772 42121
I : 21 1565793096701813 1565793096743882 42069
I : 22 1565793096743923 1565793096786652 42729
I : 23 1565793096786669 1565793096828012 41343
I : 24 1565793096828052 1565793096870267 42215
I : 25 1565793096870284 1565793096911385 41101
I : 26 1565793096911422 1565793096953558 42136
I : 27 1565793096953575 1565793096994788 41213
I : 28 1565793096994828 1565793097036958 42130
I : 29 1565793097036999 1565793097079272 42273
I : 30 1565793097079313 1565793097121590 42277
I : 31 1565793097121630 1565793097164616 42986
I : 32 1565793097164656 1565793097206934 42278
I : 33 1565793097206975 1565793097249938 42963
I : 34 1565793097250004 1565793097292624 42620
I : 35 1565793097292641 1565793097333915 41274
I : 36 1565793097333955 1565793097376971 43016
I : 37 1565793097376987 1565793097418419 41432
I : 38 1565793097418459 1565793097460536 42077
I : 39 1565793097460576 1565793097502852 42276
I : 40 1565793097502892 1565793097544928 42036
I : 41 1565793097544968 1565793097587233 42265
I : 42 1565793097587274 1565793097630156 42882
I : 43 1565793097630197 1565793097672266 42069
I : 44 1565793097672282 1565793097713580 41298
I : 45 1565793097713621 1565793097755880 42259
I : 46 1565793097755921 1565793097798235 42314
I : 47 1565793097798276 1565793097840964 42688
I : 48 1565793097841005 1565793097883930 42925
I : 49 1565793097883947 1565793097925294 41347
I : 50 1565793097925333 1565793097967575 42242
I : 51 1565793097967616 1565793098009586 41970
I : 52 1565793098009627 1565793098051700 42073
I : 53 1565793098051741 1565793098094019 42278
I : 54 1565793098094059 1565793098136102 42043
I : 55 1565793098136143 1565793098178190 42047
I : 56 1565793098178231 1565793098220539 42308
I : 57 1565793098220581 1565793098263631 43050
I : 58 1565793098263672 1565793098305934 42262
I : 59 1565793098306001 1565793098348943 42942
I : 60 1565793098348984 1565793098391782 42798
I : 61 1565793098391798 1565793098433031 41233
I : 62 1565793098433069 1565793098475308 42239
I : 63 1565793098475349 1565793098518314 42965
I : 64 1565793098518330 1565793098559594 41264
I : 65 1565793098559632 1565793098601646 42014
I : 66 1565793098601686 1565793098643793 42107
I : 67 1565793098643834 1565793098685826 41992
I : 68 1565793098685843 1565793098727370 41527
I : 69 1565793098727411 1565793098769579 42168
I : 70 1565793098769619 1565793098811596 41977
I : 71 1565793098811637 1565793098854644 43007
I : 72 1565793098854685 1565793098897633 42948
I : 73 1565793098897650 1565793098938929 41279
I : 74 1565793098938968 1565793098980984 42016
I : 75 1565793098981001 1565793099022251 41250
I : 76 1565793099022292 1565793099064626 42334
I : 77 1565793099064667 1565793099106828 42161
I : 78 1565793099106869 1565793099149550 42681
I : 79 1565793099149581 1565793099190866 41285
I : 80 1565793099190898 1565793099233263 42365
I : 81 1565793099233303 1565793099275860 42557
I : 82 1565793099275879 1565793099317451 41572
I : 83 1565793099317505 1565793099359587 42082
I : 84 1565793099359628 1565793099402571 42943
I : 85 1565793099402587 1565793099443838 41251
I : 86 1565793099443879 1565793099486262 42383
I : 87 1565793099486302 1565793099529243 42941
I : 88 1565793099529283 1565793099571536 42253
I : 89 1565793099571599 1565793099613689 42090
I : 90 1565793099613729 1565793099655911 42182
I : 91 1565793099655950 1565793099698974 43024
I : 92 1565793099699015 1565793099741261 42246
I : 93 1565793099741302 1565793099784323 43021
I : 94 1565793099784363 1565793099826742 42379
I : 95 1565793099826760 1565793099868279 41519
I : 96 1565793099868316 1565793099910301 41985
I : 97 1565793099910321 1565793099951673 41352
I : 98 1565793099951713 1565793099994606 42893
I : 99 1565793099994624 1565793100035904 41280
I : 100 1565793100035945 1565793100078225 42280
I : 101 1565793100078264 1565793100120567 42303
I : 102 1565793100120607 1565793100163609 43002
I : 103 1565793100163649 1565793100205901 42252
I : 104 1565793100205942 1565793100248915 42973
I : 105 1565793100248953 1565793100291306 42353
I : 106 1565793100291346 1565793100333813 42467
I : 107 1565793100333830 1565793100375278 41448
I : 108 1565793100375307 1565793100417519 42212
I : 109 1565793100417559 1565793100460422 42863
I : 110 1565793100460453 1565793100502936 42483
I : 111 1565793100502976 1565793100545845 42869
I : 112 1565793100545875 1565793100588690 42815
I : 113 1565793100588700 1565793100629906 41206
I : 114 1565793100629937 1565793100672149 42212
I : 115 1565793100672169 1565793100713536 41367
I : 116 1565793100713568 1565793100756364 42796
I : 117 1565793100756374 1565793100797689 41315
I : 118 1565793100797720 1565793100839875 42155
I : 119 1565793100839893 1565793100881130 41237
I : 120 1565793100881172 1565793100923120 41948
I : 121 1565793100923138 1565793100964488 41350
I : 122 1565793100964528 1565793101006338 41810
I : 123 1565793101006357 1565793101047778 41421
I : 124 1565793101047819 1565793101090311 42492
I : 125 1565793101090351 1565793101133076 42725
I : 126 1565793101133117 1565793101175239 42122
I : 127 1565793101175280 1565793101217678 42398
I : 128 1565793101217719 1565793101260505 42786
I : 129 1565793101260545 1565793101302906 42361
I : 130 1565793101302947 1565793101345479 42532
I : 131 1565793101345511 1565793101387064 41553
I : 132 1565793101387105 1565793101429859 42754
I : 133 1565793101429868 1565793101471104 41236
I : 134 1565793101471127 1565793101513492 42365
I : 135 1565793101513524 1565793101556334 42810
I : 136 1565793101556344 1565793101597645 41301
I : 137 1565793101597676 1565793101639857 42181
I : 138 1565793101639876 1565793101681290 41414
I : 139 1565793101681321 1565793101724064 42743
I : 140 1565793101724074 1565793101765344 41270
I : 141 1565793101765375 1565793101807970 42595
I : 142 1565793101808002 1565793101850561 42559
I : 143 1565793101850571 1565793101891857 41286
I : 144 1565793101891887 1565793101933882 41995
I : 145 1565793101933900 1565793101975089 41189
I : 146 1565793101975130 1565793102017557 42427
I : 147 1565793102017598 1565793102060402 42804
I : 148 1565793102060433 1565793102102744 42311
I : 149 1565793102102786 1565793102144899 42113
I : 150 1565793102144939 1565793102187180 42241
I : 151 1565793102187221 1565793102229253 42032
I : 152 1565793102229294 1565793102271499 42205
I : 153 1565793102271539 1565793102314293 42754
I : 154 1565793102314334 1565793102356555 42221
I : 155 1565793102356573 1565793102397882 41309
I : 156 1565793102397923 1565793102440180 42257
I : 157 1565793102440221 1565793102482315 42094
I : 158 1565793102482356 1565793102525335 42979
I : 159 1565793102525352 1565793102566396 41044
I : 160 1565793102566435 1565793102608590 42155
I : 161 1565793102608623 1565793102649898 41275
I : 162 1565793102649938 1565793102692952 43014
I : 163 1565793102692994 1565793102734996 42002
I : 164 1565793102735026 1565793102777917 42891
I : 165 1565793102777925 1565793102819094 41169
I : 166 1565793102819117 1565793102861065 41948
I : 167 1565793102861075 1565793102902618 41543
I : 168 1565793102902650 1565793102944889 42239
I : 169 1565793102944920 1565793102987165 42245
I : 170 1565793102987206 1565793103029897 42691
I : 171 1565793103029915 1565793103071003 41088
I : 172 1565793103071034 1565793103113388 42354
I : 173 1565793103113429 1565793103155804 42375
I : 174 1565793103155940 1565793103198995 43055
I : 175 1565793103199026 1565793103241794 42768
I : 176 1565793103241825 1565793103284267 42442
I : 177 1565793103284307 1565793103327100 42793
I : 178 1565793103327130 1565793103369089 41959
I : 179 1565793103369106 1565793103410698 41592
I : 180 1565793103410747 1565793103452746 41999
I : 181 1565793103452786 1565793103494853 42067
I : 182 1565793103494893 1565793103537784 42891
I : 183 1565793103537802 1565793103578928 41126
I : 184 1565793103578968 1565793103621185 42217
I : 185 1565793103621203 1565793103662507 41304
I : 186 1565793103662549 1565793103704874 42325
I : 187 1565793103704914 1565793103747785 42871
I : 188 1565793103747824 1565793103789820 41996
I : 189 1565793103789838 1565793103831099 41261
I : 190 1565793103831140 1565793103873250 42110
I : 191 1565793103873268 1565793103914327 41059
I : 192 1565793103914381 1565793103956896 42515
I : 193 1565793103956937 1565793103999978 43041
I : 194 1565793104000020 1565793104042793 42773
I : 195 1565793104042824 1565793104085017 42193
I : 196 1565793104085058 1565793104128101 43043
I : 197 1565793104128133 1565793104170347 42214
I : 198 1565793104170387 1565793104212447 42060
I : 199 1565793104212475 1565793104254755 42280
I : 200 1565793104254796 1565793104296953 42157
I : 201 1565793104296993 1565793104339132 42139
I : 202 1565793104339174 1565793104381189 42015
I : 203 1565793104381231 1565793104424273 43042
I : 204 1565793104424314 1565793104468959 44645
I : 205 1565793104468969 1565793104510411 41442
I : 206 1565793104510436 1565793104552669 42233
I : 207 1565793104552702 1565793104594753 42051
I : 208 1565793104594785 1565793104637157 42372
I : 209 1565793104637198 1565793104680225 43027
I : 210 1565793104680256 1565793104722393 42137
I : 211 1565793104722434 1565793104765600 43166
I : 212 1565793104765631 1565793104808380 42749
I : 213 1565793104808389 1565793104849487 41098
I : 214 1565793104849516 1565793104892179 42663
I : 215 1565793104892210 1565793104934792 42582
I : 216 1565793104934806 1565793104976146 41340
I : 217 1565793104976192 1565793105018421 42229
I : 218 1565793105018461 1565793105060488 42027
I : 219 1565793105060529 1565793105103260 42731
I : 220 1565793105103279 1565793105144799 41520
I : 221 1565793105144839 1565793105186983 42144
I : 222 1565793105186989 1565793105228261 41272
I : 223 1565793105228274 1565793105269967 41693
I : 224 1565793105269980 1565793105311375 41395
I : 225 1565793105311406 1565793105353400 41994
I : 226 1565793105353410 1565793105394696 41286
I : 227 1565793105394744 1565793105436917 42173
I : 228 1565793105436954 1565793105490192 53238
I : 229 1565793105490207 1565793105531650 41443
I : 230 1565793105531669 1565793105573226 41557
I : 231 1565793105573253 1565793105615325 42072
I : 232 1565793105615354 1565793105657643 42289
I : 233 1565793105657670 1565793105699701 42031
I : 234 1565793105699728 1565793105741492 41764
I : 235 1565793105741527 1565793105784006 42479
I : 236 1565793105784033 1565793105826022 41989
I : 237 1565793105826052 1565793105866919 40867
I : 238 1565793105866929 1565793105908575 41646
I : 239 1565793105908602 1565793105950602 42000
I : 240 1565793105950633 1565793105994552 43919
I : 241 1565793105994570 1565793106035723 41153
I : 242 1565793106035749 1565793106078021 42272
I : 243 1565793106078048 1565793106120311 42263
I : 244 1565793106120345 1565793106161947 41602
I : 245 1565793106161966 1565793106203680 41714
I : 246 1565793106203707 1565793106245516 41809
I : 247 1565793106245523 1565793106286620 41097
I : 248 1565793106286628 1565793106327955 41327
I : 249 1565793106327987 1565793106369927 41940
I : 250 1565793106369936 1565793106411397 41461
I : 251 1565793106411429 1565793106453616 42187
I : 252 1565793106453648 1565793106502692 49044
I : 253 1565793106502698 1565793106543633 40935
I : 254 1565793106543643 1565793106585031 41388
I : 255 1565793106585058 1565793106626189 41131
I : 256 1565793106626206 1565793106667155 40949
I : 257 1565793106667183 1565793106709360 42177
I : 258 1565793106709388 1565793106751427 42039
I : 259 1565793106751434 1565793106792590 41156
I : 260 1565793106792600 1565793106833919 41319
I : 261 1565793106833952 1565793106876615 42663
I : 262 1565793106876624 1565793106918218 41594
I : 263 1565793106918250 1565793106960317 42067
I : 264 1565793106960349 1565793107002679 42330
I : 265 1565793107002711 1565793107045071 42360
I : 266 1565793107045082 1565793107085995 40913
I : 267 1565793107086022 1565793107128156 42134
I : 268 1565793107128197 1565793107171179 42982
I : 269 1565793107171190 1565793107212437 41247
I : 270 1565793107212469 1565793107255198 42729
I : 271 1565793107255207 1565793107296669 41462
I : 272 1565793107296700 1565793107339018 42318
I : 273 1565793107339059 1565793107381880 42821
I : 274 1565793107381889 1565793107423102 41213
I : 275 1565793107423134 1565793107465547 42413
I : 276 1565793107465587 1565793107510344 44757
I : 277 1565793107510376 1565793107552608 42232
I : 278 1565793107552641 1565793107594679 42038
I : 279 1565793107594713 1565793107638593 43880
I : 280 1565793107638606 1565793107680009 41403
I : 281 1565793107680042 1565793107722335 42293
I : 282 1565793107722367 1565793107767956 45589
I : 283 1565793107767966 1565793107809579 41613
I : 284 1565793107809606 1565793107851209 41603
I : 285 1565793107851217 1565793107892587 41370
I : 286 1565793107892615 1565793107934996 42381
I : 287 1565793107935022 1565793107977554 42532
I : 288 1565793107977563 1565793108018307 40744
I : 289 1565793108018334 1565793108060313 41979
I : 290 1565793108060341 1565793108102670 42329
I : 291 1565793108102703 1565793108150502 47799
I : 292 1565793108150509 1565793108191604 41095
I : 293 1565793108191615 1565793108232974 41359
I : 294 1565793108232979 1565793108273919 40940
I : 295 1565793108273930 1565793108315331 41401
I : 296 1565793108315359 1565793108357588 42229
I : 297 1565793108357615 1565793108399655 42040
I : 298 1565793108399682 1565793108441589 41907
I : 299 1565793108441616 1565793108483978 42362
I : 300 1565793108484008 1565793108534024 50016
I : 301 1565793108534052 1565793108575826 41774
I : 302 1565793108575853 1565793108618329 42476
I : 303 1565793108618356 1565793108660278 41922
I : 304 1565793108660312 1565793108702850 42538
I : 305 1565793108702864 1565793108744511 41647
I : 306 1565793108744532 1565793108786002 41470
I : 307 1565793108786029 1565793108827938 41909
I : 308 1565793108827943 1565793108868959 41016
I : 309 1565793108868972 1565793108910294 41322
I : 310 1565793108910321 1565793108952189 41868
I : 311 1565793108952198 1565793108993760 41562
I : 312 1565793108993791 1565793109038998 45207
I : 313 1565793109039004 1565793109079600 40596
I : 314 1565793109079610 1565793109121237 41627
I : 315 1565793109121264 1565793109163253 41989
I : 316 1565793109163287 1565793109205640 42353
I : 317 1565793109205667 1565793109247576 41909
I : 318 1565793109247603 1565793109293611 46008
I : 319 1565793109293645 1565793109336137 42492
I : 320 1565793109336151 1565793109377617 41466
I : 321 1565793109377628 1565793109419344 41716
I : 322 1565793109419371 1565793109460923 41552
I : 323 1565793109460932 1565793109502573 41641
I : 324 1565793109502600 1565793109550313 47713
I : 325 1565793109550341 1565793109595635 45294
I : 326 1565793109595649 1565793109636881 41232
I : 327 1565793109636902 1565793109677758 40856
I : 328 1565793109677792 1565793109720325 42533
I : 329 1565793109720352 1565793109762283 41931
I : 330 1565793109762310 1565793109804637 42327
I : 331 1565793109804664 1565793109846660 41996
I : 332 1565793109846675 1565793109887864 41189
I : 333 1565793109887884 1565793109928949 41065
I : 334 1565793109928955 1565793109969919 40964
I : 335 1565793109969930 1565793110011327 41397
I : 336 1565793110011354 1565793110055445 44091
I : 337 1565793110055450 1565793110103532 48082
I : 338 1565793110103554 1565793110144427 40873
I : 339 1565793110144455 1565793110186942 42487
I : 340 1565793110186977 1565793110229815 42838
I : 341 1565793110229843 1565793110272272 42429
I : 342 1565793110272299 1565793110314339 42040
I : 343 1565793110314366 1565793110356569 42203
I : 344 1565793110356595 1565793110398796 42201
I : 345 1565793110398839 1565793110439861 41022
I : 346 1565793110439881 1565793110480968 41087
I : 347 1565793110480995 1565793110523320 42325
I : 348 1565793110523347 1565793110567337 43990
I : 349 1565793110567364 1565793110614193 46829
I : 350 1565793110614220 1565793110656806 42586
I : 351 1565793110656820 1565793110698294 41474
I : 352 1565793110698316 1565793110739975 41659
I : 353 1565793110740003 1565793110781949 41946
I : 354 1565793110781998 1565793110824239 42241
I : 355 1565793110824266 1565793110866228 41962
I : 356 1565793110866242 1565793110907492 41250
I : 357 1565793110907514 1565793110948564 41050
I : 358 1565793110948592 1565793110991145 42553
I : 359 1565793110991159 1565793111032555 41396
I : 360 1565793111032567 1565793111074149 41582
I : 361 1565793111074163 1565793111114927 40764
I : 362 1565793111114936 1565793111156504 41568
I : 363 1565793111156510 1565793111197078 40568
I : 364 1565793111197090 1565793111238809 41719
I : 365 1565793111238836 1565793111280911 42075
I : 366 1565793111280916 1565793111329781 48865
I : 367 1565793111329802 1565793111371432 41630
I : 368 1565793111371447 1565793111412195 40748
I : 369 1565793111412216 1565793111453538 41322
I : 370 1565793111453566 1565793111495729 42163
I : 371 1565793111495744 1565793111536584 40840
I : 372 1565793111536594 1565793111577906 41312
I : 373 1565793111577912 1565793111618904 40992
I : 374 1565793111618915 1565793111660260 41345
I : 375 1565793111660287 1565793111701207 40920
I : 376 1565793111701218 1565793111742093 40875
I : 377 1565793111742116 1565793111783958 41842
I : 378 1565793111783986 1565793111835940 51954
I : 379 1565793111835968 1565793111877806 41838
I : 380 1565793111877836 1565793111920594 42758
I : 381 1565793111920609 1565793111962184 41575
I : 382 1565793111962204 1565793112003550 41346
I : 383 1565793112003577 1565793112045564 41987
I : 384 1565793112045591 1565793112091131 45540
I : 385 1565793112091146 1565793112136869 45723
I : 386 1565793112136897 1565793112178714 41817
I : 387 1565793112178728 1565793112220202 41474
I : 388 1565793112220224 1565793112262069 41845
I : 389 1565793112262096 1565793112304805 42709
I : 390 1565793112304845 1565793112347464 42619
I : 391 1565793112347504 1565793112390098 42594
I : 392 1565793112390113 1565793112431463 41350
I : 393 1565793112431505 1565793112473472 41967
I : 394 1565793112473512 1565793112516417 42905
I : 395 1565793112516432 1565793112557423 40991
I : 396 1565793112557446 1565793112599051 41605
I : 397 1565793112599066 1565793112639829 40763
I : 398 1565793112639852 1565793112681149 41297
I : 399 1565793112681164 1565793112722092 40928
I : 400 1565793112722116 1565793112763232 41116
I : 401 1565793112763260 1565793112805608 42348
I : 402 1565793112805636 1565793112852735 47099
I : 403 1565793112852776 1565793112895403 42627
I : 404 1565793112895444 1565793112938132 42688
I : 405 1565793112938148 1565793112979509 41361
I : 406 1565793112979533 1565793113021308 41775
I : 407 1565793113021335 1565793113064233 42898
I : 408 1565793113064246 1565793113105433 41187
I : 409 1565793113105455 1565793113146450 40995
I : 410 1565793113146477 1565793113189187 42710
I : 411 1565793113189202 1565793113232878 43676
I : 412 1565793113232901 1565793113274253 41352
I : 413 1565793113274280 1565793113316495 42215
I : 414 1565793113316535 1565793113362162 45627
I : 415 1565793113362203 1565793113404851 42648
I : 416 1565793113404865 1565793113446193 41328
I : 417 1565793113446216 1565793113488211 41995
I : 418 1565793113488251 1565793113530596 42345
I : 419 1565793113530616 1565793113572140 41524
I : 420 1565793113572167 1565793113614213 42046
I : 421 1565793113614227 1565793113660466 46239
I : 422 1565793113660497 1565793113702658 42161
I : 423 1565793113702672 1565793113744451 41779
I : 424 1565793113744475 1565793113787966 43491
I : 425 1565793113788007 1565793113830629 42622
I : 426 1565793113830656 1565793113873105 42449
I : 427 1565793113873132 1565793113915091 41959
I : 428 1565793113915121 1565793113957512 42391
I : 429 1565793113957520 1565793113998316 40796
I : 430 1565793113998343 1565793114043382 45039
I : 431 1565793114043422 1565793114086960 43538
I : 432 1565793114086997 1565793114130166 43169
I : 433 1565793114130206 1565793114174307 44101
I : 434 1565793114174347 1565793114217147 42800
I : 435 1565793114217163 1565793114259316 42153
I : 436 1565793114259342 1565793114302387 43045
I : 437 1565793114302426 1565793114347792 45366
I : 438 1565793114347832 1565793114390943 43111
I : 439 1565793114390983 1565793114433616 42633
I : 440 1565793114433633 1565793114477168 43535
I : 441 1565793114477210 1565793114521531 44321
I : 442 1565793114521571 1565793114567455 45884
I : 443 1565793114567496 1565793114611409 43913
I : 444 1565793114611451 1565793114664231 52780
I : 445 1565793114664258 1565793114706586 42328
I : 446 1565793114706613 1565793114748495 41882
I : 447 1565793114748528 1565793114791434 42906
I : 448 1565793114791461 1565793114834095 42634
I : 449 1565793114834122 1565793114876115 41993
I : 450 1565793114876135 1565793114921403 45268
I : 451 1565793114921418 1565793114967139 45721
I : 452 1565793114967163 1565793115012244 45081
I : 453 1565793115012284 1565793115059213 46929
I : 454 1565793115059254 1565793115104619 45365
I : 455 1565793115104660 1565793115149746 45086
I : 456 1565793115149787 1565793115194813 45026
I : 457 1565793115194854 1565793115241167 46313
I : 458 1565793115241208 1565793115286036 44828
I : 459 1565793115286078 1565793115332143 46065
I : 460 1565793115332184 1565793115377540 45356
I : 461 1565793115377549 1565793115423192 45643
I : 462 1565793115423197 1565793115468970 45773
I : 463 1565793115468991 1565793115516296 47305
I : 464 1565793115516311 1565793115562106 45795
I : 465 1565793115562134 1565793115609591 47457
I : 466 1565793115609632 1565793115656401 46769
I : 467 1565793115656431 1565793115701587 45156
I : 468 1565793115701624 1565793115749201 47577
I : 469 1565793115749239 1565793115794935 45696
I : 470 1565793115794953 1565793115840673 45720
I : 471 1565793115840691 1565793115888808 48117
I : 472 1565793115888835 1565793115937160 48325
I : 473 1565793115937201 1565793115984900 47699
I : 474 1565793115984915 1565793116030586 45671
I : 475 1565793116030609 1565793116079040 48431
I : 476 1565793116079082 1565793116127066 47984
I : 477 1565793116127106 1565793116183849 56743
I : 478 1565793116183876 1565793116225865 41989
I : 479 1565793116225880 1565793116268046 42166
I : 480 1565793116268070 1565793116317169 49099
I : 481 1565793116317209 1565793116366196 48987
I : 482 1565793116366238 1565793116414258 48020
I : 483 1565793116414298 1565793116462921 48623
I : 484 1565793116462937 1565793116510257 47320
I : 485 1565793116510398 1565793116561287 50889
I : 486 1565793116561326 1565793116610221 48895
I : 487 1565793116610258 1565793116659368 49110
I : 488 1565793116659405 1565793116708773 49368
I : 489 1565793116708811 1565793116757725 48914
I : 490 1565793116757762 1565793116807545 49783
I : 491 1565793116814014 1565793116994316 180302
I : 492 1565793116994330 1565793117035661 41331
I : 493 1565793117035674 1565793117076821 41147
I : 494 1565793117076833 1565793117118180 41347
I : 495 1565793117118217 1565793117160909 42692
I : 496 1565793117160940 1565793117203494 42554
I : 497 1565793117203530 1565793117255607 52077
I : 498 1565793117255623 1565793117296394 40771
I : 499 1565793117296424 1565793117338648 42224
I : 500 1565793117338688 1565793117380891 42203
I : 501 1565793117380928 1565793117423416 42488
I : 502 1565793117423430 1565793117465027 41597
I : 503 1565793117465051 1565793117506705 41654
I : 504 1565793117506743 1565793117549443 42700
I : 505 1565793117549456 1565793117590671 41215
I : 506 1565793117590692 1565793117633779 43087
I : 507 1565793117633817 1565793117675783 41966
I : 508 1565793117675820 1565793117718131 42311
I : 509 1565793117718172 1565793117762835 44663
I : 510 1565793117762850 1565793117804234 41384
I : 511 1565793117804259 1565793117845635 41376
I : 512 1565793117845676 1565793117887905 42229
I : 513 1565793117887919 1565793117928655 40736
I : 514 1565793117928677 1565793117970183 41506
I : 515 1565793117970224 1565793118012239 42015
I : 516 1565793118012362 1565793118054317 41955
I : 517 1565793118054331 1565793118095457 41126
I : 518 1565793118095478 1565793118138829 43351
I : 519 1565793118138866 1565793118181560 42694
I : 520 1565793118181575 1565793118223027 41452
I : 521 1565793118223056 1565793118264954 41898
I : 522 1565793118264969 1565793118306343 41374
I : 523 1565793118306377 1565793118347568 41191
I : 524 1565793118347583 1565793118388805 41222
I : 525 1565793118388829 1565793118430694 41865
I : 526 1565793118430719 1565793118473435 42716
I : 527 1565793118473476 1565793118519101 45625
I : 528 1565793118519115 1565793118560364 41249
I : 529 1565793118560385 1565793118601574 41189
I : 530 1565793118601614 1565793118644360 42746
I : 531 1565793118644374 1565793118685495 41121
I : 532 1565793118685516 1565793118726682 41166
I : 533 1565793118726722 1565793118769343 42621
I : 534 1565793118769356 1565793118810887 41531
I : 535 1565793118810910 1565793118852234 41324
I : 536 1565793118852274 1565793118894222 41948
I : 537 1565793118894235 1565793118935391 41156
I : 538 1565793118935416 1565793118977415 41999
I : 539 1565793118977454 1565793119020342 42888
I : 540 1565793119020356 1565793119061856 41500
I : 541 1565793119061869 1565793119103322 41453
I : 542 1565793119103345 1565793119144524 41179
I : 543 1565793119144537 1565793119185720 41183
I : 544 1565793119185742 1565793119226654 40912
I : 545 1565793119226682 1565793119269307 42625
I : 546 1565793119269321 1565793119310199 40878
I : 547 1565793119310219 1565793119351482 41263
I : 548 1565793119351523 1565793119395566 44043
I : 549 1565793119395579 1565793119436609 41030
I : 550 1565793119436628 1565793119477836 41208
I : 551 1565793119477876 1565793119521319 43443
I : 552 1565793119521357 1565793119564105 42748
I : 553 1565793119564110 1565793119605305 41195
I : 554 1565793119605324 1565793119653538 48214
I : 555 1565793119653575 1565793119696573 42998
I : 556 1565793119696611 1565793119739091 42480
I : 557 1565793119739133 1565793119781859 42726
I : 558 1565793119781872 1565793119823123 41251
I : 559 1565793119823145 1565793119865185 42040
I : 560 1565793119865225 1565793119907816 42591
I : 561 1565793119907829 1565793119949097 41268
I : 562 1565793119949119 1565793119990854 41735
I : 563 1565793119990894 1565793120033814 42920
I : 564 1565793120033851 1565793120076830 42979
I : 565 1565793120076844 1565793120117599 40755
I : 566 1565793120117619 1565793120159494 41875
I : 567 1565793120159531 1565793120202319 42788
I : 568 1565793120202357 1565793120244558 42201
I : 569 1565793120244598 1565793120289076 44478
I : 570 1565793120289091 1565793120330310 41219
I : 571 1565793120330335 1565793120372296 41961
I : 572 1565793120372336 1565793120415013 42677
I : 573 1565793120415027 1565793120456181 41154
I : 574 1565793120456217 1565793120497515 41298
I : 575 1565793120497556 1565793120539993 42437
I : 576 1565793120540031 1565793120582790 42759
I : 577 1565793120582804 1565793120624025 41221
I : 578 1565793120624045 1565793120667047 43002
I : 579 1565793120667085 1565793120709098 42013
I : 580 1565793120709135 1565793120751426 42291
I : 581 1565793120751467 1565793120796284 44817
I : 582 1565793120796298 1565793120837652 41354
I : 583 1565793120837679 1565793120879846 42167
I : 584 1565793120879887 1565793120922312 42425
I : 585 1565793120922326 1565793120963826 41500
I : 586 1565793120963847 1565793121005820 41973
I : 587 1565793121005860 1565793121048528 42668
I : 588 1565793121048566 1565793121090985 42419
I : 589 1565793121090998 1565793121132641 41643
I : 590 1565793121132667 1565793121174387 41720
I : 591 1565793121174425 1565793121217083 42658
I : 592 1565793121217096 1565793121258209 41113
I : 593 1565793121258237 1565793121299600 41363
I : 594 1565793121299613 1565793121340834 41221
I : 595 1565793121340861 1565793121383013 42152
I : 596 1565793121383053 1565793121428880 45827
I : 597 1565793121428917 1565793121471174 42257
I : 598 1565793121471198 1565793121513269 42071
I : 599 1565793121513309 1565793121557723 44414
I : 600 1565793121557761 1565793121600279 42518
I : 601 1565793121600293 1565793121641782 41489
I : 602 1565793121641809 1565793121683953 42144
I : 603 1565793121683966 1565793121725093 41127
I : 604 1565793121725113 1565793121766292 41179
I : 605 1565793121766332 1565793121809013 42681
I : 606 1565793121809027 1565793121850215 41188
I : 607 1565793121850236 1565793121892088 41852
I : 608 1565793121892102 1565793121933670 41568
I : 609 1565793121933693 1565793121975167 41474
I : 610 1565793121975193 1565793122017307 42114
I : 611 1565793122017348 1565793122061787 44439
I : 612 1565793122061801 1565793122103310 41509
I : 613 1565793122103335 1565793122145472 42137
I : 614 1565793122145512 1565793122187797 42285
I : 615 1565793122187811 1565793122228520 40709
I : 616 1565793122228540 1565793122270401 41861
I : 617 1565793122270441 1565793122313075 42634
I : 618 1565793122313088 1565793122354199 41111
I : 619 1565793122354233 1565793122395482 41249
I : 620 1565793122395510 1565793122436510 41000
I : 621 1565793122436532 1565793122477673 41141
I : 622 1565793122477698 1565793122520300 42602
I : 623 1565793122520340 1565793122568196 47856
I : 624 1565793122568210 1565793122609387 41177
I : 625 1565793122609413 1565793122651521 42108
I : 626 1565793122651561 1565793122694178 42617
I : 627 1565793122694192 1565793122735637 41445
I : 628 1565793122735659 1565793122776916 41257
I : 629 1565793122776956 1565793122819301 42345
I : 630 1565793122819315 1565793122860917 41602
I : 631 1565793122860938 1565793122902719 41781
I : 632 1565793122902759 1565793122945487 42728
I : 633 1565793122945524 1565793122987837 42313
I : 634 1565793122987864 1565793123029859 41995
I : 635 1565793123029899 1565793123075607 45708
I : 636 1565793123075622 1565793123116995 41373
I : 637 1565793123117017 1565793123158687 41670
I : 638 1565793123158728 1565793123200752 42024
I : 639 1565793123200766 1565793123241760 40994
I : 640 1565793123241781 1565793123283013 41232
I : 641 1565793123283054 1565793123325499 42445
I : 642 1565793123325512 1565793123366969 41457
I : 643 1565793123366989 1565793123408636 41647
I : 644 1565793123408650 1565793123450201 41551
I : 645 1565793123450234 1565793123491711 41477
I : 646 1565793123491736 1565793123533964 42228
I : 647 1565793123533980 1565793123578678 44698
I : 648 1565793123578697 1565793123620110 41413
I : 649 1565793123620136 1565793123661945 41809
I : 650 1565793123661992 1565793123707746 45754
I : 651 1565793123707783 1565793123750370 42587
I : 652 1565793123750408 1565793123792521 42113
I : 653 1565793123792552 1565793123834927 42375
I : 654 1565793123834964 1565793123877564 42600
I : 655 1565793123877578 1565793123918992 41414
I : 656 1565793123919013 1565793123960245 41232
I : 657 1565793123960283 1565793124002582 42299
I : 658 1565793124002596 1565793124043731 41135
I : 659 1565793124043750 1565793124084823 41073
I : 660 1565793124084860 1565793124127802 42942
I : 661 1565793124127816 1565793124168882 41066
I : 662 1565793124168904 1565793124212287 43383
I : 663 1565793124212325 1565793124254661 42336
I : 664 1565793124254675 1565793124296245 41570
I : 665 1565793124296270 1565793124337864 41594
I : 666 1565793124337877 1565793124379470 41593
I : 667 1565793124379492 1565793124421252 41760
I : 668 1565793124421292 1565793124463370 42078
I : 669 1565793124463383 1565793124504306 40923
I : 670 1565793124504325 1565793124545489 41164
I : 671 1565793124545516 1565793124587989 42473
I : 672 1565793124588027 1565793124630890 42863
I : 673 1565793124630904 1565793124671949 41045
I : 674 1565793124671969 1565793124714247 42278
I : 675 1565793124714261 1565793124755140 40879
I : 676 1565793124755160 1565793124796380 41220
I : 677 1565793124796407 1565793124838749 42342
I : 678 1565793124838776 1565793124880915 42139
I : 679 1565793124880928 1565793124922070 41142
I : 680 1565793124922092 1565793124964132 42040
I : 681 1565793124964159 1565793125005089 40930
I : 682 1565793125005095 1565793125049127 44032
I : 683 1565793125049134 1565793125090700 41566
I : 684 1565793125090718 1565793125131826 41108
I : 685 1565793125131856 1565793125172698 40842
I : 686 1565793125172712 1565793125219258 46546
I : 687 1565793125219298 1565793125260200 40902
I : 688 1565793125260219 1565793125301466 41247
I : 689 1565793125301501 1565793125344628 43127
I : 690 1565793125344641 1565793125385447 40806
I : 691 1565793125385459 1565793125426846 41387
I : 692 1565793125426873 1565793125471349 44476
I : 693 1565793125471361 1565793125511789 40428
I : 694 1565793125511799 1565793125557362 45563
I : 695 1565793125557388 1565793125599691 42303
I : 696 1565793125599728 1565793125642282 42554
I : 697 1565793125642312 1565793125684716 42404
I : 698 1565793125684735 1565793125729821 45086
I : 699 1565793125729858 1565793125772173 42315
I : 700 1565793125772178 1565793125813068 40890
I : 701 1565793125813083 1565793125854351 41268
I : 702 1565793125854365 1565793125894918 40553
I : 703 1565793125894929 1565793125936029 41100
I : 704 1565793125936068 1565793125978912 42844
I : 705 1565793125978950 1565793126020974 42024
I : 706 1565793126020993 1565793126062185 41192
I : 707 1565793126062226 1565793126104771 42545
I : 708 1565793126104785 1565793126146202 41417
I : 709 1565793126146221 1565793126187541 41320
I : 710 1565793126187575 1565793126229987 42412
I : 711 1565793126230000 1565793126270860 40860
I : 712 1565793126270878 1565793126312240 41362
I : 713 1565793126312248 1565793126353181 40933
I : 714 1565793126353198 1565793126394419 41221
I : 715 1565793126394451 1565793126437728 43277
I : 716 1565793126437744 1565793126486959 49215
I : 717 1565793126486996 1565793126529627 42631
I : 718 1565793126529653 1565793126572229 42576
I : 719 1565793126572244 1565793126613921 41677
I : 720 1565793126613943 1565793126655401 41458
I : 721 1565793126655427 1565793126697465 42038
I : 722 1565793126697506 1565793126740818 43312
I : 723 1565793126740848 1565793126782780 41932
I : 724 1565793126782806 1565793126825689 42883
I : 725 1565793126825729 1565793126868151 42422
I : 726 1565793126868188 1565793126911099 42911
I : 727 1565793126911113 1565793126952214 41101
I : 728 1565793126952236 1565793126993490 41254
I : 729 1565793126993504 1565793127034801 41297
I : 730 1565793127034833 1565793127077867 43034
I : 731 1565793127077882 1565793127121037 43155
I : 732 1565793127121056 1565793127162152 41096
I : 733 1565793127162166 1565793127203148 40982
I : 734 1565793127203160 1565793127244309 41149
I : 735 1565793127244337 1565793127287043 42706
I : 736 1565793127287057 1565793127328476 41419
I : 737 1565793127328486 1565793127370221 41735
I : 738 1565793127370259 1565793127418020 47761
I : 739 1565793127418051 1565793127461218 43167
I : 740 1565793127461258 1565793127503600 42342
I : 741 1565793127503638 1565793127546174 42536
I : 742 1565793127546201 1565793127588802 42601
I : 743 1565793127588838 1565793127630700 41862
I : 744 1565793127630714 1565793127671983 41269
I : 745 1565793127671997 1565793127713124 41127
I : 746 1565793127713165 1565793127755391 42226
I : 747 1565793127755417 1565793127797433 42016
I : 748 1565793127797465 1565793127839905 42440
I : 749 1565793127839945 1565793127884812 44867
I : 750 1565793127884850 1565793127927217 42367
I : 751 1565793127927232 1565793127967917 40685
I : 752 1565793127967941 1565793128009605 41664
I : 753 1565793128009618 1565793128051079 41461
I : 754 1565793128051099 1565793128092842 41743
I : 755 1565793128092857 1565793128133715 40858
I : 756 1565793128133735 1565793128175066 41331
I : 757 1565793128175080 1565793128215896 40816
I : 758 1565793128215920 1565793128257363 41443
I : 759 1565793128257389 1565793128299405 42016
I : 760 1565793128299436 1565793128342450 43014
I : 761 1565793128342469 1565793128385879 43410
I : 762 1565793128385916 1565793128427716 41800
I : 763 1565793128427747 1565793128470088 42341
I : 764 1565793128470116 1565793128516284 46168
I : 765 1565793128516322 1565793128558925 42603
I : 766 1565793128558950 1565793128601436 42486
I : 767 1565793128601467 1565793128643429 41962
I : 768 1565793128643443 1565793128684680 41237
I : 769 1565793128684700 1565793128726205 41505
I : 770 1565793128726245 1565793128768049 41804
I : 771 1565793128768063 1565793128809390 41327
I : 772 1565793128809403 1565793128850172 40769
I : 773 1565793128850191 1565793128891803 41612
I : 774 1565793128891817 1565793128932392 40575
I : 775 1565793128932403 1565793128974013 41610
I : 776 1565793128974040 1565793129016143 42103
I : 777 1565793129016169 1565793129058038 41869
I : 778 1565793129058067 1565793129100439 42372
I : 779 1565793129100468 1565793129149656 49188
I : 780 1565793129149669 1565793129190673 41004
I : 781 1565793129190693 1565793129231991 41298
I : 782 1565793129232032 1565793129274247 42215
I : 783 1565793129274261 1565793129315006 40745
I : 784 1565793129315022 1565793129356148 41126
I : 785 1565793129356175 1565793129398467 42292
I : 786 1565793129398493 1565793129440736 42243
I : 787 1565793129440768 1565793129483672 42904
I : 788 1565793129483688 1565793129527582 43894
I : 789 1565793129527615 1565793129570056 42441
I : 790 1565793129570088 1565793129613093 43005
I : 791 1565793129613122 1565793129656624 43502
I : 792 1565793129656637 1565793129698314 41677
I : 793 1565793129698336 1565793129739932 41596
I : 794 1565793129739972 1565793129781832 41860
I : 795 1565793129781846 1565793129822839 40993
I : 796 1565793129822856 1565793129864226 41370
I : 797 1565793129864241 1565793129905331 41090
I : 798 1565793129905348 1565793129946266 40918
I : 799 1565793129946280 1565793129987626 41346
I : 800 1565793129987647 1565793130028816 41169
I : 801 1565793130028842 1565793130071044 42202
I : 802 1565793130071075 1565793130112734 41659
I : 803 1565793130112748 1565793130154343 41595
I : 804 1565793130154371 1565793130196021 41650
I : 805 1565793130196033 1565793130237739 41706
I : 806 1565793130237773 1565793130280569 42796
I : 807 1565793130280587 1565793130321954 41367
I : 808 1565793130322007 1565793130364894 42887
I : 809 1565793130364912 1565793130410027 45115
I : 810 1565793130410041 1565793130451183 41142
I : 811 1565793130451203 1565793130492906 41703
I : 812 1565793130492920 1565793130533566 40646
I : 813 1565793130533585 1565793130574825 41240
I : 814 1565793130574856 1565793130617150 42294
I : 815 1565793130617178 1565793130665298 48120
I : 816 1565793130665312 1565793130706346 41034
I : 817 1565793130706369 1565793130747607 41238
I : 818 1565793130747646 1565793130789939 42293
I : 819 1565793130789952 1565793130831560 41608
I : 820 1565793130831578 1565793130873244 41666
I : 821 1565793130873259 1565793130914005 40746
I : 822 1565793130914037 1565793130955065 41028
I : 823 1565793130955071 1565793130996256 41185
I : 824 1565793130996274 1565793131037745 41471
I : 825 1565793131037779 1565793131079680 41901
I : 826 1565793131079687 1565793131120955 41268
I : 827 1565793131120987 1565793131162047 41060
I : 828 1565793131162075 1565793131203008 40933
I : 829 1565793131203019 1565793131244264 41245
I : 830 1565793131244270 1565793131285395 41125
I : 831 1565793131285408 1565793131326781 41373
I : 832 1565793131326811 1565793131369030 42219
I : 833 1565793131369063 1565793131418864 49801
I : 834 1565793131418884 1565793131459966 41082
I : 835 1565793131459997 1565793131502450 42453
I : 836 1565793131502479 1565793131547597 45118
I : 837 1565793131547633 1565793131589706 42073
I : 838 1565793131589738 1565793131632801 43063
I : 839 1565793131632830 1565793131675743 42913
I : 840 1565793131675756 1565793131717010 41254
I : 841 1565793131717043 1565793131758344 41301
I : 842 1565793131758385 1565793131800434 42049
I : 843 1565793131800460 1565793131843350 42890
I : 844 1565793131843364 1565793131884674 41310
I : 845 1565793131884696 1565793131926240 41544
I : 846 1565793131926254 1565793131966692 40438
I : 847 1565793131966701 1565793132008330 41629
I : 848 1565793132008357 1565793132050373 42016
I : 849 1565793132050398 1565793132092406 42008
I : 850 1565793132092436 1565793132134751 42315
I : 851 1565793132134779 1565793132182804 48025
I : 852 1565793132182831 1565793132223976 41145
I : 853 1565793132223997 1565793132265155 41158
I : 854 1565793132265195 1565793132307434 42239
I : 855 1565793132307461 1565793132349333 41872
I : 856 1565793132349364 1565793132392385 43021
I : 857 1565793132392399 1565793132436670 44271
I : 858 1565793132436726 1565793132477732 41006
I : 859 1565793132477766 1565793132520144 42378
I : 860 1565793132520172 1565793132563254 43082
I : 861 1565793132563292 1565793132605406 42114
I : 862 1565793132605438 1565793132648351 42913
I : 863 1565793132648379 1565793132691442 43063
I : 864 1565793132691455 1565793132732582 41127
I : 865 1565793132732600 1565793132773995 41395
I : 866 1565793132774027 1565793132816110 42083
I : 867 1565793132816137 1565793132857998 41861
I : 868 1565793132858018 1565793132899188 41170
I : 869 1565793132899207 1565793132940614 41407
I : 870 1565793132940641 1565793132982348 41707
I : 871 1565793132982358 1565793133023867 41509
I : 872 1565793133023887 1565793133065047 41160
I : 873 1565793133065073 1565793133107010 41937
I : 874 1565793133107021 1565793133148328 41307
I : 875 1565793133148356 1565793133190756 42400
I : 876 1565793133190783 1565793133233349 42566
I : 877 1565793133233359 1565793133274816 41457
I : 878 1565793133274850 1565793133317106 42256
I : 879 1565793133317132 1565793133359067 41935
I : 880 1565793133359096 1565793133401047 41951
I : 881 1565793133401058 1565793133442531 41473
I : 882 1565793133442560 1565793133484325 41765
I : 883 1565793133484343 1565793133525731 41388
I : 884 1565793133525755 1565793133568038 42283
I : 885 1565793133568070 1565793133610114 42044
I : 886 1565793133610143 1565793133652413 42270
I : 887 1565793133652444 1565793133703674 51230
I : 888 1565793133703688 1565793133745130 41442
I : 889 1565793133745148 1565793133786696 41548
I : 890 1565793133786732 1565793133829766 43034
I : 891 1565793133829793 1565793133872014 42221
I : 892 1565793133872044 1565793133915333 43289
I : 893 1565793133915348 1565793133957216 41868
I : 894 1565793133957236 1565793133998395 41159
I : 895 1565793133998427 1565793134041199 42772
I : 896 1565793134041228 1565793134085858 44630
I : 897 1565793134085895 1565793134127736 41841
I : 898 1565793134127767 1565793134170064 42297
I : 899 1565793134170094 1565793134213212 43118
I : 900 1565793134213226 1565793134254070 40844
I : 901 1565793134254087 1565793134295392 41305
I : 902 1565793134295427 1565793134337757 42330
I : 903 1565793134337784 1565793134379716 41932
I : 904 1565793134379746 1565793134421522 41776
I : 905 1565793134421543 1565793134462998 41455
I : 906 1565793134463024 1565793134505010 41986
I : 907 1565793134505021 1565793134546110 41089
I : 908 1565793134546135 1565793134588678 42543
I : 909 1565793134588705 1565793134630751 42046
I : 910 1565793134630776 1565793134673051 42275
I : 911 1565793134673080 1565793134720101 47021
I : 912 1565793134720128 1565793134762034 41906
I : 913 1565793134762065 1565793134805257 43192
I : 914 1565793134805293 1565793134848317 43024
I : 915 1565793134848343 1565793134890728 42385
I : 916 1565793134890759 1565793134933745 42986
I : 917 1565793134933774 1565793134976754 42980
I : 918 1565793134976781 1565793135019040 42259
I : 919 1565793135019046 1565793135059694 40648
I : 920 1565793135059706 1565793135101415 41709
I : 921 1565793135101442 1565793135143340 41898
I : 922 1565793135143351 1565793135184737 41386
I : 923 1565793135184765 1565793135226677 41912
I : 924 1565793135226688 1565793135267896 41208
I : 925 1565793135267925 1565793135309678 41753
I : 926 1565793135309689 1565793135351121 41432
I : 927 1565793135351147 1565793135393429 42282
I : 928 1565793135393460 1565793135435368 41908
I : 929 1565793135435379 1565793135477722 42343
I : 930 1565793135477748 1565793135520051 42303
I : 931 1565793135520082 1565793135562052 41970
I : 932 1565793135562084 1565793135612188 50104
I : 933 1565793135612226 1565793135654315 42089
I : 934 1565793135654346 1565793135697421 43075
I : 935 1565793135697451 1565793135739948 42497
I : 936 1565793135739961 1565793135781591 41630
I : 937 1565793135781609 1565793135822938 41329
I : 938 1565793135822971 1565793135866070 43099
I : 939 1565793135866082 1565793135907131 41049
I : 940 1565793135907149 1565793135948172 41023
I : 941 1565793135948200 1565793135990438 42238
I : 942 1565793135990456 1565793136039696 49240
I : 943 1565793136039700 1565793136080607 40907
I : 944 1565793136080628 1565793136122266 41638
I : 945 1565793136122304 1565793136164994 42690
I : 946 1565793136165025 1565793136207376 42351
I : 947 1565793136207406 1565793136249328 41922
I : 948 1565793136249355 1565793136291935 42580
I : 949 1565793136291950 1565793136333594 41644
I : 950 1565793136333615 1565793136375254 41639
I : 951 1565793136375267 1565793136416908 41641
I : 952 1565793136416927 1565793136458345 41418
I : 953 1565793136458372 1565793136499256 40884
I : 954 1565793136499275 1565793136541383 42108
I : 955 1565793136541387 1565793136582317 40930
I : 956 1565793136582338 1565793136623881 41543
I : 957 1565793136623908 1565793136665953 42045
I : 958 1565793136666008 1565793136707269 41261
I : 959 1565793136707287 1565793136748022 40735
I : 960 1565793136748048 1565793136790317 42269
I : 961 1565793136790330 1565793136831698 41368
I : 962 1565793136831735 1565793136874685 42950
I : 963 1565793136874712 1565793136916647 41935
I : 964 1565793136916658 1565793136958203 41545
I : 965 1565793136958231 1565793137000212 41981
I : 966 1565793137000231 1565793137043259 43028
I : 967 1565793137043264 1565793137084621 41357
I : 968 1565793137084641 1565793137125817 41176
I : 969 1565793137125840 1565793137167998 42158
I : 970 1565793137168023 1565793137210655 42632
I : 971 1565793137210667 1565793137252165 41498
I : 972 1565793137252192 1565793137293953 41761
I : 973 1565793137293972 1565793137335571 41599
I : 974 1565793137335608 1565793137378330 42722
I : 975 1565793137378341 1565793137419999 41658
I : 976 1565793137420025 1565793137463011 42986
I : 977 1565793137463039 1565793137505149 42110
I : 978 1565793137505166 1565793137546115 40949
I : 979 1565793137546140 1565793137588440 42300
I : 980 1565793137588457 1565793137629671 41214
I : 981 1565793137629697 1565793137672004 42307
I : 982 1565793137672029 1565793137714978 42949
I : 983 1565793137715006 1565793137759110 44104
I : 984 1565793137759147 1565793137801320 42173
I : 985 1565793137801349 1565793137844420 43071
I : 986 1565793137844452 1565793137886788 42336
I : 987 1565793137886825 1565793137928745 41920
I : 988 1565793137928770 1565793137971776 43006
I : 989 1565793137971795 1565793138013029 41234
I : 990 1565793138013066 1565793138055260 42194
I : 991 1565793138055285 1565793138098210 42925
I : 992 1565793138098228 1565793138139666 41438
I : 993 1565793138139703 1565793138181722 42019
I : 994 1565793138181747 1565793138224895 43148
I : 995 1565793138224935 1565793138268038 43103
I : 996 1565793138268076 1565793138310027 41951
I : 997 1565793138310056 1565793138352423 42367
I : 998 1565793138352463 1565793138397527 45064
I : 999 1565793138397565 1565793138439979 42414
I : 1000 1565793138440016 1565793138482938 42922
