A : 1 1565778123892237 1565778123933074 40837
A : 2 1565778123933089 1565778123973962 40873
A : 3 1565778123973969 1565778124014823 40854
A : 4 1565778124014842 1565778124055808 40966
A : 5 1565778124055822 1565778124096721 40899
A : 6 1565778124096736 1565778124137632 40896
A : 7 1565778124137656 1565778124178926 41270
A : 8 1565778124178940 1565778124220360 41420
A : 9 1565778124220380 1565778124261717 41337
A : 10 1565778124261753 1565778124305706 43953
A : 11 1565778124305720 1565778124346805 41085
A : 12 1565778124346842 1565778124389402 42560
A : 13 1565778124389417 1565778124430423 41006
A : 14 1565778124430460 1565778124473004 42544
A : 15 1565778124473041 1565778124515592 42551
A : 16 1565778124515629 1565778124558316 42687
A : 17 1565778124558328 1565778124599348 41020
A : 18 1565778124599384 1565778124641778 42394
A : 19 1565778124641814 1565778124684300 42486
A : 20 1565778124684334 1565778124726618 42284
A : 21 1565778124726648 1565778124768962 42314
A : 22 1565778124768995 1565778124811295 42300
A : 23 1565778124811307 1565778124852464 41157
A : 24 1565778124852493 1565778124894802 42309
A : 25 1565778124894832 1565778124937108 42276
A : 26 1565778124937137 1565778124979414 42277
A : 27 1565778124979443 1565778125021684 42241
A : 28 1565778125021715 1565778125064202 42487
A : 29 1565778125064219 1565778125105131 40912
A : 30 1565778125105167 1565778125147711 42544
A : 31 1565778125147747 1565778125190293 42546
A : 32 1565778125190328 1565778125232831 42503
A : 33 1565778125232864 1565778125275355 42491
A : 34 1565778125275370 1565778125316346 40976
A : 35 1565778125316381 1565778125359606 43225
A : 36 1565778125359629 1565778125400571 40942
A : 37 1565778125400603 1565778125443155 42552
A : 38 1565778125443188 1565778125485648 42460
A : 39 1565778125485680 1565778125528187 42507
A : 40 1565778125528219 1565778125570764 42545
A : 41 1565778125570779 1565778125611702 40923
A : 42 1565778125611724 1565778125653747 42023
A : 43 1565778125653779 1565778125696271 42492
A : 44 1565778125696285 1565778125737209 40924
A : 45 1565778125737239 1565778125779721 42482
A : 46 1565778125779735 1565778125820591 40856
A : 47 1565778125820610 1565778125862595 41985
A : 48 1565778125862606 1565778125903513 40907
A : 49 1565778125903547 1565778125946054 42507
A : 50 1565778125946069 1565778125986910 40841
A : 51 1565778125986946 1565778126029475 42529
A : 52 1565778126029511 1565778126071989 42478
A : 53 1565778126072024 1565778126114539 42515
A : 54 1565778126114574 1565778126157089 42515
A : 55 1565778126157124 1565778126199590 42466
A : 56 1565778126199626 1565778126242067 42441
A : 57 1565778126242100 1565778126284588 42488
A : 58 1565778126284624 1565778126327134 42510
A : 59 1565778126327169 1565778126370143 42974
A : 60 1565778126370175 1565778126412634 42459
A : 61 1565778126412666 1565778126455143 42477
A : 62 1565778126455175 1565778126497579 42404
A : 63 1565778126497612 1565778126540069 42457
A : 64 1565778126540107 1565778126582730 42623
A : 65 1565778126582753 1565778126623741 40988
A : 66 1565778126623748 1565778126664402 40654
A : 67 1565778126664419 1565778126705491 41072
A : 68 1565778126705526 1565778126748350 42824
A : 69 1565778126748385 1565778126791134 42749
A : 70 1565778126791150 1565778126832071 40921
A : 71 1565778126832106 1565778126874926 42820
A : 72 1565778126874941 1565778126915838 40897
A : 73 1565778126915872 1565778126958374 42502
A : 74 1565778126958389 1565778126999261 40872
A : 75 1565778126999291 1565778127041381 42090
A : 76 1565778127041415 1565778127083955 42540
A : 77 1565778127083990 1565778127126530 42540
A : 78 1565778127126565 1565778127169053 42488
A : 79 1565778127169087 1565778127211609 42522
A : 80 1565778127211645 1565778127254274 42629
A : 81 1565778127254320 1565778127296840 42520
A : 82 1565778127296875 1565778127339577 42702
A : 83 1565778127339624 1565778127382158 42534
A : 84 1565778127382193 1565778127424915 42722
A : 85 1565778127424962 1565778127467644 42682
A : 86 1565778127467664 1565778127508888 41224
A : 87 1565778127508936 1565778127551480 42544
A : 88 1565778127551515 1565778127594061 42546
A : 89 1565778127594095 1565778127636606 42511
A : 90 1565778127636641 1565778127679187 42546
A : 91 1565778127679221 1565778127721661 42440
A : 92 1565778127721696 1565778127764211 42515
A : 93 1565778127764246 1565778127806719 42473
A : 94 1565778127806733 1565778127847658 40925
A : 95 1565778127847692 1565778127890206 42514
A : 96 1565778127890240 1565778127932702 42462
A : 97 1565778127932736 1565778127975325 42589
A : 98 1565778127975340 1565778128016248 40908
A : 99 1565778128016280 1565778128058537 42257
A : 100 1565778128058572 1565778128101053 42481
A : 101 1565778128101088 1565778128142919 41831
A : 102 1565778128142933 1565778128184001 41068
A : 103 1565778128184036 1565778128226641 42605
A : 104 1565778128226662 1565778128267938 41276
A : 105 1565778128267983 1565778128310738 42755
A : 106 1565778128310757 1565778128351872 41115
A : 107 1565778128351904 1565778128393433 41529
A : 108 1565778128393476 1565778128436189 42713
A : 109 1565778128436210 1565778128477307 41097
A : 110 1565778128477356 1565778128519898 42542
A : 111 1565778128519934 1565778128562468 42534
A : 112 1565778128562504 1565778128605023 42519
A : 113 1565778128605034 1565778128646299 41265
A : 114 1565778128646345 1565778128688846 42501
A : 115 1565778128688881 1565778128731635 42754
A : 116 1565778128731668 1565778128772736 41068
A : 117 1565778128772799 1565778128815347 42548
A : 118 1565778128815360 1565778128856415 41055
A : 119 1565778128856449 1565778128898956 42507
A : 120 1565778128898991 1565778128941500 42509
A : 121 1565778128941511 1565778128982392 40881
A : 122 1565778128982439 1565778129024863 42424
A : 123 1565778129024910 1565778129067651 42741
A : 124 1565778129067698 1565778129110263 42565
A : 125 1565778129110275 1565778129151265 40990
A : 126 1565778129151303 1565778129193667 42364
A : 127 1565778129193700 1565778129236173 42473
A : 128 1565778129236186 1565778129277405 41219
A : 129 1565778129277452 1565778129320067 42615
A : 130 1565778129320102 1565778129362640 42538
A : 131 1565778129362674 1565778129405189 42515
A : 132 1565778129405223 1565778129447759 42536
A : 133 1565778129447792 1565778129490311 42519
A : 134 1565778129490345 1565778129532825 42480
A : 135 1565778129532860 1565778129575363 42503
A : 136 1565778129575398 1565778129617823 42425
A : 137 1565778129617838 1565778129658815 40977
A : 138 1565778129658849 1565778129701328 42479
A : 139 1565778129701346 1565778129742350 41004
A : 140 1565778129742385 1565778129784908 42523
A : 141 1565778129784942 1565778129827435 42493
A : 142 1565778129827450 1565778129868368 40918
A : 143 1565778129868402 1565778129910850 42448
A : 144 1565778129910865 1565778129951810 40945
A : 145 1565778129951844 1565778129994338 42494
A : 146 1565778129994350 1565778130035447 41097
A : 147 1565778130035493 1565778130077973 42480
A : 148 1565778130077984 1565778130118956 40972
A : 149 1565778130118999 1565778130161225 42226
A : 150 1565778130161265 1565778130204026 42761
A : 151 1565778130204074 1565778130246633 42559
A : 152 1565778130246667 1565778130289194 42527
A : 153 1565778130289229 1565778130331720 42491
A : 154 1565778130331737 1565778130372640 40903
A : 155 1565778130372674 1565778130415179 42505
A : 156 1565778130415213 1565778130457696 42483
A : 157 1565778130457732 1565778130500257 42525
A : 158 1565778130500274 1565778130541255 40981
A : 159 1565778130541289 1565778130583797 42508
A : 160 1565778130583832 1565778130626373 42541
A : 161 1565778130626407 1565778130668914 42507
A : 162 1565778130668950 1565778130711468 42518
A : 163 1565778130711503 1565778130753917 42414
A : 164 1565778130753934 1565778130794936 41002
A : 165 1565778130794971 1565778130837449 42478
A : 166 1565778130837461 1565778130878434 40973
A : 167 1565778130878482 1565778130921037 42555
A : 168 1565778130921073 1565778130963629 42556
A : 169 1565778130963663 1565778131006190 42527
A : 170 1565778131006202 1565778131047170 40968
A : 171 1565778131047205 1565778131089689 42484
A : 172 1565778131089726 1565778131132278 42552
A : 173 1565778131132312 1565778131174835 42523
A : 174 1565778131174982 1565778131217537 42555
A : 175 1565778131217574 1565778131260036 42462
A : 176 1565778131260071 1565778131302560 42489
A : 177 1565778131302595 1565778131345104 42509
A : 178 1565778131345117 1565778131386282 41165
A : 179 1565778131386320 1565778131428469 42149
A : 180 1565778131428491 1565778131469709 41218
A : 181 1565778131469756 1565778131512265 42509
A : 182 1565778131512276 1565778131553207 40931
A : 183 1565778131553243 1565778131595776 42533
A : 184 1565778131595812 1565778131638337 42525
A : 185 1565778131638378 1565778131680870 42492
A : 186 1565778131680906 1565778131723435 42529
A : 187 1565778131723470 1565778131766022 42552
A : 188 1565778131766056 1565778131808499 42443
A : 189 1565778131808534 1565778131851081 42547
A : 190 1565778131851098 1565778131892089 40991
A : 191 1565778131892123 1565778131934660 42537
A : 192 1565778131934694 1565778131977227 42533
A : 193 1565778131977262 1565778132019804 42542
A : 194 1565778132019838 1565778132062340 42502
A : 195 1565778132062375 1565778132104817 42442
A : 196 1565778132104853 1565778132147390 42537
A : 197 1565778132147406 1565778132188318 40912
A : 198 1565778132188353 1565778132230868 42515
A : 199 1565778132230903 1565778132273307 42404
A : 200 1565778132273322 1565778132314260 40938
A : 201 1565778132314295 1565778132356911 42616
A : 202 1565778132356947 1565778132398187 41240
A : 203 1565778132398233 1565778132440769 42536
A : 204 1565778132440805 1565778132483594 42789
A : 205 1565778132483629 1565778132524894 41265
A : 206 1565778132524941 1565778132567741 42800
A : 207 1565778132567789 1565778132610325 42536
A : 208 1565778132610338 1565778132651332 40994
A : 209 1565778132651343 1565778132692349 41006
A : 210 1565778132692396 1565778132734980 42584
A : 211 1565778132735015 1565778132777469 42454
A : 212 1565778132777505 1565778132820184 42679
A : 213 1565778132820232 1565778132862795 42563
A : 214 1565778132862842 1565778132905413 42571
A : 215 1565778132905447 1565778132947978 42531
A : 216 1565778132948012 1565778132990563 42551
A : 217 1565778132990598 1565778133033064 42466
A : 218 1565778133033099 1565778133075621 42522
A : 219 1565778133075657 1565778133118159 42502
A : 220 1565778133118195 1565778133160710 42515
A : 221 1565778133160745 1565778133203283 42538
A : 222 1565778133203318 1565778133245738 42420
A : 223 1565778133245775 1565778133288491 42716
A : 224 1565778133288526 1565778133331068 42542
A : 225 1565778133331116 1565778133373775 42659
A : 226 1565778133373810 1565778133414773 40963
A : 227 1565778133414818 1565778133457599 42781
A : 228 1565778133457645 1565778133500233 42588
A : 229 1565778133500268 1565778133543022 42754
A : 230 1565778133543045 1565778133584417 41372
A : 231 1565778133584465 1565778133626977 42512
A : 232 1565778133627012 1565778133669560 42548
A : 233 1565778133669594 1565778133712142 42548
A : 234 1565778133712177 1565778133754648 42471
A : 235 1565778133754683 1565778133797182 42499
A : 236 1565778133797198 1565778133838076 40878
A : 237 1565778133838112 1565778133879786 41674
A : 238 1565778133879803 1565778133920801 40998
A : 239 1565778133920835 1565778133963329 42494
A : 240 1565778133963364 1565778134005816 42452
A : 241 1565778134005832 1565778134046762 40930
A : 242 1565778134046794 1565778134089147 42353
A : 243 1565778134089182 1565778134131735 42553
A : 244 1565778134131769 1565778134174526 42757
A : 245 1565778134174548 1565778134215592 41044
A : 246 1565778134215639 1565778134258421 42782
A : 247 1565778134258468 1565778134301276 42808
A : 248 1565778134301299 1565778134342586 41287
A : 249 1565778134342634 1565778134385300 42666
A : 250 1565778134385331 1565778134427973 42642
A : 251 1565778134428020 1565778134470729 42709
A : 252 1565778134470751 1565778134511889 41138
A : 253 1565778134511936 1565778134554517 42581
A : 254 1565778134554564 1565778134597209 42645
A : 255 1565778134597255 1565778134640100 42845
A : 256 1565778134640148 1565778134682798 42650
A : 257 1565778134682832 1565778134725366 42534
A : 258 1565778134725401 1565778134767940 42539
A : 259 1565778134767975 1565778134810536 42561
A : 260 1565778134810570 1565778134853170 42600
A : 261 1565778134853217 1565778134895874 42657
A : 262 1565778134895898 1565778134937146 41248
A : 263 1565778134937193 1565778134979864 42671
A : 264 1565778134979912 1565778135022659 42747
A : 265 1565778135022706 1565778135065234 42528
A : 266 1565778135065247 1565778135106320 41073
A : 267 1565778135106355 1565778135148883 42528
A : 268 1565778135148918 1565778135191409 42491
A : 269 1565778135191422 1565778135232574 41152
A : 270 1565778135232622 1565778135275221 42599
A : 271 1565778135275268 1565778135318054 42786
A : 272 1565778135318075 1565778135359205 41130
A : 273 1565778135359250 1565778135401868 42618
A : 274 1565778135401890 1565778135443117 41227
A : 275 1565778135443165 1565778135485935 42770
A : 276 1565778135486007 1565778135528658 42651
A : 277 1565778135528706 1565778135571498 42792
A : 278 1565778135571520 1565778135612718 41198
A : 279 1565778135612766 1565778135655525 42759
A : 280 1565778135655572 1565778135698153 42581
A : 281 1565778135698176 1565778135739293 41117
A : 282 1565778135739340 1565778135781855 42515
A : 283 1565778135781871 1565778135823031 41160
A : 284 1565778135823066 1565778135865677 42611
A : 285 1565778135865725 1565778135908355 42630
A : 286 1565778135908379 1565778135949562 41183
A : 287 1565778135949610 1565778135992273 42663
A : 288 1565778135992320 1565778136034864 42544
A : 289 1565778136034896 1565778136077400 42504
A : 290 1565778136077412 1565778136118366 40954
A : 291 1565778136118413 1565778136160911 42498
A : 292 1565778136160942 1565778136203451 42509
A : 293 1565778136203486 1565778136246046 42560
A : 294 1565778136246078 1565778136288750 42672
A : 295 1565778136288797 1565778136331388 42591
A : 296 1565778136331435 1565778136374144 42709
A : 297 1565778136374191 1565778136416904 42713
A : 298 1565778136416928 1565778136458191 41263
A : 299 1565778136458238 1565778136500834 42596
A : 300 1565778136500882 1565778136543376 42494
A : 301 1565778136543424 1565778136586200 42776
A : 302 1565778136586247 1565778136628922 42675
A : 303 1565778136628968 1565778136671738 42770
A : 304 1565778136671784 1565778136714293 42509
A : 305 1565778136714341 1565778136757077 42736
A : 306 1565778136757123 1565778136799724 42601
A : 307 1565778136799746 1565778136840913 41167
A : 308 1565778136840959 1565778136883696 42737
A : 309 1565778136883743 1565778136926570 42827
A : 310 1565778136926592 1565778136967740 41148
A : 311 1565778136967787 1565778137010368 42581
A : 312 1565778137010390 1565778137051437 41047
A : 313 1565778137051485 1565778137094046 42561
A : 314 1565778137094069 1565778137135260 41191
A : 315 1565778137135308 1565778137177941 42633
A : 316 1565778137178012 1565778137220620 42608
A : 317 1565778137220668 1565778137263187 42519
A : 318 1565778137263235 1565778137306033 42798
A : 319 1565778137306078 1565778137348725 42647
A : 320 1565778137348773 1565778137391535 42762
A : 321 1565778137391558 1565778137432605 41047
A : 322 1565778137432640 1565778137475397 42757
A : 323 1565778137475418 1565778137516412 40994
A : 324 1565778137516475 1565778137559188 42713
A : 325 1565778137559235 1565778137602041 42806
A : 326 1565778137602063 1565778137643307 41244
A : 327 1565778137643354 1565778137686139 42785
A : 328 1565778137686160 1565778137727095 40935
A : 329 1565778137727142 1565778137769952 42810
A : 330 1565778137770022 1565778137812658 42636
A : 331 1565778137812705 1565778137855472 42767
A : 332 1565778137855520 1565778137898141 42621
A : 333 1565778137898188 1565778137940763 42575
A : 334 1565778137940788 1565778137981954 41166
A : 335 1565778137982021 1565778138024650 42629
A : 336 1565778138024697 1565778138067409 42712
A : 337 1565778138067431 1565778138108592 41161
A : 338 1565778138108640 1565778138151461 42821
A : 339 1565778138151509 1565778138194013 42504
A : 340 1565778138194060 1565778138236732 42672
A : 341 1565778138236755 1565778138277688 40933
A : 342 1565778138277720 1565778138320363 42643
A : 343 1565778138320411 1565778138362926 42515
A : 344 1565778138362974 1565778138405690 42716
A : 345 1565778138405828 1565778138448509 42681
A : 346 1565778138448555 1565778138491203 42648
A : 347 1565778138491251 1565778138533978 42727
A : 348 1565778138533998 1565778138574960 40962
A : 349 1565778138575003 1565778138617439 42436
A : 350 1565778138617487 1565778138660040 42553
A : 351 1565778138660088 1565778138702656 42568
A : 352 1565778138702678 1565778138743615 40937
A : 353 1565778138743664 1565778138786288 42624
A : 354 1565778138786337 1565778138828986 42649
A : 355 1565778138829033 1565778138871674 42641
A : 356 1565778138871721 1565778138914183 42462
A : 357 1565778138914229 1565778138956904 42675
A : 358 1565778138956928 1565778138998206 41278
A : 359 1565778138998252 1565778139040905 42653
A : 360 1565778139040952 1565778139083589 42637
A : 361 1565778139083612 1565778139124620 41008
A : 362 1565778139124652 1565778139167398 42746
A : 363 1565778139167444 1565778139209924 42480
A : 364 1565778139209946 1565778139251056 41110
A : 365 1565778139251104 1565778139293668 42564
A : 366 1565778139293715 1565778139336492 42777
A : 367 1565778139336539 1565778139379259 42720
A : 368 1565778139379307 1565778139421924 42617
A : 369 1565778139421993 1565778139464657 42664
A : 370 1565778139464704 1565778139507379 42675
A : 371 1565778139507427 1565778139550654 43227
A : 372 1565778139550676 1565778139591737 41061
A : 373 1565778139591784 1565778139634315 42531
A : 374 1565778139634335 1565778139675306 40971
A : 375 1565778139675368 1565778139718049 42681
A : 376 1565778139718070 1565778139759056 40986
A : 377 1565778139759104 1565778139801896 42792
A : 378 1565778139801944 1565778139844568 42624
A : 379 1565778139844615 1565778139887249 42634
A : 380 1565778139887297 1565778139929942 42645
A : 381 1565778139930021 1565778139972655 42634
A : 382 1565778139972702 1565778140015276 42574
A : 383 1565778140015323 1565778140058337 43014
A : 384 1565778140058385 1565778140100905 42520
A : 385 1565778140100951 1565778140143491 42540
A : 386 1565778140143512 1565778140184604 41092
A : 387 1565778140184651 1565778140227246 42595
A : 388 1565778140227269 1565778140268349 41080
A : 389 1565778140268395 1565778140310906 42511
A : 390 1565778140310953 1565778140353661 42708
A : 391 1565778140353708 1565778140396372 42664
A : 392 1565778140396416 1565778140439069 42653
A : 393 1565778140439116 1565778140481580 42464
A : 394 1565778140481603 1565778140522830 41227
A : 395 1565778140522877 1565778140566023 43146
A : 396 1565778140566072 1565778140608697 42625
A : 397 1565778140608745 1565778140651499 42754
A : 398 1565778140651546 1565778140694034 42488
A : 399 1565778140694079 1565778140736799 42720
A : 400 1565778140736822 1565778140777898 41076
A : 401 1565778140777946 1565778140820667 42721
A : 402 1565778140820716 1565778140863254 42538
A : 403 1565778140863303 1565778140905952 42649
A : 404 1565778140906025 1565778140948636 42611
A : 405 1565778140948683 1565778140991351 42668
A : 406 1565778140991374 1565778141032507 41133
A : 407 1565778141032554 1565778141075696 43142
A : 408 1565778141075743 1565778141118258 42515
A : 409 1565778141118281 1565778141159363 41082
A : 410 1565778141159410 1565778141202265 42855
A : 411 1565778141202313 1565778141244940 42627
A : 412 1565778141244961 1565778141286015 41054
A : 413 1565778141286063 1565778141328718 42655
A : 414 1565778141328766 1565778141371254 42488
A : 415 1565778141371300 1565778141413930 42630
A : 416 1565778141414001 1565778141456613 42612
A : 417 1565778141456660 1565778141499366 42706
A : 418 1565778141499414 1565778141542074 42660
A : 419 1565778141542121 1565778141585293 43172
A : 420 1565778141585332 1565778141626489 41157
A : 421 1565778141626538 1565778141669227 42689
A : 422 1565778141669247 1565778141710126 40879
A : 423 1565778141710173 1565778141752856 42683
A : 424 1565778141752890 1565778141793802 40912
A : 425 1565778141793849 1565778141836497 42648
A : 426 1565778141836545 1565778141879328 42783
A : 427 1565778141879375 1565778141922102 42727
A : 428 1565778141922147 1565778141964626 42479
A : 429 1565778141964673 1565778142007231 42558
A : 430 1565778142007253 1565778142048174 40921
A : 431 1565778142048222 1565778142091327 43105
A : 432 1565778142091350 1565778142132366 41016
A : 433 1565778142132412 1565778142174986 42574
A : 434 1565778142175008 1565778142216063 41055
A : 435 1565778142216110 1565778142258731 42621
A : 436 1565778142258753 1565778142299747 40994
A : 437 1565778142299793 1565778142342509 42716
A : 438 1565778142342529 1565778142383373 40844
A : 439 1565778142383408 1565778142425995 42587
A : 440 1565778142426043 1565778142468529 42486
A : 441 1565778142468561 1565778142511148 42587
A : 442 1565778142511170 1565778142552083 40913
A : 443 1565778142552113 1565778142595114 43001
A : 444 1565778142595130 1565778142636119 40989
A : 445 1565778142636167 1565778142678959 42792
A : 446 1565778142678983 1565778142720146 41163
A : 447 1565778142720193 1565778142762960 42767
A : 448 1565778142762980 1565778142804039 41059
A : 449 1565778142804081 1565778142846670 42589
A : 450 1565778142846718 1565778142889354 42636
A : 451 1565778142889402 1565778142932055 42653
A : 452 1565778142932103 1565778142974672 42569
A : 453 1565778142974720 1565778143017348 42628
A : 454 1565778143017369 1565778143058273 40904
A : 455 1565778143058321 1565778143101446 43125
A : 456 1565778143101494 1565778143144146 42652
A : 457 1565778143144193 1565778143186727 42534
A : 458 1565778143186749 1565778143227658 40909
A : 459 1565778143227687 1565778143270180 42493
A : 460 1565778143270195 1565778143311263 41068
A : 461 1565778143311310 1565778143353931 42621
A : 462 1565778143354000 1565778143396692 42692
A : 463 1565778143396739 1565778143439370 42631
A : 464 1565778143439417 1565778143482083 42666
A : 465 1565778143482130 1565778143524820 42690
A : 466 1565778143524839 1565778143565851 41012
A : 467 1565778143565910 1565778143608815 42905
A : 468 1565778143608837 1565778143649743 40906
A : 469 1565778143649790 1565778143692574 42784
A : 470 1565778143692609 1565778143733532 40923
A : 471 1565778143733568 1565778143776112 42544
A : 472 1565778143776147 1565778143818822 42675
A : 473 1565778143818839 1565778143859737 40898
A : 474 1565778143859767 1565778143901319 41552
A : 475 1565778143901366 1565778143943949 42583
A : 476 1565778143943997 1565778143986479 42482
A : 477 1565778143986527 1565778144029275 42748
A : 478 1565778144029298 1565778144070302 41004
A : 479 1565778144070350 1565778144113267 42917
A : 480 1565778144113288 1565778144154347 41059
A : 481 1565778144154380 1565778144197018 42638
A : 482 1565778144197042 1565778144238189 41147
A : 483 1565778144238236 1565778144280861 42625
A : 484 1565778144280883 1565778144322051 41168
A : 485 1565778144322099 1565778144364602 42503
A : 486 1565778144364648 1565778144407382 42734
A : 487 1565778144407429 1565778144450082 42653
A : 488 1565778144450129 1565778144492640 42511
A : 489 1565778144492675 1565778144535352 42677
A : 490 1565778144535693 1565778144577560 41867
A : 491 1565778144882058 1565778144923084 41026
A : 492 1565778144923103 1565778144964462 41359
A : 493 1565778144964509 1565778145007037 42528
A : 494 1565778145007076 1565778145049780 42704
A : 495 1565778145049800 1565778145090680 40880
A : 496 1565778145090733 1565778145133067 42334
A : 497 1565778145133113 1565778145175876 42763
A : 498 1565778145175917 1565778145218595 42678
A : 499 1565778145218643 1565778145261326 42683
A : 500 1565778145261366 1565778145304018 42652
A : 501 1565778145304066 1565778145346597 42531
A : 502 1565778145346616 1565778145387702 41086
A : 503 1565778145387750 1565778145430778 43028
A : 504 1565778145430817 1565778145473571 42754
A : 505 1565778145473618 1565778145516162 42544
A : 506 1565778145516181 1565778145557286 41105
A : 507 1565778145557333 1565778145599880 42547
A : 508 1565778145599900 1565778145641045 41145
A : 509 1565778145641093 1565778145683644 42551
A : 510 1565778145683684 1565778145726398 42714
A : 511 1565778145726446 1565778145769092 42646
A : 512 1565778145769133 1565778145811863 42730
A : 513 1565778145811911 1565778145854501 42590
A : 514 1565778145854519 1565778145895662 41143
A : 515 1565778145895709 1565778145938841 43132
A : 516 1565778145938899 1565778145980059 41160
A : 517 1565778145980108 1565778146022772 42664
A : 518 1565778146022791 1565778146063786 40995
A : 519 1565778146063833 1565778146106323 42490
A : 520 1565778146106343 1565778146147344 41001
A : 521 1565778146147393 1565778146190151 42758
A : 522 1565778146190169 1565778146231015 40846
A : 523 1565778146231063 1565778146273669 42606
A : 524 1565778146273709 1565778146316264 42555
A : 525 1565778146316310 1565778146358923 42613
A : 526 1565778146358942 1565778146399956 41014
A : 527 1565778146400000 1565778146442590 42590
A : 528 1565778146442606 1565778146483442 40836
A : 529 1565778146483485 1565778146526111 42626
A : 530 1565778146526128 1565778146567215 41087
A : 531 1565778146567262 1565778146609804 42542
A : 532 1565778146609824 1565778146650951 41127
A : 533 1565778146650998 1565778146693457 42459
A : 534 1565778146693472 1565778146734250 40778
A : 535 1565778146734281 1565778146775799 41518
A : 536 1565778146775839 1565778146818506 42667
A : 537 1565778146818554 1565778146861161 42607
A : 538 1565778146861180 1565778146902204 41024
A : 539 1565778146902253 1565778146945442 43189
A : 540 1565778146945461 1565778146986471 41010
A : 541 1565778146986518 1565778147029173 42655
A : 542 1565778147029214 1565778147071866 42652
A : 543 1565778147071914 1565778147114436 42522
A : 544 1565778147114477 1565778147157217 42740
A : 545 1565778147157265 1565778147199812 42547
A : 546 1565778147199851 1565778147242510 42659
A : 547 1565778147242557 1565778147285152 42595
A : 548 1565778147285172 1565778147326403 41231
A : 549 1565778147326451 1565778147369082 42631
A : 550 1565778147369101 1565778147410075 40974
A : 551 1565778147410120 1565778147453257 43137
A : 552 1565778147453297 1565778147496066 42769
A : 553 1565778147496113 1565778147539138 43025
A : 554 1565778147539156 1565778147580061 40905
A : 555 1565778147580114 1565778147622927 42813
A : 556 1565778147622967 1565778147665498 42531
A : 557 1565778147665544 1565778147708271 42727
A : 558 1565778147708311 1565778147751001 42690
A : 559 1565778147751019 1565778147791835 40816
A : 560 1565778147791858 1565778147833008 41150
A : 561 1565778147833054 1565778147875713 42659
A : 562 1565778147875745 1565778147916769 41024
A : 563 1565778147916815 1565778147959801 42986
A : 564 1565778147959844 1565778148002516 42672
A : 565 1565778148002563 1565778148045036 42473
A : 566 1565778148045054 1565778148086139 41085
A : 567 1565778148086186 1565778148128796 42610
A : 568 1565778148128815 1565778148169724 40909
A : 569 1565778148169760 1565778148212416 42656
A : 570 1565778148212456 1565778148255189 42733
A : 571 1565778148255236 1565778148297710 42474
A : 572 1565778148297750 1565778148340513 42763
A : 573 1565778148340560 1565778148383111 42551
A : 574 1565778148383150 1565778148425867 42717
A : 575 1565778148425914 1565778148469099 43185
A : 576 1565778148469140 1565778148511927 42787
A : 577 1565778148511951 1565778148553113 41162
A : 578 1565778148553154 1565778148595905 42751
A : 579 1565778148595927 1565778148637089 41162
A : 580 1565778148637129 1565778148679584 42455
A : 581 1565778148679607 1565778148720753 41146
A : 582 1565778148720793 1565778148763289 42496
A : 583 1565778148763315 1565778148804513 41198
A : 584 1565778148804528 1565778148845413 40885
A : 585 1565778148845450 1565778148887193 41743
A : 586 1565778148887229 1565778148929866 42637
A : 587 1565778148929914 1565778148973099 43185
A : 588 1565778148973138 1565778149015696 42558
A : 589 1565778149015717 1565778149056652 40935
A : 590 1565778149056690 1565778149099199 42509
A : 591 1565778149099245 1565778149141856 42611
A : 592 1565778149141876 1565778149182936 41060
A : 593 1565778149182982 1565778149225621 42639
A : 594 1565778149225661 1565778149268322 42661
A : 595 1565778149268370 1565778149311031 42661
A : 596 1565778149311070 1565778149353762 42692
A : 597 1565778149353784 1565778149394795 41011
A : 598 1565778149394835 1565778149437510 42675
A : 599 1565778149437557 1565778149480864 43307
A : 600 1565778149480903 1565778149523557 42654
A : 601 1565778149523579 1565778149564543 40964
A : 602 1565778149564583 1565778149607282 42699
A : 603 1565778149607302 1565778149648240 40938
A : 604 1565778149648279 1565778149691031 42752
A : 605 1565778149691049 1565778149731851 40802
A : 606 1565778149731876 1565778149773409 41533
A : 607 1565778149773456 1565778149816009 42553
A : 608 1565778149816027 1565778149857123 41096
A : 609 1565778149857170 1565778149899977 42807
A : 610 1565778149899995 1565778149941044 41049
A : 611 1565778149941091 1565778149983853 42762
A : 612 1565778149983872 1565778150025022 41150
A : 613 1565778150025070 1565778150067802 42732
A : 614 1565778150067820 1565778150108878 41058
A : 615 1565778150108925 1565778150151590 42665
A : 616 1565778150151630 1565778150194130 42500
A : 617 1565778150194150 1565778150235192 41042
A : 618 1565778150235247 1565778150277869 42622
A : 619 1565778150277916 1565778150320434 42518
A : 620 1565778150320452 1565778150361572 41120
A : 621 1565778150361619 1565778150404303 42684
A : 622 1565778150404343 1565778150446877 42534
A : 623 1565778150446925 1565778150490092 43167
A : 624 1565778150490132 1565778150532639 42507
A : 625 1565778150532685 1565778150575309 42624
A : 626 1565778150575349 1565778150618014 42665
A : 627 1565778150618036 1565778150659060 41024
A : 628 1565778150659099 1565778150701756 42657
A : 629 1565778150701778 1565778150742823 41045
A : 630 1565778150742862 1565778150785589 42727
A : 631 1565778150785637 1565778150828299 42662
A : 632 1565778150828333 1565778150869572 41239
A : 633 1565778150869619 1565778150912324 42705
A : 634 1565778150912364 1565778150954989 42625
A : 635 1565778150955036 1565778150998192 43156
A : 636 1565778150998224 1565778151039246 41022
A : 637 1565778151039293 1565778151081974 42681
A : 638 1565778151081992 1565778151123135 41143
A : 639 1565778151123182 1565778151165844 42662
A : 640 1565778151165859 1565778151206692 40833
A : 641 1565778151206723 1565778151248280 41557
A : 642 1565778151248320 1565778151290998 42678
A : 643 1565778151291020 1565778151332157 41137
A : 644 1565778151332197 1565778151374806 42609
A : 645 1565778151374827 1565778151415943 41116
A : 646 1565778151415979 1565778151458185 42206
A : 647 1565778151458233 1565778151501428 43195
A : 648 1565778151501447 1565778151542519 41072
A : 649 1565778151542565 1565778151585253 42688
A : 650 1565778151585272 1565778151626187 40915
A : 651 1565778151626245 1565778151669012 42767
A : 652 1565778151669030 1565778151709941 40911
A : 653 1565778151710057 1565778151752740 42683
A : 654 1565778151752780 1565778151795426 42646
A : 655 1565778151795473 1565778151838137 42664
A : 656 1565778151838175 1565778151880832 42657
A : 657 1565778151880880 1565778151923530 42650
A : 658 1565778151923571 1565778151966094 42523
A : 659 1565778151966140 1565778152009231 43091
A : 660 1565778152009271 1565778152051971 42700
A : 661 1565778152052019 1565778152094573 42554
A : 662 1565778152094612 1565778152137260 42648
A : 663 1565778152137307 1565778152179964 42657
A : 664 1565778152179982 1565778152221146 41164
A : 665 1565778152221194 1565778152263922 42728
A : 666 1565778152263963 1565778152306493 42530
A : 667 1565778152306515 1565778152347555 41040
A : 668 1565778152347595 1565778152390198 42603
A : 669 1565778152390245 1565778152432778 42533
A : 670 1565778152432817 1565778152475441 42624
A : 671 1565778152475487 1565778152518591 43104
A : 672 1565778152518631 1565778152561216 42585
A : 673 1565778152561263 1565778152603968 42705
A : 674 1565778152603987 1565778152645166 41179
A : 675 1565778152645214 1565778152687907 42693
A : 676 1565778152687927 1565778152729066 41139
A : 677 1565778152729113 1565778152771766 42653
A : 678 1565778152771805 1565778152814316 42511
A : 679 1565778152814339 1565778152855234 40895
A : 680 1565778152855274 1565778152897893 42619
A : 681 1565778152897941 1565778152940625 42684
A : 682 1565778152940665 1565778152983425 42760
A : 683 1565778152983449 1565778153024743 41294
A : 684 1565778153024783 1565778153067506 42723
A : 685 1565778153067528 1565778153108584 41056
A : 686 1565778153108623 1565778153151257 42634
A : 687 1565778153151393 1565778153193995 42602
A : 688 1565778153194012 1565778153234924 40912
A : 689 1565778153234970 1565778153277461 42491
A : 690 1565778153277500 1565778153320203 42703
A : 691 1565778153320224 1565778153361140 40916
A : 692 1565778153361179 1565778153403857 42678
A : 693 1565778153403905 1565778153446448 42543
A : 694 1565778153446489 1565778153489117 42628
A : 695 1565778153489166 1565778153532321 43155
A : 696 1565778153532362 1565778153575037 42675
A : 697 1565778153575084 1565778153617716 42632
A : 698 1565778153617734 1565778153658801 41067
A : 699 1565778153658848 1565778153701591 42743
A : 700 1565778153701610 1565778153742530 40920
A : 701 1565778153742577 1565778153785287 42710
A : 702 1565778153785320 1565778153827241 41921
A : 703 1565778153827289 1565778153870021 42732
A : 704 1565778153870061 1565778153912708 42647
A : 705 1565778153912756 1565778153955412 42656
A : 706 1565778153955452 1565778153998140 42688
A : 707 1565778153998187 1565778154040777 42590
A : 708 1565778154040795 1565778154081838 41043
A : 709 1565778154081886 1565778154124591 42705
A : 710 1565778154124608 1565778154165611 41003
A : 711 1565778154165654 1565778154207926 42272
A : 712 1565778154207947 1565778154249081 41134
A : 713 1565778154249128 1565778154291781 42653
A : 714 1565778154291800 1565778154332971 41171
A : 715 1565778154333018 1565778154375643 42625
A : 716 1565778154375683 1565778154418272 42589
A : 717 1565778154418292 1565778154459299 41007
A : 718 1565778154459339 1565778154502129 42790
A : 719 1565778154502177 1565778154545321 43144
A : 720 1565778154545361 1565778154588161 42800
A : 721 1565778154588184 1565778154629314 41130
A : 722 1565778154629354 1565778154672165 42811
A : 723 1565778154672189 1565778154713328 41139
A : 724 1565778154713368 1565778154756161 42793
A : 725 1565778154756184 1565778154797278 41094
A : 726 1565778154797318 1565778154839979 42661
A : 727 1565778154840027 1565778154882753 42726
A : 728 1565778154882773 1565778154923948 41175
A : 729 1565778154923995 1565778154966530 42535
A : 730 1565778154966570 1565778155009208 42638
A : 731 1565778155009255 1565778155052439 43184
A : 732 1565778155052478 1565778155095132 42654
A : 733 1565778155095179 1565778155137839 42660
A : 734 1565778155137879 1565778155180514 42635
A : 735 1565778155180549 1565778155221627 41078
A : 736 1565778155221667 1565778155264302 42635
A : 737 1565778155264337 1565778155305597 41260
A : 738 1565778155305615 1565778155346622 41007
A : 739 1565778155346669 1565778155389440 42771
A : 740 1565778155389472 1565778155430482 41010
A : 741 1565778155430529 1565778155473172 42643
A : 742 1565778155473190 1565778155514190 41000
A : 743 1565778155514235 1565778155557392 43157
A : 744 1565778155557432 1565778155600150 42718
A : 745 1565778155600198 1565778155642837 42639
A : 746 1565778155642875 1565778155683967 41092
A : 747 1565778155683990 1565778155725141 41151
A : 748 1565778155725180 1565778155768064 42884
A : 749 1565778155768111 1565778155810693 42582
A : 750 1565778155810733 1565778155853406 42673
A : 751 1565778155853451 1565778155896112 42661
A : 752 1565778155896131 1565778155937297 41166
A : 753 1565778155937344 1565778155980026 42682
A : 754 1565778155980067 1565778156022677 42610
A : 755 1565778156022725 1565778156065935 43210
A : 756 1565778156066000 1565778156108645 42645
A : 757 1565778156108692 1565778156151400 42708
A : 758 1565778156151418 1565778156192475 41057
A : 759 1565778156192521 1565778156235307 42786
A : 760 1565778156235348 1565778156277838 42490
A : 761 1565778156277884 1565778156320534 42650
A : 762 1565778156320574 1565778156363234 42660
A : 763 1565778156363282 1565778156405929 42647
A : 764 1565778156405992 1565778156448474 42482
A : 765 1565778156448498 1565778156489668 41170
A : 766 1565778156489708 1565778156532370 42662
A : 767 1565778156532417 1565778156575544 43127
A : 768 1565778156575584 1565778156618180 42596
A : 769 1565778156618227 1565778156660790 42563
A : 770 1565778156660810 1565778156702051 41241
A : 771 1565778156702098 1565778156744745 42647
A : 772 1565778156744764 1565778156785820 41056
A : 773 1565778156785867 1565778156828602 42735
A : 774 1565778156828633 1565778156869800 41167
A : 775 1565778156869848 1565778156912525 42677
A : 776 1565778156912565 1565778156955324 42759
A : 777 1565778156955373 1565778156998051 42678
A : 778 1565778156998090 1565778157040766 42676
A : 779 1565778157040813 1565778157084078 43265
A : 780 1565778157084118 1565778157126751 42633
A : 781 1565778157126770 1565778157167828 41058
A : 782 1565778157167864 1565778157209998 42134
A : 783 1565778157210019 1565778157251222 41203
A : 784 1565778157251263 1565778157293772 42509
A : 785 1565778157293818 1565778157336533 42715
A : 786 1565778157336573 1565778157379263 42690
A : 787 1565778157379310 1565778157422056 42746
A : 788 1565778157422086 1565778157463080 40994
A : 789 1565778157463127 1565778157505876 42749
A : 790 1565778157505895 1565778157546816 40921
A : 791 1565778157546850 1565778157590193 43343
A : 792 1565778157590211 1565778157631410 41199
A : 793 1565778157631457 1565778157674195 42738
A : 794 1565778157674235 1565778157716992 42757
A : 795 1565778157717013 1565778157758104 41091
A : 796 1565778157758133 1565778157800514 42381
A : 797 1565778157800560 1565778157843115 42555
A : 798 1565778157843156 1565778157885947 42791
A : 799 1565778157886026 1565778157928662 42636
A : 800 1565778157928680 1565778157969836 41156
A : 801 1565778157969883 1565778158012568 42685
A : 802 1565778158012585 1565778158053707 41122
A : 803 1565778158053754 1565778158096699 42945
A : 804 1565778158096714 1565778158137856 41142
A : 805 1565778158137903 1565778158180581 42678
A : 806 1565778158180598 1565778158221787 41189
A : 807 1565778158221833 1565778158264493 42660
A : 808 1565778158264533 1565778158307312 42779
A : 809 1565778158307333 1565778158348518 41185
A : 810 1565778158348556 1565778158391236 42680
A : 811 1565778158391283 1565778158433942 42659
A : 812 1565778158433972 1565778158475075 41103
A : 813 1565778158475122 1565778158517786 42664
A : 814 1565778158517804 1565778158558937 41133
A : 815 1565778158558984 1565778158602139 43155
A : 816 1565778158602157 1565778158643083 40926
A : 817 1565778158643115 1565778158685830 42715
A : 818 1565778158685849 1565778158726845 40996
A : 819 1565778158726893 1565778158769610 42717
A : 820 1565778158769651 1565778158812370 42719
A : 821 1565778158812391 1565778158853440 41049
A : 822 1565778158853495 1565778158896226 42731
A : 823 1565778158896273 1565778158939073 42800
A : 824 1565778158939090 1565778158980065 40975
A : 825 1565778158980113 1565778159022765 42652
A : 826 1565778159022784 1565778159063866 41082
A : 827 1565778159063913 1565778159107213 43300
A : 828 1565778159107253 1565778159149935 42682
A : 829 1565778159150013 1565778159192734 42721
A : 830 1565778159192753 1565778159233710 40957
A : 831 1565778159233742 1565778159276347 42605
A : 832 1565778159276388 1565778159319137 42749
A : 833 1565778159319184 1565778159361785 42601
A : 834 1565778159361825 1565778159404620 42795
A : 835 1565778159404667 1565778159447320 42653
A : 836 1565778159447339 1565778159488352 41013
A : 837 1565778159488400 1565778159530900 42500
A : 838 1565778159530918 1565778159572073 41155
A : 839 1565778159572120 1565778159614693 42573
A : 840 1565778159614712 1565778159655904 41192
A : 841 1565778159655951 1565778159698448 42497
A : 842 1565778159698464 1565778159739607 41143
A : 843 1565778159739669 1565778159782182 42513
A : 844 1565778159782223 1565778159824961 42738
A : 845 1565778159824982 1565778159865995 41013
A : 846 1565778159866052 1565778159908741 42689
A : 847 1565778159908788 1565778159951520 42732
A : 848 1565778159951538 1565778159992557 41019
A : 849 1565778159992605 1565778160035290 42685
A : 850 1565778160035309 1565778160076354 41045
A : 851 1565778160076401 1565778160119600 43199
A : 852 1565778160119640 1565778160162185 42545
A : 853 1565778160162206 1565778160203254 41048
A : 854 1565778160203292 1565778160246092 42800
A : 855 1565778160246115 1565778160287305 41190
A : 856 1565778160287345 1565778160330030 42685
A : 857 1565778160330051 1565778160371151 41100
A : 858 1565778160371271 1565778160414109 42838
A : 859 1565778160414136 1565778160455588 41452
A : 860 1565778160455628 1565778160498295 42667
A : 861 1565778160498318 1565778160539529 41211
A : 862 1565778160539569 1565778160582188 42619
A : 863 1565778160582232 1565778160625540 43308
A : 864 1565778160625580 1565778160668302 42722
A : 865 1565778160668349 1565778160711060 42711
A : 866 1565778160711080 1565778160752320 41240
A : 867 1565778160752367 1565778160795110 42743
A : 868 1565778160795128 1565778160836288 41160
A : 869 1565778160836335 1565778160878880 42545
A : 870 1565778160878920 1565778160921555 42635
A : 871 1565778160921602 1565778160964310 42708
A : 872 1565778160964350 1565778161007090 42740
A : 873 1565778161007112 1565778161048176 41064
A : 874 1565778161048216 1565778161090764 42548
A : 875 1565778161090811 1565778161133981 43170
A : 876 1565778161134025 1565778161176573 42548
A : 877 1565778161176595 1565778161217535 40940
A : 878 1565778161217575 1565778161260262 42687
A : 879 1565778161260285 1565778161301316 41031
A : 880 1565778161301352 1565778161343958 42606
A : 881 1565778161343980 1565778161385152 41172
A : 882 1565778161385192 1565778161427884 42692
A : 883 1565778161427907 1565778161469166 41259
A : 884 1565778161469207 1565778161511980 42773
A : 885 1565778161512004 1565778161553244 41240
A : 886 1565778161553285 1565778161596047 42762
A : 887 1565778161596067 1565778161637372 41305
A : 888 1565778161637427 1565778161680252 42825
A : 889 1565778161680300 1565778161723003 42703
A : 890 1565778161723043 1565778161765741 42698
A : 891 1565778161765788 1565778161808537 42749
A : 892 1565778161808577 1565778161851204 42627
A : 893 1565778161851251 1565778161893727 42476
A : 894 1565778161893766 1565778161936380 42614
A : 895 1565778161936428 1565778161979084 42656
A : 896 1565778161979123 1565778162021858 42735
A : 897 1565778162021905 1565778162064642 42737
A : 898 1565778162064683 1565778162107453 42770
A : 899 1565778162107500 1565778162150776 43276
A : 900 1565778162150816 1565778162193373 42557
A : 901 1565778162193395 1565778162234354 40959
A : 902 1565778162234394 1565778162276902 42508
A : 903 1565778162276949 1565778162319747 42798
A : 904 1565778162319766 1565778162360994 41228
A : 905 1565778162361042 1565778162403750 42708
A : 906 1565778162403791 1565778162446661 42870
A : 907 1565778162446708 1565778162489354 42646
A : 908 1565778162489395 1565778162532122 42727
A : 909 1565778162532169 1565778162574752 42583
A : 910 1565778162574791 1565778162617517 42726
A : 911 1565778162617564 1565778162660633 43069
A : 912 1565778162660672 1565778162703381 42709
A : 913 1565778162703429 1565778162746038 42609
A : 914 1565778162746078 1565778162788755 42677
A : 915 1565778162788803 1565778162831429 42626
A : 916 1565778162831470 1565778162874131 42661
A : 917 1565778162874178 1565778162916855 42677
A : 918 1565778162916895 1565778162959438 42543
A : 919 1565778162959500 1565778163002373 42873
A : 920 1565778163002392 1565778163043323 40931
A : 921 1565778163043371 1565778163086097 42726
A : 922 1565778163086116 1565778163127239 41123
A : 923 1565778163127287 1565778163170337 43050
A : 924 1565778163170355 1565778163211377 41022
A : 925 1565778163211424 1565778163254104 42680
A : 926 1565778163254121 1565778163295353 41232
A : 927 1565778163295402 1565778163338176 42774
A : 928 1565778163338216 1565778163380807 42591
A : 929 1565778163380829 1565778163421879 41050
A : 930 1565778163421935 1565778163464697 42762
A : 931 1565778163464744 1565778163507451 42707
A : 932 1565778163507471 1565778163548631 41160
A : 933 1565778163548678 1565778163591426 42748
A : 934 1565778163591445 1565778163632528 41083
A : 935 1565778163632576 1565778163675885 43309
A : 936 1565778163675925 1565778163718714 42789
A : 937 1565778163718736 1565778163759769 41033
A : 938 1565778163759809 1565778163802327 42518
A : 939 1565778163802376 1565778163844982 42606
A : 940 1565778163845022 1565778163887716 42694
A : 941 1565778163887763 1565778163930223 42460
A : 942 1565778163930263 1565778163972983 42720
A : 943 1565778163973030 1565778164015694 42664
A : 944 1565778164015734 1565778164058271 42537
A : 945 1565778164058291 1565778164099199 40908
A : 946 1565778164099239 1565778164141976 42737
A : 947 1565778164141996 1565778164183257 41261
A : 948 1565778164183297 1565778164226055 42758
A : 949 1565778164226078 1565778164267263 41185
A : 950 1565778164267303 1565778164309898 42595
A : 951 1565778164309920 1565778164350845 40925
A : 952 1565778164350885 1565778164393606 42721
A : 953 1565778164393654 1565778164436401 42747
A : 954 1565778164436440 1565778164478999 42559
A : 955 1565778164479031 1565778164521769 42738
A : 956 1565778164521809 1565778164564532 42723
A : 957 1565778164564554 1565778164605751 41197
A : 958 1565778164605791 1565778164648458 42667
A : 959 1565778164648505 1565778164691527 43022
A : 960 1565778164691568 1565778164734273 42705
A : 961 1565778164734294 1565778164775458 41164
A : 962 1565778164775498 1565778164818050 42552
A : 963 1565778164818082 1565778164860775 42693
A : 964 1565778164860795 1565778164902012 41217
A : 965 1565778164902060 1565778164944650 42590
A : 966 1565778164944690 1565778164987434 42744
A : 967 1565778164987482 1565778165030129 42647
A : 968 1565778165030169 1565778165072850 42681
A : 969 1565778165072871 1565778165113909 41038
A : 970 1565778165113950 1565778165156608 42658
A : 971 1565778165156630 1565778165197684 41054
A : 972 1565778165197725 1565778165240487 42762
A : 973 1565778165240509 1565778165281558 41049
A : 974 1565778165281614 1565778165324405 42791
A : 975 1565778165324431 1565778165365817 41386
A : 976 1565778165365857 1565778165408621 42764
A : 977 1565778165408665 1565778165451391 42726
A : 978 1565778165451431 1565778165493986 42555
A : 979 1565778165494029 1565778165536704 42675
A : 980 1565778165536721 1565778165577854 41133
A : 981 1565778165577901 1565778165620513 42612
A : 982 1565778165620531 1565778165661720 41189
A : 983 1565778165661768 1565778165704368 42600
A : 984 1565778165704408 1565778165746962 42554
A : 985 1565778165747010 1565778165789709 42699
A : 986 1565778165789749 1565778165832405 42656
A : 987 1565778165832425 1565778165873512 41087
A : 988 1565778165873551 1565778165915921 42370
A : 989 1565778165915966 1565778165958652 42686
A : 990 1565778165958692 1565778166001301 42609
A : 991 1565778166001348 1565778166043951 42603
A : 992 1565778166043991 1565778166086556 42565
A : 993 1565778166086604 1565778166129310 42706
A : 994 1565778166129350 1565778166172069 42719
A : 995 1565778166172116 1565778166214862 42746
A : 996 1565778166214902 1565778166257627 42725
A : 997 1565778166257675 1565778166300315 42640
A : 998 1565778166300354 1565778166343093 42739
A : 999 1565778166343142 1565778166385741 42599
A : 1000 1565778166385781 1565778166429321 43540
I : 1 1565778123892180 1565778123971877 79697
I : 2 1565778123971890 1565778124012416 40526
I : 3 1565778124012432 1565778124053864 41432
I : 4 1565778124053879 1565778124095117 41238
I : 5 1565778124095132 1565778124136307 41175
I : 6 1565778124136326 1565778124177371 41045
I : 7 1565778124177390 1565778124218227 40837
I : 8 1565778124218246 1565778124259871 41625
I : 9 1565778124259916 1565778124302623 42707
I : 10 1565778124302642 1565778124344143 41501
I : 11 1565778124344183 1565778124385980 41797
I : 12 1565778124385999 1565778124427534 41535
I : 13 1565778124427574 1565778124469652 42078
I : 14 1565778124469693 1565778124511959 42266
I : 15 1565778124512000 1565778124554641 42641
I : 16 1565778124554659 1565778124596086 41427
I : 17 1565778124596127 1565778124638284 42157
I : 18 1565778124638343 1565778124680605 42262
I : 19 1565778124680629 1565778124722474 41845
I : 20 1565778124722499 1565778124764833 42334
I : 21 1565778124764858 1565778124806551 41693
I : 22 1565778124806560 1565778124847987 41427
I : 23 1565778124848011 1565778124890158 42147
I : 24 1565778124890183 1565778124932477 42294
I : 25 1565778124932501 1565778124974477 41976
I : 26 1565778124974501 1565778125017079 42578
I : 27 1565778125017120 1565778125059883 42763
I : 28 1565778125059900 1565778125101417 41517
I : 29 1565778125101459 1565778125143483 42024
I : 30 1565778125143524 1565778125185583 42059
I : 31 1565778125185625 1565778125227915 42290
I : 32 1565778125227956 1565778125270675 42719
I : 33 1565778125270693 1565778125312139 41446
I : 34 1565778125312177 1565778125353966 41789
I : 35 1565778125353983 1565778125395418 41435
I : 36 1565778125395476 1565778125437598 42122
I : 37 1565778125437639 1565778125479976 42337
I : 38 1565778125480016 1565778125522959 42943
I : 39 1565778125523000 1565778125565989 42989
I : 40 1565778125566007 1565778125607084 41077
I : 41 1565778125607130 1565778125648603 41473
I : 42 1565778125648643 1565778125691365 42722
I : 43 1565778125691383 1565778125732783 41400
I : 44 1565778125732821 1565778125775680 42859
I : 45 1565778125775697 1565778125817071 41374
I : 46 1565778125817097 1565778125858735 41638
I : 47 1565778125858751 1565778125900331 41580
I : 48 1565778125900371 1565778125943188 42817
I : 49 1565778125943205 1565778125984477 41272
I : 50 1565778125984515 1565778126026774 42259
I : 51 1565778126026815 1565778126068842 42027
I : 52 1565778126068881 1565778126111319 42438
I : 53 1565778126111359 1565778126154348 42989
I : 54 1565778126154389 1565778126196710 42321
I : 55 1565778126196751 1565778126239558 42807
I : 56 1565778126239599 1565778126281690 42091
I : 57 1565778126281732 1565778126324046 42314
I : 58 1565778126324087 1565778126366136 42049
I : 59 1565778126366177 1565778126408260 42083
I : 60 1565778126408300 1565778126450225 41925
I : 61 1565778126450265 1565778126492732 42467
I : 62 1565778126492773 1565778126535590 42817
I : 63 1565778126535631 1565778126577609 41978
I : 64 1565778126577626 1565778126619093 41467
I : 65 1565778126619132 1565778126661972 42840
I : 66 1565778126661992 1565778126703285 41293
I : 67 1565778126703326 1565778126745521 42195
I : 68 1565778126745561 1565778126788362 42801
I : 69 1565778126788380 1565778126829832 41452
I : 70 1565778126829874 1565778126872544 42670
I : 71 1565778126872563 1565778126914180 41617
I : 72 1565778126914220 1565778126956990 42770
I : 73 1565778126957022 1565778126998321 41299
I : 74 1565778126998357 1565778127040628 42271
I : 75 1565778127040670 1565778127083046 42376
I : 76 1565778127083086 1565778127126057 42971
I : 77 1565778127126098 1565778127168914 42816
I : 78 1565778127168955 1565778127211343 42388
I : 79 1565778127211384 1565778127254308 42924
I : 80 1565778127254339 1565778127296647 42308
I : 81 1565778127296688 1565778127339612 42924
I : 82 1565778127339642 1565778127381995 42353
I : 83 1565778127382036 1565778127424948 42912
I : 84 1565778127424979 1565778127467658 42679
I : 85 1565778127467668 1565778127509020 41352
I : 86 1565778127509050 1565778127551275 42225
I : 87 1565778127551316 1565778127593469 42153
I : 88 1565778127593510 1565778127635547 42037
I : 89 1565778127635610 1565778127677856 42246
I : 90 1565778127677897 1565778127719917 42020
I : 91 1565778127719958 1565778127762277 42319
I : 92 1565778127762317 1565778127804987 42670
I : 93 1565778127805006 1565778127846265 41259
I : 94 1565778127846305 1565778127888599 42294
I : 95 1565778127888639 1565778127930977 42338
I : 96 1565778127931017 1565778127973657 42640
I : 97 1565778127973675 1565778128015086 41411
I : 98 1565778128015124 1565778128057277 42153
I : 99 1565778128057318 1565778128099474 42156
I : 100 1565778128099515 1565778128142230 42715
I : 101 1565778128142250 1565778128183758 41508
I : 102 1565778128183799 1565778128226655 42856
I : 103 1565778128226665 1565778128267973 41308
I : 104 1565778128268004 1565778128310755 42751
I : 105 1565778128310763 1565778128351972 41209
I : 106 1565778128351989 1565778128393434 41445
I : 107 1565778128393474 1565778128436203 42729
I : 108 1565778128436213 1565778128477547 41334
I : 109 1565778128477577 1565778128519876 42299
I : 110 1565778128519918 1565778128562286 42368
I : 111 1565778128562328 1565778128604983 42655
I : 112 1565778128605002 1565778128646335 41333
I : 113 1565778128646367 1565778128688653 42286
I : 114 1565778128688694 1565778128731663 42969
I : 115 1565778128731673 1565778128772790 41117
I : 116 1565778128772820 1565778128814808 41988
I : 117 1565778128814842 1565778128856158 41316
I : 118 1565778128856200 1565778128898606 42406
I : 119 1565778128898648 1565778128941219 42571
I : 120 1565778128941236 1565778128982457 41221
I : 121 1565778128982486 1565778129024897 42411
I : 122 1565778129024928 1565778129067739 42811
I : 123 1565778129067770 1565778129109990 42220
I : 124 1565778129110008 1565778129151292 41284
I : 125 1565778129151316 1565778129193429 42113
I : 126 1565778129193470 1565778129236105 42635
I : 127 1565778129236126 1565778129277706 41580
I : 128 1565778129277736 1565778129319813 42077
I : 129 1565778129319854 1565778129362181 42327
I : 130 1565778129362222 1565778129404310 42088
I : 131 1565778129404351 1565778129446333 41982
I : 132 1565778129446373 1565778129488652 42279
I : 133 1565778129488692 1565778129530971 42279
I : 134 1565778129531012 1565778129573996 42984
I : 135 1565778129574038 1565778129616957 42919
I : 136 1565778129616975 1565778129658179 41204
I : 137 1565778129658220 1565778129700286 42066
I : 138 1565778129700306 1565778129741433 41127
I : 139 1565778129741474 1565778129783553 42079
I : 140 1565778129783594 1565778129825535 41941
I : 141 1565778129825552 1565778129867027 41475
I : 142 1565778129867066 1565778129909997 42931
I : 143 1565778129910016 1565778129951318 41302
I : 144 1565778129951359 1565778129994215 42856
I : 145 1565778129994234 1565778130035483 41249
I : 146 1565778130035513 1565778130077456 41943
I : 147 1565778130077473 1565778130118987 41514
I : 148 1565778130119013 1565778130161223 42210
I : 149 1565778130161263 1565778130204079 42816
I : 150 1565778130204110 1565778130246325 42215
I : 151 1565778130246366 1565778130288538 42172
I : 152 1565778130288579 1565778130330638 42059
I : 153 1565778130330655 1565778130371740 41085
I : 154 1565778130371782 1565778130414293 42511
I : 155 1565778130414333 1565778130457142 42809
I : 156 1565778130457183 1565778130499161 41978
I : 157 1565778130499178 1565778130540522 41344
I : 158 1565778130540563 1565778130582812 42249
I : 159 1565778130582854 1565778130624983 42129
I : 160 1565778130625025 1565778130667949 42924
I : 161 1565778130667989 1565778130710095 42106
I : 162 1565778130710136 1565778130752854 42718
I : 163 1565778130752874 1565778130794290 41416
I : 164 1565778130794331 1565778130837177 42846
I : 165 1565778130837196 1565778130878531 41335
I : 166 1565778130878561 1565778130920899 42338
I : 167 1565778130920939 1565778130963120 42181
I : 168 1565778130963161 1565778131005984 42823
I : 169 1565778131006002 1565778131047082 41080
I : 170 1565778131047123 1565778131089617 42494
I : 171 1565778131089660 1565778131131870 42210
I : 172 1565778131131911 1565778131174867 42956
I : 173 1565778131174899 1565778131216881 41982
I : 174 1565778131217028 1565778131259261 42233
I : 175 1565778131259303 1565778131302209 42906
I : 176 1565778131302250 1565778131345100 42850
I : 177 1565778131345117 1565778131386311 41194
I : 178 1565778131386334 1565778131428483 42149
I : 179 1565778131428493 1565778131469743 41250
I : 180 1565778131469773 1565778131511848 42075
I : 181 1565778131511867 1565778131553200 41333
I : 182 1565778131553241 1565778131595496 42255
I : 183 1565778131595537 1565778131638335 42798
I : 184 1565778131638376 1565778131680854 42478
I : 185 1565778131680895 1565778131723005 42110
I : 186 1565778131723046 1565778131765157 42111
I : 187 1565778131765198 1565778131807168 41970
I : 188 1565778131807208 1565778131850105 42897
I : 189 1565778131850123 1565778131891552 41429
I : 190 1565778131891592 1565778131934312 42720
I : 191 1565778131934354 1565778131976728 42374
I : 192 1565778131976770 1565778132018764 41994
I : 193 1565778132018805 1565778132061115 42310
I : 194 1565778132061155 1565778132103200 42045
I : 195 1565778132103240 1565778132146100 42860
I : 196 1565778132146118 1565778132187393 41275
I : 197 1565778132187433 1565778132229892 42459
I : 198 1565778132229933 1565778132272594 42661
I : 199 1565778132272613 1565778132313917 41304
I : 200 1565778132313984 1565778132356940 42956
I : 201 1565778132356951 1565778132398216 41265
I : 202 1565778132398248 1565778132440530 42282
I : 203 1565778132440570 1565778132483622 43052
I : 204 1565778132483634 1565778132524927 41293
I : 205 1565778132524958 1565778132567774 42816
I : 206 1565778132567805 1565778132609976 42171
I : 207 1565778132609997 1565778132651197 41200
I : 208 1565778132651216 1565778132692385 41169
I : 209 1565778132692416 1565778132734247 41831
I : 210 1565778132734288 1565778132776745 42457
I : 211 1565778132776786 1565778132818803 42017
I : 212 1565778132818844 1565778132863014 44170
I : 213 1565778132863043 1565778132905189 42146
I : 214 1565778132905231 1565778132947410 42179
I : 215 1565778132947450 1565778132989613 42163
I : 216 1565778132989655 1565778133031924 42269
I : 217 1565778133031964 1565778133074860 42896
I : 218 1565778133074901 1565778133116864 41963
I : 219 1565778133116906 1565778133159095 42189
I : 220 1565778133159136 1565778133201193 42057
I : 221 1565778133201234 1565778133243277 42043
I : 222 1565778133243304 1565778133285519 42215
I : 223 1565778133285560 1565778133327561 42001
I : 224 1565778133327603 1565778133374303 46700
I : 225 1565778133374315 1565778133415800 41485
I : 226 1565778133415832 1565778133458028 42196
I : 227 1565778133458058 1565778133500164 42106
I : 228 1565778133500205 1565778133543038 42833
I : 229 1565778133543049 1565778133584489 41440
I : 230 1565778133584519 1565778133626737 42218
I : 231 1565778133626777 1565778133668932 42155
I : 232 1565778133668973 1565778133711152 42179
I : 233 1565778133711193 1565778133752996 41803
I : 234 1565778133753026 1565778133795021 41995
I : 235 1565778133795039 1565778133836245 41206
I : 236 1565778133836304 1565778133878437 42133
I : 237 1565778133878457 1565778133919827 41370
I : 238 1565778133919868 1565778133962135 42267
I : 239 1565778133962176 1565778134004930 42754
I : 240 1565778134004962 1565778134046199 41237
I : 241 1565778134046239 1565778134088614 42375
I : 242 1565778134088646 1565778134131529 42883
I : 243 1565778134131570 1565778134178285 46715
I : 244 1565778134178295 1565778134219685 41390
I : 245 1565778134219712 1565778134261890 42178
I : 246 1565778134261896 1565778134302669 40773
I : 247 1565778134302678 1565778134344229 41551
I : 248 1565778134344260 1565778134386366 42106
I : 249 1565778134386398 1565778134428701 42303
I : 250 1565778134428734 1565778134471334 42600
I : 251 1565778134471347 1565778134512919 41572
I : 252 1565778134512950 1565778134554982 42032
I : 253 1565778134555012 1565778134597348 42336
I : 254 1565778134597377 1565778134640283 42906
I : 255 1565778134640312 1565778134682694 42382
I : 256 1565778134682734 1565778134724955 42221
I : 257 1565778134724997 1565778134767871 42874
I : 258 1565778134767912 1565778134810045 42133
I : 259 1565778134810086 1565778134852117 42031
I : 260 1565778134852158 1565778134896994 44836
I : 261 1565778134897004 1565778134938262 41258
I : 262 1565778134938295 1565778134980679 42384
I : 263 1565778134980710 1565778135022699 41989
I : 264 1565778135022730 1565778135064785 42055
I : 265 1565778135064805 1565778135106053 41248
I : 266 1565778135106094 1565778135148411 42317
I : 267 1565778135148452 1565778135191254 42802
I : 268 1565778135191272 1565778135232611 41339
I : 269 1565778135232642 1565778135274822 42180
I : 270 1565778135274863 1565778135320321 45458
I : 271 1565778135320329 1565778135361773 41444
I : 272 1565778135361801 1565778135403631 41830
I : 273 1565778135403641 1565778135445159 41518
I : 274 1565778135445190 1565778135487362 42172
I : 275 1565778135487394 1565778135529741 42347
I : 276 1565778135529772 1565778135572300 42528
I : 277 1565778135572313 1565778135613923 41610
I : 278 1565778135613955 1565778135655988 42033
I : 279 1565778135656018 1565778135698169 42151
I : 280 1565778135698180 1565778135739330 41150
I : 281 1565778135739361 1565778135781467 42106
I : 282 1565778135781489 1565778135822776 41287
I : 283 1565778135822816 1565778135865119 42303
I : 284 1565778135865161 1565778135909650 44489
I : 285 1565778135909660 1565778135951066 41406
I : 286 1565778135951098 1565778135993347 42249
I : 287 1565778135993380 1565778136035261 41881
I : 288 1565778136035293 1565778136077365 42072
I : 289 1565778136077384 1565778136118630 41246
I : 290 1565778136118661 1565778136160967 42306
I : 291 1565778136160998 1565778136203019 42021
I : 292 1565778136203047 1565778136245406 42359
I : 293 1565778136245446 1565778136292342 46896
I : 294 1565778136292370 1565778136336257 43887
I : 295 1565778136336284 1565778136378657 42373
I : 296 1565778136378684 1565778136421306 42622
I : 297 1565778136421317 1565778136462958 41641
I : 298 1565778136462986 1565778136505016 42030
I : 299 1565778136505043 1565778136547192 42149
I : 300 1565778136547219 1565778136589337 42118
I : 301 1565778136589364 1565778136631715 42351
I : 302 1565778136631742 1565778136678652 46910
I : 303 1565778136678679 1565778136720674 41995
I : 304 1565778136720701 1565778136763055 42354
I : 305 1565778136763070 1565778136803547 40477
I : 306 1565778136803557 1565778136845048 41491
I : 307 1565778136845076 1565778136887324 42248
I : 308 1565778136887351 1565778136929337 41986
I : 309 1565778136929347 1565778136970626 41279
I : 310 1565778136970654 1565778137012616 41962
I : 311 1565778137012626 1565778137054014 41388
I : 312 1565778137054047 1565778137095970 41923
I : 313 1565778137095980 1565778137137224 41244
I : 314 1565778137137256 1565778137179667 42411
I : 315 1565778137179696 1565778137221694 41998
I : 316 1565778137221725 1565778137263971 42246
I : 317 1565778137264002 1565778137311010 47008
I : 318 1565778137311037 1565778137355056 44019
I : 319 1565778137355071 1565778137395942 40871
I : 320 1565778137395952 1565778137437209 41257
I : 321 1565778137437236 1565778137479291 42055
I : 322 1565778137479299 1565778137520669 41370
I : 323 1565778137520697 1565778137562962 42265
I : 324 1565778137562992 1565778137605611 42619
I : 325 1565778137605621 1565778137647093 41472
I : 326 1565778137647121 1565778137688939 41818
I : 327 1565778137688949 1565778137730579 41630
I : 328 1565778137730606 1565778137772655 42049
I : 329 1565778137772686 1565778137818662 45976
I : 330 1565778137818689 1565778137863947 45258
I : 331 1565778137863975 1565778137906107 42132
I : 332 1565778137906122 1565778137947094 40972
I : 333 1565778137947116 1565778137988327 41211
I : 334 1565778137988355 1565778138030589 42234
I : 335 1565778138030595 1565778138071294 40699
I : 336 1565778138071304 1565778138112893 41589
I : 337 1565778138112920 1565778138154943 42023
I : 338 1565778138154971 1565778138204139 49168
I : 339 1565778138204155 1565778138245118 40963
I : 340 1565778138245140 1565778138286316 41176
I : 341 1565778138286343 1565778138328648 42305
I : 342 1565778138328676 1565778138373641 44965
I : 343 1565778138373669 1565778138415995 42326
I : 344 1565778138416021 1565778138457940 41919
I : 345 1565778138458084 1565778138506001 47917
I : 346 1565778138506043 1565778138548093 42050
I : 347 1565778138548111 1565778138589326 41215
I : 348 1565778138589368 1565778138631684 42316
I : 349 1565778138631712 1565778138673908 42196
I : 350 1565778138673923 1565778138714907 40984
I : 351 1565778138714931 1565778138755937 41006
I : 352 1565778138755965 1565778138798307 42342
I : 353 1565778138798334 1565778138840215 41881
I : 354 1565778138840241 1565778138882629 42388
I : 355 1565778138882656 1565778138924826 42170
I : 356 1565778138924842 1565778138965830 40988
I : 357 1565778138965854 1565778139006977 41123
I : 358 1565778139007004 1565778139049407 42403
I : 359 1565778139049422 1565778139090200 40778
I : 360 1565778139090223 1565778139131641 41418
I : 361 1565778139131668 1565778139173565 41897
I : 362 1565778139173570 1565778139221488 47918
I : 363 1565778139221509 1565778139262889 41380
I : 364 1565778139262916 1565778139304985 42069
I : 365 1565778139305012 1565778139347225 42213
I : 366 1565778139347253 1565778139390310 43057
I : 367 1565778139390338 1565778139432675 42337
I : 368 1565778139432702 1565778139474629 41927
I : 369 1565778139474659 1565778139524781 50122
I : 370 1565778139524797 1565778139565817 41020
I : 371 1565778139565839 1565778139607008 41169
I : 372 1565778139607022 1565778139648113 41091
I : 373 1565778139648134 1565778139689397 41263
I : 374 1565778139689412 1565778139730276 40864
I : 375 1565778139730297 1565778139771476 41179
I : 376 1565778139771504 1565778139813994 42490
I : 377 1565778139814021 1565778139855917 41896
I : 378 1565778139855945 1565778139899804 43859
I : 379 1565778139899831 1565778139942217 42386
I : 380 1565778139942244 1565778139984150 41906
I : 381 1565778139984177 1565778140034082 49905
I : 382 1565778140034109 1565778140076568 42459
I : 383 1565778140076609 1565778140119406 42797
I : 384 1565778140119422 1565778140160702 41280
I : 385 1565778140160729 1565778140202685 41956
I : 386 1565778140202700 1565778140243977 41277
I : 387 1565778140244001 1565778140285166 41165
I : 388 1565778140285194 1565778140327575 42381
I : 389 1565778140327602 1565778140369470 41868
I : 390 1565778140369498 1565778140412128 42630
I : 391 1565778140412144 1565778140452980 40836
I : 392 1565778140452996 1565778140493749 40753
I : 393 1565778140493774 1565778140535554 41780
I : 394 1565778140535581 1565778140577622 42041
I : 395 1565778140577649 1565778140623604 45955
I : 396 1565778140623646 1565778140665917 42271
I : 397 1565778140665945 1565778140708121 42176
I : 398 1565778140708137 1565778140752088 43951
I : 399 1565778140752114 1565778140793279 41165
I : 400 1565778140793307 1565778140835134 41827
I : 401 1565778140835162 1565778140877825 42663
I : 402 1565778140877867 1565778140921488 43621
I : 403 1565778140921514 1565778140964070 42556
I : 404 1565778140964086 1565778141005644 41558
I : 405 1565778141005667 1565778141047289 41622
I : 406 1565778141047331 1565778141089380 42049
I : 407 1565778141089396 1565778141130546 41150
I : 408 1565778141130567 1565778141171506 40939
I : 409 1565778141171533 1565778141214217 42684
I : 410 1565778141214233 1565778141261558 47325
I : 411 1565778141261572 1565778141302843 41271
I : 412 1565778141302870 1565778141345226 42356
I : 413 1565778141345253 1565778141387233 41980
I : 414 1565778141387274 1565778141430846 43572
I : 415 1565778141430888 1565778141473474 42586
I : 416 1565778141473501 1565778141516198 42697
I : 417 1565778141516239 1565778141563039 46800
I : 418 1565778141563057 1565778141603785 40728
I : 419 1565778141603819 1565778141645361 41542
I : 420 1565778141645376 1565778141687067 41691
I : 421 1565778141687088 1565778141729798 42710
I : 422 1565778141729813 1565778141771549 41736
I : 423 1565778141771572 1565778141814110 42538
I : 424 1565778141814150 1565778141857889 43739
I : 425 1565778141857931 1565778141899967 42036
I : 426 1565778141899995 1565778141942216 42221
I : 427 1565778141942247 1565778141984873 42626
I : 428 1565778141984879 1565778142026200 41321
I : 429 1565778142026223 1565778142068407 42184
I : 430 1565778142068424 1565778142111547 43123
I : 431 1565778142111573 1565778142155815 44242
I : 432 1565778142155831 1565778142198047 42216
I : 433 1565778142198074 1565778142242029 43955
I : 434 1565778142242046 1565778142285275 43229
I : 435 1565778142285306 1565778142329556 44250
I : 436 1565778142329572 1565778142371531 41959
I : 437 1565778142371562 1565778142415949 44387
I : 438 1565778142415990 1565778142459941 43951
I : 439 1565778142459983 1565778142503823 43840
I : 440 1565778142503840 1565778142547143 43303
I : 441 1565778142547180 1565778142592169 44989
I : 442 1565778142592186 1565778142635158 42972
I : 443 1565778142635197 1565778142681238 46041
I : 444 1565778142681249 1565778142723648 42399
I : 445 1565778142723676 1565778142767631 43955
I : 446 1565778142767648 1565778142812805 45157
I : 447 1565778142812832 1565778142857889 45057
I : 448 1565778142857917 1565778142901869 43952
I : 449 1565778142901910 1565778142946147 44237
I : 450 1565778142946175 1565778142992382 46207
I : 451 1565778142992397 1565778143036010 43613
I : 452 1565778143036034 1565778143082690 46656
I : 453 1565778143082731 1565778143128725 45994
I : 454 1565778143128767 1565778143174495 45728
I : 455 1565778143174511 1565778143217835 43324
I : 456 1565778143217866 1565778143263771 45905
I : 457 1565778143263788 1565778143308971 45183
I : 458 1565778143309012 1565778143354909 45897
I : 459 1565778143354942 1565778143400954 46012
I : 460 1565778143400982 1565778143447154 46172
I : 461 1565778143447181 1565778143493222 46041
I : 462 1565778143493237 1565778143537996 44759
I : 463 1565778143538017 1565778143584741 46724
I : 464 1565778143584756 1565778143631236 46480
I : 465 1565778143631264 1565778143678224 46960
I : 466 1565778143678240 1565778143723614 45374
I : 467 1565778143723650 1565778143771514 47864
I : 468 1565778143771555 1565778143818222 46667
I : 469 1565778143818238 1565778143862551 44313
I : 470 1565778143862565 1565778143910936 48371
I : 471 1565778143910963 1565778143958891 47928
I : 472 1565778143958918 1565778144006476 47558
I : 473 1565778144006492 1565778144052902 46410
I : 474 1565778144052932 1565778144100857 47925
I : 475 1565778144100873 1565778144147136 46263
I : 476 1565778144147169 1565778144196175 49006
I : 477 1565778144196195 1565778144242116 45921
I : 478 1565778144242143 1565778144289184 47041
I : 479 1565778144289205 1565778144337215 48010
I : 480 1565778144337257 1565778144386186 48929
I : 481 1565778144386226 1565778144435158 48932
I : 482 1565778144435199 1565778144483695 48496
I : 483 1565778144483736 1565778144532226 48490
I : 484 1565778144532246 1565778144578474 46228
I : 485 1565778144578663 1565778144629402 50739
I : 486 1565778144629421 1565778144676671 47250
I : 487 1565778144676710 1565778144726910 50200
I : 488 1565778144726950 1565778144775832 48882
I : 489 1565778144775871 1565778144824769 48898
I : 490 1565778144824807 1565778144874699 49892
I : 491 1565778144882089 1565778145020330 138241
I : 492 1565778145020335 1565778145061675 41340
I : 493 1565778145061695 1565778145111975 50280
I : 494 1565778145112013 1565778145154944 42931
I : 495 1565778145154985 1565778145200819 45834
I : 496 1565778145200857 1565778145243226 42369
I : 497 1565778145243268 1565778145287207 43939
I : 498 1565778145287244 1565778145329719 42475
I : 499 1565778145329736 1565778145375578 45842
I : 500 1565778145375614 1565778145417727 42113
I : 501 1565778145417768 1565778145459903 42135
I : 502 1565778145459941 1565778145502827 42886
I : 503 1565778145502843 1565778145544036 41193
I : 504 1565778145544064 1565778145586066 42002
I : 505 1565778145586083 1565778145627484 41401
I : 506 1565778145627536 1565778145669718 42182
I : 507 1565778145669760 1565778145711927 42167
I : 508 1565778145711964 1565778145753806 41842
I : 509 1565778145753834 1565778145796254 42420
I : 510 1565778145796290 1565778145838939 42649
I : 511 1565778145838955 1565778145880360 41405
I : 512 1565778145880384 1565778145922213 41829
I : 513 1565778145922229 1565778145963609 41380
I : 514 1565778145963644 1565778146005645 42001
I : 515 1565778146005662 1565778146046867 41205
I : 516 1565778146046957 1565778146089166 42209
I : 517 1565778146089196 1565778146130381 41185
I : 518 1565778146130407 1565778146172397 41990
I : 519 1565778146172412 1565778146213686 41274
I : 520 1565778146213710 1565778146255140 41430
I : 521 1565778146255180 1565778146297335 42155
I : 522 1565778146297372 1565778146339986 42614
I : 523 1565778146340002 1565778146382394 42392
I : 524 1565778146382416 1565778146423554 41138
I : 525 1565778146423569 1565778146464686 41117
I : 526 1565778146464711 1565778146506788 42077
I : 527 1565778146506803 1565778146548014 41211
I : 528 1565778146548035 1565778146590157 42122
I : 529 1565778146590173 1565778146631580 41407
I : 530 1565778146631609 1565778146673610 42001
I : 531 1565778146673651 1565778146715812 42161
I : 532 1565778146715830 1565778146757010 41180
I : 533 1565778146757051 1565778146799362 42311
I : 534 1565778146799400 1565778146841946 42546
I : 535 1565778146841969 1565778146883385 41416
I : 536 1565778146883414 1565778146925433 42019
I : 537 1565778146925450 1565778146966800 41350
I : 538 1565778146966829 1565778147008501 41672
I : 539 1565778147008543 1565778147051261 42718
I : 540 1565778147051299 1565778147093260 41961
I : 541 1565778147093301 1565778147141292 47991
I : 542 1565778147141329 1565778147183475 42146
I : 543 1565778147183515 1565778147225629 42114
I : 544 1565778147225666 1565778147268476 42810
I : 545 1565778147268493 1565778147309853 41360
I : 546 1565778147309884 1565778147351681 41797
I : 547 1565778147351697 1565778147393040 41343
I : 548 1565778147393070 1565778147435321 42251
I : 549 1565778147435362 1565778147477578 42216
I : 550 1565778147477616 1565778147520406 42790
I : 551 1565778147520423 1565778147561668 41245
I : 552 1565778147561713 1565778147603370 41657
I : 553 1565778147603411 1565778147646215 42804
I : 554 1565778147646253 1565778147688384 42131
I : 555 1565778147688414 1565778147731635 43221
I : 556 1565778147731673 1565778147774477 42804
I : 557 1565778147774509 1565778147816714 42205
I : 558 1565778147816750 1565778147858789 42039
I : 559 1565778147858805 1565778147900022 41217
I : 560 1565778147900056 1565778147941820 41764
I : 561 1565778147941836 1565778147982544 40708
I : 562 1565778147982568 1565778148025270 42702
I : 563 1565778148025286 1565778148072471 47185
I : 564 1565778148072506 1565778148114803 42297
I : 565 1565778148114820 1565778148155596 40776
I : 566 1565778148155633 1565778148198213 42580
I : 567 1565778148198254 1565778148241128 42874
I : 568 1565778148241166 1565778148283424 42258
I : 569 1565778148283465 1565778148325423 41958
I : 570 1565778148325461 1565778148367577 42116
I : 571 1565778148367618 1565778148409817 42199
I : 572 1565778148409855 1565778148452005 42150
I : 573 1565778148452048 1565778148494716 42668
I : 574 1565778148494730 1565778148535959 41229
I : 575 1565778148535992 1565778148578251 42259
I : 576 1565778148578266 1565778148619413 41147
I : 577 1565778148619446 1565778148661552 42106
I : 578 1565778148661566 1565778148702745 41179
I : 579 1565778148702776 1565778148744995 42219
I : 580 1565778148745010 1565778148786178 41168
I : 581 1565778148786208 1565778148828236 42028
I : 582 1565778148828268 1565778148869672 41404
I : 583 1565778148869714 1565778148911922 42208
I : 584 1565778148911960 1565778148953921 41961
I : 585 1565778148953990 1565778148996349 42359
I : 586 1565778148996363 1565778149037986 41623
I : 587 1565778149038014 1565778149079431 41417
I : 588 1565778149079469 1565778149122216 42747
I : 589 1565778149122232 1565778149163569 41337
I : 590 1565778149163600 1565778149205860 42260
I : 591 1565778149205901 1565778149248227 42326
I : 592 1565778149248256 1565778149290373 42117
I : 593 1565778149290415 1565778149333841 43426
I : 594 1565778149333856 1565778149375363 41507
I : 595 1565778149375394 1565778149417013 41619
I : 596 1565778149417051 1565778149459933 42882
I : 597 1565778149459974 1565778149502644 42670
I : 598 1565778149502658 1565778149543829 41171
I : 599 1565778149543857 1565778149585819 41962
I : 600 1565778149585834 1565778149627194 41360
I : 601 1565778149627219 1565778149668490 41271
I : 602 1565778149668528 1565778149710551 42023
I : 603 1565778149710570 1565778149752868 42298
I : 604 1565778149752906 1565778149795067 42161
I : 605 1565778149795082 1565778149836124 41042
I : 606 1565778149836153 1565778149877510 41357
I : 607 1565778149877526 1565778149918765 41239
I : 608 1565778149918786 1565778149959779 40993
I : 609 1565778149959794 1565778150001106 41312
I : 610 1565778150001130 1565778150043202 42072
I : 611 1565778150043218 1565778150084264 41046
I : 612 1565778150084286 1565778150125557 41271
I : 613 1565778150125599 1565778150167543 41944
I : 614 1565778150167556 1565778150208698 41142
I : 615 1565778150208719 1565778150249941 41222
I : 616 1565778150249989 1565778150292463 42474
I : 617 1565778150292478 1565778150340881 48403
I : 618 1565778150340905 1565778150382788 41883
I : 619 1565778150382829 1565778150425527 42698
I : 620 1565778150425565 1565778150467726 42161
I : 621 1565778150467766 1565778150509800 42034
I : 622 1565778150509838 1565778150552712 42874
I : 623 1565778150552753 1565778150595292 42539
I : 624 1565778150595306 1565778150637004 41698
I : 625 1565778150637027 1565778150678642 41615
I : 626 1565778150678656 1565778150719469 40813
I : 627 1565778150719493 1565778150760770 41277
I : 628 1565778150760796 1565778150803663 42867
I : 629 1565778150803678 1565778150847968 44290
I : 630 1565778150847997 1565778150890190 42193
I : 631 1565778150890231 1565778150932738 42507
I : 632 1565778150932776 1565778150975269 42493
I : 633 1565778150975284 1565778151016663 41379
I : 634 1565778151016684 1565778151057950 41266
I : 635 1565778151057973 1565778151098959 40986
I : 636 1565778151098983 1565778151140183 41200
I : 637 1565778151140223 1565778151182395 42172
I : 638 1565778151182425 1565778151223294 40869
I : 639 1565778151223335 1565778151265968 42633
I : 640 1565778151265983 1565778151307604 41621
I : 641 1565778151307627 1565778151349366 41739
I : 642 1565778151349380 1565778151390850 41470
I : 643 1565778151390871 1565778151432408 41537
I : 644 1565778151432435 1565778151474694 42259
I : 645 1565778151474710 1565778151515726 41016
I : 646 1565778151515751 1565778151557987 42236
I : 647 1565778151558002 1565778151599044 41042
I : 648 1565778151599065 1565778151640261 41196
I : 649 1565778151640276 1565778151681342 41066
I : 650 1565778151681364 1565778151722567 41203
I : 651 1565778151722594 1565778151764798 42204
I : 652 1565778151764824 1565778151807042 42218
I : 653 1565778151807083 1565778151857702 50619
I : 654 1565778151857728 1565778151900215 42487
I : 655 1565778151900246 1565778151942044 41798
I : 656 1565778151942072 1565778151984322 42250
I : 657 1565778151984363 1565778152026311 41948
I : 658 1565778152026337 1565778152068517 42180
I : 659 1565778152068558 1565778152111845 43287
I : 660 1565778152111871 1565778152154890 43019
I : 661 1565778152154905 1565778152198088 43183
I : 662 1565778152198128 1565778152240267 42139
I : 663 1565778152240308 1565778152282709 42401
I : 664 1565778152282723 1565778152324375 41652
I : 665 1565778152324399 1565778152365771 41372
I : 666 1565778152365798 1565778152407923 42125
I : 667 1565778152407964 1565778152452615 44651
I : 668 1565778152452641 1565778152495094 42453
I : 669 1565778152495136 1565778152537110 41974
I : 670 1565778152537148 1565778152579728 42580
I : 671 1565778152579744 1565778152621226 41482
I : 672 1565778152621251 1565778152662981 41730
I : 673 1565778152662997 1565778152704498 41501
I : 674 1565778152704522 1565778152746175 41653
I : 675 1565778152746215 1565778152789100 42885
I : 676 1565778152789114 1565778152830200 41086
I : 677 1565778152830224 1565778152871353 41129
I : 678 1565778152871380 1565778152914097 42717
I : 679 1565778152914139 1565778152958761 44622
I : 680 1565778152958776 1565778153000055 41279
I : 681 1565778153000079 1565778153041171 41092
I : 682 1565778153041185 1565778153082426 41241
I : 683 1565778153082450 1565778153123376 40926
I : 684 1565778153123402 1565778153166086 42684
I : 685 1565778153166101 1565778153211736 45635
I : 686 1565778153211757 1565778153253839 42082
I : 687 1565778153253990 1565778153296304 42314
I : 688 1565778153296318 1565778153337955 41637
I : 689 1565778153337992 1565778153379501 41509
I : 690 1565778153379527 1565778153421387 41860
I : 691 1565778153421416 1565778153463817 42401
I : 692 1565778153463843 1565778153505867 42024
I : 693 1565778153505908 1565778153548057 42149
I : 694 1565778153548083 1565778153590303 42220
I : 695 1565778153590313 1565778153631254 40941
I : 696 1565778153631276 1565778153672611 41335
I : 697 1565778153672625 1565778153713665 41040
I : 698 1565778153713685 1565778153755163 41478
I : 699 1565778153755191 1565778153797530 42339
I : 700 1565778153797550 1565778153839115 41565
I : 701 1565778153839157 1565778153882478 43321
I : 702 1565778153882503 1565778153924555 42052
I : 703 1565778153924584 1565778153973343 48759
I : 704 1565778153973368 1565778154016094 42726
I : 705 1565778154016109 1565778154056757 40648
I : 706 1565778154056770 1565778154098246 41476
I : 707 1565778154098261 1565778154139770 41509
I : 708 1565778154139788 1565778154181519 41731
I : 709 1565778154181535 1565778154223097 41562
I : 710 1565778154223119 1565778154265045 41926
I : 711 1565778154265061 1565778154306340 41279
I : 712 1565778154306361 1565778154348335 41974
I : 713 1565778154348376 1565778154391151 42775
I : 714 1565778154391166 1565778154432388 41222
I : 715 1565778154432411 1565778154473406 40995
I : 716 1565778154473432 1565778154516117 42685
I : 717 1565778154516158 1565778154558989 42831
I : 718 1565778154559003 1565778154600081 41078
I : 719 1565778154600104 1565778154641241 41137
I : 720 1565778154641256 1565778154682412 41156
I : 721 1565778154682449 1565778154723720 41271
I : 722 1565778154723734 1565778154764717 40983
I : 723 1565778154764739 1565778154805863 41124
I : 724 1565778154805891 1565778154848133 42242
I : 725 1565778154848148 1565778154899976 51828
I : 726 1565778154900001 1565778154941302 41301
I : 727 1565778154941344 1565778154983961 42617
I : 728 1565778154983987 1565778155026486 42499
I : 729 1565778155026527 1565778155068794 42267
I : 730 1565778155068819 1565778155110979 42160
I : 731 1565778155111019 1565778155153879 42860
I : 732 1565778155153893 1565778155194944 41051
I : 733 1565778155194966 1565778155236813 41847
I : 734 1565778155236827 1565778155277972 41145
I : 735 1565778155277987 1565778155318781 40794
I : 736 1565778155318803 1565778155359750 40947
I : 737 1565778155359767 1565778155401072 41305
I : 738 1565778155401093 1565778155442272 41179
I : 739 1565778155442313 1565778155484827 42514
I : 740 1565778155484845 1565778155526579 41734
I : 741 1565778155526615 1565778155569144 42529
I : 742 1565778155569168 1565778155612022 42854
I : 743 1565778155612037 1565778155655483 43446
I : 744 1565778155655497 1565778155697096 41599
I : 745 1565778155697119 1565778155738034 40915
I : 746 1565778155738059 1565778155780655 42596
I : 747 1565778155780697 1565778155824561 43864
I : 748 1565778155824586 1565778155866979 42393
I : 749 1565778155866994 1565778155908756 41762
I : 750 1565778155908779 1565778155950259 41480
I : 751 1565778155950299 1565778155992179 41880
I : 752 1565778155992206 1565778156034151 41945
I : 753 1565778156034192 1565778156076490 42298
I : 754 1565778156076516 1565778156118302 41786
I : 755 1565778156118317 1565778156162685 44368
I : 756 1565778156162718 1565778156203886 41168
I : 757 1565778156203927 1565778156246030 42103
I : 758 1565778156246055 1565778156288333 42278
I : 759 1565778156288375 1565778156332552 44177
I : 760 1565778156332577 1565778156374556 41979
I : 761 1565778156374597 1565778156419027 44430
I : 762 1565778156419041 1565778156460666 41625
I : 763 1565778156460691 1565778156501646 40955
I : 764 1565778156501673 1565778156543986 42313
I : 765 1565778156544013 1565778156585995 41982
I : 766 1565778156586020 1565778156628694 42674
I : 767 1565778156628708 1565778156672267 43559
I : 768 1565778156672289 1565778156714095 41806
I : 769 1565778156714110 1565778156755662 41552
I : 770 1565778156755696 1565778156797357 41661
I : 771 1565778156797397 1565778156839747 42350
I : 772 1565778156839767 1565778156881609 41842
I : 773 1565778156881650 1565778156923693 42043
I : 774 1565778156923707 1565778156964945 41238
I : 775 1565778156964985 1565778157006931 41946
I : 776 1565778157006945 1565778157047994 41049
I : 777 1565778157048024 1565778157092943 44919
I : 778 1565778157092968 1565778157135755 42787
I : 779 1565778157135773 1565778157177426 41653
I : 780 1565778157177440 1565778157218713 41273
I : 781 1565778157218735 1565778157259756 41021
I : 782 1565778157259782 1565778157301791 42009
I : 783 1565778157301819 1565778157348983 47164
I : 784 1565778157349009 1565778157391165 42156
I : 785 1565778157391180 1565778157432275 41095
I : 786 1565778157432295 1565778157473765 41470
I : 787 1565778157473781 1565778157514466 40685
I : 788 1565778157514475 1565778157556007 41532
I : 789 1565778157556022 1565778157596738 40716
I : 790 1565778157596748 1565778157638011 41263
I : 791 1565778157638039 1565778157680456 42417
I : 792 1565778157680481 1565778157723354 42873
I : 793 1565778157723372 1565778157764525 41153
I : 794 1565778157764551 1565778157806774 42223
I : 795 1565778157806802 1565778157853782 46980
I : 796 1565778157853807 1565778157896280 42473
I : 797 1565778157896293 1565778157938718 42425
I : 798 1565778157938738 1565778157980688 41950
I : 799 1565778157980703 1565778158022188 41485
I : 800 1565778158022221 1565778158063954 41733
I : 801 1565778158063969 1565778158104602 40633
I : 802 1565778158104621 1565778158146131 41510
I : 803 1565778158146146 1565778158186808 40662
I : 804 1565778158186821 1565778158228362 41541
I : 805 1565778158228389 1565778158270445 42056
I : 806 1565778158270470 1565778158312352 41882
I : 807 1565778158312362 1565778158353677 41315
I : 808 1565778158353702 1565778158396112 42410
I : 809 1565778158396140 1565778158443742 47602
I : 810 1565778158443763 1565778158485260 41497
I : 811 1565778158485275 1565778158526097 40822
I : 812 1565778158526107 1565778158567859 41752
I : 813 1565778158567874 1565778158608452 40578
I : 814 1565778158608462 1565778158649861 41399
I : 815 1565778158649868 1565778158690736 40868
I : 816 1565778158690745 1565778158732302 41557
I : 817 1565778158732331 1565778158774444 42113
I : 818 1565778158774470 1565778158817223 42753
I : 819 1565778158817255 1565778158858594 41339
I : 820 1565778158858619 1565778158900818 42199
I : 821 1565778158900846 1565778158947863 47017
I : 822 1565778158947880 1565778158989401 41521
I : 823 1565778158989416 1565778159030097 40681
I : 824 1565778159030106 1565778159071480 41374
I : 825 1565778159071510 1565778159115610 44100
I : 826 1565778159115636 1565778159157898 42262
I : 827 1565778159157913 1565778159200907 42994
I : 828 1565778159200927 1565778159241997 41070
I : 829 1565778159242028 1565778159284169 42141
I : 830 1565778159284194 1565778159326482 42288
I : 831 1565778159326511 1565778159371435 44924
I : 832 1565778159371461 1565778159413732 42271
I : 833 1565778159413738 1565778159454417 40679
I : 834 1565778159454427 1565778159496343 41916
I : 835 1565778159496358 1565778159537586 41228
I : 836 1565778159537595 1565778159578671 41076
I : 837 1565778159578685 1565778159620106 41421
I : 838 1565778159620116 1565778159661715 41599
I : 839 1565778159661721 1565778159702429 40708
I : 840 1565778159702437 1565778159743845 41408
I : 841 1565778159743875 1565778159786117 42242
I : 842 1565778159786142 1565778159828080 41938
I : 843 1565778159828090 1565778159869455 41365
I : 844 1565778159869480 1565778159911821 42341
I : 845 1565778159911850 1565778159959539 47689
I : 846 1565778159959558 1565778160001319 41761
I : 847 1565778160001334 1565778160042614 41280
I : 848 1565778160042625 1565778160083444 40819
I : 849 1565778160083475 1565778160125845 42370
I : 850 1565778160125850 1565778160166627 40777
I : 851 1565778160166646 1565778160207679 41033
I : 852 1565778160207704 1565778160249606 41902
I : 853 1565778160249619 1565778160291175 41556
I : 854 1565778160291200 1565778160333768 42568
I : 855 1565778160333787 1565778160375293 41506
I : 856 1565778160375298 1565778160416442 41144
I : 857 1565778160416456 1565778160457749 41293
I : 858 1565778160457870 1565778160499772 41902
I : 859 1565778160499784 1565778160540860 41076
I : 860 1565778160540889 1565778160583235 42346
I : 861 1565778160583264 1565778160633530 50266
I : 862 1565778160633555 1565778160675649 42094
I : 863 1565778160675664 1565778160717441 41777
I : 864 1565778160717452 1565778160758714 41262
I : 865 1565778160758720 1565778160799752 41032
I : 866 1565778160799761 1565778160841005 41244
I : 867 1565778160841034 1565778160883137 42103
I : 868 1565778160883163 1565778160925482 42319
I : 869 1565778160925510 1565778160972387 46877
I : 870 1565778160972392 1565778161013674 41282
I : 871 1565778161013694 1565778161054777 41083
I : 872 1565778161054804 1565778161097138 42334
I : 873 1565778161097167 1565778161140468 43301
I : 874 1565778161140473 1565778161181237 40764
I : 875 1565778161181257 1565778161222497 41240
I : 876 1565778161222522 1565778161264565 42043
I : 877 1565778161264588 1565778161305796 41208
I : 878 1565778161305821 1565778161347817 41996
I : 879 1565778161347837 1565778161389001 41164
I : 880 1565778161389006 1565778161430055 41049
I : 881 1565778161430066 1565778161471472 41406
I : 882 1565778161471503 1565778161513434 41931
I : 883 1565778161513446 1565778161554770 41324
I : 884 1565778161554798 1565778161596746 41948
I : 885 1565778161596758 1565778161637836 41078
I : 886 1565778161637864 1565778161680459 42595
I : 887 1565778161680490 1565778161729506 49016
I : 888 1565778161729532 1565778161771433 41901
I : 889 1565778161771462 1565778161814796 43334
I : 890 1565778161814821 1565778161856755 41934
I : 891 1565778161856784 1565778161899789 43005
I : 892 1565778161899814 1565778161942016 42202
I : 893 1565778161942047 1565778161985137 43090
I : 894 1565778161985165 1565778162027483 42318
I : 895 1565778162027511 1565778162072448 44937
I : 896 1565778162072474 1565778162114791 42317
I : 897 1565778162114818 1565778162156684 41866
I : 898 1565778162156690 1565778162197894 41204
I : 899 1565778162197915 1565778162239005 41090
I : 900 1565778162239031 1565778162281427 42396
I : 901 1565778162281456 1565778162324103 42647
I : 902 1565778162324112 1565778162365645 41533
I : 903 1565778162365674 1565778162407788 42114
I : 904 1565778162407812 1565778162449725 41913
I : 905 1565778162449753 1565778162500641 50888
I : 906 1565778162500666 1565778162543041 42375
I : 907 1565778162543082 1565778162584918 41836
I : 908 1565778162584944 1565778162627454 42510
I : 909 1565778162627481 1565778162669416 41935
I : 910 1565778162669442 1565778162711870 42428
I : 911 1565778162711911 1565778162753706 41795
I : 912 1565778162753731 1565778162796056 42325
I : 913 1565778162796085 1565778162842018 45933
I : 914 1565778162842044 1565778162884062 42018
I : 915 1565778162884104 1565778162926466 42362
I : 916 1565778162926492 1565778162968442 41950
I : 917 1565778162968457 1565778163009420 40963
I : 918 1565778163009430 1565778163051037 41607
I : 919 1565778163051052 1565778163091723 40671
I : 920 1565778163091732 1565778163133293 41561
I : 921 1565778163133300 1565778163174029 40729
I : 922 1565778163174037 1565778163215607 41570
I : 923 1565778163215636 1565778163258321 42685
I : 924 1565778163258330 1565778163299951 41621
I : 925 1565778163299980 1565778163342018 42038
I : 926 1565778163342047 1565778163384974 42927
I : 927 1565778163384994 1565778163426281 41287
I : 928 1565778163426306 1565778163468420 42114
I : 929 1565778163468449 1565778163512054 43605
I : 930 1565778163512064 1565778163553730 41666
I : 931 1565778163553758 1565778163594732 40974
I : 932 1565778163594741 1565778163635931 41190
I : 933 1565778163635962 1565778163678383 42421
I : 934 1565778163678412 1565778163721051 42639
I : 935 1565778163721064 1565778163762600 41536
I : 936 1565778163762629 1565778163804742 42113
I : 937 1565778163804772 1565778163848901 44129
I : 938 1565778163848926 1565778163891084 42158
I : 939 1565778163891113 1565778163933937 42824
I : 940 1565778163933981 1565778163976383 42402
I : 941 1565778163976412 1565778164026510 50098
I : 942 1565778164026524 1565778164067622 41098
I : 943 1565778164067643 1565778164108922 41279
I : 944 1565778164108936 1565778164149867 40931
I : 945 1565778164149886 1565778164190990 41104
I : 946 1565778164190995 1565778164232303 41308
I : 947 1565778164232324 1565778164273376 41052
I : 948 1565778164273401 1565778164315608 42207
I : 949 1565778164315627 1565778164356650 41023
I : 950 1565778164356675 1565778164399068 42393
I : 951 1565778164399095 1565778164440965 41870
I : 952 1565778164440990 1565778164483075 42085
I : 953 1565778164483102 1565778164525437 42335
I : 954 1565778164525461 1565778164567400 41939
I : 955 1565778164567419 1565778164608707 41288
I : 956 1565778164608735 1565778164650682 41947
I : 957 1565778164650714 1565778164693068 42354
I : 958 1565778164693097 1565778164735561 42464
I : 959 1565778164735573 1565778164777260 41687
I : 960 1565778164777289 1565778164819439 42150
I : 961 1565778164819471 1565778164866297 46826
I : 962 1565778164866307 1565778164907759 41452
I : 963 1565778164907787 1565778164949665 41878
I : 964 1565778164949691 1565778164992057 42366
I : 965 1565778164992084 1565778165041138 49054
I : 966 1565778165041152 1565778165082286 41134
I : 967 1565778165082321 1565778165123462 41141
I : 968 1565778165123487 1565778165165583 42096
I : 969 1565778165165603 1565778165206816 41213
I : 970 1565778165206830 1565778165247811 40981
I : 971 1565778165247831 1565778165289239 41408
I : 972 1565778165289254 1565778165330174 40920
I : 973 1565778165330199 1565778165371368 41169
I : 974 1565778165371393 1565778165413732 42339
I : 975 1565778165413759 1565778165455673 41914
I : 976 1565778165455698 1565778165498061 42363
I : 977 1565778165498088 1565778165540561 42473
I : 978 1565778165540569 1565778165582152 41583
I : 979 1565778165582181 1565778165624033 41852
I : 980 1565778165624043 1565778165665568 41525
I : 981 1565778165665596 1565778165707728 42132
I : 982 1565778165707753 1565778165749979 42226
I : 983 1565778165750008 1565778165792075 42067
I : 984 1565778165792105 1565778165834660 42555
I : 985 1565778165834678 1565778165876232 41554
I : 986 1565778165876259 1565778165918455 42196
I : 987 1565778165918481 1565778165960700 42219
I : 988 1565778165960728 1565778166002767 42039
I : 989 1565778166002794 1565778166046008 43214
I : 990 1565778166046037 1565778166088084 42047
I : 991 1565778166088111 1565778166130456 42345
I : 992 1565778166130484 1565778166172406 41922
I : 993 1565778166172436 1565778166215765 43329
I : 994 1565778166215794 1565778166257702 41908
I : 995 1565778166257733 1565778166300772 43039
I : 996 1565778166300799 1565778166343128 42329
I : 997 1565778166343160 1565778166386094 42934
I : 998 1565778166386122 1565778166428466 42344
I : 999 1565778166428504 1565778166471616 43112
I : 1000 1565778166471654 1565778166513902 42248
