A : 1 1565946489668484 1565946489709371 40887
A : 2 1565946489709386 1565946489750403 41017
A : 3 1565946489750411 1565946489791273 40862
A : 4 1565946489791282 1565946489832230 40948
A : 5 1565946489832242 1565946489873179 40937
A : 6 1565946489873188 1565946489914079 40891
A : 7 1565946489914090 1565946489955079 40989
A : 8 1565946489955091 1565946489996384 41293
A : 9 1565946489996402 1565946490037641 41239
A : 10 1565946490037658 1565946490078817 41159
A : 11 1565946490078853 1565946490121340 42487
A : 12 1565946490121376 1565946490164061 42685
A : 13 1565946490164096 1565946490207886 43790
A : 14 1565946490207910 1565946490248987 41077
A : 15 1565946490249023 1565946490291586 42563
A : 16 1565946490291634 1565946490334215 42581
A : 17 1565946490334243 1565946490376794 42551
A : 18 1565946490376822 1565946490419311 42489
A : 19 1565946490419345 1565946490461840 42495
A : 20 1565946490461852 1565946490502852 41000
A : 21 1565946490502881 1565946490545196 42315
A : 22 1565946490545224 1565946490587511 42287
A : 23 1565946490587542 1565946490629813 42271
A : 24 1565946490629843 1565946490672128 42285
A : 25 1565946490672161 1565946490714689 42528
A : 26 1565946490714721 1565946490757226 42505
A : 27 1565946490757258 1565946490799752 42494
A : 28 1565946490799784 1565946490842303 42519
A : 29 1565946490842335 1565946490884850 42515
A : 30 1565946490884883 1565946490927464 42581
A : 31 1565946490927496 1565946490969986 42490
A : 32 1565946490970018 1565946491012529 42511
A : 33 1565946491012561 1565946491055113 42552
A : 34 1565946491055145 1565946491097808 42663
A : 35 1565946491097831 1565946491138848 41017
A : 36 1565946491138881 1565946491181350 42469
A : 37 1565946491181382 1565946491223896 42514
A : 38 1565946491223928 1565946491266439 42511
A : 39 1565946491266471 1565946491308937 42466
A : 40 1565946491308969 1565946491351487 42518
A : 41 1565946491351519 1565946491394042 42523
A : 42 1565946491394074 1565946491436925 42851
A : 43 1565946491436957 1565946491479438 42481
A : 44 1565946491479470 1565946491522026 42556
A : 45 1565946491522057 1565946491564548 42491
A : 46 1565946491564581 1565946491607114 42533
A : 47 1565946491607146 1565946491649622 42476
A : 48 1565946491649668 1565946491692354 42686
A : 49 1565946491692399 1565946491734928 42529
A : 50 1565946491734939 1565946491775654 40715
A : 51 1565946491775679 1565946491816827 41148
A : 52 1565946491816860 1565946491859364 42504
A : 53 1565946491859396 1565946491901884 42488
A : 54 1565946491901915 1565946491944513 42598
A : 55 1565946491944558 1565946491987050 42492
A : 56 1565946491987083 1565946492029687 42604
A : 57 1565946492029732 1565946492072294 42562
A : 58 1565946492072327 1565946492115004 42677
A : 59 1565946492115051 1565946492157675 42624
A : 60 1565946492157720 1565946492200351 42631
A : 61 1565946492200396 1565946492243039 42643
A : 62 1565946492243086 1565946492285721 42635
A : 63 1565946492285767 1565946492328451 42684
A : 64 1565946492328474 1565946492369623 41149
A : 65 1565946492369671 1565946492412503 42832
A : 66 1565946492412548 1565946492455108 42560
A : 67 1565946492455155 1565946492497897 42742
A : 68 1565946492497943 1565946492540558 42615
A : 69 1565946492540578 1565946492581734 41156
A : 70 1565946492581781 1565946492624483 42702
A : 71 1565946492624505 1565946492665690 41185
A : 72 1565946492665738 1565946492708469 42731
A : 73 1565946492708516 1565946492751375 42859
A : 74 1565946492751418 1565946492794073 42655
A : 75 1565946492794118 1565946492836652 42534
A : 76 1565946492836699 1565946492879429 42730
A : 77 1565946492879475 1565946492921987 42512
A : 78 1565946492922033 1565946492964658 42625
A : 79 1565946492964704 1565946493007186 42482
A : 80 1565946493007230 1565946493049728 42498
A : 81 1565946493049774 1565946493092557 42783
A : 82 1565946493092602 1565946493135234 42632
A : 83 1565946493135280 1565946493178590 43310
A : 84 1565946493178636 1565946493221148 42512
A : 85 1565946493221195 1565946493264012 42817
A : 86 1565946493264058 1565946493306668 42610
A : 87 1565946493306713 1565946493349467 42754
A : 88 1565946493349514 1565946493392227 42713
A : 89 1565946493392272 1565946493434916 42644
A : 90 1565946493434962 1565946493477622 42660
A : 91 1565946493477668 1565946493520156 42488
A : 92 1565946493520178 1565946493561281 41103
A : 93 1565946493561327 1565946493603874 42547
A : 94 1565946493603906 1565946493646460 42554
A : 95 1565946493646505 1565946493689472 42967
A : 96 1565946493689492 1565946493730649 41157
A : 97 1565946493730695 1565946493773264 42569
A : 98 1565946493773284 1565946493814442 41158
A : 99 1565946493814486 1565946493857018 42532
A : 100 1565946493857062 1565946493899601 42539
A : 101 1565946493899633 1565946493942169 42536
A : 102 1565946493942201 1565946493984705 42504
A : 103 1565946493984737 1565946494027472 42735
A : 104 1565946494027495 1565946494068534 41039
A : 105 1565946494068566 1565946494111117 42551
A : 106 1565946494111149 1565946494153674 42525
A : 107 1565946494153706 1565946494196733 43027
A : 108 1565946494196765 1565946494239255 42490
A : 109 1565946494239287 1565946494281819 42532
A : 110 1565946494281851 1565946494324354 42503
A : 111 1565946494324387 1565946494366890 42503
A : 112 1565946494366921 1565946494409427 42506
A : 113 1565946494409459 1565946494451984 42525
A : 114 1565946494452016 1565946494494602 42586
A : 115 1565946494494635 1565946494537110 42475
A : 116 1565946494537126 1565946494578051 40925
A : 117 1565946494578081 1565946494620608 42527
A : 118 1565946494620640 1565946494663186 42546
A : 119 1565946494663219 1565946494706269 43050
A : 120 1565946494706285 1565946494747279 40994
A : 121 1565946494747310 1565946494789817 42507
A : 122 1565946494789832 1565946494830745 40913
A : 123 1565946494830775 1565946494873272 42497
A : 124 1565946494873306 1565946494915855 42549
A : 125 1565946494915889 1565946494958465 42576
A : 126 1565946494958497 1565946495001017 42520
A : 127 1565946495001049 1565946495043552 42503
A : 128 1565946495043568 1565946495084466 40898
A : 129 1565946495084500 1565946495127068 42568
A : 130 1565946495127100 1565946495169591 42491
A : 131 1565946495169623 1565946495212609 42986
A : 132 1565946495212641 1565946495255182 42541
A : 133 1565946495255215 1565946495297714 42499
A : 134 1565946495297746 1565946495340289 42543
A : 135 1565946495340320 1565946495382886 42566
A : 136 1565946495382916 1565946495425411 42495
A : 137 1565946495425443 1565946495468005 42562
A : 138 1565946495468037 1565946495510771 42734
A : 139 1565946495510802 1565946495553264 42462
A : 140 1565946495553296 1565946495595851 42555
A : 141 1565946495595885 1565946495638396 42511
A : 142 1565946495638410 1565946495679242 40832
A : 143 1565946495679273 1565946495721976 42703
A : 144 1565946495721993 1565946495762994 41001
A : 145 1565946495763028 1565946495805498 42470
A : 146 1565946495805531 1565946495848079 42548
A : 147 1565946495848113 1565946495890654 42541
A : 148 1565946495890688 1565946495933173 42485
A : 149 1565946495933189 1565946495974220 41031
A : 150 1565946495974253 1565946496016734 42481
A : 151 1565946496016749 1565946496057659 40910
A : 152 1565946496057691 1565946496100168 42477
A : 153 1565946496100183 1565946496141093 40910
A : 154 1565946496141126 1565946496183610 42484
A : 155 1565946496183625 1565946496224632 41007
A : 156 1565946496224662 1565946496266976 42314
A : 157 1565946496267009 1565946496309528 42519
A : 158 1565946496309541 1565946496350588 41047
A : 159 1565946496350633 1565946496393158 42525
A : 160 1565946496393191 1565946496435751 42560
A : 161 1565946496435784 1565946496478280 42496
A : 162 1565946496478314 1565946496520758 42444
A : 163 1565946496520771 1565946496561806 41035
A : 164 1565946496561839 1565946496604362 42523
A : 165 1565946496604377 1565946496645247 40870
A : 166 1565946496645277 1565946496687602 42325
A : 167 1565946496687618 1565946496728684 41066
A : 168 1565946496728718 1565946496771287 42569
A : 169 1565946496771322 1565946496813994 42672
A : 170 1565946496814039 1565946496856614 42575
A : 171 1565946496856661 1565946496899438 42777
A : 172 1565946496899484 1565946496942171 42687
A : 173 1565946496942193 1565946496983220 41027
A : 174 1565946496983375 1565946497026151 42776
A : 175 1565946497026173 1565946497067205 41032
A : 176 1565946497067250 1565946497110029 42779
A : 177 1565946497110075 1565946497152745 42670
A : 178 1565946497152790 1565946497195576 42786
A : 179 1565946497195598 1565946497237024 41426
A : 180 1565946497237069 1565946497279772 42703
A : 181 1565946497279818 1565946497322324 42506
A : 182 1565946497322368 1565946497365102 42734
A : 183 1565946497365148 1565946497407891 42743
A : 184 1565946497407937 1565946497450497 42560
A : 185 1565946497450543 1565946497493283 42740
A : 186 1565946497493329 1565946497536003 42674
A : 187 1565946497536025 1565946497577124 41099
A : 188 1565946497577170 1565946497619834 42664
A : 189 1565946497619855 1565946497660942 41087
A : 190 1565946497660987 1565946497703524 42537
A : 191 1565946497703535 1565946497744767 41232
A : 192 1565946497744813 1565946497787555 42742
A : 193 1565946497787594 1565946497828745 41151
A : 194 1565946497828791 1565946497871326 42535
A : 195 1565946497871338 1565946497912481 41143
A : 196 1565946497912526 1565946497955117 42591
A : 197 1565946497955150 1565946497997634 42484
A : 198 1565946497997646 1565946498038648 41002
A : 199 1565946498038692 1565946498081132 42440
A : 200 1565946498081177 1565946498123784 42607
A : 201 1565946498123815 1565946498166581 42766
A : 202 1565946498166625 1565946498209386 42761
A : 203 1565946498209433 1565946498252547 43114
A : 204 1565946498252594 1565946498295345 42751
A : 205 1565946498295392 1565946498338068 42676
A : 206 1565946498338114 1565946498380615 42501
A : 207 1565946498380647 1565946498423231 42584
A : 208 1565946498423277 1565946498465947 42670
A : 209 1565946498465981 1565946498507249 41268
A : 210 1565946498507296 1565946498549745 42449
A : 211 1565946498549767 1565946498590972 41205
A : 212 1565946498591018 1565946498633589 42571
A : 213 1565946498633611 1565946498674564 40953
A : 214 1565946498674610 1565946498717143 42533
A : 215 1565946498717164 1565946498758479 41315
A : 216 1565946498758525 1565946498801075 42550
A : 217 1565946498801106 1565946498843782 42676
A : 218 1565946498843827 1565946498886362 42535
A : 219 1565946498886407 1565946498928992 42585
A : 220 1565946498929039 1565946498971727 42688
A : 221 1565946498971773 1565946499014373 42600
A : 222 1565946499014418 1565946499056931 42513
A : 223 1565946499056940 1565946499098057 41117
A : 224 1565946499098103 1565946499140812 42709
A : 225 1565946499140859 1565946499183355 42496
A : 226 1565946499183400 1565946499226075 42675
A : 227 1565946499226097 1565946499267178 41081
A : 228 1565946499267222 1565946499309891 42669
A : 229 1565946499309936 1565946499352641 42705
A : 230 1565946499352688 1565946499395408 42720
A : 231 1565946499395453 1565946499438103 42650
A : 232 1565946499438150 1565946499480902 42752
A : 233 1565946499480947 1565946499523734 42787
A : 234 1565946499523779 1565946499566350 42571
A : 235 1565946499566371 1565946499607440 41069
A : 236 1565946499607486 1565946499650014 42528
A : 237 1565946499650058 1565946499692826 42768
A : 238 1565946499692871 1565946499735544 42673
A : 239 1565946499735567 1565946499776971 41404
A : 240 1565946499777017 1565946499819682 42665
A : 241 1565946499819703 1565946499860712 41009
A : 242 1565946499860757 1565946499903426 42669
A : 243 1565946499903472 1565946499946239 42767
A : 244 1565946499946284 1565946499988944 42660
A : 245 1565946499988989 1565946500031790 42801
A : 246 1565946500031810 1565946500072879 41069
A : 247 1565946500072925 1565946500115748 42823
A : 248 1565946500115795 1565946500158480 42685
A : 249 1565946500158526 1565946500201046 42520
A : 250 1565946500201090 1565946500243621 42531
A : 251 1565946500243667 1565946500286799 43132
A : 252 1565946500286845 1565946500329486 42641
A : 253 1565946500329532 1565946500372207 42675
A : 254 1565946500372245 1565946500413523 41278
A : 255 1565946500413567 1565946500456283 42716
A : 256 1565946500456329 1565946500499166 42837
A : 257 1565946500499187 1565946500540269 41082
A : 258 1565946500540312 1565946500582788 42476
A : 259 1565946500582809 1565946500623976 41167
A : 260 1565946500624021 1565946500666634 42613
A : 261 1565946500666680 1565946500709346 42666
A : 262 1565946500709393 1565946500752073 42680
A : 263 1565946500752092 1565946500793226 41134
A : 264 1565946500793263 1565946500835125 41862
A : 265 1565946500835170 1565946500877851 42681
A : 266 1565946500877897 1565946500920560 42663
A : 267 1565946500920583 1565946500961810 41227
A : 268 1565946500961856 1565946501004504 42648
A : 269 1565946501004541 1565946501045728 41187
A : 270 1565946501045775 1565946501088439 42664
A : 271 1565946501088461 1565946501129645 41184
A : 272 1565946501129691 1565946501172341 42650
A : 273 1565946501172364 1565946501213542 41178
A : 274 1565946501213588 1565946501256268 42680
A : 275 1565946501256288 1565946501297345 41057
A : 276 1565946501297383 1565946501339358 41975
A : 277 1565946501339404 1565946501382070 42666
A : 278 1565946501382116 1565946501424825 42709
A : 279 1565946501424870 1565946501467408 42538
A : 280 1565946501467452 1565946501510106 42654
A : 281 1565946501510142 1565946501551189 41047
A : 282 1565946501551234 1565946501593900 42666
A : 283 1565946501593922 1565946501634948 41026
A : 284 1565946501634992 1565946501677537 42545
A : 285 1565946501677559 1565946501718480 40921
A : 286 1565946501718525 1565946501761217 42692
A : 287 1565946501761239 1565946501802283 41044
A : 288 1565946501802328 1565946501844930 42602
A : 289 1565946501844949 1565946501885883 40934
A : 290 1565946501885917 1565946501928235 42318
A : 291 1565946501928282 1565946501971332 43050
A : 292 1565946501971376 1565946502014017 42641
A : 293 1565946502014037 1565946502054988 40951
A : 294 1565946502055029 1565946502097333 42304
A : 295 1565946502097355 1565946502138311 40956
A : 296 1565946502138356 1565946502180956 42600
A : 297 1565946502180978 1565946502222123 41145
A : 298 1565946502222167 1565946502264844 42677
A : 299 1565946502264891 1565946502308150 43259
A : 300 1565946502308172 1565946502349347 41175
A : 301 1565946502349409 1565946502392204 42795
A : 302 1565946502392222 1565946502432958 40736
A : 303 1565946502432988 1565946502474518 41530
A : 304 1565946502474564 1565946502517275 42711
A : 305 1565946502517320 1565946502559853 42533
A : 306 1565946502559886 1565946502602455 42569
A : 307 1565946502602477 1565946502643553 41076
A : 308 1565946502643599 1565946502686193 42594
A : 309 1565946502686240 1565946502729041 42801
A : 310 1565946502729088 1565946502771646 42558
A : 311 1565946502771678 1565946502814676 42998
A : 312 1565946502814708 1565946502857185 42477
A : 313 1565946502857218 1565946502899790 42572
A : 314 1565946502899823 1565946502942302 42479
A : 315 1565946502942333 1565946502985138 42805
A : 316 1565946502985183 1565946503027955 42772
A : 317 1565946503027991 1565946503069246 41255
A : 318 1565946503069307 1565946503112147 42840
A : 319 1565946503112170 1565946503153425 41255
A : 320 1565946503153470 1565946503196123 42653
A : 321 1565946503196144 1565946503237208 41064
A : 322 1565946503237269 1565946503279972 42703
A : 323 1565946503280017 1565946503323144 43127
A : 324 1565946503323167 1565946503364398 41231
A : 325 1565946503364443 1565946503407123 42680
A : 326 1565946503407144 1565946503448067 40923
A : 327 1565946503448088 1565946503490165 42077
A : 328 1565946503490178 1565946503531146 40968
A : 329 1565946503531191 1565946503573954 42763
A : 330 1565946503574024 1565946503616774 42750
A : 331 1565946503616794 1565946503657806 41012
A : 332 1565946503657851 1565946503700422 42571
A : 333 1565946503700442 1565946503741531 41089
A : 334 1565946503741577 1565946503784317 42740
A : 335 1565946503784338 1565946503825378 41040
A : 336 1565946503825410 1565946503867947 42537
A : 337 1565946503867981 1565946503910692 42711
A : 338 1565946503910713 1565946503951895 41182
A : 339 1565946503951941 1565946503994723 42782
A : 340 1565946503994770 1565946504037401 42631
A : 341 1565946504037447 1565946504080144 42697
A : 342 1565946504080190 1565946504122731 42541
A : 343 1565946504122751 1565946504163775 41024
A : 344 1565946504163821 1565946504206353 42532
A : 345 1565946504206400 1565946504247294 40894
A : 346 1565946504247339 1565946504290015 42676
A : 347 1565946504290038 1565946504331438 41400
A : 348 1565946504331484 1565946504374092 42608
A : 349 1565946504374138 1565946504416716 42578
A : 350 1565946504416762 1565946504459459 42697
A : 351 1565946504459505 1565946504502317 42812
A : 352 1565946504502347 1565946504545062 42715
A : 353 1565946504545108 1565946504587803 42695
A : 354 1565946504587849 1565946504630638 42789
A : 355 1565946504630672 1565946504671731 41059
A : 356 1565946504671775 1565946504714047 42272
A : 357 1565946504714382 1565946504755998 41616
A : 358 1565946505104216 1565946505145084 40868
A : 359 1565946505145103 1565946505186613 41510
A : 360 1565946505186636 1565946505227689 41053
A : 361 1565946505227726 1565946505270302 42576
A : 362 1565946505270325 1565946505311481 41156
A : 363 1565946505311519 1565946505354044 42525
A : 364 1565946505354064 1565946505395104 41040
A : 365 1565946505395143 1565946505437836 42693
A : 366 1565946505437882 1565946505480520 42638
A : 367 1565946505480537 1565946505521457 40920
A : 368 1565946505521505 1565946505564268 42763
A : 369 1565946505564307 1565946505606967 42660
A : 370 1565946505606988 1565946505647990 41002
A : 371 1565946505648025 1565946505690707 42682
A : 372 1565946505690729 1565946505731785 41056
A : 373 1565946505731823 1565946505774406 42583
A : 374 1565946505774451 1565946505817115 42664
A : 375 1565946505817153 1565946505859840 42687
A : 376 1565946505859886 1565946505902367 42481
A : 377 1565946505902406 1565946505945090 42684
A : 378 1565946505945137 1565946505987692 42555
A : 379 1565946505987711 1565946506028843 41132
A : 380 1565946506028889 1565946506071448 42559
A : 381 1565946506071486 1565946506114234 42748
A : 382 1565946506114280 1565946506156914 42634
A : 383 1565946506156932 1565946506198150 41218
A : 384 1565946506198195 1565946506240765 42570
A : 385 1565946506240804 1565946506283399 42595
A : 386 1565946506283434 1565946506326082 42648
A : 387 1565946506326114 1565946506367330 41216
A : 388 1565946506367376 1565946506410060 42684
A : 389 1565946506410098 1565946506452729 42631
A : 390 1565946506452790 1565946506495539 42749
A : 391 1565946506495557 1565946506536657 41100
A : 392 1565946506536703 1565946506579257 42554
A : 393 1565946506579295 1565946506621810 42515
A : 394 1565946506621853 1565946506664519 42666
A : 395 1565946506664559 1565946506707739 43180
A : 396 1565946506707785 1565946506750488 42703
A : 397 1565946506750527 1565946506793293 42766
A : 398 1565946506793339 1565946506836020 42681
A : 399 1565946506836059 1565946506878776 42717
A : 400 1565946506878822 1565946506921309 42487
A : 401 1565946506921348 1565946506964136 42788
A : 402 1565946506964183 1565946507006735 42552
A : 403 1565946507006754 1565946507048014 41260
A : 404 1565946507048060 1565946507090642 42582
A : 405 1565946507090680 1565946507133292 42612
A : 406 1565946507133315 1565946507174313 40998
A : 407 1565946507174352 1565946507217377 43025
A : 408 1565946507217412 1565946507260103 42691
A : 409 1565946507260140 1565946507302692 42552
A : 410 1565946507302738 1565946507345553 42815
A : 411 1565946507345592 1565946507388145 42553
A : 412 1565946507388189 1565946507430773 42584
A : 413 1565946507430813 1565946507473411 42598
A : 414 1565946507473456 1565946507516179 42723
A : 415 1565946507516195 1565946507557194 40999
A : 416 1565946507557241 1565946507599759 42518
A : 417 1565946507599798 1565946507642412 42614
A : 418 1565946507642434 1565946507683545 41111
A : 419 1565946507683583 1565946507726749 43166
A : 420 1565946507726772 1565946507768028 41256
A : 421 1565946507768066 1565946507810701 42635
A : 422 1565946507810722 1565946507851704 40982
A : 423 1565946507851738 1565946507894032 42294
A : 424 1565946507894078 1565946507936647 42569
A : 425 1565946507936665 1565946507977876 41211
A : 426 1565946507977922 1565946508020516 42594
A : 427 1565946508020533 1565946508061602 41069
A : 428 1565946508061647 1565946508104190 42543
A : 429 1565946508104205 1565946508145142 40937
A : 430 1565946508145169 1565946508186426 41257
A : 431 1565946508186465 1565946508229657 43192
A : 432 1565946508229677 1565946508270654 40977
A : 433 1565946508270693 1565946508313440 42747
A : 434 1565946508313461 1565946508354309 40848
A : 435 1565946508354355 1565946508397154 42799
A : 436 1565946508397201 1565946508439682 42481
A : 437 1565946508439699 1565946508480745 41046
A : 438 1565946508480789 1565946508523440 42651
A : 439 1565946508523458 1565946508564745 41287
A : 440 1565946508564791 1565946508607435 42644
A : 441 1565946508607475 1565946508650121 42646
A : 442 1565946508650142 1565946508691039 40897
A : 443 1565946508691073 1565946508733655 42582
A : 444 1565946508733690 1565946508776465 42775
A : 445 1565946508776480 1565946508817384 40904
A : 446 1565946508817409 1565946508858827 41418
A : 447 1565946508858865 1565946508901471 42606
A : 448 1565946508901517 1565946508944390 42873
A : 449 1565946508944408 1565946508985496 41088
A : 450 1565946508985547 1565946509028575 43028
A : 451 1565946509028593 1565946509069744 41151
A : 452 1565946509069799 1565946509112874 43075
A : 453 1565946509112912 1565946509155482 42570
A : 454 1565946509155527 1565946509198264 42737
A : 455 1565946509198302 1565946509240926 42624
A : 456 1565946509240973 1565946509283694 42721
A : 457 1565946509283733 1565946509326241 42508
A : 458 1565946509326285 1565946509368982 42697
A : 459 1565946509369000 1565946509410144 41144
A : 460 1565946509410190 1565946509452672 42482
A : 461 1565946509452691 1565946509493787 41096
A : 462 1565946509493832 1565946509536388 42556
A : 463 1565946509536406 1565946509577503 41097
A : 464 1565946509577550 1565946509620040 42490
A : 465 1565946509620060 1565946509661231 41171
A : 466 1565946509661277 1565946509703878 42601
A : 467 1565946509703896 1565946509744816 40920
A : 468 1565946509744852 1565946509787349 42497
A : 469 1565946509787366 1565946509828444 41078
A : 470 1565946509828462 1565946509869416 40954
A : 471 1565946509869438 1565946509910820 41382
A : 472 1565946509910866 1565946509953397 42531
A : 473 1565946509953436 1565946509996125 42689
A : 474 1565946509996169 1565946510038730 42561
A : 475 1565946510038765 1565946510081391 42626
A : 476 1565946510081437 1565946510124061 42624
A : 477 1565946510124100 1565946510166743 42643
A : 478 1565946510166766 1565946510207935 41169
A : 479 1565946510207974 1565946510251104 43130
A : 480 1565946510251125 1565946510292168 41043
A : 481 1565946510292207 1565946510334874 42667
A : 482 1565946510334895 1565946510375870 40975
A : 483 1565946510375900 1565946510418003 42103
A : 484 1565946510418049 1565946510460718 42669
A : 485 1565946510460751 1565946510502000 41249
A : 486 1565946510502045 1565946510544723 42678
A : 487 1565946510544741 1565946510585791 41050
A : 488 1565946510585839 1565946510628568 42729
A : 489 1565946510628606 1565946510671243 42637
A : 490 1565946510671266 1565946510712394 41128
A : 491 1565946510712433 1565946510755627 43194
A : 492 1565946510755649 1565946510796789 41140
A : 493 1565946510796828 1565946510839386 42558
A : 494 1565946510839431 1565946510882073 42642
A : 495 1565946510882111 1565946510924732 42621
A : 496 1565946510924777 1565946510967522 42745
A : 497 1565946510967560 1565946511010181 42621
A : 498 1565946511010224 1565946511052814 42590
A : 499 1565946511052833 1565946511093934 41101
A : 500 1565946511094031 1565946511136514 42483
A : 501 1565946511136552 1565946511179281 42729
A : 502 1565946511179327 1565946511221832 42505
A : 503 1565946511221870 1565946511264997 43127
A : 504 1565946511265043 1565946511307753 42710
A : 505 1565946511307792 1565946511350298 42506
A : 506 1565946511350343 1565946511392964 42621
A : 507 1565946511392982 1565946511434024 41042
A : 508 1565946511434069 1565946511476850 42781
A : 509 1565946511476888 1565946511519463 42575
A : 510 1565946511519509 1565946511562182 42673
A : 511 1565946511562198 1565946511603123 40925
A : 512 1565946511603169 1565946511646047 42878
A : 513 1565946511646091 1565946511688508 42417
A : 514 1565946511688530 1565946511729756 41226
A : 515 1565946511729795 1565946511772829 43034
A : 516 1565946511772955 1565946511815617 42662
A : 517 1565946511815656 1565946511858191 42535
A : 518 1565946511858235 1565946511900848 42613
A : 519 1565946511900867 1565946511942073 41206
A : 520 1565946511942120 1565946511984765 42645
A : 521 1565946511984804 1565946512027361 42557
A : 522 1565946512027413 1565946512069847 42434
A : 523 1565946512069866 1565946512111104 41238
A : 524 1565946512111151 1565946512153691 42540
A : 525 1565946512153729 1565946512196401 42672
A : 526 1565946512196446 1565946512238986 42540
A : 527 1565946512239024 1565946512282219 43195
A : 528 1565946512282241 1565946512323181 40940
A : 529 1565946512323219 1565946512365848 42629
A : 530 1565946512365894 1565946512408616 42722
A : 531 1565946512408654 1565946512451415 42761
A : 532 1565946512451461 1565946512494155 42694
A : 533 1565946512494194 1565946512536722 42528
A : 534 1565946512536767 1565946512579472 42705
A : 535 1565946512579504 1565946512620533 41029
A : 536 1565946512620578 1565946512663421 42843
A : 537 1565946512663459 1565946512705990 42531
A : 538 1565946512706036 1565946512748749 42713
A : 539 1565946512748787 1565946512791996 43209
A : 540 1565946512792021 1565946512833404 41383
A : 541 1565946512833419 1565946512874167 40748
A : 542 1565946512874204 1565946512915532 41328
A : 543 1565946512915571 1565946512958184 42613
A : 544 1565946512958220 1565946512999470 41250
A : 545 1565946512999509 1565946513042244 42735
A : 546 1565946513042291 1565946513085032 42741
A : 547 1565946513085049 1565946513126271 41222
A : 548 1565946513126317 1565946513168988 42671
A : 549 1565946513169027 1565946513211854 42827
A : 550 1565946513211900 1565946513254446 42546
A : 551 1565946513254465 1565946513295862 41397
A : 552 1565946513295907 1565946513338434 42527
A : 553 1565946513338475 1565946513381220 42745
A : 554 1565946513381266 1565946513423923 42657
A : 555 1565946513423941 1565946513465090 41149
A : 556 1565946513465131 1565946513507416 42285
A : 557 1565946513507455 1565946513550145 42690
A : 558 1565946513550191 1565946513592835 42644
A : 559 1565946513592853 1565946513634023 41170
A : 560 1565946513634068 1565946513676782 42714
A : 561 1565946513676820 1565946513719303 42483
A : 562 1565946513719325 1565946513760464 41139
A : 563 1565946513760502 1565946513803528 43026
A : 564 1565946513803575 1565946513846195 42620
A : 565 1565946513846213 1565946513887164 40951
A : 566 1565946513887209 1565946513929988 42779
A : 567 1565946513930026 1565946513972529 42503
A : 568 1565946513972574 1565946514015183 42609
A : 569 1565946514015201 1565946514056203 41002
A : 570 1565946514056247 1565946514098846 42599
A : 571 1565946514098864 1565946514139907 41043
A : 572 1565946514139951 1565946514182750 42799
A : 573 1565946514182788 1565946514225451 42663
A : 574 1565946514225497 1565946514268165 42668
A : 575 1565946514268203 1565946514311473 43270
A : 576 1565946514311519 1565946514354062 42543
A : 577 1565946514354101 1565946514396832 42731
A : 578 1565946514396877 1565946514439437 42560
A : 579 1565946514439475 1565946514481992 42517
A : 580 1565946514482038 1565946514524728 42690
A : 581 1565946514524745 1565946514565845 41100
A : 582 1565946514565890 1565946514608587 42697
A : 583 1565946514608607 1565946514649622 41015
A : 584 1565946514649668 1565946514692391 42723
A : 585 1565946514692430 1565946514735108 42678
A : 586 1565946514735153 1565946514777676 42523
A : 587 1565946514777715 1565946514820668 42953
A : 588 1565946514820691 1565946514861913 41222
A : 589 1565946514861953 1565946514904512 42559
A : 590 1565946514904558 1565946514947163 42605
A : 591 1565946514947194 1565946514988181 40987
A : 592 1565946514988228 1565946515030925 42697
A : 593 1565946515030943 1565946515071942 40999
A : 594 1565946515071988 1565946515114493 42505
A : 595 1565946515114510 1565946515155435 40925
A : 596 1565946515155480 1565946515198130 42650
A : 597 1565946515198160 1565946515239050 40890
A : 598 1565946515239094 1565946515281718 42624
A : 599 1565946515281732 1565946515322479 40747
A : 600 1565946515322509 1565946515364039 41530
A : 601 1565946515364057 1565946515405061 41004
A : 602 1565946515405105 1565946515447712 42607
A : 603 1565946515447751 1565946515490274 42523
A : 604 1565946515490319 1565946515532883 42564
A : 605 1565946515532921 1565946515575438 42517
A : 606 1565946515575461 1565946515616559 41098
A : 607 1565946515616598 1565946515659158 42560
A : 608 1565946515659203 1565946515701831 42628
A : 609 1565946515701869 1565946515744695 42826
A : 610 1565946515744740 1565946515787291 42551
A : 611 1565946515787331 1565946515829998 42667
A : 612 1565946515830020 1565946515870984 40964
A : 613 1565946515871023 1565946515913764 42741
A : 614 1565946515913811 1565946515956379 42568
A : 615 1565946515956410 1565946515999101 42691
A : 616 1565946515999146 1565946516041797 42651
A : 617 1565946516041836 1565946516084627 42791
A : 618 1565946516084673 1565946516127224 42551
A : 619 1565946516127263 1565946516169787 42524
A : 620 1565946516169835 1565946516212659 42824
A : 621 1565946516212698 1565946516255232 42534
A : 622 1565946516255275 1565946516297983 42708
A : 623 1565946516298022 1565946516340533 42511
A : 624 1565946516340572 1565946516381622 41050
A : 625 1565946516381675 1565946516424364 42689
A : 626 1565946516424410 1565946516467117 42707
A : 627 1565946516467134 1565946516508293 41159
A : 628 1565946516508338 1565946516551104 42766
A : 629 1565946516551119 1565946516591971 40852
A : 630 1565946516591998 1565946516633325 41327
A : 631 1565946516633364 1565946516676041 42677
A : 632 1565946516676065 1565946516717183 41118
A : 633 1565946516717222 1565946516759940 42718
A : 634 1565946516759962 1565946516800994 41032
A : 635 1565946516801033 1565946516843729 42696
A : 636 1565946516843750 1565946516884833 41083
A : 637 1565946516884870 1565946516927474 42604
A : 638 1565946516927520 1565946516970078 42558
A : 639 1565946516970116 1565946517012806 42690
A : 640 1565946517012852 1565946517055368 42516
A : 641 1565946517055386 1565946517096525 41139
A : 642 1565946517096572 1565946517139125 42553
A : 643 1565946517139162 1565946517181794 42632
A : 644 1565946517181815 1565946517222964 41149
A : 645 1565946517223003 1565946517265785 42782
A : 646 1565946517265831 1565946517308526 42695
A : 647 1565946517308564 1565946517351242 42678
A : 648 1565946517351287 1565946517393926 42639
A : 649 1565946517393969 1565946517435111 41142
A : 650 1565946517435157 1565946517477837 42680
A : 651 1565946517477876 1565946517520528 42652
A : 652 1565946517520550 1565946517561612 41062
A : 653 1565946517561651 1565946517604224 42573
A : 654 1565946517604269 1565946517646924 42655
A : 655 1565946517646963 1565946517689524 42561
A : 656 1565946517689568 1565946517732376 42808
A : 657 1565946517732415 1565946517775063 42648
A : 658 1565946517775110 1565946517817794 42684
A : 659 1565946517817831 1565946517860482 42651
A : 660 1565946517860518 1565946517901684 41166
A : 661 1565946517901723 1565946517944437 42714
A : 662 1565946517944483 1565946517987041 42558
A : 663 1565946517987080 1565946518029713 42633
A : 664 1565946518029758 1565946518072266 42508
A : 665 1565946518072283 1565946518113334 41051
A : 666 1565946518113380 1565946518155921 42541
A : 667 1565946518155958 1565946518198746 42788
A : 668 1565946518198792 1565946518241393 42601
A : 669 1565946518241432 1565946518284218 42786
A : 670 1565946518284264 1565946518326807 42543
A : 671 1565946518326844 1565946518369487 42643
A : 672 1565946518369533 1565946518412256 42723
A : 673 1565946518412295 1565946518454883 42588
A : 674 1565946518454904 1565946518495950 41046
A : 675 1565946518495989 1565946518538543 42554
A : 676 1565946518538576 1565946518581318 42742
A : 677 1565946518581357 1565946518624023 42666
A : 678 1565946518624069 1565946518666729 42660
A : 679 1565946518666748 1565946518707785 41037
A : 680 1565946518707830 1565946518750375 42545
A : 681 1565946518750412 1565946518793039 42627
A : 682 1565946518793085 1565946518835847 42762
A : 683 1565946518835886 1565946518878561 42675
A : 684 1565946518878608 1565946518921102 42494
A : 685 1565946518921142 1565946518963843 42701
A : 686 1565946518963889 1565946519006485 42596
A : 687 1565946519006543 1565946519047649 41106
A : 688 1565946519047693 1565946519090207 42514
A : 689 1565946519090225 1565946519131280 41055
A : 690 1565946519131325 1565946519173986 42661
A : 691 1565946519174004 1565946519215007 41003
A : 692 1565946519215053 1565946519257639 42586
A : 693 1565946519257678 1565946519300319 42641
A : 694 1565946519300364 1565946519343000 42636
A : 695 1565946519343038 1565946519385713 42675
A : 696 1565946519385759 1565946519428502 42743
A : 697 1565946519428541 1565946519471080 42539
A : 698 1565946519471112 1565946519513817 42705
A : 699 1565946519513834 1565946519554772 40938
A : 700 1565946519554821 1565946519597481 42660
A : 701 1565946519597498 1565946519638422 40924
A : 702 1565946519638466 1565946519681097 42631
A : 703 1565946519681135 1565946519723867 42732
A : 704 1565946519723887 1565946519764964 41077
A : 705 1565946519764988 1565946519806503 41515
A : 706 1565946519806550 1565946519849232 42682
A : 707 1565946519849272 1565946519891992 42720
A : 708 1565946519892015 1565946519933037 41022
A : 709 1565946519933075 1565946519975807 42732
A : 710 1565946519975826 1565946520016784 40958
A : 711 1565946520016807 1565946520058223 41416
A : 712 1565946520058254 1565946520100913 42659
A : 713 1565946520100930 1565946520141938 41008
A : 714 1565946520142008 1565946520184806 42798
A : 715 1565946520184845 1565946520227724 42879
A : 716 1565946520227770 1565946520270321 42551
A : 717 1565946520270360 1565946520313002 42642
A : 718 1565946520313048 1565946520355600 42552
A : 719 1565946520355639 1565946520398171 42532
A : 720 1565946520398193 1565946520439138 40945
A : 721 1565946520439175 1565946520481806 42631
A : 722 1565946520481852 1565946520524375 42523
A : 723 1565946520524390 1565946520565522 41132
A : 724 1565946520565568 1565946520608291 42723
A : 725 1565946520608309 1565946520649393 41084
A : 726 1565946520649441 1565946520692197 42756
A : 727 1565946520692235 1565946520734904 42669
A : 728 1565946520734951 1565946520777626 42675
A : 729 1565946520777664 1565946520820202 42538
A : 730 1565946520820249 1565946520862901 42652
A : 731 1565946520862940 1565946520905443 42503
A : 732 1565946520905487 1565946520948253 42766
A : 733 1565946520948292 1565946520990862 42570
A : 734 1565946520990906 1565946521033395 42489
A : 735 1565946521033412 1565946521074318 40906
A : 736 1565946521074363 1565946521116844 42481
A : 737 1565946521116875 1565946521159512 42637
A : 738 1565946521159555 1565946521202090 42535
A : 739 1565946521202128 1565946521244842 42714
A : 740 1565946521244867 1565946521286166 41299
A : 741 1565946521286204 1565946521328872 42668
A : 742 1565946521328918 1565946521371482 42564
A : 743 1565946521371522 1565946521414157 42635
A : 744 1565946521414179 1565946521455197 41018
A : 745 1565946521455235 1565946521497879 42644
A : 746 1565946521497925 1565946521540441 42516
A : 747 1565946521540461 1565946521581755 41294
A : 748 1565946521581773 1565946521622515 40742
A : 749 1565946521622537 1565946521664110 41573
A : 750 1565946521664155 1565946521706846 42691
A : 751 1565946521706883 1565946521749377 42494
A : 752 1565946521749397 1565946521790295 40898
A : 753 1565946521790331 1565946521832833 42502
A : 754 1565946521832879 1565946521875550 42671
A : 755 1565946521875589 1565946521918313 42724
A : 756 1565946521918335 1565946521959414 41079
A : 757 1565946521959452 1565946522002176 42724
A : 758 1565946522002222 1565946522044950 42728
A : 759 1565946522044968 1565946522085905 40937
A : 760 1565946522085951 1565946522128669 42718
A : 761 1565946522128688 1565946522169717 41029
A : 762 1565946522169763 1565946522212445 42682
A : 763 1565946522212483 1565946522254800 42317
A : 764 1565946522254824 1565946522296084 41260
A : 765 1565946522296122 1565946522338658 42536
A : 766 1565946522338674 1565946522379741 41067
A : 767 1565946522379779 1565946522422317 42538
A : 768 1565946522422337 1565946522463346 41009
A : 769 1565946522463384 1565946522505882 42498
A : 770 1565946522505926 1565946522548588 42662
A : 771 1565946522548604 1565946522589653 41049
A : 772 1565946522589699 1565946522632376 42677
A : 773 1565946522632394 1565946522673427 41033
A : 774 1565946522673473 1565946522716111 42638
A : 775 1565946522716149 1565946522758702 42553
A : 776 1565946522758727 1565946522799980 41253
A : 777 1565946522800019 1565946522842604 42585
A : 778 1565946522842623 1565946522883405 40782
A : 779 1565946522883430 1565946522925089 41659
A : 780 1565946522925111 1565946522966056 40945
A : 781 1565946522966095 1565946523008710 42615
A : 782 1565946523008756 1565946523051340 42584
A : 783 1565946523051357 1565946523092366 41009
A : 784 1565946523092404 1565946523134762 42358
A : 785 1565946523134800 1565946523177435 42635
A : 786 1565946523177452 1565946523218449 40997
A : 787 1565946523218484 1565946523261146 42662
A : 788 1565946523261193 1565946523303711 42518
A : 789 1565946523303730 1565946523344838 41108
A : 790 1565946523344884 1565946523387436 42552
A : 791 1565946523387476 1565946523430148 42672
A : 792 1565946523430170 1565946523471104 40934
A : 793 1565946523471142 1565946523513786 42644
A : 794 1565946523513831 1565946523556391 42560
A : 795 1565946523556408 1565946523597460 41052
A : 796 1565946523597506 1565946523640089 42583
A : 797 1565946523640127 1565946523682796 42669
A : 798 1565946523682842 1565946523725536 42694
A : 799 1565946523725574 1565946523768261 42687
A : 800 1565946523768306 1565946523810949 42643
A : 801 1565946523810988 1565946523853637 42649
A : 802 1565946523853682 1565946523896337 42655
A : 803 1565946523896376 1565946523938911 42535
A : 804 1565946523938954 1565946523981606 42652
A : 805 1565946523981644 1565946524024247 42603
A : 806 1565946524024293 1565946524066867 42574
A : 807 1565946524066906 1565946524109585 42679
A : 808 1565946524109606 1565946524150748 41142
A : 809 1565946524150786 1565946524193428 42642
A : 810 1565946524193449 1565946524234472 41023
A : 811 1565946524234511 1565946524277175 42664
A : 812 1565946524277221 1565946524319790 42569
A : 813 1565946524319830 1565946524362425 42595
A : 814 1565946524362472 1565946524405020 42548
A : 815 1565946524405058 1565946524447763 42705
A : 816 1565946524447809 1565946524490362 42553
A : 817 1565946524490400 1565946524533160 42760
A : 818 1565946524533207 1565946524575908 42701
A : 819 1565946524575927 1565946524617053 41126
A : 820 1565946524617098 1565946524659794 42696
A : 821 1565946524659832 1565946524702594 42762
A : 822 1565946524702639 1565946524745397 42758
A : 823 1565946524745436 1565946524787995 42559
A : 824 1565946524788016 1565946524829148 41132
A : 825 1565946524829186 1565946524871729 42543
A : 826 1565946524871781 1565946524914266 42485
A : 827 1565946524914305 1565946524956782 42477
A : 828 1565946524956812 1565946524999356 42544
A : 829 1565946524999394 1565946525042035 42641
A : 830 1565946525042081 1565946525084751 42670
A : 831 1565946525084769 1565946525125831 41062
A : 832 1565946525125878 1565946525168513 42635
A : 833 1565946525168533 1565946525209721 41188
A : 834 1565946525209764 1565946525252554 42790
A : 835 1565946525252593 1565946525295348 42755
A : 836 1565946525295393 1565946525337894 42501
A : 837 1565946525337933 1565946525380547 42614
A : 838 1565946525380592 1565946525423154 42562
A : 839 1565946525423192 1565946525465669 42477
A : 840 1565946525465679 1565946525506738 41059
A : 841 1565946525506775 1565946525549320 42545
A : 842 1565946525549366 1565946525592082 42716
A : 843 1565946525592100 1565946525633349 41249
A : 844 1565946525633395 1565946525676127 42732
A : 845 1565946525676165 1565946525718856 42691
A : 846 1565946525718878 1565946525759982 41104
A : 847 1565946525760020 1565946525802803 42783
A : 848 1565946525802850 1565946525845584 42734
A : 849 1565946525845622 1565946525888192 42570
A : 850 1565946525888215 1565946525929340 41125
A : 851 1565946525929379 1565946525971969 42590
A : 852 1565946525971989 1565946526013026 41037
A : 853 1565946526013062 1565946526055619 42557
A : 854 1565946526055664 1565946526098444 42780
A : 855 1565946526098483 1565946526141133 42650
A : 856 1565946526141180 1565946526183946 42766
A : 857 1565946526183985 1565946526226492 42507
A : 858 1565946526226626 1565946526269138 42512
A : 859 1565946526269177 1565946526311904 42727
A : 860 1565946526311950 1565946526354479 42529
A : 861 1565946526354519 1565946526397148 42629
A : 862 1565946526397194 1565946526439822 42628
A : 863 1565946526439861 1565946526482694 42833
A : 864 1565946526482740 1565946526525249 42509
A : 865 1565946526525284 1565946526568021 42737
A : 866 1565946526568067 1565946526610732 42665
A : 867 1565946526610750 1565946526651832 41082
A : 868 1565946526651878 1565946526694477 42599
A : 869 1565946526694494 1565946526735550 41056
A : 870 1565946526735596 1565946526778207 42611
A : 871 1565946526778222 1565946526818936 40714
A : 872 1565946526818948 1565946526860253 41305
A : 873 1565946526860292 1565946526902782 42490
A : 874 1565946526902802 1565946526943814 41012
A : 875 1565946526943851 1565946526986376 42525
A : 876 1565946526986398 1565946527027527 41129
A : 877 1565946527027564 1565946527070093 42529
A : 878 1565946527070116 1565946527111261 41145
A : 879 1565946527111281 1565946527152339 41058
A : 880 1565946527152386 1565946527195063 42677
A : 881 1565946527195101 1565946527237825 42724
A : 882 1565946527237869 1565946527280657 42788
A : 883 1565946527280696 1565946527323246 42550
A : 884 1565946527323290 1565946527365909 42619
A : 885 1565946527365948 1565946527408621 42673
A : 886 1565946527408667 1565946527451427 42760
A : 887 1565946527451465 1565946527494173 42708
A : 888 1565946527494194 1565946527535350 41156
A : 889 1565946527535389 1565946527578068 42679
A : 890 1565946527578114 1565946527620659 42545
A : 891 1565946527620697 1565946527663353 42656
A : 892 1565946527663388 1565946527704430 41042
A : 893 1565946527704469 1565946527747132 42663
A : 894 1565946527747153 1565946527788134 40981
A : 895 1565946527788148 1565946527829093 40945
A : 896 1565946527829119 1565946527870422 41303
A : 897 1565946527870460 1565946527913173 42713
A : 898 1565946527913218 1565946527955910 42692
A : 899 1565946527955930 1565946527997209 41279
A : 900 1565946527997255 1565946528039795 42540
A : 901 1565946528039833 1565946528082419 42586
A : 902 1565946528082478 1565946528125118 42640
A : 903 1565946528125156 1565946528167895 42739
A : 904 1565946528167917 1565946528209077 41160
A : 905 1565946528209117 1565946528251786 42669
A : 906 1565946528251807 1565946528292887 41080
A : 907 1565946528292941 1565946528335463 42522
A : 908 1565946528335482 1565946528376471 40989
A : 909 1565946528376508 1565946528419164 42656
A : 910 1565946528419185 1565946528460243 41058
A : 911 1565946528460280 1565946528502833 42553
A : 912 1565946528502881 1565946528545574 42693
A : 913 1565946528545612 1565946528588122 42510
A : 914 1565946528588172 1565946528630810 42638
A : 915 1565946528630828 1565946528671805 40977
A : 916 1565946528671850 1565946528714570 42720
A : 917 1565946528714608 1565946528757233 42625
A : 918 1565946528757278 1565946528799977 42699
A : 919 1565946528800016 1565946528842701 42685
A : 920 1565946528842748 1565946528885331 42583
A : 921 1565946528885369 1565946528928068 42699
A : 922 1565946528928114 1565946528970700 42586
A : 923 1565946528970738 1565946529013372 42634
A : 924 1565946529013419 1565946529055997 42578
A : 925 1565946529056034 1565946529098653 42619
A : 926 1565946529098699 1565946529141340 42641
A : 927 1565946529141378 1565946529184096 42718
A : 928 1565946529184116 1565946529225110 40994
A : 929 1565946529225164 1565946529267847 42683
A : 930 1565946529267882 1565946529308947 41065
A : 931 1565946529309001 1565946529351715 42714
A : 932 1565946529351737 1565946529392798 41061
A : 933 1565946529392853 1565946529435672 42819
A : 934 1565946529435718 1565946529478286 42568
A : 935 1565946529478324 1565946529520853 42529
A : 936 1565946529520875 1565946529562008 41133
A : 937 1565946529562049 1565946529604502 42453
A : 938 1565946529604547 1565946529647228 42681
A : 939 1565946529647247 1565946529688281 41034
A : 940 1565946529688325 1565946529730959 42634
A : 941 1565946529730977 1565946529771987 41010
A : 942 1565946529772032 1565946529814745 42713
A : 943 1565946529814783 1565946529857419 42636
A : 944 1565946529857465 1565946529900095 42630
A : 945 1565946529900134 1565946529942797 42663
A : 946 1565946529942843 1565946529985491 42648
A : 947 1565946529985530 1565946530028261 42731
A : 948 1565946530028281 1565946530069238 40957
A : 949 1565946530069275 1565946530111844 42569
A : 950 1565946530111867 1565946530152873 41006
A : 951 1565946530152911 1565946530195516 42605
A : 952 1565946530195538 1565946530236766 41228
A : 953 1565946530236804 1565946530279439 42635
A : 954 1565946530279459 1565946530320293 40834
A : 955 1565946530320323 1565946530362452 42129
A : 956 1565946530362498 1565946530405000 42502
A : 957 1565946530405039 1565946530447665 42626
A : 958 1565946530447711 1565946530490280 42569
A : 959 1565946530490318 1565946530532803 42485
A : 960 1565946530532823 1565946530573844 41021
A : 961 1565946530573883 1565946530616561 42678
A : 962 1565946530616607 1565946530659297 42690
A : 963 1565946530659336 1565946530702081 42745
A : 964 1565946530702100 1565946530743053 40953
A : 965 1565946530743090 1565946530785589 42499
A : 966 1565946530785634 1565946530828414 42780
A : 967 1565946530828452 1565946530871030 42578
A : 968 1565946530871077 1565946530913773 42696
A : 969 1565946530913812 1565946530956348 42536
A : 970 1565946530956393 1565946530998917 42524
A : 971 1565946530998955 1565946531041672 42717
A : 972 1565946531041694 1565946531082754 41060
A : 973 1565946531082792 1565946531125423 42631
A : 974 1565946531125468 1565946531168272 42804
A : 975 1565946531168289 1565946531209293 41004
A : 976 1565946531209348 1565946531251816 42468
A : 977 1565946531251834 1565946531292945 41111
A : 978 1565946531292992 1565946531335741 42749
A : 979 1565946531335780 1565946531378480 42700
A : 980 1565946531378502 1565946531419665 41163
A : 981 1565946531419700 1565946531462037 42337
A : 982 1565946531462081 1565946531504596 42515
A : 983 1565946531504634 1565946531547260 42626
A : 984 1565946531547294 1565946531588251 40957
A : 985 1565946531588287 1565946531630651 42364
A : 986 1565946531630695 1565946531673192 42497
A : 987 1565946531673230 1565946531716031 42801
A : 988 1565946531716077 1565946531758670 42593
A : 989 1565946531758708 1565946531801313 42605
A : 990 1565946531801360 1565946531844018 42658
A : 991 1565946531844058 1565946531886593 42535
A : 992 1565946531886640 1565946531929268 42628
A : 993 1565946531929306 1565946531971802 42496
A : 994 1565946531971846 1565946532014574 42728
A : 995 1565946532014612 1565946532057218 42606
A : 996 1565946532057263 1565946532099948 42685
A : 997 1565946532099986 1565946532142559 42573
A : 998 1565946532142605 1565946532185204 42599
A : 999 1565946532185243 1565946532227908 42665
A : 1000 1565946532227954 1565946532271401 43447
A : 1001 1565946532271441 1565946532311921 40480
I : 1 1565946489668576 1565946489747668 79092
I : 2 1565946489747680 1565946489788543 40863
I : 3 1565946489788557 1565946489829512 40955
I : 4 1565946489829526 1565946489870557 41031
I : 5 1565946489870571 1565946489912032 41461
I : 6 1565946489912048 1565946489953287 41239
I : 7 1565946489953304 1565946489994282 40978
I : 8 1565946489994302 1565946490035656 41354
I : 9 1565946490035676 1565946490076972 41296
I : 10 1565946490077012 1565946490119283 42271
I : 11 1565946490119323 1565946490161311 41988
I : 12 1565946490161351 1565946490203243 41892
I : 13 1565946490203261 1565946490244594 41333
I : 14 1565946490244634 1565946490286950 42316
I : 15 1565946490286990 1565946490328944 41954
I : 16 1565946490328970 1565946490371249 42279
I : 17 1565946490371273 1565946490413278 42005
I : 18 1565946490413315 1565946490455236 41921
I : 19 1565946490455244 1565946490496343 41099
I : 20 1565946490496367 1565946490538784 42417
I : 21 1565946490538808 1565946490580772 41964
I : 22 1565946490580796 1565946490623388 42592
I : 23 1565946490623426 1565946490665625 42199
I : 24 1565946490665666 1565946490708590 42924
I : 25 1565946490708629 1565946490750818 42189
I : 26 1565946490750858 1565946490792905 42047
I : 27 1565946490792945 1565946490834918 41973
I : 28 1565946490834958 1565946490877171 42213
I : 29 1565946490877212 1565946490919685 42473
I : 30 1565946490919725 1565946490962708 42983
I : 31 1565946490962748 1565946491005733 42985
I : 32 1565946491005773 1565946491047970 42197
I : 33 1565946491048010 1565946491090675 42665
I : 34 1565946491090692 1565946491132235 41543
I : 35 1565946491132275 1565946491175175 42900
I : 36 1565946491175215 1565946491217534 42319
I : 37 1565946491217575 1565946491259581 42006
I : 38 1565946491259621 1565946491301938 42317
I : 39 1565946491302004 1565946491344996 42992
I : 40 1565946491345037 1565946491387174 42137
I : 41 1565946491387213 1565946491429345 42132
I : 42 1565946491429385 1565946491471530 42145
I : 43 1565946491471570 1565946491514226 42656
I : 44 1565946491514266 1565946491556604 42338
I : 45 1565946491556645 1565946491598732 42087
I : 46 1565946491598772 1565946491640892 42120
I : 47 1565946491640931 1565946491683036 42105
I : 48 1565946491683076 1565946491725268 42192
I : 49 1565946491725308 1565946491767286 41978
I : 50 1565946491767305 1565946491808669 41364
I : 51 1565946491808709 1565946491851652 42943
I : 52 1565946491851692 1565946491893897 42205
I : 53 1565946491893937 1565946491936167 42230
I : 54 1565946491936207 1565946491978181 41974
I : 55 1565946491978222 1565946492020505 42283
I : 56 1565946492020545 1565946492062498 41953
I : 57 1565946492062538 1565946492104851 42313
I : 58 1565946492104892 1565946492147040 42148
I : 59 1565946492147080 1565946492189218 42138
I : 60 1565946492189259 1565946492231995 42736
I : 61 1565946492232035 1565946492274181 42146
I : 62 1565946492274222 1565946492316345 42123
I : 63 1565946492316376 1565946492357592 41216
I : 64 1565946492357651 1565946492399748 42097
I : 65 1565946492399789 1565946492441736 41947
I : 66 1565946492441776 1565946492483980 42204
I : 67 1565946492484020 1565946492526945 42925
I : 68 1565946492526960 1565946492568384 41424
I : 69 1565946492568414 1565946492610269 41855
I : 70 1565946492610284 1565946492651735 41451
I : 71 1565946492651769 1565946492693763 41994
I : 72 1565946492693803 1565946492738104 44301
I : 73 1565946492738145 1565946492780264 42119
I : 74 1565946492780303 1565946492822598 42295
I : 75 1565946492822638 1565946492865320 42682
I : 76 1565946492865359 1565946492909663 44304
I : 77 1565946492909703 1565946492951818 42115
I : 78 1565946492951858 1565946492994010 42152
I : 79 1565946492994051 1565946493036092 42041
I : 80 1565946493036132 1565946493081266 45134
I : 81 1565946493081307 1565946493124319 43012
I : 82 1565946493124360 1565946493166226 41866
I : 83 1565946493166266 1565946493208563 42297
I : 84 1565946493208603 1565946493252749 44146
I : 85 1565946493252789 1565946493294882 42093
I : 86 1565946493294922 1565946493337240 42318
I : 87 1565946493337280 1565946493380113 42833
I : 88 1565946493380154 1565946493425266 45112
I : 89 1565946493425306 1565946493467687 42381
I : 90 1565946493467728 1565946493510205 42477
I : 91 1565946493510221 1565946493551733 41512
I : 92 1565946493551772 1565946493594007 42235
I : 93 1565946493594048 1565946493636316 42268
I : 94 1565946493636356 1565946493678802 42446
I : 95 1565946493678819 1565946493720372 41553
I : 96 1565946493720405 1565946493762323 41918
I : 97 1565946493762340 1565946493803688 41348
I : 98 1565946493803718 1565946493845852 42134
I : 99 1565946493845892 1565946493888093 42201
I : 100 1565946493888132 1565946493934266 46134
I : 101 1565946493934306 1565946493977253 42947
I : 102 1565946493977293 1565946494020308 43015
I : 103 1565946494020326 1565946494061310 40984
I : 104 1565946494061350 1565946494103843 42493
I : 105 1565946494103883 1565946494146022 42139
I : 106 1565946494146063 1565946494189078 43015
I : 107 1565946494189117 1565946494232055 42938
I : 108 1565946494232085 1565946494275047 42962
I : 109 1565946494275087 1565946494317595 42508
I : 110 1565946494317635 1565946494359581 41946
I : 111 1565946494359621 1565946494401638 42017
I : 112 1565946494401679 1565946494446922 45243
I : 113 1565946494446963 1565946494489235 42272
I : 114 1565946494489275 1565946494531959 42684
I : 115 1565946494531977 1565946494573395 41418
I : 116 1565946494573447 1565946494615520 42073
I : 117 1565946494615560 1565946494657576 42016
I : 118 1565946494657617 1565946494700437 42820
I : 119 1565946494700455 1565946494742084 41629
I : 120 1565946494742124 1565946494784845 42721
I : 121 1565946494784863 1565946494826019 41156
I : 122 1565946494826052 1565946494868603 42551
I : 123 1565946494868644 1565946494911601 42957
I : 124 1565946494911631 1565946494954030 42399
I : 125 1565946494954070 1565946494996966 42896
I : 126 1565946494997007 1565946495039868 42861
I : 127 1565946495039885 1565946495080932 41047
I : 128 1565946495080971 1565946495123268 42297
I : 129 1565946495123309 1565946495165618 42309
I : 130 1565946495165658 1565946495208560 42902
I : 131 1565946495208601 1565946495250595 41994
I : 132 1565946495250635 1565946495293808 43173
I : 133 1565946495293848 1565946495336356 42508
I : 134 1565946495336397 1565946495379204 42807
I : 135 1565946495379244 1565946495421559 42315
I : 136 1565946495421599 1565946495463598 41999
I : 137 1565946495463639 1565946495505953 42314
I : 138 1565946495506021 1565946495549017 42996
I : 139 1565946495549058 1565946495591860 42802
I : 140 1565946495591901 1565946495635896 43995
I : 141 1565946495635913 1565946495677032 41119
I : 142 1565946495677081 1565946495719178 42097
I : 143 1565946495719196 1565946495760702 41506
I : 144 1565946495760742 1565946495802810 42068
I : 145 1565946495802851 1565946495844911 42060
I : 146 1565946495844950 1565946495887222 42272
I : 147 1565946495887262 1565946495930004 42742
I : 148 1565946495930022 1565946495971504 41482
I : 149 1565946495971544 1565946496014303 42759
I : 150 1565946496014321 1565946496055730 41409
I : 151 1565946496055768 1565946496098597 42829
I : 152 1565946496098614 1565946496140105 41491
I : 153 1565946496140162 1565946496182879 42717
I : 154 1565946496182896 1565946496224354 41458
I : 155 1565946496224391 1565946496266483 42092
I : 156 1565946496266524 1565946496309234 42710
I : 157 1565946496309254 1565946496350762 41508
I : 158 1565946496350792 1565946496392858 42066
I : 159 1565946496392898 1565946496435219 42321
I : 160 1565946496435258 1565946496478213 42955
I : 161 1565946496478253 1565946496520212 41959
I : 162 1565946496520231 1565946496561485 41254
I : 163 1565946496561526 1565946496603451 41925
I : 164 1565946496603469 1565946496644764 41295
I : 165 1565946496644818 1565946496686727 41909
I : 166 1565946496686745 1565946496728307 41562
I : 167 1565946496728347 1565946496771050 42703
I : 168 1565946496771078 1565946496819933 48855
I : 169 1565946496819963 1565946496862437 42474
I : 170 1565946496862463 1565946496904713 42250
I : 171 1565946496904721 1565946496945371 40650
I : 172 1565946496945385 1565946496987004 41619
I : 173 1565946496987031 1565946497029661 42630
I : 174 1565946497029711 1565946497071321 41610
I : 175 1565946497071348 1565946497113401 42053
I : 176 1565946497113427 1565946497157413 43986
I : 177 1565946497157440 1565946497199286 41846
I : 178 1565946497199296 1565946497240858 41562
I : 179 1565946497240884 1565946497283004 42120
I : 180 1565946497283030 1565946497325083 42053
I : 181 1565946497325110 1565946497367439 42329
I : 182 1565946497367471 1565946497409385 41914
I : 183 1565946497409416 1565946497451734 42318
I : 184 1565946497451772 1565946497494694 42922
I : 185 1565946497494725 1565946497536687 41962
I : 186 1565946497536700 1565946497578038 41338
I : 187 1565946497578070 1565946497620011 41941
I : 188 1565946497620022 1565946497661303 41281
I : 189 1565946497661334 1565946497703440 42106
I : 190 1565946497703459 1565946497744804 41345
I : 191 1565946497744835 1565946497787613 42778
I : 192 1565946497787623 1565946497829022 41399
I : 193 1565946497829053 1565946497871075 42022
I : 194 1565946497871094 1565946497912519 41425
I : 195 1565946497912550 1565946497954767 42217
I : 196 1565946497954806 1565946497997617 42811
I : 197 1565946497997635 1565946498038838 41203
I : 198 1565946498038864 1565946498081167 42303
I : 199 1565946498081197 1565946498123189 41992
I : 200 1565946498123229 1565946498173928 50699
I : 201 1565946498173955 1565946498216382 42427
I : 202 1565946498216409 1565946498258452 42043
I : 203 1565946498258479 1565946498300688 42209
I : 204 1565946498300714 1565946498342746 42032
I : 205 1565946498342773 1565946498386013 43240
I : 206 1565946498386040 1565946498428077 42037
I : 207 1565946498428103 1565946498470048 41945
I : 208 1565946498470057 1565946498511394 41337
I : 209 1565946498511423 1565946498553374 41951
I : 210 1565946498553384 1565946498594621 41237
I : 211 1565946498594647 1565946498636685 42038
I : 212 1565946498636696 1565946498678048 41352
I : 213 1565946498678077 1565946498719984 41907
I : 214 1565946498719992 1565946498761415 41423
I : 215 1565946498761443 1565946498803683 42240
I : 216 1565946498803710 1565946498845742 42032
I : 217 1565946498845772 1565946498893682 47910
I : 218 1565946498893709 1565946498936060 42351
I : 219 1565946498936086 1565946498977991 41905
I : 220 1565946498978025 1565946499020366 42341
I : 221 1565946499020371 1565946499061782 41411
I : 222 1565946499061792 1565946499102665 40873
I : 223 1565946499102691 1565946499144748 42057
I : 224 1565946499144775 1565946499195838 51063
I : 225 1565946499195852 1565946499236948 41096
I : 226 1565946499236970 1565946499278017 41047
I : 227 1565946499278043 1565946499320391 42348
I : 228 1565946499320417 1565946499362425 42008
I : 229 1565946499362451 1565946499404683 42232
I : 230 1565946499404710 1565946499446693 41983
I : 231 1565946499446720 1565946499488990 42270
I : 232 1565946499489023 1565946499531088 42065
I : 233 1565946499531097 1565946499572260 41163
I : 234 1565946499572280 1565946499613241 40961
I : 235 1565946499613267 1565946499655763 42496
I : 236 1565946499655792 1565946499701916 46124
I : 237 1565946499701931 1565946499743619 41688
I : 238 1565946499743642 1565946499785134 41492
I : 239 1565946499785148 1565946499825690 40542
I : 240 1565946499825702 1565946499867398 41696
I : 241 1565946499867427 1565946499909383 41956
I : 242 1565946499909409 1565946499951738 42329
I : 243 1565946499951764 1565946499997879 46115
I : 244 1565946499997893 1565946500038786 40893
I : 245 1565946500038806 1565946500079995 41189
I : 246 1565946500080021 1565946500122384 42363
I : 247 1565946500122410 1565946500164352 41942
I : 248 1565946500164381 1565946500213225 48844
I : 249 1565946500213251 1565946500255731 42480
I : 250 1565946500255757 1565946500297665 41908
I : 251 1565946500297691 1565946500339712 42021
I : 252 1565946500339727 1565946500380803 41076
I : 253 1565946500380827 1565946500422361 41534
I : 254 1565946500422388 1565946500464541 42153
I : 255 1565946500464555 1565946500507550 42995
I : 256 1565946500507568 1565946500548817 41249
I : 257 1565946500548832 1565946500589885 41053
I : 258 1565946500589904 1565946500631055 41151
I : 259 1565946500631081 1565946500673034 41953
I : 260 1565946500673063 1565946500723607 50544
I : 261 1565946500723647 1565946500766279 42632
I : 262 1565946500766298 1565946500807642 41344
I : 263 1565946500807682 1565946500849718 42036
I : 264 1565946500849744 1565946500892425 42681
I : 265 1565946500892440 1565946500938001 45561
I : 266 1565946500938025 1565946500980100 42075
I : 267 1565946500980115 1565946501021188 41073
I : 268 1565946501021215 1565946501063393 42178
I : 269 1565946501063408 1565946501104552 41144
I : 270 1565946501104576 1565946501145727 41151
I : 271 1565946501145742 1565946501186853 41111
I : 272 1565946501186880 1565946501229088 42208
I : 273 1565946501229128 1565946501271135 42007
I : 274 1565946501271154 1565946501312388 41234
I : 275 1565946501312427 1565946501354725 42298
I : 276 1565946501354752 1565946501396669 41917
I : 277 1565946501396710 1565946501445834 49124
I : 278 1565946501445874 1565946501488251 42377
I : 279 1565946501488266 1565946501529974 41708
I : 280 1565946501530002 1565946501571588 41586
I : 281 1565946501571603 1565946501613275 41672
I : 282 1565946501613302 1565946501654953 41651
I : 283 1565946501654968 1565946501696547 41579
I : 284 1565946501696569 1565946501738319 41750
I : 285 1565946501738334 1565946501779742 41408
I : 286 1565946501779766 1565946501821574 41808
I : 287 1565946501821614 1565946501864043 42429
I : 288 1565946501864062 1565946501905757 41695
I : 289 1565946501905797 1565946501948731 42934
I : 290 1565946501948771 1565946501991427 42656
I : 291 1565946501991442 1565946502032603 41161
I : 292 1565946502032624 1565946502074311 41687
I : 293 1565946502074326 1565946502116048 41722
I : 294 1565946502116075 1565946502158234 42159
I : 295 1565946502158249 1565946502199363 41114
I : 296 1565946502199395 1565946502241201 41806
I : 297 1565946502241240 1565946502284043 42803
I : 298 1565946502284058 1565946502325212 41154
I : 299 1565946502325238 1565946502367226 41988
I : 300 1565946502367253 1565946502410194 42941
I : 301 1565946502410212 1565946502455699 45487
I : 302 1565946502455738 1565946502500664 44926
I : 303 1565946502500704 1565946502543757 43053
I : 304 1565946502543797 1565946502587811 44014
I : 305 1565946502587827 1565946502629990 42163
I : 306 1565946502630023 1565946502674141 44118
I : 307 1565946502674182 1565946502718195 44013
I : 308 1565946502718235 1565946502762373 44138
I : 309 1565946502762412 1565946502806238 43826
I : 310 1565946502806278 1565946502851913 45635
I : 311 1565946502851953 1565946502895875 43922
I : 312 1565946502895916 1565946502939822 43906
I : 313 1565946502939861 1565946502985172 45311
I : 314 1565946502985202 1565946503028610 43408
I : 315 1565946503028625 1565946503073154 44529
I : 316 1565946503073181 1565946503118118 44937
I : 317 1565946503118139 1565946503163595 45456
I : 318 1565946503163610 1565946503208991 45381
I : 319 1565946503209011 1565946503254830 45819
I : 320 1565946503254870 1565946503300750 45880
I : 321 1565946503300765 1565946503344655 43890
I : 322 1565946503344685 1565946503392516 47831
I : 323 1565946503392531 1565946503437950 45419
I : 324 1565946503437990 1565946503484741 46751
I : 325 1565946503484758 1565946503531173 46415
I : 326 1565946503531203 1565946503579003 47800
I : 327 1565946503579030 1565946503623085 44055
I : 328 1565946503623103 1565946503670495 47392
I : 329 1565946503670509 1565946503717103 46594
I : 330 1565946503717127 1565946503765183 48056
I : 331 1565946503765198 1565946503812292 47094
I : 332 1565946503812322 1565946503860461 48139
I : 333 1565946503860500 1565946503909225 48725
I : 334 1565946503909243 1565946503954555 45312
I : 335 1565946503954585 1565946504002618 48033
I : 336 1565946504002645 1565946504051654 49009
I : 337 1565946504051688 1565946504099634 47946
I : 338 1565946504099648 1565946504147646 47998
I : 339 1565946504147673 1565946504196428 48755
I : 340 1565946504196445 1565946504243830 47385
I : 341 1565946504243870 1565946504293258 49388
I : 342 1565946504293268 1565946504340983 47715
I : 343 1565946504341010 1565946504391635 50625
I : 344 1565946504391675 1565946504440911 49236
I : 345 1565946504441040 1565946504490703 49663
I : 346 1565946504490743 1565946504539892 49149
I : 347 1565946504539932 1565946504589620 49688
I : 348 1565946504589651 1565946504637899 48248
I : 349 1565946504637919 1565946504686848 48929
I : 350 1565946504686863 1565946504736599 49736
I : 351 1565946504736715 1565946504790226 53511
I : 352 1565946504790264 1565946504841792 51528
I : 353 1565946504841828 1565946504891789 49961
I : 354 1565946504891825 1565946504942810 50985
I : 355 1565946504942846 1565946504993824 50978
I : 356 1565946504993860 1565946505044886 51026
I : 357 1565946505044922 1565946505096816 51894
I : 358 1565946505104198 1565946505244566 140368
I : 359 1565946505244580 1565946505285771 41191
I : 360 1565946505285795 1565946505327846 42051
I : 361 1565946505327860 1565946505369208 41348
I : 362 1565946505369229 1565946505412129 42900
I : 363 1565946505412153 1565946505454805 42652
I : 364 1565946505454820 1565946505506166 51346
I : 365 1565946505506194 1565946505547875 41681
I : 366 1565946505547915 1565946505590234 42319
I : 367 1565946505590249 1565946505631633 41384
I : 368 1565946505631655 1565946505673337 41682
I : 369 1565946505673351 1565946505714215 40864
I : 370 1565946505714242 1565946505755695 41453
I : 371 1565946505755731 1565946505798598 42867
I : 372 1565946505798638 1565946505844497 45859
I : 373 1565946505844531 1565946505886890 42359
I : 374 1565946505886930 1565946505929928 42998
I : 375 1565946505929988 1565946505972317 42329
I : 376 1565946505972333 1565946506013279 40946
I : 377 1565946506013309 1565946506055785 42476
I : 378 1565946506055825 1565946506098377 42552
I : 379 1565946506098414 1565946506140579 42165
I : 380 1565946506140595 1565946506181701 41106
I : 381 1565946506181744 1565946506223203 41459
I : 382 1565946506223243 1565946506265192 41949
I : 383 1565946506265228 1565946506308495 43267
I : 384 1565946506308511 1565946506351379 42868
I : 385 1565946506351409 1565946506393872 42463
I : 386 1565946506393912 1565946506435961 42049
I : 387 1565946506435998 1565946506478777 42779
I : 388 1565946506478793 1565946506519848 41055
I : 389 1565946506519876 1565946506561411 41535
I : 390 1565946506561452 1565946506603545 42093
I : 391 1565946506603571 1565946506645806 42235
I : 392 1565946506645846 1565946506687809 41963
I : 393 1565946506687834 1565946506730169 42335
I : 394 1565946506730209 1565946506782896 52687
I : 395 1565946506782932 1565946506825179 42247
I : 396 1565946506825219 1565946506867178 41959
I : 397 1565946506867215 1565946506909401 42186
I : 398 1565946506909441 1565946506951586 42145
I : 399 1565946506951623 1565946506994286 42663
I : 400 1565946506994302 1565946507035838 41536
I : 401 1565946507035891 1565946507078191 42300
I : 402 1565946507078230 1565946507120856 42626
I : 403 1565946507120871 1565946507162210 41339
I : 404 1565946507162249 1565946507204731 42482
I : 405 1565946507204768 1565946507247704 42936
I : 406 1565946507247744 1565946507291658 43914
I : 407 1565946507291695 1565946507334097 42402
I : 408 1565946507334138 1565946507376968 42830
I : 409 1565946507377005 1565946507419443 42438
I : 410 1565946507419483 1565946507462257 42774
I : 411 1565946507462294 1565946507504379 42085
I : 412 1565946507504395 1565946507545614 41219
I : 413 1565946507545647 1565946507588182 42535
I : 414 1565946507588222 1565946507630850 42628
I : 415 1565946507630865 1565946507672182 41317
I : 416 1565946507672215 1565946507714140 41925
I : 417 1565946507714155 1565946507755579 41424
I : 418 1565946507755617 1565946507798459 42842
I : 419 1565946507798472 1565946507839731 41259
I : 420 1565946507839757 1565946507881933 42176
I : 421 1565946507881999 1565946507924849 42850
I : 422 1565946507924865 1565946507966303 41438
I : 423 1565946507966338 1565946508009035 42697
I : 424 1565946508009051 1565946508050393 41342
I : 425 1565946508050423 1565946508092787 42364
I : 426 1565946508092827 1565946508135824 42997
I : 427 1565946508135842 1565946508177242 41400
I : 428 1565946508177281 1565946508220100 42819
I : 429 1565946508220114 1565946508261282 41168
I : 430 1565946508261314 1565946508303241 41927
I : 431 1565946508303255 1565946508344631 41376
I : 432 1565946508344662 1565946508386974 42312
I : 433 1565946508387010 1565946508429857 42847
I : 434 1565946508429873 1565946508471123 41250
I : 435 1565946508471149 1565946508513055 41906
I : 436 1565946508513072 1565946508554624 41552
I : 437 1565946508554658 1565946508596811 42153
I : 438 1565946508596851 1565946508639642 42791
I : 439 1565946508639656 1565946508680884 41228
I : 440 1565946508680909 1565946508722442 41533
I : 441 1565946508722478 1565946508764486 42008
I : 442 1565946508764526 1565946508807425 42899
I : 443 1565946508807441 1565946508848733 41292
I : 444 1565946508848774 1565946508890669 41895
I : 445 1565946508890706 1565946508932861 42155
I : 446 1565946508932877 1565946508974072 41195
I : 447 1565946508974097 1565946509016159 42062
I : 448 1565946509016175 1565946509057390 41215
I : 449 1565946509057415 1565946509098672 41257
I : 450 1565946509098712 1565946509141367 42655
I : 451 1565946509141392 1565946509183887 42495
I : 452 1565946509183928 1565946509226755 42827
I : 453 1565946509226791 1565946509269346 42555
I : 454 1565946509269387 1565946509312151 42764
I : 455 1565946509312187 1565946509354233 42046
I : 456 1565946509354249 1565946509395484 41235
I : 457 1565946509395528 1565946509437808 42280
I : 458 1565946509437825 1565946509478682 40857
I : 459 1565946509478707 1565946509520404 41697
I : 460 1565946509520420 1565946509561336 40916
I : 461 1565946509561367 1565946509603701 42334
I : 462 1565946509603717 1565946509644637 40920
I : 463 1565946509644667 1565946509687062 42395
I : 464 1565946509687091 1565946509727903 40812
I : 465 1565946509727929 1565946509769354 41425
I : 466 1565946509769376 1565946509811095 41719
I : 467 1565946509811109 1565946509852523 41414
I : 468 1565946509852554 1565946509893731 41177
I : 469 1565946509893767 1565946509935880 42113
I : 470 1565946509935921 1565946509978670 42749
I : 471 1565946509978708 1565946510021128 42420
I : 472 1565946510021156 1565946510064180 43024
I : 473 1565946510064207 1565946510106182 41975
I : 474 1565946510106209 1565946510149347 43138
I : 475 1565946510149361 1565946510190803 41442
I : 476 1565946510190830 1565946510232583 41753
I : 477 1565946510232598 1565946510274168 41570
I : 478 1565946510274191 1565946510316203 42012
I : 479 1565946510316217 1565946510357391 41174
I : 480 1565946510357411 1565946510398471 41060
I : 481 1565946510398508 1565946510441475 42967
I : 482 1565946510441487 1565946510482700 41213
I : 483 1565946510482728 1565946510524729 42001
I : 484 1565946510524745 1565946510565939 41194
I : 485 1565946510566008 1565946510608214 42206
I : 486 1565946510608255 1565946510650604 42349
I : 487 1565946510650618 1565946510691812 41194
I : 488 1565946510691856 1565946510733873 42017
I : 489 1565946510733887 1565946510775163 41276
I : 490 1565946510775189 1565946510817187 41998
I : 491 1565946510817224 1565946510859326 42102
I : 492 1565946510859366 1565946510907002 47636
I : 493 1565946510907039 1565946510949557 42518
I : 494 1565946510949587 1565946510992454 42867
I : 495 1565946510992490 1565946511035019 42529
I : 496 1565946511035031 1565946511076783 41752
I : 497 1565946511076808 1565946511118298 41490
I : 498 1565946511118338 1565946511161140 42802
I : 499 1565946511161177 1565946511203614 42437
I : 500 1565946511203654 1565946511251513 47859
I : 501 1565946511251550 1565946511293768 42218
I : 502 1565946511293808 1565946511338879 45071
I : 503 1565946511338915 1565946511381831 42916
I : 504 1565946511381847 1565946511423032 41185
I : 505 1565946511423067 1565946511465376 42309
I : 506 1565946511465416 1565946511507360 41944
I : 507 1565946511507397 1565946511549517 42120
I : 508 1565946511549534 1565946511590715 41181
I : 509 1565946511590745 1565946511632942 42197
I : 510 1565946511632982 1565946511675816 42834
I : 511 1565946511675831 1565946511717105 41274
I : 512 1565946511717143 1565946511759127 41984
I : 513 1565946511759163 1565946511801555 42392
I : 514 1565946511801596 1565946511846323 44727
I : 515 1565946511846359 1565946511888842 42483
I : 516 1565946511888908 1565946511930011 41103
I : 517 1565946511930047 1565946511972285 42238
I : 518 1565946511972325 1565946512015242 42917
I : 519 1565946512015279 1565946512058197 42918
I : 520 1565946512058214 1565946512099440 41226
I : 521 1565946512099475 1565946512141868 42393
I : 522 1565946512141908 1565946512184884 42976
I : 523 1565946512184921 1565946512227034 42113
I : 524 1565946512227064 1565946512270161 43097
I : 525 1565946512270176 1565946512311312 41136
I : 526 1565946512311347 1565946512353530 42183
I : 527 1565946512353566 1565946512395782 42216
I : 528 1565946512395821 1565946512438004 42183
I : 529 1565946512438043 1565946512480818 42775
I : 530 1565946512480858 1565946512523026 42168
I : 531 1565946512523063 1565946512565151 42088
I : 532 1565946512565167 1565946512606236 41069
I : 533 1565946512606266 1565946512648592 42326
I : 534 1565946512648633 1565946512691495 42862
I : 535 1565946512691532 1565946512734027 42495
I : 536 1565946512734068 1565946512779794 45726
I : 537 1565946512779811 1565946512821221 41410
I : 538 1565946512821261 1565946512864162 42901
I : 539 1565946512864179 1565946512905545 41366
I : 540 1565946512905585 1565946512948498 42913
I : 541 1565946512948514 1565946512989887 41373
I : 542 1565946512989924 1565946513031771 41847
I : 543 1565946513031808 1565946513074793 42985
I : 544 1565946513074810 1565946513116243 41433
I : 545 1565946513116277 1565946513158315 42038
I : 546 1565946513158355 1565946513200407 42052
I : 547 1565946513200432 1565946513242548 42116
I : 548 1565946513242564 1565946513283897 41333
I : 549 1565946513283932 1565946513326181 42249
I : 550 1565946513326222 1565946513368197 41975
I : 551 1565946513368234 1565946513411139 42905
I : 552 1565946513411155 1565946513452533 41378
I : 553 1565946513452557 1565946513494778 42221
I : 554 1565946513494819 1565946513536930 42111
I : 555 1565946513536966 1565946513579817 42851
I : 556 1565946513579833 1565946513621089 41256
I : 557 1565946513621126 1565946513663295 42169
I : 558 1565946513663335 1565946513706307 42972
I : 559 1565946513706321 1565946513747551 41230
I : 560 1565946513747583 1565946513789890 42307
I : 561 1565946513789926 1565946513832671 42745
I : 562 1565946513832686 1565946513874012 41326
I : 563 1565946513874037 1565946513915256 41219
I : 564 1565946513915296 1565946513958154 42858
I : 565 1565946513958190 1565946514000104 41914
I : 566 1565946514000110 1565946514041586 41476
I : 567 1565946514041615 1565946514083797 42182
I : 568 1565946514083813 1565946514124912 41099
I : 569 1565946514124942 1565946514167134 42192
I : 570 1565946514167174 1565946514210115 42941
I : 571 1565946514210151 1565946514252491 42340
I : 572 1565946514252530 1565946514298317 45787
I : 573 1565946514298355 1565946514340771 42416
I : 574 1565946514340811 1565946514382827 42016
I : 575 1565946514382863 1565946514425124 42261
I : 576 1565946514425164 1565946514467214 42050
I : 577 1565946514467250 1565946514510109 42859
I : 578 1565946514510124 1565946514551456 41332
I : 579 1565946514551481 1565946514593372 41891
I : 580 1565946514593388 1565946514634624 41236
I : 581 1565946514634652 1565946514677066 42414
I : 582 1565946514677106 1565946514719216 42110
I : 583 1565946514719251 1565946514761509 42258
I : 584 1565946514761549 1565946514807963 46414
I : 585 1565946514807978 1565946514849556 41578
I : 586 1565946514849593 1565946514891701 42108
I : 587 1565946514891738 1565946514933639 41901
I : 588 1565946514933655 1565946514974923 41268
I : 589 1565946514974969 1565946515016926 41957
I : 590 1565946515016942 1565946515058225 41283
I : 591 1565946515058260 1565946515100209 41949
I : 592 1565946515100224 1565946515141593 41369
I : 593 1565946515141617 1565946515183755 42138
I : 594 1565946515183771 1565946515224945 41174
I : 595 1565946515224971 1565946515266257 41286
I : 596 1565946515266297 1565946515308990 42693
I : 597 1565946515309007 1565946515350376 41369
I : 598 1565946515350393 1565946515391596 41203
I : 599 1565946515391623 1565946515433996 42373
I : 600 1565946515434037 1565946515476779 42742
I : 601 1565946515476817 1565946515519180 42363
I : 602 1565946515519220 1565946515562142 42922
I : 603 1565946515562157 1565946515603481 41324
I : 604 1565946515603535 1565946515645580 42045
I : 605 1565946515645617 1565946515688005 42388
I : 606 1565946515688046 1565946515730737 42691
I : 607 1565946515730774 1565946515773130 42356
I : 608 1565946515773170 1565946515818899 45729
I : 609 1565946515818913 1565946515860097 41184
I : 610 1565946515860130 1565946515902320 42190
I : 611 1565946515902356 1565946515944777 42421
I : 612 1565946515944817 1565946515986769 41952
I : 613 1565946515986806 1565946516029117 42311
I : 614 1565946516029158 1565946516071217 42059
I : 615 1565946516071254 1565946516113408 42154
I : 616 1565946516113449 1565946516155528 42079
I : 617 1565946516155564 1565946516197698 42134
I : 618 1565946516197738 1565946516240675 42937
I : 619 1565946516240711 1565946516282856 42145
I : 620 1565946516282897 1565946516325595 42698
I : 621 1565946516325609 1565946516367119 41510
I : 622 1565946516367146 1565946516409213 42067
I : 623 1565946516409251 1565946516451421 42170
I : 624 1565946516451437 1565946516492337 40900
I : 625 1565946516492365 1565946516533890 41525
I : 626 1565946516533930 1565946516576819 42889
I : 627 1565946516576836 1565946516618187 41351
I : 628 1565946516618227 1565946516660833 42606
I : 629 1565946516660839 1565946516702224 41385
I : 630 1565946516702257 1565946516744466 42209
I : 631 1565946516744481 1565946516785764 41283
I : 632 1565946516785795 1565946516827810 42015
I : 633 1565946516827824 1565946516869037 41213
I : 634 1565946516869061 1565946516911066 42005
I : 635 1565946516911103 1565946516953421 42318
I : 636 1565946516953461 1565946516995438 41977
I : 637 1565946516995474 1565946517037336 41862
I : 638 1565946517037343 1565946517078741 41398
I : 639 1565946517078771 1565946517121285 42514
I : 640 1565946517121325 1565946517164109 42784
I : 641 1565946517164124 1565946517205215 41091
I : 642 1565946517205248 1565946517247483 42235
I : 643 1565946517247519 1565946517289613 42094
I : 644 1565946517289653 1565946517332540 42887
I : 645 1565946517332573 1565946517373483 40910
I : 646 1565946517373499 1565946517414837 41338
I : 647 1565946517414862 1565946517456780 41918
I : 648 1565946517456820 1565946517499418 42598
I : 649 1565946517499433 1565946517540745 41312
I : 650 1565946517540768 1565946517582807 42039
I : 651 1565946517582843 1565946517625823 42980
I : 652 1565946517625863 1565946517672217 46354
I : 653 1565946517672254 1565946517714397 42143
I : 654 1565946517714436 1565946517757120 42684
I : 655 1565946517757156 1565946517799501 42345
I : 656 1565946517799542 1565946517842427 42885
I : 657 1565946517842441 1565946517883730 41289
I : 658 1565946517883757 1565946517925794 42037
I : 659 1565946517925831 1565946517968184 42353
I : 660 1565946517968224 1565946518012229 44005
I : 661 1565946518012265 1565946518054639 42374
I : 662 1565946518054648 1565946518096331 41683
I : 663 1565946518096355 1565946518137907 41552
I : 664 1565946518137947 1565946518180838 42891
I : 665 1565946518180875 1565946518223063 42188
I : 666 1565946518223103 1565946518267151 44048
I : 667 1565946518267188 1565946518309390 42202
I : 668 1565946518309431 1565946518352547 43116
I : 669 1565946518352584 1565946518394685 42101
I : 670 1565946518394724 1565946518437541 42817
I : 671 1565946518437556 1565946518478759 41203
I : 672 1565946518478786 1565946518520266 41480
I : 673 1565946518520303 1565946518562314 42011
I : 674 1565946518562354 1565946518606141 43787
I : 675 1565946518606177 1565946518648434 42257
I : 676 1565946518648449 1565946518690731 42282
I : 677 1565946518690754 1565946518732027 41273
I : 678 1565946518732067 1565946518774698 42631
I : 679 1565946518774736 1565946518817128 42392
I : 680 1565946518817168 1565946518861123 43955
I : 681 1565946518861160 1565946518903641 42481
I : 682 1565946518903681 1565946518946310 42629
I : 683 1565946518946347 1565946518988963 42616
I : 684 1565946518988971 1565946519030654 41683
I : 685 1565946519030680 1565946519072170 41490
I : 686 1565946519072186 1565946519113031 40845
I : 687 1565946519113117 1565946519154414 41297
I : 688 1565946519154430 1565946519195415 40985
I : 689 1565946519195451 1565946519236874 41423
I : 690 1565946519236914 1565946519279837 42923
I : 691 1565946519279873 1565946519322298 42425
I : 692 1565946519322339 1565946519368085 45746
I : 693 1565946519368123 1565946519410289 42166
I : 694 1565946519410329 1565946519453422 43093
I : 695 1565946519453459 1565946519496263 42804
I : 696 1565946519496278 1565946519537451 41173
I : 697 1565946519537478 1565946519579764 42286
I : 698 1565946519579779 1565946519620851 41072
I : 699 1565946519620874 1565946519662135 41261
I : 700 1565946519662175 1565946519704450 42275
I : 701 1565946519704464 1565946519745524 41060
I : 702 1565946519745538 1565946519786511 40973
I : 703 1565946519786548 1565946519828750 42202
I : 704 1565946519828790 1565946519871131 42341
I : 705 1565946519871145 1565946519912056 40911
I : 706 1565946519912082 1565946519953707 41625
I : 707 1565946519953743 1565946519996301 42558
I : 708 1565946519996319 1565946520043473 47154
I : 709 1565946520043510 1565946520085618 42108
I : 710 1565946520085633 1565946520126749 41116
I : 711 1565946520126770 1565946520168182 41412
I : 712 1565946520168222 1565946520211141 42919
I : 713 1565946520211178 1565946520253617 42439
I : 714 1565946520253647 1565946520296567 42920
I : 715 1565946520296604 1565946520338710 42106
I : 716 1565946520338737 1565946520380719 41982
I : 717 1565946520380734 1565946520421838 41104
I : 718 1565946520421865 1565946520463134 41269
I : 719 1565946520463171 1565946520505576 42405
I : 720 1565946520505592 1565946520548365 42773
I : 721 1565946520548395 1565946520590926 42531
I : 722 1565946520590941 1565946520631737 40796
I : 723 1565946520631762 1565946520673479 41717
I : 724 1565946520673519 1565946520716077 42558
I : 725 1565946520716113 1565946520758232 42119
I : 726 1565946520758273 1565946520803574 45301
I : 727 1565946520803611 1565946520846238 42627
I : 728 1565946520846268 1565946520888937 42669
I : 729 1565946520888973 1565946520931094 42121
I : 730 1565946520931134 1565946520973740 42606
I : 731 1565946520973777 1565946521015919 42142
I : 732 1565946521015934 1565946521058312 42378
I : 733 1565946521058342 1565946521100515 42173
I : 734 1565946521100555 1565946521143218 42663
I : 735 1565946521143252 1565946521185927 42675
I : 736 1565946521185998 1565946521228517 42519
I : 737 1565946521228531 1565946521270162 41631
I : 738 1565946521270202 1565946521313107 42905
I : 739 1565946521313144 1565946521355447 42303
I : 740 1565946521355487 1565946521398219 42732
I : 741 1565946521398233 1565946521439493 41260
I : 742 1565946521439526 1565946521481788 42262
I : 743 1565946521481824 1565946521524683 42859
I : 744 1565946521524699 1565946521565890 41191
I : 745 1565946521565927 1565946521608174 42247
I : 746 1565946521608193 1565946521649421 41228
I : 747 1565946521649458 1565946521691563 42105
I : 748 1565946521691603 1565946521733792 42189
I : 749 1565946521733805 1565946521775072 41267
I : 750 1565946521775093 1565946521816151 41058
I : 751 1565946521816187 1565946521858221 42034
I : 752 1565946521858260 1565946521901172 42912
I : 753 1565946521901185 1565946521942267 41082
I : 754 1565946521942299 1565946521983856 41557
I : 755 1565946521983893 1565946522026512 42619
I : 756 1565946522026527 1565946522068842 42315
I : 757 1565946522068884 1565946522110839 41955
I : 758 1565946522110854 1565946522152205 41351
I : 759 1565946522152235 1565946522194486 42251
I : 760 1565946522194525 1565946522237429 42904
I : 761 1565946522237445 1565946522278908 41463
I : 762 1565946522278963 1565946522321063 42100
I : 763 1565946522321075 1565946522362094 41019
I : 764 1565946522362121 1565946522403575 41454
I : 765 1565946522403590 1565946522444427 40837
I : 766 1565946522444454 1565946522485762 41308
I : 767 1565946522485798 1565946522528656 42858
I : 768 1565946522528670 1565946522572745 44075
I : 769 1565946522572766 1565946522614862 42096
I : 770 1565946522614877 1565946522656166 41289
I : 771 1565946522656189 1565946522697469 41280
I : 772 1565946522697510 1565946522740324 42814
I : 773 1565946522740339 1565946522781876 41537
I : 774 1565946522781912 1565946522824751 42839
I : 775 1565946522824788 1565946522866941 42153
I : 776 1565946522866960 1565946522909951 42991
I : 777 1565946522909973 1565946522951452 41479
I : 778 1565946522951479 1565946522993438 41959
I : 779 1565946522993475 1565946523036432 42957
I : 780 1565946523036447 1565946523077641 41194
I : 781 1565946523077660 1565946523119198 41538
I : 782 1565946523119238 1565946523162085 42847
I : 783 1565946523162099 1565946523203324 41225
I : 784 1565946523203347 1565946523244502 41155
I : 785 1565946523244539 1565946523286692 42153
I : 786 1565946523286708 1565946523328725 42017
I : 787 1565946523328759 1565946523371202 42443
I : 788 1565946523371242 1565946523414031 42789
I : 789 1565946523414045 1565946523455204 41159
I : 790 1565946523455231 1565946523496435 41204
I : 791 1565946523496472 1565946523538956 42484
I : 792 1565946523538972 1565946523581700 42728
I : 793 1565946523581725 1565946523623155 41430
I : 794 1565946523623195 1565946523665131 41936
I : 795 1565946523665167 1565946523707334 42167
I : 796 1565946523707373 1565946523752413 45040
I : 797 1565946523752450 1565946523794456 42006
I : 798 1565946523794496 1565946523836818 42322
I : 799 1565946523836855 1565946523879760 42905
I : 800 1565946523879800 1565946523923080 43280
I : 801 1565946523923117 1565946523965457 42340
I : 802 1565946523965498 1565946524008055 42557
I : 803 1565946524008091 1565946524050286 42195
I : 804 1565946524050326 1565946524093235 42909
I : 805 1565946524093249 1565946524134730 41481
I : 806 1565946524134758 1565946524176724 41966
I : 807 1565946524176738 1565946524217976 41238
I : 808 1565946524218005 1565946524260033 42028
I : 809 1565946524260069 1565946524302340 42271
I : 810 1565946524302381 1565946524346240 43859
I : 811 1565946524346277 1565946524388863 42586
I : 812 1565946524388894 1565946524431804 42910
I : 813 1565946524431841 1565946524473981 42140
I : 814 1565946524474012 1565946524517108 43096
I : 815 1565946524517145 1565946524559880 42735
I : 816 1565946524559896 1565946524601235 41339
I : 817 1565946524601264 1565946524643697 42433
I : 818 1565946524643737 1565946524685787 42050
I : 819 1565946524685824 1565946524728681 42857
I : 820 1565946524728712 1565946524771594 42882
I : 821 1565946524771609 1565946524813010 41401
I : 822 1565946524813042 1565946524855498 42456
I : 823 1565946524855535 1565946524898179 42644
I : 824 1565946524898207 1565946524941372 43165
I : 825 1565946524941387 1565946524982831 41444
I : 826 1565946524982871 1565946525025653 42782
I : 827 1565946525025689 1565946525067850 42161
I : 828 1565946525067878 1565946525110008 42130
I : 829 1565946525110054 1565946525152153 42099
I : 830 1565946525152169 1565946525193415 41246
I : 831 1565946525193446 1565946525235753 42307
I : 832 1565946525235793 1565946525277726 41933
I : 833 1565946525277763 1565946525320120 42357
I : 834 1565946525320160 1565946525364068 43908
I : 835 1565946525364104 1565946525406232 42128
I : 836 1565946525406272 1565946525449320 43048
I : 837 1565946525449335 1565946525490547 41212
I : 838 1565946525490571 1565946525531805 41234
I : 839 1565946525531841 1565946525574340 42499
I : 840 1565946525574356 1565946525616772 42416
I : 841 1565946525616799 1565946525659206 42407
I : 842 1565946525659246 1565946525701463 42217
I : 843 1565946525701477 1565946525742211 40734
I : 844 1565946525742238 1565946525784078 41840
I : 845 1565946525784115 1565946525826893 42778
I : 846 1565946525826933 1565946525872083 45150
I : 847 1565946525872098 1565946525913088 40990
I : 848 1565946525913125 1565946525955568 42443
I : 849 1565946525955583 1565946525997301 41718
I : 850 1565946525997327 1565946526038749 41422
I : 851 1565946526038786 1565946526081678 42892
I : 852 1565946526081719 1565946526124614 42895
I : 853 1565946526124649 1565946526167102 42453
I : 854 1565946526167142 1565946526210042 42900
I : 855 1565946526210079 1565946526252493 42414
I : 856 1565946526252533 1565946526295288 42755
I : 857 1565946526295325 1565946526337891 42566
I : 858 1565946526338044 1565946526380683 42639
I : 859 1565946526380720 1565946526422754 42034
I : 860 1565946526422794 1565946526466058 43264
I : 861 1565946526466095 1565946526508316 42221
I : 862 1565946526508356 1565946526551492 43136
I : 863 1565946526551529 1565946526594244 42715
I : 864 1565946526594251 1565946526635494 41243
I : 865 1565946526635519 1565946526677667 42148
I : 866 1565946526677682 1565946526718836 41154
I : 867 1565946526718858 1565946526760975 42117
I : 868 1565946526761016 1565946526803124 42108
I : 869 1565946526803140 1565946526844544 41404
I : 870 1565946526844601 1565946526886787 42186
I : 871 1565946526886800 1565946526927664 40864
I : 872 1565946526927689 1565946526969135 41446
I : 873 1565946526969150 1565946527009974 40824
I : 874 1565946527010014 1565946527052015 42001
I : 875 1565946527052030 1565946527093247 41217
I : 876 1565946527093263 1565946527134420 41157
I : 877 1565946527134450 1565946527175891 41441
I : 878 1565946527175931 1565946527218192 42261
I : 879 1565946527218228 1565946527261043 42815
I : 880 1565946527261083 1565946527306989 45906
I : 881 1565946527307026 1565946527349481 42455
I : 882 1565946527349511 1565946527392372 42861
I : 883 1565946527392409 1565946527434709 42300
I : 884 1565946527434740 1565946527477612 42872
I : 885 1565946527477625 1565946527519015 41390
I : 886 1565946527519042 1565946527561014 41972
I : 887 1565946527561051 1565946527603509 42458
I : 888 1565946527603550 1565946527647333 43783
I : 889 1565946527647348 1565946527688563 41215
I : 890 1565946527688595 1565946527730216 41621
I : 891 1565946527730229 1565946527776155 45926
I : 892 1565946527776160 1565946527816828 40668
I : 893 1565946527816860 1565946527858220 41360
I : 894 1565946527858260 1565946527900349 42089
I : 895 1565946527900386 1565946527943306 42920
I : 896 1565946527943323 1565946527984684 41361
I : 897 1565946527984719 1565946528027045 42326
I : 898 1565946528027085 1565946528069098 42013
I : 899 1565946528069134 1565946528111194 42060
I : 900 1565946528111235 1565946528153328 42093
I : 901 1565946528153343 1565946528194279 40936
I : 902 1565946528194312 1565946528236380 42068
I : 903 1565946528236394 1565946528277595 41201
I : 904 1565946528277620 1565946528319347 41727
I : 905 1565946528319361 1565946528360932 41571
I : 906 1565946528360971 1565946528403022 42051
I : 907 1565946528403037 1565946528444152 41115
I : 908 1565946528444183 1565946528486606 42423
I : 909 1565946528486642 1565946528528972 42330
I : 910 1565946528529012 1565946528572177 43165
I : 911 1565946528572214 1565946528614935 42721
I : 912 1565946528614951 1565946528656175 41224
I : 913 1565946528656202 1565946528697580 41378
I : 914 1565946528697619 1565946528740327 42708
I : 915 1565946528740364 1565946528782756 42392
I : 916 1565946528782797 1565946528825650 42853
I : 917 1565946528825687 1565946528868176 42489
I : 918 1565946528868216 1565946528912001 43785
I : 919 1565946528912038 1565946528954281 42243
I : 920 1565946528954309 1565946528997348 43039
I : 921 1565946528997385 1565946529039427 42042
I : 922 1565946529039455 1565946529081712 42257
I : 923 1565946529081749 1565946529123863 42114
I : 924 1565946529123904 1565946529167695 43791
I : 925 1565946529167709 1565946529208898 41189
I : 926 1565946529208922 1565946529250016 41094
I : 927 1565946529250030 1565946529291672 41642
I : 928 1565946529291694 1565946529333136 41442
I : 929 1565946529333149 1565946529373985 40836
I : 930 1565946529374009 1565946529416073 42064
I : 931 1565946529416111 1565946529458912 42801
I : 932 1565946529458951 1565946529504014 45063
I : 933 1565946529504029 1565946529545385 41356
I : 934 1565946529545432 1565946529587836 42404
I : 935 1565946529587873 1565946529630224 42351
I : 936 1565946529630240 1565946529671801 41561
I : 937 1565946529671831 1565946529713947 42116
I : 938 1565946529713971 1565946529755193 41222
I : 939 1565946529755223 1565946529797279 42056
I : 940 1565946529797320 1565946529839253 41933
I : 941 1565946529839291 1565946529881859 42568
I : 942 1565946529881899 1565946529926570 44671
I : 943 1565946529926606 1565946529968956 42350
I : 944 1565946529968984 1565946530011824 42840
I : 945 1565946530011839 1565946530053312 41473
I : 946 1565946530053336 1565946530095166 41830
I : 947 1565946530095180 1565946530136505 41325
I : 948 1565946530136535 1565946530178695 42160
I : 949 1565946530178709 1565946530219975 41266
I : 950 1565946530220000 1565946530261791 41791
I : 951 1565946530261805 1565946530303054 41249
I : 952 1565946530303077 1565946530344364 41287
I : 953 1565946530344378 1565946530385828 41450
I : 954 1565946530385868 1565946530428677 42809
I : 955 1565946530428712 1565946530471103 42391
I : 956 1565946530471144 1565946530515873 44729
I : 957 1565946530515887 1565946530557309 41422
I : 958 1565946530557336 1565946530599372 42036
I : 959 1565946530599408 1565946530641519 42111
I : 960 1565946530641559 1565946530685339 43780
I : 961 1565946530685353 1565946530726675 41322
I : 962 1565946530726701 1565946530768039 41338
I : 963 1565946530768077 1565946530810945 42868
I : 964 1565946530810984 1565946530854227 43243
I : 965 1565946530854264 1565946530896567 42303
I : 966 1565946530896607 1565946530940330 43723
I : 967 1565946530940366 1565946530982502 42136
I : 968 1565946530982543 1565946531025672 43129
I : 969 1565946531025687 1565946531067009 41322
I : 970 1565946531067040 1565946531109014 41974
I : 971 1565946531109051 1565946531151081 42030
I : 972 1565946531151097 1565946531193216 42119
I : 973 1565946531193238 1565946531234509 41271
I : 974 1565946531234524 1565946531275611 41087
I : 975 1565946531275636 1565946531317060 41424
I : 976 1565946531317101 1565946531359987 42886
I : 977 1565946531360002 1565946531401154 41152
I : 978 1565946531401177 1565946531442228 41051
I : 979 1565946531442264 1565946531484774 42510
I : 980 1565946531484814 1565946531530627 45813
I : 981 1565946531530641 1565946531571843 41202
I : 982 1565946531571867 1565946531613037 41170
I : 983 1565946531613073 1565946531655422 42349
I : 984 1565946531655462 1565946531699431 43969
I : 985 1565946531699467 1565946531741592 42125
I : 986 1565946531741633 1565946531784862 43229
I : 987 1565946531784898 1565946531826945 42047
I : 988 1565946531826986 1565946531870053 43067
I : 989 1565946531870090 1565946531912064 41974
I : 990 1565946531912104 1565946531955270 43166
I : 991 1565946531955307 1565946531997441 42134
I : 992 1565946531997482 1565946532040192 42710
I : 993 1565946532040229 1565946532082824 42595
I : 994 1565946532082864 1565946532126459 43595
I : 995 1565946532126495 1565946532168973 42478
I : 996 1565946532169000 1565946532211868 42868
I : 997 1565946532211905 1565946532254261 42356
I : 998 1565946532254289 1565946532297363 43074
I : 999 1565946532297400 1565946532339358 41958
I : 1000 1565946532339399 1565946532381800 42401
I : 1001 1565946532381837 1565946532424851 43014
